2025-02-27 17:30:22.136  
  
2025-02-27 17:30:22.136  [TRN] epoch_00  
2025-02-27 17:30:22.136  =============================================  
2025-02-27 17:30:22.136  trn/loss = 5.7788  
2025-02-27 17:30:22.136  trn/acc@01 = 0.0531  
2025-02-27 17:30:22.136  trn/acc@05 = 0.1612  
2025-02-27 17:30:22.136  trn/acc@10 = 0.2020  
2025-02-27 17:30:22.137  trn/acc@20 = 0.2694  
2025-02-27 17:30:22.137  
  
2025-02-27 17:30:22.175  
  
2025-02-27 17:30:22.175  [VAL_FINETUNE_DTVU_STEPS_1] epoch_00  
2025-02-27 17:30:22.175  =============================================  
2025-02-27 17:30:22.175  val_finetune_dtvu_steps_1/loss = 4.8149  
2025-02-27 17:30:22.175  val_finetune_dtvu_steps_1/acc@01 = 0.0500  
2025-02-27 17:30:22.175  val_finetune_dtvu_steps_1/acc@05 = 0.4500  
2025-02-27 17:30:22.182  val_finetune_dtvu_steps_1/acc@10 = 0.6500  
2025-02-27 17:30:22.182  val_finetune_dtvu_steps_1/acc@20 = 0.6500  
2025-02-27 17:30:22.182  
  
2025-02-27 17:30:22.220  
  
2025-02-27 17:30:22.221  [VAL_FINETUNE_DTVU_STEPS_3] epoch_00  
2025-02-27 17:30:22.221  =============================================  
2025-02-27 17:30:22.221  val_finetune_dtvu_steps_3/loss = 4.9697  
2025-02-27 17:30:22.221  val_finetune_dtvu_steps_3/acc@01 = 0.1167  
2025-02-27 17:30:22.221  val_finetune_dtvu_steps_3/acc@05 = 0.4167  
2025-02-27 17:30:22.221  val_finetune_dtvu_steps_3/acc@10 = 0.5333  
2025-02-27 17:30:22.221  val_finetune_dtvu_steps_3/acc@20 = 0.5333  
2025-02-27 17:30:22.221  
  
2025-02-27 17:30:22.552  
  
2025-02-27 17:30:22.552  [TRN] epoch_01  
2025-02-27 17:30:22.552  =============================================  
2025-02-27 17:30:22.552  trn/loss = 4.9125  
2025-02-27 17:30:22.552  trn/acc@01 = 0.1558  
2025-02-27 17:30:22.552  trn/acc@05 = 0.3481  
2025-02-27 17:30:22.552  trn/acc@10 = 0.4346  
2025-02-27 17:30:22.553  trn/acc@20 = 0.4981  
2025-02-27 17:30:22.553  
  
2025-02-27 17:30:22.595  
  
2025-02-27 17:30:22.596  [VAL_FINETUNE_DTVU_STEPS_1] epoch_01  
2025-02-27 17:30:22.596  =============================================  
2025-02-27 17:30:22.596  val_finetune_dtvu_steps_1/loss = 3.9030  
2025-02-27 17:30:22.596  val_finetune_dtvu_steps_1/acc@01 = 0.3500  
2025-02-27 17:30:22.596  val_finetune_dtvu_steps_1/acc@05 = 0.6500  
2025-02-27 17:30:22.596  val_finetune_dtvu_steps_1/acc@10 = 0.8000  
2025-02-27 17:30:22.596  val_finetune_dtvu_steps_1/acc@20 = 0.8000  
2025-02-27 17:30:22.596  
  
2025-02-27 17:30:22.644  
  
2025-02-27 17:30:22.644  [VAL_FINETUNE_DTVU_STEPS_3] epoch_01  
2025-02-27 17:30:22.644  =============================================  
2025-02-27 17:30:22.645  val_finetune_dtvu_steps_3/loss = 4.0124  
2025-02-27 17:30:22.645  val_finetune_dtvu_steps_3/acc@01 = 0.3500  
2025-02-27 17:30:22.645  val_finetune_dtvu_steps_3/acc@05 = 0.5500  
2025-02-27 17:30:22.645  val_finetune_dtvu_steps_3/acc@10 = 0.7500  
2025-02-27 17:30:22.645  val_finetune_dtvu_steps_3/acc@20 = 0.7833  
2025-02-27 17:30:22.645  
  
2025-02-27 17:30:22.977  
  
2025-02-27 17:30:22.977  [TRN] epoch_02  
2025-02-27 17:30:22.978  =============================================  
2025-02-27 17:30:22.978  trn/loss = 4.1968  
2025-02-27 17:30:22.978  trn/acc@01 = 0.2323  
2025-02-27 17:30:22.978  trn/acc@05 = 0.4747  
2025-02-27 17:30:22.978  trn/acc@10 = 0.5475  
2025-02-27 17:30:22.978  trn/acc@20 = 0.6323  
2025-02-27 17:30:22.978  
  
2025-02-27 17:30:23.015  
  
2025-02-27 17:30:23.016  [VAL_FINETUNE_DTVU_STEPS_1] epoch_02  
2025-02-27 17:30:23.016  =============================================  
2025-02-27 17:30:23.016  val_finetune_dtvu_steps_1/loss = 3.4186  
2025-02-27 17:30:23.016  val_finetune_dtvu_steps_1/acc@01 = 0.4000  
2025-02-27 17:30:23.016  val_finetune_dtvu_steps_1/acc@05 = 0.8000  
2025-02-27 17:30:23.016  val_finetune_dtvu_steps_1/acc@10 = 0.8000  
2025-02-27 17:30:23.016  val_finetune_dtvu_steps_1/acc@20 = 0.8000  
2025-02-27 17:30:23.016  
  
2025-02-27 17:30:23.056  
  
2025-02-27 17:30:23.057  [VAL_FINETUNE_DTVU_STEPS_3] epoch_02  
2025-02-27 17:30:23.057  =============================================  
2025-02-27 17:30:23.057  val_finetune_dtvu_steps_3/loss = 3.5574  
2025-02-27 17:30:23.057  val_finetune_dtvu_steps_3/acc@01 = 0.3833  
2025-02-27 17:30:23.057  val_finetune_dtvu_steps_3/acc@05 = 0.7000  
2025-02-27 17:30:23.057  val_finetune_dtvu_steps_3/acc@10 = 0.7500  
2025-02-27 17:30:23.058  val_finetune_dtvu_steps_3/acc@20 = 0.7500  
2025-02-27 17:30:23.058  
  
2025-02-27 17:30:23.396  
  
2025-02-27 17:30:23.396  [TRN] epoch_03  
2025-02-27 17:30:23.396  =============================================  
2025-02-27 17:30:23.396  trn/loss = 3.9195  
2025-02-27 17:30:23.397  trn/acc@01 = 0.2863  
2025-02-27 17:30:23.397  trn/acc@05 = 0.5032  
2025-02-27 17:30:23.397  trn/acc@10 = 0.5600  
2025-02-27 17:30:23.397  trn/acc@20 = 0.6358  
2025-02-27 17:30:23.397  
  
2025-02-27 17:30:23.434  
  
2025-02-27 17:30:23.434  [VAL_FINETUNE_DTVU_STEPS_1] epoch_03  
2025-02-27 17:30:23.434  =============================================  
2025-02-27 17:30:23.434  val_finetune_dtvu_steps_1/loss = 3.2213  
2025-02-27 17:30:23.434  val_finetune_dtvu_steps_1/acc@01 = 0.4000  
2025-02-27 17:30:23.434  val_finetune_dtvu_steps_1/acc@05 = 0.8000  
2025-02-27 17:30:23.434  val_finetune_dtvu_steps_1/acc@10 = 0.8000  
2025-02-27 17:30:23.434  val_finetune_dtvu_steps_1/acc@20 = 0.8000  
2025-02-27 17:30:23.434  
  
2025-02-27 17:30:23.481  
  
2025-02-27 17:30:23.481  [VAL_FINETUNE_DTVU_STEPS_3] epoch_03  
2025-02-27 17:30:23.481  =============================================  
2025-02-27 17:30:23.482  val_finetune_dtvu_steps_3/loss = 3.3925  
2025-02-27 17:30:23.482  val_finetune_dtvu_steps_3/acc@01 = 0.3833  
2025-02-27 17:30:23.482  val_finetune_dtvu_steps_3/acc@05 = 0.7000  
2025-02-27 17:30:23.482  val_finetune_dtvu_steps_3/acc@10 = 0.7500  
2025-02-27 17:30:23.482  val_finetune_dtvu_steps_3/acc@20 = 0.7833  
2025-02-27 17:30:23.482  
  
2025-02-27 17:30:23.804  
  
2025-02-27 17:30:23.805  [TRN] epoch_04  
2025-02-27 17:30:23.805  =============================================  
2025-02-27 17:30:23.805  trn/loss = 3.8375  
2025-02-27 17:30:23.805  trn/acc@01 = 0.3241  
2025-02-27 17:30:23.805  trn/acc@05 = 0.5315  
2025-02-27 17:30:23.805  trn/acc@10 = 0.5704  
2025-02-27 17:30:23.806  trn/acc@20 = 0.6519  
2025-02-27 17:30:23.806  
  
2025-02-27 17:30:23.842  
  
2025-02-27 17:30:23.842  [VAL_FINETUNE_DTVU_STEPS_1] epoch_04  
2025-02-27 17:30:23.842  =============================================  
2025-02-27 17:30:23.843  val_finetune_dtvu_steps_1/loss = 3.1135  
2025-02-27 17:30:23.843  val_finetune_dtvu_steps_1/acc@01 = 0.4000  
2025-02-27 17:30:23.843  val_finetune_dtvu_steps_1/acc@05 = 0.8000  
2025-02-27 17:30:23.843  val_finetune_dtvu_steps_1/acc@10 = 0.8000  
2025-02-27 17:30:23.843  val_finetune_dtvu_steps_1/acc@20 = 0.8000  
2025-02-27 17:30:23.843  
  
2025-02-27 17:30:23.883  
  
2025-02-27 17:30:23.883  [VAL_FINETUNE_DTVU_STEPS_3] epoch_04  
2025-02-27 17:30:23.883  =============================================  
2025-02-27 17:30:23.883  val_finetune_dtvu_steps_3/loss = 3.2897  
2025-02-27 17:30:23.883  val_finetune_dtvu_steps_3/acc@01 = 0.3833  
2025-02-27 17:30:23.883  val_finetune_dtvu_steps_3/acc@05 = 0.7000  
2025-02-27 17:30:23.883  val_finetune_dtvu_steps_3/acc@10 = 0.7500  
2025-02-27 17:30:23.883  val_finetune_dtvu_steps_3/acc@20 = 0.7833  
2025-02-27 17:30:23.883  
  
2025-02-27 17:30:24.213  
  
2025-02-27 17:30:24.213  [TRN] epoch_05  
2025-02-27 17:30:24.213  =============================================  
2025-02-27 17:30:24.213  trn/loss = 3.8142  
2025-02-27 17:30:24.213  trn/acc@01 = 0.2776  
2025-02-27 17:30:24.214  trn/acc@05 = 0.5041  
2025-02-27 17:30:24.214  trn/acc@10 = 0.5755  
2025-02-27 17:30:24.214  trn/acc@20 = 0.6837  
2025-02-27 17:30:24.214  
  
2025-02-27 17:30:24.250  
  
2025-02-27 17:30:24.250  [VAL_FINETUNE_DTVU_STEPS_1] epoch_05  
2025-02-27 17:30:24.250  =============================================  
2025-02-27 17:30:24.250  val_finetune_dtvu_steps_1/loss = 3.1120  
2025-02-27 17:30:24.250  val_finetune_dtvu_steps_1/acc@01 = 0.4000  
2025-02-27 17:30:24.250  val_finetune_dtvu_steps_1/acc@05 = 0.8000  
2025-02-27 17:30:24.251  val_finetune_dtvu_steps_1/acc@10 = 0.8000  
2025-02-27 17:30:24.251  val_finetune_dtvu_steps_1/acc@20 = 0.8000  
2025-02-27 17:30:24.251  
  
2025-02-27 17:30:24.287  
  
2025-02-27 17:30:24.287  [VAL_FINETUNE_DTVU_STEPS_3] epoch_05  
2025-02-27 17:30:24.287  =============================================  
2025-02-27 17:30:24.287  val_finetune_dtvu_steps_3/loss = 3.2577  
2025-02-27 17:30:24.287  val_finetune_dtvu_steps_3/acc@01 = 0.3833  
2025-02-27 17:30:24.287  val_finetune_dtvu_steps_3/acc@05 = 0.7333  
2025-02-27 17:30:24.287  val_finetune_dtvu_steps_3/acc@10 = 0.7833  
2025-02-27 17:30:24.287  val_finetune_dtvu_steps_3/acc@20 = 0.7833  
2025-02-27 17:30:24.287  
  
2025-02-27 17:30:24.597  
  
2025-02-27 17:30:24.597  [TRN] epoch_06  
2025-02-27 17:30:24.598  =============================================  
2025-02-27 17:30:24.598  trn/loss = 3.6323  
2025-02-27 17:30:24.598  trn/acc@01 = 0.2791  
2025-02-27 17:30:24.598  trn/acc@05 = 0.5604  
2025-02-27 17:30:24.598  trn/acc@10 = 0.6549  
2025-02-27 17:30:24.598  trn/acc@20 = 0.7538  
2025-02-27 17:30:24.598  
  
2025-02-27 17:30:24.637  
  
2025-02-27 17:30:24.638  [VAL_FINETUNE_DTVU_STEPS_1] epoch_06  
2025-02-27 17:30:24.638  =============================================  
2025-02-27 17:30:24.638  val_finetune_dtvu_steps_1/loss = 3.0824  
2025-02-27 17:30:24.638  val_finetune_dtvu_steps_1/acc@01 = 0.4000  
2025-02-27 17:30:24.638  val_finetune_dtvu_steps_1/acc@05 = 0.8000  
2025-02-27 17:30:24.638  val_finetune_dtvu_steps_1/acc@10 = 0.8000  
2025-02-27 17:30:24.639  val_finetune_dtvu_steps_1/acc@20 = 0.8000  
2025-02-27 17:30:24.639  
  
2025-02-27 17:30:24.681  
  
2025-02-27 17:30:24.682  [VAL_FINETUNE_DTVU_STEPS_3] epoch_06  
2025-02-27 17:30:24.682  =============================================  
2025-02-27 17:30:24.682  val_finetune_dtvu_steps_3/loss = 3.2341  
2025-02-27 17:30:24.682  val_finetune_dtvu_steps_3/acc@01 = 0.3833  
2025-02-27 17:30:24.682  val_finetune_dtvu_steps_3/acc@05 = 0.7333  
2025-02-27 17:30:24.682  val_finetune_dtvu_steps_3/acc@10 = 0.7833  
2025-02-27 17:30:24.682  val_finetune_dtvu_steps_3/acc@20 = 0.7833  
2025-02-27 17:30:24.682  
  
2025-02-27 17:30:24.999  
  
2025-02-27 17:30:24.999  [TRN] epoch_07  
2025-02-27 17:30:25.000  =============================================  
2025-02-27 17:30:25.000  trn/loss = 3.6228  
2025-02-27 17:30:25.000  trn/acc@01 = 0.2788  
2025-02-27 17:30:25.000  trn/acc@05 = 0.5677  
2025-02-27 17:30:25.000  trn/acc@10 = 0.6343  
2025-02-27 17:30:25.000  trn/acc@20 = 0.7475  
2025-02-27 17:30:25.000  
  
2025-02-27 17:30:25.035  
  
2025-02-27 17:30:25.036  [VAL_FINETUNE_DTVU_STEPS_1] epoch_07  
2025-02-27 17:30:25.036  =============================================  
2025-02-27 17:30:25.036  val_finetune_dtvu_steps_1/loss = 3.0779  
2025-02-27 17:30:25.036  val_finetune_dtvu_steps_1/acc@01 = 0.4000  
2025-02-27 17:30:25.036  val_finetune_dtvu_steps_1/acc@05 = 0.8000  
2025-02-27 17:30:25.036  val_finetune_dtvu_steps_1/acc@10 = 0.8000  
2025-02-27 17:30:25.036  val_finetune_dtvu_steps_1/acc@20 = 0.8000  
2025-02-27 17:30:25.036  
  
2025-02-27 17:30:25.077  
  
2025-02-27 17:30:25.078  [VAL_FINETUNE_DTVU_STEPS_3] epoch_07  
2025-02-27 17:30:25.078  =============================================  
2025-02-27 17:30:25.078  val_finetune_dtvu_steps_3/loss = 3.2309  
2025-02-27 17:30:25.078  val_finetune_dtvu_steps_3/acc@01 = 0.3833  
2025-02-27 17:30:25.078  val_finetune_dtvu_steps_3/acc@05 = 0.7333  
2025-02-27 17:30:25.078  val_finetune_dtvu_steps_3/acc@10 = 0.7833  
2025-02-27 17:30:25.078  val_finetune_dtvu_steps_3/acc@20 = 0.7833  
2025-02-27 17:30:25.078  
  
2025-02-27 17:30:25.401  
  
2025-02-27 17:30:25.401  [TRN] epoch_08  
2025-02-27 17:30:25.401  =============================================  
2025-02-27 17:30:25.401  trn/loss = 3.7366  
2025-02-27 17:30:25.402  trn/acc@01 = 0.2817  
2025-02-27 17:30:25.402  trn/acc@05 = 0.5183  
2025-02-27 17:30:25.402  trn/acc@10 = 0.6108  
2025-02-27 17:30:25.402  trn/acc@20 = 0.7333  
2025-02-27 17:30:25.402  
  
2025-02-27 17:30:25.438  
  
2025-02-27 17:30:25.438  [VAL_FINETUNE_DTVU_STEPS_1] epoch_08  
2025-02-27 17:30:25.438  =============================================  
2025-02-27 17:30:25.438  val_finetune_dtvu_steps_1/loss = 3.0672  
2025-02-27 17:30:25.439  val_finetune_dtvu_steps_1/acc@01 = 0.4000  
2025-02-27 17:30:25.439  val_finetune_dtvu_steps_1/acc@05 = 0.8000  
2025-02-27 17:30:25.439  val_finetune_dtvu_steps_1/acc@10 = 0.8000  
2025-02-27 17:30:25.439  val_finetune_dtvu_steps_1/acc@20 = 0.8000  
2025-02-27 17:30:25.439  
  
2025-02-27 17:30:25.477  
  
2025-02-27 17:30:25.478  [VAL_FINETUNE_DTVU_STEPS_3] epoch_08  
2025-02-27 17:30:25.478  =============================================  
2025-02-27 17:30:25.478  val_finetune_dtvu_steps_3/loss = 3.2307  
2025-02-27 17:30:25.478  val_finetune_dtvu_steps_3/acc@01 = 0.3833  
2025-02-27 17:30:25.478  val_finetune_dtvu_steps_3/acc@05 = 0.7000  
2025-02-27 17:30:25.478  val_finetune_dtvu_steps_3/acc@10 = 0.7833  
2025-02-27 17:30:25.478  val_finetune_dtvu_steps_3/acc@20 = 0.8167  
2025-02-27 17:30:25.478  
  
2025-02-27 17:30:25.795  
  
2025-02-27 17:30:25.795  [TRN] epoch_09  
2025-02-27 17:30:25.795  =============================================  
2025-02-27 17:30:25.795  trn/loss = 3.5513  
2025-02-27 17:30:25.796  trn/acc@01 = 0.2827  
2025-02-27 17:30:25.796  trn/acc@05 = 0.5500  
2025-02-27 17:30:25.796  trn/acc@10 = 0.6827  
2025-02-27 17:30:25.796  trn/acc@20 = 0.7731  
2025-02-27 17:30:25.796  
  
2025-02-27 17:30:25.833  
  
2025-02-27 17:30:25.833  [VAL_FINETUNE_DTVU_STEPS_1] epoch_09  
2025-02-27 17:30:25.833  =============================================  
2025-02-27 17:30:25.833  val_finetune_dtvu_steps_1/loss = 2.9915  
2025-02-27 17:30:25.833  val_finetune_dtvu_steps_1/acc@01 = 0.4000  
2025-02-27 17:30:25.834  val_finetune_dtvu_steps_1/acc@05 = 0.8000  
2025-02-27 17:30:25.834  val_finetune_dtvu_steps_1/acc@10 = 0.8000  
2025-02-27 17:30:25.834  val_finetune_dtvu_steps_1/acc@20 = 0.8500  
2025-02-27 17:30:25.834  
  
2025-02-27 17:30:25.872  
  
2025-02-27 17:30:25.872  [VAL_FINETUNE_DTVU_STEPS_3] epoch_09  
2025-02-27 17:30:25.872  =============================================  
2025-02-27 17:30:25.872  val_finetune_dtvu_steps_3/loss = 3.1483  
2025-02-27 17:30:25.872  val_finetune_dtvu_steps_3/acc@01 = 0.3833  
2025-02-27 17:30:25.873  val_finetune_dtvu_steps_3/acc@05 = 0.7667  
2025-02-27 17:30:25.873  val_finetune_dtvu_steps_3/acc@10 = 0.7833  
2025-02-27 17:30:25.873  val_finetune_dtvu_steps_3/acc@20 = 0.8000  
2025-02-27 17:30:25.873  
  
2025-02-27 17:30:26.237  
  
2025-02-27 17:30:26.237  [TRN] epoch_10  
2025-02-27 17:30:26.237  =============================================  
2025-02-27 17:30:26.237  trn/loss = 3.3716  
2025-02-27 17:30:26.238  trn/acc@01 = 0.3238  
2025-02-27 17:30:26.238  trn/acc@05 = 0.5905  
2025-02-27 17:30:26.238  trn/acc@10 = 0.7010  
2025-02-27 17:30:26.239  trn/acc@20 = 0.8057  
2025-02-27 17:30:26.239  
  
2025-02-27 17:30:26.285  
  
2025-02-27 17:30:26.286  [VAL_FINETUNE_DTVU_STEPS_1] epoch_10  
2025-02-27 17:30:26.286  =============================================  
2025-02-27 17:30:26.286  val_finetune_dtvu_steps_1/loss = 2.8607  
2025-02-27 17:30:26.286  val_finetune_dtvu_steps_1/acc@01 = 0.4000  
2025-02-27 17:30:26.286  val_finetune_dtvu_steps_1/acc@05 = 0.8000  
2025-02-27 17:30:26.286  val_finetune_dtvu_steps_1/acc@10 = 0.8000  
2025-02-27 17:30:26.286  val_finetune_dtvu_steps_1/acc@20 = 0.8500  
2025-02-27 17:30:26.286  
  
2025-02-27 17:30:26.345  
  
2025-02-27 17:30:26.346  [VAL_FINETUNE_DTVU_STEPS_3] epoch_10  
2025-02-27 17:30:26.346  =============================================  
2025-02-27 17:30:26.346  val_finetune_dtvu_steps_3/loss = 3.0779  
2025-02-27 17:30:26.346  val_finetune_dtvu_steps_3/acc@01 = 0.3833  
2025-02-27 17:30:26.347  val_finetune_dtvu_steps_3/acc@05 = 0.7333  
2025-02-27 17:30:26.347  val_finetune_dtvu_steps_3/acc@10 = 0.7833  
2025-02-27 17:30:26.347  val_finetune_dtvu_steps_3/acc@20 = 0.8333  
2025-02-27 17:30:26.347  
  
2025-02-27 17:30:26.700  
  
2025-02-27 17:30:26.701  [TRN] epoch_11  
2025-02-27 17:30:26.701  =============================================  
2025-02-27 17:30:26.701  trn/loss = 3.2924  
2025-02-27 17:30:26.701  trn/acc@01 = 0.3048  
2025-02-27 17:30:26.701  trn/acc@05 = 0.5867  
2025-02-27 17:30:26.701  trn/acc@10 = 0.6876  
2025-02-27 17:30:26.701  trn/acc@20 = 0.8095  
2025-02-27 17:30:26.701  
  
2025-02-27 17:30:26.734  
  
2025-02-27 17:30:26.734  [VAL_FINETUNE_DTVU_STEPS_1] epoch_11  
2025-02-27 17:30:26.734  =============================================  
2025-02-27 17:30:26.734  val_finetune_dtvu_steps_1/loss = 2.8107  
2025-02-27 17:30:26.734  val_finetune_dtvu_steps_1/acc@01 = 0.4000  
2025-02-27 17:30:26.734  val_finetune_dtvu_steps_1/acc@05 = 0.8000  
2025-02-27 17:30:26.734  val_finetune_dtvu_steps_1/acc@10 = 0.8500  
2025-02-27 17:30:26.734  val_finetune_dtvu_steps_1/acc@20 = 0.8500  
2025-02-27 17:30:26.734  
  
2025-02-27 17:30:26.769  
  
2025-02-27 17:30:26.769  [VAL_FINETUNE_DTVU_STEPS_3] epoch_11  
2025-02-27 17:30:26.769  =============================================  
2025-02-27 17:30:26.769  val_finetune_dtvu_steps_3/loss = 2.9879  
2025-02-27 17:30:26.769  val_finetune_dtvu_steps_3/acc@01 = 0.3833  
2025-02-27 17:30:26.769  val_finetune_dtvu_steps_3/acc@05 = 0.7333  
2025-02-27 17:30:26.769  val_finetune_dtvu_steps_3/acc@10 = 0.8000  
2025-02-27 17:30:26.770  val_finetune_dtvu_steps_3/acc@20 = 0.8333  
2025-02-27 17:30:26.770  
  
2025-02-27 17:30:27.076  
  
2025-02-27 17:30:27.077  [TRN] epoch_12  
2025-02-27 17:30:27.077  =============================================  
2025-02-27 17:30:27.077  trn/loss = 3.2053  
2025-02-27 17:30:27.077  trn/acc@01 = 0.2937  
2025-02-27 17:30:27.077  trn/acc@05 = 0.5730  
2025-02-27 17:30:27.077  trn/acc@10 = 0.7189  
2025-02-27 17:30:27.077  trn/acc@20 = 0.8342  
2025-02-27 17:30:27.077  
  
2025-02-27 17:30:27.115  
  
2025-02-27 17:30:27.115  [VAL_FINETUNE_DTVU_STEPS_1] epoch_12  
2025-02-27 17:30:27.115  =============================================  
2025-02-27 17:30:27.115  val_finetune_dtvu_steps_1/loss = 2.7698  
2025-02-27 17:30:27.115  val_finetune_dtvu_steps_1/acc@01 = 0.4000  
2025-02-27 17:30:27.115  val_finetune_dtvu_steps_1/acc@05 = 0.8500  
2025-02-27 17:30:27.116  val_finetune_dtvu_steps_1/acc@10 = 0.8500  
2025-02-27 17:30:27.116  val_finetune_dtvu_steps_1/acc@20 = 0.8500  
2025-02-27 17:30:27.116  
  
2025-02-27 17:30:27.155  
  
2025-02-27 17:30:27.155  [VAL_FINETUNE_DTVU_STEPS_3] epoch_12  
2025-02-27 17:30:27.155  =============================================  
2025-02-27 17:30:27.155  val_finetune_dtvu_steps_3/loss = 2.9190  
2025-02-27 17:30:27.155  val_finetune_dtvu_steps_3/acc@01 = 0.3833  
2025-02-27 17:30:27.155  val_finetune_dtvu_steps_3/acc@05 = 0.7500  
2025-02-27 17:30:27.156  val_finetune_dtvu_steps_3/acc@10 = 0.8000  
2025-02-27 17:30:27.156  val_finetune_dtvu_steps_3/acc@20 = 0.8333  
2025-02-27 17:30:27.156  
  
2025-02-27 17:30:27.476  
  
2025-02-27 17:30:27.476  [TRN] epoch_13  
2025-02-27 17:30:27.477  =============================================  
2025-02-27 17:30:27.477  trn/loss = 3.0792  
2025-02-27 17:30:27.477  trn/acc@01 = 0.3306  
2025-02-27 17:30:27.477  trn/acc@05 = 0.5959  
2025-02-27 17:30:27.477  trn/acc@10 = 0.7347  
2025-02-27 17:30:27.477  trn/acc@20 = 0.8265  
2025-02-27 17:30:27.477  
  
2025-02-27 17:30:27.513  
  
2025-02-27 17:30:27.513  [VAL_FINETUNE_DTVU_STEPS_1] epoch_13  
2025-02-27 17:30:27.513  =============================================  
2025-02-27 17:30:27.513  val_finetune_dtvu_steps_1/loss = 2.7287  
2025-02-27 17:30:27.513  val_finetune_dtvu_steps_1/acc@01 = 0.4000  
2025-02-27 17:30:27.513  val_finetune_dtvu_steps_1/acc@05 = 0.8000  
2025-02-27 17:30:27.513  val_finetune_dtvu_steps_1/acc@10 = 0.8500  
2025-02-27 17:30:27.513  val_finetune_dtvu_steps_1/acc@20 = 0.8500  
2025-02-27 17:30:27.513  
  
2025-02-27 17:30:27.553  
  
2025-02-27 17:30:27.553  [VAL_FINETUNE_DTVU_STEPS_3] epoch_13  
2025-02-27 17:30:27.553  =============================================  
2025-02-27 17:30:27.553  val_finetune_dtvu_steps_3/loss = 2.8917  
2025-02-27 17:30:27.553  val_finetune_dtvu_steps_3/acc@01 = 0.3833  
2025-02-27 17:30:27.553  val_finetune_dtvu_steps_3/acc@05 = 0.7333  
2025-02-27 17:30:27.553  val_finetune_dtvu_steps_3/acc@10 = 0.8000  
2025-02-27 17:30:27.553  val_finetune_dtvu_steps_3/acc@20 = 0.8333  
2025-02-27 17:30:27.553  
  
2025-02-27 17:30:27.867  
  
2025-02-27 17:30:27.867  [TRN] epoch_14  
2025-02-27 17:30:27.867  =============================================  
2025-02-27 17:30:27.867  trn/loss = 3.0918  
2025-02-27 17:30:27.868  trn/acc@01 = 0.3146  
2025-02-27 17:30:27.868  trn/acc@05 = 0.5917  
2025-02-27 17:30:27.868  trn/acc@10 = 0.7333  
2025-02-27 17:30:27.868  trn/acc@20 = 0.8562  
2025-02-27 17:30:27.868  
  
2025-02-27 17:30:27.913  
  
2025-02-27 17:30:27.913  [VAL_FINETUNE_DTVU_STEPS_1] epoch_14  
2025-02-27 17:30:27.913  =============================================  
2025-02-27 17:30:27.913  val_finetune_dtvu_steps_1/loss = 2.7109  
2025-02-27 17:30:27.913  val_finetune_dtvu_steps_1/acc@01 = 0.4000  
2025-02-27 17:30:27.914  val_finetune_dtvu_steps_1/acc@05 = 0.8000  
2025-02-27 17:30:27.914  val_finetune_dtvu_steps_1/acc@10 = 0.8500  
2025-02-27 17:30:27.914  val_finetune_dtvu_steps_1/acc@20 = 0.8500  
2025-02-27 17:30:27.914  
  
2025-02-27 17:30:27.954  
  
2025-02-27 17:30:27.954  [VAL_FINETUNE_DTVU_STEPS_3] epoch_14  
2025-02-27 17:30:27.954  =============================================  
2025-02-27 17:30:27.954  val_finetune_dtvu_steps_3/loss = 2.8844  
2025-02-27 17:30:27.954  val_finetune_dtvu_steps_3/acc@01 = 0.3833  
2025-02-27 17:30:27.954  val_finetune_dtvu_steps_3/acc@05 = 0.7333  
2025-02-27 17:30:27.955  val_finetune_dtvu_steps_3/acc@10 = 0.8000  
2025-02-27 17:30:27.955  val_finetune_dtvu_steps_3/acc@20 = 0.8333  
2025-02-27 17:30:27.955  
  
2025-02-27 17:30:28.298  
  
2025-02-27 17:30:28.298  [TRN] epoch_15  
2025-02-27 17:30:28.299  =============================================  
2025-02-27 17:30:28.299  trn/loss = 3.1538  
2025-02-27 17:30:28.299  trn/acc@01 = 0.3255  
2025-02-27 17:30:28.299  trn/acc@05 = 0.6000  
2025-02-27 17:30:28.300  trn/acc@10 = 0.7532  
2025-02-27 17:30:28.300  trn/acc@20 = 0.8404  
2025-02-27 17:30:28.300  
  
2025-02-27 17:30:28.334  
  
2025-02-27 17:30:28.334  [VAL_FINETUNE_DTVU_STEPS_1] epoch_15  
2025-02-27 17:30:28.335  =============================================  
2025-02-27 17:30:28.335  val_finetune_dtvu_steps_1/loss = 2.7075  
2025-02-27 17:30:28.335  val_finetune_dtvu_steps_1/acc@01 = 0.4000  
2025-02-27 17:30:28.335  val_finetune_dtvu_steps_1/acc@05 = 0.8000  
2025-02-27 17:30:28.335  val_finetune_dtvu_steps_1/acc@10 = 0.8500  
2025-02-27 17:30:28.335  val_finetune_dtvu_steps_1/acc@20 = 0.8500  
2025-02-27 17:30:28.335  
  
2025-02-27 17:30:28.369  
  
2025-02-27 17:30:28.370  [VAL_FINETUNE_DTVU_STEPS_3] epoch_15  
2025-02-27 17:30:28.370  =============================================  
2025-02-27 17:30:28.370  val_finetune_dtvu_steps_3/loss = 2.8831  
2025-02-27 17:30:28.370  val_finetune_dtvu_steps_3/acc@01 = 0.3833  
2025-02-27 17:30:28.370  val_finetune_dtvu_steps_3/acc@05 = 0.7333  
2025-02-27 17:30:28.370  val_finetune_dtvu_steps_3/acc@10 = 0.8000  
2025-02-27 17:30:28.370  val_finetune_dtvu_steps_3/acc@20 = 0.8333  
2025-02-27 17:30:28.370  
  
2025-02-27 17:30:28.701  
  
2025-02-27 17:30:28.701  [TRN] epoch_16  
2025-02-27 17:30:28.701  =============================================  
2025-02-27 17:30:28.701  trn/loss = 3.1814  
2025-02-27 17:30:28.702  trn/acc@01 = 0.2846  
2025-02-27 17:30:28.702  trn/acc@05 = 0.5981  
2025-02-27 17:30:28.702  trn/acc@10 = 0.6942  
2025-02-27 17:30:28.702  trn/acc@20 = 0.8231  
2025-02-27 17:30:28.702  
  
2025-02-27 17:30:28.738  
  
2025-02-27 17:30:28.738  [VAL_FINETUNE_DTVU_STEPS_1] epoch_16  
2025-02-27 17:30:28.738  =============================================  
2025-02-27 17:30:28.738  val_finetune_dtvu_steps_1/loss = 2.7900  
2025-02-27 17:30:28.738  val_finetune_dtvu_steps_1/acc@01 = 0.4000  
2025-02-27 17:30:28.739  val_finetune_dtvu_steps_1/acc@05 = 0.8500  
2025-02-27 17:30:28.739  val_finetune_dtvu_steps_1/acc@10 = 0.8500  
2025-02-27 17:30:28.739  val_finetune_dtvu_steps_1/acc@20 = 0.8500  
2025-02-27 17:30:28.739  
  
2025-02-27 17:30:28.778  
  
2025-02-27 17:30:28.778  [VAL_FINETUNE_DTVU_STEPS_3] epoch_16  
2025-02-27 17:30:28.778  =============================================  
2025-02-27 17:30:28.778  val_finetune_dtvu_steps_3/loss = 2.9458  
2025-02-27 17:30:28.778  val_finetune_dtvu_steps_3/acc@01 = 0.3833  
2025-02-27 17:30:28.779  val_finetune_dtvu_steps_3/acc@05 = 0.7500  
2025-02-27 17:30:28.779  val_finetune_dtvu_steps_3/acc@10 = 0.8000  
2025-02-27 17:30:28.779  val_finetune_dtvu_steps_3/acc@20 = 0.8333  
2025-02-27 17:30:28.779  
  
2025-02-27 17:30:29.092  
  
2025-02-27 17:30:29.093  [TRN] epoch_17  
2025-02-27 17:30:29.093  =============================================  
2025-02-27 17:30:29.093  trn/loss = 3.0573  
2025-02-27 17:30:29.093  trn/acc@01 = 0.2980  
2025-02-27 17:30:29.093  trn/acc@05 = 0.6061  
2025-02-27 17:30:29.093  trn/acc@10 = 0.7408  
2025-02-27 17:30:29.093  trn/acc@20 = 0.8612  
2025-02-27 17:30:29.093  
  
2025-02-27 17:30:29.129  
  
2025-02-27 17:30:29.129  [VAL_FINETUNE_DTVU_STEPS_1] epoch_17  
2025-02-27 17:30:29.129  =============================================  
2025-02-27 17:30:29.129  val_finetune_dtvu_steps_1/loss = 2.6408  
2025-02-27 17:30:29.129  val_finetune_dtvu_steps_1/acc@01 = 0.4000  
2025-02-27 17:30:29.130  val_finetune_dtvu_steps_1/acc@05 = 0.8500  
2025-02-27 17:30:29.130  val_finetune_dtvu_steps_1/acc@10 = 0.8500  
2025-02-27 17:30:29.130  val_finetune_dtvu_steps_1/acc@20 = 0.8500  
2025-02-27 17:30:29.130  
  
2025-02-27 17:30:29.174  
  
2025-02-27 17:30:29.174  [VAL_FINETUNE_DTVU_STEPS_3] epoch_17  
2025-02-27 17:30:29.174  =============================================  
2025-02-27 17:30:29.174  val_finetune_dtvu_steps_3/loss = 2.8476  
2025-02-27 17:30:29.174  val_finetune_dtvu_steps_3/acc@01 = 0.3833  
2025-02-27 17:30:29.174  val_finetune_dtvu_steps_3/acc@05 = 0.7500  
2025-02-27 17:30:29.174  val_finetune_dtvu_steps_3/acc@10 = 0.8000  
2025-02-27 17:30:29.174  val_finetune_dtvu_steps_3/acc@20 = 0.8333  
2025-02-27 17:30:29.174  
  
2025-02-27 17:30:29.495  
  
2025-02-27 17:30:29.495  [TRN] epoch_18  
2025-02-27 17:30:29.496  =============================================  
2025-02-27 17:30:29.496  trn/loss = 3.1610  
2025-02-27 17:30:29.496  trn/acc@01 = 0.2827  
2025-02-27 17:30:29.496  trn/acc@05 = 0.5846  
2025-02-27 17:30:29.496  trn/acc@10 = 0.7019  
2025-02-27 17:30:29.496  trn/acc@20 = 0.8269  
2025-02-27 17:30:29.496  
  
2025-02-27 17:30:29.534  
  
2025-02-27 17:30:29.534  [VAL_FINETUNE_DTVU_STEPS_1] epoch_18  
2025-02-27 17:30:29.535  =============================================  
2025-02-27 17:30:29.535  val_finetune_dtvu_steps_1/loss = 2.5572  
2025-02-27 17:30:29.535  val_finetune_dtvu_steps_1/acc@01 = 0.4500  
2025-02-27 17:30:29.535  val_finetune_dtvu_steps_1/acc@05 = 0.8500  
2025-02-27 17:30:29.535  val_finetune_dtvu_steps_1/acc@10 = 0.8500  
2025-02-27 17:30:29.536  val_finetune_dtvu_steps_1/acc@20 = 0.8500  
2025-02-27 17:30:29.536  
  
2025-02-27 17:30:29.578  
  
2025-02-27 17:30:29.578  [VAL_FINETUNE_DTVU_STEPS_3] epoch_18  
2025-02-27 17:30:29.579  =============================================  
2025-02-27 17:30:29.579  val_finetune_dtvu_steps_3/loss = 2.8305  
2025-02-27 17:30:29.579  val_finetune_dtvu_steps_3/acc@01 = 0.4000  
2025-02-27 17:30:29.579  val_finetune_dtvu_steps_3/acc@05 = 0.7500  
2025-02-27 17:30:29.579  val_finetune_dtvu_steps_3/acc@10 = 0.8000  
2025-02-27 17:30:29.579  val_finetune_dtvu_steps_3/acc@20 = 0.8333  
2025-02-27 17:30:29.579  
  
2025-02-27 17:30:29.892  
  
2025-02-27 17:30:29.892  [TRN] epoch_19  
2025-02-27 17:30:29.892  =============================================  
2025-02-27 17:30:29.892  trn/loss = 3.0100  
2025-02-27 17:30:29.892  trn/acc@01 = 0.2929  
2025-02-27 17:30:29.892  trn/acc@05 = 0.5758  
2025-02-27 17:30:29.893  trn/acc@10 = 0.7232  
2025-02-27 17:30:29.893  trn/acc@20 = 0.8323  
2025-02-27 17:30:29.893  
  
2025-02-27 17:30:29.936  
  
2025-02-27 17:30:29.936  [VAL_FINETUNE_DTVU_STEPS_1] epoch_19  
2025-02-27 17:30:29.936  =============================================  
2025-02-27 17:30:29.936  val_finetune_dtvu_steps_1/loss = 2.5310  
2025-02-27 17:30:29.936  val_finetune_dtvu_steps_1/acc@01 = 0.4000  
2025-02-27 17:30:29.936  val_finetune_dtvu_steps_1/acc@05 = 0.8500  
2025-02-27 17:30:29.936  val_finetune_dtvu_steps_1/acc@10 = 0.8500  
2025-02-27 17:30:29.937  val_finetune_dtvu_steps_1/acc@20 = 0.8500  
2025-02-27 17:30:29.937  
  
2025-02-27 17:30:29.980  
  
2025-02-27 17:30:29.980  [VAL_FINETUNE_DTVU_STEPS_3] epoch_19  
2025-02-27 17:30:29.980  =============================================  
2025-02-27 17:30:29.980  val_finetune_dtvu_steps_3/loss = 2.8421  
2025-02-27 17:30:29.981  val_finetune_dtvu_steps_3/acc@01 = 0.3833  
2025-02-27 17:30:29.981  val_finetune_dtvu_steps_3/acc@05 = 0.7167  
2025-02-27 17:30:29.981  val_finetune_dtvu_steps_3/acc@10 = 0.8000  
2025-02-27 17:30:29.981  val_finetune_dtvu_steps_3/acc@20 = 0.8000  
2025-02-27 17:30:29.981  
  
2025-02-27 17:30:30.306  
  
2025-02-27 17:30:30.306  [TRN] epoch_20  
2025-02-27 17:30:30.306  =============================================  
2025-02-27 17:30:30.306  trn/loss = 3.0075  
2025-02-27 17:30:30.306  trn/acc@01 = 0.2844  
2025-02-27 17:30:30.306  trn/acc@05 = 0.5872  
2025-02-27 17:30:30.306  trn/acc@10 = 0.7321  
2025-02-27 17:30:30.306  trn/acc@20 = 0.8385  
2025-02-27 17:30:30.306  
  
2025-02-27 17:30:30.343  
  
2025-02-27 17:30:30.344  [VAL_FINETUNE_DTVU_STEPS_1] epoch_20  
2025-02-27 17:30:30.344  =============================================  
2025-02-27 17:30:30.344  val_finetune_dtvu_steps_1/loss = 2.6428  
2025-02-27 17:30:30.344  val_finetune_dtvu_steps_1/acc@01 = 0.4000  
2025-02-27 17:30:30.344  val_finetune_dtvu_steps_1/acc@05 = 0.8500  
2025-02-27 17:30:30.344  val_finetune_dtvu_steps_1/acc@10 = 0.8500  
2025-02-27 17:30:30.344  val_finetune_dtvu_steps_1/acc@20 = 0.8500  
2025-02-27 17:30:30.344  
  
2025-02-27 17:30:30.383  
  
2025-02-27 17:30:30.383  [VAL_FINETUNE_DTVU_STEPS_3] epoch_20  
2025-02-27 17:30:30.383  =============================================  
2025-02-27 17:30:30.383  val_finetune_dtvu_steps_3/loss = 2.9167  
2025-02-27 17:30:30.383  val_finetune_dtvu_steps_3/acc@01 = 0.3833  
2025-02-27 17:30:30.383  val_finetune_dtvu_steps_3/acc@05 = 0.7333  
2025-02-27 17:30:30.383  val_finetune_dtvu_steps_3/acc@10 = 0.7833  
2025-02-27 17:30:30.383  val_finetune_dtvu_steps_3/acc@20 = 0.7833  
2025-02-27 17:30:30.383  
  
2025-02-27 17:30:30.690  
  
2025-02-27 17:30:30.690  [TRN] epoch_21  
2025-02-27 17:30:30.690  =============================================  
2025-02-27 17:30:30.690  trn/loss = 2.9419  
2025-02-27 17:30:30.690  trn/acc@01 = 0.3172  
2025-02-27 17:30:30.690  trn/acc@05 = 0.5980  
2025-02-27 17:30:30.690  trn/acc@10 = 0.7232  
2025-02-27 17:30:30.691  trn/acc@20 = 0.8606  
2025-02-27 17:30:30.691  
  
2025-02-27 17:30:30.728  
  
2025-02-27 17:30:30.728  [VAL_FINETUNE_DTVU_STEPS_1] epoch_21  
2025-02-27 17:30:30.728  =============================================  
2025-02-27 17:30:30.728  val_finetune_dtvu_steps_1/loss = 2.5772  
2025-02-27 17:30:30.728  val_finetune_dtvu_steps_1/acc@01 = 0.4500  
2025-02-27 17:30:30.728  val_finetune_dtvu_steps_1/acc@05 = 0.8500  
2025-02-27 17:30:30.729  val_finetune_dtvu_steps_1/acc@10 = 0.8500  
2025-02-27 17:30:30.729  val_finetune_dtvu_steps_1/acc@20 = 0.8500  
2025-02-27 17:30:30.729  
  
2025-02-27 17:30:30.769  
  
2025-02-27 17:30:30.769  [VAL_FINETUNE_DTVU_STEPS_3] epoch_21  
2025-02-27 17:30:30.769  =============================================  
2025-02-27 17:30:30.769  val_finetune_dtvu_steps_3/loss = 2.8260  
2025-02-27 17:30:30.770  val_finetune_dtvu_steps_3/acc@01 = 0.4167  
2025-02-27 17:30:30.770  val_finetune_dtvu_steps_3/acc@05 = 0.7833  
2025-02-27 17:30:30.770  val_finetune_dtvu_steps_3/acc@10 = 0.7833  
2025-02-27 17:30:30.770  val_finetune_dtvu_steps_3/acc@20 = 0.8000  
2025-02-27 17:30:30.770  
  
2025-02-27 17:30:31.095  
  
2025-02-27 17:30:31.095  [TRN] epoch_22  
2025-02-27 17:30:31.095  =============================================  
2025-02-27 17:30:31.096  trn/loss = 2.7691  
2025-02-27 17:30:31.096  trn/acc@01 = 0.3228  
2025-02-27 17:30:31.096  trn/acc@05 = 0.6376  
2025-02-27 17:30:31.096  trn/acc@10 = 0.7782  
2025-02-27 17:30:31.096  trn/acc@20 = 0.8772  
2025-02-27 17:30:31.096  
  
2025-02-27 17:30:31.145  
  
2025-02-27 17:30:31.145  [VAL_FINETUNE_DTVU_STEPS_1] epoch_22  
2025-02-27 17:30:31.145  =============================================  
2025-02-27 17:30:31.145  val_finetune_dtvu_steps_1/loss = 2.5637  
2025-02-27 17:30:31.145  val_finetune_dtvu_steps_1/acc@01 = 0.4500  
2025-02-27 17:30:31.145  val_finetune_dtvu_steps_1/acc@05 = 0.8500  
2025-02-27 17:30:31.145  val_finetune_dtvu_steps_1/acc@10 = 0.8500  
2025-02-27 17:30:31.145  val_finetune_dtvu_steps_1/acc@20 = 0.8500  
2025-02-27 17:30:31.145  
  
2025-02-27 17:30:31.195  
  
2025-02-27 17:30:31.195  [VAL_FINETUNE_DTVU_STEPS_3] epoch_22  
2025-02-27 17:30:31.195  =============================================  
2025-02-27 17:30:31.195  val_finetune_dtvu_steps_3/loss = 2.8161  
2025-02-27 17:30:31.195  val_finetune_dtvu_steps_3/acc@01 = 0.4000  
2025-02-27 17:30:31.195  val_finetune_dtvu_steps_3/acc@05 = 0.7500  
2025-02-27 17:30:31.195  val_finetune_dtvu_steps_3/acc@10 = 0.7833  
2025-02-27 17:30:31.195  val_finetune_dtvu_steps_3/acc@20 = 0.8000  
2025-02-27 17:30:31.196  
  
2025-02-27 17:30:31.712  
  
2025-02-27 17:30:31.721  [TRN] epoch_23  
2025-02-27 17:30:31.723  =============================================  
2025-02-27 17:30:31.726  trn/loss = 2.8442  
2025-02-27 17:30:31.727  trn/acc@01 = 0.3242  
2025-02-27 17:30:31.727  trn/acc@05 = 0.6211  
2025-02-27 17:30:31.727  trn/acc@10 = 0.7453  
2025-02-27 17:30:31.728  trn/acc@20 = 0.8674  
2025-02-27 17:30:31.728  
  
2025-02-27 17:30:31.799  
  
2025-02-27 17:30:31.800  [VAL_FINETUNE_DTVU_STEPS_1] epoch_23  
2025-02-27 17:30:31.800  =============================================  
2025-02-27 17:30:31.800  val_finetune_dtvu_steps_1/loss = 2.5604  
2025-02-27 17:30:31.800  val_finetune_dtvu_steps_1/acc@01 = 0.4500  
2025-02-27 17:30:31.800  val_finetune_dtvu_steps_1/acc@05 = 0.8500  
2025-02-27 17:30:31.801  val_finetune_dtvu_steps_1/acc@10 = 0.8500  
2025-02-27 17:30:31.801  val_finetune_dtvu_steps_1/acc@20 = 0.8500  
2025-02-27 17:30:31.801  
  
2025-02-27 17:30:31.850  
  
2025-02-27 17:30:31.851  [VAL_FINETUNE_DTVU_STEPS_3] epoch_23  
2025-02-27 17:30:31.851  =============================================  
2025-02-27 17:30:31.851  val_finetune_dtvu_steps_3/loss = 2.8177  
2025-02-27 17:30:31.851  val_finetune_dtvu_steps_3/acc@01 = 0.4000  
2025-02-27 17:30:31.851  val_finetune_dtvu_steps_3/acc@05 = 0.7500  
2025-02-27 17:30:31.851  val_finetune_dtvu_steps_3/acc@10 = 0.7833  
2025-02-27 17:30:31.851  val_finetune_dtvu_steps_3/acc@20 = 0.8000  
2025-02-27 17:30:31.851  
  
2025-02-27 17:30:32.171  
  
2025-02-27 17:30:32.171  [TRN] epoch_24  
2025-02-27 17:30:32.172  =============================================  
2025-02-27 17:30:32.172  trn/loss = 2.9484  
2025-02-27 17:30:32.172  trn/acc@01 = 0.3122  
2025-02-27 17:30:32.172  trn/acc@05 = 0.6020  
2025-02-27 17:30:32.172  trn/acc@10 = 0.7306  
2025-02-27 17:30:32.172  trn/acc@20 = 0.8490  
2025-02-27 17:30:32.172  
  
2025-02-27 17:30:32.209  
  
2025-02-27 17:30:32.209  [VAL_FINETUNE_DTVU_STEPS_1] epoch_24  
2025-02-27 17:30:32.209  =============================================  
2025-02-27 17:30:32.209  val_finetune_dtvu_steps_1/loss = 2.7216  
2025-02-27 17:30:32.210  val_finetune_dtvu_steps_1/acc@01 = 0.4500  
2025-02-27 17:30:32.210  val_finetune_dtvu_steps_1/acc@05 = 0.8000  
2025-02-27 17:30:32.210  val_finetune_dtvu_steps_1/acc@10 = 0.8500  
2025-02-27 17:30:32.210  val_finetune_dtvu_steps_1/acc@20 = 0.8500  
2025-02-27 17:30:32.210  
  
2025-02-27 17:30:32.248  
  
2025-02-27 17:30:32.248  [VAL_FINETUNE_DTVU_STEPS_3] epoch_24  
2025-02-27 17:30:32.248  =============================================  
2025-02-27 17:30:32.249  val_finetune_dtvu_steps_3/loss = 3.0052  
2025-02-27 17:30:32.249  val_finetune_dtvu_steps_3/acc@01 = 0.3833  
2025-02-27 17:30:32.249  val_finetune_dtvu_steps_3/acc@05 = 0.7167  
2025-02-27 17:30:32.249  val_finetune_dtvu_steps_3/acc@10 = 0.7667  
2025-02-27 17:30:32.249  val_finetune_dtvu_steps_3/acc@20 = 0.8000  
2025-02-27 17:30:32.249  
  
2025-02-27 17:30:32.582  
  
2025-02-27 17:30:32.582  [TRN] epoch_25  
2025-02-27 17:30:32.582  =============================================  
2025-02-27 17:30:32.582  trn/loss = 2.8323  
2025-02-27 17:30:32.582  trn/acc@01 = 0.3383  
2025-02-27 17:30:32.582  trn/acc@05 = 0.5981  
2025-02-27 17:30:32.582  trn/acc@10 = 0.7308  
2025-02-27 17:30:32.583  trn/acc@20 = 0.8692  
2025-02-27 17:30:32.583  
  
2025-02-27 17:30:32.617  
  
2025-02-27 17:30:32.617  [VAL_FINETUNE_DTVU_STEPS_1] epoch_25  
2025-02-27 17:30:32.617  =============================================  
2025-02-27 17:30:32.617  val_finetune_dtvu_steps_1/loss = 2.5581  
2025-02-27 17:30:32.617  val_finetune_dtvu_steps_1/acc@01 = 0.4000  
2025-02-27 17:30:32.617  val_finetune_dtvu_steps_1/acc@05 = 0.8000  
2025-02-27 17:30:32.617  val_finetune_dtvu_steps_1/acc@10 = 0.8500  
2025-02-27 17:30:32.618  val_finetune_dtvu_steps_1/acc@20 = 0.8500  
2025-02-27 17:30:32.618  
  
2025-02-27 17:30:32.656  
  
2025-02-27 17:30:32.656  [VAL_FINETUNE_DTVU_STEPS_3] epoch_25  
2025-02-27 17:30:32.656  =============================================  
2025-02-27 17:30:32.656  val_finetune_dtvu_steps_3/loss = 2.9140  
2025-02-27 17:30:32.656  val_finetune_dtvu_steps_3/acc@01 = 0.3833  
2025-02-27 17:30:32.656  val_finetune_dtvu_steps_3/acc@05 = 0.7333  
2025-02-27 17:30:32.656  val_finetune_dtvu_steps_3/acc@10 = 0.7833  
2025-02-27 17:30:32.656  val_finetune_dtvu_steps_3/acc@20 = 0.8000  
2025-02-27 17:30:32.656  
  
2025-02-27 17:30:32.971  
  
2025-02-27 17:30:32.971  [TRN] epoch_26  
2025-02-27 17:30:32.971  =============================================  
2025-02-27 17:30:32.971  trn/loss = 2.9112  
2025-02-27 17:30:32.971  trn/acc@01 = 0.3052  
2025-02-27 17:30:32.972  trn/acc@05 = 0.6041  
2025-02-27 17:30:32.972  trn/acc@10 = 0.7196  
2025-02-27 17:30:32.972  trn/acc@20 = 0.8515  
2025-02-27 17:30:32.972  
  
2025-02-27 17:30:33.011  
  
2025-02-27 17:30:33.011  [VAL_FINETUNE_DTVU_STEPS_1] epoch_26  
2025-02-27 17:30:33.011  =============================================  
2025-02-27 17:30:33.011  val_finetune_dtvu_steps_1/loss = 2.5446  
2025-02-27 17:30:33.011  val_finetune_dtvu_steps_1/acc@01 = 0.4000  
2025-02-27 17:30:33.011  val_finetune_dtvu_steps_1/acc@05 = 0.8000  
2025-02-27 17:30:33.011  val_finetune_dtvu_steps_1/acc@10 = 0.8500  
2025-02-27 17:30:33.011  val_finetune_dtvu_steps_1/acc@20 = 0.8500  
2025-02-27 17:30:33.012  
  
2025-02-27 17:30:33.051  
  
2025-02-27 17:30:33.051  [VAL_FINETUNE_DTVU_STEPS_3] epoch_26  
2025-02-27 17:30:33.052  =============================================  
2025-02-27 17:30:33.052  val_finetune_dtvu_steps_3/loss = 2.8594  
2025-02-27 17:30:33.052  val_finetune_dtvu_steps_3/acc@01 = 0.3833  
2025-02-27 17:30:33.052  val_finetune_dtvu_steps_3/acc@05 = 0.7000  
2025-02-27 17:30:33.052  val_finetune_dtvu_steps_3/acc@10 = 0.7833  
2025-02-27 17:30:33.052  val_finetune_dtvu_steps_3/acc@20 = 0.7833  
2025-02-27 17:30:33.052  
  
2025-02-27 17:30:33.394  
  
2025-02-27 17:30:33.394  [TRN] epoch_27  
2025-02-27 17:30:33.394  =============================================  
2025-02-27 17:30:33.394  trn/loss = 2.8287  
2025-02-27 17:30:33.394  trn/acc@01 = 0.2973  
2025-02-27 17:30:33.394  trn/acc@05 = 0.5928  
2025-02-27 17:30:33.394  trn/acc@10 = 0.7477  
2025-02-27 17:30:33.394  trn/acc@20 = 0.8739  
2025-02-27 17:30:33.394  
  
2025-02-27 17:30:33.431  
  
2025-02-27 17:30:33.431  [VAL_FINETUNE_DTVU_STEPS_1] epoch_27  
2025-02-27 17:30:33.431  =============================================  
2025-02-27 17:30:33.431  val_finetune_dtvu_steps_1/loss = 2.5455  
2025-02-27 17:30:33.432  val_finetune_dtvu_steps_1/acc@01 = 0.4500  
2025-02-27 17:30:33.432  val_finetune_dtvu_steps_1/acc@05 = 0.8500  
2025-02-27 17:30:33.432  val_finetune_dtvu_steps_1/acc@10 = 0.8500  
2025-02-27 17:30:33.432  val_finetune_dtvu_steps_1/acc@20 = 0.8500  
2025-02-27 17:30:33.432  
  
2025-02-27 17:30:33.473  
  
2025-02-27 17:30:33.473  [VAL_FINETUNE_DTVU_STEPS_3] epoch_27  
2025-02-27 17:30:33.474  =============================================  
2025-02-27 17:30:33.474  val_finetune_dtvu_steps_3/loss = 2.8432  
2025-02-27 17:30:33.474  val_finetune_dtvu_steps_3/acc@01 = 0.4167  
2025-02-27 17:30:33.474  val_finetune_dtvu_steps_3/acc@05 = 0.7500  
2025-02-27 17:30:33.474  val_finetune_dtvu_steps_3/acc@10 = 0.8000  
2025-02-27 17:30:33.474  val_finetune_dtvu_steps_3/acc@20 = 0.8167  
2025-02-27 17:30:33.474  
  
2025-02-27 17:30:33.787  
  
2025-02-27 17:30:33.787  [TRN] epoch_28  
2025-02-27 17:30:33.787  =============================================  
2025-02-27 17:30:33.787  trn/loss = 2.8258  
2025-02-27 17:30:33.787  trn/acc@01 = 0.3010  
2025-02-27 17:30:33.787  trn/acc@05 = 0.6097  
2025-02-27 17:30:33.787  trn/acc@10 = 0.7262  
2025-02-27 17:30:33.787  trn/acc@20 = 0.8680  
2025-02-27 17:30:33.788  
  
2025-02-27 17:30:33.821  
  
2025-02-27 17:30:33.821  [VAL_FINETUNE_DTVU_STEPS_1] epoch_28  
2025-02-27 17:30:33.821  =============================================  
2025-02-27 17:30:33.821  val_finetune_dtvu_steps_1/loss = 2.5882  
2025-02-27 17:30:33.821  val_finetune_dtvu_steps_1/acc@01 = 0.4000  
2025-02-27 17:30:33.821  val_finetune_dtvu_steps_1/acc@05 = 0.8000  
2025-02-27 17:30:33.821  val_finetune_dtvu_steps_1/acc@10 = 0.8500  
2025-02-27 17:30:33.821  val_finetune_dtvu_steps_1/acc@20 = 0.8500  
2025-02-27 17:30:33.821  
  
2025-02-27 17:30:33.856  
  
2025-02-27 17:30:33.856  [VAL_FINETUNE_DTVU_STEPS_3] epoch_28  
2025-02-27 17:30:33.856  =============================================  
2025-02-27 17:30:33.856  val_finetune_dtvu_steps_3/loss = 2.9204  
2025-02-27 17:30:33.856  val_finetune_dtvu_steps_3/acc@01 = 0.3833  
2025-02-27 17:30:33.857  val_finetune_dtvu_steps_3/acc@05 = 0.7667  
2025-02-27 17:30:33.857  val_finetune_dtvu_steps_3/acc@10 = 0.7833  
2025-02-27 17:30:33.857  val_finetune_dtvu_steps_3/acc@20 = 0.7833  
2025-02-27 17:30:33.857  
  
2025-02-27 17:30:34.178  
  
2025-02-27 17:30:34.179  [TRN] epoch_29  
2025-02-27 17:30:34.179  =============================================  
2025-02-27 17:30:34.179  trn/loss = 2.6043  
2025-02-27 17:30:34.179  trn/acc@01 = 0.3648  
2025-02-27 17:30:34.179  trn/acc@05 = 0.6549  
2025-02-27 17:30:34.179  trn/acc@10 = 0.7824  
2025-02-27 17:30:34.180  trn/acc@20 = 0.8967  
2025-02-27 17:30:34.180  
  
2025-02-27 17:30:34.218  
  
2025-02-27 17:30:34.218  [VAL_FINETUNE_DTVU_STEPS_1] epoch_29  
2025-02-27 17:30:34.218  =============================================  
2025-02-27 17:30:34.218  val_finetune_dtvu_steps_1/loss = 2.5327  
2025-02-27 17:30:34.219  val_finetune_dtvu_steps_1/acc@01 = 0.4000  
2025-02-27 17:30:34.219  val_finetune_dtvu_steps_1/acc@05 = 0.8500  
2025-02-27 17:30:34.219  val_finetune_dtvu_steps_1/acc@10 = 0.8500  
2025-02-27 17:30:34.219  val_finetune_dtvu_steps_1/acc@20 = 0.8500  
2025-02-27 17:30:34.219  
  
2025-02-27 17:30:34.265  
  
2025-02-27 17:30:34.265  [VAL_FINETUNE_DTVU_STEPS_3] epoch_29  
2025-02-27 17:30:34.265  =============================================  
2025-02-27 17:30:34.266  val_finetune_dtvu_steps_3/loss = 2.8367  
2025-02-27 17:30:34.266  val_finetune_dtvu_steps_3/acc@01 = 0.3833  
2025-02-27 17:30:34.266  val_finetune_dtvu_steps_3/acc@05 = 0.7667  
2025-02-27 17:30:34.266  val_finetune_dtvu_steps_3/acc@10 = 0.7833  
2025-02-27 17:30:34.266  val_finetune_dtvu_steps_3/acc@20 = 0.8000  
2025-02-27 17:30:34.266  
  
2025-02-27 17:30:34.627  
  
2025-02-27 17:30:34.627  [TRN] epoch_30  
2025-02-27 17:30:34.627  =============================================  
2025-02-27 17:30:34.627  trn/loss = 2.6140  
2025-02-27 17:30:34.627  trn/acc@01 = 0.3455  
2025-02-27 17:30:34.628  trn/acc@05 = 0.6626  
2025-02-27 17:30:34.628  trn/acc@10 = 0.7677  
2025-02-27 17:30:34.628  trn/acc@20 = 0.8889  
2025-02-27 17:30:34.628  
  
2025-02-27 17:30:34.667  
  
2025-02-27 17:30:34.667  [VAL_FINETUNE_DTVU_STEPS_1] epoch_30  
2025-02-27 17:30:34.667  =============================================  
2025-02-27 17:30:34.667  val_finetune_dtvu_steps_1/loss = 2.5509  
2025-02-27 17:30:34.667  val_finetune_dtvu_steps_1/acc@01 = 0.4000  
2025-02-27 17:30:34.667  val_finetune_dtvu_steps_1/acc@05 = 0.8500  
2025-02-27 17:30:34.667  val_finetune_dtvu_steps_1/acc@10 = 0.8500  
2025-02-27 17:30:34.668  val_finetune_dtvu_steps_1/acc@20 = 0.8500  
2025-02-27 17:30:34.668  
  
2025-02-27 17:30:34.718  
  
2025-02-27 17:30:34.718  [VAL_FINETUNE_DTVU_STEPS_3] epoch_30  
2025-02-27 17:30:34.719  =============================================  
2025-02-27 17:30:34.719  val_finetune_dtvu_steps_3/loss = 2.8349  
2025-02-27 17:30:34.719  val_finetune_dtvu_steps_3/acc@01 = 0.4167  
2025-02-27 17:30:34.719  val_finetune_dtvu_steps_3/acc@05 = 0.7500  
2025-02-27 17:30:34.720  val_finetune_dtvu_steps_3/acc@10 = 0.7833  
2025-02-27 17:30:34.720  val_finetune_dtvu_steps_3/acc@20 = 0.8167  
2025-02-27 17:30:34.720  
  
2025-02-27 17:30:35.087  
  
2025-02-27 17:30:35.088  [TRN] epoch_31  
2025-02-27 17:30:35.088  =============================================  
2025-02-27 17:30:35.088  trn/loss = 2.5454  
2025-02-27 17:30:35.088  trn/acc@01 = 0.3753  
2025-02-27 17:30:35.089  trn/acc@05 = 0.6557  
2025-02-27 17:30:35.089  trn/acc@10 = 0.7711  
2025-02-27 17:30:35.089  trn/acc@20 = 0.8825  
2025-02-27 17:30:35.089  
  
2025-02-27 17:30:35.125  
  
2025-02-27 17:30:35.125  [VAL_FINETUNE_DTVU_STEPS_1] epoch_31  
2025-02-27 17:30:35.125  =============================================  
2025-02-27 17:30:35.125  val_finetune_dtvu_steps_1/loss = 2.5415  
2025-02-27 17:30:35.126  val_finetune_dtvu_steps_1/acc@01 = 0.4000  
2025-02-27 17:30:35.126  val_finetune_dtvu_steps_1/acc@05 = 0.8500  
2025-02-27 17:30:35.126  val_finetune_dtvu_steps_1/acc@10 = 0.8500  
2025-02-27 17:30:35.126  val_finetune_dtvu_steps_1/acc@20 = 0.8500  
2025-02-27 17:30:35.126  
  
2025-02-27 17:30:35.162  
  
2025-02-27 17:30:35.162  [VAL_FINETUNE_DTVU_STEPS_3] epoch_31  
2025-02-27 17:30:35.162  =============================================  
2025-02-27 17:30:35.162  val_finetune_dtvu_steps_3/loss = 2.8276  
2025-02-27 17:30:35.162  val_finetune_dtvu_steps_3/acc@01 = 0.4000  
2025-02-27 17:30:35.162  val_finetune_dtvu_steps_3/acc@05 = 0.7500  
2025-02-27 17:30:35.162  val_finetune_dtvu_steps_3/acc@10 = 0.7833  
2025-02-27 17:30:35.163  val_finetune_dtvu_steps_3/acc@20 = 0.8167  
2025-02-27 17:30:35.163  
  
2025-02-27 17:30:35.479  
  
2025-02-27 17:30:35.480  [TRN] epoch_32  
2025-02-27 17:30:35.480  =============================================  
2025-02-27 17:30:35.480  trn/loss = 2.8014  
2025-02-27 17:30:35.480  trn/acc@01 = 0.3151  
2025-02-27 17:30:35.480  trn/acc@05 = 0.6094  
2025-02-27 17:30:35.480  trn/acc@10 = 0.7396  
2025-02-27 17:30:35.480  trn/acc@20 = 0.8736  
2025-02-27 17:30:35.480  
  
2025-02-27 17:30:35.525  
  
2025-02-27 17:30:35.526  [VAL_FINETUNE_DTVU_STEPS_1] epoch_32  
2025-02-27 17:30:35.526  =============================================  
2025-02-27 17:30:35.526  val_finetune_dtvu_steps_1/loss = 2.5371  
2025-02-27 17:30:35.526  val_finetune_dtvu_steps_1/acc@01 = 0.4000  
2025-02-27 17:30:35.526  val_finetune_dtvu_steps_1/acc@05 = 0.8000  
2025-02-27 17:30:35.527  val_finetune_dtvu_steps_1/acc@10 = 0.8500  
2025-02-27 17:30:35.527  val_finetune_dtvu_steps_1/acc@20 = 0.8500  
2025-02-27 17:30:35.527  
  
2025-02-27 17:30:35.566  
  
2025-02-27 17:30:35.566  [VAL_FINETUNE_DTVU_STEPS_3] epoch_32  
2025-02-27 17:30:35.566  =============================================  
2025-02-27 17:30:35.566  val_finetune_dtvu_steps_3/loss = 2.8435  
2025-02-27 17:30:35.566  val_finetune_dtvu_steps_3/acc@01 = 0.3500  
2025-02-27 17:30:35.566  val_finetune_dtvu_steps_3/acc@05 = 0.7000  
2025-02-27 17:30:35.566  val_finetune_dtvu_steps_3/acc@10 = 0.7833  
2025-02-27 17:30:35.566  val_finetune_dtvu_steps_3/acc@20 = 0.8167  
2025-02-27 17:30:35.566  
  
2025-02-27 17:30:35.873  
  
2025-02-27 17:30:35.873  [TRN] epoch_33  
2025-02-27 17:30:35.873  =============================================  
2025-02-27 17:30:35.873  trn/loss = 2.6099  
2025-02-27 17:30:35.873  trn/acc@01 = 0.3723  
2025-02-27 17:30:35.873  trn/acc@05 = 0.6554  
2025-02-27 17:30:35.874  trn/acc@10 = 0.7723  
2025-02-27 17:30:35.874  trn/acc@20 = 0.8772  
2025-02-27 17:30:35.874  
  
2025-02-27 17:30:35.907  
  
2025-02-27 17:30:35.907  [VAL_FINETUNE_DTVU_STEPS_1] epoch_33  
2025-02-27 17:30:35.907  =============================================  
2025-02-27 17:30:35.907  val_finetune_dtvu_steps_1/loss = 2.5891  
2025-02-27 17:30:35.907  val_finetune_dtvu_steps_1/acc@01 = 0.4000  
2025-02-27 17:30:35.907  val_finetune_dtvu_steps_1/acc@05 = 0.7500  
2025-02-27 17:30:35.908  val_finetune_dtvu_steps_1/acc@10 = 0.8500  
2025-02-27 17:30:35.908  val_finetune_dtvu_steps_1/acc@20 = 0.9000  
2025-02-27 17:30:35.908  
  
2025-02-27 17:30:35.943  
  
2025-02-27 17:30:35.944  [VAL_FINETUNE_DTVU_STEPS_3] epoch_33  
2025-02-27 17:30:35.944  =============================================  
2025-02-27 17:30:35.944  val_finetune_dtvu_steps_3/loss = 2.8131  
2025-02-27 17:30:35.944  val_finetune_dtvu_steps_3/acc@01 = 0.4000  
2025-02-27 17:30:35.945  val_finetune_dtvu_steps_3/acc@05 = 0.7167  
2025-02-27 17:30:35.945  val_finetune_dtvu_steps_3/acc@10 = 0.8000  
2025-02-27 17:30:35.945  val_finetune_dtvu_steps_3/acc@20 = 0.8333  
2025-02-27 17:30:35.945  
  
2025-02-27 17:30:36.277  
  
2025-02-27 17:30:36.278  [TRN] epoch_34  
2025-02-27 17:30:36.278  =============================================  
2025-02-27 17:30:36.278  trn/loss = 2.5612  
2025-02-27 17:30:36.278  trn/acc@01 = 0.3579  
2025-02-27 17:30:36.278  trn/acc@05 = 0.6484  
2025-02-27 17:30:36.278  trn/acc@10 = 0.7579  
2025-02-27 17:30:36.278  trn/acc@20 = 0.8905  
2025-02-27 17:30:36.278  
  
2025-02-27 17:30:36.321  
  
2025-02-27 17:30:36.321  [VAL_FINETUNE_DTVU_STEPS_1] epoch_34  
2025-02-27 17:30:36.322  =============================================  
2025-02-27 17:30:36.322  val_finetune_dtvu_steps_1/loss = 2.4635  
2025-02-27 17:30:36.322  val_finetune_dtvu_steps_1/acc@01 = 0.4500  
2025-02-27 17:30:36.322  val_finetune_dtvu_steps_1/acc@05 = 0.7500  
2025-02-27 17:30:36.323  val_finetune_dtvu_steps_1/acc@10 = 0.8500  
2025-02-27 17:30:36.323  val_finetune_dtvu_steps_1/acc@20 = 0.9000  
2025-02-27 17:30:36.323  
  
2025-02-27 17:30:36.363  
  
2025-02-27 17:30:36.363  [VAL_FINETUNE_DTVU_STEPS_3] epoch_34  
2025-02-27 17:30:36.363  =============================================  
2025-02-27 17:30:36.363  val_finetune_dtvu_steps_3/loss = 2.7624  
2025-02-27 17:30:36.363  val_finetune_dtvu_steps_3/acc@01 = 0.4667  
2025-02-27 17:30:36.363  val_finetune_dtvu_steps_3/acc@05 = 0.7000  
2025-02-27 17:30:36.363  val_finetune_dtvu_steps_3/acc@10 = 0.8000  
2025-02-27 17:30:36.363  val_finetune_dtvu_steps_3/acc@20 = 0.8500  
2025-02-27 17:30:36.363  
  
2025-02-27 17:30:36.688  
  
2025-02-27 17:30:36.688  [TRN] epoch_35  
2025-02-27 17:30:36.688  =============================================  
2025-02-27 17:30:36.688  trn/loss = 2.6094  
2025-02-27 17:30:36.689  trn/acc@01 = 0.3426  
2025-02-27 17:30:36.689  trn/acc@05 = 0.6614  
2025-02-27 17:30:36.689  trn/acc@10 = 0.7723  
2025-02-27 17:30:36.689  trn/acc@20 = 0.8851  
2025-02-27 17:30:36.689  
  
2025-02-27 17:30:36.726  
  
2025-02-27 17:30:36.726  [VAL_FINETUNE_DTVU_STEPS_1] epoch_35  
2025-02-27 17:30:36.726  =============================================  
2025-02-27 17:30:36.726  val_finetune_dtvu_steps_1/loss = 2.6181  
2025-02-27 17:30:36.726  val_finetune_dtvu_steps_1/acc@01 = 0.4000  
2025-02-27 17:30:36.726  val_finetune_dtvu_steps_1/acc@05 = 0.7000  
2025-02-27 17:30:36.726  val_finetune_dtvu_steps_1/acc@10 = 0.8000  
2025-02-27 17:30:36.726  val_finetune_dtvu_steps_1/acc@20 = 0.9000  
2025-02-27 17:30:36.727  
  
2025-02-27 17:30:36.766  
  
2025-02-27 17:30:36.766  [VAL_FINETUNE_DTVU_STEPS_3] epoch_35  
2025-02-27 17:30:36.766  =============================================  
2025-02-27 17:30:36.766  val_finetune_dtvu_steps_3/loss = 2.8606  
2025-02-27 17:30:36.766  val_finetune_dtvu_steps_3/acc@01 = 0.4333  
2025-02-27 17:30:36.766  val_finetune_dtvu_steps_3/acc@05 = 0.7167  
2025-02-27 17:30:36.766  val_finetune_dtvu_steps_3/acc@10 = 0.7667  
2025-02-27 17:30:36.767  val_finetune_dtvu_steps_3/acc@20 = 0.8167  
2025-02-27 17:30:36.767  
  
2025-02-27 17:30:37.090  
  
2025-02-27 17:30:37.090  [TRN] epoch_36  
2025-02-27 17:30:37.090  =============================================  
2025-02-27 17:30:37.091  trn/loss = 2.6526  
2025-02-27 17:30:37.091  trn/acc@01 = 0.3429  
2025-02-27 17:30:37.091  trn/acc@05 = 0.6438  
2025-02-27 17:30:37.091  trn/acc@10 = 0.7619  
2025-02-27 17:30:37.091  trn/acc@20 = 0.8781  
2025-02-27 17:30:37.091  
  
2025-02-27 17:30:37.123  
  
2025-02-27 17:30:37.124  [VAL_FINETUNE_DTVU_STEPS_1] epoch_36  
2025-02-27 17:30:37.124  =============================================  
2025-02-27 17:30:37.124  val_finetune_dtvu_steps_1/loss = 2.4868  
2025-02-27 17:30:37.124  val_finetune_dtvu_steps_1/acc@01 = 0.3500  
2025-02-27 17:30:37.124  val_finetune_dtvu_steps_1/acc@05 = 0.7500  
2025-02-27 17:30:37.124  val_finetune_dtvu_steps_1/acc@10 = 0.8500  
2025-02-27 17:30:37.124  val_finetune_dtvu_steps_1/acc@20 = 0.9000  
2025-02-27 17:30:37.124  
  
2025-02-27 17:30:37.159  
  
2025-02-27 17:30:37.159  [VAL_FINETUNE_DTVU_STEPS_3] epoch_36  
2025-02-27 17:30:37.159  =============================================  
2025-02-27 17:30:37.159  val_finetune_dtvu_steps_3/loss = 2.7217  
2025-02-27 17:30:37.159  val_finetune_dtvu_steps_3/acc@01 = 0.4000  
2025-02-27 17:30:37.159  val_finetune_dtvu_steps_3/acc@05 = 0.7500  
2025-02-27 17:30:37.159  val_finetune_dtvu_steps_3/acc@10 = 0.8000  
2025-02-27 17:30:37.159  val_finetune_dtvu_steps_3/acc@20 = 0.8500  
2025-02-27 17:30:37.159  
  
2025-02-27 17:30:37.501  
  
2025-02-27 17:30:37.501  [TRN] epoch_37  
2025-02-27 17:30:37.501  =============================================  
2025-02-27 17:30:37.501  trn/loss = 2.6366  
2025-02-27 17:30:37.501  trn/acc@01 = 0.3489  
2025-02-27 17:30:37.501  trn/acc@05 = 0.6553  
2025-02-27 17:30:37.501  trn/acc@10 = 0.7383  
2025-02-27 17:30:37.502  trn/acc@20 = 0.8574  
2025-02-27 17:30:37.502  
  
2025-02-27 17:30:37.540  
  
2025-02-27 17:30:37.540  [VAL_FINETUNE_DTVU_STEPS_1] epoch_37  
2025-02-27 17:30:37.540  =============================================  
2025-02-27 17:30:37.540  val_finetune_dtvu_steps_1/loss = 2.4379  
2025-02-27 17:30:37.540  val_finetune_dtvu_steps_1/acc@01 = 0.4000  
2025-02-27 17:30:37.540  val_finetune_dtvu_steps_1/acc@05 = 0.8000  
2025-02-27 17:30:37.540  val_finetune_dtvu_steps_1/acc@10 = 0.8500  
2025-02-27 17:30:37.540  val_finetune_dtvu_steps_1/acc@20 = 0.9000  
2025-02-27 17:30:37.540  
  
2025-02-27 17:30:37.586  
  
2025-02-27 17:30:37.586  [VAL_FINETUNE_DTVU_STEPS_3] epoch_37  
2025-02-27 17:30:37.586  =============================================  
2025-02-27 17:30:37.587  val_finetune_dtvu_steps_3/loss = 2.6708  
2025-02-27 17:30:37.587  val_finetune_dtvu_steps_3/acc@01 = 0.4667  
2025-02-27 17:30:37.587  val_finetune_dtvu_steps_3/acc@05 = 0.7667  
2025-02-27 17:30:37.587  val_finetune_dtvu_steps_3/acc@10 = 0.8000  
2025-02-27 17:30:37.587  val_finetune_dtvu_steps_3/acc@20 = 0.8500  
2025-02-27 17:30:37.587  
  
2025-02-27 17:30:37.929  
  
2025-02-27 17:30:37.929  [TRN] epoch_38  
2025-02-27 17:30:37.930  =============================================  
2025-02-27 17:30:37.930  trn/loss = 2.5867  
2025-02-27 17:30:37.930  trn/acc@01 = 0.3312  
2025-02-27 17:30:37.931  trn/acc@05 = 0.6708  
2025-02-27 17:30:37.931  trn/acc@10 = 0.7792  
2025-02-27 17:30:37.931  trn/acc@20 = 0.8938  
2025-02-27 17:30:37.931  
  
2025-02-27 17:30:37.984  
  
2025-02-27 17:30:37.984  [VAL_FINETUNE_DTVU_STEPS_1] epoch_38  
2025-02-27 17:30:37.985  =============================================  
2025-02-27 17:30:37.985  val_finetune_dtvu_steps_1/loss = 2.4614  
2025-02-27 17:30:37.985  val_finetune_dtvu_steps_1/acc@01 = 0.4500  
2025-02-27 17:30:37.985  val_finetune_dtvu_steps_1/acc@05 = 0.8000  
2025-02-27 17:30:37.985  val_finetune_dtvu_steps_1/acc@10 = 0.8500  
2025-02-27 17:30:37.985  val_finetune_dtvu_steps_1/acc@20 = 0.9000  
2025-02-27 17:30:37.986  
  
2025-02-27 17:30:38.067  
  
2025-02-27 17:30:38.067  [VAL_FINETUNE_DTVU_STEPS_3] epoch_38  
2025-02-27 17:30:38.068  =============================================  
2025-02-27 17:30:38.068  val_finetune_dtvu_steps_3/loss = 2.6954  
2025-02-27 17:30:38.068  val_finetune_dtvu_steps_3/acc@01 = 0.4333  
2025-02-27 17:30:38.068  val_finetune_dtvu_steps_3/acc@05 = 0.7667  
2025-02-27 17:30:38.069  val_finetune_dtvu_steps_3/acc@10 = 0.8000  
2025-02-27 17:30:38.069  val_finetune_dtvu_steps_3/acc@20 = 0.8500  
2025-02-27 17:30:38.069  
  
2025-02-27 17:30:38.397  
  
2025-02-27 17:30:38.398  [TRN] epoch_39  
2025-02-27 17:30:38.398  =============================================  
2025-02-27 17:30:38.398  trn/loss = 2.3656  
2025-02-27 17:30:38.398  trn/acc@01 = 0.4086  
2025-02-27 17:30:38.398  trn/acc@05 = 0.6968  
2025-02-27 17:30:38.398  trn/acc@10 = 0.8108  
2025-02-27 17:30:38.398  trn/acc@20 = 0.8989  
2025-02-27 17:30:38.399  
  
2025-02-27 17:30:38.437  
  
2025-02-27 17:30:38.437  [VAL_FINETUNE_DTVU_STEPS_1] epoch_39  
2025-02-27 17:30:38.437  =============================================  
2025-02-27 17:30:38.438  val_finetune_dtvu_steps_1/loss = 2.4498  
2025-02-27 17:30:38.438  val_finetune_dtvu_steps_1/acc@01 = 0.4500  
2025-02-27 17:30:38.438  val_finetune_dtvu_steps_1/acc@05 = 0.8000  
2025-02-27 17:30:38.438  val_finetune_dtvu_steps_1/acc@10 = 0.8500  
2025-02-27 17:30:38.438  val_finetune_dtvu_steps_1/acc@20 = 0.9000  
2025-02-27 17:30:38.438  
  
2025-02-27 17:30:38.479  
  
2025-02-27 17:30:38.479  [VAL_FINETUNE_DTVU_STEPS_3] epoch_39  
2025-02-27 17:30:38.480  =============================================  
2025-02-27 17:30:38.480  val_finetune_dtvu_steps_3/loss = 2.6869  
2025-02-27 17:30:38.480  val_finetune_dtvu_steps_3/acc@01 = 0.4333  
2025-02-27 17:30:38.480  val_finetune_dtvu_steps_3/acc@05 = 0.7667  
2025-02-27 17:30:38.480  val_finetune_dtvu_steps_3/acc@10 = 0.8000  
2025-02-27 17:30:38.480  val_finetune_dtvu_steps_3/acc@20 = 0.8500  
2025-02-27 17:30:38.480  
  
2025-02-27 17:30:38.823  
  
2025-02-27 17:30:38.823  [TRN] epoch_40  
2025-02-27 17:30:38.823  =============================================  
2025-02-27 17:30:38.823  trn/loss = 2.5097  
2025-02-27 17:30:38.823  trn/acc@01 = 0.3680  
2025-02-27 17:30:38.823  trn/acc@05 = 0.6800  
2025-02-27 17:30:38.823  trn/acc@10 = 0.7740  
2025-02-27 17:30:38.823  trn/acc@20 = 0.8780  
2025-02-27 17:30:38.823  
  
2025-02-27 17:30:38.860  
  
2025-02-27 17:30:38.860  [VAL_FINETUNE_DTVU_STEPS_1] epoch_40  
2025-02-27 17:30:38.860  =============================================  
2025-02-27 17:30:38.860  val_finetune_dtvu_steps_1/loss = 2.4092  
2025-02-27 17:30:38.861  val_finetune_dtvu_steps_1/acc@01 = 0.3000  
2025-02-27 17:30:38.861  val_finetune_dtvu_steps_1/acc@05 = 0.8500  
2025-02-27 17:30:38.861  val_finetune_dtvu_steps_1/acc@10 = 0.9000  
2025-02-27 17:30:38.861  val_finetune_dtvu_steps_1/acc@20 = 0.9000  
2025-02-27 17:30:38.861  
  
2025-02-27 17:30:38.903  
  
2025-02-27 17:30:38.903  [VAL_FINETUNE_DTVU_STEPS_3] epoch_40  
2025-02-27 17:30:38.903  =============================================  
2025-02-27 17:30:38.903  val_finetune_dtvu_steps_3/loss = 2.6887  
2025-02-27 17:30:38.903  val_finetune_dtvu_steps_3/acc@01 = 0.3333  
2025-02-27 17:30:38.903  val_finetune_dtvu_steps_3/acc@05 = 0.8000  
2025-02-27 17:30:38.903  val_finetune_dtvu_steps_3/acc@10 = 0.8333  
2025-02-27 17:30:38.903  val_finetune_dtvu_steps_3/acc@20 = 0.8333  
2025-02-27 17:30:38.903  
  
2025-02-27 17:30:39.249  
  
2025-02-27 17:30:39.249  [TRN] epoch_41  
2025-02-27 17:30:39.249  =============================================  
2025-02-27 17:30:39.249  trn/loss = 2.6622  
2025-02-27 17:30:39.249  trn/acc@01 = 0.3505  
2025-02-27 17:30:39.249  trn/acc@05 = 0.6590  
2025-02-27 17:30:39.249  trn/acc@10 = 0.7790  
2025-02-27 17:30:39.249  trn/acc@20 = 0.9029  
2025-02-27 17:30:39.251  
  
2025-02-27 17:30:39.286  
  
2025-02-27 17:30:39.286  [VAL_FINETUNE_DTVU_STEPS_1] epoch_41  
2025-02-27 17:30:39.286  =============================================  
2025-02-27 17:30:39.286  val_finetune_dtvu_steps_1/loss = 2.4034  
2025-02-27 17:30:39.286  val_finetune_dtvu_steps_1/acc@01 = 0.4000  
2025-02-27 17:30:39.286  val_finetune_dtvu_steps_1/acc@05 = 0.8000  
2025-02-27 17:30:39.286  val_finetune_dtvu_steps_1/acc@10 = 0.9000  
2025-02-27 17:30:39.286  val_finetune_dtvu_steps_1/acc@20 = 0.9000  
2025-02-27 17:30:39.287  
  
2025-02-27 17:30:39.331  
  
2025-02-27 17:30:39.331  [VAL_FINETUNE_DTVU_STEPS_3] epoch_41  
2025-02-27 17:30:39.331  =============================================  
2025-02-27 17:30:39.331  val_finetune_dtvu_steps_3/loss = 2.6031  
2025-02-27 17:30:39.331  val_finetune_dtvu_steps_3/acc@01 = 0.4833  
2025-02-27 17:30:39.331  val_finetune_dtvu_steps_3/acc@05 = 0.7500  
2025-02-27 17:30:39.331  val_finetune_dtvu_steps_3/acc@10 = 0.8333  
2025-02-27 17:30:39.331  val_finetune_dtvu_steps_3/acc@20 = 0.8667  
2025-02-27 17:30:39.332  
  
2025-02-27 17:30:39.663  
  
2025-02-27 17:30:39.663  [TRN] epoch_42  
2025-02-27 17:30:39.664  =============================================  
2025-02-27 17:30:39.664  trn/loss = 2.4845  
2025-02-27 17:30:39.664  trn/acc@01 = 0.3576  
2025-02-27 17:30:39.664  trn/acc@05 = 0.6606  
2025-02-27 17:30:39.664  trn/acc@10 = 0.7818  
2025-02-27 17:30:39.664  trn/acc@20 = 0.8970  
2025-02-27 17:30:39.664  
  
2025-02-27 17:30:39.700  
  
2025-02-27 17:30:39.700  [VAL_FINETUNE_DTVU_STEPS_1] epoch_42  
2025-02-27 17:30:39.700  =============================================  
2025-02-27 17:30:39.700  val_finetune_dtvu_steps_1/loss = 2.5006  
2025-02-27 17:30:39.700  val_finetune_dtvu_steps_1/acc@01 = 0.3500  
2025-02-27 17:30:39.700  val_finetune_dtvu_steps_1/acc@05 = 0.8500  
2025-02-27 17:30:39.701  val_finetune_dtvu_steps_1/acc@10 = 0.9000  
2025-02-27 17:30:39.701  val_finetune_dtvu_steps_1/acc@20 = 0.9000  
2025-02-27 17:30:39.701  
  
2025-02-27 17:30:39.737  
  
2025-02-27 17:30:39.737  [VAL_FINETUNE_DTVU_STEPS_3] epoch_42  
2025-02-27 17:30:39.737  =============================================  
2025-02-27 17:30:39.737  val_finetune_dtvu_steps_3/loss = 2.7758  
2025-02-27 17:30:39.738  val_finetune_dtvu_steps_3/acc@01 = 0.3333  
2025-02-27 17:30:39.738  val_finetune_dtvu_steps_3/acc@05 = 0.8000  
2025-02-27 17:30:39.738  val_finetune_dtvu_steps_3/acc@10 = 0.8333  
2025-02-27 17:30:39.738  val_finetune_dtvu_steps_3/acc@20 = 0.8667  
2025-02-27 17:30:39.738  
  
2025-02-27 17:30:40.064  
  
2025-02-27 17:30:40.064  [TRN] epoch_43  
2025-02-27 17:30:40.064  =============================================  
2025-02-27 17:30:40.064  trn/loss = 2.3629  
2025-02-27 17:30:40.064  trn/acc@01 = 0.4101  
2025-02-27 17:30:40.064  trn/acc@05 = 0.7111  
2025-02-27 17:30:40.065  trn/acc@10 = 0.8202  
2025-02-27 17:30:40.065  trn/acc@20 = 0.9030  
2025-02-27 17:30:40.065  
  
2025-02-27 17:30:40.099  
  
2025-02-27 17:30:40.100  [VAL_FINETUNE_DTVU_STEPS_1] epoch_43  
2025-02-27 17:30:40.101  =============================================  
2025-02-27 17:30:40.101  val_finetune_dtvu_steps_1/loss = 2.3305  
2025-02-27 17:30:40.101  val_finetune_dtvu_steps_1/acc@01 = 0.4500  
2025-02-27 17:30:40.101  val_finetune_dtvu_steps_1/acc@05 = 0.8000  
2025-02-27 17:30:40.101  val_finetune_dtvu_steps_1/acc@10 = 0.8500  
2025-02-27 17:30:40.101  val_finetune_dtvu_steps_1/acc@20 = 0.9000  
2025-02-27 17:30:40.101  
  
2025-02-27 17:30:40.145  
  
2025-02-27 17:30:40.145  [VAL_FINETUNE_DTVU_STEPS_3] epoch_43  
2025-02-27 17:30:40.145  =============================================  
2025-02-27 17:30:40.145  val_finetune_dtvu_steps_3/loss = 2.6387  
2025-02-27 17:30:40.145  val_finetune_dtvu_steps_3/acc@01 = 0.4833  
2025-02-27 17:30:40.146  val_finetune_dtvu_steps_3/acc@05 = 0.7667  
2025-02-27 17:30:40.146  val_finetune_dtvu_steps_3/acc@10 = 0.8000  
2025-02-27 17:30:40.146  val_finetune_dtvu_steps_3/acc@20 = 0.8500  
2025-02-27 17:30:40.146  
  
2025-02-27 17:30:40.439  
  
2025-02-27 17:30:40.439  [TRN] epoch_44  
2025-02-27 17:30:40.439  =============================================  
2025-02-27 17:30:40.439  trn/loss = 2.3414  
2025-02-27 17:30:40.439  trn/acc@01 = 0.3788  
2025-02-27 17:30:40.439  trn/acc@05 = 0.7135  
2025-02-27 17:30:40.440  trn/acc@10 = 0.8250  
2025-02-27 17:30:40.440  trn/acc@20 = 0.9192  
2025-02-27 17:30:40.440  
  
2025-02-27 17:30:40.475  
  
2025-02-27 17:30:40.475  [VAL_FINETUNE_DTVU_STEPS_1] epoch_44  
2025-02-27 17:30:40.475  =============================================  
2025-02-27 17:30:40.475  val_finetune_dtvu_steps_1/loss = 2.4045  
2025-02-27 17:30:40.476  val_finetune_dtvu_steps_1/acc@01 = 0.4500  
2025-02-27 17:30:40.476  val_finetune_dtvu_steps_1/acc@05 = 0.7500  
2025-02-27 17:30:40.476  val_finetune_dtvu_steps_1/acc@10 = 0.8500  
2025-02-27 17:30:40.476  val_finetune_dtvu_steps_1/acc@20 = 0.9000  
2025-02-27 17:30:40.476  
  
2025-02-27 17:30:40.516  
  
2025-02-27 17:30:40.516  [VAL_FINETUNE_DTVU_STEPS_3] epoch_44  
2025-02-27 17:30:40.516  =============================================  
2025-02-27 17:30:40.516  val_finetune_dtvu_steps_3/loss = 2.7235  
2025-02-27 17:30:40.516  val_finetune_dtvu_steps_3/acc@01 = 0.4167  
2025-02-27 17:30:40.516  val_finetune_dtvu_steps_3/acc@05 = 0.7333  
2025-02-27 17:30:40.516  val_finetune_dtvu_steps_3/acc@10 = 0.8167  
2025-02-27 17:30:40.516  val_finetune_dtvu_steps_3/acc@20 = 0.8500  
2025-02-27 17:30:40.516  
  
2025-02-27 17:30:40.830  
  
2025-02-27 17:30:40.830  [TRN] epoch_45  
2025-02-27 17:30:40.830  =============================================  
2025-02-27 17:30:40.831  trn/loss = 2.3735  
2025-02-27 17:30:40.831  trn/acc@01 = 0.3740  
2025-02-27 17:30:40.831  trn/acc@05 = 0.7100  
2025-02-27 17:30:40.831  trn/acc@10 = 0.8020  
2025-02-27 17:30:40.831  trn/acc@20 = 0.8820  
2025-02-27 17:30:40.831  
  
2025-02-27 17:30:40.865  
  
2025-02-27 17:30:40.865  [VAL_FINETUNE_DTVU_STEPS_1] epoch_45  
2025-02-27 17:30:40.865  =============================================  
2025-02-27 17:30:40.865  val_finetune_dtvu_steps_1/loss = 2.3882  
2025-02-27 17:30:40.865  val_finetune_dtvu_steps_1/acc@01 = 0.4500  
2025-02-27 17:30:40.865  val_finetune_dtvu_steps_1/acc@05 = 0.7500  
2025-02-27 17:30:40.865  val_finetune_dtvu_steps_1/acc@10 = 0.8500  
2025-02-27 17:30:40.865  val_finetune_dtvu_steps_1/acc@20 = 0.9000  
2025-02-27 17:30:40.865  
  
2025-02-27 17:30:40.901  
  
2025-02-27 17:30:40.901  [VAL_FINETUNE_DTVU_STEPS_3] epoch_45  
2025-02-27 17:30:40.901  =============================================  
2025-02-27 17:30:40.901  val_finetune_dtvu_steps_3/loss = 2.7065  
2025-02-27 17:30:40.901  val_finetune_dtvu_steps_3/acc@01 = 0.3833  
2025-02-27 17:30:40.901  val_finetune_dtvu_steps_3/acc@05 = 0.7167  
2025-02-27 17:30:40.901  val_finetune_dtvu_steps_3/acc@10 = 0.8167  
2025-02-27 17:30:40.901  val_finetune_dtvu_steps_3/acc@20 = 0.8500  
2025-02-27 17:30:40.901  
  
2025-02-27 17:30:41.225  
  
2025-02-27 17:30:41.225  [TRN] epoch_46  
2025-02-27 17:30:41.225  =============================================  
2025-02-27 17:30:41.225  trn/loss = 2.4011  
2025-02-27 17:30:41.226  trn/acc@01 = 0.3917  
2025-02-27 17:30:41.226  trn/acc@05 = 0.7083  
2025-02-27 17:30:41.226  trn/acc@10 = 0.8229  
2025-02-27 17:30:41.226  trn/acc@20 = 0.8958  
2025-02-27 17:30:41.226  
  
2025-02-27 17:30:41.273  
  
2025-02-27 17:30:41.273  [VAL_FINETUNE_DTVU_STEPS_1] epoch_46  
2025-02-27 17:30:41.274  =============================================  
2025-02-27 17:30:41.274  val_finetune_dtvu_steps_1/loss = 2.4050  
2025-02-27 17:30:41.274  val_finetune_dtvu_steps_1/acc@01 = 0.4500  
2025-02-27 17:30:41.274  val_finetune_dtvu_steps_1/acc@05 = 0.7500  
2025-02-27 17:30:41.274  val_finetune_dtvu_steps_1/acc@10 = 0.8500  
2025-02-27 17:30:41.274  val_finetune_dtvu_steps_1/acc@20 = 0.9000  
2025-02-27 17:30:41.274  
  
2025-02-27 17:30:41.308  
  
2025-02-27 17:30:41.308  [VAL_FINETUNE_DTVU_STEPS_3] epoch_46  
2025-02-27 17:30:41.309  =============================================  
2025-02-27 17:30:41.309  val_finetune_dtvu_steps_3/loss = 2.7094  
2025-02-27 17:30:41.309  val_finetune_dtvu_steps_3/acc@01 = 0.3833  
2025-02-27 17:30:41.309  val_finetune_dtvu_steps_3/acc@05 = 0.7167  
2025-02-27 17:30:41.309  val_finetune_dtvu_steps_3/acc@10 = 0.8167  
2025-02-27 17:30:41.309  val_finetune_dtvu_steps_3/acc@20 = 0.8667  
2025-02-27 17:30:41.309  
  
2025-02-27 17:30:41.608  
  
2025-02-27 17:30:41.608  [TRN] epoch_47  
2025-02-27 17:30:41.608  =============================================  
2025-02-27 17:30:41.609  trn/loss = 2.3454  
2025-02-27 17:30:41.609  trn/acc@01 = 0.3958  
2025-02-27 17:30:41.609  trn/acc@05 = 0.7021  
2025-02-27 17:30:41.609  trn/acc@10 = 0.8021  
2025-02-27 17:30:41.609  trn/acc@20 = 0.9062  
2025-02-27 17:30:41.609  
  
2025-02-27 17:30:41.643  
  
2025-02-27 17:30:41.643  [VAL_FINETUNE_DTVU_STEPS_1] epoch_47  
2025-02-27 17:30:41.644  =============================================  
2025-02-27 17:30:41.644  val_finetune_dtvu_steps_1/loss = 2.3964  
2025-02-27 17:30:41.644  val_finetune_dtvu_steps_1/acc@01 = 0.4500  
2025-02-27 17:30:41.644  val_finetune_dtvu_steps_1/acc@05 = 0.7500  
2025-02-27 17:30:41.644  val_finetune_dtvu_steps_1/acc@10 = 0.8500  
2025-02-27 17:30:41.644  val_finetune_dtvu_steps_1/acc@20 = 0.9000  
2025-02-27 17:30:41.644  
  
2025-02-27 17:30:41.681  
  
2025-02-27 17:30:41.681  [VAL_FINETUNE_DTVU_STEPS_3] epoch_47  
2025-02-27 17:30:41.681  =============================================  
2025-02-27 17:30:41.681  val_finetune_dtvu_steps_3/loss = 2.6981  
2025-02-27 17:30:41.681  val_finetune_dtvu_steps_3/acc@01 = 0.4000  
2025-02-27 17:30:41.682  val_finetune_dtvu_steps_3/acc@05 = 0.7167  
2025-02-27 17:30:41.682  val_finetune_dtvu_steps_3/acc@10 = 0.8167  
2025-02-27 17:30:41.682  val_finetune_dtvu_steps_3/acc@20 = 0.8667  
2025-02-27 17:30:41.682  
  
2025-02-27 17:30:42.013  
  
2025-02-27 17:30:42.013  [TRN] epoch_48  
2025-02-27 17:30:42.013  =============================================  
2025-02-27 17:30:42.013  trn/loss = 2.4370  
2025-02-27 17:30:42.014  trn/acc@01 = 0.3762  
2025-02-27 17:30:42.014  trn/acc@05 = 0.7188  
2025-02-27 17:30:42.014  trn/acc@10 = 0.8277  
2025-02-27 17:30:42.014  trn/acc@20 = 0.9010  
2025-02-27 17:30:42.014  
  
2025-02-27 17:30:42.045  
  
2025-02-27 17:30:42.045  [VAL_FINETUNE_DTVU_STEPS_1] epoch_48  
2025-02-27 17:30:42.046  =============================================  
2025-02-27 17:30:42.046  val_finetune_dtvu_steps_1/loss = 2.3128  
2025-02-27 17:30:42.046  val_finetune_dtvu_steps_1/acc@01 = 0.4000  
2025-02-27 17:30:42.046  val_finetune_dtvu_steps_1/acc@05 = 0.9000  
2025-02-27 17:30:42.046  val_finetune_dtvu_steps_1/acc@10 = 0.9000  
2025-02-27 17:30:42.046  val_finetune_dtvu_steps_1/acc@20 = 0.9000  
2025-02-27 17:30:42.046  
  
2025-02-27 17:30:42.080  
  
2025-02-27 17:30:42.080  [VAL_FINETUNE_DTVU_STEPS_3] epoch_48  
2025-02-27 17:30:42.080  =============================================  
2025-02-27 17:30:42.081  val_finetune_dtvu_steps_3/loss = 2.5966  
2025-02-27 17:30:42.081  val_finetune_dtvu_steps_3/acc@01 = 0.3667  
2025-02-27 17:30:42.081  val_finetune_dtvu_steps_3/acc@05 = 0.7667  
2025-02-27 17:30:42.081  val_finetune_dtvu_steps_3/acc@10 = 0.8333  
2025-02-27 17:30:42.081  val_finetune_dtvu_steps_3/acc@20 = 0.8833  
2025-02-27 17:30:42.081  
  
2025-02-27 17:30:42.383  
  
2025-02-27 17:30:42.384  [TRN] epoch_49  
2025-02-27 17:30:42.384  =============================================  
2025-02-27 17:30:42.384  trn/loss = 2.5064  
2025-02-27 17:30:42.384  trn/acc@01 = 0.3477  
2025-02-27 17:30:42.384  trn/acc@05 = 0.6897  
2025-02-27 17:30:42.384  trn/acc@10 = 0.7869  
2025-02-27 17:30:42.384  trn/acc@20 = 0.8897  
2025-02-27 17:30:42.384  
  
2025-02-27 17:30:42.418  
  
2025-02-27 17:30:42.419  [VAL_FINETUNE_DTVU_STEPS_1] epoch_49  
2025-02-27 17:30:42.419  =============================================  
2025-02-27 17:30:42.419  val_finetune_dtvu_steps_1/loss = 2.4935  
2025-02-27 17:30:42.419  val_finetune_dtvu_steps_1/acc@01 = 0.4500  
2025-02-27 17:30:42.419  val_finetune_dtvu_steps_1/acc@05 = 0.8500  
2025-02-27 17:30:42.419  val_finetune_dtvu_steps_1/acc@10 = 0.8500  
2025-02-27 17:30:42.419  val_finetune_dtvu_steps_1/acc@20 = 0.9000  
2025-02-27 17:30:42.419  
  
2025-02-27 17:30:42.453  
  
2025-02-27 17:30:42.453  [VAL_FINETUNE_DTVU_STEPS_3] epoch_49  
2025-02-27 17:30:42.453  =============================================  
2025-02-27 17:30:42.453  val_finetune_dtvu_steps_3/loss = 2.7951  
2025-02-27 17:30:42.453  val_finetune_dtvu_steps_3/acc@01 = 0.4167  
2025-02-27 17:30:42.453  val_finetune_dtvu_steps_3/acc@05 = 0.7667  
2025-02-27 17:30:42.453  val_finetune_dtvu_steps_3/acc@10 = 0.8000  
2025-02-27 17:30:42.453  val_finetune_dtvu_steps_3/acc@20 = 0.8333  
2025-02-27 17:30:42.454  
  
2025-02-27 17:30:42.790  
  
2025-02-27 17:30:42.790  [TRN] epoch_50  
2025-02-27 17:30:42.790  =============================================  
2025-02-27 17:30:42.790  trn/loss = 2.4055  
2025-02-27 17:30:42.790  trn/acc@01 = 0.3585  
2025-02-27 17:30:42.790  trn/acc@05 = 0.7038  
2025-02-27 17:30:42.790  trn/acc@10 = 0.8264  
2025-02-27 17:30:42.790  trn/acc@20 = 0.9132  
2025-02-27 17:30:42.791  
  
2025-02-27 17:30:42.824  
  
2025-02-27 17:30:42.824  [VAL_FINETUNE_DTVU_STEPS_1] epoch_50  
2025-02-27 17:30:42.824  =============================================  
2025-02-27 17:30:42.824  val_finetune_dtvu_steps_1/loss = 2.4200  
2025-02-27 17:30:42.824  val_finetune_dtvu_steps_1/acc@01 = 0.4000  
2025-02-27 17:30:42.824  val_finetune_dtvu_steps_1/acc@05 = 0.9000  
2025-02-27 17:30:42.825  val_finetune_dtvu_steps_1/acc@10 = 0.9000  
2025-02-27 17:30:42.825  val_finetune_dtvu_steps_1/acc@20 = 0.9000  
2025-02-27 17:30:42.825  
  
2025-02-27 17:30:42.859  
  
2025-02-27 17:30:42.860  [VAL_FINETUNE_DTVU_STEPS_3] epoch_50  
2025-02-27 17:30:42.860  =============================================  
2025-02-27 17:30:42.860  val_finetune_dtvu_steps_3/loss = 2.7184  
2025-02-27 17:30:42.860  val_finetune_dtvu_steps_3/acc@01 = 0.3167  
2025-02-27 17:30:42.860  val_finetune_dtvu_steps_3/acc@05 = 0.8000  
2025-02-27 17:30:42.860  val_finetune_dtvu_steps_3/acc@10 = 0.8333  
2025-02-27 17:30:42.860  val_finetune_dtvu_steps_3/acc@20 = 0.8833  
2025-02-27 17:30:42.860  
  
2025-02-27 17:30:43.170  
  
2025-02-27 17:30:43.170  [TRN] epoch_51  
2025-02-27 17:30:43.171  =============================================  
2025-02-27 17:30:43.171  trn/loss = 2.3437  
2025-02-27 17:30:43.171  trn/acc@01 = 0.3830  
2025-02-27 17:30:43.171  trn/acc@05 = 0.7149  
2025-02-27 17:30:43.171  trn/acc@10 = 0.8255  
2025-02-27 17:30:43.171  trn/acc@20 = 0.9362  
2025-02-27 17:30:43.172  
  
2025-02-27 17:30:43.210  
  
2025-02-27 17:30:43.210  [VAL_FINETUNE_DTVU_STEPS_1] epoch_51  
2025-02-27 17:30:43.210  =============================================  
2025-02-27 17:30:43.210  val_finetune_dtvu_steps_1/loss = 2.5518  
2025-02-27 17:30:43.210  val_finetune_dtvu_steps_1/acc@01 = 0.4000  
2025-02-27 17:30:43.210  val_finetune_dtvu_steps_1/acc@05 = 0.8000  
2025-02-27 17:30:43.210  val_finetune_dtvu_steps_1/acc@10 = 0.8500  
2025-02-27 17:30:43.211  val_finetune_dtvu_steps_1/acc@20 = 0.9000  
2025-02-27 17:30:43.211  
  
2025-02-27 17:30:43.246  
  
2025-02-27 17:30:43.246  [VAL_FINETUNE_DTVU_STEPS_3] epoch_51  
2025-02-27 17:30:43.246  =============================================  
2025-02-27 17:30:43.247  val_finetune_dtvu_steps_3/loss = 2.8233  
2025-02-27 17:30:43.247  val_finetune_dtvu_steps_3/acc@01 = 0.3333  
2025-02-27 17:30:43.247  val_finetune_dtvu_steps_3/acc@05 = 0.7167  
2025-02-27 17:30:43.247  val_finetune_dtvu_steps_3/acc@10 = 0.8500  
2025-02-27 17:30:43.247  val_finetune_dtvu_steps_3/acc@20 = 0.8833  
2025-02-27 17:30:43.247  
  
2025-02-27 17:30:43.565  
  
2025-02-27 17:30:43.565  [TRN] epoch_52  
2025-02-27 17:30:43.566  =============================================  
2025-02-27 17:30:43.566  trn/loss = 2.2274  
2025-02-27 17:30:43.566  trn/acc@01 = 0.4154  
2025-02-27 17:30:43.566  trn/acc@05 = 0.7481  
2025-02-27 17:30:43.567  trn/acc@10 = 0.8500  
2025-02-27 17:30:43.567  trn/acc@20 = 0.9154  
2025-02-27 17:30:43.567  
  
2025-02-27 17:30:43.600  
  
2025-02-27 17:30:43.600  [VAL_FINETUNE_DTVU_STEPS_1] epoch_52  
2025-02-27 17:30:43.600  =============================================  
2025-02-27 17:30:43.600  val_finetune_dtvu_steps_1/loss = 2.4436  
2025-02-27 17:30:43.600  val_finetune_dtvu_steps_1/acc@01 = 0.4000  
2025-02-27 17:30:43.601  val_finetune_dtvu_steps_1/acc@05 = 0.8000  
2025-02-27 17:30:43.601  val_finetune_dtvu_steps_1/acc@10 = 0.9000  
2025-02-27 17:30:43.601  val_finetune_dtvu_steps_1/acc@20 = 0.9000  
2025-02-27 17:30:43.601  
  
2025-02-27 17:30:43.637  
  
2025-02-27 17:30:43.637  [VAL_FINETUNE_DTVU_STEPS_3] epoch_52  
2025-02-27 17:30:43.637  =============================================  
2025-02-27 17:30:43.637  val_finetune_dtvu_steps_3/loss = 2.7437  
2025-02-27 17:30:43.637  val_finetune_dtvu_steps_3/acc@01 = 0.3667  
2025-02-27 17:30:43.637  val_finetune_dtvu_steps_3/acc@05 = 0.7333  
2025-02-27 17:30:43.637  val_finetune_dtvu_steps_3/acc@10 = 0.8333  
2025-02-27 17:30:43.637  val_finetune_dtvu_steps_3/acc@20 = 0.8833  
2025-02-27 17:30:43.637  
  
2025-02-27 17:30:43.964  
  
2025-02-27 17:30:43.964  [TRN] epoch_53  
2025-02-27 17:30:43.964  =============================================  
2025-02-27 17:30:43.965  trn/loss = 2.2358  
2025-02-27 17:30:43.965  trn/acc@01 = 0.4404  
2025-02-27 17:30:43.965  trn/acc@05 = 0.7374  
2025-02-27 17:30:43.965  trn/acc@10 = 0.8404  
2025-02-27 17:30:43.965  trn/acc@20 = 0.9212  
2025-02-27 17:30:43.965  
  
2025-02-27 17:30:44.003  
  
2025-02-27 17:30:44.003  [VAL_FINETUNE_DTVU_STEPS_1] epoch_53  
2025-02-27 17:30:44.003  =============================================  
2025-02-27 17:30:44.003  val_finetune_dtvu_steps_1/loss = 2.4072  
2025-02-27 17:30:44.003  val_finetune_dtvu_steps_1/acc@01 = 0.4000  
2025-02-27 17:30:44.003  val_finetune_dtvu_steps_1/acc@05 = 0.8500  
2025-02-27 17:30:44.003  val_finetune_dtvu_steps_1/acc@10 = 0.9000  
2025-02-27 17:30:44.003  val_finetune_dtvu_steps_1/acc@20 = 0.9000  
2025-02-27 17:30:44.004  
  
2025-02-27 17:30:44.041  
  
2025-02-27 17:30:44.041  [VAL_FINETUNE_DTVU_STEPS_3] epoch_53  
2025-02-27 17:30:44.041  =============================================  
2025-02-27 17:30:44.042  val_finetune_dtvu_steps_3/loss = 2.6785  
2025-02-27 17:30:44.042  val_finetune_dtvu_steps_3/acc@01 = 0.3833  
2025-02-27 17:30:44.042  val_finetune_dtvu_steps_3/acc@05 = 0.7667  
2025-02-27 17:30:44.042  val_finetune_dtvu_steps_3/acc@10 = 0.8167  
2025-02-27 17:30:44.042  val_finetune_dtvu_steps_3/acc@20 = 0.8833  
2025-02-27 17:30:44.042  
  
2025-02-27 17:30:44.340  
  
2025-02-27 17:30:44.340  [TRN] epoch_54  
2025-02-27 17:30:44.340  =============================================  
2025-02-27 17:30:44.340  trn/loss = 2.1388  
2025-02-27 17:30:44.340  trn/acc@01 = 0.4434  
2025-02-27 17:30:44.340  trn/acc@05 = 0.7547  
2025-02-27 17:30:44.340  trn/acc@10 = 0.8396  
2025-02-27 17:30:44.340  trn/acc@20 = 0.9132  
2025-02-27 17:30:44.340  
  
2025-02-27 17:30:44.378  
  
2025-02-27 17:30:44.378  [VAL_FINETUNE_DTVU_STEPS_1] epoch_54  
2025-02-27 17:30:44.379  =============================================  
2025-02-27 17:30:44.379  val_finetune_dtvu_steps_1/loss = 2.4152  
2025-02-27 17:30:44.379  val_finetune_dtvu_steps_1/acc@01 = 0.4000  
2025-02-27 17:30:44.379  val_finetune_dtvu_steps_1/acc@05 = 0.8500  
2025-02-27 17:30:44.379  val_finetune_dtvu_steps_1/acc@10 = 0.9000  
2025-02-27 17:30:44.379  val_finetune_dtvu_steps_1/acc@20 = 0.9000  
2025-02-27 17:30:44.379  
  
2025-02-27 17:30:44.414  
  
2025-02-27 17:30:44.414  [VAL_FINETUNE_DTVU_STEPS_3] epoch_54  
2025-02-27 17:30:44.414  =============================================  
2025-02-27 17:30:44.414  val_finetune_dtvu_steps_3/loss = 2.6854  
2025-02-27 17:30:44.414  val_finetune_dtvu_steps_3/acc@01 = 0.3667  
2025-02-27 17:30:44.415  val_finetune_dtvu_steps_3/acc@05 = 0.7500  
2025-02-27 17:30:44.415  val_finetune_dtvu_steps_3/acc@10 = 0.8333  
2025-02-27 17:30:44.415  val_finetune_dtvu_steps_3/acc@20 = 0.8833  
2025-02-27 17:30:44.415  
  
2025-02-27 17:30:44.714  
  
2025-02-27 17:30:44.714  [TRN] epoch_55  
2025-02-27 17:30:44.714  =============================================  
2025-02-27 17:30:44.714  trn/loss = 2.1373  
2025-02-27 17:30:44.714  trn/acc@01 = 0.4447  
2025-02-27 17:30:44.714  trn/acc@05 = 0.7534  
2025-02-27 17:30:44.714  trn/acc@10 = 0.8583  
2025-02-27 17:30:44.714  trn/acc@20 = 0.9204  
2025-02-27 17:30:44.715  
  
2025-02-27 17:30:44.748  
  
2025-02-27 17:30:44.748  [VAL_FINETUNE_DTVU_STEPS_1] epoch_55  
2025-02-27 17:30:44.748  =============================================  
2025-02-27 17:30:44.748  val_finetune_dtvu_steps_1/loss = 2.4112  
2025-02-27 17:30:44.749  val_finetune_dtvu_steps_1/acc@01 = 0.4000  
2025-02-27 17:30:44.749  val_finetune_dtvu_steps_1/acc@05 = 0.8500  
2025-02-27 17:30:44.749  val_finetune_dtvu_steps_1/acc@10 = 0.9000  
2025-02-27 17:30:44.749  val_finetune_dtvu_steps_1/acc@20 = 0.9000  
2025-02-27 17:30:44.749  
  
2025-02-27 17:30:44.787  
  
2025-02-27 17:30:44.787  [VAL_FINETUNE_DTVU_STEPS_3] epoch_55  
2025-02-27 17:30:44.788  =============================================  
2025-02-27 17:30:44.788  val_finetune_dtvu_steps_3/loss = 2.6863  
2025-02-27 17:30:44.788  val_finetune_dtvu_steps_3/acc@01 = 0.3667  
2025-02-27 17:30:44.788  val_finetune_dtvu_steps_3/acc@05 = 0.7500  
2025-02-27 17:30:44.788  val_finetune_dtvu_steps_3/acc@10 = 0.8333  
2025-02-27 17:30:44.788  val_finetune_dtvu_steps_3/acc@20 = 0.8833  
2025-02-27 17:30:44.788  
  
2025-02-27 17:30:45.095  
  
2025-02-27 17:30:45.096  [TRN] epoch_56  
2025-02-27 17:30:45.096  =============================================  
2025-02-27 17:30:45.096  trn/loss = 2.0909  
2025-02-27 17:30:45.096  trn/acc@01 = 0.4449  
2025-02-27 17:30:45.096  trn/acc@05 = 0.7592  
2025-02-27 17:30:45.096  trn/acc@10 = 0.8367  
2025-02-27 17:30:45.096  trn/acc@20 = 0.9327  
2025-02-27 17:30:45.096  
  
2025-02-27 17:30:45.132  
  
2025-02-27 17:30:45.132  [VAL_FINETUNE_DTVU_STEPS_1] epoch_56  
2025-02-27 17:30:45.132  =============================================  
2025-02-27 17:30:45.132  val_finetune_dtvu_steps_1/loss = 2.2520  
2025-02-27 17:30:45.132  val_finetune_dtvu_steps_1/acc@01 = 0.3500  
2025-02-27 17:30:45.132  val_finetune_dtvu_steps_1/acc@05 = 0.9000  
2025-02-27 17:30:45.132  val_finetune_dtvu_steps_1/acc@10 = 0.9000  
2025-02-27 17:30:45.132  val_finetune_dtvu_steps_1/acc@20 = 0.9000  
2025-02-27 17:30:45.132  
  
2025-02-27 17:30:45.172  
  
2025-02-27 17:30:45.172  [VAL_FINETUNE_DTVU_STEPS_3] epoch_56  
2025-02-27 17:30:45.172  =============================================  
2025-02-27 17:30:45.172  val_finetune_dtvu_steps_3/loss = 2.5762  
2025-02-27 17:30:45.172  val_finetune_dtvu_steps_3/acc@01 = 0.4333  
2025-02-27 17:30:45.172  val_finetune_dtvu_steps_3/acc@05 = 0.7833  
2025-02-27 17:30:45.173  val_finetune_dtvu_steps_3/acc@10 = 0.8333  
2025-02-27 17:30:45.173  val_finetune_dtvu_steps_3/acc@20 = 0.8667  
2025-02-27 17:30:45.173  
  
2025-02-27 17:30:45.477  
  
2025-02-27 17:30:45.477  [TRN] epoch_57  
2025-02-27 17:30:45.477  =============================================  
2025-02-27 17:30:45.477  trn/loss = 2.2790  
2025-02-27 17:30:45.477  trn/acc@01 = 0.4082  
2025-02-27 17:30:45.477  trn/acc@05 = 0.7306  
2025-02-27 17:30:45.479  trn/acc@10 = 0.8204  
2025-02-27 17:30:45.479  trn/acc@20 = 0.9143  
2025-02-27 17:30:45.479  
  
2025-02-27 17:30:45.511  
  
2025-02-27 17:30:45.511  [VAL_FINETUNE_DTVU_STEPS_1] epoch_57  
2025-02-27 17:30:45.511  =============================================  
2025-02-27 17:30:45.511  val_finetune_dtvu_steps_1/loss = 2.2278  
2025-02-27 17:30:45.511  val_finetune_dtvu_steps_1/acc@01 = 0.5000  
2025-02-27 17:30:45.511  val_finetune_dtvu_steps_1/acc@05 = 0.8500  
2025-02-27 17:30:45.511  val_finetune_dtvu_steps_1/acc@10 = 0.9000  
2025-02-27 17:30:45.512  val_finetune_dtvu_steps_1/acc@20 = 0.9000  
2025-02-27 17:30:45.512  
  
2025-02-27 17:30:45.547  
  
2025-02-27 17:30:45.548  [VAL_FINETUNE_DTVU_STEPS_3] epoch_57  
2025-02-27 17:30:45.548  =============================================  
2025-02-27 17:30:45.548  val_finetune_dtvu_steps_3/loss = 2.6278  
2025-02-27 17:30:45.548  val_finetune_dtvu_steps_3/acc@01 = 0.4000  
2025-02-27 17:30:45.548  val_finetune_dtvu_steps_3/acc@05 = 0.7333  
2025-02-27 17:30:45.548  val_finetune_dtvu_steps_3/acc@10 = 0.8000  
2025-02-27 17:30:45.548  val_finetune_dtvu_steps_3/acc@20 = 0.8333  
2025-02-27 17:30:45.548  
  
2025-02-27 17:30:45.861  
  
2025-02-27 17:30:45.861  [TRN] epoch_58  
2025-02-27 17:30:45.861  =============================================  
2025-02-27 17:30:45.861  trn/loss = 2.3558  
2025-02-27 17:30:45.861  trn/acc@01 = 0.3867  
2025-02-27 17:30:45.861  trn/acc@05 = 0.7333  
2025-02-27 17:30:45.861  trn/acc@10 = 0.8356  
2025-02-27 17:30:45.861  trn/acc@20 = 0.9111  
2025-02-27 17:30:45.861  
  
2025-02-27 17:30:45.896  
  
2025-02-27 17:30:45.897  [VAL_FINETUNE_DTVU_STEPS_1] epoch_58  
2025-02-27 17:30:45.897  =============================================  
2025-02-27 17:30:45.897  val_finetune_dtvu_steps_1/loss = 2.4100  
2025-02-27 17:30:45.897  val_finetune_dtvu_steps_1/acc@01 = 0.3500  
2025-02-27 17:30:45.897  val_finetune_dtvu_steps_1/acc@05 = 0.9000  
2025-02-27 17:30:45.897  val_finetune_dtvu_steps_1/acc@10 = 0.9000  
2025-02-27 17:30:45.897  val_finetune_dtvu_steps_1/acc@20 = 0.9000  
2025-02-27 17:30:45.897  
  
2025-02-27 17:30:45.932  
  
2025-02-27 17:30:45.932  [VAL_FINETUNE_DTVU_STEPS_3] epoch_58  
2025-02-27 17:30:45.932  =============================================  
2025-02-27 17:30:45.933  val_finetune_dtvu_steps_3/loss = 2.6998  
2025-02-27 17:30:45.933  val_finetune_dtvu_steps_3/acc@01 = 0.3167  
2025-02-27 17:30:45.933  val_finetune_dtvu_steps_3/acc@05 = 0.7833  
2025-02-27 17:30:45.933  val_finetune_dtvu_steps_3/acc@10 = 0.8167  
2025-02-27 17:30:45.933  val_finetune_dtvu_steps_3/acc@20 = 0.8833  
2025-02-27 17:30:45.933  
  
2025-02-27 17:30:46.269  
  
2025-02-27 17:30:46.269  [TRN] epoch_59  
2025-02-27 17:30:46.269  =============================================  
2025-02-27 17:30:46.269  trn/loss = 2.2347  
2025-02-27 17:30:46.269  trn/acc@01 = 0.3937  
2025-02-27 17:30:46.269  trn/acc@05 = 0.7389  
2025-02-27 17:30:46.269  trn/acc@10 = 0.8421  
2025-02-27 17:30:46.269  trn/acc@20 = 0.9389  
2025-02-27 17:30:46.270  
  
2025-02-27 17:30:46.305  
  
2025-02-27 17:30:46.306  [VAL_FINETUNE_DTVU_STEPS_1] epoch_59  
2025-02-27 17:30:46.306  =============================================  
2025-02-27 17:30:46.306  val_finetune_dtvu_steps_1/loss = 2.3602  
2025-02-27 17:30:46.306  val_finetune_dtvu_steps_1/acc@01 = 0.5000  
2025-02-27 17:30:46.306  val_finetune_dtvu_steps_1/acc@05 = 0.8500  
2025-02-27 17:30:46.306  val_finetune_dtvu_steps_1/acc@10 = 0.9000  
2025-02-27 17:30:46.306  val_finetune_dtvu_steps_1/acc@20 = 0.9000  
2025-02-27 17:30:46.306  
  
2025-02-27 17:30:46.352  
  
2025-02-27 17:30:46.352  [VAL_FINETUNE_DTVU_STEPS_3] epoch_59  
2025-02-27 17:30:46.352  =============================================  
2025-02-27 17:30:46.352  val_finetune_dtvu_steps_3/loss = 2.6411  
2025-02-27 17:30:46.352  val_finetune_dtvu_steps_3/acc@01 = 0.4167  
2025-02-27 17:30:46.352  val_finetune_dtvu_steps_3/acc@05 = 0.7667  
2025-02-27 17:30:46.352  val_finetune_dtvu_steps_3/acc@10 = 0.8333  
2025-02-27 17:30:46.353  val_finetune_dtvu_steps_3/acc@20 = 0.8833  
2025-02-27 17:30:46.353  
  
2025-02-27 17:30:46.975  
  
2025-02-27 17:30:46.976  [TRN] epoch_60  
2025-02-27 17:30:46.976  =============================================  
2025-02-27 17:30:46.976  trn/loss = 2.0729  
2025-02-27 17:30:46.976  trn/acc@01 = 0.4685  
2025-02-27 17:30:46.976  trn/acc@05 = 0.7611  
2025-02-27 17:30:46.976  trn/acc@10 = 0.8722  
2025-02-27 17:30:46.976  trn/acc@20 = 0.9426  
2025-02-27 17:30:46.976  
  
2025-02-27 17:30:47.014  
  
2025-02-27 17:30:47.014  [VAL_FINETUNE_DTVU_STEPS_1] epoch_60  
2025-02-27 17:30:47.015  =============================================  
2025-02-27 17:30:47.015  val_finetune_dtvu_steps_1/loss = 2.4462  
2025-02-27 17:30:47.015  val_finetune_dtvu_steps_1/acc@01 = 0.4500  
2025-02-27 17:30:47.015  val_finetune_dtvu_steps_1/acc@05 = 0.8500  
2025-02-27 17:30:47.015  val_finetune_dtvu_steps_1/acc@10 = 0.9000  
2025-02-27 17:30:47.015  val_finetune_dtvu_steps_1/acc@20 = 0.9000  
2025-02-27 17:30:47.016  
  
2025-02-27 17:30:47.061  
  
2025-02-27 17:30:47.061  [VAL_FINETUNE_DTVU_STEPS_3] epoch_60  
2025-02-27 17:30:47.061  =============================================  
2025-02-27 17:30:47.061  val_finetune_dtvu_steps_3/loss = 2.7380  
2025-02-27 17:30:47.062  val_finetune_dtvu_steps_3/acc@01 = 0.3667  
2025-02-27 17:30:47.062  val_finetune_dtvu_steps_3/acc@05 = 0.7333  
2025-02-27 17:30:47.062  val_finetune_dtvu_steps_3/acc@10 = 0.7833  
2025-02-27 17:30:47.062  val_finetune_dtvu_steps_3/acc@20 = 0.8833  
2025-02-27 17:30:47.062  
  
2025-02-27 17:30:47.397  
  
2025-02-27 17:30:47.397  [TRN] epoch_61  
2025-02-27 17:30:47.397  =============================================  
2025-02-27 17:30:47.397  trn/loss = 2.1750  
2025-02-27 17:30:47.398  trn/acc@01 = 0.4522  
2025-02-27 17:30:47.398  trn/acc@05 = 0.7543  
2025-02-27 17:30:47.399  trn/acc@10 = 0.8652  
2025-02-27 17:30:47.399  trn/acc@20 = 0.9370  
2025-02-27 17:30:47.399  
  
2025-02-27 17:30:47.432  
  
2025-02-27 17:30:47.432  [VAL_FINETUNE_DTVU_STEPS_1] epoch_61  
2025-02-27 17:30:47.432  =============================================  
2025-02-27 17:30:47.432  val_finetune_dtvu_steps_1/loss = 2.3441  
2025-02-27 17:30:47.432  val_finetune_dtvu_steps_1/acc@01 = 0.4000  
2025-02-27 17:30:47.432  val_finetune_dtvu_steps_1/acc@05 = 0.8500  
2025-02-27 17:30:47.432  val_finetune_dtvu_steps_1/acc@10 = 0.8500  
2025-02-27 17:30:47.432  val_finetune_dtvu_steps_1/acc@20 = 0.9000  
2025-02-27 17:30:47.432  
  
2025-02-27 17:30:47.470  
  
2025-02-27 17:30:47.470  [VAL_FINETUNE_DTVU_STEPS_3] epoch_61  
2025-02-27 17:30:47.471  =============================================  
2025-02-27 17:30:47.471  val_finetune_dtvu_steps_3/loss = 2.6961  
2025-02-27 17:30:47.471  val_finetune_dtvu_steps_3/acc@01 = 0.3167  
2025-02-27 17:30:47.471  val_finetune_dtvu_steps_3/acc@05 = 0.7167  
2025-02-27 17:30:47.471  val_finetune_dtvu_steps_3/acc@10 = 0.7833  
2025-02-27 17:30:47.471  val_finetune_dtvu_steps_3/acc@20 = 0.8833  
2025-02-27 17:30:47.471  
  
2025-02-27 17:30:47.788  
  
2025-02-27 17:30:47.788  [TRN] epoch_62  
2025-02-27 17:30:47.788  =============================================  
2025-02-27 17:30:47.788  trn/loss = 2.1306  
2025-02-27 17:30:47.789  trn/acc@01 = 0.4118  
2025-02-27 17:30:47.789  trn/acc@05 = 0.7667  
2025-02-27 17:30:47.789  trn/acc@10 = 0.8686  
2025-02-27 17:30:47.789  trn/acc@20 = 0.9471  
2025-02-27 17:30:47.789  
  
2025-02-27 17:30:47.826  
  
2025-02-27 17:30:47.826  [VAL_FINETUNE_DTVU_STEPS_1] epoch_62  
2025-02-27 17:30:47.826  =============================================  
2025-02-27 17:30:47.826  val_finetune_dtvu_steps_1/loss = 2.3685  
2025-02-27 17:30:47.826  val_finetune_dtvu_steps_1/acc@01 = 0.4000  
2025-02-27 17:30:47.826  val_finetune_dtvu_steps_1/acc@05 = 0.8500  
2025-02-27 17:30:47.827  val_finetune_dtvu_steps_1/acc@10 = 0.9000  
2025-02-27 17:30:47.827  val_finetune_dtvu_steps_1/acc@20 = 0.9000  
2025-02-27 17:30:47.827  
  
2025-02-27 17:30:47.865  
  
2025-02-27 17:30:47.866  [VAL_FINETUNE_DTVU_STEPS_3] epoch_62  
2025-02-27 17:30:47.866  =============================================  
2025-02-27 17:30:47.866  val_finetune_dtvu_steps_3/loss = 2.6982  
2025-02-27 17:30:47.866  val_finetune_dtvu_steps_3/acc@01 = 0.3333  
2025-02-27 17:30:47.866  val_finetune_dtvu_steps_3/acc@05 = 0.7333  
2025-02-27 17:30:47.866  val_finetune_dtvu_steps_3/acc@10 = 0.8167  
2025-02-27 17:30:47.866  val_finetune_dtvu_steps_3/acc@20 = 0.8667  
2025-02-27 17:30:47.866  
  
2025-02-27 17:30:48.179  
  
2025-02-27 17:30:48.179  [TRN] epoch_63  
2025-02-27 17:30:48.179  =============================================  
2025-02-27 17:30:48.179  trn/loss = 2.1422  
2025-02-27 17:30:48.179  trn/acc@01 = 0.4280  
2025-02-27 17:30:48.179  trn/acc@05 = 0.7660  
2025-02-27 17:30:48.180  trn/acc@10 = 0.8440  
2025-02-27 17:30:48.180  trn/acc@20 = 0.9300  
2025-02-27 17:30:48.180  
  
2025-02-27 17:30:48.216  
  
2025-02-27 17:30:48.216  [VAL_FINETUNE_DTVU_STEPS_1] epoch_63  
2025-02-27 17:30:48.216  =============================================  
2025-02-27 17:30:48.216  val_finetune_dtvu_steps_1/loss = 2.3710  
2025-02-27 17:30:48.217  val_finetune_dtvu_steps_1/acc@01 = 0.4000  
2025-02-27 17:30:48.217  val_finetune_dtvu_steps_1/acc@05 = 0.8500  
2025-02-27 17:30:48.217  val_finetune_dtvu_steps_1/acc@10 = 0.9000  
2025-02-27 17:30:48.217  val_finetune_dtvu_steps_1/acc@20 = 0.9000  
2025-02-27 17:30:48.217  
  
2025-02-27 17:30:48.252  
  
2025-02-27 17:30:48.252  [VAL_FINETUNE_DTVU_STEPS_3] epoch_63  
2025-02-27 17:30:48.252  =============================================  
2025-02-27 17:30:48.252  val_finetune_dtvu_steps_3/loss = 2.6999  
2025-02-27 17:30:48.253  val_finetune_dtvu_steps_3/acc@01 = 0.3333  
2025-02-27 17:30:48.253  val_finetune_dtvu_steps_3/acc@05 = 0.7333  
2025-02-27 17:30:48.253  val_finetune_dtvu_steps_3/acc@10 = 0.8000  
2025-02-27 17:30:48.253  val_finetune_dtvu_steps_3/acc@20 = 0.8500  
2025-02-27 17:30:48.253  
  
