2025-02-27 02:26:20.641  
  
2025-02-27 02:26:20.641  [TRN] epoch_00  
2025-02-27 02:26:20.641  =============================================  
2025-02-27 02:26:20.641  trn/loss = 5.7834  
2025-02-27 02:26:20.641  trn/acc@01 = 0.0265  
2025-02-27 02:26:20.641  trn/acc@05 = 0.1061  
2025-02-27 02:26:20.641  trn/acc@10 = 0.1531  
2025-02-27 02:26:20.641  trn/acc@20 = 0.2020  
2025-02-27 02:26:20.641  
  
2025-02-27 02:26:20.688  
  
2025-02-27 02:26:20.688  [VAL_FINETUNE_DTVU_STEPS_1] epoch_00  
2025-02-27 02:26:20.688  =============================================  
2025-02-27 02:26:20.688  val_finetune_dtvu_steps_1/loss = 4.9877  
2025-02-27 02:26:20.688  val_finetune_dtvu_steps_1/acc@01 = 0.0000  
2025-02-27 02:26:20.688  val_finetune_dtvu_steps_1/acc@05 = 0.4500  
2025-02-27 02:26:20.704  val_finetune_dtvu_steps_1/acc@10 = 0.4500  
2025-02-27 02:26:20.704  val_finetune_dtvu_steps_1/acc@20 = 0.5000  
2025-02-27 02:26:20.704  
  
2025-02-27 02:26:20.751  
  
2025-02-27 02:26:20.751  [VAL_FINETUNE_DTVU_STEPS_3] epoch_00  
2025-02-27 02:26:20.751  =============================================  
2025-02-27 02:26:20.751  val_finetune_dtvu_steps_3/loss = 5.0773  
2025-02-27 02:26:20.751  val_finetune_dtvu_steps_3/acc@01 = 0.0167  
2025-02-27 02:26:20.751  val_finetune_dtvu_steps_3/acc@05 = 0.3667  
2025-02-27 02:26:20.751  val_finetune_dtvu_steps_3/acc@10 = 0.3833  
2025-02-27 02:26:20.751  val_finetune_dtvu_steps_3/acc@20 = 0.4500  
2025-02-27 02:26:20.751  
  
2025-02-27 02:26:21.234  
  
2025-02-27 02:26:21.234  [TRN] epoch_01  
2025-02-27 02:26:21.234  =============================================  
2025-02-27 02:26:21.234  trn/loss = 4.7587  
2025-02-27 02:26:21.234  trn/acc@01 = 0.1269  
2025-02-27 02:26:21.234  trn/acc@05 = 0.3500  
2025-02-27 02:26:21.234  trn/acc@10 = 0.4058  
2025-02-27 02:26:21.234  trn/acc@20 = 0.4750  
2025-02-27 02:26:21.234  
  
2025-02-27 02:26:21.399  
  
2025-02-27 02:26:21.399  [VAL_FINETUNE_DTVU_STEPS_1] epoch_01  
2025-02-27 02:26:21.399  =============================================  
2025-02-27 02:26:21.399  val_finetune_dtvu_steps_1/loss = 4.3382  
2025-02-27 02:26:21.399  val_finetune_dtvu_steps_1/acc@01 = 0.2500  
2025-02-27 02:26:21.399  val_finetune_dtvu_steps_1/acc@05 = 0.3500  
2025-02-27 02:26:21.399  val_finetune_dtvu_steps_1/acc@10 = 0.5000  
2025-02-27 02:26:21.399  val_finetune_dtvu_steps_1/acc@20 = 0.6000  
2025-02-27 02:26:21.399  
  
2025-02-27 02:26:21.575  
  
2025-02-27 02:26:21.575  [VAL_FINETUNE_DTVU_STEPS_3] epoch_01  
2025-02-27 02:26:21.575  =============================================  
2025-02-27 02:26:21.575  val_finetune_dtvu_steps_3/loss = 4.3084  
2025-02-27 02:26:21.575  val_finetune_dtvu_steps_3/acc@01 = 0.2167  
2025-02-27 02:26:21.575  val_finetune_dtvu_steps_3/acc@05 = 0.3667  
2025-02-27 02:26:21.575  val_finetune_dtvu_steps_3/acc@10 = 0.5500  
2025-02-27 02:26:21.575  val_finetune_dtvu_steps_3/acc@20 = 0.6167  
2025-02-27 02:26:21.575  
  
2025-02-27 02:26:22.116  
  
2025-02-27 02:26:22.116  [TRN] epoch_02  
2025-02-27 02:26:22.116  =============================================  
2025-02-27 02:26:22.116  trn/loss = 4.1762  
2025-02-27 02:26:22.116  trn/acc@01 = 0.1475  
2025-02-27 02:26:22.116  trn/acc@05 = 0.4687  
2025-02-27 02:26:22.116  trn/acc@10 = 0.5434  
2025-02-27 02:26:22.116  trn/acc@20 = 0.6283  
2025-02-27 02:26:22.116  
  
2025-02-27 02:26:22.180  
  
2025-02-27 02:26:22.180  [VAL_FINETUNE_DTVU_STEPS_1] epoch_02  
2025-02-27 02:26:22.180  =============================================  
2025-02-27 02:26:22.180  val_finetune_dtvu_steps_1/loss = 4.0809  
2025-02-27 02:26:22.180  val_finetune_dtvu_steps_1/acc@01 = 0.2500  
2025-02-27 02:26:22.180  val_finetune_dtvu_steps_1/acc@05 = 0.5000  
2025-02-27 02:26:22.180  val_finetune_dtvu_steps_1/acc@10 = 0.6000  
2025-02-27 02:26:22.180  val_finetune_dtvu_steps_1/acc@20 = 0.6500  
2025-02-27 02:26:22.180  
  
2025-02-27 02:26:22.242  
  
2025-02-27 02:26:22.242  [VAL_FINETUNE_DTVU_STEPS_3] epoch_02  
2025-02-27 02:26:22.242  =============================================  
2025-02-27 02:26:22.242  val_finetune_dtvu_steps_3/loss = 4.1205  
2025-02-27 02:26:22.242  val_finetune_dtvu_steps_3/acc@01 = 0.2167  
2025-02-27 02:26:22.242  val_finetune_dtvu_steps_3/acc@05 = 0.5000  
2025-02-27 02:26:22.242  val_finetune_dtvu_steps_3/acc@10 = 0.6000  
2025-02-27 02:26:22.242  val_finetune_dtvu_steps_3/acc@20 = 0.6500  
2025-02-27 02:26:22.242  
  
2025-02-27 02:26:22.683  
  
2025-02-27 02:26:22.683  [TRN] epoch_03  
2025-02-27 02:26:22.683  =============================================  
2025-02-27 02:26:22.683  trn/loss = 3.8880  
2025-02-27 02:26:22.683  trn/acc@01 = 0.1979  
2025-02-27 02:26:22.683  trn/acc@05 = 0.5200  
2025-02-27 02:26:22.683  trn/acc@10 = 0.5895  
2025-02-27 02:26:22.683  trn/acc@20 = 0.6800  
2025-02-27 02:26:22.683  
  
2025-02-27 02:26:22.740  
  
2025-02-27 02:26:22.740  [VAL_FINETUNE_DTVU_STEPS_1] epoch_03  
2025-02-27 02:26:22.740  =============================================  
2025-02-27 02:26:22.740  val_finetune_dtvu_steps_1/loss = 3.8829  
2025-02-27 02:26:22.740  val_finetune_dtvu_steps_1/acc@01 = 0.3000  
2025-02-27 02:26:22.740  val_finetune_dtvu_steps_1/acc@05 = 0.5500  
2025-02-27 02:26:22.740  val_finetune_dtvu_steps_1/acc@10 = 0.6500  
2025-02-27 02:26:22.740  val_finetune_dtvu_steps_1/acc@20 = 0.7000  
2025-02-27 02:26:22.740  
  
2025-02-27 02:26:22.789  
  
2025-02-27 02:26:22.791  [VAL_FINETUNE_DTVU_STEPS_3] epoch_03  
2025-02-27 02:26:22.791  =============================================  
2025-02-27 02:26:22.791  val_finetune_dtvu_steps_3/loss = 4.0030  
2025-02-27 02:26:22.791  val_finetune_dtvu_steps_3/acc@01 = 0.2833  
2025-02-27 02:26:22.791  val_finetune_dtvu_steps_3/acc@05 = 0.5333  
2025-02-27 02:26:22.791  val_finetune_dtvu_steps_3/acc@10 = 0.6167  
2025-02-27 02:26:22.791  val_finetune_dtvu_steps_3/acc@20 = 0.7167  
2025-02-27 02:26:22.791  
  
2025-02-27 02:26:23.232  
  
2025-02-27 02:26:23.232  [TRN] epoch_04  
2025-02-27 02:26:23.232  =============================================  
2025-02-27 02:26:23.232  trn/loss = 3.7597  
2025-02-27 02:26:23.232  trn/acc@01 = 0.2130  
2025-02-27 02:26:23.232  trn/acc@05 = 0.5352  
2025-02-27 02:26:23.232  trn/acc@10 = 0.6222  
2025-02-27 02:26:23.232  trn/acc@20 = 0.7185  
2025-02-27 02:26:23.232  
  
2025-02-27 02:26:23.281  
  
2025-02-27 02:26:23.281  [VAL_FINETUNE_DTVU_STEPS_1] epoch_04  
2025-02-27 02:26:23.281  =============================================  
2025-02-27 02:26:23.281  val_finetune_dtvu_steps_1/loss = 3.6560  
2025-02-27 02:26:23.281  val_finetune_dtvu_steps_1/acc@01 = 0.4500  
2025-02-27 02:26:23.281  val_finetune_dtvu_steps_1/acc@05 = 0.5500  
2025-02-27 02:26:23.281  val_finetune_dtvu_steps_1/acc@10 = 0.7000  
2025-02-27 02:26:23.281  val_finetune_dtvu_steps_1/acc@20 = 0.7000  
2025-02-27 02:26:23.281  
  
2025-02-27 02:26:23.325  
  
2025-02-27 02:26:23.325  [VAL_FINETUNE_DTVU_STEPS_3] epoch_04  
2025-02-27 02:26:23.325  =============================================  
2025-02-27 02:26:23.325  val_finetune_dtvu_steps_3/loss = 3.7499  
2025-02-27 02:26:23.325  val_finetune_dtvu_steps_3/acc@01 = 0.3833  
2025-02-27 02:26:23.325  val_finetune_dtvu_steps_3/acc@05 = 0.6000  
2025-02-27 02:26:23.325  val_finetune_dtvu_steps_3/acc@10 = 0.6667  
2025-02-27 02:26:23.325  val_finetune_dtvu_steps_3/acc@20 = 0.7000  
2025-02-27 02:26:23.325  
  
2025-02-27 02:26:23.750  
  
2025-02-27 02:26:23.750  [TRN] epoch_05  
2025-02-27 02:26:23.750  =============================================  
2025-02-27 02:26:23.750  trn/loss = 3.5801  
2025-02-27 02:26:23.750  trn/acc@01 = 0.2878  
2025-02-27 02:26:23.750  trn/acc@05 = 0.5918  
2025-02-27 02:26:23.750  trn/acc@10 = 0.7041  
2025-02-27 02:26:23.750  trn/acc@20 = 0.7714  
2025-02-27 02:26:23.750  
  
2025-02-27 02:26:23.809  
  
2025-02-27 02:26:23.809  [VAL_FINETUNE_DTVU_STEPS_1] epoch_05  
2025-02-27 02:26:23.809  =============================================  
2025-02-27 02:26:23.809  val_finetune_dtvu_steps_1/loss = 3.5546  
2025-02-27 02:26:23.809  val_finetune_dtvu_steps_1/acc@01 = 0.3000  
2025-02-27 02:26:23.809  val_finetune_dtvu_steps_1/acc@05 = 0.6000  
2025-02-27 02:26:23.809  val_finetune_dtvu_steps_1/acc@10 = 0.7500  
2025-02-27 02:26:23.809  val_finetune_dtvu_steps_1/acc@20 = 0.7500  
2025-02-27 02:26:23.809  
  
2025-02-27 02:26:23.860  
  
2025-02-27 02:26:23.860  [VAL_FINETUNE_DTVU_STEPS_3] epoch_05  
2025-02-27 02:26:23.860  =============================================  
2025-02-27 02:26:23.860  val_finetune_dtvu_steps_3/loss = 3.7234  
2025-02-27 02:26:23.860  val_finetune_dtvu_steps_3/acc@01 = 0.3833  
2025-02-27 02:26:23.860  val_finetune_dtvu_steps_3/acc@05 = 0.5667  
2025-02-27 02:26:23.860  val_finetune_dtvu_steps_3/acc@10 = 0.6500  
2025-02-27 02:26:23.860  val_finetune_dtvu_steps_3/acc@20 = 0.6833  
2025-02-27 02:26:23.860  
  
2025-02-27 02:26:24.329  
  
2025-02-27 02:26:24.329  [TRN] epoch_06  
2025-02-27 02:26:24.329  =============================================  
2025-02-27 02:26:24.331  trn/loss = 3.5126  
2025-02-27 02:26:24.331  trn/acc@01 = 0.2571  
2025-02-27 02:26:24.331  trn/acc@05 = 0.5824  
2025-02-27 02:26:24.331  trn/acc@10 = 0.6901  
2025-02-27 02:26:24.331  trn/acc@20 = 0.7473  
2025-02-27 02:26:24.331  
  
2025-02-27 02:26:24.381  
  
2025-02-27 02:26:24.381  [VAL_FINETUNE_DTVU_STEPS_1] epoch_06  
2025-02-27 02:26:24.381  =============================================  
2025-02-27 02:26:24.381  val_finetune_dtvu_steps_1/loss = 3.5892  
2025-02-27 02:26:24.381  val_finetune_dtvu_steps_1/acc@01 = 0.4500  
2025-02-27 02:26:24.381  val_finetune_dtvu_steps_1/acc@05 = 0.6000  
2025-02-27 02:26:24.381  val_finetune_dtvu_steps_1/acc@10 = 0.6500  
2025-02-27 02:26:24.381  val_finetune_dtvu_steps_1/acc@20 = 0.7500  
2025-02-27 02:26:24.381  
  
2025-02-27 02:26:24.428  
  
2025-02-27 02:26:24.428  [VAL_FINETUNE_DTVU_STEPS_3] epoch_06  
2025-02-27 02:26:24.428  =============================================  
2025-02-27 02:26:24.428  val_finetune_dtvu_steps_3/loss = 3.6827  
2025-02-27 02:26:24.428  val_finetune_dtvu_steps_3/acc@01 = 0.3833  
2025-02-27 02:26:24.428  val_finetune_dtvu_steps_3/acc@05 = 0.5667  
2025-02-27 02:26:24.428  val_finetune_dtvu_steps_3/acc@10 = 0.6333  
2025-02-27 02:26:24.428  val_finetune_dtvu_steps_3/acc@20 = 0.6833  
2025-02-27 02:26:24.428  
  
2025-02-27 02:26:24.869  
  
2025-02-27 02:26:24.869  [TRN] epoch_07  
2025-02-27 02:26:24.869  =============================================  
2025-02-27 02:26:24.869  trn/loss = 3.4004  
2025-02-27 02:26:24.869  trn/acc@01 = 0.2606  
2025-02-27 02:26:24.869  trn/acc@05 = 0.5737  
2025-02-27 02:26:24.869  trn/acc@10 = 0.6949  
2025-02-27 02:26:24.869  trn/acc@20 = 0.7737  
2025-02-27 02:26:24.869  
  
2025-02-27 02:26:24.919  
  
2025-02-27 02:26:24.919  [VAL_FINETUNE_DTVU_STEPS_1] epoch_07  
2025-02-27 02:26:24.919  =============================================  
2025-02-27 02:26:24.919  val_finetune_dtvu_steps_1/loss = 3.5509  
2025-02-27 02:26:24.919  val_finetune_dtvu_steps_1/acc@01 = 0.4500  
2025-02-27 02:26:24.919  val_finetune_dtvu_steps_1/acc@05 = 0.6000  
2025-02-27 02:26:24.919  val_finetune_dtvu_steps_1/acc@10 = 0.7500  
2025-02-27 02:26:24.932  val_finetune_dtvu_steps_1/acc@20 = 0.7500  
2025-02-27 02:26:24.932  
  
2025-02-27 02:26:24.980  
  
2025-02-27 02:26:24.980  [VAL_FINETUNE_DTVU_STEPS_3] epoch_07  
2025-02-27 02:26:24.980  =============================================  
2025-02-27 02:26:24.980  val_finetune_dtvu_steps_3/loss = 3.6526  
2025-02-27 02:26:24.980  val_finetune_dtvu_steps_3/acc@01 = 0.3833  
2025-02-27 02:26:24.980  val_finetune_dtvu_steps_3/acc@05 = 0.5667  
2025-02-27 02:26:24.980  val_finetune_dtvu_steps_3/acc@10 = 0.6667  
2025-02-27 02:26:24.980  val_finetune_dtvu_steps_3/acc@20 = 0.7167  
2025-02-27 02:26:24.980  
  
2025-02-27 02:26:25.420  
  
2025-02-27 02:26:25.420  [TRN] epoch_08  
2025-02-27 02:26:25.420  =============================================  
2025-02-27 02:26:25.420  trn/loss = 3.4279  
2025-02-27 02:26:25.420  trn/acc@01 = 0.2860  
2025-02-27 02:26:25.420  trn/acc@05 = 0.5957  
2025-02-27 02:26:25.420  trn/acc@10 = 0.7054  
2025-02-27 02:26:25.420  trn/acc@20 = 0.7871  
2025-02-27 02:26:25.420  
  
2025-02-27 02:26:25.468  
  
2025-02-27 02:26:25.468  [VAL_FINETUNE_DTVU_STEPS_1] epoch_08  
2025-02-27 02:26:25.468  =============================================  
2025-02-27 02:26:25.468  val_finetune_dtvu_steps_1/loss = 3.4701  
2025-02-27 02:26:25.484  val_finetune_dtvu_steps_1/acc@01 = 0.4500  
2025-02-27 02:26:25.484  val_finetune_dtvu_steps_1/acc@05 = 0.5500  
2025-02-27 02:26:25.484  val_finetune_dtvu_steps_1/acc@10 = 0.7000  
2025-02-27 02:26:25.484  val_finetune_dtvu_steps_1/acc@20 = 0.8000  
2025-02-27 02:26:25.484  
  
2025-02-27 02:26:25.531  
  
2025-02-27 02:26:25.531  [VAL_FINETUNE_DTVU_STEPS_3] epoch_08  
2025-02-27 02:26:25.531  =============================================  
2025-02-27 02:26:25.531  val_finetune_dtvu_steps_3/loss = 3.7770  
2025-02-27 02:26:25.531  val_finetune_dtvu_steps_3/acc@01 = 0.3833  
2025-02-27 02:26:25.531  val_finetune_dtvu_steps_3/acc@05 = 0.5667  
2025-02-27 02:26:25.531  val_finetune_dtvu_steps_3/acc@10 = 0.6333  
2025-02-27 02:26:25.531  val_finetune_dtvu_steps_3/acc@20 = 0.7000  
2025-02-27 02:26:25.531  
  
2025-02-27 02:26:25.965  
  
2025-02-27 02:26:25.965  [TRN] epoch_09  
2025-02-27 02:26:25.965  =============================================  
2025-02-27 02:26:25.965  trn/loss = 3.5993  
2025-02-27 02:26:25.965  trn/acc@01 = 0.2019  
2025-02-27 02:26:25.965  trn/acc@05 = 0.5692  
2025-02-27 02:26:25.965  trn/acc@10 = 0.6731  
2025-02-27 02:26:25.965  trn/acc@20 = 0.7519  
2025-02-27 02:26:25.965  
  
2025-02-27 02:26:26.002  
  
2025-02-27 02:26:26.002  [VAL_FINETUNE_DTVU_STEPS_1] epoch_09  
2025-02-27 02:26:26.002  =============================================  
2025-02-27 02:26:26.002  val_finetune_dtvu_steps_1/loss = 3.4799  
2025-02-27 02:26:26.002  val_finetune_dtvu_steps_1/acc@01 = 0.3000  
2025-02-27 02:26:26.002  val_finetune_dtvu_steps_1/acc@05 = 0.5500  
2025-02-27 02:26:26.002  val_finetune_dtvu_steps_1/acc@10 = 0.6500  
2025-02-27 02:26:26.002  val_finetune_dtvu_steps_1/acc@20 = 0.8000  
2025-02-27 02:26:26.002  
  
2025-02-27 02:26:26.049  
  
2025-02-27 02:26:26.049  [VAL_FINETUNE_DTVU_STEPS_3] epoch_09  
2025-02-27 02:26:26.049  =============================================  
2025-02-27 02:26:26.049  val_finetune_dtvu_steps_3/loss = 3.6888  
2025-02-27 02:26:26.049  val_finetune_dtvu_steps_3/acc@01 = 0.3833  
2025-02-27 02:26:26.049  val_finetune_dtvu_steps_3/acc@05 = 0.5500  
2025-02-27 02:26:26.049  val_finetune_dtvu_steps_3/acc@10 = 0.6167  
2025-02-27 02:26:26.049  val_finetune_dtvu_steps_3/acc@20 = 0.7000  
2025-02-27 02:26:26.049  
  
2025-02-27 02:26:26.488  
  
2025-02-27 02:26:26.488  [TRN] epoch_10  
2025-02-27 02:26:26.488  =============================================  
2025-02-27 02:26:26.488  trn/loss = 3.4991  
2025-02-27 02:26:26.488  trn/acc@01 = 0.2590  
2025-02-27 02:26:26.488  trn/acc@05 = 0.5733  
2025-02-27 02:26:26.488  trn/acc@10 = 0.6743  
2025-02-27 02:26:26.488  trn/acc@20 = 0.7695  
2025-02-27 02:26:26.488  
  
2025-02-27 02:26:26.535  
  
2025-02-27 02:26:26.535  [VAL_FINETUNE_DTVU_STEPS_1] epoch_10  
2025-02-27 02:26:26.535  =============================================  
2025-02-27 02:26:26.535  val_finetune_dtvu_steps_1/loss = 3.4630  
2025-02-27 02:26:26.535  val_finetune_dtvu_steps_1/acc@01 = 0.3500  
2025-02-27 02:26:26.535  val_finetune_dtvu_steps_1/acc@05 = 0.6500  
2025-02-27 02:26:26.535  val_finetune_dtvu_steps_1/acc@10 = 0.6500  
2025-02-27 02:26:26.535  val_finetune_dtvu_steps_1/acc@20 = 0.8500  
2025-02-27 02:26:26.535  
  
2025-02-27 02:26:26.583  
  
2025-02-27 02:26:26.583  [VAL_FINETUNE_DTVU_STEPS_3] epoch_10  
2025-02-27 02:26:26.583  =============================================  
2025-02-27 02:26:26.583  val_finetune_dtvu_steps_3/loss = 3.5866  
2025-02-27 02:26:26.583  val_finetune_dtvu_steps_3/acc@01 = 0.3333  
2025-02-27 02:26:26.583  val_finetune_dtvu_steps_3/acc@05 = 0.6167  
2025-02-27 02:26:26.583  val_finetune_dtvu_steps_3/acc@10 = 0.6500  
2025-02-27 02:26:26.583  val_finetune_dtvu_steps_3/acc@20 = 0.7500  
2025-02-27 02:26:26.583  
  
2025-02-27 02:26:27.007  
  
2025-02-27 02:26:27.007  [TRN] epoch_11  
2025-02-27 02:26:27.007  =============================================  
2025-02-27 02:26:27.007  trn/loss = 3.4774  
2025-02-27 02:26:27.007  trn/acc@01 = 0.2533  
2025-02-27 02:26:27.007  trn/acc@05 = 0.5733  
2025-02-27 02:26:27.007  trn/acc@10 = 0.6857  
2025-02-27 02:26:27.007  trn/acc@20 = 0.7943  
2025-02-27 02:26:27.007  
  
2025-02-27 02:26:27.069  
  
2025-02-27 02:26:27.069  [VAL_FINETUNE_DTVU_STEPS_1] epoch_11  
2025-02-27 02:26:27.071  =============================================  
2025-02-27 02:26:27.071  val_finetune_dtvu_steps_1/loss = 3.3081  
2025-02-27 02:26:27.071  val_finetune_dtvu_steps_1/acc@01 = 0.4500  
2025-02-27 02:26:27.071  val_finetune_dtvu_steps_1/acc@05 = 0.6000  
2025-02-27 02:26:27.071  val_finetune_dtvu_steps_1/acc@10 = 0.7000  
2025-02-27 02:26:27.071  val_finetune_dtvu_steps_1/acc@20 = 0.8500  
2025-02-27 02:26:27.071  
  
2025-02-27 02:26:27.118  
  
2025-02-27 02:26:27.118  [VAL_FINETUNE_DTVU_STEPS_3] epoch_11  
2025-02-27 02:26:27.118  =============================================  
2025-02-27 02:26:27.118  val_finetune_dtvu_steps_3/loss = 3.5956  
2025-02-27 02:26:27.118  val_finetune_dtvu_steps_3/acc@01 = 0.3833  
2025-02-27 02:26:27.118  val_finetune_dtvu_steps_3/acc@05 = 0.5500  
2025-02-27 02:26:27.118  val_finetune_dtvu_steps_3/acc@10 = 0.6167  
2025-02-27 02:26:27.118  val_finetune_dtvu_steps_3/acc@20 = 0.6833  
2025-02-27 02:26:27.118  
  
2025-02-27 02:26:27.558  
  
2025-02-27 02:26:27.558  [TRN] epoch_12  
2025-02-27 02:26:27.558  =============================================  
2025-02-27 02:26:27.558  trn/loss = 3.2429  
2025-02-27 02:26:27.558  trn/acc@01 = 0.2739  
2025-02-27 02:26:27.558  trn/acc@05 = 0.5730  
2025-02-27 02:26:27.558  trn/acc@10 = 0.6901  
2025-02-27 02:26:27.558  trn/acc@20 = 0.8072  
2025-02-27 02:26:27.558  
  
2025-02-27 02:26:27.608  
  
2025-02-27 02:26:27.608  [VAL_FINETUNE_DTVU_STEPS_1] epoch_12  
2025-02-27 02:26:27.608  =============================================  
2025-02-27 02:26:27.608  val_finetune_dtvu_steps_1/loss = 3.1406  
2025-02-27 02:26:27.608  val_finetune_dtvu_steps_1/acc@01 = 0.4500  
2025-02-27 02:26:27.608  val_finetune_dtvu_steps_1/acc@05 = 0.6500  
2025-02-27 02:26:27.608  val_finetune_dtvu_steps_1/acc@10 = 0.7000  
2025-02-27 02:26:27.608  val_finetune_dtvu_steps_1/acc@20 = 0.8500  
2025-02-27 02:26:27.608  
  
2025-02-27 02:26:27.669  
  
2025-02-27 02:26:27.669  [VAL_FINETUNE_DTVU_STEPS_3] epoch_12  
2025-02-27 02:26:27.669  =============================================  
2025-02-27 02:26:27.669  val_finetune_dtvu_steps_3/loss = 3.4957  
2025-02-27 02:26:27.669  val_finetune_dtvu_steps_3/acc@01 = 0.3833  
2025-02-27 02:26:27.669  val_finetune_dtvu_steps_3/acc@05 = 0.5500  
2025-02-27 02:26:27.669  val_finetune_dtvu_steps_3/acc@10 = 0.6333  
2025-02-27 02:26:27.669  val_finetune_dtvu_steps_3/acc@20 = 0.7167  
2025-02-27 02:26:27.669  
  
2025-02-27 02:26:28.088  
  
2025-02-27 02:26:28.088  [TRN] epoch_13  
2025-02-27 02:26:28.088  =============================================  
2025-02-27 02:26:28.088  trn/loss = 3.3241  
2025-02-27 02:26:28.088  trn/acc@01 = 0.2653  
2025-02-27 02:26:28.088  trn/acc@05 = 0.5673  
2025-02-27 02:26:28.088  trn/acc@10 = 0.6918  
2025-02-27 02:26:28.088  trn/acc@20 = 0.8082  
2025-02-27 02:26:28.088  
  
2025-02-27 02:26:28.135  
  
2025-02-27 02:26:28.135  [VAL_FINETUNE_DTVU_STEPS_1] epoch_13  
2025-02-27 02:26:28.135  =============================================  
2025-02-27 02:26:28.135  val_finetune_dtvu_steps_1/loss = 3.1387  
2025-02-27 02:26:28.135  val_finetune_dtvu_steps_1/acc@01 = 0.4500  
2025-02-27 02:26:28.135  val_finetune_dtvu_steps_1/acc@05 = 0.5500  
2025-02-27 02:26:28.135  val_finetune_dtvu_steps_1/acc@10 = 0.8000  
2025-02-27 02:26:28.135  val_finetune_dtvu_steps_1/acc@20 = 0.8500  
2025-02-27 02:26:28.135  
  
2025-02-27 02:26:28.183  
  
2025-02-27 02:26:28.199  [VAL_FINETUNE_DTVU_STEPS_3] epoch_13  
2025-02-27 02:26:28.199  =============================================  
2025-02-27 02:26:28.199  val_finetune_dtvu_steps_3/loss = 3.4241  
2025-02-27 02:26:28.199  val_finetune_dtvu_steps_3/acc@01 = 0.3833  
2025-02-27 02:26:28.199  val_finetune_dtvu_steps_3/acc@05 = 0.5667  
2025-02-27 02:26:28.199  val_finetune_dtvu_steps_3/acc@10 = 0.6667  
2025-02-27 02:26:28.199  val_finetune_dtvu_steps_3/acc@20 = 0.7000  
2025-02-27 02:26:28.199  
  
2025-02-27 02:26:28.622  
  
2025-02-27 02:26:28.622  [TRN] epoch_14  
2025-02-27 02:26:28.622  =============================================  
2025-02-27 02:26:28.622  trn/loss = 3.2700  
2025-02-27 02:26:28.622  trn/acc@01 = 0.2792  
2025-02-27 02:26:28.622  trn/acc@05 = 0.5792  
2025-02-27 02:26:28.622  trn/acc@10 = 0.7167  
2025-02-27 02:26:28.622  trn/acc@20 = 0.8167  
2025-02-27 02:26:28.622  
  
2025-02-27 02:26:28.683  
  
2025-02-27 02:26:28.683  [VAL_FINETUNE_DTVU_STEPS_1] epoch_14  
2025-02-27 02:26:28.683  =============================================  
2025-02-27 02:26:28.683  val_finetune_dtvu_steps_1/loss = 3.1442  
2025-02-27 02:26:28.683  val_finetune_dtvu_steps_1/acc@01 = 0.4500  
2025-02-27 02:26:28.683  val_finetune_dtvu_steps_1/acc@05 = 0.5500  
2025-02-27 02:26:28.683  val_finetune_dtvu_steps_1/acc@10 = 0.8000  
2025-02-27 02:26:28.683  val_finetune_dtvu_steps_1/acc@20 = 0.8500  
2025-02-27 02:26:28.683  
  
2025-02-27 02:26:28.733  
  
2025-02-27 02:26:28.733  [VAL_FINETUNE_DTVU_STEPS_3] epoch_14  
2025-02-27 02:26:28.733  =============================================  
2025-02-27 02:26:28.733  val_finetune_dtvu_steps_3/loss = 3.4408  
2025-02-27 02:26:28.733  val_finetune_dtvu_steps_3/acc@01 = 0.3833  
2025-02-27 02:26:28.733  val_finetune_dtvu_steps_3/acc@05 = 0.5500  
2025-02-27 02:26:28.733  val_finetune_dtvu_steps_3/acc@10 = 0.6667  
2025-02-27 02:26:28.733  val_finetune_dtvu_steps_3/acc@20 = 0.7000  
2025-02-27 02:26:28.733  
  
2025-02-27 02:26:29.174  
  
2025-02-27 02:26:29.174  [TRN] epoch_15  
2025-02-27 02:26:29.174  =============================================  
2025-02-27 02:26:29.174  trn/loss = 3.2469  
2025-02-27 02:26:29.174  trn/acc@01 = 0.2638  
2025-02-27 02:26:29.174  trn/acc@05 = 0.5851  
2025-02-27 02:26:29.174  trn/acc@10 = 0.7404  
2025-02-27 02:26:29.174  trn/acc@20 = 0.8298  
2025-02-27 02:26:29.174  
  
2025-02-27 02:26:29.221  
  
2025-02-27 02:26:29.221  [VAL_FINETUNE_DTVU_STEPS_1] epoch_15  
2025-02-27 02:26:29.221  =============================================  
2025-02-27 02:26:29.221  val_finetune_dtvu_steps_1/loss = 3.1652  
2025-02-27 02:26:29.221  val_finetune_dtvu_steps_1/acc@01 = 0.4500  
2025-02-27 02:26:29.221  val_finetune_dtvu_steps_1/acc@05 = 0.5500  
2025-02-27 02:26:29.221  val_finetune_dtvu_steps_1/acc@10 = 0.8000  
2025-02-27 02:26:29.221  val_finetune_dtvu_steps_1/acc@20 = 0.8500  
2025-02-27 02:26:29.221  
  
2025-02-27 02:26:29.269  
  
2025-02-27 02:26:29.269  [VAL_FINETUNE_DTVU_STEPS_3] epoch_15  
2025-02-27 02:26:29.269  =============================================  
2025-02-27 02:26:29.269  val_finetune_dtvu_steps_3/loss = 3.4505  
2025-02-27 02:26:29.269  val_finetune_dtvu_steps_3/acc@01 = 0.3833  
2025-02-27 02:26:29.269  val_finetune_dtvu_steps_3/acc@05 = 0.5500  
2025-02-27 02:26:29.269  val_finetune_dtvu_steps_3/acc@10 = 0.6667  
2025-02-27 02:26:29.269  val_finetune_dtvu_steps_3/acc@20 = 0.7000  
2025-02-27 02:26:29.269  
  
2025-02-27 02:26:29.715  
  
2025-02-27 02:26:29.715  [TRN] epoch_16  
2025-02-27 02:26:29.715  =============================================  
2025-02-27 02:26:29.715  trn/loss = 3.3445  
2025-02-27 02:26:29.715  trn/acc@01 = 0.2442  
2025-02-27 02:26:29.715  trn/acc@05 = 0.5442  
2025-02-27 02:26:29.715  trn/acc@10 = 0.6885  
2025-02-27 02:26:29.715  trn/acc@20 = 0.8058  
2025-02-27 02:26:29.715  
  
2025-02-27 02:26:29.766  
  
2025-02-27 02:26:29.766  [VAL_FINETUNE_DTVU_STEPS_1] epoch_16  
2025-02-27 02:26:29.766  =============================================  
2025-02-27 02:26:29.766  val_finetune_dtvu_steps_1/loss = 3.6565  
2025-02-27 02:26:29.766  val_finetune_dtvu_steps_1/acc@01 = 0.2000  
2025-02-27 02:26:29.766  val_finetune_dtvu_steps_1/acc@05 = 0.6000  
2025-02-27 02:26:29.766  val_finetune_dtvu_steps_1/acc@10 = 0.6500  
2025-02-27 02:26:29.766  val_finetune_dtvu_steps_1/acc@20 = 0.8500  
2025-02-27 02:26:29.766  
  
2025-02-27 02:26:29.820  
  
2025-02-27 02:26:29.820  [VAL_FINETUNE_DTVU_STEPS_3] epoch_16  
2025-02-27 02:26:29.820  =============================================  
2025-02-27 02:26:29.820  val_finetune_dtvu_steps_3/loss = 3.7020  
2025-02-27 02:26:29.820  val_finetune_dtvu_steps_3/acc@01 = 0.2167  
2025-02-27 02:26:29.820  val_finetune_dtvu_steps_3/acc@05 = 0.5667  
2025-02-27 02:26:29.820  val_finetune_dtvu_steps_3/acc@10 = 0.6333  
2025-02-27 02:26:29.820  val_finetune_dtvu_steps_3/acc@20 = 0.7667  
2025-02-27 02:26:29.820  
  
2025-02-27 02:26:30.242  
  
2025-02-27 02:26:30.242  [TRN] epoch_17  
2025-02-27 02:26:30.242  =============================================  
2025-02-27 02:26:30.242  trn/loss = 3.1793  
2025-02-27 02:26:30.242  trn/acc@01 = 0.2857  
2025-02-27 02:26:30.242  trn/acc@05 = 0.6143  
2025-02-27 02:26:30.242  trn/acc@10 = 0.7061  
2025-02-27 02:26:30.242  trn/acc@20 = 0.8245  
2025-02-27 02:26:30.242  
  
2025-02-27 02:26:30.298  
  
2025-02-27 02:26:30.298  [VAL_FINETUNE_DTVU_STEPS_1] epoch_17  
2025-02-27 02:26:30.298  =============================================  
2025-02-27 02:26:30.298  val_finetune_dtvu_steps_1/loss = 3.2459  
2025-02-27 02:26:30.298  val_finetune_dtvu_steps_1/acc@01 = 0.4500  
2025-02-27 02:26:30.298  val_finetune_dtvu_steps_1/acc@05 = 0.7000  
2025-02-27 02:26:30.298  val_finetune_dtvu_steps_1/acc@10 = 0.7500  
2025-02-27 02:26:30.298  val_finetune_dtvu_steps_1/acc@20 = 0.8500  
2025-02-27 02:26:30.298  
  
2025-02-27 02:26:30.352  
  
2025-02-27 02:26:30.352  [VAL_FINETUNE_DTVU_STEPS_3] epoch_17  
2025-02-27 02:26:30.352  =============================================  
2025-02-27 02:26:30.352  val_finetune_dtvu_steps_3/loss = 3.5904  
2025-02-27 02:26:30.352  val_finetune_dtvu_steps_3/acc@01 = 0.3833  
2025-02-27 02:26:30.352  val_finetune_dtvu_steps_3/acc@05 = 0.6167  
2025-02-27 02:26:30.352  val_finetune_dtvu_steps_3/acc@10 = 0.6500  
2025-02-27 02:26:30.352  val_finetune_dtvu_steps_3/acc@20 = 0.7333  
2025-02-27 02:26:30.352  
  
2025-02-27 02:26:30.826  
  
2025-02-27 02:26:30.826  [TRN] epoch_18  
2025-02-27 02:26:30.826  =============================================  
2025-02-27 02:26:30.826  trn/loss = 3.3498  
2025-02-27 02:26:30.826  trn/acc@01 = 0.2442  
2025-02-27 02:26:30.826  trn/acc@05 = 0.5808  
2025-02-27 02:26:30.826  trn/acc@10 = 0.7000  
2025-02-27 02:26:30.826  trn/acc@20 = 0.8058  
2025-02-27 02:26:30.826  
  
2025-02-27 02:26:30.890  
  
2025-02-27 02:26:30.890  [VAL_FINETUNE_DTVU_STEPS_1] epoch_18  
2025-02-27 02:26:30.890  =============================================  
2025-02-27 02:26:30.890  val_finetune_dtvu_steps_1/loss = 3.2745  
2025-02-27 02:26:30.890  val_finetune_dtvu_steps_1/acc@01 = 0.4500  
2025-02-27 02:26:30.890  val_finetune_dtvu_steps_1/acc@05 = 0.6000  
2025-02-27 02:26:30.890  val_finetune_dtvu_steps_1/acc@10 = 0.7500  
2025-02-27 02:26:30.890  val_finetune_dtvu_steps_1/acc@20 = 0.8500  
2025-02-27 02:26:30.890  
  
2025-02-27 02:26:30.938  
  
2025-02-27 02:26:30.938  [VAL_FINETUNE_DTVU_STEPS_3] epoch_18  
2025-02-27 02:26:30.938  =============================================  
2025-02-27 02:26:30.938  val_finetune_dtvu_steps_3/loss = 3.4861  
2025-02-27 02:26:30.938  val_finetune_dtvu_steps_3/acc@01 = 0.3833  
2025-02-27 02:26:30.938  val_finetune_dtvu_steps_3/acc@05 = 0.5833  
2025-02-27 02:26:30.938  val_finetune_dtvu_steps_3/acc@10 = 0.6500  
2025-02-27 02:26:30.938  val_finetune_dtvu_steps_3/acc@20 = 0.7333  
2025-02-27 02:26:30.938  
  
2025-02-27 02:26:31.368  
  
2025-02-27 02:26:31.368  [TRN] epoch_19  
2025-02-27 02:26:31.368  =============================================  
2025-02-27 02:26:31.368  trn/loss = 3.2311  
2025-02-27 02:26:31.368  trn/acc@01 = 0.2848  
2025-02-27 02:26:31.368  trn/acc@05 = 0.6182  
2025-02-27 02:26:31.368  trn/acc@10 = 0.7192  
2025-02-27 02:26:31.368  trn/acc@20 = 0.8242  
2025-02-27 02:26:31.368  
  
2025-02-27 02:26:31.416  
  
2025-02-27 02:26:31.416  [VAL_FINETUNE_DTVU_STEPS_1] epoch_19  
2025-02-27 02:26:31.416  =============================================  
2025-02-27 02:26:31.416  val_finetune_dtvu_steps_1/loss = 3.1029  
2025-02-27 02:26:31.416  val_finetune_dtvu_steps_1/acc@01 = 0.4500  
2025-02-27 02:26:31.416  val_finetune_dtvu_steps_1/acc@05 = 0.6500  
2025-02-27 02:26:31.416  val_finetune_dtvu_steps_1/acc@10 = 0.7500  
2025-02-27 02:26:31.416  val_finetune_dtvu_steps_1/acc@20 = 0.8500  
2025-02-27 02:26:31.416  
  
2025-02-27 02:26:31.471  
  
2025-02-27 02:26:31.471  [VAL_FINETUNE_DTVU_STEPS_3] epoch_19  
2025-02-27 02:26:31.471  =============================================  
2025-02-27 02:26:31.471  val_finetune_dtvu_steps_3/loss = 3.3522  
2025-02-27 02:26:31.471  val_finetune_dtvu_steps_3/acc@01 = 0.3833  
2025-02-27 02:26:31.471  val_finetune_dtvu_steps_3/acc@05 = 0.6000  
2025-02-27 02:26:31.471  val_finetune_dtvu_steps_3/acc@10 = 0.6667  
2025-02-27 02:26:31.471  val_finetune_dtvu_steps_3/acc@20 = 0.7667  
2025-02-27 02:26:31.471  
  
2025-02-27 02:26:31.900  
  
2025-02-27 02:26:31.900  [TRN] epoch_20  
2025-02-27 02:26:31.900  =============================================  
2025-02-27 02:26:31.900  trn/loss = 3.1437  
2025-02-27 02:26:31.900  trn/acc@01 = 0.2752  
2025-02-27 02:26:31.900  trn/acc@05 = 0.6000  
2025-02-27 02:26:31.900  trn/acc@10 = 0.7156  
2025-02-27 02:26:31.900  trn/acc@20 = 0.8257  
2025-02-27 02:26:31.900  
  
2025-02-27 02:26:31.948  
  
2025-02-27 02:26:31.948  [VAL_FINETUNE_DTVU_STEPS_1] epoch_20  
2025-02-27 02:26:31.948  =============================================  
2025-02-27 02:26:31.948  val_finetune_dtvu_steps_1/loss = 3.1202  
2025-02-27 02:26:31.948  val_finetune_dtvu_steps_1/acc@01 = 0.4500  
2025-02-27 02:26:31.948  val_finetune_dtvu_steps_1/acc@05 = 0.6000  
2025-02-27 02:26:31.948  val_finetune_dtvu_steps_1/acc@10 = 0.8000  
2025-02-27 02:26:31.948  val_finetune_dtvu_steps_1/acc@20 = 0.9000  
2025-02-27 02:26:31.948  
  
2025-02-27 02:26:31.996  
  
2025-02-27 02:26:31.996  [VAL_FINETUNE_DTVU_STEPS_3] epoch_20  
2025-02-27 02:26:31.996  =============================================  
2025-02-27 02:26:31.996  val_finetune_dtvu_steps_3/loss = 3.4270  
2025-02-27 02:26:31.996  val_finetune_dtvu_steps_3/acc@01 = 0.3833  
2025-02-27 02:26:32.012  val_finetune_dtvu_steps_3/acc@05 = 0.5667  
2025-02-27 02:26:32.012  val_finetune_dtvu_steps_3/acc@10 = 0.6667  
2025-02-27 02:26:32.012  val_finetune_dtvu_steps_3/acc@20 = 0.7500  
2025-02-27 02:26:32.012  
  
2025-02-27 02:26:32.428  
  
2025-02-27 02:26:32.428  [TRN] epoch_21  
2025-02-27 02:26:32.428  =============================================  
2025-02-27 02:26:32.428  trn/loss = 3.2151  
2025-02-27 02:26:32.428  trn/acc@01 = 0.2343  
2025-02-27 02:26:32.428  trn/acc@05 = 0.6081  
2025-02-27 02:26:32.428  trn/acc@10 = 0.7010  
2025-02-27 02:26:32.428  trn/acc@20 = 0.8242  
2025-02-27 02:26:32.428  
  
2025-02-27 02:26:32.476  
  
2025-02-27 02:26:32.476  [VAL_FINETUNE_DTVU_STEPS_1] epoch_21  
2025-02-27 02:26:32.476  =============================================  
2025-02-27 02:26:32.476  val_finetune_dtvu_steps_1/loss = 3.1563  
2025-02-27 02:26:32.476  val_finetune_dtvu_steps_1/acc@01 = 0.3000  
2025-02-27 02:26:32.476  val_finetune_dtvu_steps_1/acc@05 = 0.6000  
2025-02-27 02:26:32.476  val_finetune_dtvu_steps_1/acc@10 = 0.8000  
2025-02-27 02:26:32.476  val_finetune_dtvu_steps_1/acc@20 = 0.8500  
2025-02-27 02:26:32.476  
  
2025-02-27 02:26:32.538  
  
2025-02-27 02:26:32.538  [VAL_FINETUNE_DTVU_STEPS_3] epoch_21  
2025-02-27 02:26:32.538  =============================================  
2025-02-27 02:26:32.538  val_finetune_dtvu_steps_3/loss = 3.3489  
2025-02-27 02:26:32.538  val_finetune_dtvu_steps_3/acc@01 = 0.3500  
2025-02-27 02:26:32.538  val_finetune_dtvu_steps_3/acc@05 = 0.5833  
2025-02-27 02:26:32.538  val_finetune_dtvu_steps_3/acc@10 = 0.6833  
2025-02-27 02:26:32.538  val_finetune_dtvu_steps_3/acc@20 = 0.7167  
2025-02-27 02:26:32.538  
  
2025-02-27 02:26:32.972  
  
2025-02-27 02:26:32.972  [TRN] epoch_22  
2025-02-27 02:26:32.972  =============================================  
2025-02-27 02:26:32.972  trn/loss = 3.0416  
2025-02-27 02:26:32.972  trn/acc@01 = 0.2614  
2025-02-27 02:26:32.972  trn/acc@05 = 0.6356  
2025-02-27 02:26:32.972  trn/acc@10 = 0.7386  
2025-02-27 02:26:32.972  trn/acc@20 = 0.8436  
2025-02-27 02:26:32.972  
  
2025-02-27 02:26:33.015  
  
2025-02-27 02:26:33.015  [VAL_FINETUNE_DTVU_STEPS_1] epoch_22  
2025-02-27 02:26:33.015  =============================================  
2025-02-27 02:26:33.015  val_finetune_dtvu_steps_1/loss = 3.1355  
2025-02-27 02:26:33.015  val_finetune_dtvu_steps_1/acc@01 = 0.2500  
2025-02-27 02:26:33.015  val_finetune_dtvu_steps_1/acc@05 = 0.6000  
2025-02-27 02:26:33.015  val_finetune_dtvu_steps_1/acc@10 = 0.8500  
2025-02-27 02:26:33.015  val_finetune_dtvu_steps_1/acc@20 = 0.8500  
2025-02-27 02:26:33.015  
  
2025-02-27 02:26:33.079  
  
2025-02-27 02:26:33.079  [VAL_FINETUNE_DTVU_STEPS_3] epoch_22  
2025-02-27 02:26:33.079  =============================================  
2025-02-27 02:26:33.079  val_finetune_dtvu_steps_3/loss = 3.3127  
2025-02-27 02:26:33.079  val_finetune_dtvu_steps_3/acc@01 = 0.3667  
2025-02-27 02:26:33.079  val_finetune_dtvu_steps_3/acc@05 = 0.5667  
2025-02-27 02:26:33.079  val_finetune_dtvu_steps_3/acc@10 = 0.7000  
2025-02-27 02:26:33.079  val_finetune_dtvu_steps_3/acc@20 = 0.7667  
2025-02-27 02:26:33.079  
  
2025-02-27 02:26:33.513  
  
2025-02-27 02:26:33.513  [TRN] epoch_23  
2025-02-27 02:26:33.513  =============================================  
2025-02-27 02:26:33.513  trn/loss = 3.0649  
2025-02-27 02:26:33.513  trn/acc@01 = 0.2863  
2025-02-27 02:26:33.513  trn/acc@05 = 0.6274  
2025-02-27 02:26:33.513  trn/acc@10 = 0.7179  
2025-02-27 02:26:33.513  trn/acc@20 = 0.8316  
2025-02-27 02:26:33.513  
  
2025-02-27 02:26:33.561  
  
2025-02-27 02:26:33.561  [VAL_FINETUNE_DTVU_STEPS_1] epoch_23  
2025-02-27 02:26:33.561  =============================================  
2025-02-27 02:26:33.561  val_finetune_dtvu_steps_1/loss = 3.1298  
2025-02-27 02:26:33.561  val_finetune_dtvu_steps_1/acc@01 = 0.3500  
2025-02-27 02:26:33.561  val_finetune_dtvu_steps_1/acc@05 = 0.6000  
2025-02-27 02:26:33.561  val_finetune_dtvu_steps_1/acc@10 = 0.8500  
2025-02-27 02:26:33.561  val_finetune_dtvu_steps_1/acc@20 = 0.8500  
2025-02-27 02:26:33.561  
  
2025-02-27 02:26:33.609  
  
2025-02-27 02:26:33.609  [VAL_FINETUNE_DTVU_STEPS_3] epoch_23  
2025-02-27 02:26:33.609  =============================================  
2025-02-27 02:26:33.609  val_finetune_dtvu_steps_3/loss = 3.3014  
2025-02-27 02:26:33.609  val_finetune_dtvu_steps_3/acc@01 = 0.3667  
2025-02-27 02:26:33.609  val_finetune_dtvu_steps_3/acc@05 = 0.5833  
2025-02-27 02:26:33.609  val_finetune_dtvu_steps_3/acc@10 = 0.7000  
2025-02-27 02:26:33.609  val_finetune_dtvu_steps_3/acc@20 = 0.7667  
2025-02-27 02:26:33.609  
  
2025-02-27 02:26:34.061  
  
2025-02-27 02:26:34.061  [TRN] epoch_24  
2025-02-27 02:26:34.061  =============================================  
2025-02-27 02:26:34.061  trn/loss = 3.2379  
2025-02-27 02:26:34.061  trn/acc@01 = 0.2592  
2025-02-27 02:26:34.061  trn/acc@05 = 0.5755  
2025-02-27 02:26:34.061  trn/acc@10 = 0.7020  
2025-02-27 02:26:34.061  trn/acc@20 = 0.8245  
2025-02-27 02:26:34.061  
  
2025-02-27 02:26:34.125  
  
2025-02-27 02:26:34.125  [VAL_FINETUNE_DTVU_STEPS_1] epoch_24  
2025-02-27 02:26:34.125  =============================================  
2025-02-27 02:26:34.125  val_finetune_dtvu_steps_1/loss = 3.3353  
2025-02-27 02:26:34.125  val_finetune_dtvu_steps_1/acc@01 = 0.4000  
2025-02-27 02:26:34.125  val_finetune_dtvu_steps_1/acc@05 = 0.5500  
2025-02-27 02:26:34.125  val_finetune_dtvu_steps_1/acc@10 = 0.7000  
2025-02-27 02:26:34.125  val_finetune_dtvu_steps_1/acc@20 = 0.7500  
2025-02-27 02:26:34.125  
  
2025-02-27 02:26:34.174  
  
2025-02-27 02:26:34.174  [VAL_FINETUNE_DTVU_STEPS_3] epoch_24  
2025-02-27 02:26:34.174  =============================================  
2025-02-27 02:26:34.174  val_finetune_dtvu_steps_3/loss = 3.5549  
2025-02-27 02:26:34.174  val_finetune_dtvu_steps_3/acc@01 = 0.3833  
2025-02-27 02:26:34.174  val_finetune_dtvu_steps_3/acc@05 = 0.5000  
2025-02-27 02:26:34.174  val_finetune_dtvu_steps_3/acc@10 = 0.6667  
2025-02-27 02:26:34.174  val_finetune_dtvu_steps_3/acc@20 = 0.7333  
2025-02-27 02:26:34.174  
  
2025-02-27 02:26:34.589  
  
2025-02-27 02:26:34.589  [TRN] epoch_25  
2025-02-27 02:26:34.589  =============================================  
2025-02-27 02:26:34.589  trn/loss = 3.1194  
2025-02-27 02:26:34.589  trn/acc@01 = 0.3047  
2025-02-27 02:26:34.589  trn/acc@05 = 0.5907  
2025-02-27 02:26:34.589  trn/acc@10 = 0.7065  
2025-02-27 02:26:34.589  trn/acc@20 = 0.8224  
2025-02-27 02:26:34.589  
  
2025-02-27 02:26:34.637  
  
2025-02-27 02:26:34.637  [VAL_FINETUNE_DTVU_STEPS_1] epoch_25  
2025-02-27 02:26:34.637  =============================================  
2025-02-27 02:26:34.637  val_finetune_dtvu_steps_1/loss = 3.3624  
2025-02-27 02:26:34.637  val_finetune_dtvu_steps_1/acc@01 = 0.2500  
2025-02-27 02:26:34.637  val_finetune_dtvu_steps_1/acc@05 = 0.5000  
2025-02-27 02:26:34.637  val_finetune_dtvu_steps_1/acc@10 = 0.7500  
2025-02-27 02:26:34.637  val_finetune_dtvu_steps_1/acc@20 = 0.8500  
2025-02-27 02:26:34.637  
  
2025-02-27 02:26:34.685  
  
2025-02-27 02:26:34.685  [VAL_FINETUNE_DTVU_STEPS_3] epoch_25  
2025-02-27 02:26:34.685  =============================================  
2025-02-27 02:26:34.685  val_finetune_dtvu_steps_3/loss = 3.4149  
2025-02-27 02:26:34.685  val_finetune_dtvu_steps_3/acc@01 = 0.3500  
2025-02-27 02:26:34.685  val_finetune_dtvu_steps_3/acc@05 = 0.4833  
2025-02-27 02:26:34.685  val_finetune_dtvu_steps_3/acc@10 = 0.6833  
2025-02-27 02:26:34.685  val_finetune_dtvu_steps_3/acc@20 = 0.7500  
2025-02-27 02:26:34.685  
  
2025-02-27 02:26:35.099  
  
2025-02-27 02:26:35.099  [TRN] epoch_26  
2025-02-27 02:26:35.099  =============================================  
2025-02-27 02:26:35.099  trn/loss = 3.1339  
2025-02-27 02:26:35.099  trn/acc@01 = 0.2907  
2025-02-27 02:26:35.115  trn/acc@05 = 0.5979  
2025-02-27 02:26:35.115  trn/acc@10 = 0.7196  
2025-02-27 02:26:35.115  trn/acc@20 = 0.8227  
2025-02-27 02:26:35.115  
  
2025-02-27 02:26:35.163  
  
2025-02-27 02:26:35.163  [VAL_FINETUNE_DTVU_STEPS_1] epoch_26  
2025-02-27 02:26:35.163  =============================================  
2025-02-27 02:26:35.163  val_finetune_dtvu_steps_1/loss = 2.8248  
2025-02-27 02:26:35.163  val_finetune_dtvu_steps_1/acc@01 = 0.4500  
2025-02-27 02:26:35.163  val_finetune_dtvu_steps_1/acc@05 = 0.6000  
2025-02-27 02:26:35.163  val_finetune_dtvu_steps_1/acc@10 = 0.8000  
2025-02-27 02:26:35.163  val_finetune_dtvu_steps_1/acc@20 = 0.9000  
2025-02-27 02:26:35.163  
  
2025-02-27 02:26:35.211  
  
2025-02-27 02:26:35.211  [VAL_FINETUNE_DTVU_STEPS_3] epoch_26  
2025-02-27 02:26:35.211  =============================================  
2025-02-27 02:26:35.211  val_finetune_dtvu_steps_3/loss = 3.2557  
2025-02-27 02:26:35.211  val_finetune_dtvu_steps_3/acc@01 = 0.3833  
2025-02-27 02:26:35.211  val_finetune_dtvu_steps_3/acc@05 = 0.5667  
2025-02-27 02:26:35.211  val_finetune_dtvu_steps_3/acc@10 = 0.6500  
2025-02-27 02:26:35.211  val_finetune_dtvu_steps_3/acc@20 = 0.7833  
2025-02-27 02:26:35.211  
  
2025-02-27 02:26:35.685  
  
2025-02-27 02:26:35.685  [TRN] epoch_27  
2025-02-27 02:26:35.685  =============================================  
2025-02-27 02:26:35.685  trn/loss = 3.1542  
2025-02-27 02:26:35.685  trn/acc@01 = 0.2703  
2025-02-27 02:26:35.685  trn/acc@05 = 0.5820  
2025-02-27 02:26:35.685  trn/acc@10 = 0.7081  
2025-02-27 02:26:35.685  trn/acc@20 = 0.8306  
2025-02-27 02:26:35.685  
  
2025-02-27 02:26:35.738  
  
2025-02-27 02:26:35.738  [VAL_FINETUNE_DTVU_STEPS_1] epoch_27  
2025-02-27 02:26:35.738  =============================================  
2025-02-27 02:26:35.738  val_finetune_dtvu_steps_1/loss = 3.1165  
2025-02-27 02:26:35.738  val_finetune_dtvu_steps_1/acc@01 = 0.4500  
2025-02-27 02:26:35.738  val_finetune_dtvu_steps_1/acc@05 = 0.6000  
2025-02-27 02:26:35.738  val_finetune_dtvu_steps_1/acc@10 = 0.7000  
2025-02-27 02:26:35.738  val_finetune_dtvu_steps_1/acc@20 = 0.8500  
2025-02-27 02:26:35.738  
  
2025-02-27 02:26:35.785  
  
2025-02-27 02:26:35.785  [VAL_FINETUNE_DTVU_STEPS_3] epoch_27  
2025-02-27 02:26:35.785  =============================================  
2025-02-27 02:26:35.785  val_finetune_dtvu_steps_3/loss = 3.2756  
2025-02-27 02:26:35.785  val_finetune_dtvu_steps_3/acc@01 = 0.3833  
2025-02-27 02:26:35.785  val_finetune_dtvu_steps_3/acc@05 = 0.5167  
2025-02-27 02:26:35.785  val_finetune_dtvu_steps_3/acc@10 = 0.6833  
2025-02-27 02:26:35.785  val_finetune_dtvu_steps_3/acc@20 = 0.8000  
2025-02-27 02:26:35.785  
  
2025-02-27 02:26:36.348  
  
2025-02-27 02:26:36.348  [TRN] epoch_28  
2025-02-27 02:26:36.348  =============================================  
2025-02-27 02:26:36.348  trn/loss = 3.0282  
2025-02-27 02:26:36.348  trn/acc@01 = 0.2738  
2025-02-27 02:26:36.348  trn/acc@05 = 0.6058  
2025-02-27 02:26:36.348  trn/acc@10 = 0.7262  
2025-02-27 02:26:36.348  trn/acc@20 = 0.8524  
2025-02-27 02:26:36.348  
  
2025-02-27 02:26:36.396  
  
2025-02-27 02:26:36.396  [VAL_FINETUNE_DTVU_STEPS_1] epoch_28  
2025-02-27 02:26:36.396  =============================================  
2025-02-27 02:26:36.396  val_finetune_dtvu_steps_1/loss = 3.0971  
2025-02-27 02:26:36.396  val_finetune_dtvu_steps_1/acc@01 = 0.3500  
2025-02-27 02:26:36.396  val_finetune_dtvu_steps_1/acc@05 = 0.5500  
2025-02-27 02:26:36.396  val_finetune_dtvu_steps_1/acc@10 = 0.7500  
2025-02-27 02:26:36.396  val_finetune_dtvu_steps_1/acc@20 = 0.9000  
2025-02-27 02:26:36.396  
  
2025-02-27 02:26:36.460  
  
2025-02-27 02:26:36.460  [VAL_FINETUNE_DTVU_STEPS_3] epoch_28  
2025-02-27 02:26:36.460  =============================================  
2025-02-27 02:26:36.460  val_finetune_dtvu_steps_3/loss = 3.2408  
2025-02-27 02:26:36.460  val_finetune_dtvu_steps_3/acc@01 = 0.3500  
2025-02-27 02:26:36.460  val_finetune_dtvu_steps_3/acc@05 = 0.5833  
2025-02-27 02:26:36.460  val_finetune_dtvu_steps_3/acc@10 = 0.7000  
2025-02-27 02:26:36.460  val_finetune_dtvu_steps_3/acc@20 = 0.8167  
2025-02-27 02:26:36.460  
  
2025-02-27 02:26:36.904  
  
2025-02-27 02:26:36.904  [TRN] epoch_29  
2025-02-27 02:26:36.904  =============================================  
2025-02-27 02:26:36.904  trn/loss = 3.0936  
2025-02-27 02:26:36.904  trn/acc@01 = 0.2879  
2025-02-27 02:26:36.904  trn/acc@05 = 0.5780  
2025-02-27 02:26:36.904  trn/acc@10 = 0.6901  
2025-02-27 02:26:36.904  trn/acc@20 = 0.8154  
2025-02-27 02:26:36.904  
  
2025-02-27 02:26:36.941  
  
2025-02-27 02:26:36.941  [VAL_FINETUNE_DTVU_STEPS_1] epoch_29  
2025-02-27 02:26:36.941  =============================================  
2025-02-27 02:26:36.941  val_finetune_dtvu_steps_1/loss = 3.1386  
2025-02-27 02:26:36.941  val_finetune_dtvu_steps_1/acc@01 = 0.3500  
2025-02-27 02:26:36.941  val_finetune_dtvu_steps_1/acc@05 = 0.6000  
2025-02-27 02:26:36.941  val_finetune_dtvu_steps_1/acc@10 = 0.7500  
2025-02-27 02:26:36.941  val_finetune_dtvu_steps_1/acc@20 = 0.9000  
2025-02-27 02:26:36.941  
  
2025-02-27 02:26:37.004  
  
2025-02-27 02:26:37.004  [VAL_FINETUNE_DTVU_STEPS_3] epoch_29  
2025-02-27 02:26:37.004  =============================================  
2025-02-27 02:26:37.004  val_finetune_dtvu_steps_3/loss = 3.2580  
2025-02-27 02:26:37.004  val_finetune_dtvu_steps_3/acc@01 = 0.3333  
2025-02-27 02:26:37.004  val_finetune_dtvu_steps_3/acc@05 = 0.6167  
2025-02-27 02:26:37.004  val_finetune_dtvu_steps_3/acc@10 = 0.6833  
2025-02-27 02:26:37.004  val_finetune_dtvu_steps_3/acc@20 = 0.8000  
2025-02-27 02:26:37.004  
  
2025-02-27 02:26:37.435  
  
2025-02-27 02:26:37.435  [TRN] epoch_30  
2025-02-27 02:26:37.435  =============================================  
2025-02-27 02:26:37.435  trn/loss = 2.8671  
2025-02-27 02:26:37.435  trn/acc@01 = 0.3253  
2025-02-27 02:26:37.435  trn/acc@05 = 0.6545  
2025-02-27 02:26:37.435  trn/acc@10 = 0.7515  
2025-02-27 02:26:37.435  trn/acc@20 = 0.8465  
2025-02-27 02:26:37.435  
  
2025-02-27 02:26:37.477  
  
2025-02-27 02:26:37.477  [VAL_FINETUNE_DTVU_STEPS_1] epoch_30  
2025-02-27 02:26:37.477  =============================================  
2025-02-27 02:26:37.477  val_finetune_dtvu_steps_1/loss = 3.1329  
2025-02-27 02:26:37.477  val_finetune_dtvu_steps_1/acc@01 = 0.3500  
2025-02-27 02:26:37.477  val_finetune_dtvu_steps_1/acc@05 = 0.5500  
2025-02-27 02:26:37.477  val_finetune_dtvu_steps_1/acc@10 = 0.7500  
2025-02-27 02:26:37.477  val_finetune_dtvu_steps_1/acc@20 = 0.9000  
2025-02-27 02:26:37.477  
  
2025-02-27 02:26:37.539  
  
2025-02-27 02:26:37.539  [VAL_FINETUNE_DTVU_STEPS_3] epoch_30  
2025-02-27 02:26:37.539  =============================================  
2025-02-27 02:26:37.539  val_finetune_dtvu_steps_3/loss = 3.2308  
2025-02-27 02:26:37.539  val_finetune_dtvu_steps_3/acc@01 = 0.3333  
2025-02-27 02:26:37.539  val_finetune_dtvu_steps_3/acc@05 = 0.5833  
2025-02-27 02:26:37.539  val_finetune_dtvu_steps_3/acc@10 = 0.7000  
2025-02-27 02:26:37.539  val_finetune_dtvu_steps_3/acc@20 = 0.8000  
2025-02-27 02:26:37.539  
  
2025-02-27 02:26:37.977  
  
2025-02-27 02:26:37.977  [TRN] epoch_31  
2025-02-27 02:26:37.977  =============================================  
2025-02-27 02:26:37.977  trn/loss = 2.8613  
2025-02-27 02:26:37.977  trn/acc@01 = 0.3340  
2025-02-27 02:26:37.977  trn/acc@05 = 0.6433  
2025-02-27 02:26:37.977  trn/acc@10 = 0.7320  
2025-02-27 02:26:37.977  trn/acc@20 = 0.8557  
2025-02-27 02:26:37.977  
  
2025-02-27 02:26:38.033  
  
2025-02-27 02:26:38.033  [VAL_FINETUNE_DTVU_STEPS_1] epoch_31  
2025-02-27 02:26:38.033  =============================================  
2025-02-27 02:26:38.033  val_finetune_dtvu_steps_1/loss = 3.1085  
2025-02-27 02:26:38.033  val_finetune_dtvu_steps_1/acc@01 = 0.3500  
2025-02-27 02:26:38.033  val_finetune_dtvu_steps_1/acc@05 = 0.5500  
2025-02-27 02:26:38.033  val_finetune_dtvu_steps_1/acc@10 = 0.8000  
2025-02-27 02:26:38.033  val_finetune_dtvu_steps_1/acc@20 = 0.9000  
2025-02-27 02:26:38.033  
  
2025-02-27 02:26:38.078  
  
2025-02-27 02:26:38.078  [VAL_FINETUNE_DTVU_STEPS_3] epoch_31  
2025-02-27 02:26:38.091  =============================================  
2025-02-27 02:26:38.091  val_finetune_dtvu_steps_3/loss = 3.2192  
2025-02-27 02:26:38.091  val_finetune_dtvu_steps_3/acc@01 = 0.3333  
2025-02-27 02:26:38.091  val_finetune_dtvu_steps_3/acc@05 = 0.5667  
2025-02-27 02:26:38.091  val_finetune_dtvu_steps_3/acc@10 = 0.7333  
2025-02-27 02:26:38.091  val_finetune_dtvu_steps_3/acc@20 = 0.8000  
2025-02-27 02:26:38.091  
  
2025-02-27 02:26:38.533  
  
2025-02-27 02:26:38.533  [TRN] epoch_32  
2025-02-27 02:26:38.533  =============================================  
2025-02-27 02:26:38.533  trn/loss = 2.9305  
2025-02-27 02:26:38.533  trn/acc@01 = 0.3132  
2025-02-27 02:26:38.533  trn/acc@05 = 0.5981  
2025-02-27 02:26:38.533  trn/acc@10 = 0.7566  
2025-02-27 02:26:38.533  trn/acc@20 = 0.8472  
2025-02-27 02:26:38.533  
  
2025-02-27 02:26:38.581  
  
2025-02-27 02:26:38.581  [VAL_FINETUNE_DTVU_STEPS_1] epoch_32  
2025-02-27 02:26:38.581  =============================================  
2025-02-27 02:26:38.581  val_finetune_dtvu_steps_1/loss = 3.0679  
2025-02-27 02:26:38.581  val_finetune_dtvu_steps_1/acc@01 = 0.3500  
2025-02-27 02:26:38.581  val_finetune_dtvu_steps_1/acc@05 = 0.6500  
2025-02-27 02:26:38.581  val_finetune_dtvu_steps_1/acc@10 = 0.7500  
2025-02-27 02:26:38.581  val_finetune_dtvu_steps_1/acc@20 = 0.9000  
2025-02-27 02:26:38.581  
  
2025-02-27 02:26:38.642  
  
2025-02-27 02:26:38.642  [VAL_FINETUNE_DTVU_STEPS_3] epoch_32  
2025-02-27 02:26:38.642  =============================================  
2025-02-27 02:26:38.642  val_finetune_dtvu_steps_3/loss = 3.2420  
2025-02-27 02:26:38.642  val_finetune_dtvu_steps_3/acc@01 = 0.3167  
2025-02-27 02:26:38.642  val_finetune_dtvu_steps_3/acc@05 = 0.6000  
2025-02-27 02:26:38.642  val_finetune_dtvu_steps_3/acc@10 = 0.6833  
2025-02-27 02:26:38.642  val_finetune_dtvu_steps_3/acc@20 = 0.8000  
2025-02-27 02:26:38.642  
  
2025-02-27 02:26:39.067  
  
2025-02-27 02:26:39.067  [TRN] epoch_33  
2025-02-27 02:26:39.067  =============================================  
2025-02-27 02:26:39.067  trn/loss = 3.0597  
2025-02-27 02:26:39.067  trn/acc@01 = 0.2931  
2025-02-27 02:26:39.067  trn/acc@05 = 0.5842  
2025-02-27 02:26:39.067  trn/acc@10 = 0.7149  
2025-02-27 02:26:39.067  trn/acc@20 = 0.8277  
2025-02-27 02:26:39.067  
  
2025-02-27 02:26:39.121  
  
2025-02-27 02:26:39.121  [VAL_FINETUNE_DTVU_STEPS_1] epoch_33  
2025-02-27 02:26:39.129  =============================================  
2025-02-27 02:26:39.129  val_finetune_dtvu_steps_1/loss = 2.8421  
2025-02-27 02:26:39.129  val_finetune_dtvu_steps_1/acc@01 = 0.3000  
2025-02-27 02:26:39.129  val_finetune_dtvu_steps_1/acc@05 = 0.7000  
2025-02-27 02:26:39.129  val_finetune_dtvu_steps_1/acc@10 = 0.8000  
2025-02-27 02:26:39.129  val_finetune_dtvu_steps_1/acc@20 = 0.9000  
2025-02-27 02:26:39.129  
  
2025-02-27 02:26:39.178  
  
2025-02-27 02:26:39.178  [VAL_FINETUNE_DTVU_STEPS_3] epoch_33  
2025-02-27 02:26:39.178  =============================================  
2025-02-27 02:26:39.178  val_finetune_dtvu_steps_3/loss = 3.2745  
2025-02-27 02:26:39.178  val_finetune_dtvu_steps_3/acc@01 = 0.2833  
2025-02-27 02:26:39.178  val_finetune_dtvu_steps_3/acc@05 = 0.5833  
2025-02-27 02:26:39.178  val_finetune_dtvu_steps_3/acc@10 = 0.7333  
2025-02-27 02:26:39.178  val_finetune_dtvu_steps_3/acc@20 = 0.8000  
2025-02-27 02:26:39.178  
  
2025-02-27 02:26:39.617  
  
2025-02-27 02:26:39.617  [TRN] epoch_34  
2025-02-27 02:26:39.617  =============================================  
2025-02-27 02:26:39.617  trn/loss = 3.0094  
2025-02-27 02:26:39.617  trn/acc@01 = 0.2863  
2025-02-27 02:26:39.617  trn/acc@05 = 0.6274  
2025-02-27 02:26:39.617  trn/acc@10 = 0.7558  
2025-02-27 02:26:39.617  trn/acc@20 = 0.8505  
2025-02-27 02:26:39.617  
  
2025-02-27 02:26:39.679  
  
2025-02-27 02:26:39.679  [VAL_FINETUNE_DTVU_STEPS_1] epoch_34  
2025-02-27 02:26:39.680  =============================================  
2025-02-27 02:26:39.680  val_finetune_dtvu_steps_1/loss = 2.9200  
2025-02-27 02:26:39.680  val_finetune_dtvu_steps_1/acc@01 = 0.3500  
2025-02-27 02:26:39.680  val_finetune_dtvu_steps_1/acc@05 = 0.6500  
2025-02-27 02:26:39.680  val_finetune_dtvu_steps_1/acc@10 = 0.8000  
2025-02-27 02:26:39.680  val_finetune_dtvu_steps_1/acc@20 = 0.9000  
2025-02-27 02:26:39.680  
  
2025-02-27 02:26:39.738  
  
2025-02-27 02:26:39.738  [VAL_FINETUNE_DTVU_STEPS_3] epoch_34  
2025-02-27 02:26:39.738  =============================================  
2025-02-27 02:26:39.738  val_finetune_dtvu_steps_3/loss = 3.2177  
2025-02-27 02:26:39.738  val_finetune_dtvu_steps_3/acc@01 = 0.3333  
2025-02-27 02:26:39.738  val_finetune_dtvu_steps_3/acc@05 = 0.5667  
2025-02-27 02:26:39.738  val_finetune_dtvu_steps_3/acc@10 = 0.6667  
2025-02-27 02:26:39.738  val_finetune_dtvu_steps_3/acc@20 = 0.8167  
2025-02-27 02:26:39.738  
  
2025-02-27 02:26:40.166  
  
2025-02-27 02:26:40.179  [TRN] epoch_35  
2025-02-27 02:26:40.179  =============================================  
2025-02-27 02:26:40.179  trn/loss = 2.8478  
2025-02-27 02:26:40.179  trn/acc@01 = 0.3287  
2025-02-27 02:26:40.179  trn/acc@05 = 0.6257  
2025-02-27 02:26:40.179  trn/acc@10 = 0.7327  
2025-02-27 02:26:40.179  trn/acc@20 = 0.8495  
2025-02-27 02:26:40.179  
  
2025-02-27 02:26:40.229  
  
2025-02-27 02:26:40.229  [VAL_FINETUNE_DTVU_STEPS_1] epoch_35  
2025-02-27 02:26:40.229  =============================================  
2025-02-27 02:26:40.229  val_finetune_dtvu_steps_1/loss = 3.1644  
2025-02-27 02:26:40.229  val_finetune_dtvu_steps_1/acc@01 = 0.3000  
2025-02-27 02:26:40.229  val_finetune_dtvu_steps_1/acc@05 = 0.6000  
2025-02-27 02:26:40.229  val_finetune_dtvu_steps_1/acc@10 = 0.8500  
2025-02-27 02:26:40.229  val_finetune_dtvu_steps_1/acc@20 = 0.9000  
2025-02-27 02:26:40.229  
  
2025-02-27 02:26:40.292  
  
2025-02-27 02:26:40.292  [VAL_FINETUNE_DTVU_STEPS_3] epoch_35  
2025-02-27 02:26:40.292  =============================================  
2025-02-27 02:26:40.292  val_finetune_dtvu_steps_3/loss = 3.3201  
2025-02-27 02:26:40.292  val_finetune_dtvu_steps_3/acc@01 = 0.3500  
2025-02-27 02:26:40.292  val_finetune_dtvu_steps_3/acc@05 = 0.5667  
2025-02-27 02:26:40.292  val_finetune_dtvu_steps_3/acc@10 = 0.6500  
2025-02-27 02:26:40.292  val_finetune_dtvu_steps_3/acc@20 = 0.7833  
2025-02-27 02:26:40.292  
  
2025-02-27 02:26:40.732  
  
2025-02-27 02:26:40.732  [TRN] epoch_36  
2025-02-27 02:26:40.732  =============================================  
2025-02-27 02:26:40.732  trn/loss = 2.9378  
2025-02-27 02:26:40.732  trn/acc@01 = 0.2838  
2025-02-27 02:26:40.732  trn/acc@05 = 0.6324  
2025-02-27 02:26:40.732  trn/acc@10 = 0.7562  
2025-02-27 02:26:40.732  trn/acc@20 = 0.8629  
2025-02-27 02:26:40.732  
  
2025-02-27 02:26:40.795  
  
2025-02-27 02:26:40.795  [VAL_FINETUNE_DTVU_STEPS_1] epoch_36  
2025-02-27 02:26:40.795  =============================================  
2025-02-27 02:26:40.795  val_finetune_dtvu_steps_1/loss = 2.8606  
2025-02-27 02:26:40.795  val_finetune_dtvu_steps_1/acc@01 = 0.4000  
2025-02-27 02:26:40.795  val_finetune_dtvu_steps_1/acc@05 = 0.5500  
2025-02-27 02:26:40.795  val_finetune_dtvu_steps_1/acc@10 = 0.7500  
2025-02-27 02:26:40.795  val_finetune_dtvu_steps_1/acc@20 = 0.9000  
2025-02-27 02:26:40.795  
  
2025-02-27 02:26:40.847  
  
2025-02-27 02:26:40.847  [VAL_FINETUNE_DTVU_STEPS_3] epoch_36  
2025-02-27 02:26:40.847  =============================================  
2025-02-27 02:26:40.847  val_finetune_dtvu_steps_3/loss = 3.2237  
2025-02-27 02:26:40.847  val_finetune_dtvu_steps_3/acc@01 = 0.3667  
2025-02-27 02:26:40.847  val_finetune_dtvu_steps_3/acc@05 = 0.5833  
2025-02-27 02:26:40.847  val_finetune_dtvu_steps_3/acc@10 = 0.6667  
2025-02-27 02:26:40.847  val_finetune_dtvu_steps_3/acc@20 = 0.7833  
2025-02-27 02:26:40.847  
  
2025-02-27 02:26:41.285  
  
2025-02-27 02:26:41.285  [TRN] epoch_37  
2025-02-27 02:26:41.285  =============================================  
2025-02-27 02:26:41.285  trn/loss = 2.8394  
2025-02-27 02:26:41.285  trn/acc@01 = 0.3191  
2025-02-27 02:26:41.285  trn/acc@05 = 0.6383  
2025-02-27 02:26:41.285  trn/acc@10 = 0.7489  
2025-02-27 02:26:41.285  trn/acc@20 = 0.8851  
2025-02-27 02:26:41.285  
  
2025-02-27 02:26:41.332  
  
2025-02-27 02:26:41.332  [VAL_FINETUNE_DTVU_STEPS_1] epoch_37  
2025-02-27 02:26:41.332  =============================================  
2025-02-27 02:26:41.332  val_finetune_dtvu_steps_1/loss = 2.9662  
2025-02-27 02:26:41.332  val_finetune_dtvu_steps_1/acc@01 = 0.4000  
2025-02-27 02:26:41.332  val_finetune_dtvu_steps_1/acc@05 = 0.6000  
2025-02-27 02:26:41.332  val_finetune_dtvu_steps_1/acc@10 = 0.7000  
2025-02-27 02:26:41.332  val_finetune_dtvu_steps_1/acc@20 = 0.9000  
2025-02-27 02:26:41.332  
  
2025-02-27 02:26:41.394  
  
2025-02-27 02:26:41.394  [VAL_FINETUNE_DTVU_STEPS_3] epoch_37  
2025-02-27 02:26:41.394  =============================================  
2025-02-27 02:26:41.394  val_finetune_dtvu_steps_3/loss = 3.2598  
2025-02-27 02:26:41.394  val_finetune_dtvu_steps_3/acc@01 = 0.3500  
2025-02-27 02:26:41.394  val_finetune_dtvu_steps_3/acc@05 = 0.5667  
2025-02-27 02:26:41.394  val_finetune_dtvu_steps_3/acc@10 = 0.6333  
2025-02-27 02:26:41.394  val_finetune_dtvu_steps_3/acc@20 = 0.7667  
2025-02-27 02:26:41.394  
  
2025-02-27 02:26:41.833  
  
2025-02-27 02:26:41.833  [TRN] epoch_38  
2025-02-27 02:26:41.833  =============================================  
2025-02-27 02:26:41.833  trn/loss = 2.9405  
2025-02-27 02:26:41.833  trn/acc@01 = 0.2625  
2025-02-27 02:26:41.833  trn/acc@05 = 0.6042  
2025-02-27 02:26:41.833  trn/acc@10 = 0.7083  
2025-02-27 02:26:41.833  trn/acc@20 = 0.8542  
2025-02-27 02:26:41.833  
  
2025-02-27 02:26:41.904  
  
2025-02-27 02:26:41.904  [VAL_FINETUNE_DTVU_STEPS_1] epoch_38  
2025-02-27 02:26:41.904  =============================================  
2025-02-27 02:26:41.904  val_finetune_dtvu_steps_1/loss = 2.9561  
2025-02-27 02:26:41.904  val_finetune_dtvu_steps_1/acc@01 = 0.3500  
2025-02-27 02:26:41.904  val_finetune_dtvu_steps_1/acc@05 = 0.6000  
2025-02-27 02:26:41.904  val_finetune_dtvu_steps_1/acc@10 = 0.7500  
2025-02-27 02:26:41.904  val_finetune_dtvu_steps_1/acc@20 = 0.9000  
2025-02-27 02:26:41.904  
  
2025-02-27 02:26:41.958  
  
2025-02-27 02:26:41.958  [VAL_FINETUNE_DTVU_STEPS_3] epoch_38  
2025-02-27 02:26:41.958  =============================================  
2025-02-27 02:26:41.958  val_finetune_dtvu_steps_3/loss = 3.2092  
2025-02-27 02:26:41.958  val_finetune_dtvu_steps_3/acc@01 = 0.3333  
2025-02-27 02:26:41.958  val_finetune_dtvu_steps_3/acc@05 = 0.5833  
2025-02-27 02:26:41.958  val_finetune_dtvu_steps_3/acc@10 = 0.6500  
2025-02-27 02:26:41.958  val_finetune_dtvu_steps_3/acc@20 = 0.7833  
2025-02-27 02:26:41.958  
  
2025-02-27 02:26:42.398  
  
2025-02-27 02:26:42.398  [TRN] epoch_39  
2025-02-27 02:26:42.398  =============================================  
2025-02-27 02:26:42.398  trn/loss = 2.6268  
2025-02-27 02:26:42.398  trn/acc@01 = 0.3742  
2025-02-27 02:26:42.398  trn/acc@05 = 0.6796  
2025-02-27 02:26:42.398  trn/acc@10 = 0.7785  
2025-02-27 02:26:42.398  trn/acc@20 = 0.8688  
2025-02-27 02:26:42.398  
  
2025-02-27 02:26:42.461  
  
2025-02-27 02:26:42.461  [VAL_FINETUNE_DTVU_STEPS_1] epoch_39  
2025-02-27 02:26:42.461  =============================================  
2025-02-27 02:26:42.461  val_finetune_dtvu_steps_1/loss = 2.9722  
2025-02-27 02:26:42.461  val_finetune_dtvu_steps_1/acc@01 = 0.4000  
2025-02-27 02:26:42.461  val_finetune_dtvu_steps_1/acc@05 = 0.6000  
2025-02-27 02:26:42.461  val_finetune_dtvu_steps_1/acc@10 = 0.7500  
2025-02-27 02:26:42.461  val_finetune_dtvu_steps_1/acc@20 = 0.9000  
2025-02-27 02:26:42.461  
  
2025-02-27 02:26:42.508  
  
2025-02-27 02:26:42.508  [VAL_FINETUNE_DTVU_STEPS_3] epoch_39  
2025-02-27 02:26:42.508  =============================================  
2025-02-27 02:26:42.508  val_finetune_dtvu_steps_3/loss = 3.2164  
2025-02-27 02:26:42.508  val_finetune_dtvu_steps_3/acc@01 = 0.3667  
2025-02-27 02:26:42.508  val_finetune_dtvu_steps_3/acc@05 = 0.5667  
2025-02-27 02:26:42.508  val_finetune_dtvu_steps_3/acc@10 = 0.6500  
2025-02-27 02:26:42.508  val_finetune_dtvu_steps_3/acc@20 = 0.7833  
2025-02-27 02:26:42.508  
  
2025-02-27 02:26:42.963  
  
2025-02-27 02:26:42.963  [TRN] epoch_40  
2025-02-27 02:26:42.963  =============================================  
2025-02-27 02:26:42.963  trn/loss = 3.0085  
2025-02-27 02:26:42.963  trn/acc@01 = 0.2840  
2025-02-27 02:26:42.963  trn/acc@05 = 0.5980  
2025-02-27 02:26:42.963  trn/acc@10 = 0.7260  
2025-02-27 02:26:42.963  trn/acc@20 = 0.8360  
2025-02-27 02:26:42.963  
  
2025-02-27 02:26:43.014  
  
2025-02-27 02:26:43.014  [VAL_FINETUNE_DTVU_STEPS_1] epoch_40  
2025-02-27 02:26:43.014  =============================================  
2025-02-27 02:26:43.014  val_finetune_dtvu_steps_1/loss = 3.3663  
2025-02-27 02:26:43.014  val_finetune_dtvu_steps_1/acc@01 = 0.2000  
2025-02-27 02:26:43.014  val_finetune_dtvu_steps_1/acc@05 = 0.6000  
2025-02-27 02:26:43.014  val_finetune_dtvu_steps_1/acc@10 = 0.7500  
2025-02-27 02:26:43.014  val_finetune_dtvu_steps_1/acc@20 = 0.9000  
2025-02-27 02:26:43.014  
  
2025-02-27 02:26:43.081  
  
2025-02-27 02:26:43.081  [VAL_FINETUNE_DTVU_STEPS_3] epoch_40  
2025-02-27 02:26:43.081  =============================================  
2025-02-27 02:26:43.081  val_finetune_dtvu_steps_3/loss = 3.4980  
2025-02-27 02:26:43.081  val_finetune_dtvu_steps_3/acc@01 = 0.2167  
2025-02-27 02:26:43.081  val_finetune_dtvu_steps_3/acc@05 = 0.5333  
2025-02-27 02:26:43.081  val_finetune_dtvu_steps_3/acc@10 = 0.6500  
2025-02-27 02:26:43.081  val_finetune_dtvu_steps_3/acc@20 = 0.7833  
2025-02-27 02:26:43.081  
  
2025-02-27 02:26:43.523  
  
2025-02-27 02:26:43.523  [TRN] epoch_41  
2025-02-27 02:26:43.523  =============================================  
2025-02-27 02:26:43.523  trn/loss = 3.1717  
2025-02-27 02:26:43.523  trn/acc@01 = 0.2495  
2025-02-27 02:26:43.523  trn/acc@05 = 0.5695  
2025-02-27 02:26:43.523  trn/acc@10 = 0.7124  
2025-02-27 02:26:43.523  trn/acc@20 = 0.8305  
2025-02-27 02:26:43.523  
  
2025-02-27 02:26:43.578  
  
2025-02-27 02:26:43.578  [VAL_FINETUNE_DTVU_STEPS_1] epoch_41  
2025-02-27 02:26:43.578  =============================================  
2025-02-27 02:26:43.578  val_finetune_dtvu_steps_1/loss = 3.1301  
2025-02-27 02:26:43.578  val_finetune_dtvu_steps_1/acc@01 = 0.3000  
2025-02-27 02:26:43.578  val_finetune_dtvu_steps_1/acc@05 = 0.5500  
2025-02-27 02:26:43.578  val_finetune_dtvu_steps_1/acc@10 = 0.7500  
2025-02-27 02:26:43.578  val_finetune_dtvu_steps_1/acc@20 = 0.9000  
2025-02-27 02:26:43.578  
  
2025-02-27 02:26:43.623  
  
2025-02-27 02:26:43.623  [VAL_FINETUNE_DTVU_STEPS_3] epoch_41  
2025-02-27 02:26:43.623  =============================================  
2025-02-27 02:26:43.623  val_finetune_dtvu_steps_3/loss = 3.2792  
2025-02-27 02:26:43.623  val_finetune_dtvu_steps_3/acc@01 = 0.3333  
2025-02-27 02:26:43.623  val_finetune_dtvu_steps_3/acc@05 = 0.5167  
2025-02-27 02:26:43.623  val_finetune_dtvu_steps_3/acc@10 = 0.6667  
2025-02-27 02:26:43.623  val_finetune_dtvu_steps_3/acc@20 = 0.7667  
2025-02-27 02:26:43.623  
  
2025-02-27 02:26:44.076  
  
2025-02-27 02:26:44.076  [TRN] epoch_42  
2025-02-27 02:26:44.076  =============================================  
2025-02-27 02:26:44.076  trn/loss = 3.0281  
2025-02-27 02:26:44.076  trn/acc@01 = 0.2768  
2025-02-27 02:26:44.076  trn/acc@05 = 0.5899  
2025-02-27 02:26:44.076  trn/acc@10 = 0.7152  
2025-02-27 02:26:44.076  trn/acc@20 = 0.8465  
2025-02-27 02:26:44.076  
  
2025-02-27 02:26:44.123  
  
2025-02-27 02:26:44.123  [VAL_FINETUNE_DTVU_STEPS_1] epoch_42  
2025-02-27 02:26:44.123  =============================================  
2025-02-27 02:26:44.123  val_finetune_dtvu_steps_1/loss = 3.1264  
2025-02-27 02:26:44.123  val_finetune_dtvu_steps_1/acc@01 = 0.4000  
2025-02-27 02:26:44.123  val_finetune_dtvu_steps_1/acc@05 = 0.5500  
2025-02-27 02:26:44.123  val_finetune_dtvu_steps_1/acc@10 = 0.7500  
2025-02-27 02:26:44.123  val_finetune_dtvu_steps_1/acc@20 = 0.9000  
2025-02-27 02:26:44.123  
  
2025-02-27 02:26:44.174  
  
2025-02-27 02:26:44.174  [VAL_FINETUNE_DTVU_STEPS_3] epoch_42  
2025-02-27 02:26:44.174  =============================================  
2025-02-27 02:26:44.174  val_finetune_dtvu_steps_3/loss = 3.1858  
2025-02-27 02:26:44.174  val_finetune_dtvu_steps_3/acc@01 = 0.3000  
2025-02-27 02:26:44.174  val_finetune_dtvu_steps_3/acc@05 = 0.5500  
2025-02-27 02:26:44.174  val_finetune_dtvu_steps_3/acc@10 = 0.6833  
2025-02-27 02:26:44.174  val_finetune_dtvu_steps_3/acc@20 = 0.8167  
2025-02-27 02:26:44.174  
  
2025-02-27 02:26:44.593  
  
2025-02-27 02:26:44.593  [TRN] epoch_43  
2025-02-27 02:26:44.593  =============================================  
2025-02-27 02:26:44.593  trn/loss = 2.9225  
2025-02-27 02:26:44.593  trn/acc@01 = 0.2990  
2025-02-27 02:26:44.593  trn/acc@05 = 0.6364  
2025-02-27 02:26:44.593  trn/acc@10 = 0.7535  
2025-02-27 02:26:44.593  trn/acc@20 = 0.8646  
2025-02-27 02:26:44.593  
  
2025-02-27 02:26:44.639  
  
2025-02-27 02:26:44.639  [VAL_FINETUNE_DTVU_STEPS_1] epoch_43  
2025-02-27 02:26:44.646  =============================================  
2025-02-27 02:26:44.646  val_finetune_dtvu_steps_1/loss = 2.8855  
2025-02-27 02:26:44.646  val_finetune_dtvu_steps_1/acc@01 = 0.4000  
2025-02-27 02:26:44.646  val_finetune_dtvu_steps_1/acc@05 = 0.6500  
2025-02-27 02:26:44.646  val_finetune_dtvu_steps_1/acc@10 = 0.8000  
2025-02-27 02:26:44.646  val_finetune_dtvu_steps_1/acc@20 = 0.9000  
2025-02-27 02:26:44.646  
  
2025-02-27 02:26:44.693  
  
2025-02-27 02:26:44.693  [VAL_FINETUNE_DTVU_STEPS_3] epoch_43  
2025-02-27 02:26:44.693  =============================================  
2025-02-27 02:26:44.693  val_finetune_dtvu_steps_3/loss = 3.1159  
2025-02-27 02:26:44.693  val_finetune_dtvu_steps_3/acc@01 = 0.3500  
2025-02-27 02:26:44.693  val_finetune_dtvu_steps_3/acc@05 = 0.5833  
2025-02-27 02:26:44.693  val_finetune_dtvu_steps_3/acc@10 = 0.6667  
2025-02-27 02:26:44.693  val_finetune_dtvu_steps_3/acc@20 = 0.8167  
2025-02-27 02:26:44.693  
  
2025-02-27 02:26:45.118  
  
2025-02-27 02:26:45.118  [TRN] epoch_44  
2025-02-27 02:26:45.118  =============================================  
2025-02-27 02:26:45.118  trn/loss = 2.6150  
2025-02-27 02:26:45.118  trn/acc@01 = 0.3115  
2025-02-27 02:26:45.118  trn/acc@05 = 0.6577  
2025-02-27 02:26:45.118  trn/acc@10 = 0.8000  
2025-02-27 02:26:45.118  trn/acc@20 = 0.8788  
2025-02-27 02:26:45.118  
  
2025-02-27 02:26:45.165  
  
2025-02-27 02:26:45.165  [VAL_FINETUNE_DTVU_STEPS_1] epoch_44  
2025-02-27 02:26:45.165  =============================================  
2025-02-27 02:26:45.165  val_finetune_dtvu_steps_1/loss = 3.0558  
2025-02-27 02:26:45.165  val_finetune_dtvu_steps_1/acc@01 = 0.4000  
2025-02-27 02:26:45.165  val_finetune_dtvu_steps_1/acc@05 = 0.6000  
2025-02-27 02:26:45.165  val_finetune_dtvu_steps_1/acc@10 = 0.7500  
2025-02-27 02:26:45.165  val_finetune_dtvu_steps_1/acc@20 = 0.9000  
2025-02-27 02:26:45.165  
  
2025-02-27 02:26:45.213  
  
2025-02-27 02:26:45.213  [VAL_FINETUNE_DTVU_STEPS_3] epoch_44  
2025-02-27 02:26:45.213  =============================================  
2025-02-27 02:26:45.213  val_finetune_dtvu_steps_3/loss = 3.1972  
2025-02-27 02:26:45.213  val_finetune_dtvu_steps_3/acc@01 = 0.3500  
2025-02-27 02:26:45.213  val_finetune_dtvu_steps_3/acc@05 = 0.5333  
2025-02-27 02:26:45.213  val_finetune_dtvu_steps_3/acc@10 = 0.7333  
2025-02-27 02:26:45.213  val_finetune_dtvu_steps_3/acc@20 = 0.8167  
2025-02-27 02:26:45.213  
  
2025-02-27 02:26:45.638  
  
2025-02-27 02:26:45.638  [TRN] epoch_45  
2025-02-27 02:26:45.638  =============================================  
2025-02-27 02:26:45.638  trn/loss = 2.6478  
2025-02-27 02:26:45.638  trn/acc@01 = 0.3620  
2025-02-27 02:26:45.638  trn/acc@05 = 0.6880  
2025-02-27 02:26:45.638  trn/acc@10 = 0.7700  
2025-02-27 02:26:45.638  trn/acc@20 = 0.8820  
2025-02-27 02:26:45.638  
  
2025-02-27 02:26:45.685  
  
2025-02-27 02:26:45.685  [VAL_FINETUNE_DTVU_STEPS_1] epoch_45  
2025-02-27 02:26:45.685  =============================================  
2025-02-27 02:26:45.685  val_finetune_dtvu_steps_1/loss = 2.9303  
2025-02-27 02:26:45.685  val_finetune_dtvu_steps_1/acc@01 = 0.4000  
2025-02-27 02:26:45.701  val_finetune_dtvu_steps_1/acc@05 = 0.5500  
2025-02-27 02:26:45.701  val_finetune_dtvu_steps_1/acc@10 = 0.8000  
2025-02-27 02:26:45.701  val_finetune_dtvu_steps_1/acc@20 = 0.9000  
2025-02-27 02:26:45.701  
  
2025-02-27 02:26:45.764  
  
2025-02-27 02:26:45.764  [VAL_FINETUNE_DTVU_STEPS_3] epoch_45  
2025-02-27 02:26:45.764  =============================================  
2025-02-27 02:26:45.764  val_finetune_dtvu_steps_3/loss = 3.1653  
2025-02-27 02:26:45.764  val_finetune_dtvu_steps_3/acc@01 = 0.3500  
2025-02-27 02:26:45.764  val_finetune_dtvu_steps_3/acc@05 = 0.5500  
2025-02-27 02:26:45.764  val_finetune_dtvu_steps_3/acc@10 = 0.7167  
2025-02-27 02:26:45.764  val_finetune_dtvu_steps_3/acc@20 = 0.8333  
2025-02-27 02:26:45.764  
  
2025-02-27 02:26:46.205  
  
2025-02-27 02:26:46.205  [TRN] epoch_46  
2025-02-27 02:26:46.205  =============================================  
2025-02-27 02:26:46.205  trn/loss = 2.7405  
2025-02-27 02:26:46.205  trn/acc@01 = 0.3104  
2025-02-27 02:26:46.205  trn/acc@05 = 0.6854  
2025-02-27 02:26:46.205  trn/acc@10 = 0.8125  
2025-02-27 02:26:46.205  trn/acc@20 = 0.9146  
2025-02-27 02:26:46.205  
  
2025-02-27 02:26:46.256  
  
2025-02-27 02:26:46.256  [VAL_FINETUNE_DTVU_STEPS_1] epoch_46  
2025-02-27 02:26:46.256  =============================================  
2025-02-27 02:26:46.256  val_finetune_dtvu_steps_1/loss = 2.9923  
2025-02-27 02:26:46.256  val_finetune_dtvu_steps_1/acc@01 = 0.4000  
2025-02-27 02:26:46.256  val_finetune_dtvu_steps_1/acc@05 = 0.6000  
2025-02-27 02:26:46.256  val_finetune_dtvu_steps_1/acc@10 = 0.7500  
2025-02-27 02:26:46.256  val_finetune_dtvu_steps_1/acc@20 = 0.9000  
2025-02-27 02:26:46.256  
  
2025-02-27 02:26:46.310  
  
2025-02-27 02:26:46.310  [VAL_FINETUNE_DTVU_STEPS_3] epoch_46  
2025-02-27 02:26:46.310  =============================================  
2025-02-27 02:26:46.310  val_finetune_dtvu_steps_3/loss = 3.1625  
2025-02-27 02:26:46.310  val_finetune_dtvu_steps_3/acc@01 = 0.3500  
2025-02-27 02:26:46.310  val_finetune_dtvu_steps_3/acc@05 = 0.5500  
2025-02-27 02:26:46.310  val_finetune_dtvu_steps_3/acc@10 = 0.6833  
2025-02-27 02:26:46.310  val_finetune_dtvu_steps_3/acc@20 = 0.8167  
2025-02-27 02:26:46.310  
  
2025-02-27 02:26:46.740  
  
2025-02-27 02:26:46.740  [TRN] epoch_47  
2025-02-27 02:26:46.740  =============================================  
2025-02-27 02:26:46.740  trn/loss = 2.7249  
2025-02-27 02:26:46.740  trn/acc@01 = 0.3187  
2025-02-27 02:26:46.740  trn/acc@05 = 0.6500  
2025-02-27 02:26:46.740  trn/acc@10 = 0.7646  
2025-02-27 02:26:46.740  trn/acc@20 = 0.8792  
2025-02-27 02:26:46.740  
  
2025-02-27 02:26:46.784  
  
2025-02-27 02:26:46.784  [VAL_FINETUNE_DTVU_STEPS_1] epoch_47  
2025-02-27 02:26:46.784  =============================================  
2025-02-27 02:26:46.784  val_finetune_dtvu_steps_1/loss = 3.0190  
2025-02-27 02:26:46.784  val_finetune_dtvu_steps_1/acc@01 = 0.4000  
2025-02-27 02:26:46.784  val_finetune_dtvu_steps_1/acc@05 = 0.5000  
2025-02-27 02:26:46.784  val_finetune_dtvu_steps_1/acc@10 = 0.7500  
2025-02-27 02:26:46.784  val_finetune_dtvu_steps_1/acc@20 = 0.9000  
2025-02-27 02:26:46.784  
  
2025-02-27 02:26:46.842  
  
2025-02-27 02:26:46.842  [VAL_FINETUNE_DTVU_STEPS_3] epoch_47  
2025-02-27 02:26:46.843  =============================================  
2025-02-27 02:26:46.843  val_finetune_dtvu_steps_3/loss = 3.1663  
2025-02-27 02:26:46.843  val_finetune_dtvu_steps_3/acc@01 = 0.3500  
2025-02-27 02:26:46.843  val_finetune_dtvu_steps_3/acc@05 = 0.5333  
2025-02-27 02:26:46.843  val_finetune_dtvu_steps_3/acc@10 = 0.6667  
2025-02-27 02:26:46.843  val_finetune_dtvu_steps_3/acc@20 = 0.8167  
2025-02-27 02:26:46.843  
  
2025-02-27 02:26:47.268  
  
2025-02-27 02:26:47.268  [TRN] epoch_48  
2025-02-27 02:26:47.268  =============================================  
2025-02-27 02:26:47.268  trn/loss = 2.8693  
2025-02-27 02:26:47.268  trn/acc@01 = 0.3030  
2025-02-27 02:26:47.268  trn/acc@05 = 0.6436  
2025-02-27 02:26:47.268  trn/acc@10 = 0.7426  
2025-02-27 02:26:47.268  trn/acc@20 = 0.8733  
2025-02-27 02:26:47.268  
  
2025-02-27 02:26:47.333  
  
2025-02-27 02:26:47.333  [VAL_FINETUNE_DTVU_STEPS_1] epoch_48  
2025-02-27 02:26:47.333  =============================================  
2025-02-27 02:26:47.333  val_finetune_dtvu_steps_1/loss = 3.2582  
2025-02-27 02:26:47.333  val_finetune_dtvu_steps_1/acc@01 = 0.3000  
2025-02-27 02:26:47.333  val_finetune_dtvu_steps_1/acc@05 = 0.5500  
2025-02-27 02:26:47.333  val_finetune_dtvu_steps_1/acc@10 = 0.7500  
2025-02-27 02:26:47.333  val_finetune_dtvu_steps_1/acc@20 = 0.9000  
2025-02-27 02:26:47.333  
  
2025-02-27 02:26:47.385  
  
2025-02-27 02:26:47.386  [VAL_FINETUNE_DTVU_STEPS_3] epoch_48  
2025-02-27 02:26:47.386  =============================================  
2025-02-27 02:26:47.386  val_finetune_dtvu_steps_3/loss = 3.3857  
2025-02-27 02:26:47.386  val_finetune_dtvu_steps_3/acc@01 = 0.2667  
2025-02-27 02:26:47.386  val_finetune_dtvu_steps_3/acc@05 = 0.5333  
2025-02-27 02:26:47.386  val_finetune_dtvu_steps_3/acc@10 = 0.6667  
2025-02-27 02:26:47.386  val_finetune_dtvu_steps_3/acc@20 = 0.8167  
2025-02-27 02:26:47.386  
  
2025-02-27 02:26:47.804  
  
2025-02-27 02:26:47.804  [TRN] epoch_49  
2025-02-27 02:26:47.804  =============================================  
2025-02-27 02:26:47.804  trn/loss = 2.8576  
2025-02-27 02:26:47.804  trn/acc@01 = 0.2972  
2025-02-27 02:26:47.804  trn/acc@05 = 0.6374  
2025-02-27 02:26:47.804  trn/acc@10 = 0.7850  
2025-02-27 02:26:47.804  trn/acc@20 = 0.8916  
2025-02-27 02:26:47.804  
  
2025-02-27 02:26:47.860  
  
2025-02-27 02:26:47.861  [VAL_FINETUNE_DTVU_STEPS_1] epoch_49  
2025-02-27 02:26:47.861  =============================================  
2025-02-27 02:26:47.861  val_finetune_dtvu_steps_1/loss = 2.8564  
2025-02-27 02:26:47.861  val_finetune_dtvu_steps_1/acc@01 = 0.4500  
2025-02-27 02:26:47.861  val_finetune_dtvu_steps_1/acc@05 = 0.6000  
2025-02-27 02:26:47.861  val_finetune_dtvu_steps_1/acc@10 = 0.7000  
2025-02-27 02:26:47.861  val_finetune_dtvu_steps_1/acc@20 = 0.8500  
2025-02-27 02:26:47.861  
  
2025-02-27 02:26:47.914  
  
2025-02-27 02:26:47.914  [VAL_FINETUNE_DTVU_STEPS_3] epoch_49  
2025-02-27 02:26:47.914  =============================================  
2025-02-27 02:26:47.914  val_finetune_dtvu_steps_3/loss = 3.2772  
2025-02-27 02:26:47.914  val_finetune_dtvu_steps_3/acc@01 = 0.3833  
2025-02-27 02:26:47.914  val_finetune_dtvu_steps_3/acc@05 = 0.4833  
2025-02-27 02:26:47.914  val_finetune_dtvu_steps_3/acc@10 = 0.6000  
2025-02-27 02:26:47.914  val_finetune_dtvu_steps_3/acc@20 = 0.8167  
2025-02-27 02:26:47.914  
  
2025-02-27 02:26:48.387  
  
2025-02-27 02:26:48.387  [TRN] epoch_50  
2025-02-27 02:26:48.387  =============================================  
2025-02-27 02:26:48.387  trn/loss = 3.0735  
2025-02-27 02:26:48.387  trn/acc@01 = 0.2698  
2025-02-27 02:26:48.387  trn/acc@05 = 0.5981  
2025-02-27 02:26:48.387  trn/acc@10 = 0.7151  
2025-02-27 02:26:48.387  trn/acc@20 = 0.8434  
2025-02-27 02:26:48.387  
  
2025-02-27 02:26:48.446  
  
2025-02-27 02:26:48.446  [VAL_FINETUNE_DTVU_STEPS_1] epoch_50  
2025-02-27 02:26:48.446  =============================================  
2025-02-27 02:26:48.446  val_finetune_dtvu_steps_1/loss = 2.9456  
2025-02-27 02:26:48.446  val_finetune_dtvu_steps_1/acc@01 = 0.4000  
2025-02-27 02:26:48.446  val_finetune_dtvu_steps_1/acc@05 = 0.6500  
2025-02-27 02:26:48.446  val_finetune_dtvu_steps_1/acc@10 = 0.7500  
2025-02-27 02:26:48.446  val_finetune_dtvu_steps_1/acc@20 = 0.9000  
2025-02-27 02:26:48.446  
  
2025-02-27 02:26:48.504  
  
2025-02-27 02:26:48.504  [VAL_FINETUNE_DTVU_STEPS_3] epoch_50  
2025-02-27 02:26:48.504  =============================================  
2025-02-27 02:26:48.504  val_finetune_dtvu_steps_3/loss = 3.2288  
2025-02-27 02:26:48.504  val_finetune_dtvu_steps_3/acc@01 = 0.2833  
2025-02-27 02:26:48.504  val_finetune_dtvu_steps_3/acc@05 = 0.5500  
2025-02-27 02:26:48.504  val_finetune_dtvu_steps_3/acc@10 = 0.7333  
2025-02-27 02:26:48.504  val_finetune_dtvu_steps_3/acc@20 = 0.8333  
2025-02-27 02:26:48.504  
  
2025-02-27 02:26:48.968  
  
2025-02-27 02:26:48.968  [TRN] epoch_51  
2025-02-27 02:26:48.968  =============================================  
2025-02-27 02:26:48.969  trn/loss = 2.8499  
2025-02-27 02:26:48.969  trn/acc@01 = 0.2830  
2025-02-27 02:26:48.969  trn/acc@05 = 0.6468  
2025-02-27 02:26:48.969  trn/acc@10 = 0.7532  
2025-02-27 02:26:48.969  trn/acc@20 = 0.8596  
2025-02-27 02:26:48.969  
  
2025-02-27 02:26:49.035  
  
2025-02-27 02:26:49.035  [VAL_FINETUNE_DTVU_STEPS_1] epoch_51  
2025-02-27 02:26:49.035  =============================================  
2025-02-27 02:26:49.037  val_finetune_dtvu_steps_1/loss = 2.9542  
2025-02-27 02:26:49.037  val_finetune_dtvu_steps_1/acc@01 = 0.4500  
2025-02-27 02:26:49.037  val_finetune_dtvu_steps_1/acc@05 = 0.6500  
2025-02-27 02:26:49.037  val_finetune_dtvu_steps_1/acc@10 = 0.7500  
2025-02-27 02:26:49.037  val_finetune_dtvu_steps_1/acc@20 = 0.8000  
2025-02-27 02:26:49.037  
  
2025-02-27 02:26:49.091  
  
2025-02-27 02:26:49.091  [VAL_FINETUNE_DTVU_STEPS_3] epoch_51  
2025-02-27 02:26:49.091  =============================================  
2025-02-27 02:26:49.091  val_finetune_dtvu_steps_3/loss = 3.1232  
2025-02-27 02:26:49.091  val_finetune_dtvu_steps_3/acc@01 = 0.4167  
2025-02-27 02:26:49.092  val_finetune_dtvu_steps_3/acc@05 = 0.6000  
2025-02-27 02:26:49.092  val_finetune_dtvu_steps_3/acc@10 = 0.6833  
2025-02-27 02:26:49.092  val_finetune_dtvu_steps_3/acc@20 = 0.8167  
2025-02-27 02:26:49.092  
  
2025-02-27 02:26:49.515  
  
2025-02-27 02:26:49.515  [TRN] epoch_52  
2025-02-27 02:26:49.515  =============================================  
2025-02-27 02:26:49.515  trn/loss = 2.8183  
2025-02-27 02:26:49.515  trn/acc@01 = 0.2885  
2025-02-27 02:26:49.515  trn/acc@05 = 0.6673  
2025-02-27 02:26:49.515  trn/acc@10 = 0.7808  
2025-02-27 02:26:49.515  trn/acc@20 = 0.8788  
2025-02-27 02:26:49.515  
  
2025-02-27 02:26:49.562  
  
2025-02-27 02:26:49.562  [VAL_FINETUNE_DTVU_STEPS_1] epoch_52  
2025-02-27 02:26:49.562  =============================================  
2025-02-27 02:26:49.562  val_finetune_dtvu_steps_1/loss = 2.8374  
2025-02-27 02:26:49.562  val_finetune_dtvu_steps_1/acc@01 = 0.4500  
2025-02-27 02:26:49.562  val_finetune_dtvu_steps_1/acc@05 = 0.7000  
2025-02-27 02:26:49.562  val_finetune_dtvu_steps_1/acc@10 = 0.8000  
2025-02-27 02:26:49.562  val_finetune_dtvu_steps_1/acc@20 = 0.8500  
2025-02-27 02:26:49.562  
  
2025-02-27 02:26:49.609  
  
2025-02-27 02:26:49.609  [VAL_FINETUNE_DTVU_STEPS_3] epoch_52  
2025-02-27 02:26:49.609  =============================================  
2025-02-27 02:26:49.609  val_finetune_dtvu_steps_3/loss = 3.0404  
2025-02-27 02:26:49.609  val_finetune_dtvu_steps_3/acc@01 = 0.3500  
2025-02-27 02:26:49.609  val_finetune_dtvu_steps_3/acc@05 = 0.6167  
2025-02-27 02:26:49.609  val_finetune_dtvu_steps_3/acc@10 = 0.6833  
2025-02-27 02:26:49.609  val_finetune_dtvu_steps_3/acc@20 = 0.8167  
2025-02-27 02:26:49.609  
  
2025-02-27 02:26:50.019  
  
2025-02-27 02:26:50.019  [TRN] epoch_53  
2025-02-27 02:26:50.019  =============================================  
2025-02-27 02:26:50.019  trn/loss = 2.6416  
2025-02-27 02:26:50.019  trn/acc@01 = 0.3535  
2025-02-27 02:26:50.019  trn/acc@05 = 0.6869  
2025-02-27 02:26:50.019  trn/acc@10 = 0.7717  
2025-02-27 02:26:50.019  trn/acc@20 = 0.8667  
2025-02-27 02:26:50.019  
  
2025-02-27 02:26:50.066  
  
2025-02-27 02:26:50.066  [VAL_FINETUNE_DTVU_STEPS_1] epoch_53  
2025-02-27 02:26:50.066  =============================================  
2025-02-27 02:26:50.066  val_finetune_dtvu_steps_1/loss = 2.7666  
2025-02-27 02:26:50.066  val_finetune_dtvu_steps_1/acc@01 = 0.4000  
2025-02-27 02:26:50.066  val_finetune_dtvu_steps_1/acc@05 = 0.7000  
2025-02-27 02:26:50.066  val_finetune_dtvu_steps_1/acc@10 = 0.8000  
2025-02-27 02:26:50.066  val_finetune_dtvu_steps_1/acc@20 = 0.9000  
2025-02-27 02:26:50.066  
  
2025-02-27 02:26:50.129  
  
2025-02-27 02:26:50.129  [VAL_FINETUNE_DTVU_STEPS_3] epoch_53  
2025-02-27 02:26:50.129  =============================================  
2025-02-27 02:26:50.129  val_finetune_dtvu_steps_3/loss = 3.0067  
2025-02-27 02:26:50.129  val_finetune_dtvu_steps_3/acc@01 = 0.3667  
2025-02-27 02:26:50.129  val_finetune_dtvu_steps_3/acc@05 = 0.6167  
2025-02-27 02:26:50.129  val_finetune_dtvu_steps_3/acc@10 = 0.7333  
2025-02-27 02:26:50.129  val_finetune_dtvu_steps_3/acc@20 = 0.8333  
2025-02-27 02:26:50.129  
  
2025-02-27 02:26:50.568  
  
2025-02-27 02:26:50.568  [TRN] epoch_54  
2025-02-27 02:26:50.568  =============================================  
2025-02-27 02:26:50.568  trn/loss = 2.6825  
2025-02-27 02:26:50.568  trn/acc@01 = 0.3283  
2025-02-27 02:26:50.568  trn/acc@05 = 0.6491  
2025-02-27 02:26:50.568  trn/acc@10 = 0.7849  
2025-02-27 02:26:50.572  trn/acc@20 = 0.8774  
2025-02-27 02:26:50.572  
  
2025-02-27 02:26:50.623  
  
2025-02-27 02:26:50.623  [VAL_FINETUNE_DTVU_STEPS_1] epoch_54  
2025-02-27 02:26:50.624  =============================================  
2025-02-27 02:26:50.624  val_finetune_dtvu_steps_1/loss = 2.8548  
2025-02-27 02:26:50.624  val_finetune_dtvu_steps_1/acc@01 = 0.4500  
2025-02-27 02:26:50.624  val_finetune_dtvu_steps_1/acc@05 = 0.6000  
2025-02-27 02:26:50.624  val_finetune_dtvu_steps_1/acc@10 = 0.8000  
2025-02-27 02:26:50.624  val_finetune_dtvu_steps_1/acc@20 = 0.9000  
2025-02-27 02:26:50.624  
  
2025-02-27 02:26:50.675  
  
2025-02-27 02:26:50.676  [VAL_FINETUNE_DTVU_STEPS_3] epoch_54  
2025-02-27 02:26:50.676  =============================================  
2025-02-27 02:26:50.676  val_finetune_dtvu_steps_3/loss = 3.0254  
2025-02-27 02:26:50.676  val_finetune_dtvu_steps_3/acc@01 = 0.3500  
2025-02-27 02:26:50.676  val_finetune_dtvu_steps_3/acc@05 = 0.5667  
2025-02-27 02:26:50.676  val_finetune_dtvu_steps_3/acc@10 = 0.7167  
2025-02-27 02:26:50.676  val_finetune_dtvu_steps_3/acc@20 = 0.8333  
2025-02-27 02:26:50.677  
  
2025-02-27 02:26:51.174  
  
2025-02-27 02:26:51.174  [TRN] epoch_55  
2025-02-27 02:26:51.174  =============================================  
2025-02-27 02:26:51.175  trn/loss = 2.5290  
2025-02-27 02:26:51.175  trn/acc@01 = 0.3476  
2025-02-27 02:26:51.175  trn/acc@05 = 0.6893  
2025-02-27 02:26:51.175  trn/acc@10 = 0.7961  
2025-02-27 02:26:51.175  trn/acc@20 = 0.8893  
2025-02-27 02:26:51.175  
  
2025-02-27 02:26:51.237  
  
2025-02-27 02:26:51.237  [VAL_FINETUNE_DTVU_STEPS_1] epoch_55  
2025-02-27 02:26:51.238  =============================================  
2025-02-27 02:26:51.238  val_finetune_dtvu_steps_1/loss = 2.8589  
2025-02-27 02:26:51.238  val_finetune_dtvu_steps_1/acc@01 = 0.4500  
2025-02-27 02:26:51.238  val_finetune_dtvu_steps_1/acc@05 = 0.6500  
2025-02-27 02:26:51.238  val_finetune_dtvu_steps_1/acc@10 = 0.8000  
2025-02-27 02:26:51.238  val_finetune_dtvu_steps_1/acc@20 = 0.9000  
2025-02-27 02:26:51.238  
  
2025-02-27 02:26:51.310  
  
2025-02-27 02:26:51.311  [VAL_FINETUNE_DTVU_STEPS_3] epoch_55  
2025-02-27 02:26:51.311  =============================================  
2025-02-27 02:26:51.311  val_finetune_dtvu_steps_3/loss = 3.0264  
2025-02-27 02:26:51.311  val_finetune_dtvu_steps_3/acc@01 = 0.3500  
2025-02-27 02:26:51.311  val_finetune_dtvu_steps_3/acc@05 = 0.5667  
2025-02-27 02:26:51.311  val_finetune_dtvu_steps_3/acc@10 = 0.7167  
2025-02-27 02:26:51.311  val_finetune_dtvu_steps_3/acc@20 = 0.8333  
2025-02-27 02:26:51.311  
  
2025-02-27 02:26:51.807  
  
2025-02-27 02:26:51.807  [TRN] epoch_56  
2025-02-27 02:26:51.808  =============================================  
2025-02-27 02:26:51.808  trn/loss = 2.7228  
2025-02-27 02:26:51.808  trn/acc@01 = 0.3184  
2025-02-27 02:26:51.808  trn/acc@05 = 0.6490  
2025-02-27 02:26:51.808  trn/acc@10 = 0.7592  
2025-02-27 02:26:51.808  trn/acc@20 = 0.8816  
2025-02-27 02:26:51.808  
  
2025-02-27 02:26:51.858  
  
2025-02-27 02:26:51.858  [VAL_FINETUNE_DTVU_STEPS_1] epoch_56  
2025-02-27 02:26:51.858  =============================================  
2025-02-27 02:26:51.858  val_finetune_dtvu_steps_1/loss = 3.1061  
2025-02-27 02:26:51.859  val_finetune_dtvu_steps_1/acc@01 = 0.3500  
2025-02-27 02:26:51.859  val_finetune_dtvu_steps_1/acc@05 = 0.6500  
2025-02-27 02:26:51.859  val_finetune_dtvu_steps_1/acc@10 = 0.7000  
2025-02-27 02:26:51.859  val_finetune_dtvu_steps_1/acc@20 = 0.9000  
2025-02-27 02:26:51.859  
  
2025-02-27 02:26:51.939  
  
2025-02-27 02:26:51.939  [VAL_FINETUNE_DTVU_STEPS_3] epoch_56  
2025-02-27 02:26:51.939  =============================================  
2025-02-27 02:26:51.940  val_finetune_dtvu_steps_3/loss = 3.3667  
2025-02-27 02:26:51.940  val_finetune_dtvu_steps_3/acc@01 = 0.3000  
2025-02-27 02:26:51.940  val_finetune_dtvu_steps_3/acc@05 = 0.5167  
2025-02-27 02:26:51.940  val_finetune_dtvu_steps_3/acc@10 = 0.6500  
2025-02-27 02:26:51.940  val_finetune_dtvu_steps_3/acc@20 = 0.8000  
2025-02-27 02:26:51.940  
  
2025-02-27 02:26:52.456  
  
2025-02-27 02:26:52.456  [TRN] epoch_57  
2025-02-27 02:26:52.456  =============================================  
2025-02-27 02:26:52.456  trn/loss = 2.6724  
2025-02-27 02:26:52.456  trn/acc@01 = 0.3327  
2025-02-27 02:26:52.457  trn/acc@05 = 0.6755  
2025-02-27 02:26:52.457  trn/acc@10 = 0.7755  
2025-02-27 02:26:52.457  trn/acc@20 = 0.8939  
2025-02-27 02:26:52.457  
  
2025-02-27 02:26:52.529  
  
2025-02-27 02:26:52.529  [VAL_FINETUNE_DTVU_STEPS_1] epoch_57  
2025-02-27 02:26:52.530  =============================================  
2025-02-27 02:26:52.530  val_finetune_dtvu_steps_1/loss = 2.8950  
2025-02-27 02:26:52.530  val_finetune_dtvu_steps_1/acc@01 = 0.3500  
2025-02-27 02:26:52.530  val_finetune_dtvu_steps_1/acc@05 = 0.6500  
2025-02-27 02:26:52.530  val_finetune_dtvu_steps_1/acc@10 = 0.8000  
2025-02-27 02:26:52.530  val_finetune_dtvu_steps_1/acc@20 = 0.9000  
2025-02-27 02:26:52.530  
  
2025-02-27 02:26:52.603  
  
2025-02-27 02:26:52.604  [VAL_FINETUNE_DTVU_STEPS_3] epoch_57  
2025-02-27 02:26:52.604  =============================================  
2025-02-27 02:26:52.604  val_finetune_dtvu_steps_3/loss = 3.1318  
2025-02-27 02:26:52.604  val_finetune_dtvu_steps_3/acc@01 = 0.3167  
2025-02-27 02:26:52.604  val_finetune_dtvu_steps_3/acc@05 = 0.6333  
2025-02-27 02:26:52.604  val_finetune_dtvu_steps_3/acc@10 = 0.7000  
2025-02-27 02:26:52.604  val_finetune_dtvu_steps_3/acc@20 = 0.8167  
2025-02-27 02:26:52.604  
  
2025-02-27 02:26:53.118  
  
2025-02-27 02:26:53.118  [TRN] epoch_58  
2025-02-27 02:26:53.119  =============================================  
2025-02-27 02:26:53.120  trn/loss = 2.7404  
2025-02-27 02:26:53.120  trn/acc@01 = 0.3178  
2025-02-27 02:26:53.120  trn/acc@05 = 0.6644  
2025-02-27 02:26:53.120  trn/acc@10 = 0.7667  
2025-02-27 02:26:53.120  trn/acc@20 = 0.8778  
2025-02-27 02:26:53.120  
  
2025-02-27 02:26:53.200  
  
2025-02-27 02:26:53.201  [VAL_FINETUNE_DTVU_STEPS_1] epoch_58  
2025-02-27 02:26:53.201  =============================================  
2025-02-27 02:26:53.201  val_finetune_dtvu_steps_1/loss = 2.8929  
2025-02-27 02:26:53.201  val_finetune_dtvu_steps_1/acc@01 = 0.3500  
2025-02-27 02:26:53.201  val_finetune_dtvu_steps_1/acc@05 = 0.6000  
2025-02-27 02:26:53.201  val_finetune_dtvu_steps_1/acc@10 = 0.7500  
2025-02-27 02:26:53.201  val_finetune_dtvu_steps_1/acc@20 = 0.9000  
2025-02-27 02:26:53.201  
  
2025-02-27 02:26:53.292  
  
2025-02-27 02:26:53.292  [VAL_FINETUNE_DTVU_STEPS_3] epoch_58  
2025-02-27 02:26:53.292  =============================================  
2025-02-27 02:26:53.293  val_finetune_dtvu_steps_3/loss = 3.2086  
2025-02-27 02:26:53.293  val_finetune_dtvu_steps_3/acc@01 = 0.3333  
2025-02-27 02:26:53.293  val_finetune_dtvu_steps_3/acc@05 = 0.5333  
2025-02-27 02:26:53.293  val_finetune_dtvu_steps_3/acc@10 = 0.6833  
2025-02-27 02:26:53.294  val_finetune_dtvu_steps_3/acc@20 = 0.8000  
2025-02-27 02:26:53.294  
  
2025-02-27 02:26:53.772  
  
2025-02-27 02:26:53.772  [TRN] epoch_59  
2025-02-27 02:26:53.773  =============================================  
2025-02-27 02:26:53.773  trn/loss = 2.7330  
2025-02-27 02:26:53.773  trn/acc@01 = 0.2758  
2025-02-27 02:26:53.773  trn/acc@05 = 0.6989  
2025-02-27 02:26:53.773  trn/acc@10 = 0.8126  
2025-02-27 02:26:53.773  trn/acc@20 = 0.9032  
2025-02-27 02:26:53.773  
  
2025-02-27 02:26:53.840  
  
2025-02-27 02:26:53.841  [VAL_FINETUNE_DTVU_STEPS_1] epoch_59  
2025-02-27 02:26:53.841  =============================================  
2025-02-27 02:26:53.841  val_finetune_dtvu_steps_1/loss = 2.7908  
2025-02-27 02:26:53.841  val_finetune_dtvu_steps_1/acc@01 = 0.4000  
2025-02-27 02:26:53.841  val_finetune_dtvu_steps_1/acc@05 = 0.6000  
2025-02-27 02:26:53.841  val_finetune_dtvu_steps_1/acc@10 = 0.7500  
2025-02-27 02:26:53.841  val_finetune_dtvu_steps_1/acc@20 = 0.9000  
2025-02-27 02:26:53.841  
  
2025-02-27 02:26:53.908  
  
2025-02-27 02:26:53.908  [VAL_FINETUNE_DTVU_STEPS_3] epoch_59  
2025-02-27 02:26:53.908  =============================================  
2025-02-27 02:26:53.908  val_finetune_dtvu_steps_3/loss = 3.1521  
2025-02-27 02:26:53.908  val_finetune_dtvu_steps_3/acc@01 = 0.3500  
2025-02-27 02:26:53.908  val_finetune_dtvu_steps_3/acc@05 = 0.5333  
2025-02-27 02:26:53.908  val_finetune_dtvu_steps_3/acc@10 = 0.6500  
2025-02-27 02:26:53.908  val_finetune_dtvu_steps_3/acc@20 = 0.8167  
2025-02-27 02:26:53.908  
  
2025-02-27 02:26:54.504  
  
2025-02-27 02:26:54.504  [TRN] epoch_60  
2025-02-27 02:26:54.504  =============================================  
2025-02-27 02:26:54.504  trn/loss = 2.8959  
2025-02-27 02:26:54.504  trn/acc@01 = 0.3074  
2025-02-27 02:26:54.504  trn/acc@05 = 0.6389  
2025-02-27 02:26:54.504  trn/acc@10 = 0.7741  
2025-02-27 02:26:54.504  trn/acc@20 = 0.8574  
2025-02-27 02:26:54.504  
  
2025-02-27 02:26:54.551  
  
2025-02-27 02:26:54.551  [VAL_FINETUNE_DTVU_STEPS_1] epoch_60  
2025-02-27 02:26:54.551  =============================================  
2025-02-27 02:26:54.551  val_finetune_dtvu_steps_1/loss = 2.8196  
2025-02-27 02:26:54.551  val_finetune_dtvu_steps_1/acc@01 = 0.3500  
2025-02-27 02:26:54.551  val_finetune_dtvu_steps_1/acc@05 = 0.6500  
2025-02-27 02:26:54.551  val_finetune_dtvu_steps_1/acc@10 = 0.8000  
2025-02-27 02:26:54.551  val_finetune_dtvu_steps_1/acc@20 = 0.9000  
2025-02-27 02:26:54.551  
  
2025-02-27 02:26:54.608  
  
2025-02-27 02:26:54.608  [VAL_FINETUNE_DTVU_STEPS_3] epoch_60  
2025-02-27 02:26:54.608  =============================================  
2025-02-27 02:26:54.608  val_finetune_dtvu_steps_3/loss = 3.1158  
2025-02-27 02:26:54.608  val_finetune_dtvu_steps_3/acc@01 = 0.3167  
2025-02-27 02:26:54.608  val_finetune_dtvu_steps_3/acc@05 = 0.6167  
2025-02-27 02:26:54.608  val_finetune_dtvu_steps_3/acc@10 = 0.6667  
2025-02-27 02:26:54.608  val_finetune_dtvu_steps_3/acc@20 = 0.7667  
2025-02-27 02:26:54.608  
  
2025-02-27 02:26:55.101  
  
2025-02-27 02:26:55.101  [TRN] epoch_61  
2025-02-27 02:26:55.101  =============================================  
2025-02-27 02:26:55.101  trn/loss = 2.6024  
2025-02-27 02:26:55.101  trn/acc@01 = 0.3109  
2025-02-27 02:26:55.101  trn/acc@05 = 0.7109  
2025-02-27 02:26:55.101  trn/acc@10 = 0.8196  
2025-02-27 02:26:55.101  trn/acc@20 = 0.9174  
2025-02-27 02:26:55.101  
  
2025-02-27 02:26:55.164  
  
2025-02-27 02:26:55.164  [VAL_FINETUNE_DTVU_STEPS_1] epoch_61  
2025-02-27 02:26:55.164  =============================================  
2025-02-27 02:26:55.164  val_finetune_dtvu_steps_1/loss = 2.8463  
2025-02-27 02:26:55.164  val_finetune_dtvu_steps_1/acc@01 = 0.5000  
2025-02-27 02:26:55.164  val_finetune_dtvu_steps_1/acc@05 = 0.6000  
2025-02-27 02:26:55.164  val_finetune_dtvu_steps_1/acc@10 = 0.7000  
2025-02-27 02:26:55.164  val_finetune_dtvu_steps_1/acc@20 = 0.9000  
2025-02-27 02:26:55.164  
  
2025-02-27 02:26:55.227  
  
2025-02-27 02:26:55.227  [VAL_FINETUNE_DTVU_STEPS_3] epoch_61  
2025-02-27 02:26:55.227  =============================================  
2025-02-27 02:26:55.227  val_finetune_dtvu_steps_3/loss = 3.0779  
2025-02-27 02:26:55.227  val_finetune_dtvu_steps_3/acc@01 = 0.4000  
2025-02-27 02:26:55.227  val_finetune_dtvu_steps_3/acc@05 = 0.5833  
2025-02-27 02:26:55.227  val_finetune_dtvu_steps_3/acc@10 = 0.6833  
2025-02-27 02:26:55.227  val_finetune_dtvu_steps_3/acc@20 = 0.8000  
2025-02-27 02:26:55.227  
  
2025-02-27 02:26:55.717  
  
2025-02-27 02:26:55.717  [TRN] epoch_62  
2025-02-27 02:26:55.717  =============================================  
2025-02-27 02:26:55.717  trn/loss = 2.6407  
2025-02-27 02:26:55.717  trn/acc@01 = 0.3118  
2025-02-27 02:26:55.717  trn/acc@05 = 0.7020  
2025-02-27 02:26:55.717  trn/acc@10 = 0.7922  
2025-02-27 02:26:55.717  trn/acc@20 = 0.9039  
2025-02-27 02:26:55.717  
  
2025-02-27 02:26:55.781  
  
2025-02-27 02:26:55.781  [VAL_FINETUNE_DTVU_STEPS_1] epoch_62  
2025-02-27 02:26:55.781  =============================================  
2025-02-27 02:26:55.781  val_finetune_dtvu_steps_1/loss = 2.8244  
2025-02-27 02:26:55.781  val_finetune_dtvu_steps_1/acc@01 = 0.4500  
2025-02-27 02:26:55.781  val_finetune_dtvu_steps_1/acc@05 = 0.6500  
2025-02-27 02:26:55.781  val_finetune_dtvu_steps_1/acc@10 = 0.7500  
2025-02-27 02:26:55.781  val_finetune_dtvu_steps_1/acc@20 = 0.9000  
2025-02-27 02:26:55.781  
  
2025-02-27 02:26:55.828  
  
2025-02-27 02:26:55.828  [VAL_FINETUNE_DTVU_STEPS_3] epoch_62  
2025-02-27 02:26:55.828  =============================================  
2025-02-27 02:26:55.828  val_finetune_dtvu_steps_3/loss = 3.0382  
2025-02-27 02:26:55.828  val_finetune_dtvu_steps_3/acc@01 = 0.4000  
2025-02-27 02:26:55.828  val_finetune_dtvu_steps_3/acc@05 = 0.5833  
2025-02-27 02:26:55.828  val_finetune_dtvu_steps_3/acc@10 = 0.6833  
2025-02-27 02:26:55.828  val_finetune_dtvu_steps_3/acc@20 = 0.8333  
2025-02-27 02:26:55.828  
  
2025-02-27 02:26:56.337  
  
2025-02-27 02:26:56.337  [TRN] epoch_63  
2025-02-27 02:26:56.337  =============================================  
2025-02-27 02:26:56.338  trn/loss = 2.5371  
2025-02-27 02:26:56.338  trn/acc@01 = 0.3420  
2025-02-27 02:26:56.338  trn/acc@05 = 0.7120  
2025-02-27 02:26:56.338  trn/acc@10 = 0.8160  
2025-02-27 02:26:56.338  trn/acc@20 = 0.9060  
2025-02-27 02:26:56.338  
  
2025-02-27 02:26:56.401  
  
2025-02-27 02:26:56.401  [VAL_FINETUNE_DTVU_STEPS_1] epoch_63  
2025-02-27 02:26:56.401  =============================================  
2025-02-27 02:26:56.401  val_finetune_dtvu_steps_1/loss = 2.8008  
2025-02-27 02:26:56.402  val_finetune_dtvu_steps_1/acc@01 = 0.5000  
2025-02-27 02:26:56.402  val_finetune_dtvu_steps_1/acc@05 = 0.6500  
2025-02-27 02:26:56.402  val_finetune_dtvu_steps_1/acc@10 = 0.8000  
2025-02-27 02:26:56.402  val_finetune_dtvu_steps_1/acc@20 = 0.9000  
2025-02-27 02:26:56.402  
  
2025-02-27 02:26:56.465  
  
2025-02-27 02:26:56.466  [VAL_FINETUNE_DTVU_STEPS_3] epoch_63  
2025-02-27 02:26:56.466  =============================================  
2025-02-27 02:26:56.466  val_finetune_dtvu_steps_3/loss = 3.0373  
2025-02-27 02:26:56.466  val_finetune_dtvu_steps_3/acc@01 = 0.3667  
2025-02-27 02:26:56.466  val_finetune_dtvu_steps_3/acc@05 = 0.6000  
2025-02-27 02:26:56.466  val_finetune_dtvu_steps_3/acc@10 = 0.6833  
2025-02-27 02:26:56.466  val_finetune_dtvu_steps_3/acc@20 = 0.8333  
2025-02-27 02:26:56.466  
  
