2025-02-26 22:46:55.638  
  
2025-02-26 22:46:55.639  [TRN] epoch_00  
2025-02-26 22:46:55.639  =============================================  
2025-02-26 22:46:55.639  trn/loss = 6.0703  
2025-02-26 22:46:55.639  trn/acc@01 = 0.0286  
2025-02-26 22:46:55.639  trn/acc@05 = 0.0781  
2025-02-26 22:46:55.639  trn/acc@10 = 0.1219  
2025-02-26 22:46:55.639  trn/acc@20 = 0.1837  
2025-02-26 22:46:55.639  
  
2025-02-26 22:46:55.824  
  
2025-02-26 22:46:55.824  [VAL_FINETUNE_DTVU_STEPS_1] epoch_00  
2025-02-26 22:46:55.824  =============================================  
2025-02-26 22:46:55.824  val_finetune_dtvu_steps_1/loss = 5.4873  
2025-02-26 22:46:55.824  val_finetune_dtvu_steps_1/acc@01 = 0.1250  
2025-02-26 22:46:55.824  val_finetune_dtvu_steps_1/acc@05 = 0.1875  
2025-02-26 22:46:55.829  val_finetune_dtvu_steps_1/acc@10 = 0.3000  
2025-02-26 22:46:55.829  val_finetune_dtvu_steps_1/acc@20 = 0.3500  
2025-02-26 22:46:55.829  
  
2025-02-26 22:46:56.021  
  
2025-02-26 22:46:56.021  [VAL_FINETUNE_DTVU_STEPS_3] epoch_00  
2025-02-26 22:46:56.021  =============================================  
2025-02-26 22:46:56.021  val_finetune_dtvu_steps_3/loss = 5.3960  
2025-02-26 22:46:56.021  val_finetune_dtvu_steps_3/acc@01 = 0.1125  
2025-02-26 22:46:56.021  val_finetune_dtvu_steps_3/acc@05 = 0.2000  
2025-02-26 22:46:56.021  val_finetune_dtvu_steps_3/acc@10 = 0.3000  
2025-02-26 22:46:56.021  val_finetune_dtvu_steps_3/acc@20 = 0.3750  
2025-02-26 22:46:56.021  
  
2025-02-26 22:46:58.001  
  
2025-02-26 22:46:58.001  [TRN] epoch_01  
2025-02-26 22:46:58.001  =============================================  
2025-02-26 22:46:58.001  trn/loss = 5.0757  
2025-02-26 22:46:58.001  trn/acc@01 = 0.1202  
2025-02-26 22:46:58.001  trn/acc@05 = 0.2713  
2025-02-26 22:46:58.001  trn/acc@10 = 0.3553  
2025-02-26 22:46:58.001  trn/acc@20 = 0.4298  
2025-02-26 22:46:58.001  
  
2025-02-26 22:46:58.219  
  
2025-02-26 22:46:58.219  [VAL_FINETUNE_DTVU_STEPS_1] epoch_01  
2025-02-26 22:46:58.219  =============================================  
2025-02-26 22:46:58.219  val_finetune_dtvu_steps_1/loss = 4.6106  
2025-02-26 22:46:58.219  val_finetune_dtvu_steps_1/acc@01 = 0.1875  
2025-02-26 22:46:58.219  val_finetune_dtvu_steps_1/acc@05 = 0.3875  
2025-02-26 22:46:58.219  val_finetune_dtvu_steps_1/acc@10 = 0.4000  
2025-02-26 22:46:58.220  val_finetune_dtvu_steps_1/acc@20 = 0.4500  
2025-02-26 22:46:58.220  
  
2025-02-26 22:46:58.429  
  
2025-02-26 22:46:58.429  [VAL_FINETUNE_DTVU_STEPS_3] epoch_01  
2025-02-26 22:46:58.429  =============================================  
2025-02-26 22:46:58.429  val_finetune_dtvu_steps_3/loss = 4.5262  
2025-02-26 22:46:58.429  val_finetune_dtvu_steps_3/acc@01 = 0.1750  
2025-02-26 22:46:58.429  val_finetune_dtvu_steps_3/acc@05 = 0.4083  
2025-02-26 22:46:58.429  val_finetune_dtvu_steps_3/acc@10 = 0.4458  
2025-02-26 22:46:58.429  val_finetune_dtvu_steps_3/acc@20 = 0.5083  
2025-02-26 22:46:58.429  
  
2025-02-26 22:47:00.519  
  
2025-02-26 22:47:00.519  [TRN] epoch_02  
2025-02-26 22:47:00.519  =============================================  
2025-02-26 22:47:00.519  trn/loss = 4.4198  
2025-02-26 22:47:00.519  trn/acc@01 = 0.1925  
2025-02-26 22:47:00.519  trn/acc@05 = 0.4429  
2025-02-26 22:47:00.519  trn/acc@10 = 0.5066  
2025-02-26 22:47:00.519  trn/acc@20 = 0.5788  
2025-02-26 22:47:00.520  
  
2025-02-26 22:47:00.710  
  
2025-02-26 22:47:00.710  [VAL_FINETUNE_DTVU_STEPS_1] epoch_02  
2025-02-26 22:47:00.710  =============================================  
2025-02-26 22:47:00.710  val_finetune_dtvu_steps_1/loss = 4.4293  
2025-02-26 22:47:00.710  val_finetune_dtvu_steps_1/acc@01 = 0.2750  
2025-02-26 22:47:00.710  val_finetune_dtvu_steps_1/acc@05 = 0.3875  
2025-02-26 22:47:00.710  val_finetune_dtvu_steps_1/acc@10 = 0.4625  
2025-02-26 22:47:00.710  val_finetune_dtvu_steps_1/acc@20 = 0.5125  
2025-02-26 22:47:00.710  
  
2025-02-26 22:47:00.965  
  
2025-02-26 22:47:00.965  [VAL_FINETUNE_DTVU_STEPS_3] epoch_02  
2025-02-26 22:47:00.965  =============================================  
2025-02-26 22:47:00.965  val_finetune_dtvu_steps_3/loss = 4.3103  
2025-02-26 22:47:00.965  val_finetune_dtvu_steps_3/acc@01 = 0.2625  
2025-02-26 22:47:00.965  val_finetune_dtvu_steps_3/acc@05 = 0.4458  
2025-02-26 22:47:00.965  val_finetune_dtvu_steps_3/acc@10 = 0.5250  
2025-02-26 22:47:00.965  val_finetune_dtvu_steps_3/acc@20 = 0.5625  
2025-02-26 22:47:00.965  
  
2025-02-26 22:47:03.148  
  
2025-02-26 22:47:03.149  [TRN] epoch_03  
2025-02-26 22:47:03.149  =============================================  
2025-02-26 22:47:03.149  trn/loss = 4.1092  
2025-02-26 22:47:03.149  trn/acc@01 = 0.2510  
2025-02-26 22:47:03.150  trn/acc@05 = 0.4995  
2025-02-26 22:47:03.150  trn/acc@10 = 0.5639  
2025-02-26 22:47:03.150  trn/acc@20 = 0.6258  
2025-02-26 22:47:03.150  
  
2025-02-26 22:47:03.359  
  
2025-02-26 22:47:03.360  [VAL_FINETUNE_DTVU_STEPS_1] epoch_03  
2025-02-26 22:47:03.360  =============================================  
2025-02-26 22:47:03.360  val_finetune_dtvu_steps_1/loss = 4.2040  
2025-02-26 22:47:03.360  val_finetune_dtvu_steps_1/acc@01 = 0.2875  
2025-02-26 22:47:03.360  val_finetune_dtvu_steps_1/acc@05 = 0.4625  
2025-02-26 22:47:03.360  val_finetune_dtvu_steps_1/acc@10 = 0.5000  
2025-02-26 22:47:03.360  val_finetune_dtvu_steps_1/acc@20 = 0.5875  
2025-02-26 22:47:03.360  
  
2025-02-26 22:47:03.588  
  
2025-02-26 22:47:03.588  [VAL_FINETUNE_DTVU_STEPS_3] epoch_03  
2025-02-26 22:47:03.588  =============================================  
2025-02-26 22:47:03.588  val_finetune_dtvu_steps_3/loss = 4.1467  
2025-02-26 22:47:03.588  val_finetune_dtvu_steps_3/acc@01 = 0.2958  
2025-02-26 22:47:03.588  val_finetune_dtvu_steps_3/acc@05 = 0.4833  
2025-02-26 22:47:03.588  val_finetune_dtvu_steps_3/acc@10 = 0.5208  
2025-02-26 22:47:03.588  val_finetune_dtvu_steps_3/acc@20 = 0.5875  
2025-02-26 22:47:03.588  
  
2025-02-26 22:47:05.532  
  
2025-02-26 22:47:05.532  [TRN] epoch_04  
2025-02-26 22:47:05.532  =============================================  
2025-02-26 22:47:05.532  trn/loss = 3.7643  
2025-02-26 22:47:05.532  trn/acc@01 = 0.2935  
2025-02-26 22:47:05.532  trn/acc@05 = 0.5710  
2025-02-26 22:47:05.532  trn/acc@10 = 0.6206  
2025-02-26 22:47:05.532  trn/acc@20 = 0.6762  
2025-02-26 22:47:05.532  
  
2025-02-26 22:47:05.718  
  
2025-02-26 22:47:05.718  [VAL_FINETUNE_DTVU_STEPS_1] epoch_04  
2025-02-26 22:47:05.718  =============================================  
2025-02-26 22:47:05.718  val_finetune_dtvu_steps_1/loss = 4.1674  
2025-02-26 22:47:05.718  val_finetune_dtvu_steps_1/acc@01 = 0.2625  
2025-02-26 22:47:05.718  val_finetune_dtvu_steps_1/acc@05 = 0.4625  
2025-02-26 22:47:05.719  val_finetune_dtvu_steps_1/acc@10 = 0.5250  
2025-02-26 22:47:05.719  val_finetune_dtvu_steps_1/acc@20 = 0.5875  
2025-02-26 22:47:05.719  
  
2025-02-26 22:47:05.962  
  
2025-02-26 22:47:05.962  [VAL_FINETUNE_DTVU_STEPS_3] epoch_04  
2025-02-26 22:47:05.962  =============================================  
2025-02-26 22:47:05.962  val_finetune_dtvu_steps_3/loss = 3.9748  
2025-02-26 22:47:05.962  val_finetune_dtvu_steps_3/acc@01 = 0.2708  
2025-02-26 22:47:05.967  val_finetune_dtvu_steps_3/acc@05 = 0.4917  
2025-02-26 22:47:05.968  val_finetune_dtvu_steps_3/acc@10 = 0.5625  
2025-02-26 22:47:05.970  val_finetune_dtvu_steps_3/acc@20 = 0.6417  
2025-02-26 22:47:05.970  
  
2025-02-26 22:47:07.961  
  
2025-02-26 22:47:07.968  [TRN] epoch_05  
2025-02-26 22:47:07.969  =============================================  
2025-02-26 22:47:07.969  trn/loss = 3.5344  
2025-02-26 22:47:07.969  trn/acc@01 = 0.3060  
2025-02-26 22:47:07.969  trn/acc@05 = 0.6082  
2025-02-26 22:47:07.969  trn/acc@10 = 0.6679  
2025-02-26 22:47:07.969  trn/acc@20 = 0.7207  
2025-02-26 22:47:07.969  
  
2025-02-26 22:47:08.161  
  
2025-02-26 22:47:08.161  [VAL_FINETUNE_DTVU_STEPS_1] epoch_05  
2025-02-26 22:47:08.161  =============================================  
2025-02-26 22:47:08.161  val_finetune_dtvu_steps_1/loss = 3.9143  
2025-02-26 22:47:08.161  val_finetune_dtvu_steps_1/acc@01 = 0.2750  
2025-02-26 22:47:08.161  val_finetune_dtvu_steps_1/acc@05 = 0.4875  
2025-02-26 22:47:08.161  val_finetune_dtvu_steps_1/acc@10 = 0.5750  
2025-02-26 22:47:08.161  val_finetune_dtvu_steps_1/acc@20 = 0.6750  
2025-02-26 22:47:08.161  
  
2025-02-26 22:47:08.368  
  
2025-02-26 22:47:08.368  [VAL_FINETUNE_DTVU_STEPS_3] epoch_05  
2025-02-26 22:47:08.368  =============================================  
2025-02-26 22:47:08.368  val_finetune_dtvu_steps_3/loss = 3.7660  
2025-02-26 22:47:08.368  val_finetune_dtvu_steps_3/acc@01 = 0.2792  
2025-02-26 22:47:08.368  val_finetune_dtvu_steps_3/acc@05 = 0.5208  
2025-02-26 22:47:08.368  val_finetune_dtvu_steps_3/acc@10 = 0.6042  
2025-02-26 22:47:08.368  val_finetune_dtvu_steps_3/acc@20 = 0.7000  
2025-02-26 22:47:08.368  
  
2025-02-26 22:47:10.247  
  
2025-02-26 22:47:10.248  [TRN] epoch_06  
2025-02-26 22:47:10.248  =============================================  
2025-02-26 22:47:10.248  trn/loss = 3.6261  
2025-02-26 22:47:10.249  trn/acc@01 = 0.2691  
2025-02-26 22:47:10.249  trn/acc@05 = 0.5887  
2025-02-26 22:47:10.249  trn/acc@10 = 0.6655  
2025-02-26 22:47:10.249  trn/acc@20 = 0.7268  
2025-02-26 22:47:10.249  
  
2025-02-26 22:47:10.469  
  
2025-02-26 22:47:10.469  [VAL_FINETUNE_DTVU_STEPS_1] epoch_06  
2025-02-26 22:47:10.477  =============================================  
2025-02-26 22:47:10.477  val_finetune_dtvu_steps_1/loss = 3.7274  
2025-02-26 22:47:10.477  val_finetune_dtvu_steps_1/acc@01 = 0.3125  
2025-02-26 22:47:10.477  val_finetune_dtvu_steps_1/acc@05 = 0.5625  
2025-02-26 22:47:10.478  val_finetune_dtvu_steps_1/acc@10 = 0.6250  
2025-02-26 22:47:10.478  val_finetune_dtvu_steps_1/acc@20 = 0.6750  
2025-02-26 22:47:10.478  
  
2025-02-26 22:47:10.679  
  
2025-02-26 22:47:10.679  [VAL_FINETUNE_DTVU_STEPS_3] epoch_06  
2025-02-26 22:47:10.679  =============================================  
2025-02-26 22:47:10.679  val_finetune_dtvu_steps_3/loss = 3.6354  
2025-02-26 22:47:10.679  val_finetune_dtvu_steps_3/acc@01 = 0.3000  
2025-02-26 22:47:10.679  val_finetune_dtvu_steps_3/acc@05 = 0.5875  
2025-02-26 22:47:10.679  val_finetune_dtvu_steps_3/acc@10 = 0.6542  
2025-02-26 22:47:10.679  val_finetune_dtvu_steps_3/acc@20 = 0.6958  
2025-02-26 22:47:10.679  
  
2025-02-26 22:47:12.678  
  
2025-02-26 22:47:12.678  [TRN] epoch_07  
2025-02-26 22:47:12.678  =============================================  
2025-02-26 22:47:12.678  trn/loss = 3.5475  
2025-02-26 22:47:12.678  trn/acc@01 = 0.2402  
2025-02-26 22:47:12.678  trn/acc@05 = 0.5835  
2025-02-26 22:47:12.678  trn/acc@10 = 0.6879  
2025-02-26 22:47:12.678  trn/acc@20 = 0.7612  
2025-02-26 22:47:12.678  
  
2025-02-26 22:47:12.859  
  
2025-02-26 22:47:12.859  [VAL_FINETUNE_DTVU_STEPS_1] epoch_07  
2025-02-26 22:47:12.859  =============================================  
2025-02-26 22:47:12.859  val_finetune_dtvu_steps_1/loss = 3.6677  
2025-02-26 22:47:12.859  val_finetune_dtvu_steps_1/acc@01 = 0.2750  
2025-02-26 22:47:12.859  val_finetune_dtvu_steps_1/acc@05 = 0.5750  
2025-02-26 22:47:12.859  val_finetune_dtvu_steps_1/acc@10 = 0.6250  
2025-02-26 22:47:12.859  val_finetune_dtvu_steps_1/acc@20 = 0.7250  
2025-02-26 22:47:12.859  
  
2025-02-26 22:47:13.055  
  
2025-02-26 22:47:13.055  [VAL_FINETUNE_DTVU_STEPS_3] epoch_07  
2025-02-26 22:47:13.055  =============================================  
2025-02-26 22:47:13.055  val_finetune_dtvu_steps_3/loss = 3.5098  
2025-02-26 22:47:13.055  val_finetune_dtvu_steps_3/acc@01 = 0.3083  
2025-02-26 22:47:13.055  val_finetune_dtvu_steps_3/acc@05 = 0.5750  
2025-02-26 22:47:13.055  val_finetune_dtvu_steps_3/acc@10 = 0.6792  
2025-02-26 22:47:13.056  val_finetune_dtvu_steps_3/acc@20 = 0.7542  
2025-02-26 22:47:13.056  
  
2025-02-26 22:47:15.441  
  
2025-02-26 22:47:15.441  [TRN] epoch_08  
2025-02-26 22:47:15.441  =============================================  
2025-02-26 22:47:15.442  trn/loss = 3.4295  
2025-02-26 22:47:15.442  trn/acc@01 = 0.2379  
2025-02-26 22:47:15.443  trn/acc@05 = 0.5932  
2025-02-26 22:47:15.443  trn/acc@10 = 0.7058  
2025-02-26 22:47:15.443  trn/acc@20 = 0.7820  
2025-02-26 22:47:15.443  
  
2025-02-26 22:47:15.643  
  
2025-02-26 22:47:15.643  [VAL_FINETUNE_DTVU_STEPS_1] epoch_08  
2025-02-26 22:47:15.643  =============================================  
2025-02-26 22:47:15.643  val_finetune_dtvu_steps_1/loss = 3.6019  
2025-02-26 22:47:15.643  val_finetune_dtvu_steps_1/acc@01 = 0.1875  
2025-02-26 22:47:15.643  val_finetune_dtvu_steps_1/acc@05 = 0.5750  
2025-02-26 22:47:15.643  val_finetune_dtvu_steps_1/acc@10 = 0.6750  
2025-02-26 22:47:15.643  val_finetune_dtvu_steps_1/acc@20 = 0.7500  
2025-02-26 22:47:15.643  
  
2025-02-26 22:47:15.850  
  
2025-02-26 22:47:15.850  [VAL_FINETUNE_DTVU_STEPS_3] epoch_08  
2025-02-26 22:47:15.850  =============================================  
2025-02-26 22:47:15.850  val_finetune_dtvu_steps_3/loss = 3.4321  
2025-02-26 22:47:15.850  val_finetune_dtvu_steps_3/acc@01 = 0.2083  
2025-02-26 22:47:15.850  val_finetune_dtvu_steps_3/acc@05 = 0.6083  
2025-02-26 22:47:15.850  val_finetune_dtvu_steps_3/acc@10 = 0.7208  
2025-02-26 22:47:15.850  val_finetune_dtvu_steps_3/acc@20 = 0.7750  
2025-02-26 22:47:15.850  
  
2025-02-26 22:47:17.869  
  
2025-02-26 22:47:17.869  [TRN] epoch_09  
2025-02-26 22:47:17.869  =============================================  
2025-02-26 22:47:17.869  trn/loss = 3.3927  
2025-02-26 22:47:17.874  trn/acc@01 = 0.2871  
2025-02-26 22:47:17.874  trn/acc@05 = 0.6075  
2025-02-26 22:47:17.874  trn/acc@10 = 0.7177  
2025-02-26 22:47:17.874  trn/acc@20 = 0.7849  
2025-02-26 22:47:17.874  
  
2025-02-26 22:47:18.082  
  
2025-02-26 22:47:18.082  [VAL_FINETUNE_DTVU_STEPS_1] epoch_09  
2025-02-26 22:47:18.082  =============================================  
2025-02-26 22:47:18.082  val_finetune_dtvu_steps_1/loss = 3.6814  
2025-02-26 22:47:18.084  val_finetune_dtvu_steps_1/acc@01 = 0.2250  
2025-02-26 22:47:18.084  val_finetune_dtvu_steps_1/acc@05 = 0.4875  
2025-02-26 22:47:18.084  val_finetune_dtvu_steps_1/acc@10 = 0.6500  
2025-02-26 22:47:18.084  val_finetune_dtvu_steps_1/acc@20 = 0.7375  
2025-02-26 22:47:18.084  
  
2025-02-26 22:47:18.308  
  
2025-02-26 22:47:18.308  [VAL_FINETUNE_DTVU_STEPS_3] epoch_09  
2025-02-26 22:47:18.308  =============================================  
2025-02-26 22:47:18.308  val_finetune_dtvu_steps_3/loss = 3.5025  
2025-02-26 22:47:18.308  val_finetune_dtvu_steps_3/acc@01 = 0.2417  
2025-02-26 22:47:18.308  val_finetune_dtvu_steps_3/acc@05 = 0.5375  
2025-02-26 22:47:18.308  val_finetune_dtvu_steps_3/acc@10 = 0.7042  
2025-02-26 22:47:18.308  val_finetune_dtvu_steps_3/acc@20 = 0.7833  
2025-02-26 22:47:18.308  
  
2025-02-26 22:47:20.080  
  
2025-02-26 22:47:20.080  [TRN] epoch_10  
2025-02-26 22:47:20.080  =============================================  
2025-02-26 22:47:20.080  trn/loss = 3.4488  
2025-02-26 22:47:20.080  trn/acc@01 = 0.2443  
2025-02-26 22:47:20.080  trn/acc@05 = 0.5769  
2025-02-26 22:47:20.080  trn/acc@10 = 0.6995  
2025-02-26 22:47:20.080  trn/acc@20 = 0.7896  
2025-02-26 22:47:20.080  
  
2025-02-26 22:47:20.248  
  
2025-02-26 22:47:20.248  [VAL_FINETUNE_DTVU_STEPS_1] epoch_10  
2025-02-26 22:47:20.248  =============================================  
2025-02-26 22:47:20.248  val_finetune_dtvu_steps_1/loss = 3.3932  
2025-02-26 22:47:20.248  val_finetune_dtvu_steps_1/acc@01 = 0.2875  
2025-02-26 22:47:20.248  val_finetune_dtvu_steps_1/acc@05 = 0.5250  
2025-02-26 22:47:20.248  val_finetune_dtvu_steps_1/acc@10 = 0.7000  
2025-02-26 22:47:20.248  val_finetune_dtvu_steps_1/acc@20 = 0.7750  
2025-02-26 22:47:20.248  
  
2025-02-26 22:47:20.422  
  
2025-02-26 22:47:20.422  [VAL_FINETUNE_DTVU_STEPS_3] epoch_10  
2025-02-26 22:47:20.422  =============================================  
2025-02-26 22:47:20.422  val_finetune_dtvu_steps_3/loss = 3.3418  
2025-02-26 22:47:20.422  val_finetune_dtvu_steps_3/acc@01 = 0.2833  
2025-02-26 22:47:20.422  val_finetune_dtvu_steps_3/acc@05 = 0.5583  
2025-02-26 22:47:20.422  val_finetune_dtvu_steps_3/acc@10 = 0.7292  
2025-02-26 22:47:20.422  val_finetune_dtvu_steps_3/acc@20 = 0.7958  
2025-02-26 22:47:20.422  
  
2025-02-26 22:47:22.169  
  
2025-02-26 22:47:22.169  [TRN] epoch_11  
2025-02-26 22:47:22.169  =============================================  
2025-02-26 22:47:22.169  trn/loss = 3.2736  
2025-02-26 22:47:22.169  trn/acc@01 = 0.2755  
2025-02-26 22:47:22.169  trn/acc@05 = 0.6019  
2025-02-26 22:47:22.169  trn/acc@10 = 0.7168  
2025-02-26 22:47:22.169  trn/acc@20 = 0.8034  
2025-02-26 22:47:22.169  
  
2025-02-26 22:47:22.337  
  
2025-02-26 22:47:22.337  [VAL_FINETUNE_DTVU_STEPS_1] epoch_11  
2025-02-26 22:47:22.337  =============================================  
2025-02-26 22:47:22.337  val_finetune_dtvu_steps_1/loss = 3.3405  
2025-02-26 22:47:22.337  val_finetune_dtvu_steps_1/acc@01 = 0.2750  
2025-02-26 22:47:22.337  val_finetune_dtvu_steps_1/acc@05 = 0.6000  
2025-02-26 22:47:22.337  val_finetune_dtvu_steps_1/acc@10 = 0.7000  
2025-02-26 22:47:22.337  val_finetune_dtvu_steps_1/acc@20 = 0.7875  
2025-02-26 22:47:22.337  
  
2025-02-26 22:47:22.516  
  
2025-02-26 22:47:22.516  [VAL_FINETUNE_DTVU_STEPS_3] epoch_11  
2025-02-26 22:47:22.516  =============================================  
2025-02-26 22:47:22.516  val_finetune_dtvu_steps_3/loss = 3.2539  
2025-02-26 22:47:22.516  val_finetune_dtvu_steps_3/acc@01 = 0.2792  
2025-02-26 22:47:22.516  val_finetune_dtvu_steps_3/acc@05 = 0.6208  
2025-02-26 22:47:22.517  val_finetune_dtvu_steps_3/acc@10 = 0.6958  
2025-02-26 22:47:22.517  val_finetune_dtvu_steps_3/acc@20 = 0.7917  
2025-02-26 22:47:22.517  
  
2025-02-26 22:47:24.384  
  
2025-02-26 22:47:24.384  [TRN] epoch_12  
2025-02-26 22:47:24.384  =============================================  
2025-02-26 22:47:24.384  trn/loss = 3.2139  
2025-02-26 22:47:24.384  trn/acc@01 = 0.2774  
2025-02-26 22:47:24.384  trn/acc@05 = 0.6211  
2025-02-26 22:47:24.384  trn/acc@10 = 0.7263  
2025-02-26 22:47:24.384  trn/acc@20 = 0.8216  
2025-02-26 22:47:24.387  
  
2025-02-26 22:47:24.620  
  
2025-02-26 22:47:24.620  [VAL_FINETUNE_DTVU_STEPS_1] epoch_12  
2025-02-26 22:47:24.620  =============================================  
2025-02-26 22:47:24.620  val_finetune_dtvu_steps_1/loss = 3.3998  
2025-02-26 22:47:24.620  val_finetune_dtvu_steps_1/acc@01 = 0.2750  
2025-02-26 22:47:24.620  val_finetune_dtvu_steps_1/acc@05 = 0.5250  
2025-02-26 22:47:24.620  val_finetune_dtvu_steps_1/acc@10 = 0.7250  
2025-02-26 22:47:24.620  val_finetune_dtvu_steps_1/acc@20 = 0.7750  
2025-02-26 22:47:24.620  
  
2025-02-26 22:47:24.870  
  
2025-02-26 22:47:24.870  [VAL_FINETUNE_DTVU_STEPS_3] epoch_12  
2025-02-26 22:47:24.873  =============================================  
2025-02-26 22:47:24.873  val_finetune_dtvu_steps_3/loss = 3.3096  
2025-02-26 22:47:24.873  val_finetune_dtvu_steps_3/acc@01 = 0.2750  
2025-02-26 22:47:24.873  val_finetune_dtvu_steps_3/acc@05 = 0.5792  
2025-02-26 22:47:24.873  val_finetune_dtvu_steps_3/acc@10 = 0.7042  
2025-02-26 22:47:24.873  val_finetune_dtvu_steps_3/acc@20 = 0.7958  
2025-02-26 22:47:24.873  
  
2025-02-26 22:47:26.972  
  
2025-02-26 22:47:26.972  [TRN] epoch_13  
2025-02-26 22:47:26.972  =============================================  
2025-02-26 22:47:26.972  trn/loss = 3.2824  
2025-02-26 22:47:26.972  trn/acc@01 = 0.2736  
2025-02-26 22:47:26.972  trn/acc@05 = 0.5981  
2025-02-26 22:47:26.977  trn/acc@10 = 0.7094  
2025-02-26 22:47:26.977  trn/acc@20 = 0.7943  
2025-02-26 22:47:26.977  
  
2025-02-26 22:47:27.172  
  
2025-02-26 22:47:27.172  [VAL_FINETUNE_DTVU_STEPS_1] epoch_13  
2025-02-26 22:47:27.172  =============================================  
2025-02-26 22:47:27.172  val_finetune_dtvu_steps_1/loss = 3.2607  
2025-02-26 22:47:27.172  val_finetune_dtvu_steps_1/acc@01 = 0.3000  
2025-02-26 22:47:27.172  val_finetune_dtvu_steps_1/acc@05 = 0.5625  
2025-02-26 22:47:27.172  val_finetune_dtvu_steps_1/acc@10 = 0.7000  
2025-02-26 22:47:27.172  val_finetune_dtvu_steps_1/acc@20 = 0.8000  
2025-02-26 22:47:27.172  
  
2025-02-26 22:47:27.388  
  
2025-02-26 22:47:27.388  [VAL_FINETUNE_DTVU_STEPS_3] epoch_13  
2025-02-26 22:47:27.388  =============================================  
2025-02-26 22:47:27.388  val_finetune_dtvu_steps_3/loss = 3.3169  
2025-02-26 22:47:27.388  val_finetune_dtvu_steps_3/acc@01 = 0.3083  
2025-02-26 22:47:27.388  val_finetune_dtvu_steps_3/acc@05 = 0.5917  
2025-02-26 22:47:27.389  val_finetune_dtvu_steps_3/acc@10 = 0.7167  
2025-02-26 22:47:27.389  val_finetune_dtvu_steps_3/acc@20 = 0.7833  
2025-02-26 22:47:27.389  
  
2025-02-26 22:47:29.382  
  
2025-02-26 22:47:29.382  [TRN] epoch_14  
2025-02-26 22:47:29.382  =============================================  
2025-02-26 22:47:29.382  trn/loss = 3.2275  
2025-02-26 22:47:29.387  trn/acc@01 = 0.2454  
2025-02-26 22:47:29.387  trn/acc@05 = 0.6098  
2025-02-26 22:47:29.388  trn/acc@10 = 0.7206  
2025-02-26 22:47:29.388  trn/acc@20 = 0.8149  
2025-02-26 22:47:29.388  
  
2025-02-26 22:47:29.587  
  
2025-02-26 22:47:29.587  [VAL_FINETUNE_DTVU_STEPS_1] epoch_14  
2025-02-26 22:47:29.587  =============================================  
2025-02-26 22:47:29.587  val_finetune_dtvu_steps_1/loss = 3.3844  
2025-02-26 22:47:29.588  val_finetune_dtvu_steps_1/acc@01 = 0.2750  
2025-02-26 22:47:29.588  val_finetune_dtvu_steps_1/acc@05 = 0.5375  
2025-02-26 22:47:29.588  val_finetune_dtvu_steps_1/acc@10 = 0.6500  
2025-02-26 22:47:29.588  val_finetune_dtvu_steps_1/acc@20 = 0.7750  
2025-02-26 22:47:29.588  
  
2025-02-26 22:47:29.819  
  
2025-02-26 22:47:29.819  [VAL_FINETUNE_DTVU_STEPS_3] epoch_14  
2025-02-26 22:47:29.819  =============================================  
2025-02-26 22:47:29.819  val_finetune_dtvu_steps_3/loss = 3.2873  
2025-02-26 22:47:29.819  val_finetune_dtvu_steps_3/acc@01 = 0.2750  
2025-02-26 22:47:29.819  val_finetune_dtvu_steps_3/acc@05 = 0.5917  
2025-02-26 22:47:29.819  val_finetune_dtvu_steps_3/acc@10 = 0.6875  
2025-02-26 22:47:29.819  val_finetune_dtvu_steps_3/acc@20 = 0.7917  
2025-02-26 22:47:29.819  
  
2025-02-26 22:47:31.883  
  
2025-02-26 22:47:31.883  [TRN] epoch_15  
2025-02-26 22:47:31.883  =============================================  
2025-02-26 22:47:31.883  trn/loss = 3.1287  
2025-02-26 22:47:31.883  trn/acc@01 = 0.2884  
2025-02-26 22:47:31.889  trn/acc@05 = 0.6283  
2025-02-26 22:47:31.889  trn/acc@10 = 0.7354  
2025-02-26 22:47:31.889  trn/acc@20 = 0.8182  
2025-02-26 22:47:31.889  
  
2025-02-26 22:47:32.173  
  
2025-02-26 22:47:32.173  [VAL_FINETUNE_DTVU_STEPS_1] epoch_15  
2025-02-26 22:47:32.173  =============================================  
2025-02-26 22:47:32.173  val_finetune_dtvu_steps_1/loss = 3.4240  
2025-02-26 22:47:32.173  val_finetune_dtvu_steps_1/acc@01 = 0.1875  
2025-02-26 22:47:32.173  val_finetune_dtvu_steps_1/acc@05 = 0.5875  
2025-02-26 22:47:32.173  val_finetune_dtvu_steps_1/acc@10 = 0.6875  
2025-02-26 22:47:32.173  val_finetune_dtvu_steps_1/acc@20 = 0.7875  
2025-02-26 22:47:32.173  
  
2025-02-26 22:47:32.386  
  
2025-02-26 22:47:32.386  [VAL_FINETUNE_DTVU_STEPS_3] epoch_15  
2025-02-26 22:47:32.386  =============================================  
2025-02-26 22:47:32.386  val_finetune_dtvu_steps_3/loss = 3.3662  
2025-02-26 22:47:32.392  val_finetune_dtvu_steps_3/acc@01 = 0.2083  
2025-02-26 22:47:32.392  val_finetune_dtvu_steps_3/acc@05 = 0.6167  
2025-02-26 22:47:32.392  val_finetune_dtvu_steps_3/acc@10 = 0.6958  
2025-02-26 22:47:32.392  val_finetune_dtvu_steps_3/acc@20 = 0.7875  
2025-02-26 22:47:32.392  
  
2025-02-26 22:47:34.342  
  
2025-02-26 22:47:34.342  [TRN] epoch_16  
2025-02-26 22:47:34.342  =============================================  
2025-02-26 22:47:34.342  trn/loss = 3.2013  
2025-02-26 22:47:34.342  trn/acc@01 = 0.2909  
2025-02-26 22:47:34.342  trn/acc@05 = 0.6217  
2025-02-26 22:47:34.342  trn/acc@10 = 0.7333  
2025-02-26 22:47:34.342  trn/acc@20 = 0.8152  
2025-02-26 22:47:34.342  
  
2025-02-26 22:47:34.543  
  
2025-02-26 22:47:34.543  [VAL_FINETUNE_DTVU_STEPS_1] epoch_16  
2025-02-26 22:47:34.543  =============================================  
2025-02-26 22:47:34.543  val_finetune_dtvu_steps_1/loss = 3.3265  
2025-02-26 22:47:34.543  val_finetune_dtvu_steps_1/acc@01 = 0.2875  
2025-02-26 22:47:34.543  val_finetune_dtvu_steps_1/acc@05 = 0.5625  
2025-02-26 22:47:34.543  val_finetune_dtvu_steps_1/acc@10 = 0.7000  
2025-02-26 22:47:34.543  val_finetune_dtvu_steps_1/acc@20 = 0.7500  
2025-02-26 22:47:34.543  
  
2025-02-26 22:47:34.757  
  
2025-02-26 22:47:34.757  [VAL_FINETUNE_DTVU_STEPS_3] epoch_16  
2025-02-26 22:47:34.757  =============================================  
2025-02-26 22:47:34.757  val_finetune_dtvu_steps_3/loss = 3.2712  
2025-02-26 22:47:34.757  val_finetune_dtvu_steps_3/acc@01 = 0.2792  
2025-02-26 22:47:34.757  val_finetune_dtvu_steps_3/acc@05 = 0.5917  
2025-02-26 22:47:34.757  val_finetune_dtvu_steps_3/acc@10 = 0.7083  
2025-02-26 22:47:34.757  val_finetune_dtvu_steps_3/acc@20 = 0.7875  
2025-02-26 22:47:34.757  
  
2025-02-26 22:47:36.772  
  
2025-02-26 22:47:36.772  [TRN] epoch_17  
2025-02-26 22:47:36.772  =============================================  
2025-02-26 22:47:36.772  trn/loss = 3.0997  
2025-02-26 22:47:36.772  trn/acc@01 = 0.2741  
2025-02-26 22:47:36.772  trn/acc@05 = 0.6194  
2025-02-26 22:47:36.772  trn/acc@10 = 0.7412  
2025-02-26 22:47:36.772  trn/acc@20 = 0.8324  
2025-02-26 22:47:36.772  
  
2025-02-26 22:47:36.965  
  
2025-02-26 22:47:36.965  [VAL_FINETUNE_DTVU_STEPS_1] epoch_17  
2025-02-26 22:47:36.965  =============================================  
2025-02-26 22:47:36.965  val_finetune_dtvu_steps_1/loss = 3.3224  
2025-02-26 22:47:36.965  val_finetune_dtvu_steps_1/acc@01 = 0.3000  
2025-02-26 22:47:36.965  val_finetune_dtvu_steps_1/acc@05 = 0.5125  
2025-02-26 22:47:36.965  val_finetune_dtvu_steps_1/acc@10 = 0.6750  
2025-02-26 22:47:36.965  val_finetune_dtvu_steps_1/acc@20 = 0.8000  
2025-02-26 22:47:36.965  
  
2025-02-26 22:47:37.204  
  
2025-02-26 22:47:37.204  [VAL_FINETUNE_DTVU_STEPS_3] epoch_17  
2025-02-26 22:47:37.204  =============================================  
2025-02-26 22:47:37.204  val_finetune_dtvu_steps_3/loss = 3.2543  
2025-02-26 22:47:37.204  val_finetune_dtvu_steps_3/acc@01 = 0.2708  
2025-02-26 22:47:37.204  val_finetune_dtvu_steps_3/acc@05 = 0.5833  
2025-02-26 22:47:37.204  val_finetune_dtvu_steps_3/acc@10 = 0.7000  
2025-02-26 22:47:37.204  val_finetune_dtvu_steps_3/acc@20 = 0.8125  
2025-02-26 22:47:37.204  
  
2025-02-26 22:47:39.363  
  
2025-02-26 22:47:39.363  [TRN] epoch_18  
2025-02-26 22:47:39.363  =============================================  
2025-02-26 22:47:39.363  trn/loss = 3.0610  
2025-02-26 22:47:39.363  trn/acc@01 = 0.2701  
2025-02-26 22:47:39.366  trn/acc@05 = 0.6290  
2025-02-26 22:47:39.366  trn/acc@10 = 0.7491  
2025-02-26 22:47:39.366  trn/acc@20 = 0.8424  
2025-02-26 22:47:39.366  
  
2025-02-26 22:47:39.575  
  
2025-02-26 22:47:39.575  [VAL_FINETUNE_DTVU_STEPS_1] epoch_18  
2025-02-26 22:47:39.575  =============================================  
2025-02-26 22:47:39.575  val_finetune_dtvu_steps_1/loss = 3.2917  
2025-02-26 22:47:39.575  val_finetune_dtvu_steps_1/acc@01 = 0.2625  
2025-02-26 22:47:39.575  val_finetune_dtvu_steps_1/acc@05 = 0.6000  
2025-02-26 22:47:39.575  val_finetune_dtvu_steps_1/acc@10 = 0.7125  
2025-02-26 22:47:39.575  val_finetune_dtvu_steps_1/acc@20 = 0.7875  
2025-02-26 22:47:39.575  
  
2025-02-26 22:47:39.802  
  
2025-02-26 22:47:39.802  [VAL_FINETUNE_DTVU_STEPS_3] epoch_18  
2025-02-26 22:47:39.811  =============================================  
2025-02-26 22:47:39.811  val_finetune_dtvu_steps_3/loss = 3.2497  
2025-02-26 22:47:39.811  val_finetune_dtvu_steps_3/acc@01 = 0.2750  
2025-02-26 22:47:39.811  val_finetune_dtvu_steps_3/acc@05 = 0.5833  
2025-02-26 22:47:39.811  val_finetune_dtvu_steps_3/acc@10 = 0.7125  
2025-02-26 22:47:39.812  val_finetune_dtvu_steps_3/acc@20 = 0.8042  
2025-02-26 22:47:39.812  
  
2025-02-26 22:47:41.799  
  
2025-02-26 22:47:41.801  [TRN] epoch_19  
2025-02-26 22:47:41.801  =============================================  
2025-02-26 22:47:41.802  trn/loss = 3.1047  
2025-02-26 22:47:41.802  trn/acc@01 = 0.2657  
2025-02-26 22:47:41.802  trn/acc@05 = 0.6255  
2025-02-26 22:47:41.802  trn/acc@10 = 0.7422  
2025-02-26 22:47:41.802  trn/acc@20 = 0.8392  
2025-02-26 22:47:41.802  
  
2025-02-26 22:47:42.013  
  
2025-02-26 22:47:42.013  [VAL_FINETUNE_DTVU_STEPS_1] epoch_19  
2025-02-26 22:47:42.013  =============================================  
2025-02-26 22:47:42.013  val_finetune_dtvu_steps_1/loss = 3.2696  
2025-02-26 22:47:42.013  val_finetune_dtvu_steps_1/acc@01 = 0.2875  
2025-02-26 22:47:42.013  val_finetune_dtvu_steps_1/acc@05 = 0.5875  
2025-02-26 22:47:42.013  val_finetune_dtvu_steps_1/acc@10 = 0.7000  
2025-02-26 22:47:42.013  val_finetune_dtvu_steps_1/acc@20 = 0.7750  
2025-02-26 22:47:42.013  
  
2025-02-26 22:47:42.238  
  
2025-02-26 22:47:42.238  [VAL_FINETUNE_DTVU_STEPS_3] epoch_19  
2025-02-26 22:47:42.238  =============================================  
2025-02-26 22:47:42.238  val_finetune_dtvu_steps_3/loss = 3.2211  
2025-02-26 22:47:42.238  val_finetune_dtvu_steps_3/acc@01 = 0.2833  
2025-02-26 22:47:42.238  val_finetune_dtvu_steps_3/acc@05 = 0.6000  
2025-02-26 22:47:42.238  val_finetune_dtvu_steps_3/acc@10 = 0.7167  
2025-02-26 22:47:42.241  val_finetune_dtvu_steps_3/acc@20 = 0.7958  
2025-02-26 22:47:42.241  
  
2025-02-26 22:47:44.237  
  
2025-02-26 22:47:44.237  [TRN] epoch_20  
2025-02-26 22:47:44.237  =============================================  
2025-02-26 22:47:44.237  trn/loss = 3.1080  
2025-02-26 22:47:44.237  trn/acc@01 = 0.2811  
2025-02-26 22:47:44.241  trn/acc@05 = 0.6243  
2025-02-26 22:47:44.241  trn/acc@10 = 0.7408  
2025-02-26 22:47:44.241  trn/acc@20 = 0.8461  
2025-02-26 22:47:44.241  
  
2025-02-26 22:47:44.432  
  
2025-02-26 22:47:44.432  [VAL_FINETUNE_DTVU_STEPS_1] epoch_20  
2025-02-26 22:47:44.432  =============================================  
2025-02-26 22:47:44.432  val_finetune_dtvu_steps_1/loss = 3.2457  
2025-02-26 22:47:44.432  val_finetune_dtvu_steps_1/acc@01 = 0.2875  
2025-02-26 22:47:44.432  val_finetune_dtvu_steps_1/acc@05 = 0.5625  
2025-02-26 22:47:44.432  val_finetune_dtvu_steps_1/acc@10 = 0.6875  
2025-02-26 22:47:44.432  val_finetune_dtvu_steps_1/acc@20 = 0.8000  
2025-02-26 22:47:44.432  
  
2025-02-26 22:47:44.642  
  
2025-02-26 22:47:44.642  [VAL_FINETUNE_DTVU_STEPS_3] epoch_20  
2025-02-26 22:47:44.642  =============================================  
2025-02-26 22:47:44.642  val_finetune_dtvu_steps_3/loss = 3.2384  
2025-02-26 22:47:44.642  val_finetune_dtvu_steps_3/acc@01 = 0.2833  
2025-02-26 22:47:44.642  val_finetune_dtvu_steps_3/acc@05 = 0.5833  
2025-02-26 22:47:44.642  val_finetune_dtvu_steps_3/acc@10 = 0.7083  
2025-02-26 22:47:44.642  val_finetune_dtvu_steps_3/acc@20 = 0.8083  
2025-02-26 22:47:44.642  
  
2025-02-26 22:47:46.661  
  
2025-02-26 22:47:46.661  [TRN] epoch_21  
2025-02-26 22:47:46.662  =============================================  
2025-02-26 22:47:46.662  trn/loss = 3.0781  
2025-02-26 22:47:46.662  trn/acc@01 = 0.2693  
2025-02-26 22:47:46.662  trn/acc@05 = 0.6037  
2025-02-26 22:47:46.663  trn/acc@10 = 0.7339  
2025-02-26 22:47:46.663  trn/acc@20 = 0.8482  
2025-02-26 22:47:46.663  
  
2025-02-26 22:47:46.868  
  
2025-02-26 22:47:46.868  [VAL_FINETUNE_DTVU_STEPS_1] epoch_21  
2025-02-26 22:47:46.868  =============================================  
2025-02-26 22:47:46.870  val_finetune_dtvu_steps_1/loss = 3.1850  
2025-02-26 22:47:46.870  val_finetune_dtvu_steps_1/acc@01 = 0.2750  
2025-02-26 22:47:46.870  val_finetune_dtvu_steps_1/acc@05 = 0.5875  
2025-02-26 22:47:46.870  val_finetune_dtvu_steps_1/acc@10 = 0.7250  
2025-02-26 22:47:46.870  val_finetune_dtvu_steps_1/acc@20 = 0.7875  
2025-02-26 22:47:46.870  
  
2025-02-26 22:47:47.085  
  
2025-02-26 22:47:47.088  [VAL_FINETUNE_DTVU_STEPS_3] epoch_21  
2025-02-26 22:47:47.088  =============================================  
2025-02-26 22:47:47.089  val_finetune_dtvu_steps_3/loss = 3.1962  
2025-02-26 22:47:47.089  val_finetune_dtvu_steps_3/acc@01 = 0.2750  
2025-02-26 22:47:47.089  val_finetune_dtvu_steps_3/acc@05 = 0.6125  
2025-02-26 22:47:47.089  val_finetune_dtvu_steps_3/acc@10 = 0.7250  
2025-02-26 22:47:47.089  val_finetune_dtvu_steps_3/acc@20 = 0.7917  
2025-02-26 22:47:47.089  
  
2025-02-26 22:47:48.998  
  
2025-02-26 22:47:48.998  [TRN] epoch_22  
2025-02-26 22:47:48.998  =============================================  
2025-02-26 22:47:48.998  trn/loss = 3.1152  
2025-02-26 22:47:48.998  trn/acc@01 = 0.2638  
2025-02-26 22:47:48.998  trn/acc@05 = 0.6143  
2025-02-26 22:47:48.999  trn/acc@10 = 0.7398  
2025-02-26 22:47:48.999  trn/acc@20 = 0.8423  
2025-02-26 22:47:48.999  
  
2025-02-26 22:47:49.188  
  
2025-02-26 22:47:49.188  [VAL_FINETUNE_DTVU_STEPS_1] epoch_22  
2025-02-26 22:47:49.189  =============================================  
2025-02-26 22:47:49.189  val_finetune_dtvu_steps_1/loss = 3.2170  
2025-02-26 22:47:49.189  val_finetune_dtvu_steps_1/acc@01 = 0.2875  
2025-02-26 22:47:49.189  val_finetune_dtvu_steps_1/acc@05 = 0.6125  
2025-02-26 22:47:49.189  val_finetune_dtvu_steps_1/acc@10 = 0.6625  
2025-02-26 22:47:49.189  val_finetune_dtvu_steps_1/acc@20 = 0.8500  
2025-02-26 22:47:49.189  
  
2025-02-26 22:47:49.397  
  
2025-02-26 22:47:49.397  [VAL_FINETUNE_DTVU_STEPS_3] epoch_22  
2025-02-26 22:47:49.397  =============================================  
2025-02-26 22:47:49.398  val_finetune_dtvu_steps_3/loss = 3.2776  
2025-02-26 22:47:49.398  val_finetune_dtvu_steps_3/acc@01 = 0.2667  
2025-02-26 22:47:49.398  val_finetune_dtvu_steps_3/acc@05 = 0.6208  
2025-02-26 22:47:49.398  val_finetune_dtvu_steps_3/acc@10 = 0.6792  
2025-02-26 22:47:49.399  val_finetune_dtvu_steps_3/acc@20 = 0.8167  
2025-02-26 22:47:49.399  
  
2025-02-26 22:47:51.422  
  
2025-02-26 22:47:51.422  [TRN] epoch_23  
2025-02-26 22:47:51.422  =============================================  
2025-02-26 22:47:51.422  trn/loss = 3.1236  
2025-02-26 22:47:51.422  trn/acc@01 = 0.2506  
2025-02-26 22:47:51.422  trn/acc@05 = 0.6017  
2025-02-26 22:47:51.422  trn/acc@10 = 0.7256  
2025-02-26 22:47:51.422  trn/acc@20 = 0.8294  
2025-02-26 22:47:51.422  
  
2025-02-26 22:47:51.612  
  
2025-02-26 22:47:51.612  [VAL_FINETUNE_DTVU_STEPS_1] epoch_23  
2025-02-26 22:47:51.612  =============================================  
2025-02-26 22:47:51.612  val_finetune_dtvu_steps_1/loss = 3.1772  
2025-02-26 22:47:51.612  val_finetune_dtvu_steps_1/acc@01 = 0.3000  
2025-02-26 22:47:51.612  val_finetune_dtvu_steps_1/acc@05 = 0.5750  
2025-02-26 22:47:51.612  val_finetune_dtvu_steps_1/acc@10 = 0.7250  
2025-02-26 22:47:51.612  val_finetune_dtvu_steps_1/acc@20 = 0.8375  
2025-02-26 22:47:51.621  
  
2025-02-26 22:47:51.823  
  
2025-02-26 22:47:51.823  [VAL_FINETUNE_DTVU_STEPS_3] epoch_23  
2025-02-26 22:47:51.823  =============================================  
2025-02-26 22:47:51.823  val_finetune_dtvu_steps_3/loss = 3.1520  
2025-02-26 22:47:51.823  val_finetune_dtvu_steps_3/acc@01 = 0.2958  
2025-02-26 22:47:51.823  val_finetune_dtvu_steps_3/acc@05 = 0.6083  
2025-02-26 22:47:51.823  val_finetune_dtvu_steps_3/acc@10 = 0.7333  
2025-02-26 22:47:51.823  val_finetune_dtvu_steps_3/acc@20 = 0.8000  
2025-02-26 22:47:51.823  
  
2025-02-26 22:47:53.882  
  
2025-02-26 22:47:53.882  [TRN] epoch_24  
2025-02-26 22:47:53.882  =============================================  
2025-02-26 22:47:53.882  trn/loss = 3.0636  
2025-02-26 22:47:53.882  trn/acc@01 = 0.2706  
2025-02-26 22:47:53.882  trn/acc@05 = 0.6108  
2025-02-26 22:47:53.882  trn/acc@10 = 0.7381  
2025-02-26 22:47:53.882  trn/acc@20 = 0.8448  
2025-02-26 22:47:53.882  
  
2025-02-26 22:47:54.083  
  
2025-02-26 22:47:54.083  [VAL_FINETUNE_DTVU_STEPS_1] epoch_24  
2025-02-26 22:47:54.083  =============================================  
2025-02-26 22:47:54.083  val_finetune_dtvu_steps_1/loss = 3.1311  
2025-02-26 22:47:54.083  val_finetune_dtvu_steps_1/acc@01 = 0.3125  
2025-02-26 22:47:54.083  val_finetune_dtvu_steps_1/acc@05 = 0.5500  
2025-02-26 22:47:54.083  val_finetune_dtvu_steps_1/acc@10 = 0.7375  
2025-02-26 22:47:54.083  val_finetune_dtvu_steps_1/acc@20 = 0.8375  
2025-02-26 22:47:54.083  
  
2025-02-26 22:47:54.341  
  
2025-02-26 22:47:54.341  [VAL_FINETUNE_DTVU_STEPS_3] epoch_24  
2025-02-26 22:47:54.342  =============================================  
2025-02-26 22:47:54.342  val_finetune_dtvu_steps_3/loss = 3.1941  
2025-02-26 22:47:54.342  val_finetune_dtvu_steps_3/acc@01 = 0.2667  
2025-02-26 22:47:54.342  val_finetune_dtvu_steps_3/acc@05 = 0.5792  
2025-02-26 22:47:54.342  val_finetune_dtvu_steps_3/acc@10 = 0.7250  
2025-02-26 22:47:54.342  val_finetune_dtvu_steps_3/acc@20 = 0.8167  
2025-02-26 22:47:54.342  
  
2025-02-26 22:47:56.303  
  
2025-02-26 22:47:56.303  [TRN] epoch_25  
2025-02-26 22:47:56.303  =============================================  
2025-02-26 22:47:56.303  trn/loss = 3.0825  
2025-02-26 22:47:56.303  trn/acc@01 = 0.2603  
2025-02-26 22:47:56.303  trn/acc@05 = 0.6084  
2025-02-26 22:47:56.303  trn/acc@10 = 0.7411  
2025-02-26 22:47:56.303  trn/acc@20 = 0.8360  
2025-02-26 22:47:56.303  
  
2025-02-26 22:47:56.493  
  
2025-02-26 22:47:56.493  [VAL_FINETUNE_DTVU_STEPS_1] epoch_25  
2025-02-26 22:47:56.493  =============================================  
2025-02-26 22:47:56.493  val_finetune_dtvu_steps_1/loss = 3.0787  
2025-02-26 22:47:56.493  val_finetune_dtvu_steps_1/acc@01 = 0.2875  
2025-02-26 22:47:56.493  val_finetune_dtvu_steps_1/acc@05 = 0.6375  
2025-02-26 22:47:56.493  val_finetune_dtvu_steps_1/acc@10 = 0.7375  
2025-02-26 22:47:56.493  val_finetune_dtvu_steps_1/acc@20 = 0.8250  
2025-02-26 22:47:56.493  
  
2025-02-26 22:47:56.723  
  
2025-02-26 22:47:56.723  [VAL_FINETUNE_DTVU_STEPS_3] epoch_25  
2025-02-26 22:47:56.723  =============================================  
2025-02-26 22:47:56.723  val_finetune_dtvu_steps_3/loss = 3.1378  
2025-02-26 22:47:56.723  val_finetune_dtvu_steps_3/acc@01 = 0.2750  
2025-02-26 22:47:56.723  val_finetune_dtvu_steps_3/acc@05 = 0.6375  
2025-02-26 22:47:56.723  val_finetune_dtvu_steps_3/acc@10 = 0.7333  
2025-02-26 22:47:56.723  val_finetune_dtvu_steps_3/acc@20 = 0.8042  
2025-02-26 22:47:56.723  
  
2025-02-26 22:47:58.651  
  
2025-02-26 22:47:58.651  [TRN] epoch_26  
2025-02-26 22:47:58.651  =============================================  
2025-02-26 22:47:58.652  trn/loss = 3.0071  
2025-02-26 22:47:58.652  trn/acc@01 = 0.2940  
2025-02-26 22:47:58.652  trn/acc@05 = 0.6418  
2025-02-26 22:47:58.652  trn/acc@10 = 0.7473  
2025-02-26 22:47:58.652  trn/acc@20 = 0.8467  
2025-02-26 22:47:58.652  
  
2025-02-26 22:47:58.846  
  
2025-02-26 22:47:58.846  [VAL_FINETUNE_DTVU_STEPS_1] epoch_26  
2025-02-26 22:47:58.846  =============================================  
2025-02-26 22:47:58.846  val_finetune_dtvu_steps_1/loss = 3.1783  
2025-02-26 22:47:58.846  val_finetune_dtvu_steps_1/acc@01 = 0.2625  
2025-02-26 22:47:58.846  val_finetune_dtvu_steps_1/acc@05 = 0.6625  
2025-02-26 22:47:58.846  val_finetune_dtvu_steps_1/acc@10 = 0.7500  
2025-02-26 22:47:58.846  val_finetune_dtvu_steps_1/acc@20 = 0.8500  
2025-02-26 22:47:58.846  
  
2025-02-26 22:47:59.086  
  
2025-02-26 22:47:59.086  [VAL_FINETUNE_DTVU_STEPS_3] epoch_26  
2025-02-26 22:47:59.086  =============================================  
2025-02-26 22:47:59.086  val_finetune_dtvu_steps_3/loss = 3.2199  
2025-02-26 22:47:59.086  val_finetune_dtvu_steps_3/acc@01 = 0.2625  
2025-02-26 22:47:59.086  val_finetune_dtvu_steps_3/acc@05 = 0.6583  
2025-02-26 22:47:59.086  val_finetune_dtvu_steps_3/acc@10 = 0.7250  
2025-02-26 22:47:59.091  val_finetune_dtvu_steps_3/acc@20 = 0.8167  
2025-02-26 22:47:59.091  
  
2025-02-26 22:48:01.075  
  
2025-02-26 22:48:01.075  [TRN] epoch_27  
2025-02-26 22:48:01.075  =============================================  
2025-02-26 22:48:01.075  trn/loss = 3.1794  
2025-02-26 22:48:01.075  trn/acc@01 = 0.2663  
2025-02-26 22:48:01.075  trn/acc@05 = 0.5955  
2025-02-26 22:48:01.075  trn/acc@10 = 0.7208  
2025-02-26 22:48:01.075  trn/acc@20 = 0.8257  
2025-02-26 22:48:01.075  
  
2025-02-26 22:48:01.271  
  
2025-02-26 22:48:01.272  [VAL_FINETUNE_DTVU_STEPS_1] epoch_27  
2025-02-26 22:48:01.272  =============================================  
2025-02-26 22:48:01.272  val_finetune_dtvu_steps_1/loss = 3.1050  
2025-02-26 22:48:01.272  val_finetune_dtvu_steps_1/acc@01 = 0.2875  
2025-02-26 22:48:01.272  val_finetune_dtvu_steps_1/acc@05 = 0.6750  
2025-02-26 22:48:01.272  val_finetune_dtvu_steps_1/acc@10 = 0.7500  
2025-02-26 22:48:01.272  val_finetune_dtvu_steps_1/acc@20 = 0.8250  
2025-02-26 22:48:01.273  
  
2025-02-26 22:48:01.503  
  
2025-02-26 22:48:01.503  [VAL_FINETUNE_DTVU_STEPS_3] epoch_27  
2025-02-26 22:48:01.503  =============================================  
2025-02-26 22:48:01.503  val_finetune_dtvu_steps_3/loss = 3.1332  
2025-02-26 22:48:01.503  val_finetune_dtvu_steps_3/acc@01 = 0.2833  
2025-02-26 22:48:01.503  val_finetune_dtvu_steps_3/acc@05 = 0.6375  
2025-02-26 22:48:01.503  val_finetune_dtvu_steps_3/acc@10 = 0.7417  
2025-02-26 22:48:01.503  val_finetune_dtvu_steps_3/acc@20 = 0.8125  
2025-02-26 22:48:01.503  
  
2025-02-26 22:48:03.471  
  
2025-02-26 22:48:03.471  [TRN] epoch_28  
2025-02-26 22:48:03.471  =============================================  
2025-02-26 22:48:03.472  trn/loss = 3.0015  
2025-02-26 22:48:03.472  trn/acc@01 = 0.2822  
2025-02-26 22:48:03.472  trn/acc@05 = 0.6272  
2025-02-26 22:48:03.473  trn/acc@10 = 0.7520  
2025-02-26 22:48:03.473  trn/acc@20 = 0.8545  
2025-02-26 22:48:03.473  
  
2025-02-26 22:48:03.666  
  
2025-02-26 22:48:03.666  [VAL_FINETUNE_DTVU_STEPS_1] epoch_28  
2025-02-26 22:48:03.666  =============================================  
2025-02-26 22:48:03.666  val_finetune_dtvu_steps_1/loss = 3.1542  
2025-02-26 22:48:03.666  val_finetune_dtvu_steps_1/acc@01 = 0.2875  
2025-02-26 22:48:03.666  val_finetune_dtvu_steps_1/acc@05 = 0.6250  
2025-02-26 22:48:03.666  val_finetune_dtvu_steps_1/acc@10 = 0.7125  
2025-02-26 22:48:03.666  val_finetune_dtvu_steps_1/acc@20 = 0.8250  
2025-02-26 22:48:03.666  
  
2025-02-26 22:48:03.902  
  
2025-02-26 22:48:03.902  [VAL_FINETUNE_DTVU_STEPS_3] epoch_28  
2025-02-26 22:48:03.902  =============================================  
2025-02-26 22:48:03.902  val_finetune_dtvu_steps_3/loss = 3.2127  
2025-02-26 22:48:03.902  val_finetune_dtvu_steps_3/acc@01 = 0.2750  
2025-02-26 22:48:03.902  val_finetune_dtvu_steps_3/acc@05 = 0.6208  
2025-02-26 22:48:03.902  val_finetune_dtvu_steps_3/acc@10 = 0.7292  
2025-02-26 22:48:03.902  val_finetune_dtvu_steps_3/acc@20 = 0.8083  
2025-02-26 22:48:03.902  
  
2025-02-26 22:48:05.886  
  
2025-02-26 22:48:05.886  [TRN] epoch_29  
2025-02-26 22:48:05.886  =============================================  
2025-02-26 22:48:05.886  trn/loss = 3.0496  
2025-02-26 22:48:05.886  trn/acc@01 = 0.2702  
2025-02-26 22:48:05.886  trn/acc@05 = 0.6135  
2025-02-26 22:48:05.886  trn/acc@10 = 0.7466  
2025-02-26 22:48:05.886  trn/acc@20 = 0.8481  
2025-02-26 22:48:05.886  
  
2025-02-26 22:48:06.102  
  
2025-02-26 22:48:06.104  [VAL_FINETUNE_DTVU_STEPS_1] epoch_29  
2025-02-26 22:48:06.104  =============================================  
2025-02-26 22:48:06.104  val_finetune_dtvu_steps_1/loss = 3.2127  
2025-02-26 22:48:06.104  val_finetune_dtvu_steps_1/acc@01 = 0.2625  
2025-02-26 22:48:06.104  val_finetune_dtvu_steps_1/acc@05 = 0.6125  
2025-02-26 22:48:06.104  val_finetune_dtvu_steps_1/acc@10 = 0.7375  
2025-02-26 22:48:06.104  val_finetune_dtvu_steps_1/acc@20 = 0.8375  
2025-02-26 22:48:06.104  
  
2025-02-26 22:48:06.305  
  
2025-02-26 22:48:06.305  [VAL_FINETUNE_DTVU_STEPS_3] epoch_29  
2025-02-26 22:48:06.305  =============================================  
2025-02-26 22:48:06.305  val_finetune_dtvu_steps_3/loss = 3.1717  
2025-02-26 22:48:06.305  val_finetune_dtvu_steps_3/acc@01 = 0.2708  
2025-02-26 22:48:06.305  val_finetune_dtvu_steps_3/acc@05 = 0.6208  
2025-02-26 22:48:06.305  val_finetune_dtvu_steps_3/acc@10 = 0.7250  
2025-02-26 22:48:06.305  val_finetune_dtvu_steps_3/acc@20 = 0.8083  
2025-02-26 22:48:06.305  
  
2025-02-26 22:48:08.265  
  
2025-02-26 22:48:08.266  [TRN] epoch_30  
2025-02-26 22:48:08.266  =============================================  
2025-02-26 22:48:08.266  trn/loss = 3.0002  
2025-02-26 22:48:08.267  trn/acc@01 = 0.2926  
2025-02-26 22:48:08.267  trn/acc@05 = 0.6417  
2025-02-26 22:48:08.267  trn/acc@10 = 0.7613  
2025-02-26 22:48:08.267  trn/acc@20 = 0.8539  
2025-02-26 22:48:08.267  
  
2025-02-26 22:48:08.479  
  
2025-02-26 22:48:08.480  [VAL_FINETUNE_DTVU_STEPS_1] epoch_30  
2025-02-26 22:48:08.480  =============================================  
2025-02-26 22:48:08.480  val_finetune_dtvu_steps_1/loss = 3.2890  
2025-02-26 22:48:08.480  val_finetune_dtvu_steps_1/acc@01 = 0.2625  
2025-02-26 22:48:08.480  val_finetune_dtvu_steps_1/acc@05 = 0.5875  
2025-02-26 22:48:08.481  val_finetune_dtvu_steps_1/acc@10 = 0.6875  
2025-02-26 22:48:08.481  val_finetune_dtvu_steps_1/acc@20 = 0.8375  
2025-02-26 22:48:08.481  
  
2025-02-26 22:48:08.673  
  
2025-02-26 22:48:08.673  [VAL_FINETUNE_DTVU_STEPS_3] epoch_30  
2025-02-26 22:48:08.673  =============================================  
2025-02-26 22:48:08.673  val_finetune_dtvu_steps_3/loss = 3.2297  
2025-02-26 22:48:08.673  val_finetune_dtvu_steps_3/acc@01 = 0.2667  
2025-02-26 22:48:08.673  val_finetune_dtvu_steps_3/acc@05 = 0.6250  
2025-02-26 22:48:08.673  val_finetune_dtvu_steps_3/acc@10 = 0.7042  
2025-02-26 22:48:08.673  val_finetune_dtvu_steps_3/acc@20 = 0.8125  
2025-02-26 22:48:08.673  
  
2025-02-26 22:48:10.763  
  
2025-02-26 22:48:10.763  [TRN] epoch_31  
2025-02-26 22:48:10.763  =============================================  
2025-02-26 22:48:10.763  trn/loss = 3.0028  
2025-02-26 22:48:10.763  trn/acc@01 = 0.2970  
2025-02-26 22:48:10.763  trn/acc@05 = 0.6285  
2025-02-26 22:48:10.770  trn/acc@10 = 0.7530  
2025-02-26 22:48:10.770  trn/acc@20 = 0.8665  
2025-02-26 22:48:10.770  
  
2025-02-26 22:48:10.992  
  
2025-02-26 22:48:10.992  [VAL_FINETUNE_DTVU_STEPS_1] epoch_31  
2025-02-26 22:48:10.992  =============================================  
2025-02-26 22:48:10.992  val_finetune_dtvu_steps_1/loss = 3.1373  
2025-02-26 22:48:10.992  val_finetune_dtvu_steps_1/acc@01 = 0.2875  
2025-02-26 22:48:10.992  val_finetune_dtvu_steps_1/acc@05 = 0.6125  
2025-02-26 22:48:10.992  val_finetune_dtvu_steps_1/acc@10 = 0.7125  
2025-02-26 22:48:10.992  val_finetune_dtvu_steps_1/acc@20 = 0.8500  
2025-02-26 22:48:10.992  
  
2025-02-26 22:48:11.253  
  
2025-02-26 22:48:11.253  [VAL_FINETUNE_DTVU_STEPS_3] epoch_31  
2025-02-26 22:48:11.253  =============================================  
2025-02-26 22:48:11.253  val_finetune_dtvu_steps_3/loss = 3.1775  
2025-02-26 22:48:11.253  val_finetune_dtvu_steps_3/acc@01 = 0.2750  
2025-02-26 22:48:11.253  val_finetune_dtvu_steps_3/acc@05 = 0.6167  
2025-02-26 22:48:11.253  val_finetune_dtvu_steps_3/acc@10 = 0.7417  
2025-02-26 22:48:11.253  val_finetune_dtvu_steps_3/acc@20 = 0.8292  
2025-02-26 22:48:11.253  
  
2025-02-26 22:48:13.213  
  
2025-02-26 22:48:13.213  [TRN] epoch_32  
2025-02-26 22:48:13.213  =============================================  
2025-02-26 22:48:13.213  trn/loss = 3.0432  
2025-02-26 22:48:13.213  trn/acc@01 = 0.2738  
2025-02-26 22:48:13.213  trn/acc@05 = 0.6117  
2025-02-26 22:48:13.213  trn/acc@10 = 0.7345  
2025-02-26 22:48:13.213  trn/acc@20 = 0.8471  
2025-02-26 22:48:13.213  
  
2025-02-26 22:48:13.412  
  
2025-02-26 22:48:13.413  [VAL_FINETUNE_DTVU_STEPS_1] epoch_32  
2025-02-26 22:48:13.413  =============================================  
2025-02-26 22:48:13.413  val_finetune_dtvu_steps_1/loss = 3.0855  
2025-02-26 22:48:13.413  val_finetune_dtvu_steps_1/acc@01 = 0.3000  
2025-02-26 22:48:13.413  val_finetune_dtvu_steps_1/acc@05 = 0.6125  
2025-02-26 22:48:13.413  val_finetune_dtvu_steps_1/acc@10 = 0.7625  
2025-02-26 22:48:13.413  val_finetune_dtvu_steps_1/acc@20 = 0.8125  
2025-02-26 22:48:13.413  
  
2025-02-26 22:48:13.612  
  
2025-02-26 22:48:13.612  [VAL_FINETUNE_DTVU_STEPS_3] epoch_32  
2025-02-26 22:48:13.612  =============================================  
2025-02-26 22:48:13.612  val_finetune_dtvu_steps_3/loss = 3.1185  
2025-02-26 22:48:13.612  val_finetune_dtvu_steps_3/acc@01 = 0.3125  
2025-02-26 22:48:13.612  val_finetune_dtvu_steps_3/acc@05 = 0.6208  
2025-02-26 22:48:13.621  val_finetune_dtvu_steps_3/acc@10 = 0.7417  
2025-02-26 22:48:13.621  val_finetune_dtvu_steps_3/acc@20 = 0.8125  
2025-02-26 22:48:13.621  
  
2025-02-26 22:48:15.603  
  
2025-02-26 22:48:15.603  [TRN] epoch_33  
2025-02-26 22:48:15.606  =============================================  
2025-02-26 22:48:15.606  trn/loss = 2.9096  
2025-02-26 22:48:15.606  trn/acc@01 = 0.3127  
2025-02-26 22:48:15.606  trn/acc@05 = 0.6412  
2025-02-26 22:48:15.606  trn/acc@10 = 0.7588  
2025-02-26 22:48:15.606  trn/acc@20 = 0.8721  
2025-02-26 22:48:15.606  
  
2025-02-26 22:48:15.794  
  
2025-02-26 22:48:15.794  [VAL_FINETUNE_DTVU_STEPS_1] epoch_33  
2025-02-26 22:48:15.794  =============================================  
2025-02-26 22:48:15.794  val_finetune_dtvu_steps_1/loss = 3.3490  
2025-02-26 22:48:15.794  val_finetune_dtvu_steps_1/acc@01 = 0.2375  
2025-02-26 22:48:15.794  val_finetune_dtvu_steps_1/acc@05 = 0.5625  
2025-02-26 22:48:15.794  val_finetune_dtvu_steps_1/acc@10 = 0.7250  
2025-02-26 22:48:15.794  val_finetune_dtvu_steps_1/acc@20 = 0.8250  
2025-02-26 22:48:15.794  
  
2025-02-26 22:48:15.989  
  
2025-02-26 22:48:15.989  [VAL_FINETUNE_DTVU_STEPS_3] epoch_33  
2025-02-26 22:48:15.989  =============================================  
2025-02-26 22:48:15.989  val_finetune_dtvu_steps_3/loss = 3.2591  
2025-02-26 22:48:15.989  val_finetune_dtvu_steps_3/acc@01 = 0.2458  
2025-02-26 22:48:15.989  val_finetune_dtvu_steps_3/acc@05 = 0.6042  
2025-02-26 22:48:15.989  val_finetune_dtvu_steps_3/acc@10 = 0.7333  
2025-02-26 22:48:15.991  val_finetune_dtvu_steps_3/acc@20 = 0.8083  
2025-02-26 22:48:15.991  
  
2025-02-26 22:48:18.032  
  
2025-02-26 22:48:18.032  [TRN] epoch_34  
2025-02-26 22:48:18.032  =============================================  
2025-02-26 22:48:18.032  trn/loss = 3.0431  
2025-02-26 22:48:18.032  trn/acc@01 = 0.2743  
2025-02-26 22:48:18.032  trn/acc@05 = 0.6064  
2025-02-26 22:48:18.032  trn/acc@10 = 0.7307  
2025-02-26 22:48:18.032  trn/acc@20 = 0.8406  
2025-02-26 22:48:18.032  
  
2025-02-26 22:48:18.253  
  
2025-02-26 22:48:18.253  [VAL_FINETUNE_DTVU_STEPS_1] epoch_34  
2025-02-26 22:48:18.253  =============================================  
2025-02-26 22:48:18.253  val_finetune_dtvu_steps_1/loss = 3.1048  
2025-02-26 22:48:18.253  val_finetune_dtvu_steps_1/acc@01 = 0.2875  
2025-02-26 22:48:18.253  val_finetune_dtvu_steps_1/acc@05 = 0.6125  
2025-02-26 22:48:18.253  val_finetune_dtvu_steps_1/acc@10 = 0.7000  
2025-02-26 22:48:18.253  val_finetune_dtvu_steps_1/acc@20 = 0.8500  
2025-02-26 22:48:18.253  
  
2025-02-26 22:48:18.472  
  
2025-02-26 22:48:18.472  [VAL_FINETUNE_DTVU_STEPS_3] epoch_34  
2025-02-26 22:48:18.472  =============================================  
2025-02-26 22:48:18.472  val_finetune_dtvu_steps_3/loss = 3.1467  
2025-02-26 22:48:18.472  val_finetune_dtvu_steps_3/acc@01 = 0.2792  
2025-02-26 22:48:18.472  val_finetune_dtvu_steps_3/acc@05 = 0.6250  
2025-02-26 22:48:18.472  val_finetune_dtvu_steps_3/acc@10 = 0.7250  
2025-02-26 22:48:18.472  val_finetune_dtvu_steps_3/acc@20 = 0.8250  
2025-02-26 22:48:18.472  
  
2025-02-26 22:48:20.428  
  
2025-02-26 22:48:20.428  [TRN] epoch_35  
2025-02-26 22:48:20.429  =============================================  
2025-02-26 22:48:20.429  trn/loss = 3.0453  
2025-02-26 22:48:20.429  trn/acc@01 = 0.2687  
2025-02-26 22:48:20.429  trn/acc@05 = 0.6005  
2025-02-26 22:48:20.429  trn/acc@10 = 0.7434  
2025-02-26 22:48:20.429  trn/acc@20 = 0.8601  
2025-02-26 22:48:20.429  
  
2025-02-26 22:48:20.612  
  
2025-02-26 22:48:20.612  [VAL_FINETUNE_DTVU_STEPS_1] epoch_35  
2025-02-26 22:48:20.612  =============================================  
2025-02-26 22:48:20.612  val_finetune_dtvu_steps_1/loss = 3.1023  
2025-02-26 22:48:20.612  val_finetune_dtvu_steps_1/acc@01 = 0.2875  
2025-02-26 22:48:20.612  val_finetune_dtvu_steps_1/acc@05 = 0.6000  
2025-02-26 22:48:20.612  val_finetune_dtvu_steps_1/acc@10 = 0.7250  
2025-02-26 22:48:20.612  val_finetune_dtvu_steps_1/acc@20 = 0.8375  
2025-02-26 22:48:20.612  
  
2025-02-26 22:48:20.807  
  
2025-02-26 22:48:20.807  [VAL_FINETUNE_DTVU_STEPS_3] epoch_35  
2025-02-26 22:48:20.807  =============================================  
2025-02-26 22:48:20.807  val_finetune_dtvu_steps_3/loss = 3.1470  
2025-02-26 22:48:20.807  val_finetune_dtvu_steps_3/acc@01 = 0.2875  
2025-02-26 22:48:20.807  val_finetune_dtvu_steps_3/acc@05 = 0.6208  
2025-02-26 22:48:20.807  val_finetune_dtvu_steps_3/acc@10 = 0.7083  
2025-02-26 22:48:20.811  val_finetune_dtvu_steps_3/acc@20 = 0.8125  
2025-02-26 22:48:20.811  
  
2025-02-26 22:48:22.742  
  
2025-02-26 22:48:22.742  [TRN] epoch_36  
2025-02-26 22:48:22.742  =============================================  
2025-02-26 22:48:22.742  trn/loss = 3.0662  
2025-02-26 22:48:22.742  trn/acc@01 = 0.2706  
2025-02-26 22:48:22.742  trn/acc@05 = 0.6132  
2025-02-26 22:48:22.742  trn/acc@10 = 0.7387  
2025-02-26 22:48:22.742  trn/acc@20 = 0.8495  
2025-02-26 22:48:22.742  
  
2025-02-26 22:48:22.990  
  
2025-02-26 22:48:22.990  [VAL_FINETUNE_DTVU_STEPS_1] epoch_36  
2025-02-26 22:48:22.990  =============================================  
2025-02-26 22:48:22.990  val_finetune_dtvu_steps_1/loss = 3.2508  
2025-02-26 22:48:22.990  val_finetune_dtvu_steps_1/acc@01 = 0.2625  
2025-02-26 22:48:22.991  val_finetune_dtvu_steps_1/acc@05 = 0.6000  
2025-02-26 22:48:22.991  val_finetune_dtvu_steps_1/acc@10 = 0.6875  
2025-02-26 22:48:22.991  val_finetune_dtvu_steps_1/acc@20 = 0.8250  
2025-02-26 22:48:22.991  
  
2025-02-26 22:48:23.178  
  
2025-02-26 22:48:23.181  [VAL_FINETUNE_DTVU_STEPS_3] epoch_36  
2025-02-26 22:48:23.181  =============================================  
2025-02-26 22:48:23.181  val_finetune_dtvu_steps_3/loss = 3.1825  
2025-02-26 22:48:23.182  val_finetune_dtvu_steps_3/acc@01 = 0.2667  
2025-02-26 22:48:23.182  val_finetune_dtvu_steps_3/acc@05 = 0.6208  
2025-02-26 22:48:23.182  val_finetune_dtvu_steps_3/acc@10 = 0.6958  
2025-02-26 22:48:23.182  val_finetune_dtvu_steps_3/acc@20 = 0.8167  
2025-02-26 22:48:23.183  
  
2025-02-26 22:48:25.106  
  
2025-02-26 22:48:25.106  [TRN] epoch_37  
2025-02-26 22:48:25.106  =============================================  
2025-02-26 22:48:25.111  trn/loss = 3.0435  
2025-02-26 22:48:25.112  trn/acc@01 = 0.2607  
2025-02-26 22:48:25.112  trn/acc@05 = 0.6053  
2025-02-26 22:48:25.112  trn/acc@10 = 0.7330  
2025-02-26 22:48:25.112  trn/acc@20 = 0.8592  
2025-02-26 22:48:25.112  
  
2025-02-26 22:48:25.294  
  
2025-02-26 22:48:25.294  [VAL_FINETUNE_DTVU_STEPS_1] epoch_37  
2025-02-26 22:48:25.294  =============================================  
2025-02-26 22:48:25.294  val_finetune_dtvu_steps_1/loss = 3.1598  
2025-02-26 22:48:25.294  val_finetune_dtvu_steps_1/acc@01 = 0.3250  
2025-02-26 22:48:25.294  val_finetune_dtvu_steps_1/acc@05 = 0.5750  
2025-02-26 22:48:25.294  val_finetune_dtvu_steps_1/acc@10 = 0.7125  
2025-02-26 22:48:25.294  val_finetune_dtvu_steps_1/acc@20 = 0.8250  
2025-02-26 22:48:25.294  
  
2025-02-26 22:48:25.501  
  
2025-02-26 22:48:25.501  [VAL_FINETUNE_DTVU_STEPS_3] epoch_37  
2025-02-26 22:48:25.501  =============================================  
2025-02-26 22:48:25.502  val_finetune_dtvu_steps_3/loss = 3.1272  
2025-02-26 22:48:25.502  val_finetune_dtvu_steps_3/acc@01 = 0.3542  
2025-02-26 22:48:25.502  val_finetune_dtvu_steps_3/acc@05 = 0.6125  
2025-02-26 22:48:25.502  val_finetune_dtvu_steps_3/acc@10 = 0.7208  
2025-02-26 22:48:25.502  val_finetune_dtvu_steps_3/acc@20 = 0.8083  
2025-02-26 22:48:25.502  
  
2025-02-26 22:48:27.513  
  
2025-02-26 22:48:27.514  [TRN] epoch_38  
2025-02-26 22:48:27.514  =============================================  
2025-02-26 22:48:27.514  trn/loss = 2.9924  
2025-02-26 22:48:27.514  trn/acc@01 = 0.2557  
2025-02-26 22:48:27.514  trn/acc@05 = 0.6257  
2025-02-26 22:48:27.514  trn/acc@10 = 0.7374  
2025-02-26 22:48:27.514  trn/acc@20 = 0.8643  
2025-02-26 22:48:27.514  
  
2025-02-26 22:48:27.711  
  
2025-02-26 22:48:27.711  [VAL_FINETUNE_DTVU_STEPS_1] epoch_38  
2025-02-26 22:48:27.711  =============================================  
2025-02-26 22:48:27.711  val_finetune_dtvu_steps_1/loss = 3.2300  
2025-02-26 22:48:27.711  val_finetune_dtvu_steps_1/acc@01 = 0.2625  
2025-02-26 22:48:27.711  val_finetune_dtvu_steps_1/acc@05 = 0.6000  
2025-02-26 22:48:27.711  val_finetune_dtvu_steps_1/acc@10 = 0.7250  
2025-02-26 22:48:27.711  val_finetune_dtvu_steps_1/acc@20 = 0.8250  
2025-02-26 22:48:27.712  
  
2025-02-26 22:48:27.909  
  
2025-02-26 22:48:27.910  [VAL_FINETUNE_DTVU_STEPS_3] epoch_38  
2025-02-26 22:48:27.910  =============================================  
2025-02-26 22:48:27.911  val_finetune_dtvu_steps_3/loss = 3.1853  
2025-02-26 22:48:27.911  val_finetune_dtvu_steps_3/acc@01 = 0.2708  
2025-02-26 22:48:27.911  val_finetune_dtvu_steps_3/acc@05 = 0.6208  
2025-02-26 22:48:27.911  val_finetune_dtvu_steps_3/acc@10 = 0.7417  
2025-02-26 22:48:27.911  val_finetune_dtvu_steps_3/acc@20 = 0.8167  
2025-02-26 22:48:27.911  
  
2025-02-26 22:48:29.852  
  
2025-02-26 22:48:29.852  [TRN] epoch_39  
2025-02-26 22:48:29.852  =============================================  
2025-02-26 22:48:29.852  trn/loss = 3.0208  
2025-02-26 22:48:29.855  trn/acc@01 = 0.2629  
2025-02-26 22:48:29.856  trn/acc@05 = 0.6167  
2025-02-26 22:48:29.856  trn/acc@10 = 0.7400  
2025-02-26 22:48:29.857  trn/acc@20 = 0.8410  
2025-02-26 22:48:29.857  
  
2025-02-26 22:48:30.044  
  
2025-02-26 22:48:30.044  [VAL_FINETUNE_DTVU_STEPS_1] epoch_39  
2025-02-26 22:48:30.044  =============================================  
2025-02-26 22:48:30.051  val_finetune_dtvu_steps_1/loss = 3.1618  
2025-02-26 22:48:30.051  val_finetune_dtvu_steps_1/acc@01 = 0.2875  
2025-02-26 22:48:30.051  val_finetune_dtvu_steps_1/acc@05 = 0.6000  
2025-02-26 22:48:30.051  val_finetune_dtvu_steps_1/acc@10 = 0.7125  
2025-02-26 22:48:30.051  val_finetune_dtvu_steps_1/acc@20 = 0.8250  
2025-02-26 22:48:30.051  
  
2025-02-26 22:48:30.375  
  
2025-02-26 22:48:30.375  [VAL_FINETUNE_DTVU_STEPS_3] epoch_39  
2025-02-26 22:48:30.375  =============================================  
2025-02-26 22:48:30.380  val_finetune_dtvu_steps_3/loss = 3.1336  
2025-02-26 22:48:30.380  val_finetune_dtvu_steps_3/acc@01 = 0.3000  
2025-02-26 22:48:30.380  val_finetune_dtvu_steps_3/acc@05 = 0.6208  
2025-02-26 22:48:30.380  val_finetune_dtvu_steps_3/acc@10 = 0.7375  
2025-02-26 22:48:30.380  val_finetune_dtvu_steps_3/acc@20 = 0.8208  
2025-02-26 22:48:30.381  
  
2025-02-26 22:48:32.445  
  
2025-02-26 22:48:32.445  [TRN] epoch_40  
2025-02-26 22:48:32.445  =============================================  
2025-02-26 22:48:32.445  trn/loss = 3.0032  
2025-02-26 22:48:32.445  trn/acc@01 = 0.2852  
2025-02-26 22:48:32.445  trn/acc@05 = 0.6190  
2025-02-26 22:48:32.445  trn/acc@10 = 0.7458  
2025-02-26 22:48:32.445  trn/acc@20 = 0.8486  
2025-02-26 22:48:32.451  
  
2025-02-26 22:48:32.648  
  
2025-02-26 22:48:32.648  [VAL_FINETUNE_DTVU_STEPS_1] epoch_40  
2025-02-26 22:48:32.648  =============================================  
2025-02-26 22:48:32.648  val_finetune_dtvu_steps_1/loss = 3.1469  
2025-02-26 22:48:32.648  val_finetune_dtvu_steps_1/acc@01 = 0.2625  
2025-02-26 22:48:32.648  val_finetune_dtvu_steps_1/acc@05 = 0.6000  
2025-02-26 22:48:32.648  val_finetune_dtvu_steps_1/acc@10 = 0.7125  
2025-02-26 22:48:32.648  val_finetune_dtvu_steps_1/acc@20 = 0.8125  
2025-02-26 22:48:32.648  
  
2025-02-26 22:48:32.849  
  
2025-02-26 22:48:32.849  [VAL_FINETUNE_DTVU_STEPS_3] epoch_40  
2025-02-26 22:48:32.849  =============================================  
2025-02-26 22:48:32.849  val_finetune_dtvu_steps_3/loss = 3.1639  
2025-02-26 22:48:32.849  val_finetune_dtvu_steps_3/acc@01 = 0.2625  
2025-02-26 22:48:32.849  val_finetune_dtvu_steps_3/acc@05 = 0.6042  
2025-02-26 22:48:32.849  val_finetune_dtvu_steps_3/acc@10 = 0.7208  
2025-02-26 22:48:32.849  val_finetune_dtvu_steps_3/acc@20 = 0.8083  
2025-02-26 22:48:32.849  
  
2025-02-26 22:48:34.792  
  
2025-02-26 22:48:34.792  [TRN] epoch_41  
2025-02-26 22:48:34.792  =============================================  
2025-02-26 22:48:34.792  trn/loss = 2.9500  
2025-02-26 22:48:34.792  trn/acc@01 = 0.2924  
2025-02-26 22:48:34.792  trn/acc@05 = 0.6290  
2025-02-26 22:48:34.792  trn/acc@10 = 0.7504  
2025-02-26 22:48:34.792  trn/acc@20 = 0.8594  
2025-02-26 22:48:34.792  
  
2025-02-26 22:48:34.992  
  
2025-02-26 22:48:34.992  [VAL_FINETUNE_DTVU_STEPS_1] epoch_41  
2025-02-26 22:48:34.992  =============================================  
2025-02-26 22:48:34.992  val_finetune_dtvu_steps_1/loss = 3.1588  
2025-02-26 22:48:34.992  val_finetune_dtvu_steps_1/acc@01 = 0.2250  
2025-02-26 22:48:34.992  val_finetune_dtvu_steps_1/acc@05 = 0.6250  
2025-02-26 22:48:34.992  val_finetune_dtvu_steps_1/acc@10 = 0.7375  
2025-02-26 22:48:34.992  val_finetune_dtvu_steps_1/acc@20 = 0.8250  
2025-02-26 22:48:34.992  
  
2025-02-26 22:48:35.205  
  
2025-02-26 22:48:35.205  [VAL_FINETUNE_DTVU_STEPS_3] epoch_41  
2025-02-26 22:48:35.205  =============================================  
2025-02-26 22:48:35.205  val_finetune_dtvu_steps_3/loss = 3.1620  
2025-02-26 22:48:35.205  val_finetune_dtvu_steps_3/acc@01 = 0.2292  
2025-02-26 22:48:35.205  val_finetune_dtvu_steps_3/acc@05 = 0.6083  
2025-02-26 22:48:35.205  val_finetune_dtvu_steps_3/acc@10 = 0.7333  
2025-02-26 22:48:35.205  val_finetune_dtvu_steps_3/acc@20 = 0.8208  
2025-02-26 22:48:35.205  
  
2025-02-26 22:48:37.193  
  
2025-02-26 22:48:37.193  [TRN] epoch_42  
2025-02-26 22:48:37.198  =============================================  
2025-02-26 22:48:37.198  trn/loss = 2.9407  
2025-02-26 22:48:37.198  trn/acc@01 = 0.3073  
2025-02-26 22:48:37.198  trn/acc@05 = 0.6199  
2025-02-26 22:48:37.198  trn/acc@10 = 0.7549  
2025-02-26 22:48:37.198  trn/acc@20 = 0.8592  
2025-02-26 22:48:37.198  
  
2025-02-26 22:48:37.387  
  
2025-02-26 22:48:37.387  [VAL_FINETUNE_DTVU_STEPS_1] epoch_42  
2025-02-26 22:48:37.387  =============================================  
2025-02-26 22:48:37.387  val_finetune_dtvu_steps_1/loss = 3.1891  
2025-02-26 22:48:37.387  val_finetune_dtvu_steps_1/acc@01 = 0.3125  
2025-02-26 22:48:37.387  val_finetune_dtvu_steps_1/acc@05 = 0.6125  
2025-02-26 22:48:37.387  val_finetune_dtvu_steps_1/acc@10 = 0.7625  
2025-02-26 22:48:37.387  val_finetune_dtvu_steps_1/acc@20 = 0.8250  
2025-02-26 22:48:37.387  
  
2025-02-26 22:48:37.572  
  
2025-02-26 22:48:37.572  [VAL_FINETUNE_DTVU_STEPS_3] epoch_42  
2025-02-26 22:48:37.572  =============================================  
2025-02-26 22:48:37.572  val_finetune_dtvu_steps_3/loss = 3.1655  
2025-02-26 22:48:37.572  val_finetune_dtvu_steps_3/acc@01 = 0.2792  
2025-02-26 22:48:37.572  val_finetune_dtvu_steps_3/acc@05 = 0.6167  
2025-02-26 22:48:37.572  val_finetune_dtvu_steps_3/acc@10 = 0.7542  
2025-02-26 22:48:37.572  val_finetune_dtvu_steps_3/acc@20 = 0.8125  
2025-02-26 22:48:37.572  
  
2025-02-26 22:48:39.491  
  
2025-02-26 22:48:39.491  [TRN] epoch_43  
2025-02-26 22:48:39.491  =============================================  
2025-02-26 22:48:39.491  trn/loss = 2.9826  
2025-02-26 22:48:39.491  trn/acc@01 = 0.2787  
2025-02-26 22:48:39.492  trn/acc@05 = 0.6037  
2025-02-26 22:48:39.492  trn/acc@10 = 0.7383  
2025-02-26 22:48:39.492  trn/acc@20 = 0.8388  
2025-02-26 22:48:39.492  
  
2025-02-26 22:48:39.675  
  
2025-02-26 22:48:39.675  [VAL_FINETUNE_DTVU_STEPS_1] epoch_43  
2025-02-26 22:48:39.675  =============================================  
2025-02-26 22:48:39.675  val_finetune_dtvu_steps_1/loss = 3.2851  
2025-02-26 22:48:39.675  val_finetune_dtvu_steps_1/acc@01 = 0.2125  
2025-02-26 22:48:39.675  val_finetune_dtvu_steps_1/acc@05 = 0.5875  
2025-02-26 22:48:39.675  val_finetune_dtvu_steps_1/acc@10 = 0.7125  
2025-02-26 22:48:39.675  val_finetune_dtvu_steps_1/acc@20 = 0.8000  
2025-02-26 22:48:39.675  
  
2025-02-26 22:48:39.872  
  
2025-02-26 22:48:39.872  [VAL_FINETUNE_DTVU_STEPS_3] epoch_43  
2025-02-26 22:48:39.872  =============================================  
2025-02-26 22:48:39.872  val_finetune_dtvu_steps_3/loss = 3.2553  
2025-02-26 22:48:39.872  val_finetune_dtvu_steps_3/acc@01 = 0.2500  
2025-02-26 22:48:39.872  val_finetune_dtvu_steps_3/acc@05 = 0.5750  
2025-02-26 22:48:39.872  val_finetune_dtvu_steps_3/acc@10 = 0.7167  
2025-02-26 22:48:39.872  val_finetune_dtvu_steps_3/acc@20 = 0.8125  
2025-02-26 22:48:39.872  
  
2025-02-26 22:48:41.861  
  
2025-02-26 22:48:41.862  [TRN] epoch_44  
2025-02-26 22:48:41.862  =============================================  
2025-02-26 22:48:41.862  trn/loss = 2.7955  
2025-02-26 22:48:41.862  trn/acc@01 = 0.3335  
2025-02-26 22:48:41.862  trn/acc@05 = 0.6580  
2025-02-26 22:48:41.862  trn/acc@10 = 0.7656  
2025-02-26 22:48:41.862  trn/acc@20 = 0.8731  
2025-02-26 22:48:41.862  
  
2025-02-26 22:48:42.072  
  
2025-02-26 22:48:42.072  [VAL_FINETUNE_DTVU_STEPS_1] epoch_44  
2025-02-26 22:48:42.072  =============================================  
2025-02-26 22:48:42.072  val_finetune_dtvu_steps_1/loss = 3.5954  
2025-02-26 22:48:42.072  val_finetune_dtvu_steps_1/acc@01 = 0.1875  
2025-02-26 22:48:42.072  val_finetune_dtvu_steps_1/acc@05 = 0.5125  
2025-02-26 22:48:42.072  val_finetune_dtvu_steps_1/acc@10 = 0.6750  
2025-02-26 22:48:42.072  val_finetune_dtvu_steps_1/acc@20 = 0.8000  
2025-02-26 22:48:42.072  
  
2025-02-26 22:48:42.273  
  
2025-02-26 22:48:42.273  [VAL_FINETUNE_DTVU_STEPS_3] epoch_44  
2025-02-26 22:48:42.273  =============================================  
2025-02-26 22:48:42.273  val_finetune_dtvu_steps_3/loss = 3.4781  
2025-02-26 22:48:42.273  val_finetune_dtvu_steps_3/acc@01 = 0.1875  
2025-02-26 22:48:42.275  val_finetune_dtvu_steps_3/acc@05 = 0.5792  
2025-02-26 22:48:42.275  val_finetune_dtvu_steps_3/acc@10 = 0.7042  
2025-02-26 22:48:42.275  val_finetune_dtvu_steps_3/acc@20 = 0.7958  
2025-02-26 22:48:42.275  
  
2025-02-26 22:48:44.202  
  
2025-02-26 22:48:44.202  [TRN] epoch_45  
2025-02-26 22:48:44.202  =============================================  
2025-02-26 22:48:44.207  trn/loss = 2.8550  
2025-02-26 22:48:44.207  trn/acc@01 = 0.3065  
2025-02-26 22:48:44.207  trn/acc@05 = 0.6485  
2025-02-26 22:48:44.207  trn/acc@10 = 0.7605  
2025-02-26 22:48:44.207  trn/acc@20 = 0.8680  
2025-02-26 22:48:44.207  
  
2025-02-26 22:48:44.410  
  
2025-02-26 22:48:44.410  [VAL_FINETUNE_DTVU_STEPS_1] epoch_45  
2025-02-26 22:48:44.410  =============================================  
2025-02-26 22:48:44.410  val_finetune_dtvu_steps_1/loss = 3.3316  
2025-02-26 22:48:44.411  val_finetune_dtvu_steps_1/acc@01 = 0.2625  
2025-02-26 22:48:44.411  val_finetune_dtvu_steps_1/acc@05 = 0.5375  
2025-02-26 22:48:44.411  val_finetune_dtvu_steps_1/acc@10 = 0.7250  
2025-02-26 22:48:44.411  val_finetune_dtvu_steps_1/acc@20 = 0.8250  
2025-02-26 22:48:44.411  
  
2025-02-26 22:48:44.594  
  
2025-02-26 22:48:44.594  [VAL_FINETUNE_DTVU_STEPS_3] epoch_45  
2025-02-26 22:48:44.594  =============================================  
2025-02-26 22:48:44.594  val_finetune_dtvu_steps_3/loss = 3.2701  
2025-02-26 22:48:44.594  val_finetune_dtvu_steps_3/acc@01 = 0.2833  
2025-02-26 22:48:44.594  val_finetune_dtvu_steps_3/acc@05 = 0.5917  
2025-02-26 22:48:44.594  val_finetune_dtvu_steps_3/acc@10 = 0.7250  
2025-02-26 22:48:44.594  val_finetune_dtvu_steps_3/acc@20 = 0.8167  
2025-02-26 22:48:44.594  
  
2025-02-26 22:48:46.642  
  
2025-02-26 22:48:46.642  [TRN] epoch_46  
2025-02-26 22:48:46.642  =============================================  
2025-02-26 22:48:46.643  trn/loss = 2.8786  
2025-02-26 22:48:46.643  trn/acc@01 = 0.3140  
2025-02-26 22:48:46.643  trn/acc@05 = 0.6261  
2025-02-26 22:48:46.643  trn/acc@10 = 0.7437  
2025-02-26 22:48:46.643  trn/acc@20 = 0.8644  
2025-02-26 22:48:46.643  
  
2025-02-26 22:48:46.863  
  
2025-02-26 22:48:46.863  [VAL_FINETUNE_DTVU_STEPS_1] epoch_46  
2025-02-26 22:48:46.863  =============================================  
2025-02-26 22:48:46.868  val_finetune_dtvu_steps_1/loss = 3.3657  
2025-02-26 22:48:46.868  val_finetune_dtvu_steps_1/acc@01 = 0.2375  
2025-02-26 22:48:46.868  val_finetune_dtvu_steps_1/acc@05 = 0.5875  
2025-02-26 22:48:46.868  val_finetune_dtvu_steps_1/acc@10 = 0.6875  
2025-02-26 22:48:46.868  val_finetune_dtvu_steps_1/acc@20 = 0.7875  
2025-02-26 22:48:46.868  
  
2025-02-26 22:48:47.113  
  
2025-02-26 22:48:47.121  [VAL_FINETUNE_DTVU_STEPS_3] epoch_46  
2025-02-26 22:48:47.122  =============================================  
2025-02-26 22:48:47.122  val_finetune_dtvu_steps_3/loss = 3.2087  
2025-02-26 22:48:47.122  val_finetune_dtvu_steps_3/acc@01 = 0.2875  
2025-02-26 22:48:47.122  val_finetune_dtvu_steps_3/acc@05 = 0.6292  
2025-02-26 22:48:47.122  val_finetune_dtvu_steps_3/acc@10 = 0.7250  
2025-02-26 22:48:47.122  val_finetune_dtvu_steps_3/acc@20 = 0.8000  
2025-02-26 22:48:47.122  
  
2025-02-26 22:48:49.154  
  
2025-02-26 22:48:49.154  [TRN] epoch_47  
2025-02-26 22:48:49.154  =============================================  
2025-02-26 22:48:49.155  trn/loss = 2.9355  
2025-02-26 22:48:49.155  trn/acc@01 = 0.2934  
2025-02-26 22:48:49.156  trn/acc@05 = 0.6283  
2025-02-26 22:48:49.156  trn/acc@10 = 0.7547  
2025-02-26 22:48:49.156  trn/acc@20 = 0.8698  
2025-02-26 22:48:49.156  
  
2025-02-26 22:48:49.381  
  
2025-02-26 22:48:49.381  [VAL_FINETUNE_DTVU_STEPS_1] epoch_47  
2025-02-26 22:48:49.382  =============================================  
2025-02-26 22:48:49.382  val_finetune_dtvu_steps_1/loss = 3.2160  
2025-02-26 22:48:49.382  val_finetune_dtvu_steps_1/acc@01 = 0.3000  
2025-02-26 22:48:49.382  val_finetune_dtvu_steps_1/acc@05 = 0.5500  
2025-02-26 22:48:49.382  val_finetune_dtvu_steps_1/acc@10 = 0.6875  
2025-02-26 22:48:49.382  val_finetune_dtvu_steps_1/acc@20 = 0.8125  
2025-02-26 22:48:49.382  
  
2025-02-26 22:48:49.619  
  
2025-02-26 22:48:49.619  [VAL_FINETUNE_DTVU_STEPS_3] epoch_47  
2025-02-26 22:48:49.619  =============================================  
2025-02-26 22:48:49.620  val_finetune_dtvu_steps_3/loss = 3.1621  
2025-02-26 22:48:49.620  val_finetune_dtvu_steps_3/acc@01 = 0.3250  
2025-02-26 22:48:49.620  val_finetune_dtvu_steps_3/acc@05 = 0.6000  
2025-02-26 22:48:49.621  val_finetune_dtvu_steps_3/acc@10 = 0.7083  
2025-02-26 22:48:49.621  val_finetune_dtvu_steps_3/acc@20 = 0.8083  
2025-02-26 22:48:49.621  
  
2025-02-26 22:48:51.595  
  
2025-02-26 22:48:51.595  [TRN] epoch_48  
2025-02-26 22:48:51.595  =============================================  
2025-02-26 22:48:51.595  trn/loss = 2.6210  
2025-02-26 22:48:51.595  trn/acc@01 = 0.3945  
2025-02-26 22:48:51.595  trn/acc@05 = 0.6810  
2025-02-26 22:48:51.595  trn/acc@10 = 0.7895  
2025-02-26 22:48:51.595  trn/acc@20 = 0.8790  
2025-02-26 22:48:51.595  
  
2025-02-26 22:48:51.782  
  
2025-02-26 22:48:51.782  [VAL_FINETUNE_DTVU_STEPS_1] epoch_48  
2025-02-26 22:48:51.782  =============================================  
2025-02-26 22:48:51.782  val_finetune_dtvu_steps_1/loss = 3.2386  
2025-02-26 22:48:51.782  val_finetune_dtvu_steps_1/acc@01 = 0.2750  
2025-02-26 22:48:51.782  val_finetune_dtvu_steps_1/acc@05 = 0.6000  
2025-02-26 22:48:51.782  val_finetune_dtvu_steps_1/acc@10 = 0.6875  
2025-02-26 22:48:51.782  val_finetune_dtvu_steps_1/acc@20 = 0.8125  
2025-02-26 22:48:51.782  
  
2025-02-26 22:48:52.023  
  
2025-02-26 22:48:52.023  [VAL_FINETUNE_DTVU_STEPS_3] epoch_48  
2025-02-26 22:48:52.023  =============================================  
2025-02-26 22:48:52.023  val_finetune_dtvu_steps_3/loss = 3.1244  
2025-02-26 22:48:52.023  val_finetune_dtvu_steps_3/acc@01 = 0.3083  
2025-02-26 22:48:52.023  val_finetune_dtvu_steps_3/acc@05 = 0.6167  
2025-02-26 22:48:52.023  val_finetune_dtvu_steps_3/acc@10 = 0.7333  
2025-02-26 22:48:52.023  val_finetune_dtvu_steps_3/acc@20 = 0.8125  
2025-02-26 22:48:52.023  
  
2025-02-26 22:48:54.072  
  
2025-02-26 22:48:54.073  [TRN] epoch_49  
2025-02-26 22:48:54.073  =============================================  
2025-02-26 22:48:54.073  trn/loss = 2.7331  
2025-02-26 22:48:54.073  trn/acc@01 = 0.3203  
2025-02-26 22:48:54.073  trn/acc@05 = 0.6571  
2025-02-26 22:48:54.073  trn/acc@10 = 0.7753  
2025-02-26 22:48:54.074  trn/acc@20 = 0.8720  
2025-02-26 22:48:54.074  
  
2025-02-26 22:48:54.283  
  
2025-02-26 22:48:54.283  [VAL_FINETUNE_DTVU_STEPS_1] epoch_49  
2025-02-26 22:48:54.283  =============================================  
2025-02-26 22:48:54.283  val_finetune_dtvu_steps_1/loss = 3.4651  
2025-02-26 22:48:54.283  val_finetune_dtvu_steps_1/acc@01 = 0.2500  
2025-02-26 22:48:54.283  val_finetune_dtvu_steps_1/acc@05 = 0.5625  
2025-02-26 22:48:54.283  val_finetune_dtvu_steps_1/acc@10 = 0.6875  
2025-02-26 22:48:54.283  val_finetune_dtvu_steps_1/acc@20 = 0.8125  
2025-02-26 22:48:54.283  
  
2025-02-26 22:48:54.483  
  
2025-02-26 22:48:54.483  [VAL_FINETUNE_DTVU_STEPS_3] epoch_49  
2025-02-26 22:48:54.483  =============================================  
2025-02-26 22:48:54.483  val_finetune_dtvu_steps_3/loss = 3.2573  
2025-02-26 22:48:54.491  val_finetune_dtvu_steps_3/acc@01 = 0.3042  
2025-02-26 22:48:54.491  val_finetune_dtvu_steps_3/acc@05 = 0.5833  
2025-02-26 22:48:54.491  val_finetune_dtvu_steps_3/acc@10 = 0.7083  
2025-02-26 22:48:54.491  val_finetune_dtvu_steps_3/acc@20 = 0.8167  
2025-02-26 22:48:54.491  
  
