2025-02-27 02:45:57.436  
  
2025-02-27 02:45:57.436  [TRN] epoch_00  
2025-02-27 02:45:57.436  =============================================  
2025-02-27 02:45:57.436  trn/loss = 5.8105  
2025-02-27 02:45:57.436  trn/acc@01 = 0.0627  
2025-02-27 02:45:57.436  trn/acc@05 = 0.1922  
2025-02-27 02:45:57.436  trn/acc@10 = 0.2392  
2025-02-27 02:45:57.436  trn/acc@20 = 0.2765  
2025-02-27 02:45:57.436  
  
2025-02-27 02:45:57.471  
  
2025-02-27 02:45:57.471  [VAL_FINETUNE_DTVU_STEPS_1] epoch_00  
2025-02-27 02:45:57.479  =============================================  
2025-02-27 02:45:57.479  val_finetune_dtvu_steps_1/loss = 5.0020  
2025-02-27 02:45:57.479  val_finetune_dtvu_steps_1/acc@01 = 0.0500  
2025-02-27 02:45:57.479  val_finetune_dtvu_steps_1/acc@05 = 0.4000  
2025-02-27 02:45:57.483  val_finetune_dtvu_steps_1/acc@10 = 0.4000  
2025-02-27 02:45:57.483  val_finetune_dtvu_steps_1/acc@20 = 0.5000  
2025-02-27 02:45:57.483  
  
2025-02-27 02:45:57.523  
  
2025-02-27 02:45:57.523  [VAL_FINETUNE_DTVU_STEPS_3] epoch_00  
2025-02-27 02:45:57.523  =============================================  
2025-02-27 02:45:57.523  val_finetune_dtvu_steps_3/loss = 5.0838  
2025-02-27 02:45:57.523  val_finetune_dtvu_steps_3/acc@01 = 0.1167  
2025-02-27 02:45:57.523  val_finetune_dtvu_steps_3/acc@05 = 0.3333  
2025-02-27 02:45:57.523  val_finetune_dtvu_steps_3/acc@10 = 0.3500  
2025-02-27 02:45:57.523  val_finetune_dtvu_steps_3/acc@20 = 0.4500  
2025-02-27 02:45:57.523  
  
2025-02-27 02:45:57.877  
  
2025-02-27 02:45:57.877  [TRN] epoch_01  
2025-02-27 02:45:57.877  =============================================  
2025-02-27 02:45:57.877  trn/loss = 5.0420  
2025-02-27 02:45:57.877  trn/acc@01 = 0.0991  
2025-02-27 02:45:57.877  trn/acc@05 = 0.3026  
2025-02-27 02:45:57.877  trn/acc@10 = 0.3983  
2025-02-27 02:45:57.877  trn/acc@20 = 0.4957  
2025-02-27 02:45:57.877  
  
2025-02-27 02:45:57.905  
  
2025-02-27 02:45:57.905  [VAL_FINETUNE_DTVU_STEPS_1] epoch_01  
2025-02-27 02:45:57.905  =============================================  
2025-02-27 02:45:57.905  val_finetune_dtvu_steps_1/loss = 4.2707  
2025-02-27 02:45:57.905  val_finetune_dtvu_steps_1/acc@01 = 0.0500  
2025-02-27 02:45:57.905  val_finetune_dtvu_steps_1/acc@05 = 0.4000  
2025-02-27 02:45:57.905  val_finetune_dtvu_steps_1/acc@10 = 0.6500  
2025-02-27 02:45:57.905  val_finetune_dtvu_steps_1/acc@20 = 0.8000  
2025-02-27 02:45:57.905  
  
2025-02-27 02:45:57.952  
  
2025-02-27 02:45:57.952  [VAL_FINETUNE_DTVU_STEPS_3] epoch_01  
2025-02-27 02:45:57.952  =============================================  
2025-02-27 02:45:57.952  val_finetune_dtvu_steps_3/loss = 4.3896  
2025-02-27 02:45:57.952  val_finetune_dtvu_steps_3/acc@01 = 0.1167  
2025-02-27 02:45:57.952  val_finetune_dtvu_steps_3/acc@05 = 0.3333  
2025-02-27 02:45:57.952  val_finetune_dtvu_steps_3/acc@10 = 0.6000  
2025-02-27 02:45:57.952  val_finetune_dtvu_steps_3/acc@20 = 0.7167  
2025-02-27 02:45:57.952  
  
2025-02-27 02:45:58.262  
  
2025-02-27 02:45:58.262  [TRN] epoch_02  
2025-02-27 02:45:58.262  =============================================  
2025-02-27 02:45:58.262  trn/loss = 4.6046  
2025-02-27 02:45:58.262  trn/acc@01 = 0.1152  
2025-02-27 02:45:58.262  trn/acc@05 = 0.3556  
2025-02-27 02:45:58.262  trn/acc@10 = 0.4727  
2025-02-27 02:45:58.262  trn/acc@20 = 0.5636  
2025-02-27 02:45:58.262  
  
2025-02-27 02:45:58.297  
  
2025-02-27 02:45:58.297  [VAL_FINETUNE_DTVU_STEPS_1] epoch_02  
2025-02-27 02:45:58.297  =============================================  
2025-02-27 02:45:58.297  val_finetune_dtvu_steps_1/loss = 3.8765  
2025-02-27 02:45:58.297  val_finetune_dtvu_steps_1/acc@01 = 0.2000  
2025-02-27 02:45:58.297  val_finetune_dtvu_steps_1/acc@05 = 0.4000  
2025-02-27 02:45:58.297  val_finetune_dtvu_steps_1/acc@10 = 0.7000  
2025-02-27 02:45:58.297  val_finetune_dtvu_steps_1/acc@20 = 0.8000  
2025-02-27 02:45:58.297  
  
2025-02-27 02:45:58.336  
  
2025-02-27 02:45:58.336  [VAL_FINETUNE_DTVU_STEPS_3] epoch_02  
2025-02-27 02:45:58.336  =============================================  
2025-02-27 02:45:58.336  val_finetune_dtvu_steps_3/loss = 4.1412  
2025-02-27 02:45:58.336  val_finetune_dtvu_steps_3/acc@01 = 0.1167  
2025-02-27 02:45:58.336  val_finetune_dtvu_steps_3/acc@05 = 0.3667  
2025-02-27 02:45:58.336  val_finetune_dtvu_steps_3/acc@10 = 0.6667  
2025-02-27 02:45:58.336  val_finetune_dtvu_steps_3/acc@20 = 0.7500  
2025-02-27 02:45:58.336  
  
2025-02-27 02:45:58.659  
  
2025-02-27 02:45:58.659  [TRN] epoch_03  
2025-02-27 02:45:58.659  =============================================  
2025-02-27 02:45:58.659  trn/loss = 4.1862  
2025-02-27 02:45:58.659  trn/acc@01 = 0.2231  
2025-02-27 02:45:58.659  trn/acc@05 = 0.3788  
2025-02-27 02:45:58.659  trn/acc@10 = 0.5038  
2025-02-27 02:45:58.659  trn/acc@20 = 0.5865  
2025-02-27 02:45:58.659  
  
2025-02-27 02:45:58.706  
  
2025-02-27 02:45:58.706  [VAL_FINETUNE_DTVU_STEPS_1] epoch_03  
2025-02-27 02:45:58.706  =============================================  
2025-02-27 02:45:58.706  val_finetune_dtvu_steps_1/loss = 3.6280  
2025-02-27 02:45:58.706  val_finetune_dtvu_steps_1/acc@01 = 0.3000  
2025-02-27 02:45:58.706  val_finetune_dtvu_steps_1/acc@05 = 0.5500  
2025-02-27 02:45:58.706  val_finetune_dtvu_steps_1/acc@10 = 0.7000  
2025-02-27 02:45:58.706  val_finetune_dtvu_steps_1/acc@20 = 0.8000  
2025-02-27 02:45:58.706  
  
2025-02-27 02:45:58.738  
  
2025-02-27 02:45:58.738  [VAL_FINETUNE_DTVU_STEPS_3] epoch_03  
2025-02-27 02:45:58.738  =============================================  
2025-02-27 02:45:58.738  val_finetune_dtvu_steps_3/loss = 3.8421  
2025-02-27 02:45:58.738  val_finetune_dtvu_steps_3/acc@01 = 0.2667  
2025-02-27 02:45:58.738  val_finetune_dtvu_steps_3/acc@05 = 0.5167  
2025-02-27 02:45:58.738  val_finetune_dtvu_steps_3/acc@10 = 0.6833  
2025-02-27 02:45:58.738  val_finetune_dtvu_steps_3/acc@20 = 0.7833  
2025-02-27 02:45:58.738  
  
2025-02-27 02:45:59.051  
  
2025-02-27 02:45:59.051  [TRN] epoch_04  
2025-02-27 02:45:59.051  =============================================  
2025-02-27 02:45:59.051  trn/loss = 4.1132  
2025-02-27 02:45:59.051  trn/acc@01 = 0.2673  
2025-02-27 02:45:59.051  trn/acc@05 = 0.4327  
2025-02-27 02:45:59.051  trn/acc@10 = 0.5204  
2025-02-27 02:45:59.051  trn/acc@20 = 0.6041  
2025-02-27 02:45:59.051  
  
2025-02-27 02:45:59.099  
  
2025-02-27 02:45:59.099  [VAL_FINETUNE_DTVU_STEPS_1] epoch_04  
2025-02-27 02:45:59.101  =============================================  
2025-02-27 02:45:59.101  val_finetune_dtvu_steps_1/loss = 3.4401  
2025-02-27 02:45:59.101  val_finetune_dtvu_steps_1/acc@01 = 0.4000  
2025-02-27 02:45:59.101  val_finetune_dtvu_steps_1/acc@05 = 0.6500  
2025-02-27 02:45:59.101  val_finetune_dtvu_steps_1/acc@10 = 0.7500  
2025-02-27 02:45:59.101  val_finetune_dtvu_steps_1/acc@20 = 0.8000  
2025-02-27 02:45:59.101  
  
2025-02-27 02:45:59.138  
  
2025-02-27 02:45:59.138  [VAL_FINETUNE_DTVU_STEPS_3] epoch_04  
2025-02-27 02:45:59.138  =============================================  
2025-02-27 02:45:59.138  val_finetune_dtvu_steps_3/loss = 3.6279  
2025-02-27 02:45:59.138  val_finetune_dtvu_steps_3/acc@01 = 0.3833  
2025-02-27 02:45:59.138  val_finetune_dtvu_steps_3/acc@05 = 0.6000  
2025-02-27 02:45:59.138  val_finetune_dtvu_steps_3/acc@10 = 0.7667  
2025-02-27 02:45:59.138  val_finetune_dtvu_steps_3/acc@20 = 0.7833  
2025-02-27 02:45:59.138  
  
2025-02-27 02:45:59.477  
  
2025-02-27 02:45:59.477  [TRN] epoch_05  
2025-02-27 02:45:59.477  =============================================  
2025-02-27 02:45:59.477  trn/loss = 3.8931  
2025-02-27 02:45:59.477  trn/acc@01 = 0.2981  
2025-02-27 02:45:59.477  trn/acc@05 = 0.4887  
2025-02-27 02:45:59.477  trn/acc@10 = 0.5491  
2025-02-27 02:45:59.477  trn/acc@20 = 0.6321  
2025-02-27 02:45:59.477  
  
2025-02-27 02:45:59.524  
  
2025-02-27 02:45:59.524  [VAL_FINETUNE_DTVU_STEPS_1] epoch_05  
2025-02-27 02:45:59.524  =============================================  
2025-02-27 02:45:59.524  val_finetune_dtvu_steps_1/loss = 3.3215  
2025-02-27 02:45:59.524  val_finetune_dtvu_steps_1/acc@01 = 0.4000  
2025-02-27 02:45:59.524  val_finetune_dtvu_steps_1/acc@05 = 0.6500  
2025-02-27 02:45:59.524  val_finetune_dtvu_steps_1/acc@10 = 0.7500  
2025-02-27 02:45:59.524  val_finetune_dtvu_steps_1/acc@20 = 0.8000  
2025-02-27 02:45:59.524  
  
2025-02-27 02:45:59.570  
  
2025-02-27 02:45:59.570  [VAL_FINETUNE_DTVU_STEPS_3] epoch_05  
2025-02-27 02:45:59.570  =============================================  
2025-02-27 02:45:59.570  val_finetune_dtvu_steps_3/loss = 3.5009  
2025-02-27 02:45:59.570  val_finetune_dtvu_steps_3/acc@01 = 0.3833  
2025-02-27 02:45:59.570  val_finetune_dtvu_steps_3/acc@05 = 0.6333  
2025-02-27 02:45:59.570  val_finetune_dtvu_steps_3/acc@10 = 0.7667  
2025-02-27 02:45:59.570  val_finetune_dtvu_steps_3/acc@20 = 0.7833  
2025-02-27 02:45:59.570  
  
2025-02-27 02:45:59.902  
  
2025-02-27 02:45:59.902  [TRN] epoch_06  
2025-02-27 02:45:59.902  =============================================  
2025-02-27 02:45:59.902  trn/loss = 3.9422  
2025-02-27 02:45:59.902  trn/acc@01 = 0.3040  
2025-02-27 02:45:59.902  trn/acc@05 = 0.4760  
2025-02-27 02:45:59.902  trn/acc@10 = 0.5440  
2025-02-27 02:45:59.902  trn/acc@20 = 0.6140  
2025-02-27 02:45:59.902  
  
2025-02-27 02:45:59.932  
  
2025-02-27 02:45:59.932  [VAL_FINETUNE_DTVU_STEPS_1] epoch_06  
2025-02-27 02:45:59.932  =============================================  
2025-02-27 02:45:59.932  val_finetune_dtvu_steps_1/loss = 3.2712  
2025-02-27 02:45:59.932  val_finetune_dtvu_steps_1/acc@01 = 0.4000  
2025-02-27 02:45:59.932  val_finetune_dtvu_steps_1/acc@05 = 0.6500  
2025-02-27 02:45:59.932  val_finetune_dtvu_steps_1/acc@10 = 0.7500  
2025-02-27 02:45:59.932  val_finetune_dtvu_steps_1/acc@20 = 0.8000  
2025-02-27 02:45:59.932  
  
2025-02-27 02:45:59.979  
  
2025-02-27 02:45:59.979  [VAL_FINETUNE_DTVU_STEPS_3] epoch_06  
2025-02-27 02:45:59.979  =============================================  
2025-02-27 02:45:59.979  val_finetune_dtvu_steps_3/loss = 3.4711  
2025-02-27 02:45:59.979  val_finetune_dtvu_steps_3/acc@01 = 0.3833  
2025-02-27 02:45:59.979  val_finetune_dtvu_steps_3/acc@05 = 0.6333  
2025-02-27 02:45:59.979  val_finetune_dtvu_steps_3/acc@10 = 0.7667  
2025-02-27 02:45:59.979  val_finetune_dtvu_steps_3/acc@20 = 0.7833  
2025-02-27 02:45:59.979  
  
2025-02-27 02:46:00.341  
  
2025-02-27 02:46:00.341  [TRN] epoch_07  
2025-02-27 02:46:00.341  =============================================  
2025-02-27 02:46:00.341  trn/loss = 3.9296  
2025-02-27 02:46:00.341  trn/acc@01 = 0.2857  
2025-02-27 02:46:00.341  trn/acc@05 = 0.4639  
2025-02-27 02:46:00.341  trn/acc@10 = 0.5647  
2025-02-27 02:46:00.341  trn/acc@20 = 0.6185  
2025-02-27 02:46:00.341  
  
2025-02-27 02:46:00.388  
  
2025-02-27 02:46:00.388  [VAL_FINETUNE_DTVU_STEPS_1] epoch_07  
2025-02-27 02:46:00.388  =============================================  
2025-02-27 02:46:00.388  val_finetune_dtvu_steps_1/loss = 3.2552  
2025-02-27 02:46:00.388  val_finetune_dtvu_steps_1/acc@01 = 0.4000  
2025-02-27 02:46:00.388  val_finetune_dtvu_steps_1/acc@05 = 0.7000  
2025-02-27 02:46:00.388  val_finetune_dtvu_steps_1/acc@10 = 0.7500  
2025-02-27 02:46:00.388  val_finetune_dtvu_steps_1/acc@20 = 0.8000  
2025-02-27 02:46:00.388  
  
2025-02-27 02:46:00.420  
  
2025-02-27 02:46:00.420  [VAL_FINETUNE_DTVU_STEPS_3] epoch_07  
2025-02-27 02:46:00.420  =============================================  
2025-02-27 02:46:00.420  val_finetune_dtvu_steps_3/loss = 3.4592  
2025-02-27 02:46:00.420  val_finetune_dtvu_steps_3/acc@01 = 0.3833  
2025-02-27 02:46:00.420  val_finetune_dtvu_steps_3/acc@05 = 0.6667  
2025-02-27 02:46:00.420  val_finetune_dtvu_steps_3/acc@10 = 0.7667  
2025-02-27 02:46:00.420  val_finetune_dtvu_steps_3/acc@20 = 0.7833  
2025-02-27 02:46:00.420  
  
2025-02-27 02:46:00.792  
  
2025-02-27 02:46:00.793  [TRN] epoch_08  
2025-02-27 02:46:00.793  =============================================  
2025-02-27 02:46:00.793  trn/loss = 3.8537  
2025-02-27 02:46:00.793  trn/acc@01 = 0.2505  
2025-02-27 02:46:00.793  trn/acc@05 = 0.4990  
2025-02-27 02:46:00.793  trn/acc@10 = 0.5650  
2025-02-27 02:46:00.793  trn/acc@20 = 0.6427  
2025-02-27 02:46:00.793  
  
2025-02-27 02:46:00.834  
  
2025-02-27 02:46:00.834  [VAL_FINETUNE_DTVU_STEPS_1] epoch_08  
2025-02-27 02:46:00.835  =============================================  
2025-02-27 02:46:00.835  val_finetune_dtvu_steps_1/loss = 3.1110  
2025-02-27 02:46:00.835  val_finetune_dtvu_steps_1/acc@01 = 0.4000  
2025-02-27 02:46:00.835  val_finetune_dtvu_steps_1/acc@05 = 0.8000  
2025-02-27 02:46:00.835  val_finetune_dtvu_steps_1/acc@10 = 0.8000  
2025-02-27 02:46:00.835  val_finetune_dtvu_steps_1/acc@20 = 0.8000  
2025-02-27 02:46:00.835  
  
2025-02-27 02:46:00.881  
  
2025-02-27 02:46:00.882  [VAL_FINETUNE_DTVU_STEPS_3] epoch_08  
2025-02-27 02:46:00.882  =============================================  
2025-02-27 02:46:00.882  val_finetune_dtvu_steps_3/loss = 3.3295  
2025-02-27 02:46:00.882  val_finetune_dtvu_steps_3/acc@01 = 0.3833  
2025-02-27 02:46:00.882  val_finetune_dtvu_steps_3/acc@05 = 0.7667  
2025-02-27 02:46:00.883  val_finetune_dtvu_steps_3/acc@10 = 0.7833  
2025-02-27 02:46:00.883  val_finetune_dtvu_steps_3/acc@20 = 0.7833  
2025-02-27 02:46:00.883  
  
2025-02-27 02:46:01.252  
  
2025-02-27 02:46:01.252  [TRN] epoch_09  
2025-02-27 02:46:01.252  =============================================  
2025-02-27 02:46:01.253  trn/loss = 3.6255  
2025-02-27 02:46:01.253  trn/acc@01 = 0.2913  
2025-02-27 02:46:01.253  trn/acc@05 = 0.5301  
2025-02-27 02:46:01.253  trn/acc@10 = 0.6097  
2025-02-27 02:46:01.253  trn/acc@20 = 0.7068  
2025-02-27 02:46:01.253  
  
2025-02-27 02:46:01.293  
  
2025-02-27 02:46:01.294  [VAL_FINETUNE_DTVU_STEPS_1] epoch_09  
2025-02-27 02:46:01.294  =============================================  
2025-02-27 02:46:01.294  val_finetune_dtvu_steps_1/loss = 2.9034  
2025-02-27 02:46:01.294  val_finetune_dtvu_steps_1/acc@01 = 0.4000  
2025-02-27 02:46:01.294  val_finetune_dtvu_steps_1/acc@05 = 0.8000  
2025-02-27 02:46:01.294  val_finetune_dtvu_steps_1/acc@10 = 0.8500  
2025-02-27 02:46:01.294  val_finetune_dtvu_steps_1/acc@20 = 0.8500  
2025-02-27 02:46:01.294  
  
2025-02-27 02:46:01.327  
  
2025-02-27 02:46:01.327  [VAL_FINETUNE_DTVU_STEPS_3] epoch_09  
2025-02-27 02:46:01.327  =============================================  
2025-02-27 02:46:01.327  val_finetune_dtvu_steps_3/loss = 3.1378  
2025-02-27 02:46:01.327  val_finetune_dtvu_steps_3/acc@01 = 0.3833  
2025-02-27 02:46:01.327  val_finetune_dtvu_steps_3/acc@05 = 0.7333  
2025-02-27 02:46:01.327  val_finetune_dtvu_steps_3/acc@10 = 0.8000  
2025-02-27 02:46:01.327  val_finetune_dtvu_steps_3/acc@20 = 0.8000  
2025-02-27 02:46:01.327  
  
2025-02-27 02:46:01.706  
  
2025-02-27 02:46:01.706  [TRN] epoch_10  
2025-02-27 02:46:01.706  =============================================  
2025-02-27 02:46:01.707  trn/loss = 3.5399  
2025-02-27 02:46:01.707  trn/acc@01 = 0.3060  
2025-02-27 02:46:01.707  trn/acc@05 = 0.5538  
2025-02-27 02:46:01.707  trn/acc@10 = 0.6444  
2025-02-27 02:46:01.707  trn/acc@20 = 0.7299  
2025-02-27 02:46:01.707  
  
2025-02-27 02:46:01.739  
  
2025-02-27 02:46:01.739  [VAL_FINETUNE_DTVU_STEPS_1] epoch_10  
2025-02-27 02:46:01.739  =============================================  
2025-02-27 02:46:01.739  val_finetune_dtvu_steps_1/loss = 2.8891  
2025-02-27 02:46:01.739  val_finetune_dtvu_steps_1/acc@01 = 0.4000  
2025-02-27 02:46:01.739  val_finetune_dtvu_steps_1/acc@05 = 0.8000  
2025-02-27 02:46:01.739  val_finetune_dtvu_steps_1/acc@10 = 0.8500  
2025-02-27 02:46:01.739  val_finetune_dtvu_steps_1/acc@20 = 0.8500  
2025-02-27 02:46:01.739  
  
2025-02-27 02:46:01.787  
  
2025-02-27 02:46:01.787  [VAL_FINETUNE_DTVU_STEPS_3] epoch_10  
2025-02-27 02:46:01.787  =============================================  
2025-02-27 02:46:01.787  val_finetune_dtvu_steps_3/loss = 3.1218  
2025-02-27 02:46:01.787  val_finetune_dtvu_steps_3/acc@01 = 0.3833  
2025-02-27 02:46:01.787  val_finetune_dtvu_steps_3/acc@05 = 0.7333  
2025-02-27 02:46:01.787  val_finetune_dtvu_steps_3/acc@10 = 0.8000  
2025-02-27 02:46:01.787  val_finetune_dtvu_steps_3/acc@20 = 0.8000  
2025-02-27 02:46:01.787  
  
2025-02-27 02:46:02.112  
  
2025-02-27 02:46:02.112  [TRN] epoch_11  
2025-02-27 02:46:02.113  =============================================  
2025-02-27 02:46:02.113  trn/loss = 3.5909  
2025-02-27 02:46:02.113  trn/acc@01 = 0.2520  
2025-02-27 02:46:02.113  trn/acc@05 = 0.5420  
2025-02-27 02:46:02.113  trn/acc@10 = 0.6400  
2025-02-27 02:46:02.113  trn/acc@20 = 0.7500  
2025-02-27 02:46:02.113  
  
2025-02-27 02:46:02.150  
  
2025-02-27 02:46:02.150  [VAL_FINETUNE_DTVU_STEPS_1] epoch_11  
2025-02-27 02:46:02.151  =============================================  
2025-02-27 02:46:02.151  val_finetune_dtvu_steps_1/loss = 2.8290  
2025-02-27 02:46:02.151  val_finetune_dtvu_steps_1/acc@01 = 0.4500  
2025-02-27 02:46:02.151  val_finetune_dtvu_steps_1/acc@05 = 0.8000  
2025-02-27 02:46:02.151  val_finetune_dtvu_steps_1/acc@10 = 0.9000  
2025-02-27 02:46:02.151  val_finetune_dtvu_steps_1/acc@20 = 0.9000  
2025-02-27 02:46:02.151  
  
2025-02-27 02:46:02.192  
  
2025-02-27 02:46:02.193  [VAL_FINETUNE_DTVU_STEPS_3] epoch_11  
2025-02-27 02:46:02.193  =============================================  
2025-02-27 02:46:02.193  val_finetune_dtvu_steps_3/loss = 3.0981  
2025-02-27 02:46:02.193  val_finetune_dtvu_steps_3/acc@01 = 0.4000  
2025-02-27 02:46:02.193  val_finetune_dtvu_steps_3/acc@05 = 0.7333  
2025-02-27 02:46:02.193  val_finetune_dtvu_steps_3/acc@10 = 0.8333  
2025-02-27 02:46:02.193  val_finetune_dtvu_steps_3/acc@20 = 0.8333  
2025-02-27 02:46:02.193  
  
2025-02-27 02:46:02.504  
  
2025-02-27 02:46:02.504  [TRN] epoch_12  
2025-02-27 02:46:02.504  =============================================  
2025-02-27 02:46:02.504  trn/loss = 3.5007  
2025-02-27 02:46:02.504  trn/acc@01 = 0.2644  
2025-02-27 02:46:02.504  trn/acc@05 = 0.5644  
2025-02-27 02:46:02.504  trn/acc@10 = 0.6867  
2025-02-27 02:46:02.504  trn/acc@20 = 0.7933  
2025-02-27 02:46:02.504  
  
2025-02-27 02:46:02.546  
  
2025-02-27 02:46:02.546  [VAL_FINETUNE_DTVU_STEPS_1] epoch_12  
2025-02-27 02:46:02.546  =============================================  
2025-02-27 02:46:02.546  val_finetune_dtvu_steps_1/loss = 2.7563  
2025-02-27 02:46:02.546  val_finetune_dtvu_steps_1/acc@01 = 0.4000  
2025-02-27 02:46:02.546  val_finetune_dtvu_steps_1/acc@05 = 0.8500  
2025-02-27 02:46:02.546  val_finetune_dtvu_steps_1/acc@10 = 0.8500  
2025-02-27 02:46:02.546  val_finetune_dtvu_steps_1/acc@20 = 0.9000  
2025-02-27 02:46:02.546  
  
2025-02-27 02:46:02.604  
  
2025-02-27 02:46:02.604  [VAL_FINETUNE_DTVU_STEPS_3] epoch_12  
2025-02-27 02:46:02.604  =============================================  
2025-02-27 02:46:02.604  val_finetune_dtvu_steps_3/loss = 3.0068  
2025-02-27 02:46:02.604  val_finetune_dtvu_steps_3/acc@01 = 0.3833  
2025-02-27 02:46:02.604  val_finetune_dtvu_steps_3/acc@05 = 0.7500  
2025-02-27 02:46:02.604  val_finetune_dtvu_steps_3/acc@10 = 0.8000  
2025-02-27 02:46:02.604  val_finetune_dtvu_steps_3/acc@20 = 0.8333  
2025-02-27 02:46:02.604  
  
2025-02-27 02:46:02.942  
  
2025-02-27 02:46:02.942  [TRN] epoch_13  
2025-02-27 02:46:02.942  =============================================  
2025-02-27 02:46:02.942  trn/loss = 3.3163  
2025-02-27 02:46:02.942  trn/acc@01 = 0.2540  
2025-02-27 02:46:02.942  trn/acc@05 = 0.5760  
2025-02-27 02:46:02.942  trn/acc@10 = 0.7140  
2025-02-27 02:46:02.942  trn/acc@20 = 0.8020  
2025-02-27 02:46:02.942  
  
2025-02-27 02:46:02.974  
  
2025-02-27 02:46:02.974  [VAL_FINETUNE_DTVU_STEPS_1] epoch_13  
2025-02-27 02:46:02.974  =============================================  
2025-02-27 02:46:02.974  val_finetune_dtvu_steps_1/loss = 2.7614  
2025-02-27 02:46:02.974  val_finetune_dtvu_steps_1/acc@01 = 0.4000  
2025-02-27 02:46:02.989  val_finetune_dtvu_steps_1/acc@05 = 0.8500  
2025-02-27 02:46:02.989  val_finetune_dtvu_steps_1/acc@10 = 0.8500  
2025-02-27 02:46:02.989  val_finetune_dtvu_steps_1/acc@20 = 0.9000  
2025-02-27 02:46:02.989  
  
2025-02-27 02:46:03.031  
  
2025-02-27 02:46:03.031  [VAL_FINETUNE_DTVU_STEPS_3] epoch_13  
2025-02-27 02:46:03.031  =============================================  
2025-02-27 02:46:03.031  val_finetune_dtvu_steps_3/loss = 3.0153  
2025-02-27 02:46:03.031  val_finetune_dtvu_steps_3/acc@01 = 0.3833  
2025-02-27 02:46:03.031  val_finetune_dtvu_steps_3/acc@05 = 0.7500  
2025-02-27 02:46:03.031  val_finetune_dtvu_steps_3/acc@10 = 0.8000  
2025-02-27 02:46:03.031  val_finetune_dtvu_steps_3/acc@20 = 0.8667  
2025-02-27 02:46:03.031  
  
2025-02-27 02:46:03.391  
  
2025-02-27 02:46:03.391  [TRN] epoch_14  
2025-02-27 02:46:03.391  =============================================  
2025-02-27 02:46:03.391  trn/loss = 3.3138  
2025-02-27 02:46:03.391  trn/acc@01 = 0.2882  
2025-02-27 02:46:03.391  trn/acc@05 = 0.5706  
2025-02-27 02:46:03.391  trn/acc@10 = 0.7118  
2025-02-27 02:46:03.391  trn/acc@20 = 0.7980  
2025-02-27 02:46:03.391  
  
2025-02-27 02:46:03.438  
  
2025-02-27 02:46:03.438  [VAL_FINETUNE_DTVU_STEPS_1] epoch_14  
2025-02-27 02:46:03.438  =============================================  
2025-02-27 02:46:03.438  val_finetune_dtvu_steps_1/loss = 2.7407  
2025-02-27 02:46:03.438  val_finetune_dtvu_steps_1/acc@01 = 0.4500  
2025-02-27 02:46:03.438  val_finetune_dtvu_steps_1/acc@05 = 0.8000  
2025-02-27 02:46:03.438  val_finetune_dtvu_steps_1/acc@10 = 0.8500  
2025-02-27 02:46:03.438  val_finetune_dtvu_steps_1/acc@20 = 0.9000  
2025-02-27 02:46:03.438  
  
2025-02-27 02:46:03.477  
  
2025-02-27 02:46:03.477  [VAL_FINETUNE_DTVU_STEPS_3] epoch_14  
2025-02-27 02:46:03.477  =============================================  
2025-02-27 02:46:03.477  val_finetune_dtvu_steps_3/loss = 2.9834  
2025-02-27 02:46:03.477  val_finetune_dtvu_steps_3/acc@01 = 0.4000  
2025-02-27 02:46:03.477  val_finetune_dtvu_steps_3/acc@05 = 0.7333  
2025-02-27 02:46:03.477  val_finetune_dtvu_steps_3/acc@10 = 0.8000  
2025-02-27 02:46:03.486  val_finetune_dtvu_steps_3/acc@20 = 0.8333  
2025-02-27 02:46:03.486  
  
2025-02-27 02:46:03.832  
  
2025-02-27 02:46:03.832  [TRN] epoch_15  
2025-02-27 02:46:03.832  =============================================  
2025-02-27 02:46:03.832  trn/loss = 3.2545  
2025-02-27 02:46:03.832  trn/acc@01 = 0.3221  
2025-02-27 02:46:03.832  trn/acc@05 = 0.5895  
2025-02-27 02:46:03.832  trn/acc@10 = 0.7074  
2025-02-27 02:46:03.832  trn/acc@20 = 0.8000  
2025-02-27 02:46:03.832  
  
2025-02-27 02:46:03.863  
  
2025-02-27 02:46:03.863  [VAL_FINETUNE_DTVU_STEPS_1] epoch_15  
2025-02-27 02:46:03.863  =============================================  
2025-02-27 02:46:03.863  val_finetune_dtvu_steps_1/loss = 2.7404  
2025-02-27 02:46:03.863  val_finetune_dtvu_steps_1/acc@01 = 0.4000  
2025-02-27 02:46:03.863  val_finetune_dtvu_steps_1/acc@05 = 0.8500  
2025-02-27 02:46:03.863  val_finetune_dtvu_steps_1/acc@10 = 0.8500  
2025-02-27 02:46:03.863  val_finetune_dtvu_steps_1/acc@20 = 0.9000  
2025-02-27 02:46:03.863  
  
2025-02-27 02:46:03.911  
  
2025-02-27 02:46:03.911  [VAL_FINETUNE_DTVU_STEPS_3] epoch_15  
2025-02-27 02:46:03.911  =============================================  
2025-02-27 02:46:03.911  val_finetune_dtvu_steps_3/loss = 2.9847  
2025-02-27 02:46:03.911  val_finetune_dtvu_steps_3/acc@01 = 0.3833  
2025-02-27 02:46:03.911  val_finetune_dtvu_steps_3/acc@05 = 0.7500  
2025-02-27 02:46:03.911  val_finetune_dtvu_steps_3/acc@10 = 0.8000  
2025-02-27 02:46:03.911  val_finetune_dtvu_steps_3/acc@20 = 0.8333  
2025-02-27 02:46:03.911  
  
2025-02-27 02:46:04.260  
  
2025-02-27 02:46:04.260  [TRN] epoch_16  
2025-02-27 02:46:04.260  =============================================  
2025-02-27 02:46:04.260  trn/loss = 3.1901  
2025-02-27 02:46:04.260  trn/acc@01 = 0.3077  
2025-02-27 02:46:04.260  trn/acc@05 = 0.6110  
2025-02-27 02:46:04.260  trn/acc@10 = 0.7209  
2025-02-27 02:46:04.260  trn/acc@20 = 0.8308  
2025-02-27 02:46:04.260  
  
2025-02-27 02:46:04.305  
  
2025-02-27 02:46:04.305  [VAL_FINETUNE_DTVU_STEPS_1] epoch_16  
2025-02-27 02:46:04.305  =============================================  
2025-02-27 02:46:04.305  val_finetune_dtvu_steps_1/loss = 2.7729  
2025-02-27 02:46:04.305  val_finetune_dtvu_steps_1/acc@01 = 0.4500  
2025-02-27 02:46:04.305  val_finetune_dtvu_steps_1/acc@05 = 0.8000  
2025-02-27 02:46:04.305  val_finetune_dtvu_steps_1/acc@10 = 0.8500  
2025-02-27 02:46:04.305  val_finetune_dtvu_steps_1/acc@20 = 0.8500  
2025-02-27 02:46:04.305  
  
2025-02-27 02:46:04.346  
  
2025-02-27 02:46:04.346  [VAL_FINETUNE_DTVU_STEPS_3] epoch_16  
2025-02-27 02:46:04.346  =============================================  
2025-02-27 02:46:04.346  val_finetune_dtvu_steps_3/loss = 3.0116  
2025-02-27 02:46:04.346  val_finetune_dtvu_steps_3/acc@01 = 0.4000  
2025-02-27 02:46:04.346  val_finetune_dtvu_steps_3/acc@05 = 0.7333  
2025-02-27 02:46:04.346  val_finetune_dtvu_steps_3/acc@10 = 0.8000  
2025-02-27 02:46:04.346  val_finetune_dtvu_steps_3/acc@20 = 0.8000  
2025-02-27 02:46:04.346  
  
2025-02-27 02:46:04.711  
  
2025-02-27 02:46:04.711  [TRN] epoch_17  
2025-02-27 02:46:04.711  =============================================  
2025-02-27 02:46:04.713  trn/loss = 3.2278  
2025-02-27 02:46:04.713  trn/acc@01 = 0.2865  
2025-02-27 02:46:04.713  trn/acc@05 = 0.5838  
2025-02-27 02:46:04.713  trn/acc@10 = 0.7027  
2025-02-27 02:46:04.713  trn/acc@20 = 0.8306  
2025-02-27 02:46:04.713  
  
2025-02-27 02:46:04.743  
  
2025-02-27 02:46:04.743  [VAL_FINETUNE_DTVU_STEPS_1] epoch_17  
2025-02-27 02:46:04.743  =============================================  
2025-02-27 02:46:04.743  val_finetune_dtvu_steps_1/loss = 2.7069  
2025-02-27 02:46:04.743  val_finetune_dtvu_steps_1/acc@01 = 0.4500  
2025-02-27 02:46:04.743  val_finetune_dtvu_steps_1/acc@05 = 0.8000  
2025-02-27 02:46:04.743  val_finetune_dtvu_steps_1/acc@10 = 0.8500  
2025-02-27 02:46:04.743  val_finetune_dtvu_steps_1/acc@20 = 0.8500  
2025-02-27 02:46:04.743  
  
2025-02-27 02:46:04.790  
  
2025-02-27 02:46:04.790  [VAL_FINETUNE_DTVU_STEPS_3] epoch_17  
2025-02-27 02:46:04.790  =============================================  
2025-02-27 02:46:04.790  val_finetune_dtvu_steps_3/loss = 2.9616  
2025-02-27 02:46:04.790  val_finetune_dtvu_steps_3/acc@01 = 0.4000  
2025-02-27 02:46:04.790  val_finetune_dtvu_steps_3/acc@05 = 0.7333  
2025-02-27 02:46:04.790  val_finetune_dtvu_steps_3/acc@10 = 0.8000  
2025-02-27 02:46:04.790  val_finetune_dtvu_steps_3/acc@20 = 0.8000  
2025-02-27 02:46:04.790  
  
2025-02-27 02:46:05.151  
  
2025-02-27 02:46:05.151  [TRN] epoch_18  
2025-02-27 02:46:05.151  =============================================  
2025-02-27 02:46:05.151  trn/loss = 3.2750  
2025-02-27 02:46:05.151  trn/acc@01 = 0.2962  
2025-02-27 02:46:05.151  trn/acc@05 = 0.5827  
2025-02-27 02:46:05.151  trn/acc@10 = 0.6865  
2025-02-27 02:46:05.151  trn/acc@20 = 0.8154  
2025-02-27 02:46:05.151  
  
2025-02-27 02:46:05.183  
  
2025-02-27 02:46:05.183  [VAL_FINETUNE_DTVU_STEPS_1] epoch_18  
2025-02-27 02:46:05.183  =============================================  
2025-02-27 02:46:05.183  val_finetune_dtvu_steps_1/loss = 2.7518  
2025-02-27 02:46:05.199  val_finetune_dtvu_steps_1/acc@01 = 0.4000  
2025-02-27 02:46:05.199  val_finetune_dtvu_steps_1/acc@05 = 0.8500  
2025-02-27 02:46:05.199  val_finetune_dtvu_steps_1/acc@10 = 0.8500  
2025-02-27 02:46:05.199  val_finetune_dtvu_steps_1/acc@20 = 0.8500  
2025-02-27 02:46:05.199  
  
2025-02-27 02:46:05.237  
  
2025-02-27 02:46:05.237  [VAL_FINETUNE_DTVU_STEPS_3] epoch_18  
2025-02-27 02:46:05.237  =============================================  
2025-02-27 02:46:05.237  val_finetune_dtvu_steps_3/loss = 3.0254  
2025-02-27 02:46:05.237  val_finetune_dtvu_steps_3/acc@01 = 0.3833  
2025-02-27 02:46:05.237  val_finetune_dtvu_steps_3/acc@05 = 0.7500  
2025-02-27 02:46:05.237  val_finetune_dtvu_steps_3/acc@10 = 0.7667  
2025-02-27 02:46:05.237  val_finetune_dtvu_steps_3/acc@20 = 0.8333  
2025-02-27 02:46:05.237  
  
2025-02-27 02:46:05.587  
  
2025-02-27 02:46:05.587  [TRN] epoch_19  
2025-02-27 02:46:05.587  =============================================  
2025-02-27 02:46:05.587  trn/loss = 3.0378  
2025-02-27 02:46:05.587  trn/acc@01 = 0.3135  
2025-02-27 02:46:05.587  trn/acc@05 = 0.6108  
2025-02-27 02:46:05.587  trn/acc@10 = 0.7405  
2025-02-27 02:46:05.587  trn/acc@20 = 0.8847  
2025-02-27 02:46:05.587  
  
2025-02-27 02:46:05.630  
  
2025-02-27 02:46:05.630  [VAL_FINETUNE_DTVU_STEPS_1] epoch_19  
2025-02-27 02:46:05.630  =============================================  
2025-02-27 02:46:05.630  val_finetune_dtvu_steps_1/loss = 2.7227  
2025-02-27 02:46:05.630  val_finetune_dtvu_steps_1/acc@01 = 0.4000  
2025-02-27 02:46:05.630  val_finetune_dtvu_steps_1/acc@05 = 0.8500  
2025-02-27 02:46:05.630  val_finetune_dtvu_steps_1/acc@10 = 0.8500  
2025-02-27 02:46:05.630  val_finetune_dtvu_steps_1/acc@20 = 0.8500  
2025-02-27 02:46:05.630  
  
2025-02-27 02:46:05.671  
  
2025-02-27 02:46:05.671  [VAL_FINETUNE_DTVU_STEPS_3] epoch_19  
2025-02-27 02:46:05.671  =============================================  
2025-02-27 02:46:05.671  val_finetune_dtvu_steps_3/loss = 2.9748  
2025-02-27 02:46:05.671  val_finetune_dtvu_steps_3/acc@01 = 0.3833  
2025-02-27 02:46:05.671  val_finetune_dtvu_steps_3/acc@05 = 0.7333  
2025-02-27 02:46:05.671  val_finetune_dtvu_steps_3/acc@10 = 0.7833  
2025-02-27 02:46:05.671  val_finetune_dtvu_steps_3/acc@20 = 0.8000  
2025-02-27 02:46:05.671  
  
2025-02-27 02:46:06.017  
  
2025-02-27 02:46:06.017  [TRN] epoch_20  
2025-02-27 02:46:06.017  =============================================  
2025-02-27 02:46:06.017  trn/loss = 3.2427  
2025-02-27 02:46:06.017  trn/acc@01 = 0.2876  
2025-02-27 02:46:06.017  trn/acc@05 = 0.5562  
2025-02-27 02:46:06.017  trn/acc@10 = 0.6990  
2025-02-27 02:46:06.017  trn/acc@20 = 0.8305  
2025-02-27 02:46:06.017  
  
2025-02-27 02:46:06.052  
  
2025-02-27 02:46:06.052  [VAL_FINETUNE_DTVU_STEPS_1] epoch_20  
2025-02-27 02:46:06.052  =============================================  
2025-02-27 02:46:06.052  val_finetune_dtvu_steps_1/loss = 2.7906  
2025-02-27 02:46:06.052  val_finetune_dtvu_steps_1/acc@01 = 0.4000  
2025-02-27 02:46:06.052  val_finetune_dtvu_steps_1/acc@05 = 0.8500  
2025-02-27 02:46:06.052  val_finetune_dtvu_steps_1/acc@10 = 0.8500  
2025-02-27 02:46:06.052  val_finetune_dtvu_steps_1/acc@20 = 0.8500  
2025-02-27 02:46:06.052  
  
2025-02-27 02:46:06.095  
  
2025-02-27 02:46:06.095  [VAL_FINETUNE_DTVU_STEPS_3] epoch_20  
2025-02-27 02:46:06.095  =============================================  
2025-02-27 02:46:06.095  val_finetune_dtvu_steps_3/loss = 3.0062  
2025-02-27 02:46:06.095  val_finetune_dtvu_steps_3/acc@01 = 0.3833  
2025-02-27 02:46:06.095  val_finetune_dtvu_steps_3/acc@05 = 0.7500  
2025-02-27 02:46:06.095  val_finetune_dtvu_steps_3/acc@10 = 0.8000  
2025-02-27 02:46:06.095  val_finetune_dtvu_steps_3/acc@20 = 0.8000  
2025-02-27 02:46:06.095  
  
2025-02-27 02:46:06.449  
  
2025-02-27 02:46:06.449  [TRN] epoch_21  
2025-02-27 02:46:06.449  =============================================  
2025-02-27 02:46:06.449  trn/loss = 3.0096  
2025-02-27 02:46:06.449  trn/acc@01 = 0.3041  
2025-02-27 02:46:06.449  trn/acc@05 = 0.6020  
2025-02-27 02:46:06.449  trn/acc@10 = 0.7286  
2025-02-27 02:46:06.449  trn/acc@20 = 0.8816  
2025-02-27 02:46:06.449  
  
2025-02-27 02:46:06.473  
  
2025-02-27 02:46:06.473  [VAL_FINETUNE_DTVU_STEPS_1] epoch_21  
2025-02-27 02:46:06.473  =============================================  
2025-02-27 02:46:06.473  val_finetune_dtvu_steps_1/loss = 2.7192  
2025-02-27 02:46:06.473  val_finetune_dtvu_steps_1/acc@01 = 0.4000  
2025-02-27 02:46:06.473  val_finetune_dtvu_steps_1/acc@05 = 0.8500  
2025-02-27 02:46:06.473  val_finetune_dtvu_steps_1/acc@10 = 0.8500  
2025-02-27 02:46:06.473  val_finetune_dtvu_steps_1/acc@20 = 0.8500  
2025-02-27 02:46:06.473  
  
2025-02-27 02:46:06.520  
  
2025-02-27 02:46:06.520  [VAL_FINETUNE_DTVU_STEPS_3] epoch_21  
2025-02-27 02:46:06.520  =============================================  
2025-02-27 02:46:06.520  val_finetune_dtvu_steps_3/loss = 2.9693  
2025-02-27 02:46:06.520  val_finetune_dtvu_steps_3/acc@01 = 0.3833  
2025-02-27 02:46:06.520  val_finetune_dtvu_steps_3/acc@05 = 0.7500  
2025-02-27 02:46:06.520  val_finetune_dtvu_steps_3/acc@10 = 0.8000  
2025-02-27 02:46:06.520  val_finetune_dtvu_steps_3/acc@20 = 0.8333  
2025-02-27 02:46:06.520  
  
2025-02-27 02:46:06.882  
  
2025-02-27 02:46:06.882  [TRN] epoch_22  
2025-02-27 02:46:06.882  =============================================  
2025-02-27 02:46:06.882  trn/loss = 3.0844  
2025-02-27 02:46:06.882  trn/acc@01 = 0.2906  
2025-02-27 02:46:06.882  trn/acc@05 = 0.5604  
2025-02-27 02:46:06.882  trn/acc@10 = 0.7132  
2025-02-27 02:46:06.882  trn/acc@20 = 0.8396  
2025-02-27 02:46:06.882  
  
2025-02-27 02:46:06.923  
  
2025-02-27 02:46:06.923  [VAL_FINETUNE_DTVU_STEPS_1] epoch_22  
2025-02-27 02:46:06.923  =============================================  
2025-02-27 02:46:06.923  val_finetune_dtvu_steps_1/loss = 2.6928  
2025-02-27 02:46:06.923  val_finetune_dtvu_steps_1/acc@01 = 0.4000  
2025-02-27 02:46:06.923  val_finetune_dtvu_steps_1/acc@05 = 0.8500  
2025-02-27 02:46:06.924  val_finetune_dtvu_steps_1/acc@10 = 0.8500  
2025-02-27 02:46:06.924  val_finetune_dtvu_steps_1/acc@20 = 0.8500  
2025-02-27 02:46:06.924  
  
2025-02-27 02:46:06.965  
  
2025-02-27 02:46:06.966  [VAL_FINETUNE_DTVU_STEPS_3] epoch_22  
2025-02-27 02:46:06.966  =============================================  
2025-02-27 02:46:06.966  val_finetune_dtvu_steps_3/loss = 2.9602  
2025-02-27 02:46:06.966  val_finetune_dtvu_steps_3/acc@01 = 0.3833  
2025-02-27 02:46:06.966  val_finetune_dtvu_steps_3/acc@05 = 0.7500  
2025-02-27 02:46:06.966  val_finetune_dtvu_steps_3/acc@10 = 0.8000  
2025-02-27 02:46:06.966  val_finetune_dtvu_steps_3/acc@20 = 0.8333  
2025-02-27 02:46:06.966  
  
2025-02-27 02:46:07.292  
  
2025-02-27 02:46:07.292  [TRN] epoch_23  
2025-02-27 02:46:07.292  =============================================  
2025-02-27 02:46:07.292  trn/loss = 3.1099  
2025-02-27 02:46:07.292  trn/acc@01 = 0.3091  
2025-02-27 02:46:07.292  trn/acc@05 = 0.5879  
2025-02-27 02:46:07.292  trn/acc@10 = 0.7051  
2025-02-27 02:46:07.292  trn/acc@20 = 0.8545  
2025-02-27 02:46:07.292  
  
2025-02-27 02:46:07.323  
  
2025-02-27 02:46:07.323  [VAL_FINETUNE_DTVU_STEPS_1] epoch_23  
2025-02-27 02:46:07.323  =============================================  
2025-02-27 02:46:07.323  val_finetune_dtvu_steps_1/loss = 2.6973  
2025-02-27 02:46:07.323  val_finetune_dtvu_steps_1/acc@01 = 0.4000  
2025-02-27 02:46:07.323  val_finetune_dtvu_steps_1/acc@05 = 0.8500  
2025-02-27 02:46:07.323  val_finetune_dtvu_steps_1/acc@10 = 0.8500  
2025-02-27 02:46:07.323  val_finetune_dtvu_steps_1/acc@20 = 0.8500  
2025-02-27 02:46:07.323  
  
2025-02-27 02:46:07.376  
  
2025-02-27 02:46:07.376  [VAL_FINETUNE_DTVU_STEPS_3] epoch_23  
2025-02-27 02:46:07.377  =============================================  
2025-02-27 02:46:07.377  val_finetune_dtvu_steps_3/loss = 2.9589  
2025-02-27 02:46:07.377  val_finetune_dtvu_steps_3/acc@01 = 0.3833  
2025-02-27 02:46:07.377  val_finetune_dtvu_steps_3/acc@05 = 0.7500  
2025-02-27 02:46:07.377  val_finetune_dtvu_steps_3/acc@10 = 0.8000  
2025-02-27 02:46:07.377  val_finetune_dtvu_steps_3/acc@20 = 0.8333  
2025-02-27 02:46:07.377  
  
2025-02-27 02:46:07.733  
  
2025-02-27 02:46:07.733  [TRN] epoch_24  
2025-02-27 02:46:07.733  =============================================  
2025-02-27 02:46:07.733  trn/loss = 3.0815  
2025-02-27 02:46:07.733  trn/acc@01 = 0.2833  
2025-02-27 02:46:07.733  trn/acc@05 = 0.6021  
2025-02-27 02:46:07.733  trn/acc@10 = 0.7146  
2025-02-27 02:46:07.733  trn/acc@20 = 0.8521  
2025-02-27 02:46:07.733  
  
2025-02-27 02:46:07.777  
  
2025-02-27 02:46:07.777  [VAL_FINETUNE_DTVU_STEPS_1] epoch_24  
2025-02-27 02:46:07.777  =============================================  
2025-02-27 02:46:07.777  val_finetune_dtvu_steps_1/loss = 2.6966  
2025-02-27 02:46:07.777  val_finetune_dtvu_steps_1/acc@01 = 0.4500  
2025-02-27 02:46:07.777  val_finetune_dtvu_steps_1/acc@05 = 0.8500  
2025-02-27 02:46:07.777  val_finetune_dtvu_steps_1/acc@10 = 0.8500  
2025-02-27 02:46:07.777  val_finetune_dtvu_steps_1/acc@20 = 0.8500  
2025-02-27 02:46:07.777  
  
2025-02-27 02:46:07.825  
  
2025-02-27 02:46:07.825  [VAL_FINETUNE_DTVU_STEPS_3] epoch_24  
2025-02-27 02:46:07.825  =============================================  
2025-02-27 02:46:07.825  val_finetune_dtvu_steps_3/loss = 2.9283  
2025-02-27 02:46:07.825  val_finetune_dtvu_steps_3/acc@01 = 0.4000  
2025-02-27 02:46:07.825  val_finetune_dtvu_steps_3/acc@05 = 0.7500  
2025-02-27 02:46:07.825  val_finetune_dtvu_steps_3/acc@10 = 0.8000  
2025-02-27 02:46:07.825  val_finetune_dtvu_steps_3/acc@20 = 0.8000  
2025-02-27 02:46:07.825  
  
2025-02-27 02:46:08.178  
  
2025-02-27 02:46:08.178  [TRN] epoch_25  
2025-02-27 02:46:08.179  =============================================  
2025-02-27 02:46:08.179  trn/loss = 3.0328  
2025-02-27 02:46:08.179  trn/acc@01 = 0.3222  
2025-02-27 02:46:08.179  trn/acc@05 = 0.5756  
2025-02-27 02:46:08.179  trn/acc@10 = 0.7422  
2025-02-27 02:46:08.179  trn/acc@20 = 0.8578  
2025-02-27 02:46:08.179  
  
2025-02-27 02:46:08.216  
  
2025-02-27 02:46:08.216  [VAL_FINETUNE_DTVU_STEPS_1] epoch_25  
2025-02-27 02:46:08.216  =============================================  
2025-02-27 02:46:08.216  val_finetune_dtvu_steps_1/loss = 2.7145  
2025-02-27 02:46:08.216  val_finetune_dtvu_steps_1/acc@01 = 0.4000  
2025-02-27 02:46:08.216  val_finetune_dtvu_steps_1/acc@05 = 0.8000  
2025-02-27 02:46:08.216  val_finetune_dtvu_steps_1/acc@10 = 0.8000  
2025-02-27 02:46:08.216  val_finetune_dtvu_steps_1/acc@20 = 0.8500  
2025-02-27 02:46:08.216  
  
2025-02-27 02:46:08.264  
  
2025-02-27 02:46:08.265  [VAL_FINETUNE_DTVU_STEPS_3] epoch_25  
2025-02-27 02:46:08.265  =============================================  
2025-02-27 02:46:08.265  val_finetune_dtvu_steps_3/loss = 2.9610  
2025-02-27 02:46:08.265  val_finetune_dtvu_steps_3/acc@01 = 0.3833  
2025-02-27 02:46:08.265  val_finetune_dtvu_steps_3/acc@05 = 0.7167  
2025-02-27 02:46:08.265  val_finetune_dtvu_steps_3/acc@10 = 0.7667  
2025-02-27 02:46:08.265  val_finetune_dtvu_steps_3/acc@20 = 0.7833  
2025-02-27 02:46:08.265  
  
2025-02-27 02:46:08.574  
  
2025-02-27 02:46:08.574  [TRN] epoch_26  
2025-02-27 02:46:08.574  =============================================  
2025-02-27 02:46:08.574  trn/loss = 3.0506  
2025-02-27 02:46:08.574  trn/acc@01 = 0.2857  
2025-02-27 02:46:08.574  trn/acc@05 = 0.5562  
2025-02-27 02:46:08.575  trn/acc@10 = 0.7162  
2025-02-27 02:46:08.575  trn/acc@20 = 0.8533  
2025-02-27 02:46:08.575  
  
2025-02-27 02:46:08.610  
  
2025-02-27 02:46:08.610  [VAL_FINETUNE_DTVU_STEPS_1] epoch_26  
2025-02-27 02:46:08.610  =============================================  
2025-02-27 02:46:08.610  val_finetune_dtvu_steps_1/loss = 2.7632  
2025-02-27 02:46:08.610  val_finetune_dtvu_steps_1/acc@01 = 0.4000  
2025-02-27 02:46:08.610  val_finetune_dtvu_steps_1/acc@05 = 0.7500  
2025-02-27 02:46:08.610  val_finetune_dtvu_steps_1/acc@10 = 0.8500  
2025-02-27 02:46:08.610  val_finetune_dtvu_steps_1/acc@20 = 0.8500  
2025-02-27 02:46:08.610  
  
2025-02-27 02:46:08.642  
  
2025-02-27 02:46:08.642  [VAL_FINETUNE_DTVU_STEPS_3] epoch_26  
2025-02-27 02:46:08.642  =============================================  
2025-02-27 02:46:08.642  val_finetune_dtvu_steps_3/loss = 2.9568  
2025-02-27 02:46:08.642  val_finetune_dtvu_steps_3/acc@01 = 0.3833  
2025-02-27 02:46:08.642  val_finetune_dtvu_steps_3/acc@05 = 0.7167  
2025-02-27 02:46:08.642  val_finetune_dtvu_steps_3/acc@10 = 0.8000  
2025-02-27 02:46:08.642  val_finetune_dtvu_steps_3/acc@20 = 0.8000  
2025-02-27 02:46:08.642  
  
2025-02-27 02:46:08.957  
  
2025-02-27 02:46:08.957  [TRN] epoch_27  
2025-02-27 02:46:08.957  =============================================  
2025-02-27 02:46:08.957  trn/loss = 3.0645  
2025-02-27 02:46:08.958  trn/acc@01 = 0.3058  
2025-02-27 02:46:08.958  trn/acc@05 = 0.5769  
2025-02-27 02:46:08.958  trn/acc@10 = 0.7288  
2025-02-27 02:46:08.958  trn/acc@20 = 0.8423  
2025-02-27 02:46:08.958  
  
2025-02-27 02:46:08.996  
  
2025-02-27 02:46:08.996  [VAL_FINETUNE_DTVU_STEPS_1] epoch_27  
2025-02-27 02:46:08.996  =============================================  
2025-02-27 02:46:08.996  val_finetune_dtvu_steps_1/loss = 2.6852  
2025-02-27 02:46:08.996  val_finetune_dtvu_steps_1/acc@01 = 0.4000  
2025-02-27 02:46:08.996  val_finetune_dtvu_steps_1/acc@05 = 0.8500  
2025-02-27 02:46:08.996  val_finetune_dtvu_steps_1/acc@10 = 0.8500  
2025-02-27 02:46:08.996  val_finetune_dtvu_steps_1/acc@20 = 0.8500  
2025-02-27 02:46:08.996  
  
2025-02-27 02:46:09.040  
  
2025-02-27 02:46:09.040  [VAL_FINETUNE_DTVU_STEPS_3] epoch_27  
2025-02-27 02:46:09.040  =============================================  
2025-02-27 02:46:09.040  val_finetune_dtvu_steps_3/loss = 2.9488  
2025-02-27 02:46:09.040  val_finetune_dtvu_steps_3/acc@01 = 0.3833  
2025-02-27 02:46:09.040  val_finetune_dtvu_steps_3/acc@05 = 0.7333  
2025-02-27 02:46:09.040  val_finetune_dtvu_steps_3/acc@10 = 0.7833  
2025-02-27 02:46:09.040  val_finetune_dtvu_steps_3/acc@20 = 0.8000  
2025-02-27 02:46:09.040  
  
2025-02-27 02:46:09.331  
  
2025-02-27 02:46:09.331  [TRN] epoch_28  
2025-02-27 02:46:09.331  =============================================  
2025-02-27 02:46:09.331  trn/loss = 3.1405  
2025-02-27 02:46:09.331  trn/acc@01 = 0.2510  
2025-02-27 02:46:09.331  trn/acc@05 = 0.5510  
2025-02-27 02:46:09.331  trn/acc@10 = 0.6939  
2025-02-27 02:46:09.331  trn/acc@20 = 0.8592  
2025-02-27 02:46:09.331  
  
2025-02-27 02:46:09.375  
  
2025-02-27 02:46:09.375  [VAL_FINETUNE_DTVU_STEPS_1] epoch_28  
2025-02-27 02:46:09.375  =============================================  
2025-02-27 02:46:09.375  val_finetune_dtvu_steps_1/loss = 2.7683  
2025-02-27 02:46:09.375  val_finetune_dtvu_steps_1/acc@01 = 0.4000  
2025-02-27 02:46:09.375  val_finetune_dtvu_steps_1/acc@05 = 0.8000  
2025-02-27 02:46:09.375  val_finetune_dtvu_steps_1/acc@10 = 0.8500  
2025-02-27 02:46:09.375  val_finetune_dtvu_steps_1/acc@20 = 0.9000  
2025-02-27 02:46:09.375  
  
2025-02-27 02:46:09.408  
  
2025-02-27 02:46:09.408  [VAL_FINETUNE_DTVU_STEPS_3] epoch_28  
2025-02-27 02:46:09.408  =============================================  
2025-02-27 02:46:09.408  val_finetune_dtvu_steps_3/loss = 3.0157  
2025-02-27 02:46:09.408  val_finetune_dtvu_steps_3/acc@01 = 0.3833  
2025-02-27 02:46:09.408  val_finetune_dtvu_steps_3/acc@05 = 0.7167  
2025-02-27 02:46:09.408  val_finetune_dtvu_steps_3/acc@10 = 0.7833  
2025-02-27 02:46:09.408  val_finetune_dtvu_steps_3/acc@20 = 0.8167  
2025-02-27 02:46:09.408  
  
2025-02-27 02:46:09.745  
  
2025-02-27 02:46:09.745  [TRN] epoch_29  
2025-02-27 02:46:09.745  =============================================  
2025-02-27 02:46:09.745  trn/loss = 2.9680  
2025-02-27 02:46:09.745  trn/acc@01 = 0.2886  
2025-02-27 02:46:09.747  trn/acc@05 = 0.5932  
2025-02-27 02:46:09.747  trn/acc@10 = 0.7227  
2025-02-27 02:46:09.747  trn/acc@20 = 0.8409  
2025-02-27 02:46:09.747  
  
2025-02-27 02:46:09.792  
  
2025-02-27 02:46:09.792  [VAL_FINETUNE_DTVU_STEPS_1] epoch_29  
2025-02-27 02:46:09.792  =============================================  
2025-02-27 02:46:09.792  val_finetune_dtvu_steps_1/loss = 2.7254  
2025-02-27 02:46:09.792  val_finetune_dtvu_steps_1/acc@01 = 0.4000  
2025-02-27 02:46:09.792  val_finetune_dtvu_steps_1/acc@05 = 0.7500  
2025-02-27 02:46:09.792  val_finetune_dtvu_steps_1/acc@10 = 0.8500  
2025-02-27 02:46:09.792  val_finetune_dtvu_steps_1/acc@20 = 0.9000  
2025-02-27 02:46:09.792  
  
2025-02-27 02:46:09.842  
  
2025-02-27 02:46:09.842  [VAL_FINETUNE_DTVU_STEPS_3] epoch_29  
2025-02-27 02:46:09.842  =============================================  
2025-02-27 02:46:09.842  val_finetune_dtvu_steps_3/loss = 2.9882  
2025-02-27 02:46:09.842  val_finetune_dtvu_steps_3/acc@01 = 0.3833  
2025-02-27 02:46:09.842  val_finetune_dtvu_steps_3/acc@05 = 0.7000  
2025-02-27 02:46:09.842  val_finetune_dtvu_steps_3/acc@10 = 0.7833  
2025-02-27 02:46:09.842  val_finetune_dtvu_steps_3/acc@20 = 0.8167  
2025-02-27 02:46:09.842  
  
2025-02-27 02:46:10.217  
  
2025-02-27 02:46:10.217  [TRN] epoch_30  
2025-02-27 02:46:10.217  =============================================  
2025-02-27 02:46:10.217  trn/loss = 2.9873  
2025-02-27 02:46:10.217  trn/acc@01 = 0.2928  
2025-02-27 02:46:10.217  trn/acc@05 = 0.6041  
2025-02-27 02:46:10.217  trn/acc@10 = 0.7299  
2025-02-27 02:46:10.217  trn/acc@20 = 0.8433  
2025-02-27 02:46:10.217  
  
2025-02-27 02:46:10.259  
  
2025-02-27 02:46:10.259  [VAL_FINETUNE_DTVU_STEPS_1] epoch_30  
2025-02-27 02:46:10.259  =============================================  
2025-02-27 02:46:10.259  val_finetune_dtvu_steps_1/loss = 2.6624  
2025-02-27 02:46:10.259  val_finetune_dtvu_steps_1/acc@01 = 0.4000  
2025-02-27 02:46:10.259  val_finetune_dtvu_steps_1/acc@05 = 0.8000  
2025-02-27 02:46:10.259  val_finetune_dtvu_steps_1/acc@10 = 0.8500  
2025-02-27 02:46:10.259  val_finetune_dtvu_steps_1/acc@20 = 0.9000  
2025-02-27 02:46:10.259  
  
2025-02-27 02:46:10.309  
  
2025-02-27 02:46:10.309  [VAL_FINETUNE_DTVU_STEPS_3] epoch_30  
2025-02-27 02:46:10.309  =============================================  
2025-02-27 02:46:10.309  val_finetune_dtvu_steps_3/loss = 2.9703  
2025-02-27 02:46:10.309  val_finetune_dtvu_steps_3/acc@01 = 0.3833  
2025-02-27 02:46:10.309  val_finetune_dtvu_steps_3/acc@05 = 0.7167  
2025-02-27 02:46:10.309  val_finetune_dtvu_steps_3/acc@10 = 0.7833  
2025-02-27 02:46:10.309  val_finetune_dtvu_steps_3/acc@20 = 0.8333  
2025-02-27 02:46:10.309  
  
2025-02-27 02:46:10.688  
  
2025-02-27 02:46:10.688  [TRN] epoch_31  
2025-02-27 02:46:10.688  =============================================  
2025-02-27 02:46:10.688  trn/loss = 2.9131  
2025-02-27 02:46:10.688  trn/acc@01 = 0.2929  
2025-02-27 02:46:10.688  trn/acc@05 = 0.6054  
2025-02-27 02:46:10.688  trn/acc@10 = 0.7393  
2025-02-27 02:46:10.688  trn/acc@20 = 0.8786  
2025-02-27 02:46:10.688  
  
2025-02-27 02:46:10.726  
  
2025-02-27 02:46:10.726  [VAL_FINETUNE_DTVU_STEPS_1] epoch_31  
2025-02-27 02:46:10.726  =============================================  
2025-02-27 02:46:10.726  val_finetune_dtvu_steps_1/loss = 2.6579  
2025-02-27 02:46:10.726  val_finetune_dtvu_steps_1/acc@01 = 0.4000  
2025-02-27 02:46:10.726  val_finetune_dtvu_steps_1/acc@05 = 0.8000  
2025-02-27 02:46:10.726  val_finetune_dtvu_steps_1/acc@10 = 0.8500  
2025-02-27 02:46:10.726  val_finetune_dtvu_steps_1/acc@20 = 0.9000  
2025-02-27 02:46:10.726  
  
2025-02-27 02:46:10.763  
  
2025-02-27 02:46:10.763  [VAL_FINETUNE_DTVU_STEPS_3] epoch_31  
2025-02-27 02:46:10.763  =============================================  
2025-02-27 02:46:10.763  val_finetune_dtvu_steps_3/loss = 2.9707  
2025-02-27 02:46:10.763  val_finetune_dtvu_steps_3/acc@01 = 0.3833  
2025-02-27 02:46:10.763  val_finetune_dtvu_steps_3/acc@05 = 0.7167  
2025-02-27 02:46:10.763  val_finetune_dtvu_steps_3/acc@10 = 0.7833  
2025-02-27 02:46:10.763  val_finetune_dtvu_steps_3/acc@20 = 0.8333  
2025-02-27 02:46:10.763  
  
2025-02-27 02:46:11.069  
  
2025-02-27 02:46:11.069  [TRN] epoch_32  
2025-02-27 02:46:11.069  =============================================  
2025-02-27 02:46:11.069  trn/loss = 2.9391  
2025-02-27 02:46:11.069  trn/acc@01 = 0.3042  
2025-02-27 02:46:11.069  trn/acc@05 = 0.5813  
2025-02-27 02:46:11.069  trn/acc@10 = 0.7354  
2025-02-27 02:46:11.069  trn/acc@20 = 0.8625  
2025-02-27 02:46:11.069  
  
2025-02-27 02:46:11.116  
  
2025-02-27 02:46:11.116  [VAL_FINETUNE_DTVU_STEPS_1] epoch_32  
2025-02-27 02:46:11.116  =============================================  
2025-02-27 02:46:11.116  val_finetune_dtvu_steps_1/loss = 2.7263  
2025-02-27 02:46:11.116  val_finetune_dtvu_steps_1/acc@01 = 0.4000  
2025-02-27 02:46:11.116  val_finetune_dtvu_steps_1/acc@05 = 0.8000  
2025-02-27 02:46:11.116  val_finetune_dtvu_steps_1/acc@10 = 0.8500  
2025-02-27 02:46:11.116  val_finetune_dtvu_steps_1/acc@20 = 0.9000  
2025-02-27 02:46:11.116  
  
2025-02-27 02:46:11.147  
  
2025-02-27 02:46:11.147  [VAL_FINETUNE_DTVU_STEPS_3] epoch_32  
2025-02-27 02:46:11.147  =============================================  
2025-02-27 02:46:11.147  val_finetune_dtvu_steps_3/loss = 3.0133  
2025-02-27 02:46:11.147  val_finetune_dtvu_steps_3/acc@01 = 0.3833  
2025-02-27 02:46:11.147  val_finetune_dtvu_steps_3/acc@05 = 0.7167  
2025-02-27 02:46:11.147  val_finetune_dtvu_steps_3/acc@10 = 0.7833  
2025-02-27 02:46:11.147  val_finetune_dtvu_steps_3/acc@20 = 0.8167  
2025-02-27 02:46:11.147  
  
2025-02-27 02:46:11.462  
  
2025-02-27 02:46:11.462  [TRN] epoch_33  
2025-02-27 02:46:11.462  =============================================  
2025-02-27 02:46:11.462  trn/loss = 3.0267  
2025-02-27 02:46:11.462  trn/acc@01 = 0.2696  
2025-02-27 02:46:11.462  trn/acc@05 = 0.5674  
2025-02-27 02:46:11.462  trn/acc@10 = 0.7087  
2025-02-27 02:46:11.462  trn/acc@20 = 0.8500  
2025-02-27 02:46:11.462  
  
2025-02-27 02:46:11.501  
  
2025-02-27 02:46:11.501  [VAL_FINETUNE_DTVU_STEPS_1] epoch_33  
2025-02-27 02:46:11.501  =============================================  
2025-02-27 02:46:11.501  val_finetune_dtvu_steps_1/loss = 2.7643  
2025-02-27 02:46:11.501  val_finetune_dtvu_steps_1/acc@01 = 0.4000  
2025-02-27 02:46:11.501  val_finetune_dtvu_steps_1/acc@05 = 0.7500  
2025-02-27 02:46:11.501  val_finetune_dtvu_steps_1/acc@10 = 0.8500  
2025-02-27 02:46:11.501  val_finetune_dtvu_steps_1/acc@20 = 0.8500  
2025-02-27 02:46:11.501  
  
2025-02-27 02:46:11.524  
  
2025-02-27 02:46:11.540  [VAL_FINETUNE_DTVU_STEPS_3] epoch_33  
2025-02-27 02:46:11.540  =============================================  
2025-02-27 02:46:11.540  val_finetune_dtvu_steps_3/loss = 3.0439  
2025-02-27 02:46:11.540  val_finetune_dtvu_steps_3/acc@01 = 0.3833  
2025-02-27 02:46:11.540  val_finetune_dtvu_steps_3/acc@05 = 0.7167  
2025-02-27 02:46:11.540  val_finetune_dtvu_steps_3/acc@10 = 0.7833  
2025-02-27 02:46:11.540  val_finetune_dtvu_steps_3/acc@20 = 0.7833  
2025-02-27 02:46:11.540  
  
2025-02-27 02:46:11.844  
  
2025-02-27 02:46:11.844  [TRN] epoch_34  
2025-02-27 02:46:11.844  =============================================  
2025-02-27 02:46:11.844  trn/loss = 2.8055  
2025-02-27 02:46:11.844  trn/acc@01 = 0.3296  
2025-02-27 02:46:11.844  trn/acc@05 = 0.6093  
2025-02-27 02:46:11.845  trn/acc@10 = 0.7481  
2025-02-27 02:46:11.845  trn/acc@20 = 0.8722  
2025-02-27 02:46:11.845  
  
2025-02-27 02:46:11.887  
  
2025-02-27 02:46:11.887  [VAL_FINETUNE_DTVU_STEPS_1] epoch_34  
2025-02-27 02:46:11.887  =============================================  
2025-02-27 02:46:11.887  val_finetune_dtvu_steps_1/loss = 2.6392  
2025-02-27 02:46:11.887  val_finetune_dtvu_steps_1/acc@01 = 0.4000  
2025-02-27 02:46:11.887  val_finetune_dtvu_steps_1/acc@05 = 0.7500  
2025-02-27 02:46:11.887  val_finetune_dtvu_steps_1/acc@10 = 0.8500  
2025-02-27 02:46:11.887  val_finetune_dtvu_steps_1/acc@20 = 0.9000  
2025-02-27 02:46:11.887  
  
2025-02-27 02:46:11.936  
  
2025-02-27 02:46:11.936  [VAL_FINETUNE_DTVU_STEPS_3] epoch_34  
2025-02-27 02:46:11.936  =============================================  
2025-02-27 02:46:11.936  val_finetune_dtvu_steps_3/loss = 2.9055  
2025-02-27 02:46:11.936  val_finetune_dtvu_steps_3/acc@01 = 0.3833  
2025-02-27 02:46:11.936  val_finetune_dtvu_steps_3/acc@05 = 0.7500  
2025-02-27 02:46:11.936  val_finetune_dtvu_steps_3/acc@10 = 0.7833  
2025-02-27 02:46:11.936  val_finetune_dtvu_steps_3/acc@20 = 0.8333  
2025-02-27 02:46:11.936  
  
2025-02-27 02:46:12.228  
  
2025-02-27 02:46:12.228  [TRN] epoch_35  
2025-02-27 02:46:12.228  =============================================  
2025-02-27 02:46:12.228  trn/loss = 2.8186  
2025-02-27 02:46:12.228  trn/acc@01 = 0.3352  
2025-02-27 02:46:12.228  trn/acc@05 = 0.6093  
2025-02-27 02:46:12.228  trn/acc@10 = 0.7556  
2025-02-27 02:46:12.228  trn/acc@20 = 0.8704  
2025-02-27 02:46:12.228  
  
2025-02-27 02:46:12.266  
  
2025-02-27 02:46:12.266  [VAL_FINETUNE_DTVU_STEPS_1] epoch_35  
2025-02-27 02:46:12.266  =============================================  
2025-02-27 02:46:12.266  val_finetune_dtvu_steps_1/loss = 2.6103  
2025-02-27 02:46:12.266  val_finetune_dtvu_steps_1/acc@01 = 0.4500  
2025-02-27 02:46:12.266  val_finetune_dtvu_steps_1/acc@05 = 0.8000  
2025-02-27 02:46:12.266  val_finetune_dtvu_steps_1/acc@10 = 0.8500  
2025-02-27 02:46:12.266  val_finetune_dtvu_steps_1/acc@20 = 0.9000  
2025-02-27 02:46:12.266  
  
2025-02-27 02:46:12.310  
  
2025-02-27 02:46:12.310  [VAL_FINETUNE_DTVU_STEPS_3] epoch_35  
2025-02-27 02:46:12.310  =============================================  
2025-02-27 02:46:12.310  val_finetune_dtvu_steps_3/loss = 2.9312  
2025-02-27 02:46:12.310  val_finetune_dtvu_steps_3/acc@01 = 0.3500  
2025-02-27 02:46:12.310  val_finetune_dtvu_steps_3/acc@05 = 0.7500  
2025-02-27 02:46:12.310  val_finetune_dtvu_steps_3/acc@10 = 0.7833  
2025-02-27 02:46:12.310  val_finetune_dtvu_steps_3/acc@20 = 0.8167  
2025-02-27 02:46:12.310  
  
2025-02-27 02:46:12.633  
  
2025-02-27 02:46:12.633  [TRN] epoch_36  
2025-02-27 02:46:12.633  =============================================  
2025-02-27 02:46:12.633  trn/loss = 2.9175  
2025-02-27 02:46:12.633  trn/acc@01 = 0.3172  
2025-02-27 02:46:12.633  trn/acc@05 = 0.5657  
2025-02-27 02:46:12.633  trn/acc@10 = 0.7071  
2025-02-27 02:46:12.633  trn/acc@20 = 0.8303  
2025-02-27 02:46:12.633  
  
2025-02-27 02:46:12.664  
  
2025-02-27 02:46:12.664  [VAL_FINETUNE_DTVU_STEPS_1] epoch_36  
2025-02-27 02:46:12.664  =============================================  
2025-02-27 02:46:12.664  val_finetune_dtvu_steps_1/loss = 2.6265  
2025-02-27 02:46:12.664  val_finetune_dtvu_steps_1/acc@01 = 0.4000  
2025-02-27 02:46:12.664  val_finetune_dtvu_steps_1/acc@05 = 0.8500  
2025-02-27 02:46:12.664  val_finetune_dtvu_steps_1/acc@10 = 0.8500  
2025-02-27 02:46:12.664  val_finetune_dtvu_steps_1/acc@20 = 0.9000  
2025-02-27 02:46:12.664  
  
2025-02-27 02:46:12.708  
  
2025-02-27 02:46:12.710  [VAL_FINETUNE_DTVU_STEPS_3] epoch_36  
2025-02-27 02:46:12.710  =============================================  
2025-02-27 02:46:12.710  val_finetune_dtvu_steps_3/loss = 2.9348  
2025-02-27 02:46:12.710  val_finetune_dtvu_steps_3/acc@01 = 0.3833  
2025-02-27 02:46:12.710  val_finetune_dtvu_steps_3/acc@05 = 0.7500  
2025-02-27 02:46:12.710  val_finetune_dtvu_steps_3/acc@10 = 0.7833  
2025-02-27 02:46:12.710  val_finetune_dtvu_steps_3/acc@20 = 0.8333  
2025-02-27 02:46:12.710  
  
2025-02-27 02:46:13.026  
  
2025-02-27 02:46:13.026  [TRN] epoch_37  
2025-02-27 02:46:13.026  =============================================  
2025-02-27 02:46:13.026  trn/loss = 2.8072  
2025-02-27 02:46:13.026  trn/acc@01 = 0.3030  
2025-02-27 02:46:13.027  trn/acc@05 = 0.6059  
2025-02-27 02:46:13.027  trn/acc@10 = 0.7465  
2025-02-27 02:46:13.027  trn/acc@20 = 0.8693  
2025-02-27 02:46:13.027  
  
2025-02-27 02:46:13.066  
  
2025-02-27 02:46:13.066  [VAL_FINETUNE_DTVU_STEPS_1] epoch_37  
2025-02-27 02:46:13.067  =============================================  
2025-02-27 02:46:13.067  val_finetune_dtvu_steps_1/loss = 2.7051  
2025-02-27 02:46:13.067  val_finetune_dtvu_steps_1/acc@01 = 0.4000  
2025-02-27 02:46:13.067  val_finetune_dtvu_steps_1/acc@05 = 0.8000  
2025-02-27 02:46:13.067  val_finetune_dtvu_steps_1/acc@10 = 0.9000  
2025-02-27 02:46:13.067  val_finetune_dtvu_steps_1/acc@20 = 0.9000  
2025-02-27 02:46:13.067  
  
2025-02-27 02:46:13.106  
  
2025-02-27 02:46:13.106  [VAL_FINETUNE_DTVU_STEPS_3] epoch_37  
2025-02-27 02:46:13.106  =============================================  
2025-02-27 02:46:13.106  val_finetune_dtvu_steps_3/loss = 3.0085  
2025-02-27 02:46:13.106  val_finetune_dtvu_steps_3/acc@01 = 0.3833  
2025-02-27 02:46:13.106  val_finetune_dtvu_steps_3/acc@05 = 0.7167  
2025-02-27 02:46:13.107  val_finetune_dtvu_steps_3/acc@10 = 0.8167  
2025-02-27 02:46:13.107  val_finetune_dtvu_steps_3/acc@20 = 0.8167  
2025-02-27 02:46:13.107  
  
2025-02-27 02:46:13.427  
  
2025-02-27 02:46:13.428  [TRN] epoch_38  
2025-02-27 02:46:13.428  =============================================  
2025-02-27 02:46:13.428  trn/loss = 2.7190  
2025-02-27 02:46:13.428  trn/acc@01 = 0.3296  
2025-02-27 02:46:13.428  trn/acc@05 = 0.6241  
2025-02-27 02:46:13.428  trn/acc@10 = 0.7648  
2025-02-27 02:46:13.428  trn/acc@20 = 0.8833  
2025-02-27 02:46:13.428  
  
2025-02-27 02:46:13.466  
  
2025-02-27 02:46:13.466  [VAL_FINETUNE_DTVU_STEPS_1] epoch_38  
2025-02-27 02:46:13.466  =============================================  
2025-02-27 02:46:13.466  val_finetune_dtvu_steps_1/loss = 2.6831  
2025-02-27 02:46:13.466  val_finetune_dtvu_steps_1/acc@01 = 0.4500  
2025-02-27 02:46:13.466  val_finetune_dtvu_steps_1/acc@05 = 0.8000  
2025-02-27 02:46:13.466  val_finetune_dtvu_steps_1/acc@10 = 0.9000  
2025-02-27 02:46:13.466  val_finetune_dtvu_steps_1/acc@20 = 0.9000  
2025-02-27 02:46:13.466  
  
2025-02-27 02:46:13.507  
  
2025-02-27 02:46:13.507  [VAL_FINETUNE_DTVU_STEPS_3] epoch_38  
2025-02-27 02:46:13.507  =============================================  
2025-02-27 02:46:13.507  val_finetune_dtvu_steps_3/loss = 2.9868  
2025-02-27 02:46:13.507  val_finetune_dtvu_steps_3/acc@01 = 0.3667  
2025-02-27 02:46:13.507  val_finetune_dtvu_steps_3/acc@05 = 0.7167  
2025-02-27 02:46:13.507  val_finetune_dtvu_steps_3/acc@10 = 0.8167  
2025-02-27 02:46:13.512  val_finetune_dtvu_steps_3/acc@20 = 0.8167  
2025-02-27 02:46:13.512  
  
2025-02-27 02:46:13.815  
  
2025-02-27 02:46:13.815  [TRN] epoch_39  
2025-02-27 02:46:13.815  =============================================  
2025-02-27 02:46:13.815  trn/loss = 2.8837  
2025-02-27 02:46:13.815  trn/acc@01 = 0.2948  
2025-02-27 02:46:13.815  trn/acc@05 = 0.5835  
2025-02-27 02:46:13.815  trn/acc@10 = 0.7196  
2025-02-27 02:46:13.815  trn/acc@20 = 0.8598  
2025-02-27 02:46:13.815  
  
2025-02-27 02:46:13.857  
  
2025-02-27 02:46:13.857  [VAL_FINETUNE_DTVU_STEPS_1] epoch_39  
2025-02-27 02:46:13.857  =============================================  
2025-02-27 02:46:13.857  val_finetune_dtvu_steps_1/loss = 2.6654  
2025-02-27 02:46:13.858  val_finetune_dtvu_steps_1/acc@01 = 0.4500  
2025-02-27 02:46:13.858  val_finetune_dtvu_steps_1/acc@05 = 0.8000  
2025-02-27 02:46:13.858  val_finetune_dtvu_steps_1/acc@10 = 0.9000  
2025-02-27 02:46:13.858  val_finetune_dtvu_steps_1/acc@20 = 0.9000  
2025-02-27 02:46:13.858  
  
2025-02-27 02:46:13.896  
  
2025-02-27 02:46:13.897  [VAL_FINETUNE_DTVU_STEPS_3] epoch_39  
2025-02-27 02:46:13.897  =============================================  
2025-02-27 02:46:13.897  val_finetune_dtvu_steps_3/loss = 2.9772  
2025-02-27 02:46:13.897  val_finetune_dtvu_steps_3/acc@01 = 0.3667  
2025-02-27 02:46:13.897  val_finetune_dtvu_steps_3/acc@05 = 0.7333  
2025-02-27 02:46:13.897  val_finetune_dtvu_steps_3/acc@10 = 0.8167  
2025-02-27 02:46:13.897  val_finetune_dtvu_steps_3/acc@20 = 0.8167  
2025-02-27 02:46:13.897  
  
2025-02-27 02:46:14.216  
  
2025-02-27 02:46:14.217  [TRN] epoch_40  
2025-02-27 02:46:14.217  =============================================  
2025-02-27 02:46:14.217  trn/loss = 2.7857  
2025-02-27 02:46:14.217  trn/acc@01 = 0.3029  
2025-02-27 02:46:14.217  trn/acc@05 = 0.6038  
2025-02-27 02:46:14.217  trn/acc@10 = 0.7619  
2025-02-27 02:46:14.217  trn/acc@20 = 0.8705  
2025-02-27 02:46:14.217  
  
2025-02-27 02:46:14.255  
  
2025-02-27 02:46:14.255  [VAL_FINETUNE_DTVU_STEPS_1] epoch_40  
2025-02-27 02:46:14.255  =============================================  
2025-02-27 02:46:14.255  val_finetune_dtvu_steps_1/loss = 2.7267  
2025-02-27 02:46:14.255  val_finetune_dtvu_steps_1/acc@01 = 0.4000  
2025-02-27 02:46:14.255  val_finetune_dtvu_steps_1/acc@05 = 0.7500  
2025-02-27 02:46:14.255  val_finetune_dtvu_steps_1/acc@10 = 0.8500  
2025-02-27 02:46:14.256  val_finetune_dtvu_steps_1/acc@20 = 0.9000  
2025-02-27 02:46:14.256  
  
2025-02-27 02:46:14.291  
  
2025-02-27 02:46:14.291  [VAL_FINETUNE_DTVU_STEPS_3] epoch_40  
2025-02-27 02:46:14.291  =============================================  
2025-02-27 02:46:14.291  val_finetune_dtvu_steps_3/loss = 2.9578  
2025-02-27 02:46:14.291  val_finetune_dtvu_steps_3/acc@01 = 0.4000  
2025-02-27 02:46:14.291  val_finetune_dtvu_steps_3/acc@05 = 0.7167  
2025-02-27 02:46:14.291  val_finetune_dtvu_steps_3/acc@10 = 0.7833  
2025-02-27 02:46:14.291  val_finetune_dtvu_steps_3/acc@20 = 0.8167  
2025-02-27 02:46:14.291  
  
2025-02-27 02:46:14.661  
  
2025-02-27 02:46:14.661  [TRN] epoch_41  
2025-02-27 02:46:14.661  =============================================  
2025-02-27 02:46:14.661  trn/loss = 2.6875  
2025-02-27 02:46:14.661  trn/acc@01 = 0.3560  
2025-02-27 02:46:14.661  trn/acc@05 = 0.6110  
2025-02-27 02:46:14.661  trn/acc@10 = 0.7275  
2025-02-27 02:46:14.661  trn/acc@20 = 0.8725  
2025-02-27 02:46:14.661  
  
2025-02-27 02:46:14.705  
  
2025-02-27 02:46:14.705  [VAL_FINETUNE_DTVU_STEPS_1] epoch_41  
2025-02-27 02:46:14.705  =============================================  
2025-02-27 02:46:14.705  val_finetune_dtvu_steps_1/loss = 2.7132  
2025-02-27 02:46:14.705  val_finetune_dtvu_steps_1/acc@01 = 0.3500  
2025-02-27 02:46:14.705  val_finetune_dtvu_steps_1/acc@05 = 0.8500  
2025-02-27 02:46:14.705  val_finetune_dtvu_steps_1/acc@10 = 0.9000  
2025-02-27 02:46:14.705  val_finetune_dtvu_steps_1/acc@20 = 0.9000  
2025-02-27 02:46:14.705  
  
2025-02-27 02:46:14.750  
  
2025-02-27 02:46:14.750  [VAL_FINETUNE_DTVU_STEPS_3] epoch_41  
2025-02-27 02:46:14.750  =============================================  
2025-02-27 02:46:14.750  val_finetune_dtvu_steps_3/loss = 2.9293  
2025-02-27 02:46:14.750  val_finetune_dtvu_steps_3/acc@01 = 0.3667  
2025-02-27 02:46:14.750  val_finetune_dtvu_steps_3/acc@05 = 0.7667  
2025-02-27 02:46:14.750  val_finetune_dtvu_steps_3/acc@10 = 0.8333  
2025-02-27 02:46:14.750  val_finetune_dtvu_steps_3/acc@20 = 0.8333  
2025-02-27 02:46:14.750  
  
2025-02-27 02:46:15.119  
  
2025-02-27 02:46:15.119  [TRN] epoch_42  
2025-02-27 02:46:15.119  =============================================  
2025-02-27 02:46:15.119  trn/loss = 2.7849  
2025-02-27 02:46:15.119  trn/acc@01 = 0.3155  
2025-02-27 02:46:15.119  trn/acc@05 = 0.6021  
2025-02-27 02:46:15.119  trn/acc@10 = 0.7443  
2025-02-27 02:46:15.119  trn/acc@20 = 0.8763  
2025-02-27 02:46:15.119  
  
2025-02-27 02:46:15.157  
  
2025-02-27 02:46:15.157  [VAL_FINETUNE_DTVU_STEPS_1] epoch_42  
2025-02-27 02:46:15.157  =============================================  
2025-02-27 02:46:15.157  val_finetune_dtvu_steps_1/loss = 2.7434  
2025-02-27 02:46:15.157  val_finetune_dtvu_steps_1/acc@01 = 0.4000  
2025-02-27 02:46:15.157  val_finetune_dtvu_steps_1/acc@05 = 0.7500  
2025-02-27 02:46:15.157  val_finetune_dtvu_steps_1/acc@10 = 0.8500  
2025-02-27 02:46:15.157  val_finetune_dtvu_steps_1/acc@20 = 0.9000  
2025-02-27 02:46:15.157  
  
2025-02-27 02:46:15.213  
  
2025-02-27 02:46:15.213  [VAL_FINETUNE_DTVU_STEPS_3] epoch_42  
2025-02-27 02:46:15.213  =============================================  
2025-02-27 02:46:15.213  val_finetune_dtvu_steps_3/loss = 2.9757  
2025-02-27 02:46:15.213  val_finetune_dtvu_steps_3/acc@01 = 0.3833  
2025-02-27 02:46:15.213  val_finetune_dtvu_steps_3/acc@05 = 0.7000  
2025-02-27 02:46:15.213  val_finetune_dtvu_steps_3/acc@10 = 0.8000  
2025-02-27 02:46:15.213  val_finetune_dtvu_steps_3/acc@20 = 0.8333  
2025-02-27 02:46:15.213  
  
2025-02-27 02:46:15.523  
  
2025-02-27 02:46:15.523  [TRN] epoch_43  
2025-02-27 02:46:15.523  =============================================  
2025-02-27 02:46:15.523  trn/loss = 2.7303  
2025-02-27 02:46:15.523  trn/acc@01 = 0.3250  
2025-02-27 02:46:15.523  trn/acc@05 = 0.6019  
2025-02-27 02:46:15.523  trn/acc@10 = 0.7231  
2025-02-27 02:46:15.523  trn/acc@20 = 0.8712  
2025-02-27 02:46:15.523  
  
2025-02-27 02:46:15.582  
  
2025-02-27 02:46:15.583  [VAL_FINETUNE_DTVU_STEPS_1] epoch_43  
2025-02-27 02:46:15.583  =============================================  
2025-02-27 02:46:15.583  val_finetune_dtvu_steps_1/loss = 2.5189  
2025-02-27 02:46:15.583  val_finetune_dtvu_steps_1/acc@01 = 0.4000  
2025-02-27 02:46:15.584  val_finetune_dtvu_steps_1/acc@05 = 0.8000  
2025-02-27 02:46:15.584  val_finetune_dtvu_steps_1/acc@10 = 0.9000  
2025-02-27 02:46:15.584  val_finetune_dtvu_steps_1/acc@20 = 0.9000  
2025-02-27 02:46:15.584  
  
2025-02-27 02:46:15.627  
  
2025-02-27 02:46:15.628  [VAL_FINETUNE_DTVU_STEPS_3] epoch_43  
2025-02-27 02:46:15.628  =============================================  
2025-02-27 02:46:15.628  val_finetune_dtvu_steps_3/loss = 2.8654  
2025-02-27 02:46:15.628  val_finetune_dtvu_steps_3/acc@01 = 0.4000  
2025-02-27 02:46:15.628  val_finetune_dtvu_steps_3/acc@05 = 0.7167  
2025-02-27 02:46:15.628  val_finetune_dtvu_steps_3/acc@10 = 0.8333  
2025-02-27 02:46:15.628  val_finetune_dtvu_steps_3/acc@20 = 0.8333  
2025-02-27 02:46:15.628  
  
2025-02-27 02:46:15.939  
  
2025-02-27 02:46:15.939  [TRN] epoch_44  
2025-02-27 02:46:15.939  =============================================  
2025-02-27 02:46:15.939  trn/loss = 2.6263  
2025-02-27 02:46:15.939  trn/acc@01 = 0.3275  
2025-02-27 02:46:15.939  trn/acc@05 = 0.6412  
2025-02-27 02:46:15.939  trn/acc@10 = 0.7510  
2025-02-27 02:46:15.939  trn/acc@20 = 0.8843  
2025-02-27 02:46:15.939  
  
2025-02-27 02:46:15.971  
  
2025-02-27 02:46:15.971  [VAL_FINETUNE_DTVU_STEPS_1] epoch_44  
2025-02-27 02:46:15.971  =============================================  
2025-02-27 02:46:15.971  val_finetune_dtvu_steps_1/loss = 2.5369  
2025-02-27 02:46:15.971  val_finetune_dtvu_steps_1/acc@01 = 0.4500  
2025-02-27 02:46:15.971  val_finetune_dtvu_steps_1/acc@05 = 0.8500  
2025-02-27 02:46:15.971  val_finetune_dtvu_steps_1/acc@10 = 0.8500  
2025-02-27 02:46:15.971  val_finetune_dtvu_steps_1/acc@20 = 0.9000  
2025-02-27 02:46:15.971  
  
2025-02-27 02:46:16.018  
  
2025-02-27 02:46:16.018  [VAL_FINETUNE_DTVU_STEPS_3] epoch_44  
2025-02-27 02:46:16.018  =============================================  
2025-02-27 02:46:16.018  val_finetune_dtvu_steps_3/loss = 2.8946  
2025-02-27 02:46:16.018  val_finetune_dtvu_steps_3/acc@01 = 0.3833  
2025-02-27 02:46:16.018  val_finetune_dtvu_steps_3/acc@05 = 0.7333  
2025-02-27 02:46:16.018  val_finetune_dtvu_steps_3/acc@10 = 0.7833  
2025-02-27 02:46:16.018  val_finetune_dtvu_steps_3/acc@20 = 0.8333  
2025-02-27 02:46:16.018  
  
2025-02-27 02:46:16.356  
  
2025-02-27 02:46:16.356  [TRN] epoch_45  
2025-02-27 02:46:16.356  =============================================  
2025-02-27 02:46:16.356  trn/loss = 2.7810  
2025-02-27 02:46:16.356  trn/acc@01 = 0.2948  
2025-02-27 02:46:16.356  trn/acc@05 = 0.6124  
2025-02-27 02:46:16.356  trn/acc@10 = 0.7402  
2025-02-27 02:46:16.356  trn/acc@20 = 0.8722  
2025-02-27 02:46:16.356  
  
2025-02-27 02:46:16.416  
  
2025-02-27 02:46:16.416  [VAL_FINETUNE_DTVU_STEPS_1] epoch_45  
2025-02-27 02:46:16.417  =============================================  
2025-02-27 02:46:16.417  val_finetune_dtvu_steps_1/loss = 2.6545  
2025-02-27 02:46:16.417  val_finetune_dtvu_steps_1/acc@01 = 0.4000  
2025-02-27 02:46:16.417  val_finetune_dtvu_steps_1/acc@05 = 0.8500  
2025-02-27 02:46:16.417  val_finetune_dtvu_steps_1/acc@10 = 0.8500  
2025-02-27 02:46:16.417  val_finetune_dtvu_steps_1/acc@20 = 0.9000  
2025-02-27 02:46:16.417  
  
2025-02-27 02:46:16.470  
  
2025-02-27 02:46:16.470  [VAL_FINETUNE_DTVU_STEPS_3] epoch_45  
2025-02-27 02:46:16.470  =============================================  
2025-02-27 02:46:16.470  val_finetune_dtvu_steps_3/loss = 2.9718  
2025-02-27 02:46:16.470  val_finetune_dtvu_steps_3/acc@01 = 0.3500  
2025-02-27 02:46:16.471  val_finetune_dtvu_steps_3/acc@05 = 0.7500  
2025-02-27 02:46:16.471  val_finetune_dtvu_steps_3/acc@10 = 0.8000  
2025-02-27 02:46:16.471  val_finetune_dtvu_steps_3/acc@20 = 0.8333  
2025-02-27 02:46:16.471  
  
2025-02-27 02:46:16.847  
  
2025-02-27 02:46:16.847  [TRN] epoch_46  
2025-02-27 02:46:16.847  =============================================  
2025-02-27 02:46:16.847  trn/loss = 2.7173  
2025-02-27 02:46:16.847  trn/acc@01 = 0.3248  
2025-02-27 02:46:16.847  trn/acc@05 = 0.6202  
2025-02-27 02:46:16.847  trn/acc@10 = 0.7541  
2025-02-27 02:46:16.847  trn/acc@20 = 0.8789  
2025-02-27 02:46:16.847  
  
2025-02-27 02:46:16.882  
  
2025-02-27 02:46:16.882  [VAL_FINETUNE_DTVU_STEPS_1] epoch_46  
2025-02-27 02:46:16.882  =============================================  
2025-02-27 02:46:16.882  val_finetune_dtvu_steps_1/loss = 2.5245  
2025-02-27 02:46:16.882  val_finetune_dtvu_steps_1/acc@01 = 0.4000  
2025-02-27 02:46:16.882  val_finetune_dtvu_steps_1/acc@05 = 0.8500  
2025-02-27 02:46:16.882  val_finetune_dtvu_steps_1/acc@10 = 0.9000  
2025-02-27 02:46:16.882  val_finetune_dtvu_steps_1/acc@20 = 0.9000  
2025-02-27 02:46:16.882  
  
2025-02-27 02:46:16.921  
  
2025-02-27 02:46:16.921  [VAL_FINETUNE_DTVU_STEPS_3] epoch_46  
2025-02-27 02:46:16.923  =============================================  
2025-02-27 02:46:16.923  val_finetune_dtvu_steps_3/loss = 2.9014  
2025-02-27 02:46:16.923  val_finetune_dtvu_steps_3/acc@01 = 0.3833  
2025-02-27 02:46:16.923  val_finetune_dtvu_steps_3/acc@05 = 0.7500  
2025-02-27 02:46:16.923  val_finetune_dtvu_steps_3/acc@10 = 0.8167  
2025-02-27 02:46:16.923  val_finetune_dtvu_steps_3/acc@20 = 0.8333  
2025-02-27 02:46:16.923  
  
2025-02-27 02:46:17.251  
  
2025-02-27 02:46:17.251  [TRN] epoch_47  
2025-02-27 02:46:17.251  =============================================  
2025-02-27 02:46:17.251  trn/loss = 2.5108  
2025-02-27 02:46:17.251  trn/acc@01 = 0.3469  
2025-02-27 02:46:17.251  trn/acc@05 = 0.6510  
2025-02-27 02:46:17.251  trn/acc@10 = 0.7776  
2025-02-27 02:46:17.251  trn/acc@20 = 0.8939  
2025-02-27 02:46:17.251  
  
2025-02-27 02:46:17.282  
  
2025-02-27 02:46:17.282  [VAL_FINETUNE_DTVU_STEPS_1] epoch_47  
2025-02-27 02:46:17.282  =============================================  
2025-02-27 02:46:17.282  val_finetune_dtvu_steps_1/loss = 2.5186  
2025-02-27 02:46:17.282  val_finetune_dtvu_steps_1/acc@01 = 0.4000  
2025-02-27 02:46:17.282  val_finetune_dtvu_steps_1/acc@05 = 0.9000  
2025-02-27 02:46:17.282  val_finetune_dtvu_steps_1/acc@10 = 0.9000  
2025-02-27 02:46:17.282  val_finetune_dtvu_steps_1/acc@20 = 0.9000  
2025-02-27 02:46:17.282  
  
2025-02-27 02:46:17.329  
  
2025-02-27 02:46:17.329  [VAL_FINETUNE_DTVU_STEPS_3] epoch_47  
2025-02-27 02:46:17.329  =============================================  
2025-02-27 02:46:17.329  val_finetune_dtvu_steps_3/loss = 2.8961  
2025-02-27 02:46:17.329  val_finetune_dtvu_steps_3/acc@01 = 0.3833  
2025-02-27 02:46:17.329  val_finetune_dtvu_steps_3/acc@05 = 0.7833  
2025-02-27 02:46:17.329  val_finetune_dtvu_steps_3/acc@10 = 0.8167  
2025-02-27 02:46:17.329  val_finetune_dtvu_steps_3/acc@20 = 0.8333  
2025-02-27 02:46:17.329  
  
2025-02-27 02:46:17.653  
  
2025-02-27 02:46:17.653  [TRN] epoch_48  
2025-02-27 02:46:17.654  =============================================  
2025-02-27 02:46:17.654  trn/loss = 2.7251  
2025-02-27 02:46:17.654  trn/acc@01 = 0.2819  
2025-02-27 02:46:17.654  trn/acc@05 = 0.6190  
2025-02-27 02:46:17.654  trn/acc@10 = 0.7486  
2025-02-27 02:46:17.654  trn/acc@20 = 0.8705  
2025-02-27 02:46:17.654  
  
2025-02-27 02:46:17.692  
  
2025-02-27 02:46:17.692  [VAL_FINETUNE_DTVU_STEPS_1] epoch_48  
2025-02-27 02:46:17.692  =============================================  
2025-02-27 02:46:17.692  val_finetune_dtvu_steps_1/loss = 2.6891  
2025-02-27 02:46:17.692  val_finetune_dtvu_steps_1/acc@01 = 0.4000  
2025-02-27 02:46:17.692  val_finetune_dtvu_steps_1/acc@05 = 0.8000  
2025-02-27 02:46:17.692  val_finetune_dtvu_steps_1/acc@10 = 0.8500  
2025-02-27 02:46:17.692  val_finetune_dtvu_steps_1/acc@20 = 0.9000  
2025-02-27 02:46:17.692  
  
2025-02-27 02:46:17.731  
  
2025-02-27 02:46:17.731  [VAL_FINETUNE_DTVU_STEPS_3] epoch_48  
2025-02-27 02:46:17.731  =============================================  
2025-02-27 02:46:17.731  val_finetune_dtvu_steps_3/loss = 3.0116  
2025-02-27 02:46:17.731  val_finetune_dtvu_steps_3/acc@01 = 0.3667  
2025-02-27 02:46:17.731  val_finetune_dtvu_steps_3/acc@05 = 0.7833  
2025-02-27 02:46:17.731  val_finetune_dtvu_steps_3/acc@10 = 0.8000  
2025-02-27 02:46:17.731  val_finetune_dtvu_steps_3/acc@20 = 0.8167  
2025-02-27 02:46:17.731  
  
2025-02-27 02:46:18.102  
  
2025-02-27 02:46:18.104  [TRN] epoch_49  
2025-02-27 02:46:18.104  =============================================  
2025-02-27 02:46:18.104  trn/loss = 2.6712  
2025-02-27 02:46:18.104  trn/acc@01 = 0.3152  
2025-02-27 02:46:18.104  trn/acc@05 = 0.5939  
2025-02-27 02:46:18.104  trn/acc@10 = 0.7333  
2025-02-27 02:46:18.104  trn/acc@20 = 0.8626  
2025-02-27 02:46:18.104  
  
2025-02-27 02:46:18.143  
  
2025-02-27 02:46:18.143  [VAL_FINETUNE_DTVU_STEPS_1] epoch_49  
2025-02-27 02:46:18.143  =============================================  
2025-02-27 02:46:18.143  val_finetune_dtvu_steps_1/loss = 2.7531  
2025-02-27 02:46:18.143  val_finetune_dtvu_steps_1/acc@01 = 0.4000  
2025-02-27 02:46:18.143  val_finetune_dtvu_steps_1/acc@05 = 0.8500  
2025-02-27 02:46:18.143  val_finetune_dtvu_steps_1/acc@10 = 0.8500  
2025-02-27 02:46:18.143  val_finetune_dtvu_steps_1/acc@20 = 0.9000  
2025-02-27 02:46:18.143  
  
2025-02-27 02:46:18.184  
  
2025-02-27 02:46:18.184  [VAL_FINETUNE_DTVU_STEPS_3] epoch_49  
2025-02-27 02:46:18.185  =============================================  
2025-02-27 02:46:18.185  val_finetune_dtvu_steps_3/loss = 2.9920  
2025-02-27 02:46:18.185  val_finetune_dtvu_steps_3/acc@01 = 0.3667  
2025-02-27 02:46:18.185  val_finetune_dtvu_steps_3/acc@05 = 0.7500  
2025-02-27 02:46:18.185  val_finetune_dtvu_steps_3/acc@10 = 0.8000  
2025-02-27 02:46:18.185  val_finetune_dtvu_steps_3/acc@20 = 0.8500  
2025-02-27 02:46:18.185  
  
2025-02-27 02:46:18.550  
  
2025-02-27 02:46:18.550  [TRN] epoch_50  
2025-02-27 02:46:18.550  =============================================  
2025-02-27 02:46:18.551  trn/loss = 2.6953  
2025-02-27 02:46:18.551  trn/acc@01 = 0.3111  
2025-02-27 02:46:18.551  trn/acc@05 = 0.6244  
2025-02-27 02:46:18.551  trn/acc@10 = 0.7578  
2025-02-27 02:46:18.551  trn/acc@20 = 0.8644  
2025-02-27 02:46:18.551  
  
2025-02-27 02:46:18.598  
  
2025-02-27 02:46:18.598  [VAL_FINETUNE_DTVU_STEPS_1] epoch_50  
2025-02-27 02:46:18.598  =============================================  
2025-02-27 02:46:18.598  val_finetune_dtvu_steps_1/loss = 2.6664  
2025-02-27 02:46:18.600  val_finetune_dtvu_steps_1/acc@01 = 0.3000  
2025-02-27 02:46:18.600  val_finetune_dtvu_steps_1/acc@05 = 0.8500  
2025-02-27 02:46:18.600  val_finetune_dtvu_steps_1/acc@10 = 0.9000  
2025-02-27 02:46:18.600  val_finetune_dtvu_steps_1/acc@20 = 0.9000  
2025-02-27 02:46:18.600  
  
2025-02-27 02:46:18.644  
  
2025-02-27 02:46:18.644  [VAL_FINETUNE_DTVU_STEPS_3] epoch_50  
2025-02-27 02:46:18.644  =============================================  
2025-02-27 02:46:18.644  val_finetune_dtvu_steps_3/loss = 2.9143  
2025-02-27 02:46:18.644  val_finetune_dtvu_steps_3/acc@01 = 0.3500  
2025-02-27 02:46:18.644  val_finetune_dtvu_steps_3/acc@05 = 0.7500  
2025-02-27 02:46:18.644  val_finetune_dtvu_steps_3/acc@10 = 0.8333  
2025-02-27 02:46:18.644  val_finetune_dtvu_steps_3/acc@20 = 0.8667  
2025-02-27 02:46:18.644  
  
2025-02-27 02:46:18.965  
  
2025-02-27 02:46:18.965  [TRN] epoch_51  
2025-02-27 02:46:18.965  =============================================  
2025-02-27 02:46:18.965  trn/loss = 2.6113  
2025-02-27 02:46:18.965  trn/acc@01 = 0.3676  
2025-02-27 02:46:18.965  trn/acc@05 = 0.6362  
2025-02-27 02:46:18.965  trn/acc@10 = 0.7543  
2025-02-27 02:46:18.965  trn/acc@20 = 0.8819  
2025-02-27 02:46:18.965  
  
2025-02-27 02:46:19.008  
  
2025-02-27 02:46:19.008  [VAL_FINETUNE_DTVU_STEPS_1] epoch_51  
2025-02-27 02:46:19.008  =============================================  
2025-02-27 02:46:19.008  val_finetune_dtvu_steps_1/loss = 2.6740  
2025-02-27 02:46:19.008  val_finetune_dtvu_steps_1/acc@01 = 0.3500  
2025-02-27 02:46:19.008  val_finetune_dtvu_steps_1/acc@05 = 0.8500  
2025-02-27 02:46:19.008  val_finetune_dtvu_steps_1/acc@10 = 0.9000  
2025-02-27 02:46:19.008  val_finetune_dtvu_steps_1/acc@20 = 0.9000  
2025-02-27 02:46:19.008  
  
2025-02-27 02:46:19.043  
  
2025-02-27 02:46:19.043  [VAL_FINETUNE_DTVU_STEPS_3] epoch_51  
2025-02-27 02:46:19.043  =============================================  
2025-02-27 02:46:19.043  val_finetune_dtvu_steps_3/loss = 2.9484  
2025-02-27 02:46:19.043  val_finetune_dtvu_steps_3/acc@01 = 0.3500  
2025-02-27 02:46:19.043  val_finetune_dtvu_steps_3/acc@05 = 0.7667  
2025-02-27 02:46:19.043  val_finetune_dtvu_steps_3/acc@10 = 0.8167  
2025-02-27 02:46:19.043  val_finetune_dtvu_steps_3/acc@20 = 0.8667  
2025-02-27 02:46:19.043  
  
2025-02-27 02:46:19.371  
  
2025-02-27 02:46:19.371  [TRN] epoch_52  
2025-02-27 02:46:19.371  =============================================  
2025-02-27 02:46:19.371  trn/loss = 2.5979  
2025-02-27 02:46:19.371  trn/acc@01 = 0.3364  
2025-02-27 02:46:19.371  trn/acc@05 = 0.6598  
2025-02-27 02:46:19.371  trn/acc@10 = 0.7701  
2025-02-27 02:46:19.371  trn/acc@20 = 0.8841  
2025-02-27 02:46:19.371  
  
2025-02-27 02:46:19.406  
  
2025-02-27 02:46:19.406  [VAL_FINETUNE_DTVU_STEPS_1] epoch_52  
2025-02-27 02:46:19.406  =============================================  
2025-02-27 02:46:19.406  val_finetune_dtvu_steps_1/loss = 2.5505  
2025-02-27 02:46:19.406  val_finetune_dtvu_steps_1/acc@01 = 0.4500  
2025-02-27 02:46:19.406  val_finetune_dtvu_steps_1/acc@05 = 0.8500  
2025-02-27 02:46:19.406  val_finetune_dtvu_steps_1/acc@10 = 0.9000  
2025-02-27 02:46:19.406  val_finetune_dtvu_steps_1/acc@20 = 0.9000  
2025-02-27 02:46:19.406  
  
2025-02-27 02:46:19.453  
  
2025-02-27 02:46:19.453  [VAL_FINETUNE_DTVU_STEPS_3] epoch_52  
2025-02-27 02:46:19.453  =============================================  
2025-02-27 02:46:19.453  val_finetune_dtvu_steps_3/loss = 2.9230  
2025-02-27 02:46:19.453  val_finetune_dtvu_steps_3/acc@01 = 0.3333  
2025-02-27 02:46:19.453  val_finetune_dtvu_steps_3/acc@05 = 0.7500  
2025-02-27 02:46:19.453  val_finetune_dtvu_steps_3/acc@10 = 0.8167  
2025-02-27 02:46:19.453  val_finetune_dtvu_steps_3/acc@20 = 0.8333  
2025-02-27 02:46:19.453  
  
2025-02-27 02:46:19.778  
  
2025-02-27 02:46:19.778  [TRN] epoch_53  
2025-02-27 02:46:19.778  =============================================  
2025-02-27 02:46:19.778  trn/loss = 2.6150  
2025-02-27 02:46:19.778  trn/acc@01 = 0.3264  
2025-02-27 02:46:19.778  trn/acc@05 = 0.6415  
2025-02-27 02:46:19.778  trn/acc@10 = 0.7868  
2025-02-27 02:46:19.778  trn/acc@20 = 0.9000  
2025-02-27 02:46:19.778  
  
2025-02-27 02:46:19.825  
  
2025-02-27 02:46:19.825  [VAL_FINETUNE_DTVU_STEPS_1] epoch_53  
2025-02-27 02:46:19.825  =============================================  
2025-02-27 02:46:19.825  val_finetune_dtvu_steps_1/loss = 2.5795  
2025-02-27 02:46:19.825  val_finetune_dtvu_steps_1/acc@01 = 0.4000  
2025-02-27 02:46:19.825  val_finetune_dtvu_steps_1/acc@05 = 0.8500  
2025-02-27 02:46:19.825  val_finetune_dtvu_steps_1/acc@10 = 0.8500  
2025-02-27 02:46:19.825  val_finetune_dtvu_steps_1/acc@20 = 0.9000  
2025-02-27 02:46:19.825  
  
2025-02-27 02:46:19.867  
  
2025-02-27 02:46:19.867  [VAL_FINETUNE_DTVU_STEPS_3] epoch_53  
2025-02-27 02:46:19.867  =============================================  
2025-02-27 02:46:19.867  val_finetune_dtvu_steps_3/loss = 2.9053  
2025-02-27 02:46:19.867  val_finetune_dtvu_steps_3/acc@01 = 0.3333  
2025-02-27 02:46:19.867  val_finetune_dtvu_steps_3/acc@05 = 0.7667  
2025-02-27 02:46:19.867  val_finetune_dtvu_steps_3/acc@10 = 0.8000  
2025-02-27 02:46:19.867  val_finetune_dtvu_steps_3/acc@20 = 0.8333  
2025-02-27 02:46:19.867  
  
2025-02-27 02:46:20.198  
  
2025-02-27 02:46:20.198  [TRN] epoch_54  
2025-02-27 02:46:20.198  =============================================  
2025-02-27 02:46:20.198  trn/loss = 2.5660  
2025-02-27 02:46:20.198  trn/acc@01 = 0.3618  
2025-02-27 02:46:20.198  trn/acc@05 = 0.6691  
2025-02-27 02:46:20.198  trn/acc@10 = 0.7945  
2025-02-27 02:46:20.198  trn/acc@20 = 0.8818  
2025-02-27 02:46:20.198  
  
2025-02-27 02:46:20.234  
  
2025-02-27 02:46:20.234  [VAL_FINETUNE_DTVU_STEPS_1] epoch_54  
2025-02-27 02:46:20.234  =============================================  
2025-02-27 02:46:20.234  val_finetune_dtvu_steps_1/loss = 2.6825  
2025-02-27 02:46:20.234  val_finetune_dtvu_steps_1/acc@01 = 0.4000  
2025-02-27 02:46:20.234  val_finetune_dtvu_steps_1/acc@05 = 0.8000  
2025-02-27 02:46:20.234  val_finetune_dtvu_steps_1/acc@10 = 0.8500  
2025-02-27 02:46:20.234  val_finetune_dtvu_steps_1/acc@20 = 0.9000  
2025-02-27 02:46:20.234  
  
2025-02-27 02:46:20.281  
  
2025-02-27 02:46:20.281  [VAL_FINETUNE_DTVU_STEPS_3] epoch_54  
2025-02-27 02:46:20.281  =============================================  
2025-02-27 02:46:20.281  val_finetune_dtvu_steps_3/loss = 2.9490  
2025-02-27 02:46:20.281  val_finetune_dtvu_steps_3/acc@01 = 0.3500  
2025-02-27 02:46:20.281  val_finetune_dtvu_steps_3/acc@05 = 0.7333  
2025-02-27 02:46:20.281  val_finetune_dtvu_steps_3/acc@10 = 0.8000  
2025-02-27 02:46:20.282  val_finetune_dtvu_steps_3/acc@20 = 0.8167  
2025-02-27 02:46:20.282  
  
2025-02-27 02:46:20.591  
  
2025-02-27 02:46:20.591  [TRN] epoch_55  
2025-02-27 02:46:20.591  =============================================  
2025-02-27 02:46:20.591  trn/loss = 2.4708  
2025-02-27 02:46:20.591  trn/acc@01 = 0.3810  
2025-02-27 02:46:20.591  trn/acc@05 = 0.6971  
2025-02-27 02:46:20.591  trn/acc@10 = 0.7924  
2025-02-27 02:46:20.591  trn/acc@20 = 0.9048  
2025-02-27 02:46:20.591  
  
2025-02-27 02:46:20.638  
  
2025-02-27 02:46:20.638  [VAL_FINETUNE_DTVU_STEPS_1] epoch_55  
2025-02-27 02:46:20.638  =============================================  
2025-02-27 02:46:20.638  val_finetune_dtvu_steps_1/loss = 2.6834  
2025-02-27 02:46:20.638  val_finetune_dtvu_steps_1/acc@01 = 0.4000  
2025-02-27 02:46:20.638  val_finetune_dtvu_steps_1/acc@05 = 0.8000  
2025-02-27 02:46:20.638  val_finetune_dtvu_steps_1/acc@10 = 0.8500  
2025-02-27 02:46:20.638  val_finetune_dtvu_steps_1/acc@20 = 0.9000  
2025-02-27 02:46:20.638  
  
2025-02-27 02:46:20.682  
  
2025-02-27 02:46:20.682  [VAL_FINETUNE_DTVU_STEPS_3] epoch_55  
2025-02-27 02:46:20.682  =============================================  
2025-02-27 02:46:20.682  val_finetune_dtvu_steps_3/loss = 2.9484  
2025-02-27 02:46:20.682  val_finetune_dtvu_steps_3/acc@01 = 0.3500  
2025-02-27 02:46:20.682  val_finetune_dtvu_steps_3/acc@05 = 0.7333  
2025-02-27 02:46:20.682  val_finetune_dtvu_steps_3/acc@10 = 0.8000  
2025-02-27 02:46:20.682  val_finetune_dtvu_steps_3/acc@20 = 0.8167  
2025-02-27 02:46:20.682  
  
2025-02-27 02:46:21.033  
  
2025-02-27 02:46:21.033  [TRN] epoch_56  
2025-02-27 02:46:21.033  =============================================  
2025-02-27 02:46:21.033  trn/loss = 2.5685  
2025-02-27 02:46:21.033  trn/acc@01 = 0.3339  
2025-02-27 02:46:21.033  trn/acc@05 = 0.6446  
2025-02-27 02:46:21.033  trn/acc@10 = 0.7750  
2025-02-27 02:46:21.033  trn/acc@20 = 0.8804  
2025-02-27 02:46:21.033  
  
2025-02-27 02:46:21.087  
  
2025-02-27 02:46:21.087  [VAL_FINETUNE_DTVU_STEPS_1] epoch_56  
2025-02-27 02:46:21.087  =============================================  
2025-02-27 02:46:21.087  val_finetune_dtvu_steps_1/loss = 2.7668  
2025-02-27 02:46:21.087  val_finetune_dtvu_steps_1/acc@01 = 0.4500  
2025-02-27 02:46:21.087  val_finetune_dtvu_steps_1/acc@05 = 0.8500  
2025-02-27 02:46:21.087  val_finetune_dtvu_steps_1/acc@10 = 0.8500  
2025-02-27 02:46:21.087  val_finetune_dtvu_steps_1/acc@20 = 0.9000  
2025-02-27 02:46:21.087  
  
2025-02-27 02:46:21.138  
  
2025-02-27 02:46:21.138  [VAL_FINETUNE_DTVU_STEPS_3] epoch_56  
2025-02-27 02:46:21.138  =============================================  
2025-02-27 02:46:21.138  val_finetune_dtvu_steps_3/loss = 3.0479  
2025-02-27 02:46:21.138  val_finetune_dtvu_steps_3/acc@01 = 0.4000  
2025-02-27 02:46:21.138  val_finetune_dtvu_steps_3/acc@05 = 0.7333  
2025-02-27 02:46:21.138  val_finetune_dtvu_steps_3/acc@10 = 0.8000  
2025-02-27 02:46:21.138  val_finetune_dtvu_steps_3/acc@20 = 0.8500  
2025-02-27 02:46:21.138  
  
2025-02-27 02:46:21.518  
  
2025-02-27 02:46:21.518  [TRN] epoch_57  
2025-02-27 02:46:21.518  =============================================  
2025-02-27 02:46:21.518  trn/loss = 2.4357  
2025-02-27 02:46:21.518  trn/acc@01 = 0.4000  
2025-02-27 02:46:21.518  trn/acc@05 = 0.6809  
2025-02-27 02:46:21.518  trn/acc@10 = 0.7936  
2025-02-27 02:46:21.518  trn/acc@20 = 0.8894  
2025-02-27 02:46:21.518  
  
2025-02-27 02:46:21.570  
  
2025-02-27 02:46:21.570  [VAL_FINETUNE_DTVU_STEPS_1] epoch_57  
2025-02-27 02:46:21.571  =============================================  
2025-02-27 02:46:21.571  val_finetune_dtvu_steps_1/loss = 2.8821  
2025-02-27 02:46:21.571  val_finetune_dtvu_steps_1/acc@01 = 0.3500  
2025-02-27 02:46:21.571  val_finetune_dtvu_steps_1/acc@05 = 0.7500  
2025-02-27 02:46:21.571  val_finetune_dtvu_steps_1/acc@10 = 0.8000  
2025-02-27 02:46:21.572  val_finetune_dtvu_steps_1/acc@20 = 0.9000  
2025-02-27 02:46:21.572  
  
2025-02-27 02:46:21.632  
  
2025-02-27 02:46:21.632  [VAL_FINETUNE_DTVU_STEPS_3] epoch_57  
2025-02-27 02:46:21.632  =============================================  
2025-02-27 02:46:21.633  val_finetune_dtvu_steps_3/loss = 2.9967  
2025-02-27 02:46:21.633  val_finetune_dtvu_steps_3/acc@01 = 0.4333  
2025-02-27 02:46:21.633  val_finetune_dtvu_steps_3/acc@05 = 0.7000  
2025-02-27 02:46:21.633  val_finetune_dtvu_steps_3/acc@10 = 0.7667  
2025-02-27 02:46:21.633  val_finetune_dtvu_steps_3/acc@20 = 0.8500  
2025-02-27 02:46:21.633  
  
2025-02-27 02:46:22.010  
  
2025-02-27 02:46:22.010  [TRN] epoch_58  
2025-02-27 02:46:22.010  =============================================  
2025-02-27 02:46:22.010  trn/loss = 2.5916  
2025-02-27 02:46:22.011  trn/acc@01 = 0.3282  
2025-02-27 02:46:22.011  trn/acc@05 = 0.6427  
2025-02-27 02:46:22.011  trn/acc@10 = 0.7709  
2025-02-27 02:46:22.011  trn/acc@20 = 0.8913  
2025-02-27 02:46:22.011  
  
2025-02-27 02:46:22.047  
  
2025-02-27 02:46:22.047  [VAL_FINETUNE_DTVU_STEPS_1] epoch_58  
2025-02-27 02:46:22.047  =============================================  
2025-02-27 02:46:22.047  val_finetune_dtvu_steps_1/loss = 2.5903  
2025-02-27 02:46:22.047  val_finetune_dtvu_steps_1/acc@01 = 0.4500  
2025-02-27 02:46:22.047  val_finetune_dtvu_steps_1/acc@05 = 0.8500  
2025-02-27 02:46:22.047  val_finetune_dtvu_steps_1/acc@10 = 0.8500  
2025-02-27 02:46:22.047  val_finetune_dtvu_steps_1/acc@20 = 0.9000  
2025-02-27 02:46:22.047  
  
2025-02-27 02:46:22.091  
  
2025-02-27 02:46:22.091  [VAL_FINETUNE_DTVU_STEPS_3] epoch_58  
2025-02-27 02:46:22.091  =============================================  
2025-02-27 02:46:22.091  val_finetune_dtvu_steps_3/loss = 2.9241  
2025-02-27 02:46:22.091  val_finetune_dtvu_steps_3/acc@01 = 0.3500  
2025-02-27 02:46:22.091  val_finetune_dtvu_steps_3/acc@05 = 0.7667  
2025-02-27 02:46:22.091  val_finetune_dtvu_steps_3/acc@10 = 0.8000  
2025-02-27 02:46:22.091  val_finetune_dtvu_steps_3/acc@20 = 0.8500  
2025-02-27 02:46:22.091  
  
2025-02-27 02:46:22.420  
  
2025-02-27 02:46:22.420  [TRN] epoch_59  
2025-02-27 02:46:22.420  =============================================  
2025-02-27 02:46:22.420  trn/loss = 2.5861  
2025-02-27 02:46:22.420  trn/acc@01 = 0.3757  
2025-02-27 02:46:22.420  trn/acc@05 = 0.6729  
2025-02-27 02:46:22.420  trn/acc@10 = 0.7682  
2025-02-27 02:46:22.420  trn/acc@20 = 0.8710  
2025-02-27 02:46:22.420  
  
2025-02-27 02:46:22.462  
  
2025-02-27 02:46:22.462  [VAL_FINETUNE_DTVU_STEPS_1] epoch_59  
2025-02-27 02:46:22.462  =============================================  
2025-02-27 02:46:22.462  val_finetune_dtvu_steps_1/loss = 2.5001  
2025-02-27 02:46:22.462  val_finetune_dtvu_steps_1/acc@01 = 0.3500  
2025-02-27 02:46:22.462  val_finetune_dtvu_steps_1/acc@05 = 0.9000  
2025-02-27 02:46:22.468  val_finetune_dtvu_steps_1/acc@10 = 0.9000  
2025-02-27 02:46:22.468  val_finetune_dtvu_steps_1/acc@20 = 0.9000  
2025-02-27 02:46:22.468  
  
2025-02-27 02:46:22.499  
  
2025-02-27 02:46:22.499  [VAL_FINETUNE_DTVU_STEPS_3] epoch_59  
2025-02-27 02:46:22.499  =============================================  
2025-02-27 02:46:22.499  val_finetune_dtvu_steps_3/loss = 2.9046  
2025-02-27 02:46:22.499  val_finetune_dtvu_steps_3/acc@01 = 0.3833  
2025-02-27 02:46:22.499  val_finetune_dtvu_steps_3/acc@05 = 0.7833  
2025-02-27 02:46:22.499  val_finetune_dtvu_steps_3/acc@10 = 0.8500  
2025-02-27 02:46:22.499  val_finetune_dtvu_steps_3/acc@20 = 0.8500  
2025-02-27 02:46:22.499  
  
2025-02-27 02:46:22.856  
  
2025-02-27 02:46:22.856  [TRN] epoch_60  
2025-02-27 02:46:22.856  =============================================  
2025-02-27 02:46:22.856  trn/loss = 2.3534  
2025-02-27 02:46:22.856  trn/acc@01 = 0.3806  
2025-02-27 02:46:22.856  trn/acc@05 = 0.6753  
2025-02-27 02:46:22.856  trn/acc@10 = 0.7892  
2025-02-27 02:46:22.856  trn/acc@20 = 0.8989  
2025-02-27 02:46:22.856  
  
2025-02-27 02:46:22.902  
  
2025-02-27 02:46:22.902  [VAL_FINETUNE_DTVU_STEPS_1] epoch_60  
2025-02-27 02:46:22.903  =============================================  
2025-02-27 02:46:22.903  val_finetune_dtvu_steps_1/loss = 2.4075  
2025-02-27 02:46:22.903  val_finetune_dtvu_steps_1/acc@01 = 0.3500  
2025-02-27 02:46:22.903  val_finetune_dtvu_steps_1/acc@05 = 0.9000  
2025-02-27 02:46:22.903  val_finetune_dtvu_steps_1/acc@10 = 0.9000  
2025-02-27 02:46:22.903  val_finetune_dtvu_steps_1/acc@20 = 0.9000  
2025-02-27 02:46:22.903  
  
2025-02-27 02:46:22.991  
  
2025-02-27 02:46:22.991  [VAL_FINETUNE_DTVU_STEPS_3] epoch_60  
2025-02-27 02:46:22.991  =============================================  
2025-02-27 02:46:22.991  val_finetune_dtvu_steps_3/loss = 2.8230  
2025-02-27 02:46:22.991  val_finetune_dtvu_steps_3/acc@01 = 0.3833  
2025-02-27 02:46:22.991  val_finetune_dtvu_steps_3/acc@05 = 0.8167  
2025-02-27 02:46:22.991  val_finetune_dtvu_steps_3/acc@10 = 0.8167  
2025-02-27 02:46:22.991  val_finetune_dtvu_steps_3/acc@20 = 0.8667  
2025-02-27 02:46:22.991  
  
2025-02-27 02:46:23.531  
  
2025-02-27 02:46:23.547  [TRN] epoch_61  
2025-02-27 02:46:23.547  =============================================  
2025-02-27 02:46:23.547  trn/loss = 2.4027  
2025-02-27 02:46:23.547  trn/acc@01 = 0.3569  
2025-02-27 02:46:23.547  trn/acc@05 = 0.6922  
2025-02-27 02:46:23.547  trn/acc@10 = 0.7941  
2025-02-27 02:46:23.547  trn/acc@20 = 0.9039  
2025-02-27 02:46:23.547  
  
2025-02-27 02:46:23.609  
  
2025-02-27 02:46:23.609  [VAL_FINETUNE_DTVU_STEPS_1] epoch_61  
2025-02-27 02:46:23.609  =============================================  
2025-02-27 02:46:23.610  val_finetune_dtvu_steps_1/loss = 2.3830  
2025-02-27 02:46:23.610  val_finetune_dtvu_steps_1/acc@01 = 0.3500  
2025-02-27 02:46:23.610  val_finetune_dtvu_steps_1/acc@05 = 0.9000  
2025-02-27 02:46:23.610  val_finetune_dtvu_steps_1/acc@10 = 0.9000  
2025-02-27 02:46:23.610  val_finetune_dtvu_steps_1/acc@20 = 0.9000  
2025-02-27 02:46:23.611  
  
2025-02-27 02:46:23.675  
  
2025-02-27 02:46:23.675  [VAL_FINETUNE_DTVU_STEPS_3] epoch_61  
2025-02-27 02:46:23.676  =============================================  
2025-02-27 02:46:23.676  val_finetune_dtvu_steps_3/loss = 2.7925  
2025-02-27 02:46:23.676  val_finetune_dtvu_steps_3/acc@01 = 0.3500  
2025-02-27 02:46:23.676  val_finetune_dtvu_steps_3/acc@05 = 0.8167  
2025-02-27 02:46:23.676  val_finetune_dtvu_steps_3/acc@10 = 0.8167  
2025-02-27 02:46:23.676  val_finetune_dtvu_steps_3/acc@20 = 0.8667  
2025-02-27 02:46:23.676  
  
2025-02-27 02:46:24.101  
  
2025-02-27 02:46:24.101  [TRN] epoch_62  
2025-02-27 02:46:24.101  =============================================  
2025-02-27 02:46:24.101  trn/loss = 2.3755  
2025-02-27 02:46:24.102  trn/acc@01 = 0.3761  
2025-02-27 02:46:24.102  trn/acc@05 = 0.7109  
2025-02-27 02:46:24.102  trn/acc@10 = 0.8152  
2025-02-27 02:46:24.102  trn/acc@20 = 0.9065  
2025-02-27 02:46:24.102  
  
2025-02-27 02:46:24.145  
  
2025-02-27 02:46:24.145  [VAL_FINETUNE_DTVU_STEPS_1] epoch_62  
2025-02-27 02:46:24.145  =============================================  
2025-02-27 02:46:24.145  val_finetune_dtvu_steps_1/loss = 2.3896  
2025-02-27 02:46:24.145  val_finetune_dtvu_steps_1/acc@01 = 0.4500  
2025-02-27 02:46:24.145  val_finetune_dtvu_steps_1/acc@05 = 0.9000  
2025-02-27 02:46:24.145  val_finetune_dtvu_steps_1/acc@10 = 0.9000  
2025-02-27 02:46:24.146  val_finetune_dtvu_steps_1/acc@20 = 0.9000  
2025-02-27 02:46:24.146  
  
2025-02-27 02:46:24.187  
  
2025-02-27 02:46:24.188  [VAL_FINETUNE_DTVU_STEPS_3] epoch_62  
2025-02-27 02:46:24.188  =============================================  
2025-02-27 02:46:24.189  val_finetune_dtvu_steps_3/loss = 2.7670  
2025-02-27 02:46:24.189  val_finetune_dtvu_steps_3/acc@01 = 0.3667  
2025-02-27 02:46:24.189  val_finetune_dtvu_steps_3/acc@05 = 0.8167  
2025-02-27 02:46:24.189  val_finetune_dtvu_steps_3/acc@10 = 0.8167  
2025-02-27 02:46:24.189  val_finetune_dtvu_steps_3/acc@20 = 0.8667  
2025-02-27 02:46:24.189  
  
2025-02-27 02:46:24.525  
  
2025-02-27 02:46:24.525  [TRN] epoch_63  
2025-02-27 02:46:24.525  =============================================  
2025-02-27 02:46:24.525  trn/loss = 2.4706  
2025-02-27 02:46:24.525  trn/acc@01 = 0.3794  
2025-02-27 02:46:24.525  trn/acc@05 = 0.6916  
2025-02-27 02:46:24.525  trn/acc@10 = 0.7888  
2025-02-27 02:46:24.525  trn/acc@20 = 0.8953  
2025-02-27 02:46:24.525  
  
2025-02-27 02:46:24.562  
  
2025-02-27 02:46:24.563  [VAL_FINETUNE_DTVU_STEPS_1] epoch_63  
2025-02-27 02:46:24.563  =============================================  
2025-02-27 02:46:24.563  val_finetune_dtvu_steps_1/loss = 2.3956  
2025-02-27 02:46:24.563  val_finetune_dtvu_steps_1/acc@01 = 0.3500  
2025-02-27 02:46:24.563  val_finetune_dtvu_steps_1/acc@05 = 0.9000  
2025-02-27 02:46:24.563  val_finetune_dtvu_steps_1/acc@10 = 0.9000  
2025-02-27 02:46:24.563  val_finetune_dtvu_steps_1/acc@20 = 0.9000  
2025-02-27 02:46:24.563  
  
2025-02-27 02:46:24.617  
  
2025-02-27 02:46:24.617  [VAL_FINETUNE_DTVU_STEPS_3] epoch_63  
2025-02-27 02:46:24.617  =============================================  
2025-02-27 02:46:24.617  val_finetune_dtvu_steps_3/loss = 2.7672  
2025-02-27 02:46:24.617  val_finetune_dtvu_steps_3/acc@01 = 0.3500  
2025-02-27 02:46:24.617  val_finetune_dtvu_steps_3/acc@05 = 0.8000  
2025-02-27 02:46:24.617  val_finetune_dtvu_steps_3/acc@10 = 0.8167  
2025-02-27 02:46:24.617  val_finetune_dtvu_steps_3/acc@20 = 0.8667  
2025-02-27 02:46:24.617  
  
