2025-02-27 03:11:58.808  
  
2025-02-27 03:11:58.808  [TRN] epoch_00  
2025-02-27 03:11:58.808  =============================================  
2025-02-27 03:11:58.808  trn/loss = 5.7279  
2025-02-27 03:11:58.808  trn/acc@01 = 0.0579  
2025-02-27 03:11:58.808  trn/acc@05 = 0.1860  
2025-02-27 03:11:58.808  trn/acc@10 = 0.2509  
2025-02-27 03:11:58.808  trn/acc@20 = 0.2982  
2025-02-27 03:11:58.808  
  
2025-02-27 03:11:59.127  
  
2025-02-27 03:11:59.127  [VAL_FINETUNE_DTVU_STEPS_1] epoch_00  
2025-02-27 03:11:59.127  =============================================  
2025-02-27 03:11:59.127  val_finetune_dtvu_steps_1/loss = 5.2900  
2025-02-27 03:11:59.127  val_finetune_dtvu_steps_1/acc@01 = 0.1500  
2025-02-27 03:11:59.127  val_finetune_dtvu_steps_1/acc@05 = 0.2000  
2025-02-27 03:11:59.127  val_finetune_dtvu_steps_1/acc@10 = 0.3000  
2025-02-27 03:11:59.127  val_finetune_dtvu_steps_1/acc@20 = 0.4500  
2025-02-27 03:11:59.127  
  
2025-02-27 03:11:59.439  
  
2025-02-27 03:11:59.439  [VAL_FINETUNE_DTVU_STEPS_3] epoch_00  
2025-02-27 03:11:59.439  =============================================  
2025-02-27 03:11:59.439  val_finetune_dtvu_steps_3/loss = 5.0960  
2025-02-27 03:11:59.439  val_finetune_dtvu_steps_3/acc@01 = 0.1500  
2025-02-27 03:11:59.439  val_finetune_dtvu_steps_3/acc@05 = 0.2833  
2025-02-27 03:11:59.439  val_finetune_dtvu_steps_3/acc@10 = 0.3667  
2025-02-27 03:11:59.439  val_finetune_dtvu_steps_3/acc@20 = 0.5000  
2025-02-27 03:11:59.439  
  
2025-02-27 03:12:02.552  
  
2025-02-27 03:12:02.552  [TRN] epoch_01  
2025-02-27 03:12:02.552  =============================================  
2025-02-27 03:12:02.552  trn/loss = 4.5147  
2025-02-27 03:12:02.552  trn/acc@01 = 0.1528  
2025-02-27 03:12:02.552  trn/acc@05 = 0.4057  
2025-02-27 03:12:02.552  trn/acc@10 = 0.5000  
2025-02-27 03:12:02.552  trn/acc@20 = 0.6057  
2025-02-27 03:12:02.552  
  
2025-02-27 03:12:02.861  
  
2025-02-27 03:12:02.861  [VAL_FINETUNE_DTVU_STEPS_1] epoch_01  
2025-02-27 03:12:02.861  =============================================  
2025-02-27 03:12:02.861  val_finetune_dtvu_steps_1/loss = 4.5906  
2025-02-27 03:12:02.861  val_finetune_dtvu_steps_1/acc@01 = 0.1500  
2025-02-27 03:12:02.861  val_finetune_dtvu_steps_1/acc@05 = 0.3500  
2025-02-27 03:12:02.861  val_finetune_dtvu_steps_1/acc@10 = 0.4000  
2025-02-27 03:12:02.861  val_finetune_dtvu_steps_1/acc@20 = 0.5500  
2025-02-27 03:12:02.861  
  
2025-02-27 03:12:03.162  
  
2025-02-27 03:12:03.162  [VAL_FINETUNE_DTVU_STEPS_3] epoch_01  
2025-02-27 03:12:03.162  =============================================  
2025-02-27 03:12:03.162  val_finetune_dtvu_steps_3/loss = 4.4142  
2025-02-27 03:12:03.162  val_finetune_dtvu_steps_3/acc@01 = 0.1667  
2025-02-27 03:12:03.162  val_finetune_dtvu_steps_3/acc@05 = 0.3500  
2025-02-27 03:12:03.162  val_finetune_dtvu_steps_3/acc@10 = 0.4833  
2025-02-27 03:12:03.162  val_finetune_dtvu_steps_3/acc@20 = 0.6167  
2025-02-27 03:12:03.162  
  
2025-02-27 03:12:06.327  
  
2025-02-27 03:12:06.327  [TRN] epoch_02  
2025-02-27 03:12:06.330  =============================================  
2025-02-27 03:12:06.330  trn/loss = 4.1588  
2025-02-27 03:12:06.330  trn/acc@01 = 0.1838  
2025-02-27 03:12:06.330  trn/acc@05 = 0.4727  
2025-02-27 03:12:06.330  trn/acc@10 = 0.5818  
2025-02-27 03:12:06.330  trn/acc@20 = 0.6566  
2025-02-27 03:12:06.330  
  
2025-02-27 03:12:06.632  
  
2025-02-27 03:12:06.632  [VAL_FINETUNE_DTVU_STEPS_1] epoch_02  
2025-02-27 03:12:06.632  =============================================  
2025-02-27 03:12:06.632  val_finetune_dtvu_steps_1/loss = 4.5370  
2025-02-27 03:12:06.632  val_finetune_dtvu_steps_1/acc@01 = 0.1500  
2025-02-27 03:12:06.632  val_finetune_dtvu_steps_1/acc@05 = 0.4500  
2025-02-27 03:12:06.632  val_finetune_dtvu_steps_1/acc@10 = 0.5000  
2025-02-27 03:12:06.632  val_finetune_dtvu_steps_1/acc@20 = 0.6000  
2025-02-27 03:12:06.632  
  
2025-02-27 03:12:06.948  
  
2025-02-27 03:12:06.948  [VAL_FINETUNE_DTVU_STEPS_3] epoch_02  
2025-02-27 03:12:06.948  =============================================  
2025-02-27 03:12:06.948  val_finetune_dtvu_steps_3/loss = 4.4195  
2025-02-27 03:12:06.948  val_finetune_dtvu_steps_3/acc@01 = 0.2000  
2025-02-27 03:12:06.948  val_finetune_dtvu_steps_3/acc@05 = 0.5167  
2025-02-27 03:12:06.948  val_finetune_dtvu_steps_3/acc@10 = 0.5500  
2025-02-27 03:12:06.948  val_finetune_dtvu_steps_3/acc@20 = 0.6167  
2025-02-27 03:12:06.948  
  
2025-02-27 03:12:10.110  
  
2025-02-27 03:12:10.112  [TRN] epoch_03  
2025-02-27 03:12:10.112  =============================================  
2025-02-27 03:12:10.112  trn/loss = 3.9388  
2025-02-27 03:12:10.112  trn/acc@01 = 0.2000  
2025-02-27 03:12:10.112  trn/acc@05 = 0.5010  
2025-02-27 03:12:10.112  trn/acc@10 = 0.6000  
2025-02-27 03:12:10.112  trn/acc@20 = 0.6911  
2025-02-27 03:12:10.112  
  
2025-02-27 03:12:10.426  
  
2025-02-27 03:12:10.426  [VAL_FINETUNE_DTVU_STEPS_1] epoch_03  
2025-02-27 03:12:10.426  =============================================  
2025-02-27 03:12:10.426  val_finetune_dtvu_steps_1/loss = 4.1577  
2025-02-27 03:12:10.426  val_finetune_dtvu_steps_1/acc@01 = 0.2500  
2025-02-27 03:12:10.426  val_finetune_dtvu_steps_1/acc@05 = 0.4500  
2025-02-27 03:12:10.426  val_finetune_dtvu_steps_1/acc@10 = 0.6000  
2025-02-27 03:12:10.426  val_finetune_dtvu_steps_1/acc@20 = 0.6000  
2025-02-27 03:12:10.426  
  
2025-02-27 03:12:10.760  
  
2025-02-27 03:12:10.761  [VAL_FINETUNE_DTVU_STEPS_3] epoch_03  
2025-02-27 03:12:10.761  =============================================  
2025-02-27 03:12:10.761  val_finetune_dtvu_steps_3/loss = 4.0582  
2025-02-27 03:12:10.761  val_finetune_dtvu_steps_3/acc@01 = 0.2833  
2025-02-27 03:12:10.762  val_finetune_dtvu_steps_3/acc@05 = 0.4833  
2025-02-27 03:12:10.762  val_finetune_dtvu_steps_3/acc@10 = 0.6000  
2025-02-27 03:12:10.762  val_finetune_dtvu_steps_3/acc@20 = 0.6667  
2025-02-27 03:12:10.762  
  
2025-02-27 03:12:14.199  
  
2025-02-27 03:12:14.199  [TRN] epoch_04  
2025-02-27 03:12:14.199  =============================================  
2025-02-27 03:12:14.199  trn/loss = 3.7591  
2025-02-27 03:12:14.199  trn/acc@01 = 0.2162  
2025-02-27 03:12:14.199  trn/acc@05 = 0.5273  
2025-02-27 03:12:14.202  trn/acc@10 = 0.6384  
2025-02-27 03:12:14.202  trn/acc@20 = 0.7273  
2025-02-27 03:12:14.202  
  
2025-02-27 03:12:14.505  
  
2025-02-27 03:12:14.505  [VAL_FINETUNE_DTVU_STEPS_1] epoch_04  
2025-02-27 03:12:14.505  =============================================  
2025-02-27 03:12:14.505  val_finetune_dtvu_steps_1/loss = 4.2338  
2025-02-27 03:12:14.505  val_finetune_dtvu_steps_1/acc@01 = 0.2500  
2025-02-27 03:12:14.505  val_finetune_dtvu_steps_1/acc@05 = 0.4500  
2025-02-27 03:12:14.505  val_finetune_dtvu_steps_1/acc@10 = 0.5500  
2025-02-27 03:12:14.505  val_finetune_dtvu_steps_1/acc@20 = 0.6000  
2025-02-27 03:12:14.506  
  
2025-02-27 03:12:14.812  
  
2025-02-27 03:12:14.812  [VAL_FINETUNE_DTVU_STEPS_3] epoch_04  
2025-02-27 03:12:14.812  =============================================  
2025-02-27 03:12:14.812  val_finetune_dtvu_steps_3/loss = 4.0157  
2025-02-27 03:12:14.812  val_finetune_dtvu_steps_3/acc@01 = 0.2833  
2025-02-27 03:12:14.812  val_finetune_dtvu_steps_3/acc@05 = 0.4500  
2025-02-27 03:12:14.812  val_finetune_dtvu_steps_3/acc@10 = 0.5667  
2025-02-27 03:12:14.812  val_finetune_dtvu_steps_3/acc@20 = 0.6667  
2025-02-27 03:12:14.812  
  
2025-02-27 03:12:17.936  
  
2025-02-27 03:12:17.936  [TRN] epoch_05  
2025-02-27 03:12:17.936  =============================================  
2025-02-27 03:12:17.936  trn/loss = 3.7015  
2025-02-27 03:12:17.936  trn/acc@01 = 0.2255  
2025-02-27 03:12:17.936  trn/acc@05 = 0.5509  
2025-02-27 03:12:17.936  trn/acc@10 = 0.6436  
2025-02-27 03:12:17.936  trn/acc@20 = 0.7200  
2025-02-27 03:12:17.936  
  
2025-02-27 03:12:18.247  
  
2025-02-27 03:12:18.247  [VAL_FINETUNE_DTVU_STEPS_1] epoch_05  
2025-02-27 03:12:18.247  =============================================  
2025-02-27 03:12:18.247  val_finetune_dtvu_steps_1/loss = 4.1374  
2025-02-27 03:12:18.247  val_finetune_dtvu_steps_1/acc@01 = 0.2500  
2025-02-27 03:12:18.247  val_finetune_dtvu_steps_1/acc@05 = 0.4500  
2025-02-27 03:12:18.247  val_finetune_dtvu_steps_1/acc@10 = 0.5000  
2025-02-27 03:12:18.247  val_finetune_dtvu_steps_1/acc@20 = 0.6000  
2025-02-27 03:12:18.247  
  
2025-02-27 03:12:18.547  
  
2025-02-27 03:12:18.547  [VAL_FINETUNE_DTVU_STEPS_3] epoch_05  
2025-02-27 03:12:18.547  =============================================  
2025-02-27 03:12:18.547  val_finetune_dtvu_steps_3/loss = 3.9537  
2025-02-27 03:12:18.547  val_finetune_dtvu_steps_3/acc@01 = 0.2833  
2025-02-27 03:12:18.547  val_finetune_dtvu_steps_3/acc@05 = 0.4667  
2025-02-27 03:12:18.547  val_finetune_dtvu_steps_3/acc@10 = 0.5333  
2025-02-27 03:12:18.547  val_finetune_dtvu_steps_3/acc@20 = 0.6833  
2025-02-27 03:12:18.547  
  
2025-02-27 03:12:21.666  
  
2025-02-27 03:12:21.666  [TRN] epoch_06  
2025-02-27 03:12:21.666  =============================================  
2025-02-27 03:12:21.666  trn/loss = 3.6081  
2025-02-27 03:12:21.666  trn/acc@01 = 0.2283  
2025-02-27 03:12:21.666  trn/acc@05 = 0.5535  
2025-02-27 03:12:21.666  trn/acc@10 = 0.6343  
2025-02-27 03:12:21.666  trn/acc@20 = 0.7273  
2025-02-27 03:12:21.666  
  
2025-02-27 03:12:21.987  
  
2025-02-27 03:12:21.987  [VAL_FINETUNE_DTVU_STEPS_1] epoch_06  
2025-02-27 03:12:21.987  =============================================  
2025-02-27 03:12:21.987  val_finetune_dtvu_steps_1/loss = 4.0518  
2025-02-27 03:12:21.987  val_finetune_dtvu_steps_1/acc@01 = 0.2500  
2025-02-27 03:12:21.987  val_finetune_dtvu_steps_1/acc@05 = 0.4500  
2025-02-27 03:12:21.987  val_finetune_dtvu_steps_1/acc@10 = 0.5500  
2025-02-27 03:12:21.987  val_finetune_dtvu_steps_1/acc@20 = 0.6000  
2025-02-27 03:12:21.987  
  
2025-02-27 03:12:22.319  
  
2025-02-27 03:12:22.319  [VAL_FINETUNE_DTVU_STEPS_3] epoch_06  
2025-02-27 03:12:22.319  =============================================  
2025-02-27 03:12:22.319  val_finetune_dtvu_steps_3/loss = 3.8543  
2025-02-27 03:12:22.319  val_finetune_dtvu_steps_3/acc@01 = 0.2833  
2025-02-27 03:12:22.319  val_finetune_dtvu_steps_3/acc@05 = 0.4667  
2025-02-27 03:12:22.319  val_finetune_dtvu_steps_3/acc@10 = 0.6167  
2025-02-27 03:12:22.319  val_finetune_dtvu_steps_3/acc@20 = 0.6833  
2025-02-27 03:12:22.319  
  
2025-02-27 03:12:25.498  
  
2025-02-27 03:12:25.498  [TRN] epoch_07  
2025-02-27 03:12:25.498  =============================================  
2025-02-27 03:12:25.498  trn/loss = 3.5445  
2025-02-27 03:12:25.498  trn/acc@01 = 0.2475  
2025-02-27 03:12:25.498  trn/acc@05 = 0.5327  
2025-02-27 03:12:25.498  trn/acc@10 = 0.6693  
2025-02-27 03:12:25.498  trn/acc@20 = 0.7743  
2025-02-27 03:12:25.498  
  
2025-02-27 03:12:25.907  
  
2025-02-27 03:12:25.907  [VAL_FINETUNE_DTVU_STEPS_1] epoch_07  
2025-02-27 03:12:25.907  =============================================  
2025-02-27 03:12:25.907  val_finetune_dtvu_steps_1/loss = 4.0404  
2025-02-27 03:12:25.907  val_finetune_dtvu_steps_1/acc@01 = 0.2500  
2025-02-27 03:12:25.907  val_finetune_dtvu_steps_1/acc@05 = 0.4500  
2025-02-27 03:12:25.907  val_finetune_dtvu_steps_1/acc@10 = 0.5500  
2025-02-27 03:12:25.907  val_finetune_dtvu_steps_1/acc@20 = 0.6000  
2025-02-27 03:12:25.907  
  
2025-02-27 03:12:26.216  
  
2025-02-27 03:12:26.216  [VAL_FINETUNE_DTVU_STEPS_3] epoch_07  
2025-02-27 03:12:26.216  =============================================  
2025-02-27 03:12:26.216  val_finetune_dtvu_steps_3/loss = 3.8329  
2025-02-27 03:12:26.216  val_finetune_dtvu_steps_3/acc@01 = 0.2833  
2025-02-27 03:12:26.216  val_finetune_dtvu_steps_3/acc@05 = 0.4667  
2025-02-27 03:12:26.216  val_finetune_dtvu_steps_3/acc@10 = 0.5833  
2025-02-27 03:12:26.216  val_finetune_dtvu_steps_3/acc@20 = 0.6833  
2025-02-27 03:12:26.216  
  
2025-02-27 03:12:29.356  
  
2025-02-27 03:12:29.365  [TRN] epoch_08  
2025-02-27 03:12:29.365  =============================================  
2025-02-27 03:12:29.365  trn/loss = 3.5711  
2025-02-27 03:12:29.365  trn/acc@01 = 0.2220  
2025-02-27 03:12:29.365  trn/acc@05 = 0.5580  
2025-02-27 03:12:29.365  trn/acc@10 = 0.6620  
2025-02-27 03:12:29.365  trn/acc@20 = 0.7700  
2025-02-27 03:12:29.365  
  
2025-02-27 03:12:29.668  
  
2025-02-27 03:12:29.668  [VAL_FINETUNE_DTVU_STEPS_1] epoch_08  
2025-02-27 03:12:29.668  =============================================  
2025-02-27 03:12:29.668  val_finetune_dtvu_steps_1/loss = 4.2133  
2025-02-27 03:12:29.668  val_finetune_dtvu_steps_1/acc@01 = 0.1500  
2025-02-27 03:12:29.668  val_finetune_dtvu_steps_1/acc@05 = 0.4000  
2025-02-27 03:12:29.668  val_finetune_dtvu_steps_1/acc@10 = 0.5000  
2025-02-27 03:12:29.668  val_finetune_dtvu_steps_1/acc@20 = 0.5500  
2025-02-27 03:12:29.668  
  
2025-02-27 03:12:29.979  
  
2025-02-27 03:12:29.979  [VAL_FINETUNE_DTVU_STEPS_3] epoch_08  
2025-02-27 03:12:29.979  =============================================  
2025-02-27 03:12:29.979  val_finetune_dtvu_steps_3/loss = 3.8906  
2025-02-27 03:12:29.979  val_finetune_dtvu_steps_3/acc@01 = 0.2000  
2025-02-27 03:12:29.979  val_finetune_dtvu_steps_3/acc@05 = 0.5333  
2025-02-27 03:12:29.979  val_finetune_dtvu_steps_3/acc@10 = 0.5667  
2025-02-27 03:12:29.979  val_finetune_dtvu_steps_3/acc@20 = 0.6500  
2025-02-27 03:12:29.979  
  
2025-02-27 03:12:33.096  
  
2025-02-27 03:12:33.096  [TRN] epoch_09  
2025-02-27 03:12:33.096  =============================================  
2025-02-27 03:12:33.096  trn/loss = 3.6240  
2025-02-27 03:12:33.096  trn/acc@01 = 0.2400  
2025-02-27 03:12:33.096  trn/acc@05 = 0.5432  
2025-02-27 03:12:33.096  trn/acc@10 = 0.6379  
2025-02-27 03:12:33.096  trn/acc@20 = 0.7411  
2025-02-27 03:12:33.096  
  
2025-02-27 03:12:33.399  
  
2025-02-27 03:12:33.399  [VAL_FINETUNE_DTVU_STEPS_1] epoch_09  
2025-02-27 03:12:33.399  =============================================  
2025-02-27 03:12:33.399  val_finetune_dtvu_steps_1/loss = 3.9852  
2025-02-27 03:12:33.399  val_finetune_dtvu_steps_1/acc@01 = 0.2500  
2025-02-27 03:12:33.399  val_finetune_dtvu_steps_1/acc@05 = 0.4500  
2025-02-27 03:12:33.399  val_finetune_dtvu_steps_1/acc@10 = 0.5500  
2025-02-27 03:12:33.399  val_finetune_dtvu_steps_1/acc@20 = 0.6000  
2025-02-27 03:12:33.399  
  
2025-02-27 03:12:33.706  
  
2025-02-27 03:12:33.706  [VAL_FINETUNE_DTVU_STEPS_3] epoch_09  
2025-02-27 03:12:33.706  =============================================  
2025-02-27 03:12:33.706  val_finetune_dtvu_steps_3/loss = 3.8196  
2025-02-27 03:12:33.706  val_finetune_dtvu_steps_3/acc@01 = 0.2833  
2025-02-27 03:12:33.706  val_finetune_dtvu_steps_3/acc@05 = 0.5333  
2025-02-27 03:12:33.706  val_finetune_dtvu_steps_3/acc@10 = 0.6333  
2025-02-27 03:12:33.706  val_finetune_dtvu_steps_3/acc@20 = 0.6667  
2025-02-27 03:12:33.706  
  
2025-02-27 03:12:36.827  
  
2025-02-27 03:12:36.827  [TRN] epoch_10  
2025-02-27 03:12:36.827  =============================================  
2025-02-27 03:12:36.827  trn/loss = 3.4451  
2025-02-27 03:12:36.827  trn/acc@01 = 0.2208  
2025-02-27 03:12:36.827  trn/acc@05 = 0.5566  
2025-02-27 03:12:36.827  trn/acc@10 = 0.6906  
2025-02-27 03:12:36.827  trn/acc@20 = 0.7736  
2025-02-27 03:12:36.827  
  
2025-02-27 03:12:37.131  
  
2025-02-27 03:12:37.131  [VAL_FINETUNE_DTVU_STEPS_1] epoch_10  
2025-02-27 03:12:37.131  =============================================  
2025-02-27 03:12:37.131  val_finetune_dtvu_steps_1/loss = 3.9962  
2025-02-27 03:12:37.131  val_finetune_dtvu_steps_1/acc@01 = 0.2500  
2025-02-27 03:12:37.131  val_finetune_dtvu_steps_1/acc@05 = 0.5000  
2025-02-27 03:12:37.131  val_finetune_dtvu_steps_1/acc@10 = 0.6000  
2025-02-27 03:12:37.131  val_finetune_dtvu_steps_1/acc@20 = 0.6500  
2025-02-27 03:12:37.131  
  
2025-02-27 03:12:37.438  
  
2025-02-27 03:12:37.438  [VAL_FINETUNE_DTVU_STEPS_3] epoch_10  
2025-02-27 03:12:37.438  =============================================  
2025-02-27 03:12:37.438  val_finetune_dtvu_steps_3/loss = 3.7018  
2025-02-27 03:12:37.438  val_finetune_dtvu_steps_3/acc@01 = 0.2833  
2025-02-27 03:12:37.438  val_finetune_dtvu_steps_3/acc@05 = 0.5833  
2025-02-27 03:12:37.438  val_finetune_dtvu_steps_3/acc@10 = 0.6667  
2025-02-27 03:12:37.438  val_finetune_dtvu_steps_3/acc@20 = 0.7000  
2025-02-27 03:12:37.438  
  
2025-02-27 03:12:40.666  
  
2025-02-27 03:12:40.667  [TRN] epoch_11  
2025-02-27 03:12:40.667  =============================================  
2025-02-27 03:12:40.667  trn/loss = 3.6794  
2025-02-27 03:12:40.667  trn/acc@01 = 0.2045  
2025-02-27 03:12:40.667  trn/acc@05 = 0.5640  
2025-02-27 03:12:40.667  trn/acc@10 = 0.6517  
2025-02-27 03:12:40.667  trn/acc@20 = 0.7281  
2025-02-27 03:12:40.667  
  
2025-02-27 03:12:40.969  
  
2025-02-27 03:12:40.969  [VAL_FINETUNE_DTVU_STEPS_1] epoch_11  
2025-02-27 03:12:40.969  =============================================  
2025-02-27 03:12:40.969  val_finetune_dtvu_steps_1/loss = 3.9850  
2025-02-27 03:12:40.969  val_finetune_dtvu_steps_1/acc@01 = 0.2500  
2025-02-27 03:12:40.969  val_finetune_dtvu_steps_1/acc@05 = 0.5000  
2025-02-27 03:12:40.975  val_finetune_dtvu_steps_1/acc@10 = 0.5500  
2025-02-27 03:12:40.975  val_finetune_dtvu_steps_1/acc@20 = 0.6500  
2025-02-27 03:12:40.975  
  
2025-02-27 03:12:41.280  
  
2025-02-27 03:12:41.280  [VAL_FINETUNE_DTVU_STEPS_3] epoch_11  
2025-02-27 03:12:41.280  =============================================  
2025-02-27 03:12:41.280  val_finetune_dtvu_steps_3/loss = 3.8420  
2025-02-27 03:12:41.280  val_finetune_dtvu_steps_3/acc@01 = 0.2833  
2025-02-27 03:12:41.280  val_finetune_dtvu_steps_3/acc@05 = 0.5500  
2025-02-27 03:12:41.280  val_finetune_dtvu_steps_3/acc@10 = 0.6333  
2025-02-27 03:12:41.280  val_finetune_dtvu_steps_3/acc@20 = 0.6833  
2025-02-27 03:12:41.280  
  
2025-02-27 03:12:44.408  
  
2025-02-27 03:12:44.408  [TRN] epoch_12  
2025-02-27 03:12:44.409  =============================================  
2025-02-27 03:12:44.409  trn/loss = 3.6903  
2025-02-27 03:12:44.409  trn/acc@01 = 0.2370  
2025-02-27 03:12:44.409  trn/acc@05 = 0.5565  
2025-02-27 03:12:44.409  trn/acc@10 = 0.6587  
2025-02-27 03:12:44.409  trn/acc@20 = 0.7587  
2025-02-27 03:12:44.409  
  
2025-02-27 03:12:44.713  
  
2025-02-27 03:12:44.713  [VAL_FINETUNE_DTVU_STEPS_1] epoch_12  
2025-02-27 03:12:44.713  =============================================  
2025-02-27 03:12:44.713  val_finetune_dtvu_steps_1/loss = 3.9214  
2025-02-27 03:12:44.713  val_finetune_dtvu_steps_1/acc@01 = 0.3000  
2025-02-27 03:12:44.713  val_finetune_dtvu_steps_1/acc@05 = 0.5000  
2025-02-27 03:12:44.713  val_finetune_dtvu_steps_1/acc@10 = 0.5500  
2025-02-27 03:12:44.713  val_finetune_dtvu_steps_1/acc@20 = 0.6500  
2025-02-27 03:12:44.713  
  
2025-02-27 03:12:45.023  
  
2025-02-27 03:12:45.023  [VAL_FINETUNE_DTVU_STEPS_3] epoch_12  
2025-02-27 03:12:45.023  =============================================  
2025-02-27 03:12:45.023  val_finetune_dtvu_steps_3/loss = 3.7558  
2025-02-27 03:12:45.023  val_finetune_dtvu_steps_3/acc@01 = 0.2833  
2025-02-27 03:12:45.024  val_finetune_dtvu_steps_3/acc@05 = 0.5667  
2025-02-27 03:12:45.024  val_finetune_dtvu_steps_3/acc@10 = 0.6167  
2025-02-27 03:12:45.024  val_finetune_dtvu_steps_3/acc@20 = 0.7000  
2025-02-27 03:12:45.024  
  
2025-02-27 03:12:48.147  
  
2025-02-27 03:12:48.147  [TRN] epoch_13  
2025-02-27 03:12:48.147  =============================================  
2025-02-27 03:12:48.147  trn/loss = 3.6519  
2025-02-27 03:12:48.147  trn/acc@01 = 0.2480  
2025-02-27 03:12:48.148  trn/acc@05 = 0.5600  
2025-02-27 03:12:48.148  trn/acc@10 = 0.6520  
2025-02-27 03:12:48.148  trn/acc@20 = 0.7300  
2025-02-27 03:12:48.148  
  
2025-02-27 03:12:48.452  
  
2025-02-27 03:12:48.452  [VAL_FINETUNE_DTVU_STEPS_1] epoch_13  
2025-02-27 03:12:48.452  =============================================  
2025-02-27 03:12:48.452  val_finetune_dtvu_steps_1/loss = 3.9627  
2025-02-27 03:12:48.452  val_finetune_dtvu_steps_1/acc@01 = 0.3000  
2025-02-27 03:12:48.452  val_finetune_dtvu_steps_1/acc@05 = 0.5000  
2025-02-27 03:12:48.452  val_finetune_dtvu_steps_1/acc@10 = 0.5500  
2025-02-27 03:12:48.452  val_finetune_dtvu_steps_1/acc@20 = 0.6500  
2025-02-27 03:12:48.452  
  
2025-02-27 03:12:48.761  
  
2025-02-27 03:12:48.761  [VAL_FINETUNE_DTVU_STEPS_3] epoch_13  
2025-02-27 03:12:48.761  =============================================  
2025-02-27 03:12:48.761  val_finetune_dtvu_steps_3/loss = 3.7635  
2025-02-27 03:12:48.761  val_finetune_dtvu_steps_3/acc@01 = 0.3333  
2025-02-27 03:12:48.761  val_finetune_dtvu_steps_3/acc@05 = 0.5500  
2025-02-27 03:12:48.761  val_finetune_dtvu_steps_3/acc@10 = 0.6167  
2025-02-27 03:12:48.761  val_finetune_dtvu_steps_3/acc@20 = 0.7000  
2025-02-27 03:12:48.761  
  
2025-02-27 03:12:51.895  
  
2025-02-27 03:12:51.896  [TRN] epoch_14  
2025-02-27 03:12:51.896  =============================================  
2025-02-27 03:12:51.896  trn/loss = 3.4796  
2025-02-27 03:12:51.896  trn/acc@01 = 0.2600  
2025-02-27 03:12:51.896  trn/acc@05 = 0.5540  
2025-02-27 03:12:51.896  trn/acc@10 = 0.6520  
2025-02-27 03:12:51.896  trn/acc@20 = 0.7540  
2025-02-27 03:12:51.896  
  
2025-02-27 03:12:52.228  
  
2025-02-27 03:12:52.228  [VAL_FINETUNE_DTVU_STEPS_1] epoch_14  
2025-02-27 03:12:52.228  =============================================  
2025-02-27 03:12:52.229  val_finetune_dtvu_steps_1/loss = 3.9782  
2025-02-27 03:12:52.229  val_finetune_dtvu_steps_1/acc@01 = 0.2000  
2025-02-27 03:12:52.229  val_finetune_dtvu_steps_1/acc@05 = 0.5000  
2025-02-27 03:12:52.229  val_finetune_dtvu_steps_1/acc@10 = 0.5500  
2025-02-27 03:12:52.229  val_finetune_dtvu_steps_1/acc@20 = 0.7000  
2025-02-27 03:12:52.229  
  
2025-02-27 03:12:52.566  
  
2025-02-27 03:12:52.566  [VAL_FINETUNE_DTVU_STEPS_3] epoch_14  
2025-02-27 03:12:52.566  =============================================  
2025-02-27 03:12:52.566  val_finetune_dtvu_steps_3/loss = 3.7672  
2025-02-27 03:12:52.568  val_finetune_dtvu_steps_3/acc@01 = 0.2500  
2025-02-27 03:12:52.568  val_finetune_dtvu_steps_3/acc@05 = 0.5667  
2025-02-27 03:12:52.568  val_finetune_dtvu_steps_3/acc@10 = 0.6167  
2025-02-27 03:12:52.568  val_finetune_dtvu_steps_3/acc@20 = 0.7333  
2025-02-27 03:12:52.568  
  
2025-02-27 03:12:55.812  
  
2025-02-27 03:12:55.812  [TRN] epoch_15  
2025-02-27 03:12:55.812  =============================================  
2025-02-27 03:12:55.812  trn/loss = 3.4504  
2025-02-27 03:12:55.812  trn/acc@01 = 0.2632  
2025-02-27 03:12:55.812  trn/acc@05 = 0.6021  
2025-02-27 03:12:55.812  trn/acc@10 = 0.6968  
2025-02-27 03:12:55.812  trn/acc@20 = 0.7853  
2025-02-27 03:12:55.812  
  
2025-02-27 03:12:56.117  
  
2025-02-27 03:12:56.117  [VAL_FINETUNE_DTVU_STEPS_1] epoch_15  
2025-02-27 03:12:56.117  =============================================  
2025-02-27 03:12:56.117  val_finetune_dtvu_steps_1/loss = 3.9725  
2025-02-27 03:12:56.117  val_finetune_dtvu_steps_1/acc@01 = 0.2000  
2025-02-27 03:12:56.117  val_finetune_dtvu_steps_1/acc@05 = 0.5000  
2025-02-27 03:12:56.117  val_finetune_dtvu_steps_1/acc@10 = 0.5500  
2025-02-27 03:12:56.117  val_finetune_dtvu_steps_1/acc@20 = 0.7000  
2025-02-27 03:12:56.117  
  
2025-02-27 03:12:56.417  
  
2025-02-27 03:12:56.417  [VAL_FINETUNE_DTVU_STEPS_3] epoch_15  
2025-02-27 03:12:56.417  =============================================  
2025-02-27 03:12:56.417  val_finetune_dtvu_steps_3/loss = 3.7504  
2025-02-27 03:12:56.417  val_finetune_dtvu_steps_3/acc@01 = 0.2500  
2025-02-27 03:12:56.417  val_finetune_dtvu_steps_3/acc@05 = 0.5667  
2025-02-27 03:12:56.417  val_finetune_dtvu_steps_3/acc@10 = 0.6167  
2025-02-27 03:12:56.417  val_finetune_dtvu_steps_3/acc@20 = 0.7333  
2025-02-27 03:12:56.417  
  
2025-02-27 03:12:59.549  
  
2025-02-27 03:12:59.549  [TRN] epoch_16  
2025-02-27 03:12:59.549  =============================================  
2025-02-27 03:12:59.549  trn/loss = 3.6265  
2025-02-27 03:12:59.549  trn/acc@01 = 0.2440  
2025-02-27 03:12:59.549  trn/acc@05 = 0.5520  
2025-02-27 03:12:59.549  trn/acc@10 = 0.6540  
2025-02-27 03:12:59.549  trn/acc@20 = 0.7380  
2025-02-27 03:12:59.549  
  
2025-02-27 03:12:59.847  
  
2025-02-27 03:12:59.847  [VAL_FINETUNE_DTVU_STEPS_1] epoch_16  
2025-02-27 03:12:59.847  =============================================  
2025-02-27 03:12:59.847  val_finetune_dtvu_steps_1/loss = 3.9725  
2025-02-27 03:12:59.847  val_finetune_dtvu_steps_1/acc@01 = 0.2500  
2025-02-27 03:12:59.855  val_finetune_dtvu_steps_1/acc@05 = 0.5000  
2025-02-27 03:12:59.855  val_finetune_dtvu_steps_1/acc@10 = 0.6000  
2025-02-27 03:12:59.855  val_finetune_dtvu_steps_1/acc@20 = 0.7000  
2025-02-27 03:12:59.855  
  
2025-02-27 03:13:00.156  
  
2025-02-27 03:13:00.156  [VAL_FINETUNE_DTVU_STEPS_3] epoch_16  
2025-02-27 03:13:00.156  =============================================  
2025-02-27 03:13:00.156  val_finetune_dtvu_steps_3/loss = 3.8535  
2025-02-27 03:13:00.156  val_finetune_dtvu_steps_3/acc@01 = 0.2833  
2025-02-27 03:13:00.156  val_finetune_dtvu_steps_3/acc@05 = 0.5500  
2025-02-27 03:13:00.156  val_finetune_dtvu_steps_3/acc@10 = 0.6333  
2025-02-27 03:13:00.156  val_finetune_dtvu_steps_3/acc@20 = 0.7000  
2025-02-27 03:13:00.156  
  
2025-02-27 03:13:03.286  
  
2025-02-27 03:13:03.286  [TRN] epoch_17  
2025-02-27 03:13:03.286  =============================================  
2025-02-27 03:13:03.286  trn/loss = 3.5543  
2025-02-27 03:13:03.286  trn/acc@01 = 0.2521  
2025-02-27 03:13:03.286  trn/acc@05 = 0.5604  
2025-02-27 03:13:03.286  trn/acc@10 = 0.6792  
2025-02-27 03:13:03.286  trn/acc@20 = 0.7667  
2025-02-27 03:13:03.286  
  
2025-02-27 03:13:03.591  
  
2025-02-27 03:13:03.591  [VAL_FINETUNE_DTVU_STEPS_1] epoch_17  
2025-02-27 03:13:03.595  =============================================  
2025-02-27 03:13:03.595  val_finetune_dtvu_steps_1/loss = 3.9180  
2025-02-27 03:13:03.595  val_finetune_dtvu_steps_1/acc@01 = 0.3000  
2025-02-27 03:13:03.595  val_finetune_dtvu_steps_1/acc@05 = 0.4500  
2025-02-27 03:13:03.595  val_finetune_dtvu_steps_1/acc@10 = 0.5500  
2025-02-27 03:13:03.595  val_finetune_dtvu_steps_1/acc@20 = 0.7000  
2025-02-27 03:13:03.595  
  
2025-02-27 03:13:03.897  
  
2025-02-27 03:13:03.897  [VAL_FINETUNE_DTVU_STEPS_3] epoch_17  
2025-02-27 03:13:03.897  =============================================  
2025-02-27 03:13:03.897  val_finetune_dtvu_steps_3/loss = 3.9593  
2025-02-27 03:13:03.897  val_finetune_dtvu_steps_3/acc@01 = 0.3333  
2025-02-27 03:13:03.897  val_finetune_dtvu_steps_3/acc@05 = 0.4833  
2025-02-27 03:13:03.897  val_finetune_dtvu_steps_3/acc@10 = 0.6000  
2025-02-27 03:13:03.897  val_finetune_dtvu_steps_3/acc@20 = 0.6833  
2025-02-27 03:13:03.897  
  
2025-02-27 03:13:07.026  
  
2025-02-27 03:13:07.026  [TRN] epoch_18  
2025-02-27 03:13:07.026  =============================================  
2025-02-27 03:13:07.026  trn/loss = 3.4902  
2025-02-27 03:13:07.026  trn/acc@01 = 0.2135  
2025-02-27 03:13:07.026  trn/acc@05 = 0.5462  
2025-02-27 03:13:07.026  trn/acc@10 = 0.6846  
2025-02-27 03:13:07.026  trn/acc@20 = 0.7865  
2025-02-27 03:13:07.026  
  
2025-02-27 03:13:07.333  
  
2025-02-27 03:13:07.333  [VAL_FINETUNE_DTVU_STEPS_1] epoch_18  
2025-02-27 03:13:07.333  =============================================  
2025-02-27 03:13:07.333  val_finetune_dtvu_steps_1/loss = 4.1489  
2025-02-27 03:13:07.333  val_finetune_dtvu_steps_1/acc@01 = 0.2500  
2025-02-27 03:13:07.333  val_finetune_dtvu_steps_1/acc@05 = 0.5000  
2025-02-27 03:13:07.333  val_finetune_dtvu_steps_1/acc@10 = 0.5500  
2025-02-27 03:13:07.334  val_finetune_dtvu_steps_1/acc@20 = 0.6000  
2025-02-27 03:13:07.334  
  
2025-02-27 03:13:07.637  
  
2025-02-27 03:13:07.637  [VAL_FINETUNE_DTVU_STEPS_3] epoch_18  
2025-02-27 03:13:07.637  =============================================  
2025-02-27 03:13:07.637  val_finetune_dtvu_steps_3/loss = 4.0447  
2025-02-27 03:13:07.637  val_finetune_dtvu_steps_3/acc@01 = 0.3167  
2025-02-27 03:13:07.637  val_finetune_dtvu_steps_3/acc@05 = 0.5167  
2025-02-27 03:13:07.637  val_finetune_dtvu_steps_3/acc@10 = 0.6000  
2025-02-27 03:13:07.637  val_finetune_dtvu_steps_3/acc@20 = 0.6333  
2025-02-27 03:13:07.637  
  
2025-02-27 03:13:10.786  
  
2025-02-27 03:13:10.786  [TRN] epoch_19  
2025-02-27 03:13:10.786  =============================================  
2025-02-27 03:13:10.786  trn/loss = 3.4968  
2025-02-27 03:13:10.786  trn/acc@01 = 0.2598  
2025-02-27 03:13:10.786  trn/acc@05 = 0.5682  
2025-02-27 03:13:10.786  trn/acc@10 = 0.6692  
2025-02-27 03:13:10.786  trn/acc@20 = 0.7514  
2025-02-27 03:13:10.786  
  
2025-02-27 03:13:11.096  
  
2025-02-27 03:13:11.096  [VAL_FINETUNE_DTVU_STEPS_1] epoch_19  
2025-02-27 03:13:11.096  =============================================  
2025-02-27 03:13:11.096  val_finetune_dtvu_steps_1/loss = 3.9144  
2025-02-27 03:13:11.096  val_finetune_dtvu_steps_1/acc@01 = 0.3000  
2025-02-27 03:13:11.096  val_finetune_dtvu_steps_1/acc@05 = 0.5000  
2025-02-27 03:13:11.096  val_finetune_dtvu_steps_1/acc@10 = 0.5500  
2025-02-27 03:13:11.096  val_finetune_dtvu_steps_1/acc@20 = 0.6500  
2025-02-27 03:13:11.096  
  
2025-02-27 03:13:11.405  
  
2025-02-27 03:13:11.406  [VAL_FINETUNE_DTVU_STEPS_3] epoch_19  
2025-02-27 03:13:11.406  =============================================  
2025-02-27 03:13:11.406  val_finetune_dtvu_steps_3/loss = 3.7074  
2025-02-27 03:13:11.406  val_finetune_dtvu_steps_3/acc@01 = 0.3333  
2025-02-27 03:13:11.406  val_finetune_dtvu_steps_3/acc@05 = 0.5333  
2025-02-27 03:13:11.406  val_finetune_dtvu_steps_3/acc@10 = 0.6167  
2025-02-27 03:13:11.406  val_finetune_dtvu_steps_3/acc@20 = 0.7167  
2025-02-27 03:13:11.406  
  
2025-02-27 03:13:14.529  
  
2025-02-27 03:13:14.529  [TRN] epoch_20  
2025-02-27 03:13:14.529  =============================================  
2025-02-27 03:13:14.529  trn/loss = 3.3104  
2025-02-27 03:13:14.529  trn/acc@01 = 0.2714  
2025-02-27 03:13:14.529  trn/acc@05 = 0.5918  
2025-02-27 03:13:14.529  trn/acc@10 = 0.6939  
2025-02-27 03:13:14.529  trn/acc@20 = 0.8041  
2025-02-27 03:13:14.529  
  
2025-02-27 03:13:14.836  
  
2025-02-27 03:13:14.836  [VAL_FINETUNE_DTVU_STEPS_1] epoch_20  
2025-02-27 03:13:14.836  =============================================  
2025-02-27 03:13:14.836  val_finetune_dtvu_steps_1/loss = 4.0046  
2025-02-27 03:13:14.836  val_finetune_dtvu_steps_1/acc@01 = 0.2500  
2025-02-27 03:13:14.836  val_finetune_dtvu_steps_1/acc@05 = 0.5000  
2025-02-27 03:13:14.836  val_finetune_dtvu_steps_1/acc@10 = 0.5500  
2025-02-27 03:13:14.836  val_finetune_dtvu_steps_1/acc@20 = 0.6500  
2025-02-27 03:13:14.836  
  
2025-02-27 03:13:15.146  
  
2025-02-27 03:13:15.146  [VAL_FINETUNE_DTVU_STEPS_3] epoch_20  
2025-02-27 03:13:15.146  =============================================  
2025-02-27 03:13:15.146  val_finetune_dtvu_steps_3/loss = 3.7565  
2025-02-27 03:13:15.146  val_finetune_dtvu_steps_3/acc@01 = 0.2833  
2025-02-27 03:13:15.146  val_finetune_dtvu_steps_3/acc@05 = 0.5333  
2025-02-27 03:13:15.146  val_finetune_dtvu_steps_3/acc@10 = 0.6333  
2025-02-27 03:13:15.146  val_finetune_dtvu_steps_3/acc@20 = 0.7167  
2025-02-27 03:13:15.146  
  
2025-02-27 03:13:18.359  
  
2025-02-27 03:13:18.359  [TRN] epoch_21  
2025-02-27 03:13:18.360  =============================================  
2025-02-27 03:13:18.360  trn/loss = 3.3329  
2025-02-27 03:13:18.360  trn/acc@01 = 0.2647  
2025-02-27 03:13:18.360  trn/acc@05 = 0.5902  
2025-02-27 03:13:18.360  trn/acc@10 = 0.7098  
2025-02-27 03:13:18.360  trn/acc@20 = 0.7961  
2025-02-27 03:13:18.360  
  
2025-02-27 03:13:18.665  
  
2025-02-27 03:13:18.665  [VAL_FINETUNE_DTVU_STEPS_1] epoch_21  
2025-02-27 03:13:18.665  =============================================  
2025-02-27 03:13:18.665  val_finetune_dtvu_steps_1/loss = 3.8802  
2025-02-27 03:13:18.665  val_finetune_dtvu_steps_1/acc@01 = 0.3000  
2025-02-27 03:13:18.666  val_finetune_dtvu_steps_1/acc@05 = 0.5000  
2025-02-27 03:13:18.666  val_finetune_dtvu_steps_1/acc@10 = 0.5500  
2025-02-27 03:13:18.666  val_finetune_dtvu_steps_1/acc@20 = 0.6500  
2025-02-27 03:13:18.666  
  
2025-02-27 03:13:18.976  
  
2025-02-27 03:13:18.976  [VAL_FINETUNE_DTVU_STEPS_3] epoch_21  
2025-02-27 03:13:18.976  =============================================  
2025-02-27 03:13:18.976  val_finetune_dtvu_steps_3/loss = 3.6749  
2025-02-27 03:13:18.976  val_finetune_dtvu_steps_3/acc@01 = 0.3333  
2025-02-27 03:13:18.976  val_finetune_dtvu_steps_3/acc@05 = 0.5667  
2025-02-27 03:13:18.976  val_finetune_dtvu_steps_3/acc@10 = 0.6333  
2025-02-27 03:13:18.976  val_finetune_dtvu_steps_3/acc@20 = 0.7167  
2025-02-27 03:13:18.976  
  
2025-02-27 03:13:22.182  
  
2025-02-27 03:13:22.182  [TRN] epoch_22  
2025-02-27 03:13:22.182  =============================================  
2025-02-27 03:13:22.182  trn/loss = 3.3522  
2025-02-27 03:13:22.182  trn/acc@01 = 0.2610  
2025-02-27 03:13:22.183  trn/acc@05 = 0.5810  
2025-02-27 03:13:22.183  trn/acc@10 = 0.7086  
2025-02-27 03:13:22.183  trn/acc@20 = 0.7943  
2025-02-27 03:13:22.183  
  
2025-02-27 03:13:22.550  
  
2025-02-27 03:13:22.550  [VAL_FINETUNE_DTVU_STEPS_1] epoch_22  
2025-02-27 03:13:22.550  =============================================  
2025-02-27 03:13:22.550  val_finetune_dtvu_steps_1/loss = 3.8536  
2025-02-27 03:13:22.550  val_finetune_dtvu_steps_1/acc@01 = 0.2500  
2025-02-27 03:13:22.550  val_finetune_dtvu_steps_1/acc@05 = 0.5000  
2025-02-27 03:13:22.550  val_finetune_dtvu_steps_1/acc@10 = 0.5500  
2025-02-27 03:13:22.551  val_finetune_dtvu_steps_1/acc@20 = 0.6500  
2025-02-27 03:13:22.551  
  
2025-02-27 03:13:22.867  
  
2025-02-27 03:13:22.867  [VAL_FINETUNE_DTVU_STEPS_3] epoch_22  
2025-02-27 03:13:22.867  =============================================  
2025-02-27 03:13:22.867  val_finetune_dtvu_steps_3/loss = 3.6752  
2025-02-27 03:13:22.867  val_finetune_dtvu_steps_3/acc@01 = 0.2833  
2025-02-27 03:13:22.867  val_finetune_dtvu_steps_3/acc@05 = 0.5667  
2025-02-27 03:13:22.867  val_finetune_dtvu_steps_3/acc@10 = 0.6333  
2025-02-27 03:13:22.867  val_finetune_dtvu_steps_3/acc@20 = 0.7167  
2025-02-27 03:13:22.867  
  
2025-02-27 03:13:26.020  
  
2025-02-27 03:13:26.020  [TRN] epoch_23  
2025-02-27 03:13:26.020  =============================================  
2025-02-27 03:13:26.020  trn/loss = 3.3019  
2025-02-27 03:13:26.020  trn/acc@01 = 0.2388  
2025-02-27 03:13:26.020  trn/acc@05 = 0.6000  
2025-02-27 03:13:26.020  trn/acc@10 = 0.7204  
2025-02-27 03:13:26.020  trn/acc@20 = 0.8019  
2025-02-27 03:13:26.020  
  
2025-02-27 03:13:26.336  
  
2025-02-27 03:13:26.336  [VAL_FINETUNE_DTVU_STEPS_1] epoch_23  
2025-02-27 03:13:26.336  =============================================  
2025-02-27 03:13:26.336  val_finetune_dtvu_steps_1/loss = 3.8539  
2025-02-27 03:13:26.336  val_finetune_dtvu_steps_1/acc@01 = 0.2500  
2025-02-27 03:13:26.336  val_finetune_dtvu_steps_1/acc@05 = 0.5000  
2025-02-27 03:13:26.336  val_finetune_dtvu_steps_1/acc@10 = 0.5500  
2025-02-27 03:13:26.336  val_finetune_dtvu_steps_1/acc@20 = 0.6500  
2025-02-27 03:13:26.336  
  
2025-02-27 03:13:26.647  
  
2025-02-27 03:13:26.647  [VAL_FINETUNE_DTVU_STEPS_3] epoch_23  
2025-02-27 03:13:26.647  =============================================  
2025-02-27 03:13:26.647  val_finetune_dtvu_steps_3/loss = 3.6730  
2025-02-27 03:13:26.647  val_finetune_dtvu_steps_3/acc@01 = 0.2833  
2025-02-27 03:13:26.647  val_finetune_dtvu_steps_3/acc@05 = 0.5667  
2025-02-27 03:13:26.647  val_finetune_dtvu_steps_3/acc@10 = 0.6500  
2025-02-27 03:13:26.647  val_finetune_dtvu_steps_3/acc@20 = 0.7167  
2025-02-27 03:13:26.647  
  
2025-02-27 03:13:29.781  
  
2025-02-27 03:13:29.781  [TRN] epoch_24  
2025-02-27 03:13:29.781  =============================================  
2025-02-27 03:13:29.781  trn/loss = 3.4122  
2025-02-27 03:13:29.781  trn/acc@01 = 0.2194  
2025-02-27 03:13:29.781  trn/acc@05 = 0.5942  
2025-02-27 03:13:29.781  trn/acc@10 = 0.6932  
2025-02-27 03:13:29.781  trn/acc@20 = 0.8078  
2025-02-27 03:13:29.781  
  
2025-02-27 03:13:30.086  
  
2025-02-27 03:13:30.086  [VAL_FINETUNE_DTVU_STEPS_1] epoch_24  
2025-02-27 03:13:30.086  =============================================  
2025-02-27 03:13:30.086  val_finetune_dtvu_steps_1/loss = 3.8871  
2025-02-27 03:13:30.086  val_finetune_dtvu_steps_1/acc@01 = 0.3000  
2025-02-27 03:13:30.086  val_finetune_dtvu_steps_1/acc@05 = 0.5000  
2025-02-27 03:13:30.086  val_finetune_dtvu_steps_1/acc@10 = 0.5500  
2025-02-27 03:13:30.086  val_finetune_dtvu_steps_1/acc@20 = 0.7500  
2025-02-27 03:13:30.086  
  
2025-02-27 03:13:30.395  
  
2025-02-27 03:13:30.395  [VAL_FINETUNE_DTVU_STEPS_3] epoch_24  
2025-02-27 03:13:30.395  =============================================  
2025-02-27 03:13:30.395  val_finetune_dtvu_steps_3/loss = 3.7441  
2025-02-27 03:13:30.395  val_finetune_dtvu_steps_3/acc@01 = 0.3333  
2025-02-27 03:13:30.395  val_finetune_dtvu_steps_3/acc@05 = 0.5333  
2025-02-27 03:13:30.395  val_finetune_dtvu_steps_3/acc@10 = 0.6333  
2025-02-27 03:13:30.395  val_finetune_dtvu_steps_3/acc@20 = 0.7500  
2025-02-27 03:13:30.395  
  
2025-02-27 03:13:33.526  
  
2025-02-27 03:13:33.526  [TRN] epoch_25  
2025-02-27 03:13:33.526  =============================================  
2025-02-27 03:13:33.526  trn/loss = 3.2790  
2025-02-27 03:13:33.526  trn/acc@01 = 0.2796  
2025-02-27 03:13:33.526  trn/acc@05 = 0.5978  
2025-02-27 03:13:33.526  trn/acc@10 = 0.7161  
2025-02-27 03:13:33.526  trn/acc@20 = 0.8237  
2025-02-27 03:13:33.526  
  
2025-02-27 03:13:33.846  
  
2025-02-27 03:13:33.846  [VAL_FINETUNE_DTVU_STEPS_1] epoch_25  
2025-02-27 03:13:33.846  =============================================  
2025-02-27 03:13:33.846  val_finetune_dtvu_steps_1/loss = 4.0710  
2025-02-27 03:13:33.846  val_finetune_dtvu_steps_1/acc@01 = 0.1500  
2025-02-27 03:13:33.846  val_finetune_dtvu_steps_1/acc@05 = 0.5000  
2025-02-27 03:13:33.846  val_finetune_dtvu_steps_1/acc@10 = 0.6000  
2025-02-27 03:13:33.846  val_finetune_dtvu_steps_1/acc@20 = 0.7000  
2025-02-27 03:13:33.846  
  
2025-02-27 03:13:34.157  
  
2025-02-27 03:13:34.157  [VAL_FINETUNE_DTVU_STEPS_3] epoch_25  
2025-02-27 03:13:34.157  =============================================  
2025-02-27 03:13:34.157  val_finetune_dtvu_steps_3/loss = 3.9253  
2025-02-27 03:13:34.157  val_finetune_dtvu_steps_3/acc@01 = 0.2167  
2025-02-27 03:13:34.157  val_finetune_dtvu_steps_3/acc@05 = 0.5167  
2025-02-27 03:13:34.157  val_finetune_dtvu_steps_3/acc@10 = 0.6333  
2025-02-27 03:13:34.157  val_finetune_dtvu_steps_3/acc@20 = 0.7167  
2025-02-27 03:13:34.157  
  
2025-02-27 03:13:37.316  
  
2025-02-27 03:13:37.316  [TRN] epoch_26  
2025-02-27 03:13:37.316  =============================================  
2025-02-27 03:13:37.316  trn/loss = 3.3501  
2025-02-27 03:13:37.316  trn/acc@01 = 0.2162  
2025-02-27 03:13:37.316  trn/acc@05 = 0.5475  
2025-02-27 03:13:37.316  trn/acc@10 = 0.6929  
2025-02-27 03:13:37.316  trn/acc@20 = 0.7758  
2025-02-27 03:13:37.316  
  
2025-02-27 03:13:37.627  
  
2025-02-27 03:13:37.627  [VAL_FINETUNE_DTVU_STEPS_1] epoch_26  
2025-02-27 03:13:37.627  =============================================  
2025-02-27 03:13:37.627  val_finetune_dtvu_steps_1/loss = 3.9369  
2025-02-27 03:13:37.627  val_finetune_dtvu_steps_1/acc@01 = 0.2500  
2025-02-27 03:13:37.627  val_finetune_dtvu_steps_1/acc@05 = 0.4500  
2025-02-27 03:13:37.627  val_finetune_dtvu_steps_1/acc@10 = 0.5500  
2025-02-27 03:13:37.627  val_finetune_dtvu_steps_1/acc@20 = 0.7000  
2025-02-27 03:13:37.627  
  
2025-02-27 03:13:37.938  
  
2025-02-27 03:13:37.938  [VAL_FINETUNE_DTVU_STEPS_3] epoch_26  
2025-02-27 03:13:37.938  =============================================  
2025-02-27 03:13:37.938  val_finetune_dtvu_steps_3/loss = 3.8196  
2025-02-27 03:13:37.938  val_finetune_dtvu_steps_3/acc@01 = 0.2833  
2025-02-27 03:13:37.938  val_finetune_dtvu_steps_3/acc@05 = 0.4667  
2025-02-27 03:13:37.938  val_finetune_dtvu_steps_3/acc@10 = 0.5833  
2025-02-27 03:13:37.938  val_finetune_dtvu_steps_3/acc@20 = 0.7000  
2025-02-27 03:13:37.938  
  
2025-02-27 03:13:41.111  
  
2025-02-27 03:13:41.111  [TRN] epoch_27  
2025-02-27 03:13:41.111  =============================================  
2025-02-27 03:13:41.111  trn/loss = 3.4653  
2025-02-27 03:13:41.111  trn/acc@01 = 0.2500  
2025-02-27 03:13:41.111  trn/acc@05 = 0.5520  
2025-02-27 03:13:41.111  trn/acc@10 = 0.6800  
2025-02-27 03:13:41.111  trn/acc@20 = 0.7960  
2025-02-27 03:13:41.111  
  
2025-02-27 03:13:41.416  
  
2025-02-27 03:13:41.416  [VAL_FINETUNE_DTVU_STEPS_1] epoch_27  
2025-02-27 03:13:41.416  =============================================  
2025-02-27 03:13:41.416  val_finetune_dtvu_steps_1/loss = 3.8014  
2025-02-27 03:13:41.416  val_finetune_dtvu_steps_1/acc@01 = 0.3000  
2025-02-27 03:13:41.416  val_finetune_dtvu_steps_1/acc@05 = 0.5000  
2025-02-27 03:13:41.416  val_finetune_dtvu_steps_1/acc@10 = 0.6500  
2025-02-27 03:13:41.416  val_finetune_dtvu_steps_1/acc@20 = 0.7500  
2025-02-27 03:13:41.416  
  
2025-02-27 03:13:41.721  
  
2025-02-27 03:13:41.721  [VAL_FINETUNE_DTVU_STEPS_3] epoch_27  
2025-02-27 03:13:41.721  =============================================  
2025-02-27 03:13:41.721  val_finetune_dtvu_steps_3/loss = 3.6035  
2025-02-27 03:13:41.721  val_finetune_dtvu_steps_3/acc@01 = 0.3333  
2025-02-27 03:13:41.721  val_finetune_dtvu_steps_3/acc@05 = 0.6000  
2025-02-27 03:13:41.721  val_finetune_dtvu_steps_3/acc@10 = 0.7167  
2025-02-27 03:13:41.721  val_finetune_dtvu_steps_3/acc@20 = 0.7667  
2025-02-27 03:13:41.721  
  
2025-02-27 03:13:44.838  
  
2025-02-27 03:13:44.838  [TRN] epoch_28  
2025-02-27 03:13:44.838  =============================================  
2025-02-27 03:13:44.838  trn/loss = 3.2969  
2025-02-27 03:13:44.838  trn/acc@01 = 0.2632  
2025-02-27 03:13:44.838  trn/acc@05 = 0.5937  
2025-02-27 03:13:44.838  trn/acc@10 = 0.7053  
2025-02-27 03:13:44.838  trn/acc@20 = 0.7916  
2025-02-27 03:13:44.838  
  
2025-02-27 03:13:45.140  
  
2025-02-27 03:13:45.140  [VAL_FINETUNE_DTVU_STEPS_1] epoch_28  
2025-02-27 03:13:45.140  =============================================  
2025-02-27 03:13:45.140  val_finetune_dtvu_steps_1/loss = 3.9365  
2025-02-27 03:13:45.140  val_finetune_dtvu_steps_1/acc@01 = 0.2500  
2025-02-27 03:13:45.140  val_finetune_dtvu_steps_1/acc@05 = 0.5000  
2025-02-27 03:13:45.140  val_finetune_dtvu_steps_1/acc@10 = 0.5500  
2025-02-27 03:13:45.140  val_finetune_dtvu_steps_1/acc@20 = 0.7500  
2025-02-27 03:13:45.140  
  
2025-02-27 03:13:45.466  
  
2025-02-27 03:13:45.466  [VAL_FINETUNE_DTVU_STEPS_3] epoch_28  
2025-02-27 03:13:45.466  =============================================  
2025-02-27 03:13:45.466  val_finetune_dtvu_steps_3/loss = 3.7421  
2025-02-27 03:13:45.466  val_finetune_dtvu_steps_3/acc@01 = 0.2833  
2025-02-27 03:13:45.466  val_finetune_dtvu_steps_3/acc@05 = 0.5833  
2025-02-27 03:13:45.466  val_finetune_dtvu_steps_3/acc@10 = 0.6500  
2025-02-27 03:13:45.466  val_finetune_dtvu_steps_3/acc@20 = 0.7667  
2025-02-27 03:13:45.466  
  
2025-02-27 03:13:48.610  
  
2025-02-27 03:13:48.610  [TRN] epoch_29  
2025-02-27 03:13:48.610  =============================================  
2025-02-27 03:13:48.610  trn/loss = 3.1838  
2025-02-27 03:13:48.610  trn/acc@01 = 0.2750  
2025-02-27 03:13:48.610  trn/acc@05 = 0.6068  
2025-02-27 03:13:48.610  trn/acc@10 = 0.7250  
2025-02-27 03:13:48.610  trn/acc@20 = 0.8318  
2025-02-27 03:13:48.610  
  
2025-02-27 03:13:48.926  
  
2025-02-27 03:13:48.926  [VAL_FINETUNE_DTVU_STEPS_1] epoch_29  
2025-02-27 03:13:48.926  =============================================  
2025-02-27 03:13:48.926  val_finetune_dtvu_steps_1/loss = 3.7297  
2025-02-27 03:13:48.926  val_finetune_dtvu_steps_1/acc@01 = 0.3000  
2025-02-27 03:13:48.926  val_finetune_dtvu_steps_1/acc@05 = 0.4500  
2025-02-27 03:13:48.926  val_finetune_dtvu_steps_1/acc@10 = 0.6000  
2025-02-27 03:13:48.926  val_finetune_dtvu_steps_1/acc@20 = 0.7500  
2025-02-27 03:13:48.926  
  
2025-02-27 03:13:49.237  
  
2025-02-27 03:13:49.237  [VAL_FINETUNE_DTVU_STEPS_3] epoch_29  
2025-02-27 03:13:49.237  =============================================  
2025-02-27 03:13:49.237  val_finetune_dtvu_steps_3/loss = 3.5404  
2025-02-27 03:13:49.237  val_finetune_dtvu_steps_3/acc@01 = 0.3333  
2025-02-27 03:13:49.237  val_finetune_dtvu_steps_3/acc@05 = 0.5667  
2025-02-27 03:13:49.237  val_finetune_dtvu_steps_3/acc@10 = 0.6833  
2025-02-27 03:13:49.237  val_finetune_dtvu_steps_3/acc@20 = 0.7667  
2025-02-27 03:13:49.237  
  
2025-02-27 03:13:52.462  
  
2025-02-27 03:13:52.462  [TRN] epoch_30  
2025-02-27 03:13:52.463  =============================================  
2025-02-27 03:13:52.463  trn/loss = 3.1124  
2025-02-27 03:13:52.463  trn/acc@01 = 0.2757  
2025-02-27 03:13:52.463  trn/acc@05 = 0.6126  
2025-02-27 03:13:52.463  trn/acc@10 = 0.7297  
2025-02-27 03:13:52.463  trn/acc@20 = 0.8360  
2025-02-27 03:13:52.463  
  
2025-02-27 03:13:52.802  
  
2025-02-27 03:13:52.802  [VAL_FINETUNE_DTVU_STEPS_1] epoch_30  
2025-02-27 03:13:52.802  =============================================  
2025-02-27 03:13:52.802  val_finetune_dtvu_steps_1/loss = 3.7144  
2025-02-27 03:13:52.802  val_finetune_dtvu_steps_1/acc@01 = 0.3000  
2025-02-27 03:13:52.802  val_finetune_dtvu_steps_1/acc@05 = 0.5000  
2025-02-27 03:13:52.802  val_finetune_dtvu_steps_1/acc@10 = 0.5500  
2025-02-27 03:13:52.802  val_finetune_dtvu_steps_1/acc@20 = 0.7500  
2025-02-27 03:13:52.803  
  
2025-02-27 03:13:53.117  
  
2025-02-27 03:13:53.117  [VAL_FINETUNE_DTVU_STEPS_3] epoch_30  
2025-02-27 03:13:53.117  =============================================  
2025-02-27 03:13:53.117  val_finetune_dtvu_steps_3/loss = 3.5516  
2025-02-27 03:13:53.117  val_finetune_dtvu_steps_3/acc@01 = 0.3333  
2025-02-27 03:13:53.117  val_finetune_dtvu_steps_3/acc@05 = 0.5667  
2025-02-27 03:13:53.117  val_finetune_dtvu_steps_3/acc@10 = 0.6500  
2025-02-27 03:13:53.118  val_finetune_dtvu_steps_3/acc@20 = 0.7667  
2025-02-27 03:13:53.118  
  
2025-02-27 03:13:56.355  
  
2025-02-27 03:13:56.356  [TRN] epoch_31  
2025-02-27 03:13:56.356  =============================================  
2025-02-27 03:13:56.356  trn/loss = 3.1363  
2025-02-27 03:13:56.356  trn/acc@01 = 0.2673  
2025-02-27 03:13:56.356  trn/acc@05 = 0.6145  
2025-02-27 03:13:56.356  trn/acc@10 = 0.7236  
2025-02-27 03:13:56.356  trn/acc@20 = 0.8400  
2025-02-27 03:13:56.356  
  
2025-02-27 03:13:56.669  
  
2025-02-27 03:13:56.669  [VAL_FINETUNE_DTVU_STEPS_1] epoch_31  
2025-02-27 03:13:56.669  =============================================  
2025-02-27 03:13:56.669  val_finetune_dtvu_steps_1/loss = 3.7084  
2025-02-27 03:13:56.669  val_finetune_dtvu_steps_1/acc@01 = 0.3000  
2025-02-27 03:13:56.669  val_finetune_dtvu_steps_1/acc@05 = 0.5000  
2025-02-27 03:13:56.669  val_finetune_dtvu_steps_1/acc@10 = 0.5500  
2025-02-27 03:13:56.669  val_finetune_dtvu_steps_1/acc@20 = 0.7500  
2025-02-27 03:13:56.669  
  
2025-02-27 03:13:56.977  
  
2025-02-27 03:13:56.977  [VAL_FINETUNE_DTVU_STEPS_3] epoch_31  
2025-02-27 03:13:56.977  =============================================  
2025-02-27 03:13:56.977  val_finetune_dtvu_steps_3/loss = 3.5466  
2025-02-27 03:13:56.977  val_finetune_dtvu_steps_3/acc@01 = 0.3333  
2025-02-27 03:13:56.977  val_finetune_dtvu_steps_3/acc@05 = 0.5667  
2025-02-27 03:13:56.977  val_finetune_dtvu_steps_3/acc@10 = 0.6500  
2025-02-27 03:13:56.977  val_finetune_dtvu_steps_3/acc@20 = 0.7667  
2025-02-27 03:13:56.977  
  
2025-02-27 03:14:00.137  
  
2025-02-27 03:14:00.137  [TRN] epoch_32  
2025-02-27 03:14:00.137  =============================================  
2025-02-27 03:14:00.137  trn/loss = 3.3414  
2025-02-27 03:14:00.137  trn/acc@01 = 0.2553  
2025-02-27 03:14:00.137  trn/acc@05 = 0.5872  
2025-02-27 03:14:00.137  trn/acc@10 = 0.6957  
2025-02-27 03:14:00.137  trn/acc@20 = 0.8170  
2025-02-27 03:14:00.137  
  
2025-02-27 03:14:00.448  
  
2025-02-27 03:14:00.448  [VAL_FINETUNE_DTVU_STEPS_1] epoch_32  
2025-02-27 03:14:00.448  =============================================  
2025-02-27 03:14:00.448  val_finetune_dtvu_steps_1/loss = 3.6861  
2025-02-27 03:14:00.448  val_finetune_dtvu_steps_1/acc@01 = 0.3000  
2025-02-27 03:14:00.448  val_finetune_dtvu_steps_1/acc@05 = 0.5500  
2025-02-27 03:14:00.448  val_finetune_dtvu_steps_1/acc@10 = 0.6000  
2025-02-27 03:14:00.448  val_finetune_dtvu_steps_1/acc@20 = 0.8000  
2025-02-27 03:14:00.448  
  
2025-02-27 03:14:00.756  
  
2025-02-27 03:14:00.756  [VAL_FINETUNE_DTVU_STEPS_3] epoch_32  
2025-02-27 03:14:00.756  =============================================  
2025-02-27 03:14:00.756  val_finetune_dtvu_steps_3/loss = 3.5307  
2025-02-27 03:14:00.756  val_finetune_dtvu_steps_3/acc@01 = 0.3333  
2025-02-27 03:14:00.756  val_finetune_dtvu_steps_3/acc@05 = 0.6000  
2025-02-27 03:14:00.756  val_finetune_dtvu_steps_3/acc@10 = 0.6667  
2025-02-27 03:14:00.756  val_finetune_dtvu_steps_3/acc@20 = 0.7833  
2025-02-27 03:14:00.756  
  
2025-02-27 03:14:03.966  
  
2025-02-27 03:14:03.966  [TRN] epoch_33  
2025-02-27 03:14:03.966  =============================================  
2025-02-27 03:14:03.966  trn/loss = 3.5101  
2025-02-27 03:14:03.966  trn/acc@01 = 0.2466  
2025-02-27 03:14:03.966  trn/acc@05 = 0.5456  
2025-02-27 03:14:03.966  trn/acc@10 = 0.6505  
2025-02-27 03:14:03.966  trn/acc@20 = 0.7612  
2025-02-27 03:14:03.966  
  
2025-02-27 03:14:04.277  
  
2025-02-27 03:14:04.277  [VAL_FINETUNE_DTVU_STEPS_1] epoch_33  
2025-02-27 03:14:04.277  =============================================  
2025-02-27 03:14:04.277  val_finetune_dtvu_steps_1/loss = 3.8247  
2025-02-27 03:14:04.277  val_finetune_dtvu_steps_1/acc@01 = 0.3000  
2025-02-27 03:14:04.277  val_finetune_dtvu_steps_1/acc@05 = 0.4500  
2025-02-27 03:14:04.277  val_finetune_dtvu_steps_1/acc@10 = 0.6500  
2025-02-27 03:14:04.277  val_finetune_dtvu_steps_1/acc@20 = 0.7000  
2025-02-27 03:14:04.277  
  
2025-02-27 03:14:04.586  
  
2025-02-27 03:14:04.586  [VAL_FINETUNE_DTVU_STEPS_3] epoch_33  
2025-02-27 03:14:04.586  =============================================  
2025-02-27 03:14:04.586  val_finetune_dtvu_steps_3/loss = 3.5993  
2025-02-27 03:14:04.586  val_finetune_dtvu_steps_3/acc@01 = 0.3500  
2025-02-27 03:14:04.586  val_finetune_dtvu_steps_3/acc@05 = 0.5667  
2025-02-27 03:14:04.586  val_finetune_dtvu_steps_3/acc@10 = 0.7000  
2025-02-27 03:14:04.586  val_finetune_dtvu_steps_3/acc@20 = 0.7667  
2025-02-27 03:14:04.586  
  
2025-02-27 03:14:07.781  
  
2025-02-27 03:14:07.781  [TRN] epoch_34  
2025-02-27 03:14:07.781  =============================================  
2025-02-27 03:14:07.781  trn/loss = 3.3356  
2025-02-27 03:14:07.781  trn/acc@01 = 0.2586  
2025-02-27 03:14:07.781  trn/acc@05 = 0.5495  
2025-02-27 03:14:07.781  trn/acc@10 = 0.6848  
2025-02-27 03:14:07.781  trn/acc@20 = 0.8182  
2025-02-27 03:14:07.781  
  
2025-02-27 03:14:08.086  
  
2025-02-27 03:14:08.086  [VAL_FINETUNE_DTVU_STEPS_1] epoch_34  
2025-02-27 03:14:08.086  =============================================  
2025-02-27 03:14:08.086  val_finetune_dtvu_steps_1/loss = 3.8567  
2025-02-27 03:14:08.086  val_finetune_dtvu_steps_1/acc@01 = 0.2500  
2025-02-27 03:14:08.086  val_finetune_dtvu_steps_1/acc@05 = 0.4500  
2025-02-27 03:14:08.086  val_finetune_dtvu_steps_1/acc@10 = 0.5500  
2025-02-27 03:14:08.086  val_finetune_dtvu_steps_1/acc@20 = 0.7500  
2025-02-27 03:14:08.086  
  
2025-02-27 03:14:08.393  
  
2025-02-27 03:14:08.393  [VAL_FINETUNE_DTVU_STEPS_3] epoch_34  
2025-02-27 03:14:08.393  =============================================  
2025-02-27 03:14:08.393  val_finetune_dtvu_steps_3/loss = 3.7066  
2025-02-27 03:14:08.393  val_finetune_dtvu_steps_3/acc@01 = 0.2833  
2025-02-27 03:14:08.393  val_finetune_dtvu_steps_3/acc@05 = 0.5167  
2025-02-27 03:14:08.393  val_finetune_dtvu_steps_3/acc@10 = 0.6167  
2025-02-27 03:14:08.393  val_finetune_dtvu_steps_3/acc@20 = 0.7500  
2025-02-27 03:14:08.393  
  
2025-02-27 03:14:11.566  
  
2025-02-27 03:14:11.566  [TRN] epoch_35  
2025-02-27 03:14:11.566  =============================================  
2025-02-27 03:14:11.566  trn/loss = 3.2605  
2025-02-27 03:14:11.566  trn/acc@01 = 0.2358  
2025-02-27 03:14:11.566  trn/acc@05 = 0.5579  
2025-02-27 03:14:11.566  trn/acc@10 = 0.6863  
2025-02-27 03:14:11.566  trn/acc@20 = 0.8126  
2025-02-27 03:14:11.566  
  
2025-02-27 03:14:11.867  
  
2025-02-27 03:14:11.867  [VAL_FINETUNE_DTVU_STEPS_1] epoch_35  
2025-02-27 03:14:11.867  =============================================  
2025-02-27 03:14:11.867  val_finetune_dtvu_steps_1/loss = 3.9131  
2025-02-27 03:14:11.867  val_finetune_dtvu_steps_1/acc@01 = 0.2500  
2025-02-27 03:14:11.867  val_finetune_dtvu_steps_1/acc@05 = 0.4500  
2025-02-27 03:14:11.867  val_finetune_dtvu_steps_1/acc@10 = 0.5500  
2025-02-27 03:14:11.867  val_finetune_dtvu_steps_1/acc@20 = 0.7000  
2025-02-27 03:14:11.867  
  
2025-02-27 03:14:12.187  
  
2025-02-27 03:14:12.187  [VAL_FINETUNE_DTVU_STEPS_3] epoch_35  
2025-02-27 03:14:12.187  =============================================  
2025-02-27 03:14:12.187  val_finetune_dtvu_steps_3/loss = 3.6953  
2025-02-27 03:14:12.187  val_finetune_dtvu_steps_3/acc@01 = 0.2833  
2025-02-27 03:14:12.187  val_finetune_dtvu_steps_3/acc@05 = 0.4833  
2025-02-27 03:14:12.187  val_finetune_dtvu_steps_3/acc@10 = 0.6167  
2025-02-27 03:14:12.187  val_finetune_dtvu_steps_3/acc@20 = 0.7333  
2025-02-27 03:14:12.187  
  
2025-02-27 03:14:15.342  
  
2025-02-27 03:14:15.342  [TRN] epoch_36  
2025-02-27 03:14:15.342  =============================================  
2025-02-27 03:14:15.344  trn/loss = 3.1634  
2025-02-27 03:14:15.344  trn/acc@01 = 0.2396  
2025-02-27 03:14:15.344  trn/acc@05 = 0.5703  
2025-02-27 03:14:15.344  trn/acc@10 = 0.7109  
2025-02-27 03:14:15.344  trn/acc@20 = 0.8356  
2025-02-27 03:14:15.344  
  
2025-02-27 03:14:15.656  
  
2025-02-27 03:14:15.656  [VAL_FINETUNE_DTVU_STEPS_1] epoch_36  
2025-02-27 03:14:15.656  =============================================  
2025-02-27 03:14:15.656  val_finetune_dtvu_steps_1/loss = 3.8229  
2025-02-27 03:14:15.656  val_finetune_dtvu_steps_1/acc@01 = 0.3000  
2025-02-27 03:14:15.656  val_finetune_dtvu_steps_1/acc@05 = 0.4500  
2025-02-27 03:14:15.656  val_finetune_dtvu_steps_1/acc@10 = 0.6000  
2025-02-27 03:14:15.656  val_finetune_dtvu_steps_1/acc@20 = 0.7000  
2025-02-27 03:14:15.656  
  
2025-02-27 03:14:15.963  
  
2025-02-27 03:14:15.963  [VAL_FINETUNE_DTVU_STEPS_3] epoch_36  
2025-02-27 03:14:15.963  =============================================  
2025-02-27 03:14:15.963  val_finetune_dtvu_steps_3/loss = 3.5812  
2025-02-27 03:14:15.963  val_finetune_dtvu_steps_3/acc@01 = 0.3333  
2025-02-27 03:14:15.963  val_finetune_dtvu_steps_3/acc@05 = 0.5500  
2025-02-27 03:14:15.963  val_finetune_dtvu_steps_3/acc@10 = 0.6833  
2025-02-27 03:14:15.963  val_finetune_dtvu_steps_3/acc@20 = 0.7500  
2025-02-27 03:14:15.963  
  
2025-02-27 03:14:19.076  
  
2025-02-27 03:14:19.076  [TRN] epoch_37  
2025-02-27 03:14:19.076  =============================================  
2025-02-27 03:14:19.076  trn/loss = 3.1686  
2025-02-27 03:14:19.076  trn/acc@01 = 0.2804  
2025-02-27 03:14:19.076  trn/acc@05 = 0.6157  
2025-02-27 03:14:19.076  trn/acc@10 = 0.7059  
2025-02-27 03:14:19.076  trn/acc@20 = 0.8275  
2025-02-27 03:14:19.076  
  
2025-02-27 03:14:19.396  
  
2025-02-27 03:14:19.396  [VAL_FINETUNE_DTVU_STEPS_1] epoch_37  
2025-02-27 03:14:19.396  =============================================  
2025-02-27 03:14:19.396  val_finetune_dtvu_steps_1/loss = 3.8421  
2025-02-27 03:14:19.396  val_finetune_dtvu_steps_1/acc@01 = 0.2500  
2025-02-27 03:14:19.396  val_finetune_dtvu_steps_1/acc@05 = 0.4500  
2025-02-27 03:14:19.397  val_finetune_dtvu_steps_1/acc@10 = 0.5500  
2025-02-27 03:14:19.397  val_finetune_dtvu_steps_1/acc@20 = 0.7000  
2025-02-27 03:14:19.397  
  
2025-02-27 03:14:19.706  
  
2025-02-27 03:14:19.706  [VAL_FINETUNE_DTVU_STEPS_3] epoch_37  
2025-02-27 03:14:19.706  =============================================  
2025-02-27 03:14:19.706  val_finetune_dtvu_steps_3/loss = 3.6195  
2025-02-27 03:14:19.706  val_finetune_dtvu_steps_3/acc@01 = 0.2833  
2025-02-27 03:14:19.706  val_finetune_dtvu_steps_3/acc@05 = 0.5667  
2025-02-27 03:14:19.706  val_finetune_dtvu_steps_3/acc@10 = 0.6500  
2025-02-27 03:14:19.706  val_finetune_dtvu_steps_3/acc@20 = 0.7500  
2025-02-27 03:14:19.706  
  
2025-02-27 03:14:22.906  
  
2025-02-27 03:14:22.906  [TRN] epoch_38  
2025-02-27 03:14:22.906  =============================================  
2025-02-27 03:14:22.906  trn/loss = 3.2702  
2025-02-27 03:14:22.906  trn/acc@01 = 0.2384  
2025-02-27 03:14:22.906  trn/acc@05 = 0.5758  
2025-02-27 03:14:22.906  trn/acc@10 = 0.7172  
2025-02-27 03:14:22.906  trn/acc@20 = 0.8202  
2025-02-27 03:14:22.906  
  
2025-02-27 03:14:23.211  
  
2025-02-27 03:14:23.211  [VAL_FINETUNE_DTVU_STEPS_1] epoch_38  
2025-02-27 03:14:23.211  =============================================  
2025-02-27 03:14:23.211  val_finetune_dtvu_steps_1/loss = 3.7206  
2025-02-27 03:14:23.211  val_finetune_dtvu_steps_1/acc@01 = 0.3000  
2025-02-27 03:14:23.211  val_finetune_dtvu_steps_1/acc@05 = 0.4500  
2025-02-27 03:14:23.211  val_finetune_dtvu_steps_1/acc@10 = 0.6500  
2025-02-27 03:14:23.211  val_finetune_dtvu_steps_1/acc@20 = 0.7000  
2025-02-27 03:14:23.211  
  
2025-02-27 03:14:23.526  
  
2025-02-27 03:14:23.526  [VAL_FINETUNE_DTVU_STEPS_3] epoch_38  
2025-02-27 03:14:23.526  =============================================  
2025-02-27 03:14:23.526  val_finetune_dtvu_steps_3/loss = 3.5228  
2025-02-27 03:14:23.526  val_finetune_dtvu_steps_3/acc@01 = 0.3333  
2025-02-27 03:14:23.526  val_finetune_dtvu_steps_3/acc@05 = 0.5500  
2025-02-27 03:14:23.526  val_finetune_dtvu_steps_3/acc@10 = 0.7167  
2025-02-27 03:14:23.526  val_finetune_dtvu_steps_3/acc@20 = 0.7500  
2025-02-27 03:14:23.526  
  
2025-02-27 03:14:26.666  
  
2025-02-27 03:14:26.666  [TRN] epoch_39  
2025-02-27 03:14:26.666  =============================================  
2025-02-27 03:14:26.666  trn/loss = 3.1085  
2025-02-27 03:14:26.666  trn/acc@01 = 0.2513  
2025-02-27 03:14:26.666  trn/acc@05 = 0.6088  
2025-02-27 03:14:26.666  trn/acc@10 = 0.7327  
2025-02-27 03:14:26.666  trn/acc@20 = 0.8549  
2025-02-27 03:14:26.666  
  
2025-02-27 03:14:26.966  
  
2025-02-27 03:14:26.970  [VAL_FINETUNE_DTVU_STEPS_1] epoch_39  
2025-02-27 03:14:26.970  =============================================  
2025-02-27 03:14:26.970  val_finetune_dtvu_steps_1/loss = 3.7072  
2025-02-27 03:14:26.970  val_finetune_dtvu_steps_1/acc@01 = 0.3000  
2025-02-27 03:14:26.970  val_finetune_dtvu_steps_1/acc@05 = 0.4500  
2025-02-27 03:14:26.970  val_finetune_dtvu_steps_1/acc@10 = 0.6500  
2025-02-27 03:14:26.970  val_finetune_dtvu_steps_1/acc@20 = 0.7000  
2025-02-27 03:14:26.970  
  
2025-02-27 03:14:27.266  
  
2025-02-27 03:14:27.266  [VAL_FINETUNE_DTVU_STEPS_3] epoch_39  
2025-02-27 03:14:27.275  =============================================  
2025-02-27 03:14:27.275  val_finetune_dtvu_steps_3/loss = 3.5126  
2025-02-27 03:14:27.275  val_finetune_dtvu_steps_3/acc@01 = 0.3333  
2025-02-27 03:14:27.275  val_finetune_dtvu_steps_3/acc@05 = 0.5500  
2025-02-27 03:14:27.275  val_finetune_dtvu_steps_3/acc@10 = 0.7167  
2025-02-27 03:14:27.275  val_finetune_dtvu_steps_3/acc@20 = 0.7500  
2025-02-27 03:14:27.275  
  
2025-02-27 03:14:30.477  
  
2025-02-27 03:14:30.477  [TRN] epoch_40  
2025-02-27 03:14:30.477  =============================================  
2025-02-27 03:14:30.477  trn/loss = 3.2054  
2025-02-27 03:14:30.477  trn/acc@01 = 0.2458  
2025-02-27 03:14:30.477  trn/acc@05 = 0.5814  
2025-02-27 03:14:30.477  trn/acc@10 = 0.7051  
2025-02-27 03:14:30.477  trn/acc@20 = 0.8136  
2025-02-27 03:14:30.477  
  
2025-02-27 03:14:30.780  
  
2025-02-27 03:14:30.780  [VAL_FINETUNE_DTVU_STEPS_1] epoch_40  
2025-02-27 03:14:30.780  =============================================  
2025-02-27 03:14:30.780  val_finetune_dtvu_steps_1/loss = 3.9557  
2025-02-27 03:14:30.780  val_finetune_dtvu_steps_1/acc@01 = 0.2500  
2025-02-27 03:14:30.780  val_finetune_dtvu_steps_1/acc@05 = 0.4500  
2025-02-27 03:14:30.780  val_finetune_dtvu_steps_1/acc@10 = 0.6000  
2025-02-27 03:14:30.780  val_finetune_dtvu_steps_1/acc@20 = 0.6500  
2025-02-27 03:14:30.780  
  
2025-02-27 03:14:31.087  
  
2025-02-27 03:14:31.087  [VAL_FINETUNE_DTVU_STEPS_3] epoch_40  
2025-02-27 03:14:31.087  =============================================  
2025-02-27 03:14:31.087  val_finetune_dtvu_steps_3/loss = 3.7319  
2025-02-27 03:14:31.087  val_finetune_dtvu_steps_3/acc@01 = 0.2667  
2025-02-27 03:14:31.087  val_finetune_dtvu_steps_3/acc@05 = 0.5167  
2025-02-27 03:14:31.087  val_finetune_dtvu_steps_3/acc@10 = 0.6667  
2025-02-27 03:14:31.087  val_finetune_dtvu_steps_3/acc@20 = 0.7000  
2025-02-27 03:14:31.087  
  
2025-02-27 03:14:34.306  
  
2025-02-27 03:14:34.306  [TRN] epoch_41  
2025-02-27 03:14:34.306  =============================================  
2025-02-27 03:14:34.306  trn/loss = 3.1926  
2025-02-27 03:14:34.306  trn/acc@01 = 0.2312  
2025-02-27 03:14:34.306  trn/acc@05 = 0.5853  
2025-02-27 03:14:34.306  trn/acc@10 = 0.7138  
2025-02-27 03:14:34.306  trn/acc@20 = 0.8239  
2025-02-27 03:14:34.306  
  
2025-02-27 03:14:34.632  
  
2025-02-27 03:14:34.632  [VAL_FINETUNE_DTVU_STEPS_1] epoch_41  
2025-02-27 03:14:34.632  =============================================  
2025-02-27 03:14:34.632  val_finetune_dtvu_steps_1/loss = 3.8510  
2025-02-27 03:14:34.632  val_finetune_dtvu_steps_1/acc@01 = 0.3000  
2025-02-27 03:14:34.632  val_finetune_dtvu_steps_1/acc@05 = 0.5000  
2025-02-27 03:14:34.632  val_finetune_dtvu_steps_1/acc@10 = 0.5500  
2025-02-27 03:14:34.632  val_finetune_dtvu_steps_1/acc@20 = 0.7000  
2025-02-27 03:14:34.632  
  
2025-02-27 03:14:34.946  
  
2025-02-27 03:14:34.946  [VAL_FINETUNE_DTVU_STEPS_3] epoch_41  
2025-02-27 03:14:34.946  =============================================  
2025-02-27 03:14:34.946  val_finetune_dtvu_steps_3/loss = 3.6967  
2025-02-27 03:14:34.946  val_finetune_dtvu_steps_3/acc@01 = 0.3333  
2025-02-27 03:14:34.946  val_finetune_dtvu_steps_3/acc@05 = 0.5333  
2025-02-27 03:14:34.946  val_finetune_dtvu_steps_3/acc@10 = 0.6167  
2025-02-27 03:14:34.946  val_finetune_dtvu_steps_3/acc@20 = 0.7500  
2025-02-27 03:14:34.946  
  
2025-02-27 03:14:38.116  
  
2025-02-27 03:14:38.116  [TRN] epoch_42  
2025-02-27 03:14:38.116  =============================================  
2025-02-27 03:14:38.116  trn/loss = 3.2821  
2025-02-27 03:14:38.116  trn/acc@01 = 0.2630  
2025-02-27 03:14:38.116  trn/acc@05 = 0.5783  
2025-02-27 03:14:38.116  trn/acc@10 = 0.6913  
2025-02-27 03:14:38.116  trn/acc@20 = 0.8000  
2025-02-27 03:14:38.116  
  
2025-02-27 03:14:38.427  
  
2025-02-27 03:14:38.427  [VAL_FINETUNE_DTVU_STEPS_1] epoch_42  
2025-02-27 03:14:38.427  =============================================  
2025-02-27 03:14:38.427  val_finetune_dtvu_steps_1/loss = 3.8890  
2025-02-27 03:14:38.427  val_finetune_dtvu_steps_1/acc@01 = 0.3000  
2025-02-27 03:14:38.427  val_finetune_dtvu_steps_1/acc@05 = 0.5000  
2025-02-27 03:14:38.427  val_finetune_dtvu_steps_1/acc@10 = 0.5500  
2025-02-27 03:14:38.427  val_finetune_dtvu_steps_1/acc@20 = 0.7000  
2025-02-27 03:14:38.427  
  
2025-02-27 03:14:38.741  
  
2025-02-27 03:14:38.742  [VAL_FINETUNE_DTVU_STEPS_3] epoch_42  
2025-02-27 03:14:38.742  =============================================  
2025-02-27 03:14:38.742  val_finetune_dtvu_steps_3/loss = 3.8024  
2025-02-27 03:14:38.742  val_finetune_dtvu_steps_3/acc@01 = 0.3333  
2025-02-27 03:14:38.742  val_finetune_dtvu_steps_3/acc@05 = 0.5167  
2025-02-27 03:14:38.742  val_finetune_dtvu_steps_3/acc@10 = 0.6333  
2025-02-27 03:14:38.742  val_finetune_dtvu_steps_3/acc@20 = 0.7500  
2025-02-27 03:14:38.742  
  
2025-02-27 03:14:41.940  
  
2025-02-27 03:14:41.940  [TRN] epoch_43  
2025-02-27 03:14:41.940  =============================================  
2025-02-27 03:14:41.940  trn/loss = 3.2198  
2025-02-27 03:14:41.940  trn/acc@01 = 0.2935  
2025-02-27 03:14:41.940  trn/acc@05 = 0.5682  
2025-02-27 03:14:41.940  trn/acc@10 = 0.7028  
2025-02-27 03:14:41.940  trn/acc@20 = 0.8336  
2025-02-27 03:14:41.940  
  
2025-02-27 03:14:42.247  
  
2025-02-27 03:14:42.247  [VAL_FINETUNE_DTVU_STEPS_1] epoch_43  
2025-02-27 03:14:42.247  =============================================  
2025-02-27 03:14:42.247  val_finetune_dtvu_steps_1/loss = 3.8093  
2025-02-27 03:14:42.247  val_finetune_dtvu_steps_1/acc@01 = 0.2000  
2025-02-27 03:14:42.247  val_finetune_dtvu_steps_1/acc@05 = 0.5000  
2025-02-27 03:14:42.247  val_finetune_dtvu_steps_1/acc@10 = 0.6000  
2025-02-27 03:14:42.247  val_finetune_dtvu_steps_1/acc@20 = 0.6500  
2025-02-27 03:14:42.247  
  
2025-02-27 03:14:42.556  
  
2025-02-27 03:14:42.556  [VAL_FINETUNE_DTVU_STEPS_3] epoch_43  
2025-02-27 03:14:42.556  =============================================  
2025-02-27 03:14:42.556  val_finetune_dtvu_steps_3/loss = 3.7813  
2025-02-27 03:14:42.556  val_finetune_dtvu_steps_3/acc@01 = 0.2500  
2025-02-27 03:14:42.556  val_finetune_dtvu_steps_3/acc@05 = 0.5667  
2025-02-27 03:14:42.556  val_finetune_dtvu_steps_3/acc@10 = 0.6667  
2025-02-27 03:14:42.556  val_finetune_dtvu_steps_3/acc@20 = 0.7167  
2025-02-27 03:14:42.556  
  
2025-02-27 03:14:45.736  
  
2025-02-27 03:14:45.736  [TRN] epoch_44  
2025-02-27 03:14:45.736  =============================================  
2025-02-27 03:14:45.736  trn/loss = 3.0198  
2025-02-27 03:14:45.736  trn/acc@01 = 0.2680  
2025-02-27 03:14:45.736  trn/acc@05 = 0.6117  
2025-02-27 03:14:45.736  trn/acc@10 = 0.7320  
2025-02-27 03:14:45.736  trn/acc@20 = 0.8641  
2025-02-27 03:14:45.736  
  
2025-02-27 03:14:46.047  
  
2025-02-27 03:14:46.047  [VAL_FINETUNE_DTVU_STEPS_1] epoch_44  
2025-02-27 03:14:46.047  =============================================  
2025-02-27 03:14:46.047  val_finetune_dtvu_steps_1/loss = 3.7705  
2025-02-27 03:14:46.047  val_finetune_dtvu_steps_1/acc@01 = 0.2500  
2025-02-27 03:14:46.047  val_finetune_dtvu_steps_1/acc@05 = 0.4500  
2025-02-27 03:14:46.047  val_finetune_dtvu_steps_1/acc@10 = 0.5500  
2025-02-27 03:14:46.047  val_finetune_dtvu_steps_1/acc@20 = 0.7500  
2025-02-27 03:14:46.047  
  
2025-02-27 03:14:46.360  
  
2025-02-27 03:14:46.360  [VAL_FINETUNE_DTVU_STEPS_3] epoch_44  
2025-02-27 03:14:46.360  =============================================  
2025-02-27 03:14:46.360  val_finetune_dtvu_steps_3/loss = 3.6347  
2025-02-27 03:14:46.360  val_finetune_dtvu_steps_3/acc@01 = 0.2667  
2025-02-27 03:14:46.360  val_finetune_dtvu_steps_3/acc@05 = 0.5667  
2025-02-27 03:14:46.360  val_finetune_dtvu_steps_3/acc@10 = 0.6333  
2025-02-27 03:14:46.360  val_finetune_dtvu_steps_3/acc@20 = 0.7667  
2025-02-27 03:14:46.360  
  
2025-02-27 03:14:49.527  
  
2025-02-27 03:14:49.527  [TRN] epoch_45  
2025-02-27 03:14:49.527  =============================================  
2025-02-27 03:14:49.527  trn/loss = 3.1713  
2025-02-27 03:14:49.527  trn/acc@01 = 0.2346  
2025-02-27 03:14:49.527  trn/acc@05 = 0.5942  
2025-02-27 03:14:49.527  trn/acc@10 = 0.7288  
2025-02-27 03:14:49.527  trn/acc@20 = 0.8423  
2025-02-27 03:14:49.527  
  
2025-02-27 03:14:49.836  
  
2025-02-27 03:14:49.836  [VAL_FINETUNE_DTVU_STEPS_1] epoch_45  
2025-02-27 03:14:49.836  =============================================  
2025-02-27 03:14:49.836  val_finetune_dtvu_steps_1/loss = 3.6846  
2025-02-27 03:14:49.836  val_finetune_dtvu_steps_1/acc@01 = 0.3000  
2025-02-27 03:14:49.836  val_finetune_dtvu_steps_1/acc@05 = 0.5500  
2025-02-27 03:14:49.836  val_finetune_dtvu_steps_1/acc@10 = 0.6500  
2025-02-27 03:14:49.836  val_finetune_dtvu_steps_1/acc@20 = 0.7500  
2025-02-27 03:14:49.836  
  
2025-02-27 03:14:50.146  
  
2025-02-27 03:14:50.146  [VAL_FINETUNE_DTVU_STEPS_3] epoch_45  
2025-02-27 03:14:50.146  =============================================  
2025-02-27 03:14:50.146  val_finetune_dtvu_steps_3/loss = 3.5749  
2025-02-27 03:14:50.146  val_finetune_dtvu_steps_3/acc@01 = 0.3333  
2025-02-27 03:14:50.146  val_finetune_dtvu_steps_3/acc@05 = 0.6000  
2025-02-27 03:14:50.146  val_finetune_dtvu_steps_3/acc@10 = 0.7000  
2025-02-27 03:14:50.146  val_finetune_dtvu_steps_3/acc@20 = 0.7667  
2025-02-27 03:14:50.146  
  
2025-02-27 03:14:53.396  
  
2025-02-27 03:14:53.397  [TRN] epoch_46  
2025-02-27 03:14:53.397  =============================================  
2025-02-27 03:14:53.397  trn/loss = 3.1559  
2025-02-27 03:14:53.397  trn/acc@01 = 0.2750  
2025-02-27 03:14:53.397  trn/acc@05 = 0.6054  
2025-02-27 03:14:53.397  trn/acc@10 = 0.7161  
2025-02-27 03:14:53.397  trn/acc@20 = 0.8357  
2025-02-27 03:14:53.397  
  
2025-02-27 03:14:53.706  
  
2025-02-27 03:14:53.706  [VAL_FINETUNE_DTVU_STEPS_1] epoch_46  
2025-02-27 03:14:53.707  =============================================  
2025-02-27 03:14:53.707  val_finetune_dtvu_steps_1/loss = 3.7315  
2025-02-27 03:14:53.707  val_finetune_dtvu_steps_1/acc@01 = 0.3000  
2025-02-27 03:14:53.707  val_finetune_dtvu_steps_1/acc@05 = 0.5000  
2025-02-27 03:14:53.707  val_finetune_dtvu_steps_1/acc@10 = 0.6000  
2025-02-27 03:14:53.707  val_finetune_dtvu_steps_1/acc@20 = 0.7500  
2025-02-27 03:14:53.707  
  
2025-02-27 03:14:54.020  
  
2025-02-27 03:14:54.020  [VAL_FINETUNE_DTVU_STEPS_3] epoch_46  
2025-02-27 03:14:54.021  =============================================  
2025-02-27 03:14:54.021  val_finetune_dtvu_steps_3/loss = 3.5804  
2025-02-27 03:14:54.021  val_finetune_dtvu_steps_3/acc@01 = 0.3333  
2025-02-27 03:14:54.021  val_finetune_dtvu_steps_3/acc@05 = 0.5667  
2025-02-27 03:14:54.021  val_finetune_dtvu_steps_3/acc@10 = 0.6667  
2025-02-27 03:14:54.021  val_finetune_dtvu_steps_3/acc@20 = 0.7667  
2025-02-27 03:14:54.021  
  
2025-02-27 03:14:57.209  
  
2025-02-27 03:14:57.209  [TRN] epoch_47  
2025-02-27 03:14:57.209  =============================================  
2025-02-27 03:14:57.209  trn/loss = 3.1727  
2025-02-27 03:14:57.209  trn/acc@01 = 0.2638  
2025-02-27 03:14:57.209  trn/acc@05 = 0.5915  
2025-02-27 03:14:57.209  trn/acc@10 = 0.7043  
2025-02-27 03:14:57.209  trn/acc@20 = 0.8383  
2025-02-27 03:14:57.209  
  
2025-02-27 03:14:57.516  
  
2025-02-27 03:14:57.516  [VAL_FINETUNE_DTVU_STEPS_1] epoch_47  
2025-02-27 03:14:57.516  =============================================  
2025-02-27 03:14:57.516  val_finetune_dtvu_steps_1/loss = 3.7325  
2025-02-27 03:14:57.516  val_finetune_dtvu_steps_1/acc@01 = 0.3000  
2025-02-27 03:14:57.516  val_finetune_dtvu_steps_1/acc@05 = 0.5000  
2025-02-27 03:14:57.516  val_finetune_dtvu_steps_1/acc@10 = 0.5500  
2025-02-27 03:14:57.516  val_finetune_dtvu_steps_1/acc@20 = 0.7500  
2025-02-27 03:14:57.516  
  
2025-02-27 03:14:57.829  
  
2025-02-27 03:14:57.829  [VAL_FINETUNE_DTVU_STEPS_3] epoch_47  
2025-02-27 03:14:57.829  =============================================  
2025-02-27 03:14:57.829  val_finetune_dtvu_steps_3/loss = 3.5806  
2025-02-27 03:14:57.829  val_finetune_dtvu_steps_3/acc@01 = 0.3333  
2025-02-27 03:14:57.829  val_finetune_dtvu_steps_3/acc@05 = 0.5667  
2025-02-27 03:14:57.829  val_finetune_dtvu_steps_3/acc@10 = 0.6333  
2025-02-27 03:14:57.829  val_finetune_dtvu_steps_3/acc@20 = 0.7667  
2025-02-27 03:14:57.829  
  
2025-02-27 03:15:01.006  
  
2025-02-27 03:15:01.006  [TRN] epoch_48  
2025-02-27 03:15:01.006  =============================================  
2025-02-27 03:15:01.006  trn/loss = 3.0656  
2025-02-27 03:15:01.006  trn/acc@01 = 0.2771  
2025-02-27 03:15:01.006  trn/acc@05 = 0.5743  
2025-02-27 03:15:01.006  trn/acc@10 = 0.7211  
2025-02-27 03:15:01.006  trn/acc@20 = 0.8440  
2025-02-27 03:15:01.006  
  
2025-02-27 03:15:01.311  
  
2025-02-27 03:15:01.315  [VAL_FINETUNE_DTVU_STEPS_1] epoch_48  
2025-02-27 03:15:01.315  =============================================  
2025-02-27 03:15:01.315  val_finetune_dtvu_steps_1/loss = 3.8449  
2025-02-27 03:15:01.315  val_finetune_dtvu_steps_1/acc@01 = 0.3000  
2025-02-27 03:15:01.315  val_finetune_dtvu_steps_1/acc@05 = 0.5000  
2025-02-27 03:15:01.316  val_finetune_dtvu_steps_1/acc@10 = 0.5500  
2025-02-27 03:15:01.316  val_finetune_dtvu_steps_1/acc@20 = 0.7000  
2025-02-27 03:15:01.317  
  
2025-02-27 03:15:01.636  
  
2025-02-27 03:15:01.636  [VAL_FINETUNE_DTVU_STEPS_3] epoch_48  
2025-02-27 03:15:01.636  =============================================  
2025-02-27 03:15:01.636  val_finetune_dtvu_steps_3/loss = 3.7211  
2025-02-27 03:15:01.636  val_finetune_dtvu_steps_3/acc@01 = 0.3333  
2025-02-27 03:15:01.636  val_finetune_dtvu_steps_3/acc@05 = 0.5500  
2025-02-27 03:15:01.636  val_finetune_dtvu_steps_3/acc@10 = 0.6167  
2025-02-27 03:15:01.636  val_finetune_dtvu_steps_3/acc@20 = 0.7500  
2025-02-27 03:15:01.636  
  
2025-02-27 03:15:04.789  
  
2025-02-27 03:15:04.789  [TRN] epoch_49  
2025-02-27 03:15:04.789  =============================================  
2025-02-27 03:15:04.789  trn/loss = 3.2259  
2025-02-27 03:15:04.789  trn/acc@01 = 0.2565  
2025-02-27 03:15:04.789  trn/acc@05 = 0.5630  
2025-02-27 03:15:04.789  trn/acc@10 = 0.7174  
2025-02-27 03:15:04.789  trn/acc@20 = 0.8413  
2025-02-27 03:15:04.789  
  
2025-02-27 03:15:05.101  
  
2025-02-27 03:15:05.103  [VAL_FINETUNE_DTVU_STEPS_1] epoch_49  
2025-02-27 03:15:05.103  =============================================  
2025-02-27 03:15:05.103  val_finetune_dtvu_steps_1/loss = 4.0229  
2025-02-27 03:15:05.103  val_finetune_dtvu_steps_1/acc@01 = 0.2500  
2025-02-27 03:15:05.103  val_finetune_dtvu_steps_1/acc@05 = 0.4500  
2025-02-27 03:15:05.103  val_finetune_dtvu_steps_1/acc@10 = 0.5500  
2025-02-27 03:15:05.103  val_finetune_dtvu_steps_1/acc@20 = 0.6000  
2025-02-27 03:15:05.103  
  
2025-02-27 03:15:05.417  
  
2025-02-27 03:15:05.417  [VAL_FINETUNE_DTVU_STEPS_3] epoch_49  
2025-02-27 03:15:05.417  =============================================  
2025-02-27 03:15:05.417  val_finetune_dtvu_steps_3/loss = 3.7781  
2025-02-27 03:15:05.420  val_finetune_dtvu_steps_3/acc@01 = 0.2833  
2025-02-27 03:15:05.420  val_finetune_dtvu_steps_3/acc@05 = 0.5333  
2025-02-27 03:15:05.420  val_finetune_dtvu_steps_3/acc@10 = 0.6333  
2025-02-27 03:15:05.420  val_finetune_dtvu_steps_3/acc@20 = 0.6833  
2025-02-27 03:15:05.420  
  
2025-02-27 03:15:08.538  
  
2025-02-27 03:15:08.538  [TRN] epoch_50  
2025-02-27 03:15:08.538  =============================================  
2025-02-27 03:15:08.538  trn/loss = 3.2106  
2025-02-27 03:15:08.538  trn/acc@01 = 0.2333  
2025-02-27 03:15:08.538  trn/acc@05 = 0.5961  
2025-02-27 03:15:08.538  trn/acc@10 = 0.7137  
2025-02-27 03:15:08.538  trn/acc@20 = 0.8196  
2025-02-27 03:15:08.538  
  
2025-02-27 03:15:08.844  
  
2025-02-27 03:15:08.844  [VAL_FINETUNE_DTVU_STEPS_1] epoch_50  
2025-02-27 03:15:08.844  =============================================  
2025-02-27 03:15:08.845  val_finetune_dtvu_steps_1/loss = 4.0510  
2025-02-27 03:15:08.845  val_finetune_dtvu_steps_1/acc@01 = 0.2500  
2025-02-27 03:15:08.845  val_finetune_dtvu_steps_1/acc@05 = 0.4500  
2025-02-27 03:15:08.845  val_finetune_dtvu_steps_1/acc@10 = 0.5500  
2025-02-27 03:15:08.845  val_finetune_dtvu_steps_1/acc@20 = 0.6500  
2025-02-27 03:15:08.846  
  
2025-02-27 03:15:09.147  
  
2025-02-27 03:15:09.147  [VAL_FINETUNE_DTVU_STEPS_3] epoch_50  
2025-02-27 03:15:09.147  =============================================  
2025-02-27 03:15:09.147  val_finetune_dtvu_steps_3/loss = 3.7352  
2025-02-27 03:15:09.147  val_finetune_dtvu_steps_3/acc@01 = 0.2833  
2025-02-27 03:15:09.147  val_finetune_dtvu_steps_3/acc@05 = 0.5500  
2025-02-27 03:15:09.147  val_finetune_dtvu_steps_3/acc@10 = 0.6500  
2025-02-27 03:15:09.147  val_finetune_dtvu_steps_3/acc@20 = 0.7167  
2025-02-27 03:15:09.147  
  
2025-02-27 03:15:12.284  
  
2025-02-27 03:15:12.284  [TRN] epoch_51  
2025-02-27 03:15:12.284  =============================================  
2025-02-27 03:15:12.284  trn/loss = 3.2222  
2025-02-27 03:15:12.284  trn/acc@01 = 0.2389  
2025-02-27 03:15:12.284  trn/acc@05 = 0.5907  
2025-02-27 03:15:12.284  trn/acc@10 = 0.6815  
2025-02-27 03:15:12.285  trn/acc@20 = 0.8259  
2025-02-27 03:15:12.285  
  
2025-02-27 03:15:12.587  
  
2025-02-27 03:15:12.587  [VAL_FINETUNE_DTVU_STEPS_1] epoch_51  
2025-02-27 03:15:12.587  =============================================  
2025-02-27 03:15:12.587  val_finetune_dtvu_steps_1/loss = 3.8322  
2025-02-27 03:15:12.587  val_finetune_dtvu_steps_1/acc@01 = 0.3000  
2025-02-27 03:15:12.587  val_finetune_dtvu_steps_1/acc@05 = 0.5000  
2025-02-27 03:15:12.587  val_finetune_dtvu_steps_1/acc@10 = 0.5500  
2025-02-27 03:15:12.587  val_finetune_dtvu_steps_1/acc@20 = 0.7000  
2025-02-27 03:15:12.587  
  
2025-02-27 03:15:12.904  
  
2025-02-27 03:15:12.904  [VAL_FINETUNE_DTVU_STEPS_3] epoch_51  
2025-02-27 03:15:12.904  =============================================  
2025-02-27 03:15:12.905  val_finetune_dtvu_steps_3/loss = 3.6354  
2025-02-27 03:15:12.905  val_finetune_dtvu_steps_3/acc@01 = 0.3333  
2025-02-27 03:15:12.905  val_finetune_dtvu_steps_3/acc@05 = 0.5500  
2025-02-27 03:15:12.905  val_finetune_dtvu_steps_3/acc@10 = 0.6333  
2025-02-27 03:15:12.905  val_finetune_dtvu_steps_3/acc@20 = 0.7333  
2025-02-27 03:15:12.905  
  
2025-02-27 03:15:16.041  
  
2025-02-27 03:15:16.041  [TRN] epoch_52  
2025-02-27 03:15:16.041  =============================================  
2025-02-27 03:15:16.041  trn/loss = 3.0707  
2025-02-27 03:15:16.045  trn/acc@01 = 0.2598  
2025-02-27 03:15:16.045  trn/acc@05 = 0.6112  
2025-02-27 03:15:16.045  trn/acc@10 = 0.7159  
2025-02-27 03:15:16.045  trn/acc@20 = 0.8224  
2025-02-27 03:15:16.045  
  
2025-02-27 03:15:16.346  
  
2025-02-27 03:15:16.346  [VAL_FINETUNE_DTVU_STEPS_1] epoch_52  
2025-02-27 03:15:16.346  =============================================  
2025-02-27 03:15:16.346  val_finetune_dtvu_steps_1/loss = 3.7947  
2025-02-27 03:15:16.346  val_finetune_dtvu_steps_1/acc@01 = 0.3000  
2025-02-27 03:15:16.346  val_finetune_dtvu_steps_1/acc@05 = 0.5000  
2025-02-27 03:15:16.346  val_finetune_dtvu_steps_1/acc@10 = 0.5500  
2025-02-27 03:15:16.346  val_finetune_dtvu_steps_1/acc@20 = 0.7500  
2025-02-27 03:15:16.346  
  
2025-02-27 03:15:16.657  
  
2025-02-27 03:15:16.657  [VAL_FINETUNE_DTVU_STEPS_3] epoch_52  
2025-02-27 03:15:16.657  =============================================  
2025-02-27 03:15:16.657  val_finetune_dtvu_steps_3/loss = 3.5532  
2025-02-27 03:15:16.657  val_finetune_dtvu_steps_3/acc@01 = 0.3333  
2025-02-27 03:15:16.657  val_finetune_dtvu_steps_3/acc@05 = 0.5500  
2025-02-27 03:15:16.657  val_finetune_dtvu_steps_3/acc@10 = 0.6500  
2025-02-27 03:15:16.657  val_finetune_dtvu_steps_3/acc@20 = 0.7667  
2025-02-27 03:15:16.657  
  
2025-02-27 03:15:19.793  
  
2025-02-27 03:15:19.793  [TRN] epoch_53  
2025-02-27 03:15:19.795  =============================================  
2025-02-27 03:15:19.795  trn/loss = 3.2056  
2025-02-27 03:15:19.795  trn/acc@01 = 0.2553  
2025-02-27 03:15:19.796  trn/acc@05 = 0.5787  
2025-02-27 03:15:19.796  trn/acc@10 = 0.7000  
2025-02-27 03:15:19.796  trn/acc@20 = 0.8149  
2025-02-27 03:15:19.796  
  
2025-02-27 03:15:20.097  
  
2025-02-27 03:15:20.097  [VAL_FINETUNE_DTVU_STEPS_1] epoch_53  
2025-02-27 03:15:20.097  =============================================  
2025-02-27 03:15:20.097  val_finetune_dtvu_steps_1/loss = 3.8919  
2025-02-27 03:15:20.097  val_finetune_dtvu_steps_1/acc@01 = 0.3000  
2025-02-27 03:15:20.097  val_finetune_dtvu_steps_1/acc@05 = 0.4500  
2025-02-27 03:15:20.097  val_finetune_dtvu_steps_1/acc@10 = 0.5000  
2025-02-27 03:15:20.097  val_finetune_dtvu_steps_1/acc@20 = 0.7000  
2025-02-27 03:15:20.097  
  
2025-02-27 03:15:20.397  
  
2025-02-27 03:15:20.397  [VAL_FINETUNE_DTVU_STEPS_3] epoch_53  
2025-02-27 03:15:20.397  =============================================  
2025-02-27 03:15:20.397  val_finetune_dtvu_steps_3/loss = 3.6249  
2025-02-27 03:15:20.397  val_finetune_dtvu_steps_3/acc@01 = 0.3333  
2025-02-27 03:15:20.405  val_finetune_dtvu_steps_3/acc@05 = 0.5500  
2025-02-27 03:15:20.405  val_finetune_dtvu_steps_3/acc@10 = 0.6167  
2025-02-27 03:15:20.405  val_finetune_dtvu_steps_3/acc@20 = 0.7500  
2025-02-27 03:15:20.405  
  
2025-02-27 03:15:23.596  
  
2025-02-27 03:15:23.596  [TRN] epoch_54  
2025-02-27 03:15:23.596  =============================================  
2025-02-27 03:15:23.597  trn/loss = 3.1311  
2025-02-27 03:15:23.597  trn/acc@01 = 0.2475  
2025-02-27 03:15:23.597  trn/acc@05 = 0.5921  
2025-02-27 03:15:23.597  trn/acc@10 = 0.7089  
2025-02-27 03:15:23.597  trn/acc@20 = 0.8495  
2025-02-27 03:15:23.597  
  
2025-02-27 03:15:23.896  
  
2025-02-27 03:15:23.896  [VAL_FINETUNE_DTVU_STEPS_1] epoch_54  
2025-02-27 03:15:23.896  =============================================  
2025-02-27 03:15:23.896  val_finetune_dtvu_steps_1/loss = 3.8060  
2025-02-27 03:15:23.896  val_finetune_dtvu_steps_1/acc@01 = 0.3000  
2025-02-27 03:15:23.896  val_finetune_dtvu_steps_1/acc@05 = 0.5000  
2025-02-27 03:15:23.896  val_finetune_dtvu_steps_1/acc@10 = 0.5500  
2025-02-27 03:15:23.896  val_finetune_dtvu_steps_1/acc@20 = 0.7000  
2025-02-27 03:15:23.896  
  
2025-02-27 03:15:24.196  
  
2025-02-27 03:15:24.196  [VAL_FINETUNE_DTVU_STEPS_3] epoch_54  
2025-02-27 03:15:24.196  =============================================  
2025-02-27 03:15:24.196  val_finetune_dtvu_steps_3/loss = 3.5878  
2025-02-27 03:15:24.196  val_finetune_dtvu_steps_3/acc@01 = 0.3333  
2025-02-27 03:15:24.196  val_finetune_dtvu_steps_3/acc@05 = 0.5667  
2025-02-27 03:15:24.196  val_finetune_dtvu_steps_3/acc@10 = 0.6333  
2025-02-27 03:15:24.196  val_finetune_dtvu_steps_3/acc@20 = 0.7500  
2025-02-27 03:15:24.196  
  
2025-02-27 03:15:27.355  
  
2025-02-27 03:15:27.355  [TRN] epoch_55  
2025-02-27 03:15:27.356  =============================================  
2025-02-27 03:15:27.356  trn/loss = 3.1851  
2025-02-27 03:15:27.356  trn/acc@01 = 0.2545  
2025-02-27 03:15:27.356  trn/acc@05 = 0.5818  
2025-02-27 03:15:27.356  trn/acc@10 = 0.6955  
2025-02-27 03:15:27.356  trn/acc@20 = 0.8432  
2025-02-27 03:15:27.356  
  
2025-02-27 03:15:27.656  
  
2025-02-27 03:15:27.656  [VAL_FINETUNE_DTVU_STEPS_1] epoch_55  
2025-02-27 03:15:27.656  =============================================  
2025-02-27 03:15:27.656  val_finetune_dtvu_steps_1/loss = 3.7984  
2025-02-27 03:15:27.656  val_finetune_dtvu_steps_1/acc@01 = 0.3000  
2025-02-27 03:15:27.656  val_finetune_dtvu_steps_1/acc@05 = 0.5000  
2025-02-27 03:15:27.656  val_finetune_dtvu_steps_1/acc@10 = 0.5500  
2025-02-27 03:15:27.656  val_finetune_dtvu_steps_1/acc@20 = 0.7000  
2025-02-27 03:15:27.656  
  
2025-02-27 03:15:27.966  
  
2025-02-27 03:15:27.966  [VAL_FINETUNE_DTVU_STEPS_3] epoch_55  
2025-02-27 03:15:27.967  =============================================  
2025-02-27 03:15:27.967  val_finetune_dtvu_steps_3/loss = 3.5865  
2025-02-27 03:15:27.967  val_finetune_dtvu_steps_3/acc@01 = 0.3333  
2025-02-27 03:15:27.967  val_finetune_dtvu_steps_3/acc@05 = 0.5667  
2025-02-27 03:15:27.967  val_finetune_dtvu_steps_3/acc@10 = 0.6333  
2025-02-27 03:15:27.967  val_finetune_dtvu_steps_3/acc@20 = 0.7500  
2025-02-27 03:15:27.967  
  
2025-02-27 03:15:31.066  
  
2025-02-27 03:15:31.066  [TRN] epoch_56  
2025-02-27 03:15:31.066  =============================================  
2025-02-27 03:15:31.066  trn/loss = 3.0142  
2025-02-27 03:15:31.066  trn/acc@01 = 0.2587  
2025-02-27 03:15:31.066  trn/acc@05 = 0.6348  
2025-02-27 03:15:31.066  trn/acc@10 = 0.7500  
2025-02-27 03:15:31.066  trn/acc@20 = 0.8717  
2025-02-27 03:15:31.066  
  
2025-02-27 03:15:31.377  
  
2025-02-27 03:15:31.377  [VAL_FINETUNE_DTVU_STEPS_1] epoch_56  
2025-02-27 03:15:31.377  =============================================  
2025-02-27 03:15:31.377  val_finetune_dtvu_steps_1/loss = 3.9521  
2025-02-27 03:15:31.377  val_finetune_dtvu_steps_1/acc@01 = 0.2000  
2025-02-27 03:15:31.377  val_finetune_dtvu_steps_1/acc@05 = 0.5000  
2025-02-27 03:15:31.377  val_finetune_dtvu_steps_1/acc@10 = 0.5500  
2025-02-27 03:15:31.377  val_finetune_dtvu_steps_1/acc@20 = 0.7000  
2025-02-27 03:15:31.379  
  
2025-02-27 03:15:31.691  
  
2025-02-27 03:15:31.691  [VAL_FINETUNE_DTVU_STEPS_3] epoch_56  
2025-02-27 03:15:31.691  =============================================  
2025-02-27 03:15:31.691  val_finetune_dtvu_steps_3/loss = 3.7686  
2025-02-27 03:15:31.691  val_finetune_dtvu_steps_3/acc@01 = 0.2500  
2025-02-27 03:15:31.691  val_finetune_dtvu_steps_3/acc@05 = 0.5667  
2025-02-27 03:15:31.691  val_finetune_dtvu_steps_3/acc@10 = 0.6333  
2025-02-27 03:15:31.691  val_finetune_dtvu_steps_3/acc@20 = 0.7500  
2025-02-27 03:15:31.691  
  
2025-02-27 03:15:34.799  
  
2025-02-27 03:15:34.799  [TRN] epoch_57  
2025-02-27 03:15:34.799  =============================================  
2025-02-27 03:15:34.799  trn/loss = 2.9964  
2025-02-27 03:15:34.799  trn/acc@01 = 0.2833  
2025-02-27 03:15:34.799  trn/acc@05 = 0.6062  
2025-02-27 03:15:34.799  trn/acc@10 = 0.7188  
2025-02-27 03:15:34.799  trn/acc@20 = 0.8375  
2025-02-27 03:15:34.799  
  
2025-02-27 03:15:35.106  
  
2025-02-27 03:15:35.106  [VAL_FINETUNE_DTVU_STEPS_1] epoch_57  
2025-02-27 03:15:35.106  =============================================  
2025-02-27 03:15:35.106  val_finetune_dtvu_steps_1/loss = 3.7939  
2025-02-27 03:15:35.106  val_finetune_dtvu_steps_1/acc@01 = 0.3000  
2025-02-27 03:15:35.106  val_finetune_dtvu_steps_1/acc@05 = 0.5000  
2025-02-27 03:15:35.106  val_finetune_dtvu_steps_1/acc@10 = 0.6000  
2025-02-27 03:15:35.106  val_finetune_dtvu_steps_1/acc@20 = 0.7000  
2025-02-27 03:15:35.106  
  
2025-02-27 03:15:35.407  
  
2025-02-27 03:15:35.407  [VAL_FINETUNE_DTVU_STEPS_3] epoch_57  
2025-02-27 03:15:35.407  =============================================  
2025-02-27 03:15:35.407  val_finetune_dtvu_steps_3/loss = 3.6583  
2025-02-27 03:15:35.407  val_finetune_dtvu_steps_3/acc@01 = 0.3000  
2025-02-27 03:15:35.407  val_finetune_dtvu_steps_3/acc@05 = 0.5167  
2025-02-27 03:15:35.407  val_finetune_dtvu_steps_3/acc@10 = 0.6500  
2025-02-27 03:15:35.407  val_finetune_dtvu_steps_3/acc@20 = 0.7500  
2025-02-27 03:15:35.407  
  
2025-02-27 03:15:38.520  
  
2025-02-27 03:15:38.520  [TRN] epoch_58  
2025-02-27 03:15:38.520  =============================================  
2025-02-27 03:15:38.520  trn/loss = 3.1718  
2025-02-27 03:15:38.520  trn/acc@01 = 0.2444  
2025-02-27 03:15:38.520  trn/acc@05 = 0.5899  
2025-02-27 03:15:38.520  trn/acc@10 = 0.6828  
2025-02-27 03:15:38.520  trn/acc@20 = 0.8162  
2025-02-27 03:15:38.520  
  
2025-02-27 03:15:38.827  
  
2025-02-27 03:15:38.827  [VAL_FINETUNE_DTVU_STEPS_1] epoch_58  
2025-02-27 03:15:38.827  =============================================  
2025-02-27 03:15:38.827  val_finetune_dtvu_steps_1/loss = 3.8292  
2025-02-27 03:15:38.827  val_finetune_dtvu_steps_1/acc@01 = 0.2500  
2025-02-27 03:15:38.827  val_finetune_dtvu_steps_1/acc@05 = 0.5000  
2025-02-27 03:15:38.827  val_finetune_dtvu_steps_1/acc@10 = 0.5500  
2025-02-27 03:15:38.827  val_finetune_dtvu_steps_1/acc@20 = 0.7000  
2025-02-27 03:15:38.827  
  
2025-02-27 03:15:39.138  
  
2025-02-27 03:15:39.138  [VAL_FINETUNE_DTVU_STEPS_3] epoch_58  
2025-02-27 03:15:39.138  =============================================  
2025-02-27 03:15:39.138  val_finetune_dtvu_steps_3/loss = 3.6428  
2025-02-27 03:15:39.138  val_finetune_dtvu_steps_3/acc@01 = 0.2833  
2025-02-27 03:15:39.138  val_finetune_dtvu_steps_3/acc@05 = 0.5333  
2025-02-27 03:15:39.138  val_finetune_dtvu_steps_3/acc@10 = 0.6000  
2025-02-27 03:15:39.138  val_finetune_dtvu_steps_3/acc@20 = 0.7500  
2025-02-27 03:15:39.138  
  
2025-02-27 03:15:42.341  
  
2025-02-27 03:15:42.341  [TRN] epoch_59  
2025-02-27 03:15:42.341  =============================================  
2025-02-27 03:15:42.341  trn/loss = 3.1328  
2025-02-27 03:15:42.341  trn/acc@01 = 0.2400  
2025-02-27 03:15:42.341  trn/acc@05 = 0.5960  
2025-02-27 03:15:42.341  trn/acc@10 = 0.7060  
2025-02-27 03:15:42.341  trn/acc@20 = 0.8220  
2025-02-27 03:15:42.341  
  
2025-02-27 03:15:42.646  
  
2025-02-27 03:15:42.646  [VAL_FINETUNE_DTVU_STEPS_1] epoch_59  
2025-02-27 03:15:42.647  =============================================  
2025-02-27 03:15:42.647  val_finetune_dtvu_steps_1/loss = 3.7839  
2025-02-27 03:15:42.647  val_finetune_dtvu_steps_1/acc@01 = 0.3000  
2025-02-27 03:15:42.647  val_finetune_dtvu_steps_1/acc@05 = 0.4500  
2025-02-27 03:15:42.647  val_finetune_dtvu_steps_1/acc@10 = 0.6000  
2025-02-27 03:15:42.647  val_finetune_dtvu_steps_1/acc@20 = 0.7500  
2025-02-27 03:15:42.647  
  
2025-02-27 03:15:42.950  
  
2025-02-27 03:15:42.950  [VAL_FINETUNE_DTVU_STEPS_3] epoch_59  
2025-02-27 03:15:42.950  =============================================  
2025-02-27 03:15:42.950  val_finetune_dtvu_steps_3/loss = 3.5777  
2025-02-27 03:15:42.950  val_finetune_dtvu_steps_3/acc@01 = 0.3333  
2025-02-27 03:15:42.950  val_finetune_dtvu_steps_3/acc@05 = 0.5167  
2025-02-27 03:15:42.950  val_finetune_dtvu_steps_3/acc@10 = 0.6667  
2025-02-27 03:15:42.950  val_finetune_dtvu_steps_3/acc@20 = 0.7667  
2025-02-27 03:15:42.950  
  
2025-02-27 03:15:46.077  
  
2025-02-27 03:15:46.077  [TRN] epoch_60  
2025-02-27 03:15:46.077  =============================================  
2025-02-27 03:15:46.085  trn/loss = 2.9991  
2025-02-27 03:15:46.085  trn/acc@01 = 0.2725  
2025-02-27 03:15:46.085  trn/acc@05 = 0.6333  
2025-02-27 03:15:46.085  trn/acc@10 = 0.7471  
2025-02-27 03:15:46.085  trn/acc@20 = 0.8647  
2025-02-27 03:15:46.085  
  
2025-02-27 03:15:46.390  
  
2025-02-27 03:15:46.390  [VAL_FINETUNE_DTVU_STEPS_1] epoch_60  
2025-02-27 03:15:46.390  =============================================  
2025-02-27 03:15:46.390  val_finetune_dtvu_steps_1/loss = 3.8029  
2025-02-27 03:15:46.390  val_finetune_dtvu_steps_1/acc@01 = 0.3000  
2025-02-27 03:15:46.390  val_finetune_dtvu_steps_1/acc@05 = 0.4500  
2025-02-27 03:15:46.390  val_finetune_dtvu_steps_1/acc@10 = 0.5500  
2025-02-27 03:15:46.390  val_finetune_dtvu_steps_1/acc@20 = 0.7500  
2025-02-27 03:15:46.390  
  
2025-02-27 03:15:46.699  
  
2025-02-27 03:15:46.699  [VAL_FINETUNE_DTVU_STEPS_3] epoch_60  
2025-02-27 03:15:46.699  =============================================  
2025-02-27 03:15:46.699  val_finetune_dtvu_steps_3/loss = 3.6409  
2025-02-27 03:15:46.699  val_finetune_dtvu_steps_3/acc@01 = 0.3333  
2025-02-27 03:15:46.699  val_finetune_dtvu_steps_3/acc@05 = 0.5667  
2025-02-27 03:15:46.699  val_finetune_dtvu_steps_3/acc@10 = 0.6333  
2025-02-27 03:15:46.699  val_finetune_dtvu_steps_3/acc@20 = 0.7667  
2025-02-27 03:15:46.699  
  
2025-02-27 03:15:49.862  
  
2025-02-27 03:15:49.862  [TRN] epoch_61  
2025-02-27 03:15:49.862  =============================================  
2025-02-27 03:15:49.862  trn/loss = 2.9409  
2025-02-27 03:15:49.862  trn/acc@01 = 0.2716  
2025-02-27 03:15:49.862  trn/acc@05 = 0.6358  
2025-02-27 03:15:49.862  trn/acc@10 = 0.7537  
2025-02-27 03:15:49.862  trn/acc@20 = 0.8568  
2025-02-27 03:15:49.862  
  
2025-02-27 03:15:50.171  
  
2025-02-27 03:15:50.171  [VAL_FINETUNE_DTVU_STEPS_1] epoch_61  
2025-02-27 03:15:50.171  =============================================  
2025-02-27 03:15:50.171  val_finetune_dtvu_steps_1/loss = 3.7691  
2025-02-27 03:15:50.171  val_finetune_dtvu_steps_1/acc@01 = 0.3000  
2025-02-27 03:15:50.171  val_finetune_dtvu_steps_1/acc@05 = 0.5000  
2025-02-27 03:15:50.171  val_finetune_dtvu_steps_1/acc@10 = 0.5500  
2025-02-27 03:15:50.171  val_finetune_dtvu_steps_1/acc@20 = 0.7500  
2025-02-27 03:15:50.171  
  
2025-02-27 03:15:50.481  
  
2025-02-27 03:15:50.481  [VAL_FINETUNE_DTVU_STEPS_3] epoch_61  
2025-02-27 03:15:50.481  =============================================  
2025-02-27 03:15:50.481  val_finetune_dtvu_steps_3/loss = 3.5615  
2025-02-27 03:15:50.481  val_finetune_dtvu_steps_3/acc@01 = 0.3333  
2025-02-27 03:15:50.481  val_finetune_dtvu_steps_3/acc@05 = 0.5667  
2025-02-27 03:15:50.481  val_finetune_dtvu_steps_3/acc@10 = 0.6333  
2025-02-27 03:15:50.481  val_finetune_dtvu_steps_3/acc@20 = 0.7667  
2025-02-27 03:15:50.481  
  
2025-02-27 03:15:53.708  
  
2025-02-27 03:15:53.708  [TRN] epoch_62  
2025-02-27 03:15:53.708  =============================================  
2025-02-27 03:15:53.708  trn/loss = 2.9927  
2025-02-27 03:15:53.709  trn/acc@01 = 0.2667  
2025-02-27 03:15:53.709  trn/acc@05 = 0.6324  
2025-02-27 03:15:53.709  trn/acc@10 = 0.7486  
2025-02-27 03:15:53.709  trn/acc@20 = 0.8590  
2025-02-27 03:15:53.709  
  
2025-02-27 03:15:54.013  
  
2025-02-27 03:15:54.013  [VAL_FINETUNE_DTVU_STEPS_1] epoch_62  
2025-02-27 03:15:54.013  =============================================  
2025-02-27 03:15:54.014  val_finetune_dtvu_steps_1/loss = 3.8070  
2025-02-27 03:15:54.014  val_finetune_dtvu_steps_1/acc@01 = 0.3000  
2025-02-27 03:15:54.014  val_finetune_dtvu_steps_1/acc@05 = 0.5000  
2025-02-27 03:15:54.014  val_finetune_dtvu_steps_1/acc@10 = 0.5500  
2025-02-27 03:15:54.014  val_finetune_dtvu_steps_1/acc@20 = 0.7500  
2025-02-27 03:15:54.014  
  
2025-02-27 03:15:54.323  
  
2025-02-27 03:15:54.323  [VAL_FINETUNE_DTVU_STEPS_3] epoch_62  
2025-02-27 03:15:54.323  =============================================  
2025-02-27 03:15:54.325  val_finetune_dtvu_steps_3/loss = 3.5857  
2025-02-27 03:15:54.325  val_finetune_dtvu_steps_3/acc@01 = 0.3333  
2025-02-27 03:15:54.325  val_finetune_dtvu_steps_3/acc@05 = 0.5667  
2025-02-27 03:15:54.326  val_finetune_dtvu_steps_3/acc@10 = 0.6167  
2025-02-27 03:15:54.326  val_finetune_dtvu_steps_3/acc@20 = 0.7667  
2025-02-27 03:15:54.326  
  
2025-02-27 03:15:57.545  
  
2025-02-27 03:15:57.545  [TRN] epoch_63  
2025-02-27 03:15:57.545  =============================================  
2025-02-27 03:15:57.545  trn/loss = 2.9988  
2025-02-27 03:15:57.546  trn/acc@01 = 0.2780  
2025-02-27 03:15:57.546  trn/acc@05 = 0.6080  
2025-02-27 03:15:57.546  trn/acc@10 = 0.7460  
2025-02-27 03:15:57.546  trn/acc@20 = 0.8560  
2025-02-27 03:15:57.546  
  
2025-02-27 03:15:57.850  
  
2025-02-27 03:15:57.850  [VAL_FINETUNE_DTVU_STEPS_1] epoch_63  
2025-02-27 03:15:57.850  =============================================  
2025-02-27 03:15:57.850  val_finetune_dtvu_steps_1/loss = 3.7944  
2025-02-27 03:15:57.850  val_finetune_dtvu_steps_1/acc@01 = 0.3000  
2025-02-27 03:15:57.850  val_finetune_dtvu_steps_1/acc@05 = 0.5000  
2025-02-27 03:15:57.850  val_finetune_dtvu_steps_1/acc@10 = 0.5500  
2025-02-27 03:15:57.850  val_finetune_dtvu_steps_1/acc@20 = 0.7500  
2025-02-27 03:15:57.850  
  
2025-02-27 03:15:58.156  
  
2025-02-27 03:15:58.156  [VAL_FINETUNE_DTVU_STEPS_3] epoch_63  
2025-02-27 03:15:58.156  =============================================  
2025-02-27 03:15:58.156  val_finetune_dtvu_steps_3/loss = 3.5769  
2025-02-27 03:15:58.156  val_finetune_dtvu_steps_3/acc@01 = 0.3333  
2025-02-27 03:15:58.156  val_finetune_dtvu_steps_3/acc@05 = 0.5833  
2025-02-27 03:15:58.156  val_finetune_dtvu_steps_3/acc@10 = 0.6167  
2025-02-27 03:15:58.156  val_finetune_dtvu_steps_3/acc@20 = 0.7667  
2025-02-27 03:15:58.156  
  
