2025-02-26 23:07:28.897  
  
2025-02-26 23:07:28.897  [TRN] epoch_00  
2025-02-26 23:07:28.902  =============================================  
2025-02-26 23:07:28.902  trn/loss = 6.0292  
2025-02-26 23:07:28.902  trn/acc@01 = 0.0291  
2025-02-26 23:07:28.903  trn/acc@05 = 0.0985  
2025-02-26 23:07:28.903  trn/acc@10 = 0.1408  
2025-02-26 23:07:28.903  trn/acc@20 = 0.1878  
2025-02-26 23:07:28.903  
  
2025-02-26 23:07:28.953  
  
2025-02-26 23:07:28.953  [VAL_FINETUNE_DTVU_STEPS_1] epoch_00  
2025-02-26 23:07:28.953  =============================================  
2025-02-26 23:07:28.953  val_finetune_dtvu_steps_1/loss = 5.5408  
2025-02-26 23:07:28.953  val_finetune_dtvu_steps_1/acc@01 = 0.0500  
2025-02-26 23:07:28.953  val_finetune_dtvu_steps_1/acc@05 = 0.2250  
2025-02-26 23:07:28.962  val_finetune_dtvu_steps_1/acc@10 = 0.3125  
2025-02-26 23:07:28.962  val_finetune_dtvu_steps_1/acc@20 = 0.3750  
2025-02-26 23:07:28.962  
  
2025-02-26 23:07:29.014  
  
2025-02-26 23:07:29.014  [VAL_FINETUNE_DTVU_STEPS_3] epoch_00  
2025-02-26 23:07:29.014  =============================================  
2025-02-26 23:07:29.014  val_finetune_dtvu_steps_3/loss = 5.6538  
2025-02-26 23:07:29.014  val_finetune_dtvu_steps_3/acc@01 = 0.0458  
2025-02-26 23:07:29.014  val_finetune_dtvu_steps_3/acc@05 = 0.1625  
2025-02-26 23:07:29.014  val_finetune_dtvu_steps_3/acc@10 = 0.2500  
2025-02-26 23:07:29.014  val_finetune_dtvu_steps_3/acc@20 = 0.3292  
2025-02-26 23:07:29.014  
  
2025-02-26 23:07:29.623  
  
2025-02-26 23:07:29.623  [TRN] epoch_01  
2025-02-26 23:07:29.623  =============================================  
2025-02-26 23:07:29.623  trn/loss = 5.3874  
2025-02-26 23:07:29.623  trn/acc@01 = 0.0910  
2025-02-26 23:07:29.623  trn/acc@05 = 0.2074  
2025-02-26 23:07:29.623  trn/acc@10 = 0.2819  
2025-02-26 23:07:29.623  trn/acc@20 = 0.3883  
2025-02-26 23:07:29.623  
  
2025-02-26 23:07:29.673  
  
2025-02-26 23:07:29.673  [VAL_FINETUNE_DTVU_STEPS_1] epoch_01  
2025-02-26 23:07:29.674  =============================================  
2025-02-26 23:07:29.674  val_finetune_dtvu_steps_1/loss = 4.9899  
2025-02-26 23:07:29.674  val_finetune_dtvu_steps_1/acc@01 = 0.1750  
2025-02-26 23:07:29.674  val_finetune_dtvu_steps_1/acc@05 = 0.3750  
2025-02-26 23:07:29.674  val_finetune_dtvu_steps_1/acc@10 = 0.3750  
2025-02-26 23:07:29.674  val_finetune_dtvu_steps_1/acc@20 = 0.4625  
2025-02-26 23:07:29.674  
  
2025-02-26 23:07:29.727  
  
2025-02-26 23:07:29.727  [VAL_FINETUNE_DTVU_STEPS_3] epoch_01  
2025-02-26 23:07:29.727  =============================================  
2025-02-26 23:07:29.727  val_finetune_dtvu_steps_3/loss = 5.1300  
2025-02-26 23:07:29.727  val_finetune_dtvu_steps_3/acc@01 = 0.1375  
2025-02-26 23:07:29.727  val_finetune_dtvu_steps_3/acc@05 = 0.3125  
2025-02-26 23:07:29.727  val_finetune_dtvu_steps_3/acc@10 = 0.3167  
2025-02-26 23:07:29.727  val_finetune_dtvu_steps_3/acc@20 = 0.4375  
2025-02-26 23:07:29.727  
  
2025-02-26 23:07:30.303  
  
2025-02-26 23:07:30.303  [TRN] epoch_02  
2025-02-26 23:07:30.303  =============================================  
2025-02-26 23:07:30.303  trn/loss = 4.8083  
2025-02-26 23:07:30.303  trn/acc@01 = 0.1741  
2025-02-26 23:07:30.303  trn/acc@05 = 0.3458  
2025-02-26 23:07:30.303  trn/acc@10 = 0.4259  
2025-02-26 23:07:30.303  trn/acc@20 = 0.5099  
2025-02-26 23:07:30.303  
  
2025-02-26 23:07:30.358  
  
2025-02-26 23:07:30.358  [VAL_FINETUNE_DTVU_STEPS_1] epoch_02  
2025-02-26 23:07:30.358  =============================================  
2025-02-26 23:07:30.358  val_finetune_dtvu_steps_1/loss = 4.4678  
2025-02-26 23:07:30.358  val_finetune_dtvu_steps_1/acc@01 = 0.3000  
2025-02-26 23:07:30.358  val_finetune_dtvu_steps_1/acc@05 = 0.4625  
2025-02-26 23:07:30.358  val_finetune_dtvu_steps_1/acc@10 = 0.4875  
2025-02-26 23:07:30.358  val_finetune_dtvu_steps_1/acc@20 = 0.5375  
2025-02-26 23:07:30.358  
  
2025-02-26 23:07:30.417  
  
2025-02-26 23:07:30.417  [VAL_FINETUNE_DTVU_STEPS_3] epoch_02  
2025-02-26 23:07:30.417  =============================================  
2025-02-26 23:07:30.417  val_finetune_dtvu_steps_3/loss = 4.6843  
2025-02-26 23:07:30.417  val_finetune_dtvu_steps_3/acc@01 = 0.2333  
2025-02-26 23:07:30.417  val_finetune_dtvu_steps_3/acc@05 = 0.4167  
2025-02-26 23:07:30.417  val_finetune_dtvu_steps_3/acc@10 = 0.4375  
2025-02-26 23:07:30.417  val_finetune_dtvu_steps_3/acc@20 = 0.5083  
2025-02-26 23:07:30.417  
  
2025-02-26 23:07:30.953  
  
2025-02-26 23:07:30.953  [TRN] epoch_03  
2025-02-26 23:07:30.953  =============================================  
2025-02-26 23:07:30.953  trn/loss = 4.3960  
2025-02-26 23:07:30.953  trn/acc@01 = 0.2464  
2025-02-26 23:07:30.953  trn/acc@05 = 0.4634  
2025-02-26 23:07:30.953  trn/acc@10 = 0.5124  
2025-02-26 23:07:30.953  trn/acc@20 = 0.5696  
2025-02-26 23:07:30.953  
  
2025-02-26 23:07:30.994  
  
2025-02-26 23:07:30.994  [VAL_FINETUNE_DTVU_STEPS_1] epoch_03  
2025-02-26 23:07:30.994  =============================================  
2025-02-26 23:07:30.994  val_finetune_dtvu_steps_1/loss = 4.1434  
2025-02-26 23:07:30.994  val_finetune_dtvu_steps_1/acc@01 = 0.3250  
2025-02-26 23:07:30.994  val_finetune_dtvu_steps_1/acc@05 = 0.5125  
2025-02-26 23:07:30.994  val_finetune_dtvu_steps_1/acc@10 = 0.5250  
2025-02-26 23:07:30.994  val_finetune_dtvu_steps_1/acc@20 = 0.5750  
2025-02-26 23:07:30.994  
  
2025-02-26 23:07:31.063  
  
2025-02-26 23:07:31.063  [VAL_FINETUNE_DTVU_STEPS_3] epoch_03  
2025-02-26 23:07:31.063  =============================================  
2025-02-26 23:07:31.063  val_finetune_dtvu_steps_3/loss = 4.3984  
2025-02-26 23:07:31.063  val_finetune_dtvu_steps_3/acc@01 = 0.2542  
2025-02-26 23:07:31.063  val_finetune_dtvu_steps_3/acc@05 = 0.4667  
2025-02-26 23:07:31.063  val_finetune_dtvu_steps_3/acc@10 = 0.5083  
2025-02-26 23:07:31.063  val_finetune_dtvu_steps_3/acc@20 = 0.5500  
2025-02-26 23:07:31.063  
  
2025-02-26 23:07:31.614  
  
2025-02-26 23:07:31.614  [TRN] epoch_04  
2025-02-26 23:07:31.614  =============================================  
2025-02-26 23:07:31.614  trn/loss = 3.9455  
2025-02-26 23:07:31.614  trn/acc@01 = 0.2907  
2025-02-26 23:07:31.614  trn/acc@05 = 0.5533  
2025-02-26 23:07:31.614  trn/acc@10 = 0.5986  
2025-02-26 23:07:31.614  trn/acc@20 = 0.6570  
2025-02-26 23:07:31.614  
  
2025-02-26 23:07:31.674  
  
2025-02-26 23:07:31.674  [VAL_FINETUNE_DTVU_STEPS_1] epoch_04  
2025-02-26 23:07:31.674  =============================================  
2025-02-26 23:07:31.674  val_finetune_dtvu_steps_1/loss = 4.0431  
2025-02-26 23:07:31.674  val_finetune_dtvu_steps_1/acc@01 = 0.2625  
2025-02-26 23:07:31.674  val_finetune_dtvu_steps_1/acc@05 = 0.5250  
2025-02-26 23:07:31.674  val_finetune_dtvu_steps_1/acc@10 = 0.5875  
2025-02-26 23:07:31.674  val_finetune_dtvu_steps_1/acc@20 = 0.6125  
2025-02-26 23:07:31.674  
  
2025-02-26 23:07:31.735  
  
2025-02-26 23:07:31.735  [VAL_FINETUNE_DTVU_STEPS_3] epoch_04  
2025-02-26 23:07:31.735  =============================================  
2025-02-26 23:07:31.736  val_finetune_dtvu_steps_3/loss = 4.2714  
2025-02-26 23:07:31.736  val_finetune_dtvu_steps_3/acc@01 = 0.2292  
2025-02-26 23:07:31.736  val_finetune_dtvu_steps_3/acc@05 = 0.4750  
2025-02-26 23:07:31.736  val_finetune_dtvu_steps_3/acc@10 = 0.5417  
2025-02-26 23:07:31.736  val_finetune_dtvu_steps_3/acc@20 = 0.5917  
2025-02-26 23:07:31.736  
  
2025-02-26 23:07:32.322  
  
2025-02-26 23:07:32.323  [TRN] epoch_05  
2025-02-26 23:07:32.323  =============================================  
2025-02-26 23:07:32.323  trn/loss = 3.7735  
2025-02-26 23:07:32.323  trn/acc@01 = 0.2908  
2025-02-26 23:07:32.323  trn/acc@05 = 0.5495  
2025-02-26 23:07:32.323  trn/acc@10 = 0.6158  
2025-02-26 23:07:32.323  trn/acc@20 = 0.6859  
2025-02-26 23:07:32.323  
  
2025-02-26 23:07:32.373  
  
2025-02-26 23:07:32.373  [VAL_FINETUNE_DTVU_STEPS_1] epoch_05  
2025-02-26 23:07:32.373  =============================================  
2025-02-26 23:07:32.373  val_finetune_dtvu_steps_1/loss = 3.8577  
2025-02-26 23:07:32.373  val_finetune_dtvu_steps_1/acc@01 = 0.3250  
2025-02-26 23:07:32.373  val_finetune_dtvu_steps_1/acc@05 = 0.5500  
2025-02-26 23:07:32.373  val_finetune_dtvu_steps_1/acc@10 = 0.6000  
2025-02-26 23:07:32.373  val_finetune_dtvu_steps_1/acc@20 = 0.6500  
2025-02-26 23:07:32.373  
  
2025-02-26 23:07:32.433  
  
2025-02-26 23:07:32.433  [VAL_FINETUNE_DTVU_STEPS_3] epoch_05  
2025-02-26 23:07:32.433  =============================================  
2025-02-26 23:07:32.433  val_finetune_dtvu_steps_3/loss = 4.1079  
2025-02-26 23:07:32.433  val_finetune_dtvu_steps_3/acc@01 = 0.2625  
2025-02-26 23:07:32.433  val_finetune_dtvu_steps_3/acc@05 = 0.5167  
2025-02-26 23:07:32.433  val_finetune_dtvu_steps_3/acc@10 = 0.5750  
2025-02-26 23:07:32.433  val_finetune_dtvu_steps_3/acc@20 = 0.6333  
2025-02-26 23:07:32.442  
  
2025-02-26 23:07:33.084  
  
2025-02-26 23:07:33.084  [TRN] epoch_06  
2025-02-26 23:07:33.084  =============================================  
2025-02-26 23:07:33.084  trn/loss = 3.7574  
2025-02-26 23:07:33.084  trn/acc@01 = 0.2675  
2025-02-26 23:07:33.084  trn/acc@05 = 0.5552  
2025-02-26 23:07:33.084  trn/acc@10 = 0.6325  
2025-02-26 23:07:33.084  trn/acc@20 = 0.7067  
2025-02-26 23:07:33.084  
  
2025-02-26 23:07:33.127  
  
2025-02-26 23:07:33.127  [VAL_FINETUNE_DTVU_STEPS_1] epoch_06  
2025-02-26 23:07:33.127  =============================================  
2025-02-26 23:07:33.127  val_finetune_dtvu_steps_1/loss = 3.7140  
2025-02-26 23:07:33.127  val_finetune_dtvu_steps_1/acc@01 = 0.3125  
2025-02-26 23:07:33.127  val_finetune_dtvu_steps_1/acc@05 = 0.5500  
2025-02-26 23:07:33.127  val_finetune_dtvu_steps_1/acc@10 = 0.6375  
2025-02-26 23:07:33.127  val_finetune_dtvu_steps_1/acc@20 = 0.7125  
2025-02-26 23:07:33.127  
  
2025-02-26 23:07:33.174  
  
2025-02-26 23:07:33.174  [VAL_FINETUNE_DTVU_STEPS_3] epoch_06  
2025-02-26 23:07:33.182  =============================================  
2025-02-26 23:07:33.182  val_finetune_dtvu_steps_3/loss = 3.9126  
2025-02-26 23:07:33.182  val_finetune_dtvu_steps_3/acc@01 = 0.2500  
2025-02-26 23:07:33.182  val_finetune_dtvu_steps_3/acc@05 = 0.5417  
2025-02-26 23:07:33.182  val_finetune_dtvu_steps_3/acc@10 = 0.6250  
2025-02-26 23:07:33.182  val_finetune_dtvu_steps_3/acc@20 = 0.6833  
2025-02-26 23:07:33.182  
  
2025-02-26 23:07:33.744  
  
2025-02-26 23:07:33.744  [TRN] epoch_07  
2025-02-26 23:07:33.744  =============================================  
2025-02-26 23:07:33.744  trn/loss = 3.5806  
2025-02-26 23:07:33.744  trn/acc@01 = 0.2629  
2025-02-26 23:07:33.752  trn/acc@05 = 0.5946  
2025-02-26 23:07:33.752  trn/acc@10 = 0.6795  
2025-02-26 23:07:33.752  trn/acc@20 = 0.7464  
2025-02-26 23:07:33.752  
  
2025-02-26 23:07:33.803  
  
2025-02-26 23:07:33.803  [VAL_FINETUNE_DTVU_STEPS_1] epoch_07  
2025-02-26 23:07:33.803  =============================================  
2025-02-26 23:07:33.803  val_finetune_dtvu_steps_1/loss = 3.6662  
2025-02-26 23:07:33.803  val_finetune_dtvu_steps_1/acc@01 = 0.3250  
2025-02-26 23:07:33.803  val_finetune_dtvu_steps_1/acc@05 = 0.5750  
2025-02-26 23:07:33.803  val_finetune_dtvu_steps_1/acc@10 = 0.6500  
2025-02-26 23:07:33.803  val_finetune_dtvu_steps_1/acc@20 = 0.7500  
2025-02-26 23:07:33.803  
  
2025-02-26 23:07:33.854  
  
2025-02-26 23:07:33.854  [VAL_FINETUNE_DTVU_STEPS_3] epoch_07  
2025-02-26 23:07:33.854  =============================================  
2025-02-26 23:07:33.854  val_finetune_dtvu_steps_3/loss = 3.8407  
2025-02-26 23:07:33.854  val_finetune_dtvu_steps_3/acc@01 = 0.2708  
2025-02-26 23:07:33.854  val_finetune_dtvu_steps_3/acc@05 = 0.5458  
2025-02-26 23:07:33.854  val_finetune_dtvu_steps_3/acc@10 = 0.6292  
2025-02-26 23:07:33.854  val_finetune_dtvu_steps_3/acc@20 = 0.7042  
2025-02-26 23:07:33.854  
  
2025-02-26 23:07:34.434  
  
2025-02-26 23:07:34.434  [TRN] epoch_08  
2025-02-26 23:07:34.434  =============================================  
2025-02-26 23:07:34.434  trn/loss = 3.3987  
2025-02-26 23:07:34.434  trn/acc@01 = 0.2772  
2025-02-26 23:07:34.434  trn/acc@05 = 0.6146  
2025-02-26 23:07:34.434  trn/acc@10 = 0.7044  
2025-02-26 23:07:34.434  trn/acc@20 = 0.7786  
2025-02-26 23:07:34.434  
  
2025-02-26 23:07:34.482  
  
2025-02-26 23:07:34.482  [VAL_FINETUNE_DTVU_STEPS_1] epoch_08  
2025-02-26 23:07:34.482  =============================================  
2025-02-26 23:07:34.482  val_finetune_dtvu_steps_1/loss = 3.5452  
2025-02-26 23:07:34.482  val_finetune_dtvu_steps_1/acc@01 = 0.3250  
2025-02-26 23:07:34.482  val_finetune_dtvu_steps_1/acc@05 = 0.6125  
2025-02-26 23:07:34.482  val_finetune_dtvu_steps_1/acc@10 = 0.6750  
2025-02-26 23:07:34.482  val_finetune_dtvu_steps_1/acc@20 = 0.8000  
2025-02-26 23:07:34.482  
  
2025-02-26 23:07:34.534  
  
2025-02-26 23:07:34.534  [VAL_FINETUNE_DTVU_STEPS_3] epoch_08  
2025-02-26 23:07:34.534  =============================================  
2025-02-26 23:07:34.534  val_finetune_dtvu_steps_3/loss = 3.7460  
2025-02-26 23:07:34.534  val_finetune_dtvu_steps_3/acc@01 = 0.2583  
2025-02-26 23:07:34.534  val_finetune_dtvu_steps_3/acc@05 = 0.5708  
2025-02-26 23:07:34.534  val_finetune_dtvu_steps_3/acc@10 = 0.6667  
2025-02-26 23:07:34.534  val_finetune_dtvu_steps_3/acc@20 = 0.7500  
2025-02-26 23:07:34.534  
  
2025-02-26 23:07:35.034  
  
2025-02-26 23:07:35.034  [TRN] epoch_09  
2025-02-26 23:07:35.034  =============================================  
2025-02-26 23:07:35.034  trn/loss = 3.3376  
2025-02-26 23:07:35.034  trn/acc@01 = 0.2909  
2025-02-26 23:07:35.034  trn/acc@05 = 0.6102  
2025-02-26 23:07:35.034  trn/acc@10 = 0.7048  
2025-02-26 23:07:35.034  trn/acc@20 = 0.7763  
2025-02-26 23:07:35.034  
  
2025-02-26 23:07:35.083  
  
2025-02-26 23:07:35.083  [VAL_FINETUNE_DTVU_STEPS_1] epoch_09  
2025-02-26 23:07:35.083  =============================================  
2025-02-26 23:07:35.083  val_finetune_dtvu_steps_1/loss = 3.4941  
2025-02-26 23:07:35.083  val_finetune_dtvu_steps_1/acc@01 = 0.3375  
2025-02-26 23:07:35.083  val_finetune_dtvu_steps_1/acc@05 = 0.5875  
2025-02-26 23:07:35.083  val_finetune_dtvu_steps_1/acc@10 = 0.6375  
2025-02-26 23:07:35.083  val_finetune_dtvu_steps_1/acc@20 = 0.8000  
2025-02-26 23:07:35.083  
  
2025-02-26 23:07:35.134  
  
2025-02-26 23:07:35.142  [VAL_FINETUNE_DTVU_STEPS_3] epoch_09  
2025-02-26 23:07:35.142  =============================================  
2025-02-26 23:07:35.142  val_finetune_dtvu_steps_3/loss = 3.6870  
2025-02-26 23:07:35.142  val_finetune_dtvu_steps_3/acc@01 = 0.2875  
2025-02-26 23:07:35.142  val_finetune_dtvu_steps_3/acc@05 = 0.5667  
2025-02-26 23:07:35.142  val_finetune_dtvu_steps_3/acc@10 = 0.6625  
2025-02-26 23:07:35.142  val_finetune_dtvu_steps_3/acc@20 = 0.7583  
2025-02-26 23:07:35.142  
  
2025-02-26 23:07:35.734  
  
2025-02-26 23:07:35.734  [TRN] epoch_10  
2025-02-26 23:07:35.734  =============================================  
2025-02-26 23:07:35.734  trn/loss = 3.2725  
2025-02-26 23:07:35.734  trn/acc@01 = 0.2745  
2025-02-26 23:07:35.734  trn/acc@05 = 0.6250  
2025-02-26 23:07:35.734  trn/acc@10 = 0.7382  
2025-02-26 23:07:35.734  trn/acc@20 = 0.8184  
2025-02-26 23:07:35.734  
  
2025-02-26 23:07:35.786  
  
2025-02-26 23:07:35.786  [VAL_FINETUNE_DTVU_STEPS_1] epoch_10  
2025-02-26 23:07:35.786  =============================================  
2025-02-26 23:07:35.786  val_finetune_dtvu_steps_1/loss = 3.5229  
2025-02-26 23:07:35.786  val_finetune_dtvu_steps_1/acc@01 = 0.2875  
2025-02-26 23:07:35.786  val_finetune_dtvu_steps_1/acc@05 = 0.5750  
2025-02-26 23:07:35.786  val_finetune_dtvu_steps_1/acc@10 = 0.6750  
2025-02-26 23:07:35.786  val_finetune_dtvu_steps_1/acc@20 = 0.8000  
2025-02-26 23:07:35.787  
  
2025-02-26 23:07:35.843  
  
2025-02-26 23:07:35.843  [VAL_FINETUNE_DTVU_STEPS_3] epoch_10  
2025-02-26 23:07:35.843  =============================================  
2025-02-26 23:07:35.843  val_finetune_dtvu_steps_3/loss = 3.7050  
2025-02-26 23:07:35.843  val_finetune_dtvu_steps_3/acc@01 = 0.2417  
2025-02-26 23:07:35.843  val_finetune_dtvu_steps_3/acc@05 = 0.5583  
2025-02-26 23:07:35.843  val_finetune_dtvu_steps_3/acc@10 = 0.6833  
2025-02-26 23:07:35.843  val_finetune_dtvu_steps_3/acc@20 = 0.7542  
2025-02-26 23:07:35.843  
  
2025-02-26 23:07:36.393  
  
2025-02-26 23:07:36.394  [TRN] epoch_11  
2025-02-26 23:07:36.394  =============================================  
2025-02-26 23:07:36.394  trn/loss = 3.1620  
2025-02-26 23:07:36.394  trn/acc@01 = 0.2870  
2025-02-26 23:07:36.394  trn/acc@05 = 0.6370  
2025-02-26 23:07:36.394  trn/acc@10 = 0.7466  
2025-02-26 23:07:36.394  trn/acc@20 = 0.8192  
2025-02-26 23:07:36.394  
  
2025-02-26 23:07:36.467  
  
2025-02-26 23:07:36.467  [VAL_FINETUNE_DTVU_STEPS_1] epoch_11  
2025-02-26 23:07:36.467  =============================================  
2025-02-26 23:07:36.467  val_finetune_dtvu_steps_1/loss = 3.4080  
2025-02-26 23:07:36.467  val_finetune_dtvu_steps_1/acc@01 = 0.3125  
2025-02-26 23:07:36.467  val_finetune_dtvu_steps_1/acc@05 = 0.5625  
2025-02-26 23:07:36.467  val_finetune_dtvu_steps_1/acc@10 = 0.7125  
2025-02-26 23:07:36.467  val_finetune_dtvu_steps_1/acc@20 = 0.8125  
2025-02-26 23:07:36.467  
  
2025-02-26 23:07:36.533  
  
2025-02-26 23:07:36.533  [VAL_FINETUNE_DTVU_STEPS_3] epoch_11  
2025-02-26 23:07:36.533  =============================================  
2025-02-26 23:07:36.533  val_finetune_dtvu_steps_3/loss = 3.6143  
2025-02-26 23:07:36.533  val_finetune_dtvu_steps_3/acc@01 = 0.2542  
2025-02-26 23:07:36.533  val_finetune_dtvu_steps_3/acc@05 = 0.5542  
2025-02-26 23:07:36.533  val_finetune_dtvu_steps_3/acc@10 = 0.6833  
2025-02-26 23:07:36.533  val_finetune_dtvu_steps_3/acc@20 = 0.7667  
2025-02-26 23:07:36.533  
  
2025-02-26 23:07:37.088  
  
2025-02-26 23:07:37.088  [TRN] epoch_12  
2025-02-26 23:07:37.088  =============================================  
2025-02-26 23:07:37.088  trn/loss = 3.1530  
2025-02-26 23:07:37.088  trn/acc@01 = 0.2737  
2025-02-26 23:07:37.088  trn/acc@05 = 0.6132  
2025-02-26 23:07:37.088  trn/acc@10 = 0.7432  
2025-02-26 23:07:37.092  trn/acc@20 = 0.8179  
2025-02-26 23:07:37.092  
  
2025-02-26 23:07:37.133  
  
2025-02-26 23:07:37.133  [VAL_FINETUNE_DTVU_STEPS_1] epoch_12  
2025-02-26 23:07:37.133  =============================================  
2025-02-26 23:07:37.133  val_finetune_dtvu_steps_1/loss = 3.3980  
2025-02-26 23:07:37.133  val_finetune_dtvu_steps_1/acc@01 = 0.2875  
2025-02-26 23:07:37.133  val_finetune_dtvu_steps_1/acc@05 = 0.5875  
2025-02-26 23:07:37.133  val_finetune_dtvu_steps_1/acc@10 = 0.7250  
2025-02-26 23:07:37.133  val_finetune_dtvu_steps_1/acc@20 = 0.8250  
2025-02-26 23:07:37.133  
  
2025-02-26 23:07:37.219  
  
2025-02-26 23:07:37.219  [VAL_FINETUNE_DTVU_STEPS_3] epoch_12  
2025-02-26 23:07:37.220  =============================================  
2025-02-26 23:07:37.220  val_finetune_dtvu_steps_3/loss = 3.5824  
2025-02-26 23:07:37.220  val_finetune_dtvu_steps_3/acc@01 = 0.2417  
2025-02-26 23:07:37.220  val_finetune_dtvu_steps_3/acc@05 = 0.5708  
2025-02-26 23:07:37.220  val_finetune_dtvu_steps_3/acc@10 = 0.7042  
2025-02-26 23:07:37.220  val_finetune_dtvu_steps_3/acc@20 = 0.7708  
2025-02-26 23:07:37.220  
  
2025-02-26 23:07:37.773  
  
2025-02-26 23:07:37.773  [TRN] epoch_13  
2025-02-26 23:07:37.773  =============================================  
2025-02-26 23:07:37.773  trn/loss = 3.1142  
2025-02-26 23:07:37.773  trn/acc@01 = 0.2788  
2025-02-26 23:07:37.773  trn/acc@05 = 0.6146  
2025-02-26 23:07:37.773  trn/acc@10 = 0.7354  
2025-02-26 23:07:37.773  trn/acc@20 = 0.8288  
2025-02-26 23:07:37.773  
  
2025-02-26 23:07:37.824  
  
2025-02-26 23:07:37.824  [VAL_FINETUNE_DTVU_STEPS_1] epoch_13  
2025-02-26 23:07:37.824  =============================================  
2025-02-26 23:07:37.824  val_finetune_dtvu_steps_1/loss = 3.3357  
2025-02-26 23:07:37.824  val_finetune_dtvu_steps_1/acc@01 = 0.3000  
2025-02-26 23:07:37.824  val_finetune_dtvu_steps_1/acc@05 = 0.5250  
2025-02-26 23:07:37.824  val_finetune_dtvu_steps_1/acc@10 = 0.7375  
2025-02-26 23:07:37.824  val_finetune_dtvu_steps_1/acc@20 = 0.8250  
2025-02-26 23:07:37.824  
  
2025-02-26 23:07:37.883  
  
2025-02-26 23:07:37.883  [VAL_FINETUNE_DTVU_STEPS_3] epoch_13  
2025-02-26 23:07:37.883  =============================================  
2025-02-26 23:07:37.883  val_finetune_dtvu_steps_3/loss = 3.5025  
2025-02-26 23:07:37.883  val_finetune_dtvu_steps_3/acc@01 = 0.2750  
2025-02-26 23:07:37.883  val_finetune_dtvu_steps_3/acc@05 = 0.5500  
2025-02-26 23:07:37.883  val_finetune_dtvu_steps_3/acc@10 = 0.7250  
2025-02-26 23:07:37.883  val_finetune_dtvu_steps_3/acc@20 = 0.7958  
2025-02-26 23:07:37.883  
  
2025-02-26 23:07:38.420  
  
2025-02-26 23:07:38.420  [TRN] epoch_14  
2025-02-26 23:07:38.420  =============================================  
2025-02-26 23:07:38.420  trn/loss = 2.9545  
2025-02-26 23:07:38.420  trn/acc@01 = 0.2938  
2025-02-26 23:07:38.422  trn/acc@05 = 0.6500  
2025-02-26 23:07:38.422  trn/acc@10 = 0.7696  
2025-02-26 23:07:38.422  trn/acc@20 = 0.8515  
2025-02-26 23:07:38.422  
  
2025-02-26 23:07:38.467  
  
2025-02-26 23:07:38.467  [VAL_FINETUNE_DTVU_STEPS_1] epoch_14  
2025-02-26 23:07:38.467  =============================================  
2025-02-26 23:07:38.467  val_finetune_dtvu_steps_1/loss = 3.3798  
2025-02-26 23:07:38.467  val_finetune_dtvu_steps_1/acc@01 = 0.2750  
2025-02-26 23:07:38.467  val_finetune_dtvu_steps_1/acc@05 = 0.5625  
2025-02-26 23:07:38.467  val_finetune_dtvu_steps_1/acc@10 = 0.7125  
2025-02-26 23:07:38.467  val_finetune_dtvu_steps_1/acc@20 = 0.8000  
2025-02-26 23:07:38.467  
  
2025-02-26 23:07:38.533  
  
2025-02-26 23:07:38.533  [VAL_FINETUNE_DTVU_STEPS_3] epoch_14  
2025-02-26 23:07:38.533  =============================================  
2025-02-26 23:07:38.533  val_finetune_dtvu_steps_3/loss = 3.5517  
2025-02-26 23:07:38.533  val_finetune_dtvu_steps_3/acc@01 = 0.2542  
2025-02-26 23:07:38.533  val_finetune_dtvu_steps_3/acc@05 = 0.5458  
2025-02-26 23:07:38.533  val_finetune_dtvu_steps_3/acc@10 = 0.7125  
2025-02-26 23:07:38.533  val_finetune_dtvu_steps_3/acc@20 = 0.7708  
2025-02-26 23:07:38.533  
  
2025-02-26 23:07:39.064  
  
2025-02-26 23:07:39.064  [TRN] epoch_15  
2025-02-26 23:07:39.064  =============================================  
2025-02-26 23:07:39.064  trn/loss = 2.8728  
2025-02-26 23:07:39.064  trn/acc@01 = 0.3071  
2025-02-26 23:07:39.064  trn/acc@05 = 0.6561  
2025-02-26 23:07:39.064  trn/acc@10 = 0.7747  
2025-02-26 23:07:39.064  trn/acc@20 = 0.8576  
2025-02-26 23:07:39.064  
  
2025-02-26 23:07:39.104  
  
2025-02-26 23:07:39.104  [VAL_FINETUNE_DTVU_STEPS_1] epoch_15  
2025-02-26 23:07:39.104  =============================================  
2025-02-26 23:07:39.104  val_finetune_dtvu_steps_1/loss = 3.4508  
2025-02-26 23:07:39.104  val_finetune_dtvu_steps_1/acc@01 = 0.3000  
2025-02-26 23:07:39.104  val_finetune_dtvu_steps_1/acc@05 = 0.5625  
2025-02-26 23:07:39.104  val_finetune_dtvu_steps_1/acc@10 = 0.7125  
2025-02-26 23:07:39.104  val_finetune_dtvu_steps_1/acc@20 = 0.7875  
2025-02-26 23:07:39.104  
  
2025-02-26 23:07:39.175  
  
2025-02-26 23:07:39.175  [VAL_FINETUNE_DTVU_STEPS_3] epoch_15  
2025-02-26 23:07:39.175  =============================================  
2025-02-26 23:07:39.175  val_finetune_dtvu_steps_3/loss = 3.6079  
2025-02-26 23:07:39.175  val_finetune_dtvu_steps_3/acc@01 = 0.2500  
2025-02-26 23:07:39.175  val_finetune_dtvu_steps_3/acc@05 = 0.5542  
2025-02-26 23:07:39.175  val_finetune_dtvu_steps_3/acc@10 = 0.7083  
2025-02-26 23:07:39.175  val_finetune_dtvu_steps_3/acc@20 = 0.7667  
2025-02-26 23:07:39.175  
  
2025-02-26 23:07:39.725  
  
2025-02-26 23:07:39.725  [TRN] epoch_16  
2025-02-26 23:07:39.725  =============================================  
2025-02-26 23:07:39.725  trn/loss = 2.9117  
2025-02-26 23:07:39.725  trn/acc@01 = 0.3283  
2025-02-26 23:07:39.725  trn/acc@05 = 0.6495  
2025-02-26 23:07:39.725  trn/acc@10 = 0.7687  
2025-02-26 23:07:39.725  trn/acc@20 = 0.8545  
2025-02-26 23:07:39.725  
  
2025-02-26 23:07:39.784  
  
2025-02-26 23:07:39.784  [VAL_FINETUNE_DTVU_STEPS_1] epoch_16  
2025-02-26 23:07:39.784  =============================================  
2025-02-26 23:07:39.784  val_finetune_dtvu_steps_1/loss = 3.3859  
2025-02-26 23:07:39.784  val_finetune_dtvu_steps_1/acc@01 = 0.3125  
2025-02-26 23:07:39.784  val_finetune_dtvu_steps_1/acc@05 = 0.5625  
2025-02-26 23:07:39.784  val_finetune_dtvu_steps_1/acc@10 = 0.7500  
2025-02-26 23:07:39.784  val_finetune_dtvu_steps_1/acc@20 = 0.8000  
2025-02-26 23:07:39.784  
  
2025-02-26 23:07:39.842  
  
2025-02-26 23:07:39.842  [VAL_FINETUNE_DTVU_STEPS_3] epoch_16  
2025-02-26 23:07:39.842  =============================================  
2025-02-26 23:07:39.842  val_finetune_dtvu_steps_3/loss = 3.5452  
2025-02-26 23:07:39.842  val_finetune_dtvu_steps_3/acc@01 = 0.2875  
2025-02-26 23:07:39.843  val_finetune_dtvu_steps_3/acc@05 = 0.5667  
2025-02-26 23:07:39.843  val_finetune_dtvu_steps_3/acc@10 = 0.7125  
2025-02-26 23:07:39.843  val_finetune_dtvu_steps_3/acc@20 = 0.7708  
2025-02-26 23:07:39.843  
  
2025-02-26 23:07:40.372  
  
2025-02-26 23:07:40.372  [TRN] epoch_17  
2025-02-26 23:07:40.372  =============================================  
2025-02-26 23:07:40.372  trn/loss = 2.9151  
2025-02-26 23:07:40.372  trn/acc@01 = 0.2995  
2025-02-26 23:07:40.372  trn/acc@05 = 0.6440  
2025-02-26 23:07:40.372  trn/acc@10 = 0.7583  
2025-02-26 23:07:40.372  trn/acc@20 = 0.8454  
2025-02-26 23:07:40.372  
  
2025-02-26 23:07:40.432  
  
2025-02-26 23:07:40.432  [VAL_FINETUNE_DTVU_STEPS_1] epoch_17  
2025-02-26 23:07:40.432  =============================================  
2025-02-26 23:07:40.432  val_finetune_dtvu_steps_1/loss = 3.3694  
2025-02-26 23:07:40.432  val_finetune_dtvu_steps_1/acc@01 = 0.2625  
2025-02-26 23:07:40.432  val_finetune_dtvu_steps_1/acc@05 = 0.5750  
2025-02-26 23:07:40.432  val_finetune_dtvu_steps_1/acc@10 = 0.7500  
2025-02-26 23:07:40.432  val_finetune_dtvu_steps_1/acc@20 = 0.8250  
2025-02-26 23:07:40.432  
  
2025-02-26 23:07:40.502  
  
2025-02-26 23:07:40.502  [VAL_FINETUNE_DTVU_STEPS_3] epoch_17  
2025-02-26 23:07:40.502  =============================================  
2025-02-26 23:07:40.502  val_finetune_dtvu_steps_3/loss = 3.5355  
2025-02-26 23:07:40.503  val_finetune_dtvu_steps_3/acc@01 = 0.2667  
2025-02-26 23:07:40.503  val_finetune_dtvu_steps_3/acc@05 = 0.5458  
2025-02-26 23:07:40.503  val_finetune_dtvu_steps_3/acc@10 = 0.7125  
2025-02-26 23:07:40.503  val_finetune_dtvu_steps_3/acc@20 = 0.7833  
2025-02-26 23:07:40.503  
  
2025-02-26 23:07:41.142  
  
2025-02-26 23:07:41.143  [TRN] epoch_18  
2025-02-26 23:07:41.145  =============================================  
2025-02-26 23:07:41.147  trn/loss = 2.8748  
2025-02-26 23:07:41.149  trn/acc@01 = 0.2973  
2025-02-26 23:07:41.152  trn/acc@05 = 0.6263  
2025-02-26 23:07:41.154  trn/acc@10 = 0.7554  
2025-02-26 23:07:41.154  trn/acc@20 = 0.8558  
2025-02-26 23:07:41.154  
  
2025-02-26 23:07:41.251  
  
2025-02-26 23:07:41.256  [VAL_FINETUNE_DTVU_STEPS_1] epoch_18  
2025-02-26 23:07:41.264  =============================================  
2025-02-26 23:07:41.274  val_finetune_dtvu_steps_1/loss = 3.2991  
2025-02-26 23:07:41.274  val_finetune_dtvu_steps_1/acc@01 = 0.3125  
2025-02-26 23:07:41.274  val_finetune_dtvu_steps_1/acc@05 = 0.5875  
2025-02-26 23:07:41.274  val_finetune_dtvu_steps_1/acc@10 = 0.7625  
2025-02-26 23:07:41.274  val_finetune_dtvu_steps_1/acc@20 = 0.8375  
2025-02-26 23:07:41.274  
  
2025-02-26 23:07:41.433  
  
2025-02-26 23:07:41.436  [VAL_FINETUNE_DTVU_STEPS_3] epoch_18  
2025-02-26 23:07:41.442  =============================================  
2025-02-26 23:07:41.443  val_finetune_dtvu_steps_3/loss = 3.4778  
2025-02-26 23:07:41.444  val_finetune_dtvu_steps_3/acc@01 = 0.2833  
2025-02-26 23:07:41.444  val_finetune_dtvu_steps_3/acc@05 = 0.5750  
2025-02-26 23:07:41.445  val_finetune_dtvu_steps_3/acc@10 = 0.7208  
2025-02-26 23:07:41.445  val_finetune_dtvu_steps_3/acc@20 = 0.7792  
2025-02-26 23:07:41.447  
  
2025-02-26 23:07:42.123  
  
2025-02-26 23:07:42.127  [TRN] epoch_19  
2025-02-26 23:07:42.127  =============================================  
2025-02-26 23:07:42.127  trn/loss = 2.8983  
2025-02-26 23:07:42.127  trn/acc@01 = 0.2946  
2025-02-26 23:07:42.127  trn/acc@05 = 0.6363  
2025-02-26 23:07:42.127  trn/acc@10 = 0.7588  
2025-02-26 23:07:42.127  trn/acc@20 = 0.8544  
2025-02-26 23:07:42.127  
  
2025-02-26 23:07:42.172  
  
2025-02-26 23:07:42.172  [VAL_FINETUNE_DTVU_STEPS_1] epoch_19  
2025-02-26 23:07:42.172  =============================================  
2025-02-26 23:07:42.172  val_finetune_dtvu_steps_1/loss = 3.3395  
2025-02-26 23:07:42.172  val_finetune_dtvu_steps_1/acc@01 = 0.3125  
2025-02-26 23:07:42.172  val_finetune_dtvu_steps_1/acc@05 = 0.5500  
2025-02-26 23:07:42.172  val_finetune_dtvu_steps_1/acc@10 = 0.7375  
2025-02-26 23:07:42.172  val_finetune_dtvu_steps_1/acc@20 = 0.8250  
2025-02-26 23:07:42.172  
  
2025-02-26 23:07:42.266  
  
2025-02-26 23:07:42.266  [VAL_FINETUNE_DTVU_STEPS_3] epoch_19  
2025-02-26 23:07:42.266  =============================================  
2025-02-26 23:07:42.266  val_finetune_dtvu_steps_3/loss = 3.5125  
2025-02-26 23:07:42.272  val_finetune_dtvu_steps_3/acc@01 = 0.2708  
2025-02-26 23:07:42.272  val_finetune_dtvu_steps_3/acc@05 = 0.5458  
2025-02-26 23:07:42.272  val_finetune_dtvu_steps_3/acc@10 = 0.7167  
2025-02-26 23:07:42.272  val_finetune_dtvu_steps_3/acc@20 = 0.7792  
2025-02-26 23:07:42.272  
  
2025-02-26 23:07:42.806  
  
2025-02-26 23:07:42.806  [TRN] epoch_20  
2025-02-26 23:07:42.806  =============================================  
2025-02-26 23:07:42.806  trn/loss = 2.8822  
2025-02-26 23:07:42.806  trn/acc@01 = 0.2767  
2025-02-26 23:07:42.806  trn/acc@05 = 0.6379  
2025-02-26 23:07:42.806  trn/acc@10 = 0.7578  
2025-02-26 23:07:42.806  trn/acc@20 = 0.8694  
2025-02-26 23:07:42.806  
  
2025-02-26 23:07:42.876  
  
2025-02-26 23:07:42.876  [VAL_FINETUNE_DTVU_STEPS_1] epoch_20  
2025-02-26 23:07:42.877  =============================================  
2025-02-26 23:07:42.877  val_finetune_dtvu_steps_1/loss = 3.3364  
2025-02-26 23:07:42.877  val_finetune_dtvu_steps_1/acc@01 = 0.3250  
2025-02-26 23:07:42.877  val_finetune_dtvu_steps_1/acc@05 = 0.5875  
2025-02-26 23:07:42.877  val_finetune_dtvu_steps_1/acc@10 = 0.7375  
2025-02-26 23:07:42.877  val_finetune_dtvu_steps_1/acc@20 = 0.8375  
2025-02-26 23:07:42.877  
  
2025-02-26 23:07:42.949  
  
2025-02-26 23:07:42.949  [VAL_FINETUNE_DTVU_STEPS_3] epoch_20  
2025-02-26 23:07:42.949  =============================================  
2025-02-26 23:07:42.949  val_finetune_dtvu_steps_3/loss = 3.5118  
2025-02-26 23:07:42.949  val_finetune_dtvu_steps_3/acc@01 = 0.2958  
2025-02-26 23:07:42.950  val_finetune_dtvu_steps_3/acc@05 = 0.5583  
2025-02-26 23:07:42.950  val_finetune_dtvu_steps_3/acc@10 = 0.7250  
2025-02-26 23:07:42.950  val_finetune_dtvu_steps_3/acc@20 = 0.7792  
2025-02-26 23:07:42.950  
  
2025-02-26 23:07:43.508  
  
2025-02-26 23:07:43.508  [TRN] epoch_21  
2025-02-26 23:07:43.508  =============================================  
2025-02-26 23:07:43.508  trn/loss = 2.8444  
2025-02-26 23:07:43.508  trn/acc@01 = 0.2904  
2025-02-26 23:07:43.508  trn/acc@05 = 0.6422  
2025-02-26 23:07:43.508  trn/acc@10 = 0.7638  
2025-02-26 23:07:43.508  trn/acc@20 = 0.8647  
2025-02-26 23:07:43.509  
  
2025-02-26 23:07:43.551  
  
2025-02-26 23:07:43.551  [VAL_FINETUNE_DTVU_STEPS_1] epoch_21  
2025-02-26 23:07:43.552  =============================================  
2025-02-26 23:07:43.552  val_finetune_dtvu_steps_1/loss = 3.2445  
2025-02-26 23:07:43.552  val_finetune_dtvu_steps_1/acc@01 = 0.3125  
2025-02-26 23:07:43.552  val_finetune_dtvu_steps_1/acc@05 = 0.5750  
2025-02-26 23:07:43.552  val_finetune_dtvu_steps_1/acc@10 = 0.7375  
2025-02-26 23:07:43.552  val_finetune_dtvu_steps_1/acc@20 = 0.8500  
2025-02-26 23:07:43.552  
  
2025-02-26 23:07:43.608  
  
2025-02-26 23:07:43.617  [VAL_FINETUNE_DTVU_STEPS_3] epoch_21  
2025-02-26 23:07:43.617  =============================================  
2025-02-26 23:07:43.617  val_finetune_dtvu_steps_3/loss = 3.4671  
2025-02-26 23:07:43.617  val_finetune_dtvu_steps_3/acc@01 = 0.2667  
2025-02-26 23:07:43.617  val_finetune_dtvu_steps_3/acc@05 = 0.5667  
2025-02-26 23:07:43.617  val_finetune_dtvu_steps_3/acc@10 = 0.7125  
2025-02-26 23:07:43.617  val_finetune_dtvu_steps_3/acc@20 = 0.7958  
2025-02-26 23:07:43.617  
  
2025-02-26 23:07:44.195  
  
2025-02-26 23:07:44.196  [TRN] epoch_22  
2025-02-26 23:07:44.196  =============================================  
2025-02-26 23:07:44.196  trn/loss = 2.8244  
2025-02-26 23:07:44.196  trn/acc@01 = 0.2990  
2025-02-26 23:07:44.196  trn/acc@05 = 0.6362  
2025-02-26 23:07:44.196  trn/acc@10 = 0.7648  
2025-02-26 23:07:44.196  trn/acc@20 = 0.8714  
2025-02-26 23:07:44.197  
  
2025-02-26 23:07:44.246  
  
2025-02-26 23:07:44.246  [VAL_FINETUNE_DTVU_STEPS_1] epoch_22  
2025-02-26 23:07:44.246  =============================================  
2025-02-26 23:07:44.247  val_finetune_dtvu_steps_1/loss = 3.2744  
2025-02-26 23:07:44.247  val_finetune_dtvu_steps_1/acc@01 = 0.3125  
2025-02-26 23:07:44.247  val_finetune_dtvu_steps_1/acc@05 = 0.5625  
2025-02-26 23:07:44.247  val_finetune_dtvu_steps_1/acc@10 = 0.7625  
2025-02-26 23:07:44.247  val_finetune_dtvu_steps_1/acc@20 = 0.8375  
2025-02-26 23:07:44.247  
  
2025-02-26 23:07:44.318  
  
2025-02-26 23:07:44.318  [VAL_FINETUNE_DTVU_STEPS_3] epoch_22  
2025-02-26 23:07:44.318  =============================================  
2025-02-26 23:07:44.318  val_finetune_dtvu_steps_3/loss = 3.4686  
2025-02-26 23:07:44.318  val_finetune_dtvu_steps_3/acc@01 = 0.2625  
2025-02-26 23:07:44.318  val_finetune_dtvu_steps_3/acc@05 = 0.5542  
2025-02-26 23:07:44.318  val_finetune_dtvu_steps_3/acc@10 = 0.7208  
2025-02-26 23:07:44.318  val_finetune_dtvu_steps_3/acc@20 = 0.7917  
2025-02-26 23:07:44.318  
  
2025-02-26 23:07:44.868  
  
2025-02-26 23:07:44.868  [TRN] epoch_23  
2025-02-26 23:07:44.868  =============================================  
2025-02-26 23:07:44.868  trn/loss = 2.8798  
2025-02-26 23:07:44.868  trn/acc@01 = 0.3006  
2025-02-26 23:07:44.868  trn/acc@05 = 0.6167  
2025-02-26 23:07:44.868  trn/acc@10 = 0.7456  
2025-02-26 23:07:44.868  trn/acc@20 = 0.8550  
2025-02-26 23:07:44.868  
  
2025-02-26 23:07:44.928  
  
2025-02-26 23:07:44.928  [VAL_FINETUNE_DTVU_STEPS_1] epoch_23  
2025-02-26 23:07:44.928  =============================================  
2025-02-26 23:07:44.928  val_finetune_dtvu_steps_1/loss = 3.2454  
2025-02-26 23:07:44.928  val_finetune_dtvu_steps_1/acc@01 = 0.3250  
2025-02-26 23:07:44.928  val_finetune_dtvu_steps_1/acc@05 = 0.6000  
2025-02-26 23:07:44.928  val_finetune_dtvu_steps_1/acc@10 = 0.7500  
2025-02-26 23:07:44.928  val_finetune_dtvu_steps_1/acc@20 = 0.8375  
2025-02-26 23:07:44.928  
  
2025-02-26 23:07:44.988  
  
2025-02-26 23:07:44.988  [VAL_FINETUNE_DTVU_STEPS_3] epoch_23  
2025-02-26 23:07:44.988  =============================================  
2025-02-26 23:07:44.988  val_finetune_dtvu_steps_3/loss = 3.4924  
2025-02-26 23:07:44.988  val_finetune_dtvu_steps_3/acc@01 = 0.2750  
2025-02-26 23:07:44.988  val_finetune_dtvu_steps_3/acc@05 = 0.5750  
2025-02-26 23:07:44.988  val_finetune_dtvu_steps_3/acc@10 = 0.7167  
2025-02-26 23:07:44.988  val_finetune_dtvu_steps_3/acc@20 = 0.7958  
2025-02-26 23:07:44.988  
  
2025-02-26 23:07:45.528  
  
2025-02-26 23:07:45.536  [TRN] epoch_24  
2025-02-26 23:07:45.536  =============================================  
2025-02-26 23:07:45.537  trn/loss = 2.7055  
2025-02-26 23:07:45.537  trn/acc@01 = 0.3412  
2025-02-26 23:07:45.537  trn/acc@05 = 0.6557  
2025-02-26 23:07:45.537  trn/acc@10 = 0.7804  
2025-02-26 23:07:45.537  trn/acc@20 = 0.8747  
2025-02-26 23:07:45.537  
  
2025-02-26 23:07:45.577  
  
2025-02-26 23:07:45.577  [VAL_FINETUNE_DTVU_STEPS_1] epoch_24  
2025-02-26 23:07:45.577  =============================================  
2025-02-26 23:07:45.577  val_finetune_dtvu_steps_1/loss = 3.2859  
2025-02-26 23:07:45.577  val_finetune_dtvu_steps_1/acc@01 = 0.3125  
2025-02-26 23:07:45.577  val_finetune_dtvu_steps_1/acc@05 = 0.5750  
2025-02-26 23:07:45.577  val_finetune_dtvu_steps_1/acc@10 = 0.7625  
2025-02-26 23:07:45.577  val_finetune_dtvu_steps_1/acc@20 = 0.8250  
2025-02-26 23:07:45.577  
  
2025-02-26 23:07:45.648  
  
2025-02-26 23:07:45.648  [VAL_FINETUNE_DTVU_STEPS_3] epoch_24  
2025-02-26 23:07:45.648  =============================================  
2025-02-26 23:07:45.648  val_finetune_dtvu_steps_3/loss = 3.5115  
2025-02-26 23:07:45.648  val_finetune_dtvu_steps_3/acc@01 = 0.2667  
2025-02-26 23:07:45.648  val_finetune_dtvu_steps_3/acc@05 = 0.5625  
2025-02-26 23:07:45.648  val_finetune_dtvu_steps_3/acc@10 = 0.7125  
2025-02-26 23:07:45.648  val_finetune_dtvu_steps_3/acc@20 = 0.7917  
2025-02-26 23:07:45.648  
  
2025-02-26 23:07:46.187  
  
2025-02-26 23:07:46.187  [TRN] epoch_25  
2025-02-26 23:07:46.187  =============================================  
2025-02-26 23:07:46.187  trn/loss = 2.6718  
2025-02-26 23:07:46.187  trn/acc@01 = 0.3294  
2025-02-26 23:07:46.187  trn/acc@05 = 0.6640  
2025-02-26 23:07:46.187  trn/acc@10 = 0.7785  
2025-02-26 23:07:46.187  trn/acc@20 = 0.8743  
2025-02-26 23:07:46.188  
  
2025-02-26 23:07:46.241  
  
2025-02-26 23:07:46.241  [VAL_FINETUNE_DTVU_STEPS_1] epoch_25  
2025-02-26 23:07:46.241  =============================================  
2025-02-26 23:07:46.241  val_finetune_dtvu_steps_1/loss = 3.1425  
2025-02-26 23:07:46.241  val_finetune_dtvu_steps_1/acc@01 = 0.3000  
2025-02-26 23:07:46.241  val_finetune_dtvu_steps_1/acc@05 = 0.6250  
2025-02-26 23:07:46.241  val_finetune_dtvu_steps_1/acc@10 = 0.7625  
2025-02-26 23:07:46.241  val_finetune_dtvu_steps_1/acc@20 = 0.8375  
2025-02-26 23:07:46.241  
  
2025-02-26 23:07:46.304  
  
2025-02-26 23:07:46.304  [VAL_FINETUNE_DTVU_STEPS_3] epoch_25  
2025-02-26 23:07:46.304  =============================================  
2025-02-26 23:07:46.304  val_finetune_dtvu_steps_3/loss = 3.4106  
2025-02-26 23:07:46.304  val_finetune_dtvu_steps_3/acc@01 = 0.2833  
2025-02-26 23:07:46.304  val_finetune_dtvu_steps_3/acc@05 = 0.6042  
2025-02-26 23:07:46.304  val_finetune_dtvu_steps_3/acc@10 = 0.7375  
2025-02-26 23:07:46.304  val_finetune_dtvu_steps_3/acc@20 = 0.8000  
2025-02-26 23:07:46.304  
  
2025-02-26 23:07:46.859  
  
2025-02-26 23:07:46.859  [TRN] epoch_26  
2025-02-26 23:07:46.860  =============================================  
2025-02-26 23:07:46.860  trn/loss = 2.5485  
2025-02-26 23:07:46.860  trn/acc@01 = 0.3951  
2025-02-26 23:07:46.860  trn/acc@05 = 0.6885  
2025-02-26 23:07:46.860  trn/acc@10 = 0.7896  
2025-02-26 23:07:46.860  trn/acc@20 = 0.8797  
2025-02-26 23:07:46.860  
  
2025-02-26 23:07:46.911  
  
2025-02-26 23:07:46.911  [VAL_FINETUNE_DTVU_STEPS_1] epoch_26  
2025-02-26 23:07:46.911  =============================================  
2025-02-26 23:07:46.911  val_finetune_dtvu_steps_1/loss = 3.2740  
2025-02-26 23:07:46.911  val_finetune_dtvu_steps_1/acc@01 = 0.3000  
2025-02-26 23:07:46.912  val_finetune_dtvu_steps_1/acc@05 = 0.6000  
2025-02-26 23:07:46.912  val_finetune_dtvu_steps_1/acc@10 = 0.7250  
2025-02-26 23:07:46.912  val_finetune_dtvu_steps_1/acc@20 = 0.8250  
2025-02-26 23:07:46.912  
  
2025-02-26 23:07:46.977  
  
2025-02-26 23:07:46.977  [VAL_FINETUNE_DTVU_STEPS_3] epoch_26  
2025-02-26 23:07:46.977  =============================================  
2025-02-26 23:07:46.977  val_finetune_dtvu_steps_3/loss = 3.4859  
2025-02-26 23:07:46.977  val_finetune_dtvu_steps_3/acc@01 = 0.2583  
2025-02-26 23:07:46.977  val_finetune_dtvu_steps_3/acc@05 = 0.6083  
2025-02-26 23:07:46.977  val_finetune_dtvu_steps_3/acc@10 = 0.7292  
2025-02-26 23:07:46.977  val_finetune_dtvu_steps_3/acc@20 = 0.7958  
2025-02-26 23:07:46.978  
  
2025-02-26 23:07:47.470  
  
2025-02-26 23:07:47.471  [TRN] epoch_27  
2025-02-26 23:07:47.471  =============================================  
2025-02-26 23:07:47.471  trn/loss = 2.6504  
2025-02-26 23:07:47.471  trn/acc@01 = 0.3158  
2025-02-26 23:07:47.471  trn/acc@05 = 0.6772  
2025-02-26 23:07:47.471  trn/acc@10 = 0.8005  
2025-02-26 23:07:47.471  trn/acc@20 = 0.8916  
2025-02-26 23:07:47.471  
  
2025-02-26 23:07:47.515  
  
2025-02-26 23:07:47.515  [VAL_FINETUNE_DTVU_STEPS_1] epoch_27  
2025-02-26 23:07:47.515  =============================================  
2025-02-26 23:07:47.515  val_finetune_dtvu_steps_1/loss = 3.1913  
2025-02-26 23:07:47.515  val_finetune_dtvu_steps_1/acc@01 = 0.3250  
2025-02-26 23:07:47.516  val_finetune_dtvu_steps_1/acc@05 = 0.5750  
2025-02-26 23:07:47.516  val_finetune_dtvu_steps_1/acc@10 = 0.7625  
2025-02-26 23:07:47.516  val_finetune_dtvu_steps_1/acc@20 = 0.8500  
2025-02-26 23:07:47.516  
  
2025-02-26 23:07:47.577  
  
2025-02-26 23:07:47.577  [VAL_FINETUNE_DTVU_STEPS_3] epoch_27  
2025-02-26 23:07:47.577  =============================================  
2025-02-26 23:07:47.577  val_finetune_dtvu_steps_3/loss = 3.4164  
2025-02-26 23:07:47.577  val_finetune_dtvu_steps_3/acc@01 = 0.2875  
2025-02-26 23:07:47.577  val_finetune_dtvu_steps_3/acc@05 = 0.5917  
2025-02-26 23:07:47.577  val_finetune_dtvu_steps_3/acc@10 = 0.7333  
2025-02-26 23:07:47.577  val_finetune_dtvu_steps_3/acc@20 = 0.8083  
2025-02-26 23:07:47.577  
  
2025-02-26 23:07:48.158  
  
2025-02-26 23:07:48.158  [TRN] epoch_28  
2025-02-26 23:07:48.158  =============================================  
2025-02-26 23:07:48.158  trn/loss = 2.5500  
2025-02-26 23:07:48.158  trn/acc@01 = 0.3599  
2025-02-26 23:07:48.158  trn/acc@05 = 0.6787  
2025-02-26 23:07:48.158  trn/acc@10 = 0.7980  
2025-02-26 23:07:48.158  trn/acc@20 = 0.8980  
2025-02-26 23:07:48.158  
  
2025-02-26 23:07:48.204  
  
2025-02-26 23:07:48.204  [VAL_FINETUNE_DTVU_STEPS_1] epoch_28  
2025-02-26 23:07:48.204  =============================================  
2025-02-26 23:07:48.204  val_finetune_dtvu_steps_1/loss = 3.1977  
2025-02-26 23:07:48.204  val_finetune_dtvu_steps_1/acc@01 = 0.3125  
2025-02-26 23:07:48.204  val_finetune_dtvu_steps_1/acc@05 = 0.6000  
2025-02-26 23:07:48.204  val_finetune_dtvu_steps_1/acc@10 = 0.7625  
2025-02-26 23:07:48.204  val_finetune_dtvu_steps_1/acc@20 = 0.8625  
2025-02-26 23:07:48.204  
  
2025-02-26 23:07:48.258  
  
2025-02-26 23:07:48.258  [VAL_FINETUNE_DTVU_STEPS_3] epoch_28  
2025-02-26 23:07:48.258  =============================================  
2025-02-26 23:07:48.258  val_finetune_dtvu_steps_3/loss = 3.4627  
2025-02-26 23:07:48.258  val_finetune_dtvu_steps_3/acc@01 = 0.2792  
2025-02-26 23:07:48.258  val_finetune_dtvu_steps_3/acc@05 = 0.5917  
2025-02-26 23:07:48.258  val_finetune_dtvu_steps_3/acc@10 = 0.7292  
2025-02-26 23:07:48.258  val_finetune_dtvu_steps_3/acc@20 = 0.8167  
2025-02-26 23:07:48.258  
  
2025-02-26 23:07:48.862  
  
2025-02-26 23:07:48.862  [TRN] epoch_29  
2025-02-26 23:07:48.862  =============================================  
2025-02-26 23:07:48.862  trn/loss = 2.5659  
2025-02-26 23:07:48.862  trn/acc@01 = 0.3288  
2025-02-26 23:07:48.862  trn/acc@05 = 0.6832  
2025-02-26 23:07:48.864  trn/acc@10 = 0.8029  
2025-02-26 23:07:48.864  trn/acc@20 = 0.8976  
2025-02-26 23:07:48.864  
  
2025-02-26 23:07:48.915  
  
2025-02-26 23:07:48.915  [VAL_FINETUNE_DTVU_STEPS_1] epoch_29  
2025-02-26 23:07:48.916  =============================================  
2025-02-26 23:07:48.916  val_finetune_dtvu_steps_1/loss = 3.1331  
2025-02-26 23:07:48.916  val_finetune_dtvu_steps_1/acc@01 = 0.3125  
2025-02-26 23:07:48.916  val_finetune_dtvu_steps_1/acc@05 = 0.6000  
2025-02-26 23:07:48.916  val_finetune_dtvu_steps_1/acc@10 = 0.7750  
2025-02-26 23:07:48.916  val_finetune_dtvu_steps_1/acc@20 = 0.8750  
2025-02-26 23:07:48.916  
  
2025-02-26 23:07:48.992  
  
2025-02-26 23:07:48.993  [VAL_FINETUNE_DTVU_STEPS_3] epoch_29  
2025-02-26 23:07:48.993  =============================================  
2025-02-26 23:07:48.993  val_finetune_dtvu_steps_3/loss = 3.3858  
2025-02-26 23:07:48.993  val_finetune_dtvu_steps_3/acc@01 = 0.3000  
2025-02-26 23:07:48.993  val_finetune_dtvu_steps_3/acc@05 = 0.6083  
2025-02-26 23:07:48.993  val_finetune_dtvu_steps_3/acc@10 = 0.7375  
2025-02-26 23:07:48.994  val_finetune_dtvu_steps_3/acc@20 = 0.8083  
2025-02-26 23:07:48.994  
  
2025-02-26 23:07:49.490  
  
2025-02-26 23:07:49.490  [TRN] epoch_30  
2025-02-26 23:07:49.490  =============================================  
2025-02-26 23:07:49.490  trn/loss = 2.5736  
2025-02-26 23:07:49.490  trn/acc@01 = 0.3446  
2025-02-26 23:07:49.490  trn/acc@05 = 0.6941  
2025-02-26 23:07:49.490  trn/acc@10 = 0.8147  
2025-02-26 23:07:49.490  trn/acc@20 = 0.9025  
2025-02-26 23:07:49.490  
  
2025-02-26 23:07:49.535  
  
2025-02-26 23:07:49.535  [VAL_FINETUNE_DTVU_STEPS_1] epoch_30  
2025-02-26 23:07:49.536  =============================================  
2025-02-26 23:07:49.536  val_finetune_dtvu_steps_1/loss = 3.1799  
2025-02-26 23:07:49.536  val_finetune_dtvu_steps_1/acc@01 = 0.3125  
2025-02-26 23:07:49.537  val_finetune_dtvu_steps_1/acc@05 = 0.6125  
2025-02-26 23:07:49.537  val_finetune_dtvu_steps_1/acc@10 = 0.7625  
2025-02-26 23:07:49.537  val_finetune_dtvu_steps_1/acc@20 = 0.8625  
2025-02-26 23:07:49.537  
  
2025-02-26 23:07:49.591  
  
2025-02-26 23:07:49.591  [VAL_FINETUNE_DTVU_STEPS_3] epoch_30  
2025-02-26 23:07:49.591  =============================================  
2025-02-26 23:07:49.591  val_finetune_dtvu_steps_3/loss = 3.4446  
2025-02-26 23:07:49.591  val_finetune_dtvu_steps_3/acc@01 = 0.3083  
2025-02-26 23:07:49.592  val_finetune_dtvu_steps_3/acc@05 = 0.6000  
2025-02-26 23:07:49.592  val_finetune_dtvu_steps_3/acc@10 = 0.7333  
2025-02-26 23:07:49.592  val_finetune_dtvu_steps_3/acc@20 = 0.8000  
2025-02-26 23:07:49.592  
  
2025-02-26 23:07:50.093  
  
2025-02-26 23:07:50.094  [TRN] epoch_31  
2025-02-26 23:07:50.094  =============================================  
2025-02-26 23:07:50.094  trn/loss = 2.4916  
2025-02-26 23:07:50.094  trn/acc@01 = 0.3860  
2025-02-26 23:07:50.094  trn/acc@05 = 0.6915  
2025-02-26 23:07:50.094  trn/acc@10 = 0.8100  
2025-02-26 23:07:50.094  trn/acc@20 = 0.8930  
2025-02-26 23:07:50.094  
  
2025-02-26 23:07:50.139  
  
2025-02-26 23:07:50.139  [VAL_FINETUNE_DTVU_STEPS_1] epoch_31  
2025-02-26 23:07:50.140  =============================================  
2025-02-26 23:07:50.140  val_finetune_dtvu_steps_1/loss = 3.1971  
2025-02-26 23:07:50.140  val_finetune_dtvu_steps_1/acc@01 = 0.3250  
2025-02-26 23:07:50.140  val_finetune_dtvu_steps_1/acc@05 = 0.5875  
2025-02-26 23:07:50.140  val_finetune_dtvu_steps_1/acc@10 = 0.7625  
2025-02-26 23:07:50.140  val_finetune_dtvu_steps_1/acc@20 = 0.8500  
2025-02-26 23:07:50.140  
  
2025-02-26 23:07:50.193  
  
2025-02-26 23:07:50.193  [VAL_FINETUNE_DTVU_STEPS_3] epoch_31  
2025-02-26 23:07:50.194  =============================================  
2025-02-26 23:07:50.194  val_finetune_dtvu_steps_3/loss = 3.4695  
2025-02-26 23:07:50.194  val_finetune_dtvu_steps_3/acc@01 = 0.2833  
2025-02-26 23:07:50.194  val_finetune_dtvu_steps_3/acc@05 = 0.5917  
2025-02-26 23:07:50.194  val_finetune_dtvu_steps_3/acc@10 = 0.7250  
2025-02-26 23:07:50.194  val_finetune_dtvu_steps_3/acc@20 = 0.8167  
2025-02-26 23:07:50.194  
  
2025-02-26 23:07:50.691  
  
2025-02-26 23:07:50.692  [TRN] epoch_32  
2025-02-26 23:07:50.692  =============================================  
2025-02-26 23:07:50.692  trn/loss = 2.5845  
2025-02-26 23:07:50.692  trn/acc@01 = 0.3340  
2025-02-26 23:07:50.692  trn/acc@05 = 0.6956  
2025-02-26 23:07:50.692  trn/acc@10 = 0.8141  
2025-02-26 23:07:50.693  trn/acc@20 = 0.8913  
2025-02-26 23:07:50.693  
  
2025-02-26 23:07:50.740  
  
2025-02-26 23:07:50.741  [VAL_FINETUNE_DTVU_STEPS_1] epoch_32  
2025-02-26 23:07:50.741  =============================================  
2025-02-26 23:07:50.741  val_finetune_dtvu_steps_1/loss = 3.1584  
2025-02-26 23:07:50.741  val_finetune_dtvu_steps_1/acc@01 = 0.3125  
2025-02-26 23:07:50.741  val_finetune_dtvu_steps_1/acc@05 = 0.6000  
2025-02-26 23:07:50.741  val_finetune_dtvu_steps_1/acc@10 = 0.7625  
2025-02-26 23:07:50.741  val_finetune_dtvu_steps_1/acc@20 = 0.8750  
2025-02-26 23:07:50.741  
  
2025-02-26 23:07:50.797  
  
2025-02-26 23:07:50.797  [VAL_FINETUNE_DTVU_STEPS_3] epoch_32  
2025-02-26 23:07:50.797  =============================================  
2025-02-26 23:07:50.797  val_finetune_dtvu_steps_3/loss = 3.4173  
2025-02-26 23:07:50.798  val_finetune_dtvu_steps_3/acc@01 = 0.2958  
2025-02-26 23:07:50.798  val_finetune_dtvu_steps_3/acc@05 = 0.5917  
2025-02-26 23:07:50.798  val_finetune_dtvu_steps_3/acc@10 = 0.7375  
2025-02-26 23:07:50.798  val_finetune_dtvu_steps_3/acc@20 = 0.8208  
2025-02-26 23:07:50.798  
  
2025-02-26 23:07:51.328  
  
2025-02-26 23:07:51.328  [TRN] epoch_33  
2025-02-26 23:07:51.328  =============================================  
2025-02-26 23:07:51.328  trn/loss = 2.2995  
2025-02-26 23:07:51.328  trn/acc@01 = 0.4000  
2025-02-26 23:07:51.328  trn/acc@05 = 0.7240  
2025-02-26 23:07:51.328  trn/acc@10 = 0.8235  
2025-02-26 23:07:51.328  trn/acc@20 = 0.9103  
2025-02-26 23:07:51.328  
  
2025-02-26 23:07:51.388  
  
2025-02-26 23:07:51.388  [VAL_FINETUNE_DTVU_STEPS_1] epoch_33  
2025-02-26 23:07:51.388  =============================================  
2025-02-26 23:07:51.388  val_finetune_dtvu_steps_1/loss = 3.1758  
2025-02-26 23:07:51.388  val_finetune_dtvu_steps_1/acc@01 = 0.2750  
2025-02-26 23:07:51.388  val_finetune_dtvu_steps_1/acc@05 = 0.6000  
2025-02-26 23:07:51.388  val_finetune_dtvu_steps_1/acc@10 = 0.7250  
2025-02-26 23:07:51.388  val_finetune_dtvu_steps_1/acc@20 = 0.8750  
2025-02-26 23:07:51.388  
  
2025-02-26 23:07:51.446  
  
2025-02-26 23:07:51.447  [VAL_FINETUNE_DTVU_STEPS_3] epoch_33  
2025-02-26 23:07:51.447  =============================================  
2025-02-26 23:07:51.447  val_finetune_dtvu_steps_3/loss = 3.4075  
2025-02-26 23:07:51.447  val_finetune_dtvu_steps_3/acc@01 = 0.2667  
2025-02-26 23:07:51.447  val_finetune_dtvu_steps_3/acc@05 = 0.6000  
2025-02-26 23:07:51.447  val_finetune_dtvu_steps_3/acc@10 = 0.7333  
2025-02-26 23:07:51.447  val_finetune_dtvu_steps_3/acc@20 = 0.8208  
2025-02-26 23:07:51.447  
  
2025-02-26 23:07:51.957  
  
2025-02-26 23:07:51.957  [TRN] epoch_34  
2025-02-26 23:07:51.957  =============================================  
2025-02-26 23:07:51.957  trn/loss = 2.4453  
2025-02-26 23:07:51.957  trn/acc@01 = 0.3634  
2025-02-26 23:07:51.957  trn/acc@05 = 0.7208  
2025-02-26 23:07:51.957  trn/acc@10 = 0.8396  
2025-02-26 23:07:51.957  trn/acc@20 = 0.9203  
2025-02-26 23:07:51.957  
  
2025-02-26 23:07:52.028  
  
2025-02-26 23:07:52.028  [VAL_FINETUNE_DTVU_STEPS_1] epoch_34  
2025-02-26 23:07:52.028  =============================================  
2025-02-26 23:07:52.028  val_finetune_dtvu_steps_1/loss = 3.1208  
2025-02-26 23:07:52.028  val_finetune_dtvu_steps_1/acc@01 = 0.3125  
2025-02-26 23:07:52.028  val_finetune_dtvu_steps_1/acc@05 = 0.6125  
2025-02-26 23:07:52.028  val_finetune_dtvu_steps_1/acc@10 = 0.7500  
2025-02-26 23:07:52.028  val_finetune_dtvu_steps_1/acc@20 = 0.8500  
2025-02-26 23:07:52.028  
  
2025-02-26 23:07:52.080  
  
2025-02-26 23:07:52.080  [VAL_FINETUNE_DTVU_STEPS_3] epoch_34  
2025-02-26 23:07:52.080  =============================================  
2025-02-26 23:07:52.080  val_finetune_dtvu_steps_3/loss = 3.3960  
2025-02-26 23:07:52.080  val_finetune_dtvu_steps_3/acc@01 = 0.3000  
2025-02-26 23:07:52.080  val_finetune_dtvu_steps_3/acc@05 = 0.6250  
2025-02-26 23:07:52.080  val_finetune_dtvu_steps_3/acc@10 = 0.7375  
2025-02-26 23:07:52.080  val_finetune_dtvu_steps_3/acc@20 = 0.8208  
2025-02-26 23:07:52.080  
  
2025-02-26 23:07:52.651  
  
2025-02-26 23:07:52.651  [TRN] epoch_35  
2025-02-26 23:07:52.651  =============================================  
2025-02-26 23:07:52.651  trn/loss = 2.2854  
2025-02-26 23:07:52.651  trn/acc@01 = 0.3753  
2025-02-26 23:07:52.651  trn/acc@05 = 0.7268  
2025-02-26 23:07:52.651  trn/acc@10 = 0.8379  
2025-02-26 23:07:52.651  trn/acc@20 = 0.9207  
2025-02-26 23:07:52.656  
  
2025-02-26 23:07:52.707  
  
2025-02-26 23:07:52.707  [VAL_FINETUNE_DTVU_STEPS_1] epoch_35  
2025-02-26 23:07:52.707  =============================================  
2025-02-26 23:07:52.707  val_finetune_dtvu_steps_1/loss = 3.1260  
2025-02-26 23:07:52.707  val_finetune_dtvu_steps_1/acc@01 = 0.3000  
2025-02-26 23:07:52.707  val_finetune_dtvu_steps_1/acc@05 = 0.6250  
2025-02-26 23:07:52.707  val_finetune_dtvu_steps_1/acc@10 = 0.7375  
2025-02-26 23:07:52.707  val_finetune_dtvu_steps_1/acc@20 = 0.8875  
2025-02-26 23:07:52.707  
  
2025-02-26 23:07:52.760  
  
2025-02-26 23:07:52.760  [VAL_FINETUNE_DTVU_STEPS_3] epoch_35  
2025-02-26 23:07:52.766  =============================================  
2025-02-26 23:07:52.766  val_finetune_dtvu_steps_3/loss = 3.3710  
2025-02-26 23:07:52.766  val_finetune_dtvu_steps_3/acc@01 = 0.2958  
2025-02-26 23:07:52.766  val_finetune_dtvu_steps_3/acc@05 = 0.6250  
2025-02-26 23:07:52.766  val_finetune_dtvu_steps_3/acc@10 = 0.7417  
2025-02-26 23:07:52.766  val_finetune_dtvu_steps_3/acc@20 = 0.8333  
2025-02-26 23:07:52.766  
  
2025-02-26 23:07:53.301  
  
2025-02-26 23:07:53.301  [TRN] epoch_36  
2025-02-26 23:07:53.306  =============================================  
2025-02-26 23:07:53.306  trn/loss = 2.2967  
2025-02-26 23:07:53.306  trn/acc@01 = 0.4181  
2025-02-26 23:07:53.306  trn/acc@05 = 0.7284  
2025-02-26 23:07:53.307  trn/acc@10 = 0.8299  
2025-02-26 23:07:53.307  trn/acc@20 = 0.9225  
2025-02-26 23:07:53.307  
  
2025-02-26 23:07:53.351  
  
2025-02-26 23:07:53.351  [VAL_FINETUNE_DTVU_STEPS_1] epoch_36  
2025-02-26 23:07:53.351  =============================================  
2025-02-26 23:07:53.351  val_finetune_dtvu_steps_1/loss = 3.1271  
2025-02-26 23:07:53.351  val_finetune_dtvu_steps_1/acc@01 = 0.3000  
2025-02-26 23:07:53.351  val_finetune_dtvu_steps_1/acc@05 = 0.6500  
2025-02-26 23:07:53.351  val_finetune_dtvu_steps_1/acc@10 = 0.7500  
2025-02-26 23:07:53.351  val_finetune_dtvu_steps_1/acc@20 = 0.8500  
2025-02-26 23:07:53.351  
  
2025-02-26 23:07:53.404  
  
2025-02-26 23:07:53.404  [VAL_FINETUNE_DTVU_STEPS_3] epoch_36  
2025-02-26 23:07:53.404  =============================================  
2025-02-26 23:07:53.404  val_finetune_dtvu_steps_3/loss = 3.3591  
2025-02-26 23:07:53.404  val_finetune_dtvu_steps_3/acc@01 = 0.3250  
2025-02-26 23:07:53.404  val_finetune_dtvu_steps_3/acc@05 = 0.6458  
2025-02-26 23:07:53.404  val_finetune_dtvu_steps_3/acc@10 = 0.7417  
2025-02-26 23:07:53.404  val_finetune_dtvu_steps_3/acc@20 = 0.8208  
2025-02-26 23:07:53.404  
  
2025-02-26 23:07:53.868  
  
2025-02-26 23:07:53.868  [TRN] epoch_37  
2025-02-26 23:07:53.868  =============================================  
2025-02-26 23:07:53.868  trn/loss = 2.3443  
2025-02-26 23:07:53.868  trn/acc@01 = 0.3830  
2025-02-26 23:07:53.868  trn/acc@05 = 0.7369  
2025-02-26 23:07:53.868  trn/acc@10 = 0.8515  
2025-02-26 23:07:53.868  trn/acc@20 = 0.9296  
2025-02-26 23:07:53.876  
  
2025-02-26 23:07:53.931  
  
2025-02-26 23:07:53.931  [VAL_FINETUNE_DTVU_STEPS_1] epoch_37  
2025-02-26 23:07:53.931  =============================================  
2025-02-26 23:07:53.931  val_finetune_dtvu_steps_1/loss = 3.1359  
2025-02-26 23:07:53.931  val_finetune_dtvu_steps_1/acc@01 = 0.3250  
2025-02-26 23:07:53.931  val_finetune_dtvu_steps_1/acc@05 = 0.6125  
2025-02-26 23:07:53.931  val_finetune_dtvu_steps_1/acc@10 = 0.7375  
2025-02-26 23:07:53.931  val_finetune_dtvu_steps_1/acc@20 = 0.8250  
2025-02-26 23:07:53.931  
  
2025-02-26 23:07:53.987  
  
2025-02-26 23:07:53.987  [VAL_FINETUNE_DTVU_STEPS_3] epoch_37  
2025-02-26 23:07:53.987  =============================================  
2025-02-26 23:07:53.987  val_finetune_dtvu_steps_3/loss = 3.3930  
2025-02-26 23:07:53.987  val_finetune_dtvu_steps_3/acc@01 = 0.3083  
2025-02-26 23:07:53.988  val_finetune_dtvu_steps_3/acc@05 = 0.6167  
2025-02-26 23:07:53.988  val_finetune_dtvu_steps_3/acc@10 = 0.7333  
2025-02-26 23:07:53.988  val_finetune_dtvu_steps_3/acc@20 = 0.8042  
2025-02-26 23:07:53.988  
  
2025-02-26 23:07:54.557  
  
2025-02-26 23:07:54.557  [TRN] epoch_38  
2025-02-26 23:07:54.557  =============================================  
2025-02-26 23:07:54.557  trn/loss = 2.3147  
2025-02-26 23:07:54.557  trn/acc@01 = 0.3830  
2025-02-26 23:07:54.557  trn/acc@05 = 0.7457  
2025-02-26 23:07:54.557  trn/acc@10 = 0.8461  
2025-02-26 23:07:54.557  trn/acc@20 = 0.9348  
2025-02-26 23:07:54.557  
  
2025-02-26 23:07:54.602  
  
2025-02-26 23:07:54.602  [VAL_FINETUNE_DTVU_STEPS_1] epoch_38  
2025-02-26 23:07:54.602  =============================================  
2025-02-26 23:07:54.602  val_finetune_dtvu_steps_1/loss = 3.1828  
2025-02-26 23:07:54.602  val_finetune_dtvu_steps_1/acc@01 = 0.3125  
2025-02-26 23:07:54.602  val_finetune_dtvu_steps_1/acc@05 = 0.6375  
2025-02-26 23:07:54.603  val_finetune_dtvu_steps_1/acc@10 = 0.7125  
2025-02-26 23:07:54.603  val_finetune_dtvu_steps_1/acc@20 = 0.8250  
2025-02-26 23:07:54.603  
  
2025-02-26 23:07:54.657  
  
2025-02-26 23:07:54.657  [VAL_FINETUNE_DTVU_STEPS_3] epoch_38  
2025-02-26 23:07:54.658  =============================================  
2025-02-26 23:07:54.658  val_finetune_dtvu_steps_3/loss = 3.3952  
2025-02-26 23:07:54.658  val_finetune_dtvu_steps_3/acc@01 = 0.3208  
2025-02-26 23:07:54.658  val_finetune_dtvu_steps_3/acc@05 = 0.6208  
2025-02-26 23:07:54.658  val_finetune_dtvu_steps_3/acc@10 = 0.7333  
2025-02-26 23:07:54.658  val_finetune_dtvu_steps_3/acc@20 = 0.8083  
2025-02-26 23:07:54.658  
  
2025-02-26 23:07:55.204  
  
2025-02-26 23:07:55.206  [TRN] epoch_39  
2025-02-26 23:07:55.206  =============================================  
2025-02-26 23:07:55.206  trn/loss = 2.2162  
2025-02-26 23:07:55.207  trn/acc@01 = 0.3990  
2025-02-26 23:07:55.207  trn/acc@05 = 0.7619  
2025-02-26 23:07:55.207  trn/acc@10 = 0.8671  
2025-02-26 23:07:55.207  trn/acc@20 = 0.9386  
2025-02-26 23:07:55.207  
  
2025-02-26 23:07:55.257  
  
2025-02-26 23:07:55.257  [VAL_FINETUNE_DTVU_STEPS_1] epoch_39  
2025-02-26 23:07:55.257  =============================================  
2025-02-26 23:07:55.257  val_finetune_dtvu_steps_1/loss = 3.1978  
2025-02-26 23:07:55.257  val_finetune_dtvu_steps_1/acc@01 = 0.3375  
2025-02-26 23:07:55.257  val_finetune_dtvu_steps_1/acc@05 = 0.6500  
2025-02-26 23:07:55.257  val_finetune_dtvu_steps_1/acc@10 = 0.7250  
2025-02-26 23:07:55.257  val_finetune_dtvu_steps_1/acc@20 = 0.8250  
2025-02-26 23:07:55.257  
  
2025-02-26 23:07:55.318  
  
2025-02-26 23:07:55.318  [VAL_FINETUNE_DTVU_STEPS_3] epoch_39  
2025-02-26 23:07:55.318  =============================================  
2025-02-26 23:07:55.318  val_finetune_dtvu_steps_3/loss = 3.3809  
2025-02-26 23:07:55.318  val_finetune_dtvu_steps_3/acc@01 = 0.3417  
2025-02-26 23:07:55.318  val_finetune_dtvu_steps_3/acc@05 = 0.6250  
2025-02-26 23:07:55.318  val_finetune_dtvu_steps_3/acc@10 = 0.7292  
2025-02-26 23:07:55.318  val_finetune_dtvu_steps_3/acc@20 = 0.8083  
2025-02-26 23:07:55.318  
  
2025-02-26 23:07:55.817  
  
2025-02-26 23:07:55.817  [TRN] epoch_40  
2025-02-26 23:07:55.817  =============================================  
2025-02-26 23:07:55.817  trn/loss = 2.1694  
2025-02-26 23:07:55.817  trn/acc@01 = 0.4255  
2025-02-26 23:07:55.827  trn/acc@05 = 0.7606  
2025-02-26 23:07:55.828  trn/acc@10 = 0.8630  
2025-02-26 23:07:55.828  trn/acc@20 = 0.9338  
2025-02-26 23:07:55.828  
  
2025-02-26 23:07:55.881  
  
2025-02-26 23:07:55.881  [VAL_FINETUNE_DTVU_STEPS_1] epoch_40  
2025-02-26 23:07:55.881  =============================================  
2025-02-26 23:07:55.881  val_finetune_dtvu_steps_1/loss = 3.1106  
2025-02-26 23:07:55.881  val_finetune_dtvu_steps_1/acc@01 = 0.3125  
2025-02-26 23:07:55.881  val_finetune_dtvu_steps_1/acc@05 = 0.6500  
2025-02-26 23:07:55.881  val_finetune_dtvu_steps_1/acc@10 = 0.7250  
2025-02-26 23:07:55.881  val_finetune_dtvu_steps_1/acc@20 = 0.8500  
2025-02-26 23:07:55.881  
  
2025-02-26 23:07:55.952  
  
2025-02-26 23:07:55.952  [VAL_FINETUNE_DTVU_STEPS_3] epoch_40  
2025-02-26 23:07:55.952  =============================================  
2025-02-26 23:07:55.952  val_finetune_dtvu_steps_3/loss = 3.3667  
2025-02-26 23:07:55.952  val_finetune_dtvu_steps_3/acc@01 = 0.3417  
2025-02-26 23:07:55.952  val_finetune_dtvu_steps_3/acc@05 = 0.6333  
2025-02-26 23:07:55.952  val_finetune_dtvu_steps_3/acc@10 = 0.7250  
2025-02-26 23:07:55.952  val_finetune_dtvu_steps_3/acc@20 = 0.8250  
2025-02-26 23:07:55.952  
  
2025-02-26 23:07:56.721  
  
2025-02-26 23:07:56.721  [TRN] epoch_41  
2025-02-26 23:07:56.721  =============================================  
2025-02-26 23:07:56.721  trn/loss = 2.2047  
2025-02-26 23:07:56.721  trn/acc@01 = 0.4295  
2025-02-26 23:07:56.721  trn/acc@05 = 0.7616  
2025-02-26 23:07:56.721  trn/acc@10 = 0.8545  
2025-02-26 23:07:56.721  trn/acc@20 = 0.9295  
2025-02-26 23:07:56.721  
  
2025-02-26 23:07:56.777  
  
2025-02-26 23:07:56.777  [VAL_FINETUNE_DTVU_STEPS_1] epoch_41  
2025-02-26 23:07:56.777  =============================================  
2025-02-26 23:07:56.777  val_finetune_dtvu_steps_1/loss = 3.1113  
2025-02-26 23:07:56.777  val_finetune_dtvu_steps_1/acc@01 = 0.2750  
2025-02-26 23:07:56.777  val_finetune_dtvu_steps_1/acc@05 = 0.6625  
2025-02-26 23:07:56.777  val_finetune_dtvu_steps_1/acc@10 = 0.7375  
2025-02-26 23:07:56.777  val_finetune_dtvu_steps_1/acc@20 = 0.8250  
2025-02-26 23:07:56.777  
  
2025-02-26 23:07:56.867  
  
2025-02-26 23:07:56.867  [VAL_FINETUNE_DTVU_STEPS_3] epoch_41  
2025-02-26 23:07:56.867  =============================================  
2025-02-26 23:07:56.867  val_finetune_dtvu_steps_3/loss = 3.3521  
2025-02-26 23:07:56.867  val_finetune_dtvu_steps_3/acc@01 = 0.3125  
2025-02-26 23:07:56.867  val_finetune_dtvu_steps_3/acc@05 = 0.6375  
2025-02-26 23:07:56.867  val_finetune_dtvu_steps_3/acc@10 = 0.7292  
2025-02-26 23:07:56.867  val_finetune_dtvu_steps_3/acc@20 = 0.8042  
2025-02-26 23:07:56.868  
  
2025-02-26 23:07:57.398  
  
2025-02-26 23:07:57.399  [TRN] epoch_42  
2025-02-26 23:07:57.400  =============================================  
2025-02-26 23:07:57.400  trn/loss = 2.1365  
2025-02-26 23:07:57.400  trn/acc@01 = 0.4369  
2025-02-26 23:07:57.400  trn/acc@05 = 0.7650  
2025-02-26 23:07:57.400  trn/acc@10 = 0.8553  
2025-02-26 23:07:57.400  trn/acc@20 = 0.9437  
2025-02-26 23:07:57.400  
  
2025-02-26 23:07:57.478  
  
2025-02-26 23:07:57.478  [VAL_FINETUNE_DTVU_STEPS_1] epoch_42  
2025-02-26 23:07:57.479  =============================================  
2025-02-26 23:07:57.479  val_finetune_dtvu_steps_1/loss = 3.0466  
2025-02-26 23:07:57.479  val_finetune_dtvu_steps_1/acc@01 = 0.3375  
2025-02-26 23:07:57.479  val_finetune_dtvu_steps_1/acc@05 = 0.6500  
2025-02-26 23:07:57.479  val_finetune_dtvu_steps_1/acc@10 = 0.7375  
2025-02-26 23:07:57.480  val_finetune_dtvu_steps_1/acc@20 = 0.8250  
2025-02-26 23:07:57.480  
  
2025-02-26 23:07:57.580  
  
2025-02-26 23:07:57.580  [VAL_FINETUNE_DTVU_STEPS_3] epoch_42  
2025-02-26 23:07:57.580  =============================================  
2025-02-26 23:07:57.580  val_finetune_dtvu_steps_3/loss = 3.3556  
2025-02-26 23:07:57.580  val_finetune_dtvu_steps_3/acc@01 = 0.3042  
2025-02-26 23:07:57.580  val_finetune_dtvu_steps_3/acc@05 = 0.6375  
2025-02-26 23:07:57.580  val_finetune_dtvu_steps_3/acc@10 = 0.7333  
2025-02-26 23:07:57.580  val_finetune_dtvu_steps_3/acc@20 = 0.8167  
2025-02-26 23:07:57.580  
  
2025-02-26 23:07:58.212  
  
2025-02-26 23:07:58.212  [TRN] epoch_43  
2025-02-26 23:07:58.212  =============================================  
2025-02-26 23:07:58.212  trn/loss = 2.0169  
2025-02-26 23:07:58.212  trn/acc@01 = 0.4420  
2025-02-26 23:07:58.212  trn/acc@05 = 0.7835  
2025-02-26 23:07:58.216  trn/acc@10 = 0.8830  
2025-02-26 23:07:58.216  trn/acc@20 = 0.9479  
2025-02-26 23:07:58.216  
  
2025-02-26 23:07:58.296  
  
2025-02-26 23:07:58.297  [VAL_FINETUNE_DTVU_STEPS_1] epoch_43  
2025-02-26 23:07:58.297  =============================================  
2025-02-26 23:07:58.297  val_finetune_dtvu_steps_1/loss = 3.0758  
2025-02-26 23:07:58.297  val_finetune_dtvu_steps_1/acc@01 = 0.3375  
2025-02-26 23:07:58.297  val_finetune_dtvu_steps_1/acc@05 = 0.7125  
2025-02-26 23:07:58.297  val_finetune_dtvu_steps_1/acc@10 = 0.7500  
2025-02-26 23:07:58.297  val_finetune_dtvu_steps_1/acc@20 = 0.8500  
2025-02-26 23:07:58.298  
  
2025-02-26 23:07:58.392  
  
2025-02-26 23:07:58.392  [VAL_FINETUNE_DTVU_STEPS_3] epoch_43  
2025-02-26 23:07:58.393  =============================================  
2025-02-26 23:07:58.393  val_finetune_dtvu_steps_3/loss = 3.3957  
2025-02-26 23:07:58.393  val_finetune_dtvu_steps_3/acc@01 = 0.2833  
2025-02-26 23:07:58.393  val_finetune_dtvu_steps_3/acc@05 = 0.6333  
2025-02-26 23:07:58.393  val_finetune_dtvu_steps_3/acc@10 = 0.7500  
2025-02-26 23:07:58.393  val_finetune_dtvu_steps_3/acc@20 = 0.8167  
2025-02-26 23:07:58.395  
  
2025-02-26 23:07:59.069  
  
2025-02-26 23:07:59.069  [TRN] epoch_44  
2025-02-26 23:07:59.069  =============================================  
2025-02-26 23:07:59.069  trn/loss = 2.0443  
2025-02-26 23:07:59.069  trn/acc@01 = 0.4594  
2025-02-26 23:07:59.069  trn/acc@05 = 0.7840  
2025-02-26 23:07:59.069  trn/acc@10 = 0.8774  
2025-02-26 23:07:59.069  trn/acc@20 = 0.9387  
2025-02-26 23:07:59.069  
  
2025-02-26 23:07:59.157  
  
2025-02-26 23:07:59.157  [VAL_FINETUNE_DTVU_STEPS_1] epoch_44  
2025-02-26 23:07:59.157  =============================================  
2025-02-26 23:07:59.158  val_finetune_dtvu_steps_1/loss = 3.1269  
2025-02-26 23:07:59.158  val_finetune_dtvu_steps_1/acc@01 = 0.2875  
2025-02-26 23:07:59.158  val_finetune_dtvu_steps_1/acc@05 = 0.6375  
2025-02-26 23:07:59.158  val_finetune_dtvu_steps_1/acc@10 = 0.7625  
2025-02-26 23:07:59.158  val_finetune_dtvu_steps_1/acc@20 = 0.8500  
2025-02-26 23:07:59.158  
  
2025-02-26 23:07:59.247  
  
2025-02-26 23:07:59.247  [VAL_FINETUNE_DTVU_STEPS_3] epoch_44  
2025-02-26 23:07:59.247  =============================================  
2025-02-26 23:07:59.247  val_finetune_dtvu_steps_3/loss = 3.3416  
2025-02-26 23:07:59.247  val_finetune_dtvu_steps_3/acc@01 = 0.3042  
2025-02-26 23:07:59.247  val_finetune_dtvu_steps_3/acc@05 = 0.6292  
2025-02-26 23:07:59.247  val_finetune_dtvu_steps_3/acc@10 = 0.7500  
2025-02-26 23:07:59.247  val_finetune_dtvu_steps_3/acc@20 = 0.8208  
2025-02-26 23:07:59.247  
  
2025-02-26 23:07:59.798  
  
2025-02-26 23:07:59.798  [TRN] epoch_45  
2025-02-26 23:07:59.798  =============================================  
2025-02-26 23:07:59.798  trn/loss = 2.0590  
2025-02-26 23:07:59.798  trn/acc@01 = 0.4515  
2025-02-26 23:07:59.798  trn/acc@05 = 0.7900  
2025-02-26 23:07:59.798  trn/acc@10 = 0.8860  
2025-02-26 23:07:59.798  trn/acc@20 = 0.9510  
2025-02-26 23:07:59.798  
  
2025-02-26 23:07:59.847  
  
2025-02-26 23:07:59.847  [VAL_FINETUNE_DTVU_STEPS_1] epoch_45  
2025-02-26 23:07:59.847  =============================================  
2025-02-26 23:07:59.847  val_finetune_dtvu_steps_1/loss = 3.1700  
2025-02-26 23:07:59.847  val_finetune_dtvu_steps_1/acc@01 = 0.3000  
2025-02-26 23:07:59.847  val_finetune_dtvu_steps_1/acc@05 = 0.6250  
2025-02-26 23:07:59.847  val_finetune_dtvu_steps_1/acc@10 = 0.7625  
2025-02-26 23:07:59.847  val_finetune_dtvu_steps_1/acc@20 = 0.8375  
2025-02-26 23:07:59.847  
  
2025-02-26 23:07:59.898  
  
2025-02-26 23:07:59.898  [VAL_FINETUNE_DTVU_STEPS_3] epoch_45  
2025-02-26 23:07:59.898  =============================================  
2025-02-26 23:07:59.898  val_finetune_dtvu_steps_3/loss = 3.4263  
2025-02-26 23:07:59.898  val_finetune_dtvu_steps_3/acc@01 = 0.3083  
2025-02-26 23:07:59.898  val_finetune_dtvu_steps_3/acc@05 = 0.6208  
2025-02-26 23:07:59.898  val_finetune_dtvu_steps_3/acc@10 = 0.7458  
2025-02-26 23:07:59.898  val_finetune_dtvu_steps_3/acc@20 = 0.8208  
2025-02-26 23:07:59.898  
  
2025-02-26 23:08:00.566  
  
2025-02-26 23:08:00.566  [TRN] epoch_46  
2025-02-26 23:08:00.566  =============================================  
2025-02-26 23:08:00.567  trn/loss = 2.0697  
2025-02-26 23:08:00.567  trn/acc@01 = 0.4446  
2025-02-26 23:08:00.567  trn/acc@05 = 0.7847  
2025-02-26 23:08:00.567  trn/acc@10 = 0.8928  
2025-02-26 23:08:00.567  trn/acc@20 = 0.9595  
2025-02-26 23:08:00.567  
  
2025-02-26 23:08:00.614  
  
2025-02-26 23:08:00.614  [VAL_FINETUNE_DTVU_STEPS_1] epoch_46  
2025-02-26 23:08:00.614  =============================================  
2025-02-26 23:08:00.614  val_finetune_dtvu_steps_1/loss = 3.0974  
2025-02-26 23:08:00.614  val_finetune_dtvu_steps_1/acc@01 = 0.3125  
2025-02-26 23:08:00.614  val_finetune_dtvu_steps_1/acc@05 = 0.6625  
2025-02-26 23:08:00.614  val_finetune_dtvu_steps_1/acc@10 = 0.7625  
2025-02-26 23:08:00.614  val_finetune_dtvu_steps_1/acc@20 = 0.8375  
2025-02-26 23:08:00.614  
  
2025-02-26 23:08:00.686  
  
2025-02-26 23:08:00.686  [VAL_FINETUNE_DTVU_STEPS_3] epoch_46  
2025-02-26 23:08:00.686  =============================================  
2025-02-26 23:08:00.686  val_finetune_dtvu_steps_3/loss = 3.4249  
2025-02-26 23:08:00.686  val_finetune_dtvu_steps_3/acc@01 = 0.2583  
2025-02-26 23:08:00.686  val_finetune_dtvu_steps_3/acc@05 = 0.6333  
2025-02-26 23:08:00.686  val_finetune_dtvu_steps_3/acc@10 = 0.7458  
2025-02-26 23:08:00.686  val_finetune_dtvu_steps_3/acc@20 = 0.8083  
2025-02-26 23:08:00.686  
  
2025-02-26 23:08:01.276  
  
2025-02-26 23:08:01.276  [TRN] epoch_47  
2025-02-26 23:08:01.277  =============================================  
2025-02-26 23:08:01.277  trn/loss = 2.1227  
2025-02-26 23:08:01.277  trn/acc@01 = 0.4259  
2025-02-26 23:08:01.277  trn/acc@05 = 0.7901  
2025-02-26 23:08:01.277  trn/acc@10 = 0.8811  
2025-02-26 23:08:01.277  trn/acc@20 = 0.9486  
2025-02-26 23:08:01.277  
  
2025-02-26 23:08:01.327  
  
2025-02-26 23:08:01.328  [VAL_FINETUNE_DTVU_STEPS_1] epoch_47  
2025-02-26 23:08:01.328  =============================================  
2025-02-26 23:08:01.328  val_finetune_dtvu_steps_1/loss = 3.1907  
2025-02-26 23:08:01.328  val_finetune_dtvu_steps_1/acc@01 = 0.3500  
2025-02-26 23:08:01.328  val_finetune_dtvu_steps_1/acc@05 = 0.6250  
2025-02-26 23:08:01.328  val_finetune_dtvu_steps_1/acc@10 = 0.7500  
2025-02-26 23:08:01.328  val_finetune_dtvu_steps_1/acc@20 = 0.8125  
2025-02-26 23:08:01.328  
  
2025-02-26 23:08:01.407  
  
2025-02-26 23:08:01.407  [VAL_FINETUNE_DTVU_STEPS_3] epoch_47  
2025-02-26 23:08:01.407  =============================================  
2025-02-26 23:08:01.407  val_finetune_dtvu_steps_3/loss = 3.4641  
2025-02-26 23:08:01.416  val_finetune_dtvu_steps_3/acc@01 = 0.3042  
2025-02-26 23:08:01.416  val_finetune_dtvu_steps_3/acc@05 = 0.6292  
2025-02-26 23:08:01.416  val_finetune_dtvu_steps_3/acc@10 = 0.7458  
2025-02-26 23:08:01.416  val_finetune_dtvu_steps_3/acc@20 = 0.8000  
2025-02-26 23:08:01.416  
  
2025-02-26 23:08:01.948  
  
2025-02-26 23:08:01.948  [TRN] epoch_48  
2025-02-26 23:08:01.948  =============================================  
2025-02-26 23:08:01.948  trn/loss = 1.8606  
2025-02-26 23:08:01.948  trn/acc@01 = 0.5045  
2025-02-26 23:08:01.948  trn/acc@05 = 0.8100  
2025-02-26 23:08:01.948  trn/acc@10 = 0.8940  
2025-02-26 23:08:01.948  trn/acc@20 = 0.9490  
2025-02-26 23:08:01.948  
  
2025-02-26 23:08:01.996  
  
2025-02-26 23:08:01.996  [VAL_FINETUNE_DTVU_STEPS_1] epoch_48  
2025-02-26 23:08:01.997  =============================================  
2025-02-26 23:08:01.997  val_finetune_dtvu_steps_1/loss = 3.2272  
2025-02-26 23:08:01.997  val_finetune_dtvu_steps_1/acc@01 = 0.3375  
2025-02-26 23:08:01.997  val_finetune_dtvu_steps_1/acc@05 = 0.6625  
2025-02-26 23:08:01.997  val_finetune_dtvu_steps_1/acc@10 = 0.7375  
2025-02-26 23:08:01.997  val_finetune_dtvu_steps_1/acc@20 = 0.8250  
2025-02-26 23:08:01.997  
  
2025-02-26 23:08:02.047  
  
2025-02-26 23:08:02.047  [VAL_FINETUNE_DTVU_STEPS_3] epoch_48  
2025-02-26 23:08:02.047  =============================================  
2025-02-26 23:08:02.047  val_finetune_dtvu_steps_3/loss = 3.4568  
2025-02-26 23:08:02.047  val_finetune_dtvu_steps_3/acc@01 = 0.2958  
2025-02-26 23:08:02.047  val_finetune_dtvu_steps_3/acc@05 = 0.6500  
2025-02-26 23:08:02.047  val_finetune_dtvu_steps_3/acc@10 = 0.7292  
2025-02-26 23:08:02.047  val_finetune_dtvu_steps_3/acc@20 = 0.8083  
2025-02-26 23:08:02.047  
  
2025-02-26 23:08:02.597  
  
2025-02-26 23:08:02.597  [TRN] epoch_49  
2025-02-26 23:08:02.597  =============================================  
2025-02-26 23:08:02.597  trn/loss = 1.8669  
2025-02-26 23:08:02.597  trn/acc@01 = 0.4835  
2025-02-26 23:08:02.597  trn/acc@05 = 0.8258  
2025-02-26 23:08:02.597  trn/acc@10 = 0.9016  
2025-02-26 23:08:02.597  trn/acc@20 = 0.9610  
2025-02-26 23:08:02.597  
  
2025-02-26 23:08:02.657  
  
2025-02-26 23:08:02.657  [VAL_FINETUNE_DTVU_STEPS_1] epoch_49  
2025-02-26 23:08:02.657  =============================================  
2025-02-26 23:08:02.657  val_finetune_dtvu_steps_1/loss = 3.2885  
2025-02-26 23:08:02.657  val_finetune_dtvu_steps_1/acc@01 = 0.3125  
2025-02-26 23:08:02.657  val_finetune_dtvu_steps_1/acc@05 = 0.6375  
2025-02-26 23:08:02.657  val_finetune_dtvu_steps_1/acc@10 = 0.7375  
2025-02-26 23:08:02.658  val_finetune_dtvu_steps_1/acc@20 = 0.8250  
2025-02-26 23:08:02.658  
  
2025-02-26 23:08:02.717  
  
2025-02-26 23:08:02.717  [VAL_FINETUNE_DTVU_STEPS_3] epoch_49  
2025-02-26 23:08:02.718  =============================================  
2025-02-26 23:08:02.718  val_finetune_dtvu_steps_3/loss = 3.5155  
2025-02-26 23:08:02.718  val_finetune_dtvu_steps_3/acc@01 = 0.2792  
2025-02-26 23:08:02.718  val_finetune_dtvu_steps_3/acc@05 = 0.6250  
2025-02-26 23:08:02.718  val_finetune_dtvu_steps_3/acc@10 = 0.7333  
2025-02-26 23:08:02.718  val_finetune_dtvu_steps_3/acc@20 = 0.7958  
2025-02-26 23:08:02.718  
  
