2025-02-27 02:50:40.874  
  
2025-02-27 02:50:40.874  [TRN] epoch_00  
2025-02-27 02:50:40.874  =============================================  
2025-02-27 02:50:40.874  trn/loss = 5.8077  
2025-02-27 02:50:40.874  trn/acc@01 = 0.0388  
2025-02-27 02:50:40.874  trn/acc@05 = 0.1429  
2025-02-27 02:50:40.874  trn/acc@10 = 0.1939  
2025-02-27 02:50:40.874  trn/acc@20 = 0.2592  
2025-02-27 02:50:40.874  
  
2025-02-27 02:50:40.921  
  
2025-02-27 02:50:40.921  [VAL_FINETUNE_DTVU_STEPS_1] epoch_00  
2025-02-27 02:50:40.921  =============================================  
2025-02-27 02:50:40.921  val_finetune_dtvu_steps_1/loss = 5.0023  
2025-02-27 02:50:40.921  val_finetune_dtvu_steps_1/acc@01 = 0.1000  
2025-02-27 02:50:40.921  val_finetune_dtvu_steps_1/acc@05 = 0.4500  
2025-02-27 02:50:40.921  val_finetune_dtvu_steps_1/acc@10 = 0.5000  
2025-02-27 02:50:40.921  val_finetune_dtvu_steps_1/acc@20 = 0.7000  
2025-02-27 02:50:40.921  
  
2025-02-27 02:50:40.974  
  
2025-02-27 02:50:40.974  [VAL_FINETUNE_DTVU_STEPS_3] epoch_00  
2025-02-27 02:50:40.974  =============================================  
2025-02-27 02:50:40.974  val_finetune_dtvu_steps_3/loss = 5.1185  
2025-02-27 02:50:40.974  val_finetune_dtvu_steps_3/acc@01 = 0.0500  
2025-02-27 02:50:40.974  val_finetune_dtvu_steps_3/acc@05 = 0.4167  
2025-02-27 02:50:40.974  val_finetune_dtvu_steps_3/acc@10 = 0.4500  
2025-02-27 02:50:40.974  val_finetune_dtvu_steps_3/acc@20 = 0.5667  
2025-02-27 02:50:40.974  
  
2025-02-27 02:50:41.290  
  
2025-02-27 02:50:41.290  [TRN] epoch_01  
2025-02-27 02:50:41.290  =============================================  
2025-02-27 02:50:41.290  trn/loss = 5.0497  
2025-02-27 02:50:41.290  trn/acc@01 = 0.1000  
2025-02-27 02:50:41.290  trn/acc@05 = 0.3192  
2025-02-27 02:50:41.290  trn/acc@10 = 0.3962  
2025-02-27 02:50:41.290  trn/acc@20 = 0.4692  
2025-02-27 02:50:41.290  
  
2025-02-27 02:50:41.341  
  
2025-02-27 02:50:41.341  [VAL_FINETUNE_DTVU_STEPS_1] epoch_01  
2025-02-27 02:50:41.341  =============================================  
2025-02-27 02:50:41.341  val_finetune_dtvu_steps_1/loss = 4.2668  
2025-02-27 02:50:41.341  val_finetune_dtvu_steps_1/acc@01 = 0.1000  
2025-02-27 02:50:41.341  val_finetune_dtvu_steps_1/acc@05 = 0.4500  
2025-02-27 02:50:41.341  val_finetune_dtvu_steps_1/acc@10 = 0.8000  
2025-02-27 02:50:41.341  val_finetune_dtvu_steps_1/acc@20 = 0.8000  
2025-02-27 02:50:41.341  
  
2025-02-27 02:50:41.385  
  
2025-02-27 02:50:41.385  [VAL_FINETUNE_DTVU_STEPS_3] epoch_01  
2025-02-27 02:50:41.385  =============================================  
2025-02-27 02:50:41.385  val_finetune_dtvu_steps_3/loss = 4.3562  
2025-02-27 02:50:41.385  val_finetune_dtvu_steps_3/acc@01 = 0.1667  
2025-02-27 02:50:41.385  val_finetune_dtvu_steps_3/acc@05 = 0.4167  
2025-02-27 02:50:41.385  val_finetune_dtvu_steps_3/acc@10 = 0.7667  
2025-02-27 02:50:41.385  val_finetune_dtvu_steps_3/acc@20 = 0.7833  
2025-02-27 02:50:41.385  
  
2025-02-27 02:50:41.735  
  
2025-02-27 02:50:41.736  [TRN] epoch_02  
2025-02-27 02:50:41.736  =============================================  
2025-02-27 02:50:41.736  trn/loss = 4.5170  
2025-02-27 02:50:41.736  trn/acc@01 = 0.1919  
2025-02-27 02:50:41.736  trn/acc@05 = 0.3657  
2025-02-27 02:50:41.736  trn/acc@10 = 0.4747  
2025-02-27 02:50:41.736  trn/acc@20 = 0.5697  
2025-02-27 02:50:41.736  
  
2025-02-27 02:50:41.777  
  
2025-02-27 02:50:41.777  [VAL_FINETUNE_DTVU_STEPS_1] epoch_02  
2025-02-27 02:50:41.777  =============================================  
2025-02-27 02:50:41.777  val_finetune_dtvu_steps_1/loss = 3.7158  
2025-02-27 02:50:41.777  val_finetune_dtvu_steps_1/acc@01 = 0.3500  
2025-02-27 02:50:41.777  val_finetune_dtvu_steps_1/acc@05 = 0.7500  
2025-02-27 02:50:41.777  val_finetune_dtvu_steps_1/acc@10 = 0.8000  
2025-02-27 02:50:41.777  val_finetune_dtvu_steps_1/acc@20 = 0.8500  
2025-02-27 02:50:41.777  
  
2025-02-27 02:50:41.818  
  
2025-02-27 02:50:41.818  [VAL_FINETUNE_DTVU_STEPS_3] epoch_02  
2025-02-27 02:50:41.818  =============================================  
2025-02-27 02:50:41.818  val_finetune_dtvu_steps_3/loss = 3.8414  
2025-02-27 02:50:41.818  val_finetune_dtvu_steps_3/acc@01 = 0.3333  
2025-02-27 02:50:41.818  val_finetune_dtvu_steps_3/acc@05 = 0.6667  
2025-02-27 02:50:41.818  val_finetune_dtvu_steps_3/acc@10 = 0.7167  
2025-02-27 02:50:41.818  val_finetune_dtvu_steps_3/acc@20 = 0.8000  
2025-02-27 02:50:41.818  
  
2025-02-27 02:50:42.121  
  
2025-02-27 02:50:42.121  [TRN] epoch_03  
2025-02-27 02:50:42.121  =============================================  
2025-02-27 02:50:42.121  trn/loss = 4.0977  
2025-02-27 02:50:42.121  trn/acc@01 = 0.2611  
2025-02-27 02:50:42.121  trn/acc@05 = 0.4611  
2025-02-27 02:50:42.121  trn/acc@10 = 0.5368  
2025-02-27 02:50:42.121  trn/acc@20 = 0.6126  
2025-02-27 02:50:42.121  
  
2025-02-27 02:50:42.158  
  
2025-02-27 02:50:42.158  [VAL_FINETUNE_DTVU_STEPS_1] epoch_03  
2025-02-27 02:50:42.158  =============================================  
2025-02-27 02:50:42.158  val_finetune_dtvu_steps_1/loss = 3.4519  
2025-02-27 02:50:42.158  val_finetune_dtvu_steps_1/acc@01 = 0.4000  
2025-02-27 02:50:42.158  val_finetune_dtvu_steps_1/acc@05 = 0.7500  
2025-02-27 02:50:42.158  val_finetune_dtvu_steps_1/acc@10 = 0.8000  
2025-02-27 02:50:42.158  val_finetune_dtvu_steps_1/acc@20 = 0.8500  
2025-02-27 02:50:42.158  
  
2025-02-27 02:50:42.208  
  
2025-02-27 02:50:42.208  [VAL_FINETUNE_DTVU_STEPS_3] epoch_03  
2025-02-27 02:50:42.208  =============================================  
2025-02-27 02:50:42.208  val_finetune_dtvu_steps_3/loss = 3.6034  
2025-02-27 02:50:42.208  val_finetune_dtvu_steps_3/acc@01 = 0.3833  
2025-02-27 02:50:42.208  val_finetune_dtvu_steps_3/acc@05 = 0.6500  
2025-02-27 02:50:42.208  val_finetune_dtvu_steps_3/acc@10 = 0.7333  
2025-02-27 02:50:42.208  val_finetune_dtvu_steps_3/acc@20 = 0.8000  
2025-02-27 02:50:42.208  
  
2025-02-27 02:50:42.524  
  
2025-02-27 02:50:42.524  [TRN] epoch_04  
2025-02-27 02:50:42.524  =============================================  
2025-02-27 02:50:42.524  trn/loss = 3.8101  
2025-02-27 02:50:42.524  trn/acc@01 = 0.3278  
2025-02-27 02:50:42.524  trn/acc@05 = 0.5463  
2025-02-27 02:50:42.524  trn/acc@10 = 0.5963  
2025-02-27 02:50:42.524  trn/acc@20 = 0.6759  
2025-02-27 02:50:42.524  
  
2025-02-27 02:50:42.550  
  
2025-02-27 02:50:42.550  [VAL_FINETUNE_DTVU_STEPS_1] epoch_04  
2025-02-27 02:50:42.550  =============================================  
2025-02-27 02:50:42.550  val_finetune_dtvu_steps_1/loss = 3.2681  
2025-02-27 02:50:42.550  val_finetune_dtvu_steps_1/acc@01 = 0.4000  
2025-02-27 02:50:42.550  val_finetune_dtvu_steps_1/acc@05 = 0.7500  
2025-02-27 02:50:42.550  val_finetune_dtvu_steps_1/acc@10 = 0.8000  
2025-02-27 02:50:42.550  val_finetune_dtvu_steps_1/acc@20 = 0.8000  
2025-02-27 02:50:42.550  
  
2025-02-27 02:50:42.597  
  
2025-02-27 02:50:42.597  [VAL_FINETUNE_DTVU_STEPS_3] epoch_04  
2025-02-27 02:50:42.597  =============================================  
2025-02-27 02:50:42.597  val_finetune_dtvu_steps_3/loss = 3.4129  
2025-02-27 02:50:42.597  val_finetune_dtvu_steps_3/acc@01 = 0.3833  
2025-02-27 02:50:42.597  val_finetune_dtvu_steps_3/acc@05 = 0.7000  
2025-02-27 02:50:42.597  val_finetune_dtvu_steps_3/acc@10 = 0.7500  
2025-02-27 02:50:42.597  val_finetune_dtvu_steps_3/acc@20 = 0.7833  
2025-02-27 02:50:42.597  
  
2025-02-27 02:50:42.915  
  
2025-02-27 02:50:42.915  [TRN] epoch_05  
2025-02-27 02:50:42.915  =============================================  
2025-02-27 02:50:42.915  trn/loss = 3.9207  
2025-02-27 02:50:42.915  trn/acc@01 = 0.2898  
2025-02-27 02:50:42.915  trn/acc@05 = 0.4980  
2025-02-27 02:50:42.915  trn/acc@10 = 0.5571  
2025-02-27 02:50:42.915  trn/acc@20 = 0.6510  
2025-02-27 02:50:42.915  
  
2025-02-27 02:50:42.951  
  
2025-02-27 02:50:42.951  [VAL_FINETUNE_DTVU_STEPS_1] epoch_05  
2025-02-27 02:50:42.951  =============================================  
2025-02-27 02:50:42.951  val_finetune_dtvu_steps_1/loss = 3.1540  
2025-02-27 02:50:42.951  val_finetune_dtvu_steps_1/acc@01 = 0.4000  
2025-02-27 02:50:42.951  val_finetune_dtvu_steps_1/acc@05 = 0.8000  
2025-02-27 02:50:42.951  val_finetune_dtvu_steps_1/acc@10 = 0.8000  
2025-02-27 02:50:42.951  val_finetune_dtvu_steps_1/acc@20 = 0.8000  
2025-02-27 02:50:42.951  
  
2025-02-27 02:50:42.983  
  
2025-02-27 02:50:42.983  [VAL_FINETUNE_DTVU_STEPS_3] epoch_05  
2025-02-27 02:50:42.983  =============================================  
2025-02-27 02:50:42.983  val_finetune_dtvu_steps_3/loss = 3.3278  
2025-02-27 02:50:42.983  val_finetune_dtvu_steps_3/acc@01 = 0.3833  
2025-02-27 02:50:42.999  val_finetune_dtvu_steps_3/acc@05 = 0.7333  
2025-02-27 02:50:42.999  val_finetune_dtvu_steps_3/acc@10 = 0.7833  
2025-02-27 02:50:42.999  val_finetune_dtvu_steps_3/acc@20 = 0.7833  
2025-02-27 02:50:42.999  
  
2025-02-27 02:50:43.299  
  
2025-02-27 02:50:43.315  [TRN] epoch_06  
2025-02-27 02:50:43.315  =============================================  
2025-02-27 02:50:43.315  trn/loss = 3.8283  
2025-02-27 02:50:43.315  trn/acc@01 = 0.2791  
2025-02-27 02:50:43.315  trn/acc@05 = 0.5231  
2025-02-27 02:50:43.315  trn/acc@10 = 0.5758  
2025-02-27 02:50:43.315  trn/acc@20 = 0.6813  
2025-02-27 02:50:43.315  
  
2025-02-27 02:50:43.348  
  
2025-02-27 02:50:43.348  [VAL_FINETUNE_DTVU_STEPS_1] epoch_06  
2025-02-27 02:50:43.348  =============================================  
2025-02-27 02:50:43.348  val_finetune_dtvu_steps_1/loss = 3.1207  
2025-02-27 02:50:43.348  val_finetune_dtvu_steps_1/acc@01 = 0.4000  
2025-02-27 02:50:43.348  val_finetune_dtvu_steps_1/acc@05 = 0.8000  
2025-02-27 02:50:43.348  val_finetune_dtvu_steps_1/acc@10 = 0.8000  
2025-02-27 02:50:43.348  val_finetune_dtvu_steps_1/acc@20 = 0.8000  
2025-02-27 02:50:43.348  
  
2025-02-27 02:50:43.406  
  
2025-02-27 02:50:43.406  [VAL_FINETUNE_DTVU_STEPS_3] epoch_06  
2025-02-27 02:50:43.406  =============================================  
2025-02-27 02:50:43.406  val_finetune_dtvu_steps_3/loss = 3.3076  
2025-02-27 02:50:43.406  val_finetune_dtvu_steps_3/acc@01 = 0.3833  
2025-02-27 02:50:43.406  val_finetune_dtvu_steps_3/acc@05 = 0.7333  
2025-02-27 02:50:43.406  val_finetune_dtvu_steps_3/acc@10 = 0.7833  
2025-02-27 02:50:43.406  val_finetune_dtvu_steps_3/acc@20 = 0.7833  
2025-02-27 02:50:43.406  
  
2025-02-27 02:50:43.735  
  
2025-02-27 02:50:43.735  [TRN] epoch_07  
2025-02-27 02:50:43.735  =============================================  
2025-02-27 02:50:43.735  trn/loss = 3.8097  
2025-02-27 02:50:43.735  trn/acc@01 = 0.2586  
2025-02-27 02:50:43.735  trn/acc@05 = 0.5313  
2025-02-27 02:50:43.735  trn/acc@10 = 0.5899  
2025-02-27 02:50:43.735  trn/acc@20 = 0.6788  
2025-02-27 02:50:43.735  
  
2025-02-27 02:50:43.772  
  
2025-02-27 02:50:43.772  [VAL_FINETUNE_DTVU_STEPS_1] epoch_07  
2025-02-27 02:50:43.772  =============================================  
2025-02-27 02:50:43.772  val_finetune_dtvu_steps_1/loss = 3.1178  
2025-02-27 02:50:43.772  val_finetune_dtvu_steps_1/acc@01 = 0.4000  
2025-02-27 02:50:43.772  val_finetune_dtvu_steps_1/acc@05 = 0.8000  
2025-02-27 02:50:43.772  val_finetune_dtvu_steps_1/acc@10 = 0.8000  
2025-02-27 02:50:43.772  val_finetune_dtvu_steps_1/acc@20 = 0.8000  
2025-02-27 02:50:43.772  
  
2025-02-27 02:50:43.819  
  
2025-02-27 02:50:43.819  [VAL_FINETUNE_DTVU_STEPS_3] epoch_07  
2025-02-27 02:50:43.819  =============================================  
2025-02-27 02:50:43.819  val_finetune_dtvu_steps_3/loss = 3.3026  
2025-02-27 02:50:43.819  val_finetune_dtvu_steps_3/acc@01 = 0.3833  
2025-02-27 02:50:43.819  val_finetune_dtvu_steps_3/acc@05 = 0.7333  
2025-02-27 02:50:43.819  val_finetune_dtvu_steps_3/acc@10 = 0.7833  
2025-02-27 02:50:43.819  val_finetune_dtvu_steps_3/acc@20 = 0.7833  
2025-02-27 02:50:43.819  
  
2025-02-27 02:50:44.118  
  
2025-02-27 02:50:44.118  [TRN] epoch_08  
2025-02-27 02:50:44.118  =============================================  
2025-02-27 02:50:44.118  trn/loss = 3.6345  
2025-02-27 02:50:44.133  trn/acc@01 = 0.2882  
2025-02-27 02:50:44.133  trn/acc@05 = 0.5548  
2025-02-27 02:50:44.133  trn/acc@10 = 0.6194  
2025-02-27 02:50:44.133  trn/acc@20 = 0.7269  
2025-02-27 02:50:44.133  
  
2025-02-27 02:50:44.167  
  
2025-02-27 02:50:44.167  [VAL_FINETUNE_DTVU_STEPS_1] epoch_08  
2025-02-27 02:50:44.167  =============================================  
2025-02-27 02:50:44.167  val_finetune_dtvu_steps_1/loss = 3.1085  
2025-02-27 02:50:44.167  val_finetune_dtvu_steps_1/acc@01 = 0.4000  
2025-02-27 02:50:44.167  val_finetune_dtvu_steps_1/acc@05 = 0.8000  
2025-02-27 02:50:44.167  val_finetune_dtvu_steps_1/acc@10 = 0.8000  
2025-02-27 02:50:44.167  val_finetune_dtvu_steps_1/acc@20 = 0.8000  
2025-02-27 02:50:44.167  
  
2025-02-27 02:50:44.212  
  
2025-02-27 02:50:44.212  [VAL_FINETUNE_DTVU_STEPS_3] epoch_08  
2025-02-27 02:50:44.212  =============================================  
2025-02-27 02:50:44.212  val_finetune_dtvu_steps_3/loss = 3.2617  
2025-02-27 02:50:44.212  val_finetune_dtvu_steps_3/acc@01 = 0.3833  
2025-02-27 02:50:44.212  val_finetune_dtvu_steps_3/acc@05 = 0.7333  
2025-02-27 02:50:44.212  val_finetune_dtvu_steps_3/acc@10 = 0.7500  
2025-02-27 02:50:44.212  val_finetune_dtvu_steps_3/acc@20 = 0.7833  
2025-02-27 02:50:44.212  
  
2025-02-27 02:50:44.524  
  
2025-02-27 02:50:44.524  [TRN] epoch_09  
2025-02-27 02:50:44.525  =============================================  
2025-02-27 02:50:44.525  trn/loss = 3.5732  
2025-02-27 02:50:44.525  trn/acc@01 = 0.2692  
2025-02-27 02:50:44.525  trn/acc@05 = 0.5423  
2025-02-27 02:50:44.525  trn/acc@10 = 0.6423  
2025-02-27 02:50:44.525  trn/acc@20 = 0.7692  
2025-02-27 02:50:44.525  
  
2025-02-27 02:50:44.561  
  
2025-02-27 02:50:44.561  [VAL_FINETUNE_DTVU_STEPS_1] epoch_09  
2025-02-27 02:50:44.561  =============================================  
2025-02-27 02:50:44.561  val_finetune_dtvu_steps_1/loss = 2.9812  
2025-02-27 02:50:44.561  val_finetune_dtvu_steps_1/acc@01 = 0.4000  
2025-02-27 02:50:44.561  val_finetune_dtvu_steps_1/acc@05 = 0.8000  
2025-02-27 02:50:44.561  val_finetune_dtvu_steps_1/acc@10 = 0.8000  
2025-02-27 02:50:44.561  val_finetune_dtvu_steps_1/acc@20 = 0.8000  
2025-02-27 02:50:44.561  
  
2025-02-27 02:50:44.598  
  
2025-02-27 02:50:44.598  [VAL_FINETUNE_DTVU_STEPS_3] epoch_09  
2025-02-27 02:50:44.598  =============================================  
2025-02-27 02:50:44.598  val_finetune_dtvu_steps_3/loss = 3.1380  
2025-02-27 02:50:44.598  val_finetune_dtvu_steps_3/acc@01 = 0.3833  
2025-02-27 02:50:44.598  val_finetune_dtvu_steps_3/acc@05 = 0.7333  
2025-02-27 02:50:44.598  val_finetune_dtvu_steps_3/acc@10 = 0.7833  
2025-02-27 02:50:44.598  val_finetune_dtvu_steps_3/acc@20 = 0.7833  
2025-02-27 02:50:44.598  
  
2025-02-27 02:50:44.931  
  
2025-02-27 02:50:44.931  [TRN] epoch_10  
2025-02-27 02:50:44.931  =============================================  
2025-02-27 02:50:44.931  trn/loss = 3.3276  
2025-02-27 02:50:44.931  trn/acc@01 = 0.3486  
2025-02-27 02:50:44.931  trn/acc@05 = 0.6019  
2025-02-27 02:50:44.931  trn/acc@10 = 0.7067  
2025-02-27 02:50:44.931  trn/acc@20 = 0.7924  
2025-02-27 02:50:44.931  
  
2025-02-27 02:50:44.967  
  
2025-02-27 02:50:44.967  [VAL_FINETUNE_DTVU_STEPS_1] epoch_10  
2025-02-27 02:50:44.967  =============================================  
2025-02-27 02:50:44.967  val_finetune_dtvu_steps_1/loss = 2.8786  
2025-02-27 02:50:44.967  val_finetune_dtvu_steps_1/acc@01 = 0.4000  
2025-02-27 02:50:44.967  val_finetune_dtvu_steps_1/acc@05 = 0.8000  
2025-02-27 02:50:44.967  val_finetune_dtvu_steps_1/acc@10 = 0.8000  
2025-02-27 02:50:44.967  val_finetune_dtvu_steps_1/acc@20 = 0.8000  
2025-02-27 02:50:44.967  
  
2025-02-27 02:50:44.999  
  
2025-02-27 02:50:44.999  [VAL_FINETUNE_DTVU_STEPS_3] epoch_10  
2025-02-27 02:50:44.999  =============================================  
2025-02-27 02:50:44.999  val_finetune_dtvu_steps_3/loss = 3.0761  
2025-02-27 02:50:44.999  val_finetune_dtvu_steps_3/acc@01 = 0.3833  
2025-02-27 02:50:44.999  val_finetune_dtvu_steps_3/acc@05 = 0.7333  
2025-02-27 02:50:44.999  val_finetune_dtvu_steps_3/acc@10 = 0.7833  
2025-02-27 02:50:44.999  val_finetune_dtvu_steps_3/acc@20 = 0.7833  
2025-02-27 02:50:44.999  
  
2025-02-27 02:50:45.299  
  
2025-02-27 02:50:45.299  [TRN] epoch_11  
2025-02-27 02:50:45.299  =============================================  
2025-02-27 02:50:45.299  trn/loss = 3.3092  
2025-02-27 02:50:45.299  trn/acc@01 = 0.2933  
2025-02-27 02:50:45.299  trn/acc@05 = 0.5752  
2025-02-27 02:50:45.299  trn/acc@10 = 0.7086  
2025-02-27 02:50:45.299  trn/acc@20 = 0.8038  
2025-02-27 02:50:45.299  
  
2025-02-27 02:50:45.345  
  
2025-02-27 02:50:45.345  [VAL_FINETUNE_DTVU_STEPS_1] epoch_11  
2025-02-27 02:50:45.345  =============================================  
2025-02-27 02:50:45.345  val_finetune_dtvu_steps_1/loss = 2.9165  
2025-02-27 02:50:45.345  val_finetune_dtvu_steps_1/acc@01 = 0.4000  
2025-02-27 02:50:45.345  val_finetune_dtvu_steps_1/acc@05 = 0.8000  
2025-02-27 02:50:45.345  val_finetune_dtvu_steps_1/acc@10 = 0.8000  
2025-02-27 02:50:45.345  val_finetune_dtvu_steps_1/acc@20 = 0.8500  
2025-02-27 02:50:45.345  
  
2025-02-27 02:50:45.376  
  
2025-02-27 02:50:45.376  [VAL_FINETUNE_DTVU_STEPS_3] epoch_11  
2025-02-27 02:50:45.376  =============================================  
2025-02-27 02:50:45.376  val_finetune_dtvu_steps_3/loss = 3.0354  
2025-02-27 02:50:45.376  val_finetune_dtvu_steps_3/acc@01 = 0.3833  
2025-02-27 02:50:45.376  val_finetune_dtvu_steps_3/acc@05 = 0.7333  
2025-02-27 02:50:45.376  val_finetune_dtvu_steps_3/acc@10 = 0.7833  
2025-02-27 02:50:45.376  val_finetune_dtvu_steps_3/acc@20 = 0.8000  
2025-02-27 02:50:45.376  
  
2025-02-27 02:50:45.711  
  
2025-02-27 02:50:45.711  [TRN] epoch_12  
2025-02-27 02:50:45.711  =============================================  
2025-02-27 02:50:45.711  trn/loss = 3.2656  
2025-02-27 02:50:45.711  trn/acc@01 = 0.2811  
2025-02-27 02:50:45.711  trn/acc@05 = 0.5694  
2025-02-27 02:50:45.711  trn/acc@10 = 0.7009  
2025-02-27 02:50:45.711  trn/acc@20 = 0.8072  
2025-02-27 02:50:45.711  
  
2025-02-27 02:50:45.743  
  
2025-02-27 02:50:45.743  [VAL_FINETUNE_DTVU_STEPS_1] epoch_12  
2025-02-27 02:50:45.743  =============================================  
2025-02-27 02:50:45.743  val_finetune_dtvu_steps_1/loss = 2.8654  
2025-02-27 02:50:45.743  val_finetune_dtvu_steps_1/acc@01 = 0.4000  
2025-02-27 02:50:45.743  val_finetune_dtvu_steps_1/acc@05 = 0.8000  
2025-02-27 02:50:45.743  val_finetune_dtvu_steps_1/acc@10 = 0.8500  
2025-02-27 02:50:45.743  val_finetune_dtvu_steps_1/acc@20 = 0.8500  
2025-02-27 02:50:45.743  
  
2025-02-27 02:50:45.779  
  
2025-02-27 02:50:45.779  [VAL_FINETUNE_DTVU_STEPS_3] epoch_12  
2025-02-27 02:50:45.779  =============================================  
2025-02-27 02:50:45.779  val_finetune_dtvu_steps_3/loss = 2.9880  
2025-02-27 02:50:45.779  val_finetune_dtvu_steps_3/acc@01 = 0.3833  
2025-02-27 02:50:45.779  val_finetune_dtvu_steps_3/acc@05 = 0.7333  
2025-02-27 02:50:45.779  val_finetune_dtvu_steps_3/acc@10 = 0.8000  
2025-02-27 02:50:45.779  val_finetune_dtvu_steps_3/acc@20 = 0.8000  
2025-02-27 02:50:45.779  
  
2025-02-27 02:50:46.252  
  
2025-02-27 02:50:46.252  [TRN] epoch_13  
2025-02-27 02:50:46.252  =============================================  
2025-02-27 02:50:46.252  trn/loss = 3.2504  
2025-02-27 02:50:46.252  trn/acc@01 = 0.2714  
2025-02-27 02:50:46.252  trn/acc@05 = 0.5531  
2025-02-27 02:50:46.252  trn/acc@10 = 0.6878  
2025-02-27 02:50:46.252  trn/acc@20 = 0.8082  
2025-02-27 02:50:46.252  
  
2025-02-27 02:50:46.307  
  
2025-02-27 02:50:46.307  [VAL_FINETUNE_DTVU_STEPS_1] epoch_13  
2025-02-27 02:50:46.307  =============================================  
2025-02-27 02:50:46.307  val_finetune_dtvu_steps_1/loss = 2.8231  
2025-02-27 02:50:46.307  val_finetune_dtvu_steps_1/acc@01 = 0.4000  
2025-02-27 02:50:46.307  val_finetune_dtvu_steps_1/acc@05 = 0.8000  
2025-02-27 02:50:46.307  val_finetune_dtvu_steps_1/acc@10 = 0.8500  
2025-02-27 02:50:46.308  val_finetune_dtvu_steps_1/acc@20 = 0.8500  
2025-02-27 02:50:46.308  
  
2025-02-27 02:50:46.340  
  
2025-02-27 02:50:46.340  [VAL_FINETUNE_DTVU_STEPS_3] epoch_13  
2025-02-27 02:50:46.340  =============================================  
2025-02-27 02:50:46.340  val_finetune_dtvu_steps_3/loss = 2.9618  
2025-02-27 02:50:46.340  val_finetune_dtvu_steps_3/acc@01 = 0.3833  
2025-02-27 02:50:46.340  val_finetune_dtvu_steps_3/acc@05 = 0.7333  
2025-02-27 02:50:46.340  val_finetune_dtvu_steps_3/acc@10 = 0.8000  
2025-02-27 02:50:46.340  val_finetune_dtvu_steps_3/acc@20 = 0.8000  
2025-02-27 02:50:46.340  
  
2025-02-27 02:50:46.657  
  
2025-02-27 02:50:46.657  [TRN] epoch_14  
2025-02-27 02:50:46.657  =============================================  
2025-02-27 02:50:46.657  trn/loss = 3.2463  
2025-02-27 02:50:46.657  trn/acc@01 = 0.3104  
2025-02-27 02:50:46.657  trn/acc@05 = 0.6000  
2025-02-27 02:50:46.657  trn/acc@10 = 0.7146  
2025-02-27 02:50:46.657  trn/acc@20 = 0.8167  
2025-02-27 02:50:46.657  
  
2025-02-27 02:50:46.696  
  
2025-02-27 02:50:46.696  [VAL_FINETUNE_DTVU_STEPS_1] epoch_14  
2025-02-27 02:50:46.696  =============================================  
2025-02-27 02:50:46.696  val_finetune_dtvu_steps_1/loss = 2.8120  
2025-02-27 02:50:46.696  val_finetune_dtvu_steps_1/acc@01 = 0.4000  
2025-02-27 02:50:46.696  val_finetune_dtvu_steps_1/acc@05 = 0.8000  
2025-02-27 02:50:46.696  val_finetune_dtvu_steps_1/acc@10 = 0.8500  
2025-02-27 02:50:46.696  val_finetune_dtvu_steps_1/acc@20 = 0.8500  
2025-02-27 02:50:46.696  
  
2025-02-27 02:50:46.737  
  
2025-02-27 02:50:46.737  [VAL_FINETUNE_DTVU_STEPS_3] epoch_14  
2025-02-27 02:50:46.737  =============================================  
2025-02-27 02:50:46.737  val_finetune_dtvu_steps_3/loss = 2.9392  
2025-02-27 02:50:46.737  val_finetune_dtvu_steps_3/acc@01 = 0.3833  
2025-02-27 02:50:46.737  val_finetune_dtvu_steps_3/acc@05 = 0.7333  
2025-02-27 02:50:46.737  val_finetune_dtvu_steps_3/acc@10 = 0.8000  
2025-02-27 02:50:46.737  val_finetune_dtvu_steps_3/acc@20 = 0.8000  
2025-02-27 02:50:46.737  
  
2025-02-27 02:50:47.069  
  
2025-02-27 02:50:47.069  [TRN] epoch_15  
2025-02-27 02:50:47.069  =============================================  
2025-02-27 02:50:47.069  trn/loss = 3.1549  
2025-02-27 02:50:47.069  trn/acc@01 = 0.3319  
2025-02-27 02:50:47.069  trn/acc@05 = 0.6170  
2025-02-27 02:50:47.069  trn/acc@10 = 0.7426  
2025-02-27 02:50:47.069  trn/acc@20 = 0.8553  
2025-02-27 02:50:47.069  
  
2025-02-27 02:50:47.099  
  
2025-02-27 02:50:47.099  [VAL_FINETUNE_DTVU_STEPS_1] epoch_15  
2025-02-27 02:50:47.099  =============================================  
2025-02-27 02:50:47.099  val_finetune_dtvu_steps_1/loss = 2.8039  
2025-02-27 02:50:47.099  val_finetune_dtvu_steps_1/acc@01 = 0.4000  
2025-02-27 02:50:47.099  val_finetune_dtvu_steps_1/acc@05 = 0.8000  
2025-02-27 02:50:47.099  val_finetune_dtvu_steps_1/acc@10 = 0.8500  
2025-02-27 02:50:47.099  val_finetune_dtvu_steps_1/acc@20 = 0.8500  
2025-02-27 02:50:47.099  
  
2025-02-27 02:50:47.158  
  
2025-02-27 02:50:47.158  [VAL_FINETUNE_DTVU_STEPS_3] epoch_15  
2025-02-27 02:50:47.158  =============================================  
2025-02-27 02:50:47.158  val_finetune_dtvu_steps_3/loss = 2.9313  
2025-02-27 02:50:47.158  val_finetune_dtvu_steps_3/acc@01 = 0.3833  
2025-02-27 02:50:47.158  val_finetune_dtvu_steps_3/acc@05 = 0.7333  
2025-02-27 02:50:47.158  val_finetune_dtvu_steps_3/acc@10 = 0.8000  
2025-02-27 02:50:47.158  val_finetune_dtvu_steps_3/acc@20 = 0.8000  
2025-02-27 02:50:47.158  
  
2025-02-27 02:50:47.486  
  
2025-02-27 02:50:47.486  [TRN] epoch_16  
2025-02-27 02:50:47.486  =============================================  
2025-02-27 02:50:47.486  trn/loss = 3.2420  
2025-02-27 02:50:47.487  trn/acc@01 = 0.2981  
2025-02-27 02:50:47.487  trn/acc@05 = 0.5865  
2025-02-27 02:50:47.487  trn/acc@10 = 0.6962  
2025-02-27 02:50:47.487  trn/acc@20 = 0.8038  
2025-02-27 02:50:47.487  
  
2025-02-27 02:50:47.522  
  
2025-02-27 02:50:47.523  [VAL_FINETUNE_DTVU_STEPS_1] epoch_16  
2025-02-27 02:50:47.523  =============================================  
2025-02-27 02:50:47.523  val_finetune_dtvu_steps_1/loss = 2.8279  
2025-02-27 02:50:47.523  val_finetune_dtvu_steps_1/acc@01 = 0.4000  
2025-02-27 02:50:47.523  val_finetune_dtvu_steps_1/acc@05 = 0.8000  
2025-02-27 02:50:47.523  val_finetune_dtvu_steps_1/acc@10 = 0.8000  
2025-02-27 02:50:47.523  val_finetune_dtvu_steps_1/acc@20 = 0.8500  
2025-02-27 02:50:47.523  
  
2025-02-27 02:50:47.569  
  
2025-02-27 02:50:47.569  [VAL_FINETUNE_DTVU_STEPS_3] epoch_16  
2025-02-27 02:50:47.569  =============================================  
2025-02-27 02:50:47.569  val_finetune_dtvu_steps_3/loss = 3.0080  
2025-02-27 02:50:47.569  val_finetune_dtvu_steps_3/acc@01 = 0.3833  
2025-02-27 02:50:47.569  val_finetune_dtvu_steps_3/acc@05 = 0.7333  
2025-02-27 02:50:47.569  val_finetune_dtvu_steps_3/acc@10 = 0.7833  
2025-02-27 02:50:47.569  val_finetune_dtvu_steps_3/acc@20 = 0.8000  
2025-02-27 02:50:47.569  
  
2025-02-27 02:50:47.870  
  
2025-02-27 02:50:47.870  [TRN] epoch_17  
2025-02-27 02:50:47.870  =============================================  
2025-02-27 02:50:47.870  trn/loss = 3.0826  
2025-02-27 02:50:47.870  trn/acc@01 = 0.3143  
2025-02-27 02:50:47.870  trn/acc@05 = 0.6102  
2025-02-27 02:50:47.870  trn/acc@10 = 0.7224  
2025-02-27 02:50:47.870  trn/acc@20 = 0.8469  
2025-02-27 02:50:47.870  
  
2025-02-27 02:50:47.911  
  
2025-02-27 02:50:47.911  [VAL_FINETUNE_DTVU_STEPS_1] epoch_17  
2025-02-27 02:50:47.911  =============================================  
2025-02-27 02:50:47.911  val_finetune_dtvu_steps_1/loss = 2.8170  
2025-02-27 02:50:47.911  val_finetune_dtvu_steps_1/acc@01 = 0.4500  
2025-02-27 02:50:47.911  val_finetune_dtvu_steps_1/acc@05 = 0.8000  
2025-02-27 02:50:47.911  val_finetune_dtvu_steps_1/acc@10 = 0.8000  
2025-02-27 02:50:47.911  val_finetune_dtvu_steps_1/acc@20 = 0.8500  
2025-02-27 02:50:47.911  
  
2025-02-27 02:50:47.946  
  
2025-02-27 02:50:47.946  [VAL_FINETUNE_DTVU_STEPS_3] epoch_17  
2025-02-27 02:50:47.946  =============================================  
2025-02-27 02:50:47.946  val_finetune_dtvu_steps_3/loss = 2.9885  
2025-02-27 02:50:47.946  val_finetune_dtvu_steps_3/acc@01 = 0.3667  
2025-02-27 02:50:47.946  val_finetune_dtvu_steps_3/acc@05 = 0.7333  
2025-02-27 02:50:47.946  val_finetune_dtvu_steps_3/acc@10 = 0.7333  
2025-02-27 02:50:47.946  val_finetune_dtvu_steps_3/acc@20 = 0.8000  
2025-02-27 02:50:47.946  
  
2025-02-27 02:50:48.248  
  
2025-02-27 02:50:48.248  [TRN] epoch_18  
2025-02-27 02:50:48.248  =============================================  
2025-02-27 02:50:48.248  trn/loss = 3.2887  
2025-02-27 02:50:48.248  trn/acc@01 = 0.2346  
2025-02-27 02:50:48.248  trn/acc@05 = 0.5385  
2025-02-27 02:50:48.248  trn/acc@10 = 0.6885  
2025-02-27 02:50:48.248  trn/acc@20 = 0.8250  
2025-02-27 02:50:48.248  
  
2025-02-27 02:50:48.282  
  
2025-02-27 02:50:48.282  [VAL_FINETUNE_DTVU_STEPS_1] epoch_18  
2025-02-27 02:50:48.282  =============================================  
2025-02-27 02:50:48.282  val_finetune_dtvu_steps_1/loss = 2.7979  
2025-02-27 02:50:48.282  val_finetune_dtvu_steps_1/acc@01 = 0.4000  
2025-02-27 02:50:48.298  val_finetune_dtvu_steps_1/acc@05 = 0.7500  
2025-02-27 02:50:48.298  val_finetune_dtvu_steps_1/acc@10 = 0.8500  
2025-02-27 02:50:48.298  val_finetune_dtvu_steps_1/acc@20 = 0.8500  
2025-02-27 02:50:48.298  
  
2025-02-27 02:50:48.329  
  
2025-02-27 02:50:48.329  [VAL_FINETUNE_DTVU_STEPS_3] epoch_18  
2025-02-27 02:50:48.329  =============================================  
2025-02-27 02:50:48.329  val_finetune_dtvu_steps_3/loss = 2.9265  
2025-02-27 02:50:48.329  val_finetune_dtvu_steps_3/acc@01 = 0.3833  
2025-02-27 02:50:48.329  val_finetune_dtvu_steps_3/acc@05 = 0.7167  
2025-02-27 02:50:48.329  val_finetune_dtvu_steps_3/acc@10 = 0.7667  
2025-02-27 02:50:48.329  val_finetune_dtvu_steps_3/acc@20 = 0.8000  
2025-02-27 02:50:48.329  
  
2025-02-27 02:50:48.660  
  
2025-02-27 02:50:48.660  [TRN] epoch_19  
2025-02-27 02:50:48.660  =============================================  
2025-02-27 02:50:48.660  trn/loss = 3.0385  
2025-02-27 02:50:48.660  trn/acc@01 = 0.3212  
2025-02-27 02:50:48.660  trn/acc@05 = 0.6040  
2025-02-27 02:50:48.660  trn/acc@10 = 0.7333  
2025-02-27 02:50:48.660  trn/acc@20 = 0.8424  
2025-02-27 02:50:48.660  
  
2025-02-27 02:50:48.694  
  
2025-02-27 02:50:48.694  [VAL_FINETUNE_DTVU_STEPS_1] epoch_19  
2025-02-27 02:50:48.694  =============================================  
2025-02-27 02:50:48.694  val_finetune_dtvu_steps_1/loss = 2.7462  
2025-02-27 02:50:48.694  val_finetune_dtvu_steps_1/acc@01 = 0.4000  
2025-02-27 02:50:48.694  val_finetune_dtvu_steps_1/acc@05 = 0.8000  
2025-02-27 02:50:48.694  val_finetune_dtvu_steps_1/acc@10 = 0.8500  
2025-02-27 02:50:48.694  val_finetune_dtvu_steps_1/acc@20 = 0.8500  
2025-02-27 02:50:48.694  
  
2025-02-27 02:50:48.733  
  
2025-02-27 02:50:48.733  [VAL_FINETUNE_DTVU_STEPS_3] epoch_19  
2025-02-27 02:50:48.739  =============================================  
2025-02-27 02:50:48.739  val_finetune_dtvu_steps_3/loss = 2.8847  
2025-02-27 02:50:48.739  val_finetune_dtvu_steps_3/acc@01 = 0.3833  
2025-02-27 02:50:48.739  val_finetune_dtvu_steps_3/acc@05 = 0.7333  
2025-02-27 02:50:48.739  val_finetune_dtvu_steps_3/acc@10 = 0.8000  
2025-02-27 02:50:48.739  val_finetune_dtvu_steps_3/acc@20 = 0.8000  
2025-02-27 02:50:48.739  
  
2025-02-27 02:50:49.043  
  
2025-02-27 02:50:49.043  [TRN] epoch_20  
2025-02-27 02:50:49.043  =============================================  
2025-02-27 02:50:49.043  trn/loss = 3.0286  
2025-02-27 02:50:49.043  trn/acc@01 = 0.2734  
2025-02-27 02:50:49.043  trn/acc@05 = 0.5945  
2025-02-27 02:50:49.043  trn/acc@10 = 0.7358  
2025-02-27 02:50:49.043  trn/acc@20 = 0.8459  
2025-02-27 02:50:49.043  
  
2025-02-27 02:50:49.071  
  
2025-02-27 02:50:49.071  [VAL_FINETUNE_DTVU_STEPS_1] epoch_20  
2025-02-27 02:50:49.071  =============================================  
2025-02-27 02:50:49.071  val_finetune_dtvu_steps_1/loss = 2.7338  
2025-02-27 02:50:49.071  val_finetune_dtvu_steps_1/acc@01 = 0.4000  
2025-02-27 02:50:49.071  val_finetune_dtvu_steps_1/acc@05 = 0.8000  
2025-02-27 02:50:49.071  val_finetune_dtvu_steps_1/acc@10 = 0.8500  
2025-02-27 02:50:49.071  val_finetune_dtvu_steps_1/acc@20 = 0.8500  
2025-02-27 02:50:49.071  
  
2025-02-27 02:50:49.123  
  
2025-02-27 02:50:49.123  [VAL_FINETUNE_DTVU_STEPS_3] epoch_20  
2025-02-27 02:50:49.123  =============================================  
2025-02-27 02:50:49.123  val_finetune_dtvu_steps_3/loss = 2.8409  
2025-02-27 02:50:49.123  val_finetune_dtvu_steps_3/acc@01 = 0.3833  
2025-02-27 02:50:49.124  val_finetune_dtvu_steps_3/acc@05 = 0.7333  
2025-02-27 02:50:49.124  val_finetune_dtvu_steps_3/acc@10 = 0.8000  
2025-02-27 02:50:49.124  val_finetune_dtvu_steps_3/acc@20 = 0.8000  
2025-02-27 02:50:49.124  
  
2025-02-27 02:50:49.452  
  
2025-02-27 02:50:49.452  [TRN] epoch_21  
2025-02-27 02:50:49.452  =============================================  
2025-02-27 02:50:49.452  trn/loss = 2.9093  
2025-02-27 02:50:49.457  trn/acc@01 = 0.3071  
2025-02-27 02:50:49.457  trn/acc@05 = 0.6263  
2025-02-27 02:50:49.457  trn/acc@10 = 0.7313  
2025-02-27 02:50:49.457  trn/acc@20 = 0.8626  
2025-02-27 02:50:49.457  
  
2025-02-27 02:50:49.498  
  
2025-02-27 02:50:49.499  [VAL_FINETUNE_DTVU_STEPS_1] epoch_21  
2025-02-27 02:50:49.499  =============================================  
2025-02-27 02:50:49.499  val_finetune_dtvu_steps_1/loss = 2.7431  
2025-02-27 02:50:49.499  val_finetune_dtvu_steps_1/acc@01 = 0.4000  
2025-02-27 02:50:49.499  val_finetune_dtvu_steps_1/acc@05 = 0.8000  
2025-02-27 02:50:49.499  val_finetune_dtvu_steps_1/acc@10 = 0.8500  
2025-02-27 02:50:49.499  val_finetune_dtvu_steps_1/acc@20 = 0.8500  
2025-02-27 02:50:49.499  
  
2025-02-27 02:50:49.538  
  
2025-02-27 02:50:49.538  [VAL_FINETUNE_DTVU_STEPS_3] epoch_21  
2025-02-27 02:50:49.538  =============================================  
2025-02-27 02:50:49.539  val_finetune_dtvu_steps_3/loss = 2.8597  
2025-02-27 02:50:49.539  val_finetune_dtvu_steps_3/acc@01 = 0.3833  
2025-02-27 02:50:49.539  val_finetune_dtvu_steps_3/acc@05 = 0.7333  
2025-02-27 02:50:49.539  val_finetune_dtvu_steps_3/acc@10 = 0.8000  
2025-02-27 02:50:49.539  val_finetune_dtvu_steps_3/acc@20 = 0.8000  
2025-02-27 02:50:49.539  
  
2025-02-27 02:50:49.838  
  
2025-02-27 02:50:49.838  [TRN] epoch_22  
2025-02-27 02:50:49.838  =============================================  
2025-02-27 02:50:49.838  trn/loss = 3.0153  
2025-02-27 02:50:49.838  trn/acc@01 = 0.3030  
2025-02-27 02:50:49.838  trn/acc@05 = 0.5802  
2025-02-27 02:50:49.838  trn/acc@10 = 0.7129  
2025-02-27 02:50:49.838  trn/acc@20 = 0.8416  
2025-02-27 02:50:49.838  
  
2025-02-27 02:50:49.885  
  
2025-02-27 02:50:49.885  [VAL_FINETUNE_DTVU_STEPS_1] epoch_22  
2025-02-27 02:50:49.885  =============================================  
2025-02-27 02:50:49.885  val_finetune_dtvu_steps_1/loss = 2.7509  
2025-02-27 02:50:49.885  val_finetune_dtvu_steps_1/acc@01 = 0.4000  
2025-02-27 02:50:49.885  val_finetune_dtvu_steps_1/acc@05 = 0.7500  
2025-02-27 02:50:49.885  val_finetune_dtvu_steps_1/acc@10 = 0.8500  
2025-02-27 02:50:49.885  val_finetune_dtvu_steps_1/acc@20 = 0.8500  
2025-02-27 02:50:49.885  
  
2025-02-27 02:50:49.926  
  
2025-02-27 02:50:49.926  [VAL_FINETUNE_DTVU_STEPS_3] epoch_22  
2025-02-27 02:50:49.926  =============================================  
2025-02-27 02:50:49.927  val_finetune_dtvu_steps_3/loss = 2.8605  
2025-02-27 02:50:49.927  val_finetune_dtvu_steps_3/acc@01 = 0.3833  
2025-02-27 02:50:49.927  val_finetune_dtvu_steps_3/acc@05 = 0.7167  
2025-02-27 02:50:49.927  val_finetune_dtvu_steps_3/acc@10 = 0.8000  
2025-02-27 02:50:49.927  val_finetune_dtvu_steps_3/acc@20 = 0.8000  
2025-02-27 02:50:49.927  
  
2025-02-27 02:50:50.220  
  
2025-02-27 02:50:50.220  [TRN] epoch_23  
2025-02-27 02:50:50.220  =============================================  
2025-02-27 02:50:50.220  trn/loss = 2.8579  
2025-02-27 02:50:50.220  trn/acc@01 = 0.3411  
2025-02-27 02:50:50.221  trn/acc@05 = 0.6421  
2025-02-27 02:50:50.221  trn/acc@10 = 0.7558  
2025-02-27 02:50:50.221  trn/acc@20 = 0.8716  
2025-02-27 02:50:50.221  
  
2025-02-27 02:50:50.263  
  
2025-02-27 02:50:50.263  [VAL_FINETUNE_DTVU_STEPS_1] epoch_23  
2025-02-27 02:50:50.263  =============================================  
2025-02-27 02:50:50.263  val_finetune_dtvu_steps_1/loss = 2.7469  
2025-02-27 02:50:50.264  val_finetune_dtvu_steps_1/acc@01 = 0.4000  
2025-02-27 02:50:50.264  val_finetune_dtvu_steps_1/acc@05 = 0.7500  
2025-02-27 02:50:50.264  val_finetune_dtvu_steps_1/acc@10 = 0.8500  
2025-02-27 02:50:50.264  val_finetune_dtvu_steps_1/acc@20 = 0.8500  
2025-02-27 02:50:50.264  
  
2025-02-27 02:50:50.301  
  
2025-02-27 02:50:50.301  [VAL_FINETUNE_DTVU_STEPS_3] epoch_23  
2025-02-27 02:50:50.302  =============================================  
2025-02-27 02:50:50.302  val_finetune_dtvu_steps_3/loss = 2.8579  
2025-02-27 02:50:50.302  val_finetune_dtvu_steps_3/acc@01 = 0.3833  
2025-02-27 02:50:50.302  val_finetune_dtvu_steps_3/acc@05 = 0.7167  
2025-02-27 02:50:50.302  val_finetune_dtvu_steps_3/acc@10 = 0.8000  
2025-02-27 02:50:50.302  val_finetune_dtvu_steps_3/acc@20 = 0.8000  
2025-02-27 02:50:50.302  
  
2025-02-27 02:50:50.615  
  
2025-02-27 02:50:50.616  [TRN] epoch_24  
2025-02-27 02:50:50.616  =============================================  
2025-02-27 02:50:50.616  trn/loss = 3.0724  
2025-02-27 02:50:50.616  trn/acc@01 = 0.2878  
2025-02-27 02:50:50.616  trn/acc@05 = 0.5735  
2025-02-27 02:50:50.616  trn/acc@10 = 0.7000  
2025-02-27 02:50:50.616  trn/acc@20 = 0.8408  
2025-02-27 02:50:50.616  
  
2025-02-27 02:50:50.654  
  
2025-02-27 02:50:50.654  [VAL_FINETUNE_DTVU_STEPS_1] epoch_24  
2025-02-27 02:50:50.654  =============================================  
2025-02-27 02:50:50.654  val_finetune_dtvu_steps_1/loss = 2.5967  
2025-02-27 02:50:50.654  val_finetune_dtvu_steps_1/acc@01 = 0.4000  
2025-02-27 02:50:50.654  val_finetune_dtvu_steps_1/acc@05 = 0.8500  
2025-02-27 02:50:50.655  val_finetune_dtvu_steps_1/acc@10 = 0.8500  
2025-02-27 02:50:50.655  val_finetune_dtvu_steps_1/acc@20 = 0.8500  
2025-02-27 02:50:50.655  
  
2025-02-27 02:50:50.694  
  
2025-02-27 02:50:50.694  [VAL_FINETUNE_DTVU_STEPS_3] epoch_24  
2025-02-27 02:50:50.694  =============================================  
2025-02-27 02:50:50.694  val_finetune_dtvu_steps_3/loss = 2.8957  
2025-02-27 02:50:50.694  val_finetune_dtvu_steps_3/acc@01 = 0.3833  
2025-02-27 02:50:50.694  val_finetune_dtvu_steps_3/acc@05 = 0.7500  
2025-02-27 02:50:50.694  val_finetune_dtvu_steps_3/acc@10 = 0.8000  
2025-02-27 02:50:50.694  val_finetune_dtvu_steps_3/acc@20 = 0.8000  
2025-02-27 02:50:50.694  
  
2025-02-27 02:50:51.018  
  
2025-02-27 02:50:51.018  [TRN] epoch_25  
2025-02-27 02:50:51.018  =============================================  
2025-02-27 02:50:51.018  trn/loss = 2.9044  
2025-02-27 02:50:51.018  trn/acc@01 = 0.3364  
2025-02-27 02:50:51.019  trn/acc@05 = 0.6000  
2025-02-27 02:50:51.019  trn/acc@10 = 0.7308  
2025-02-27 02:50:51.019  trn/acc@20 = 0.8673  
2025-02-27 02:50:51.019  
  
2025-02-27 02:50:51.058  
  
2025-02-27 02:50:51.058  [VAL_FINETUNE_DTVU_STEPS_1] epoch_25  
2025-02-27 02:50:51.058  =============================================  
2025-02-27 02:50:51.059  val_finetune_dtvu_steps_1/loss = 2.6762  
2025-02-27 02:50:51.059  val_finetune_dtvu_steps_1/acc@01 = 0.4000  
2025-02-27 02:50:51.059  val_finetune_dtvu_steps_1/acc@05 = 0.8000  
2025-02-27 02:50:51.059  val_finetune_dtvu_steps_1/acc@10 = 0.8500  
2025-02-27 02:50:51.059  val_finetune_dtvu_steps_1/acc@20 = 0.8500  
2025-02-27 02:50:51.059  
  
2025-02-27 02:50:51.098  
  
2025-02-27 02:50:51.098  [VAL_FINETUNE_DTVU_STEPS_3] epoch_25  
2025-02-27 02:50:51.098  =============================================  
2025-02-27 02:50:51.098  val_finetune_dtvu_steps_3/loss = 2.9056  
2025-02-27 02:50:51.098  val_finetune_dtvu_steps_3/acc@01 = 0.3833  
2025-02-27 02:50:51.098  val_finetune_dtvu_steps_3/acc@05 = 0.7333  
2025-02-27 02:50:51.098  val_finetune_dtvu_steps_3/acc@10 = 0.7833  
2025-02-27 02:50:51.098  val_finetune_dtvu_steps_3/acc@20 = 0.8000  
2025-02-27 02:50:51.099  
  
2025-02-27 02:50:51.389  
  
2025-02-27 02:50:51.389  [TRN] epoch_26  
2025-02-27 02:50:51.389  =============================================  
2025-02-27 02:50:51.390  trn/loss = 2.9425  
2025-02-27 02:50:51.390  trn/acc@01 = 0.2990  
2025-02-27 02:50:51.390  trn/acc@05 = 0.5918  
2025-02-27 02:50:51.390  trn/acc@10 = 0.7216  
2025-02-27 02:50:51.390  trn/acc@20 = 0.8515  
2025-02-27 02:50:51.390  
  
2025-02-27 02:50:51.426  
  
2025-02-27 02:50:51.426  [VAL_FINETUNE_DTVU_STEPS_1] epoch_26  
2025-02-27 02:50:51.426  =============================================  
2025-02-27 02:50:51.427  val_finetune_dtvu_steps_1/loss = 2.7618  
2025-02-27 02:50:51.427  val_finetune_dtvu_steps_1/acc@01 = 0.4000  
2025-02-27 02:50:51.427  val_finetune_dtvu_steps_1/acc@05 = 0.7500  
2025-02-27 02:50:51.427  val_finetune_dtvu_steps_1/acc@10 = 0.8500  
2025-02-27 02:50:51.427  val_finetune_dtvu_steps_1/acc@20 = 0.8500  
2025-02-27 02:50:51.427  
  
2025-02-27 02:50:51.468  
  
2025-02-27 02:50:51.468  [VAL_FINETUNE_DTVU_STEPS_3] epoch_26  
2025-02-27 02:50:51.468  =============================================  
2025-02-27 02:50:51.468  val_finetune_dtvu_steps_3/loss = 2.8878  
2025-02-27 02:50:51.468  val_finetune_dtvu_steps_3/acc@01 = 0.4000  
2025-02-27 02:50:51.468  val_finetune_dtvu_steps_3/acc@05 = 0.7167  
2025-02-27 02:50:51.468  val_finetune_dtvu_steps_3/acc@10 = 0.8000  
2025-02-27 02:50:51.469  val_finetune_dtvu_steps_3/acc@20 = 0.8000  
2025-02-27 02:50:51.469  
  
2025-02-27 02:50:51.778  
  
2025-02-27 02:50:51.778  [TRN] epoch_27  
2025-02-27 02:50:51.778  =============================================  
2025-02-27 02:50:51.778  trn/loss = 2.9707  
2025-02-27 02:50:51.778  trn/acc@01 = 0.2685  
2025-02-27 02:50:51.778  trn/acc@05 = 0.5766  
2025-02-27 02:50:51.778  trn/acc@10 = 0.7153  
2025-02-27 02:50:51.778  trn/acc@20 = 0.8468  
2025-02-27 02:50:51.778  
  
2025-02-27 02:50:51.816  
  
2025-02-27 02:50:51.816  [VAL_FINETUNE_DTVU_STEPS_1] epoch_27  
2025-02-27 02:50:51.817  =============================================  
2025-02-27 02:50:51.817  val_finetune_dtvu_steps_1/loss = 2.6966  
2025-02-27 02:50:51.817  val_finetune_dtvu_steps_1/acc@01 = 0.4500  
2025-02-27 02:50:51.817  val_finetune_dtvu_steps_1/acc@05 = 0.8000  
2025-02-27 02:50:51.817  val_finetune_dtvu_steps_1/acc@10 = 0.8500  
2025-02-27 02:50:51.817  val_finetune_dtvu_steps_1/acc@20 = 0.9000  
2025-02-27 02:50:51.817  
  
2025-02-27 02:50:51.855  
  
2025-02-27 02:50:51.855  [VAL_FINETUNE_DTVU_STEPS_3] epoch_27  
2025-02-27 02:50:51.855  =============================================  
2025-02-27 02:50:51.855  val_finetune_dtvu_steps_3/loss = 2.9014  
2025-02-27 02:50:51.855  val_finetune_dtvu_steps_3/acc@01 = 0.3833  
2025-02-27 02:50:51.855  val_finetune_dtvu_steps_3/acc@05 = 0.7500  
2025-02-27 02:50:51.856  val_finetune_dtvu_steps_3/acc@10 = 0.8000  
2025-02-27 02:50:51.856  val_finetune_dtvu_steps_3/acc@20 = 0.8333  
2025-02-27 02:50:51.856  
  
2025-02-27 02:50:52.164  
  
2025-02-27 02:50:52.165  [TRN] epoch_28  
2025-02-27 02:50:52.165  =============================================  
2025-02-27 02:50:52.165  trn/loss = 2.9391  
2025-02-27 02:50:52.165  trn/acc@01 = 0.3068  
2025-02-27 02:50:52.165  trn/acc@05 = 0.6000  
2025-02-27 02:50:52.166  trn/acc@10 = 0.7398  
2025-02-27 02:50:52.166  trn/acc@20 = 0.8544  
2025-02-27 02:50:52.166  
  
2025-02-27 02:50:52.202  
  
2025-02-27 02:50:52.202  [VAL_FINETUNE_DTVU_STEPS_1] epoch_28  
2025-02-27 02:50:52.202  =============================================  
2025-02-27 02:50:52.203  val_finetune_dtvu_steps_1/loss = 2.7137  
2025-02-27 02:50:52.203  val_finetune_dtvu_steps_1/acc@01 = 0.4500  
2025-02-27 02:50:52.203  val_finetune_dtvu_steps_1/acc@05 = 0.8000  
2025-02-27 02:50:52.203  val_finetune_dtvu_steps_1/acc@10 = 0.8500  
2025-02-27 02:50:52.203  val_finetune_dtvu_steps_1/acc@20 = 0.8500  
2025-02-27 02:50:52.203  
  
2025-02-27 02:50:52.243  
  
2025-02-27 02:50:52.243  [VAL_FINETUNE_DTVU_STEPS_3] epoch_28  
2025-02-27 02:50:52.243  =============================================  
2025-02-27 02:50:52.244  val_finetune_dtvu_steps_3/loss = 2.9519  
2025-02-27 02:50:52.244  val_finetune_dtvu_steps_3/acc@01 = 0.3667  
2025-02-27 02:50:52.244  val_finetune_dtvu_steps_3/acc@05 = 0.7167  
2025-02-27 02:50:52.244  val_finetune_dtvu_steps_3/acc@10 = 0.7833  
2025-02-27 02:50:52.244  val_finetune_dtvu_steps_3/acc@20 = 0.7833  
2025-02-27 02:50:52.244  
  
2025-02-27 02:50:52.558  
  
2025-02-27 02:50:52.559  [TRN] epoch_29  
2025-02-27 02:50:52.559  =============================================  
2025-02-27 02:50:52.559  trn/loss = 2.7530  
2025-02-27 02:50:52.559  trn/acc@01 = 0.3451  
2025-02-27 02:50:52.559  trn/acc@05 = 0.6154  
2025-02-27 02:50:52.559  trn/acc@10 = 0.7451  
2025-02-27 02:50:52.559  trn/acc@20 = 0.8637  
2025-02-27 02:50:52.559  
  
2025-02-27 02:50:52.598  
  
2025-02-27 02:50:52.598  [VAL_FINETUNE_DTVU_STEPS_1] epoch_29  
2025-02-27 02:50:52.598  =============================================  
2025-02-27 02:50:52.598  val_finetune_dtvu_steps_1/loss = 2.6509  
2025-02-27 02:50:52.598  val_finetune_dtvu_steps_1/acc@01 = 0.4000  
2025-02-27 02:50:52.598  val_finetune_dtvu_steps_1/acc@05 = 0.7500  
2025-02-27 02:50:52.598  val_finetune_dtvu_steps_1/acc@10 = 0.8500  
2025-02-27 02:50:52.598  val_finetune_dtvu_steps_1/acc@20 = 0.8500  
2025-02-27 02:50:52.598  
  
2025-02-27 02:50:52.634  
  
2025-02-27 02:50:52.635  [VAL_FINETUNE_DTVU_STEPS_3] epoch_29  
2025-02-27 02:50:52.635  =============================================  
2025-02-27 02:50:52.635  val_finetune_dtvu_steps_3/loss = 2.8713  
2025-02-27 02:50:52.635  val_finetune_dtvu_steps_3/acc@01 = 0.3833  
2025-02-27 02:50:52.635  val_finetune_dtvu_steps_3/acc@05 = 0.7167  
2025-02-27 02:50:52.635  val_finetune_dtvu_steps_3/acc@10 = 0.7833  
2025-02-27 02:50:52.635  val_finetune_dtvu_steps_3/acc@20 = 0.8000  
2025-02-27 02:50:52.635  
  
2025-02-27 02:50:52.918  
  
2025-02-27 02:50:52.919  [TRN] epoch_30  
2025-02-27 02:50:52.919  =============================================  
2025-02-27 02:50:52.919  trn/loss = 2.8195  
2025-02-27 02:50:52.919  trn/acc@01 = 0.3172  
2025-02-27 02:50:52.919  trn/acc@05 = 0.6000  
2025-02-27 02:50:52.919  trn/acc@10 = 0.7152  
2025-02-27 02:50:52.919  trn/acc@20 = 0.8586  
2025-02-27 02:50:52.920  
  
2025-02-27 02:50:52.953  
  
2025-02-27 02:50:52.953  [VAL_FINETUNE_DTVU_STEPS_1] epoch_30  
2025-02-27 02:50:52.953  =============================================  
2025-02-27 02:50:52.954  val_finetune_dtvu_steps_1/loss = 2.6826  
2025-02-27 02:50:52.954  val_finetune_dtvu_steps_1/acc@01 = 0.4000  
2025-02-27 02:50:52.954  val_finetune_dtvu_steps_1/acc@05 = 0.8500  
2025-02-27 02:50:52.954  val_finetune_dtvu_steps_1/acc@10 = 0.8500  
2025-02-27 02:50:52.954  val_finetune_dtvu_steps_1/acc@20 = 0.8500  
2025-02-27 02:50:52.954  
  
2025-02-27 02:50:52.990  
  
2025-02-27 02:50:52.990  [VAL_FINETUNE_DTVU_STEPS_3] epoch_30  
2025-02-27 02:50:52.990  =============================================  
2025-02-27 02:50:52.990  val_finetune_dtvu_steps_3/loss = 2.9164  
2025-02-27 02:50:52.990  val_finetune_dtvu_steps_3/acc@01 = 0.3833  
2025-02-27 02:50:52.991  val_finetune_dtvu_steps_3/acc@05 = 0.7500  
2025-02-27 02:50:52.991  val_finetune_dtvu_steps_3/acc@10 = 0.7833  
2025-02-27 02:50:52.991  val_finetune_dtvu_steps_3/acc@20 = 0.8000  
2025-02-27 02:50:52.991  
  
2025-02-27 02:50:53.282  
  
2025-02-27 02:50:53.282  [TRN] epoch_31  
2025-02-27 02:50:53.283  =============================================  
2025-02-27 02:50:53.283  trn/loss = 2.7917  
2025-02-27 02:50:53.283  trn/acc@01 = 0.3113  
2025-02-27 02:50:53.283  trn/acc@05 = 0.6144  
2025-02-27 02:50:53.283  trn/acc@10 = 0.7237  
2025-02-27 02:50:53.283  trn/acc@20 = 0.8722  
2025-02-27 02:50:53.284  
  
2025-02-27 02:50:53.336  
  
2025-02-27 02:50:53.336  [VAL_FINETUNE_DTVU_STEPS_1] epoch_31  
2025-02-27 02:50:53.337  =============================================  
2025-02-27 02:50:53.337  val_finetune_dtvu_steps_1/loss = 2.6864  
2025-02-27 02:50:53.337  val_finetune_dtvu_steps_1/acc@01 = 0.4000  
2025-02-27 02:50:53.337  val_finetune_dtvu_steps_1/acc@05 = 0.8000  
2025-02-27 02:50:53.337  val_finetune_dtvu_steps_1/acc@10 = 0.8500  
2025-02-27 02:50:53.337  val_finetune_dtvu_steps_1/acc@20 = 0.8500  
2025-02-27 02:50:53.337  
  
2025-02-27 02:50:53.374  
  
2025-02-27 02:50:53.374  [VAL_FINETUNE_DTVU_STEPS_3] epoch_31  
2025-02-27 02:50:53.374  =============================================  
2025-02-27 02:50:53.374  val_finetune_dtvu_steps_3/loss = 2.9188  
2025-02-27 02:50:53.375  val_finetune_dtvu_steps_3/acc@01 = 0.3833  
2025-02-27 02:50:53.375  val_finetune_dtvu_steps_3/acc@05 = 0.7333  
2025-02-27 02:50:53.375  val_finetune_dtvu_steps_3/acc@10 = 0.7833  
2025-02-27 02:50:53.375  val_finetune_dtvu_steps_3/acc@20 = 0.8000  
2025-02-27 02:50:53.375  
  
2025-02-27 02:50:53.667  
  
2025-02-27 02:50:53.667  [TRN] epoch_32  
2025-02-27 02:50:53.667  =============================================  
2025-02-27 02:50:53.667  trn/loss = 2.8013  
2025-02-27 02:50:53.667  trn/acc@01 = 0.3132  
2025-02-27 02:50:53.667  trn/acc@05 = 0.6151  
2025-02-27 02:50:53.667  trn/acc@10 = 0.7585  
2025-02-27 02:50:53.668  trn/acc@20 = 0.8774  
2025-02-27 02:50:53.668  
  
2025-02-27 02:50:53.702  
  
2025-02-27 02:50:53.702  [VAL_FINETUNE_DTVU_STEPS_1] epoch_32  
2025-02-27 02:50:53.703  =============================================  
2025-02-27 02:50:53.703  val_finetune_dtvu_steps_1/loss = 2.6675  
2025-02-27 02:50:53.703  val_finetune_dtvu_steps_1/acc@01 = 0.4000  
2025-02-27 02:50:53.703  val_finetune_dtvu_steps_1/acc@05 = 0.7500  
2025-02-27 02:50:53.703  val_finetune_dtvu_steps_1/acc@10 = 0.8500  
2025-02-27 02:50:53.703  val_finetune_dtvu_steps_1/acc@20 = 0.9000  
2025-02-27 02:50:53.703  
  
2025-02-27 02:50:53.740  
  
2025-02-27 02:50:53.741  [VAL_FINETUNE_DTVU_STEPS_3] epoch_32  
2025-02-27 02:50:53.741  =============================================  
2025-02-27 02:50:53.741  val_finetune_dtvu_steps_3/loss = 2.9135  
2025-02-27 02:50:53.741  val_finetune_dtvu_steps_3/acc@01 = 0.3833  
2025-02-27 02:50:53.741  val_finetune_dtvu_steps_3/acc@05 = 0.7000  
2025-02-27 02:50:53.741  val_finetune_dtvu_steps_3/acc@10 = 0.7833  
2025-02-27 02:50:53.741  val_finetune_dtvu_steps_3/acc@20 = 0.8167  
2025-02-27 02:50:53.741  
  
2025-02-27 02:50:54.026  
  
2025-02-27 02:50:54.026  [TRN] epoch_33  
2025-02-27 02:50:54.026  =============================================  
2025-02-27 02:50:54.026  trn/loss = 2.7865  
2025-02-27 02:50:54.026  trn/acc@01 = 0.3149  
2025-02-27 02:50:54.026  trn/acc@05 = 0.6257  
2025-02-27 02:50:54.026  trn/acc@10 = 0.7525  
2025-02-27 02:50:54.026  trn/acc@20 = 0.8634  
2025-02-27 02:50:54.026  
  
2025-02-27 02:50:54.065  
  
2025-02-27 02:50:54.065  [VAL_FINETUNE_DTVU_STEPS_1] epoch_33  
2025-02-27 02:50:54.065  =============================================  
2025-02-27 02:50:54.065  val_finetune_dtvu_steps_1/loss = 2.6975  
2025-02-27 02:50:54.065  val_finetune_dtvu_steps_1/acc@01 = 0.4000  
2025-02-27 02:50:54.065  val_finetune_dtvu_steps_1/acc@05 = 0.7000  
2025-02-27 02:50:54.065  val_finetune_dtvu_steps_1/acc@10 = 0.8000  
2025-02-27 02:50:54.065  val_finetune_dtvu_steps_1/acc@20 = 0.8500  
2025-02-27 02:50:54.065  
  
2025-02-27 02:50:54.112  
  
2025-02-27 02:50:54.112  [VAL_FINETUNE_DTVU_STEPS_3] epoch_33  
2025-02-27 02:50:54.112  =============================================  
2025-02-27 02:50:54.112  val_finetune_dtvu_steps_3/loss = 2.8461  
2025-02-27 02:50:54.112  val_finetune_dtvu_steps_3/acc@01 = 0.3833  
2025-02-27 02:50:54.112  val_finetune_dtvu_steps_3/acc@05 = 0.7333  
2025-02-27 02:50:54.112  val_finetune_dtvu_steps_3/acc@10 = 0.7833  
2025-02-27 02:50:54.112  val_finetune_dtvu_steps_3/acc@20 = 0.8000  
2025-02-27 02:50:54.112  
  
2025-02-27 02:50:54.411  
  
2025-02-27 02:50:54.411  [TRN] epoch_34  
2025-02-27 02:50:54.411  =============================================  
2025-02-27 02:50:54.411  trn/loss = 2.8333  
2025-02-27 02:50:54.411  trn/acc@01 = 0.3053  
2025-02-27 02:50:54.411  trn/acc@05 = 0.5958  
2025-02-27 02:50:54.411  trn/acc@10 = 0.7558  
2025-02-27 02:50:54.411  trn/acc@20 = 0.8695  
2025-02-27 02:50:54.411  
  
2025-02-27 02:50:54.452  
  
2025-02-27 02:50:54.452  [VAL_FINETUNE_DTVU_STEPS_1] epoch_34  
2025-02-27 02:50:54.452  =============================================  
2025-02-27 02:50:54.452  val_finetune_dtvu_steps_1/loss = 2.7645  
2025-02-27 02:50:54.452  val_finetune_dtvu_steps_1/acc@01 = 0.4000  
2025-02-27 02:50:54.452  val_finetune_dtvu_steps_1/acc@05 = 0.8000  
2025-02-27 02:50:54.452  val_finetune_dtvu_steps_1/acc@10 = 0.8000  
2025-02-27 02:50:54.452  val_finetune_dtvu_steps_1/acc@20 = 0.8500  
2025-02-27 02:50:54.452  
  
2025-02-27 02:50:54.490  
  
2025-02-27 02:50:54.490  [VAL_FINETUNE_DTVU_STEPS_3] epoch_34  
2025-02-27 02:50:54.490  =============================================  
2025-02-27 02:50:54.490  val_finetune_dtvu_steps_3/loss = 2.9836  
2025-02-27 02:50:54.490  val_finetune_dtvu_steps_3/acc@01 = 0.3333  
2025-02-27 02:50:54.490  val_finetune_dtvu_steps_3/acc@05 = 0.7167  
2025-02-27 02:50:54.490  val_finetune_dtvu_steps_3/acc@10 = 0.7833  
2025-02-27 02:50:54.490  val_finetune_dtvu_steps_3/acc@20 = 0.8000  
2025-02-27 02:50:54.490  
  
2025-02-27 02:50:54.805  
  
2025-02-27 02:50:54.805  [TRN] epoch_35  
2025-02-27 02:50:54.805  =============================================  
2025-02-27 02:50:54.806  trn/loss = 2.7821  
2025-02-27 02:50:54.806  trn/acc@01 = 0.3089  
2025-02-27 02:50:54.806  trn/acc@05 = 0.6158  
2025-02-27 02:50:54.806  trn/acc@10 = 0.7366  
2025-02-27 02:50:54.806  trn/acc@20 = 0.8634  
2025-02-27 02:50:54.806  
  
2025-02-27 02:50:54.837  
  
2025-02-27 02:50:54.837  [VAL_FINETUNE_DTVU_STEPS_1] epoch_35  
2025-02-27 02:50:54.837  =============================================  
2025-02-27 02:50:54.837  val_finetune_dtvu_steps_1/loss = 2.7527  
2025-02-27 02:50:54.837  val_finetune_dtvu_steps_1/acc@01 = 0.4000  
2025-02-27 02:50:54.837  val_finetune_dtvu_steps_1/acc@05 = 0.8000  
2025-02-27 02:50:54.837  val_finetune_dtvu_steps_1/acc@10 = 0.8000  
2025-02-27 02:50:54.837  val_finetune_dtvu_steps_1/acc@20 = 0.8500  
2025-02-27 02:50:54.837  
  
2025-02-27 02:50:54.885  
  
2025-02-27 02:50:54.885  [VAL_FINETUNE_DTVU_STEPS_3] epoch_35  
2025-02-27 02:50:54.885  =============================================  
2025-02-27 02:50:54.885  val_finetune_dtvu_steps_3/loss = 2.9845  
2025-02-27 02:50:54.885  val_finetune_dtvu_steps_3/acc@01 = 0.3500  
2025-02-27 02:50:54.885  val_finetune_dtvu_steps_3/acc@05 = 0.7500  
2025-02-27 02:50:54.885  val_finetune_dtvu_steps_3/acc@10 = 0.7667  
2025-02-27 02:50:54.885  val_finetune_dtvu_steps_3/acc@20 = 0.8000  
2025-02-27 02:50:54.885  
  
2025-02-27 02:50:55.200  
  
2025-02-27 02:50:55.200  [TRN] epoch_36  
2025-02-27 02:50:55.200  =============================================  
2025-02-27 02:50:55.200  trn/loss = 2.6954  
2025-02-27 02:50:55.200  trn/acc@01 = 0.3048  
2025-02-27 02:50:55.200  trn/acc@05 = 0.6095  
2025-02-27 02:50:55.200  trn/acc@10 = 0.7390  
2025-02-27 02:50:55.200  trn/acc@20 = 0.8819  
2025-02-27 02:50:55.200  
  
2025-02-27 02:50:55.231  
  
2025-02-27 02:50:55.231  [VAL_FINETUNE_DTVU_STEPS_1] epoch_36  
2025-02-27 02:50:55.231  =============================================  
2025-02-27 02:50:55.231  val_finetune_dtvu_steps_1/loss = 2.7024  
2025-02-27 02:50:55.231  val_finetune_dtvu_steps_1/acc@01 = 0.3500  
2025-02-27 02:50:55.231  val_finetune_dtvu_steps_1/acc@05 = 0.8000  
2025-02-27 02:50:55.231  val_finetune_dtvu_steps_1/acc@10 = 0.8000  
2025-02-27 02:50:55.231  val_finetune_dtvu_steps_1/acc@20 = 0.8500  
2025-02-27 02:50:55.231  
  
2025-02-27 02:50:55.283  
  
2025-02-27 02:50:55.283  [VAL_FINETUNE_DTVU_STEPS_3] epoch_36  
2025-02-27 02:50:55.283  =============================================  
2025-02-27 02:50:55.283  val_finetune_dtvu_steps_3/loss = 2.9214  
2025-02-27 02:50:55.283  val_finetune_dtvu_steps_3/acc@01 = 0.3500  
2025-02-27 02:50:55.283  val_finetune_dtvu_steps_3/acc@05 = 0.7667  
2025-02-27 02:50:55.283  val_finetune_dtvu_steps_3/acc@10 = 0.7833  
2025-02-27 02:50:55.283  val_finetune_dtvu_steps_3/acc@20 = 0.8000  
2025-02-27 02:50:55.283  
  
2025-02-27 02:50:55.611  
  
2025-02-27 02:50:55.618  [TRN] epoch_37  
2025-02-27 02:50:55.618  =============================================  
2025-02-27 02:50:55.618  trn/loss = 2.7418  
2025-02-27 02:50:55.618  trn/acc@01 = 0.3149  
2025-02-27 02:50:55.618  trn/acc@05 = 0.6085  
2025-02-27 02:50:55.618  trn/acc@10 = 0.7277  
2025-02-27 02:50:55.618  trn/acc@20 = 0.8660  
2025-02-27 02:50:55.618  
  
2025-02-27 02:50:55.657  
  
2025-02-27 02:50:55.657  [VAL_FINETUNE_DTVU_STEPS_1] epoch_37  
2025-02-27 02:50:55.657  =============================================  
2025-02-27 02:50:55.657  val_finetune_dtvu_steps_1/loss = 2.7166  
2025-02-27 02:50:55.657  val_finetune_dtvu_steps_1/acc@01 = 0.4000  
2025-02-27 02:50:55.657  val_finetune_dtvu_steps_1/acc@05 = 0.7500  
2025-02-27 02:50:55.657  val_finetune_dtvu_steps_1/acc@10 = 0.8500  
2025-02-27 02:50:55.657  val_finetune_dtvu_steps_1/acc@20 = 0.9000  
2025-02-27 02:50:55.657  
  
2025-02-27 02:50:55.700  
  
2025-02-27 02:50:55.700  [VAL_FINETUNE_DTVU_STEPS_3] epoch_37  
2025-02-27 02:50:55.700  =============================================  
2025-02-27 02:50:55.700  val_finetune_dtvu_steps_3/loss = 2.9067  
2025-02-27 02:50:55.700  val_finetune_dtvu_steps_3/acc@01 = 0.3333  
2025-02-27 02:50:55.700  val_finetune_dtvu_steps_3/acc@05 = 0.7500  
2025-02-27 02:50:55.700  val_finetune_dtvu_steps_3/acc@10 = 0.8000  
2025-02-27 02:50:55.700  val_finetune_dtvu_steps_3/acc@20 = 0.8333  
2025-02-27 02:50:55.700  
  
2025-02-27 02:50:56.033  
  
2025-02-27 02:50:56.033  [TRN] epoch_38  
2025-02-27 02:50:56.033  =============================================  
2025-02-27 02:50:56.033  trn/loss = 2.7309  
2025-02-27 02:50:56.033  trn/acc@01 = 0.2979  
2025-02-27 02:50:56.033  trn/acc@05 = 0.6146  
2025-02-27 02:50:56.033  trn/acc@10 = 0.7396  
2025-02-27 02:50:56.033  trn/acc@20 = 0.8812  
2025-02-27 02:50:56.033  
  
2025-02-27 02:50:56.075  
  
2025-02-27 02:50:56.075  [VAL_FINETUNE_DTVU_STEPS_1] epoch_38  
2025-02-27 02:50:56.075  =============================================  
2025-02-27 02:50:56.075  val_finetune_dtvu_steps_1/loss = 2.7296  
2025-02-27 02:50:56.075  val_finetune_dtvu_steps_1/acc@01 = 0.3500  
2025-02-27 02:50:56.075  val_finetune_dtvu_steps_1/acc@05 = 0.8000  
2025-02-27 02:50:56.075  val_finetune_dtvu_steps_1/acc@10 = 0.8500  
2025-02-27 02:50:56.082  val_finetune_dtvu_steps_1/acc@20 = 0.9000  
2025-02-27 02:50:56.082  
  
2025-02-27 02:50:56.133  
  
2025-02-27 02:50:56.133  [VAL_FINETUNE_DTVU_STEPS_3] epoch_38  
2025-02-27 02:50:56.133  =============================================  
2025-02-27 02:50:56.133  val_finetune_dtvu_steps_3/loss = 2.9138  
2025-02-27 02:50:56.133  val_finetune_dtvu_steps_3/acc@01 = 0.3167  
2025-02-27 02:50:56.133  val_finetune_dtvu_steps_3/acc@05 = 0.7667  
2025-02-27 02:50:56.133  val_finetune_dtvu_steps_3/acc@10 = 0.8000  
2025-02-27 02:50:56.133  val_finetune_dtvu_steps_3/acc@20 = 0.8333  
2025-02-27 02:50:56.133  
  
2025-02-27 02:50:56.433  
  
2025-02-27 02:50:56.433  [TRN] epoch_39  
2025-02-27 02:50:56.433  =============================================  
2025-02-27 02:50:56.433  trn/loss = 2.4823  
2025-02-27 02:50:56.433  trn/acc@01 = 0.3978  
2025-02-27 02:50:56.433  trn/acc@05 = 0.6817  
2025-02-27 02:50:56.433  trn/acc@10 = 0.7785  
2025-02-27 02:50:56.433  trn/acc@20 = 0.8688  
2025-02-27 02:50:56.433  
  
2025-02-27 02:50:56.465  
  
2025-02-27 02:50:56.465  [VAL_FINETUNE_DTVU_STEPS_1] epoch_39  
2025-02-27 02:50:56.465  =============================================  
2025-02-27 02:50:56.465  val_finetune_dtvu_steps_1/loss = 2.7264  
2025-02-27 02:50:56.465  val_finetune_dtvu_steps_1/acc@01 = 0.3500  
2025-02-27 02:50:56.465  val_finetune_dtvu_steps_1/acc@05 = 0.8000  
2025-02-27 02:50:56.465  val_finetune_dtvu_steps_1/acc@10 = 0.8500  
2025-02-27 02:50:56.465  val_finetune_dtvu_steps_1/acc@20 = 0.9000  
2025-02-27 02:50:56.475  
  
2025-02-27 02:50:56.496  
  
2025-02-27 02:50:56.496  [VAL_FINETUNE_DTVU_STEPS_3] epoch_39  
2025-02-27 02:50:56.496  =============================================  
2025-02-27 02:50:56.512  val_finetune_dtvu_steps_3/loss = 2.9099  
2025-02-27 02:50:56.512  val_finetune_dtvu_steps_3/acc@01 = 0.3500  
2025-02-27 02:50:56.512  val_finetune_dtvu_steps_3/acc@05 = 0.7500  
2025-02-27 02:50:56.512  val_finetune_dtvu_steps_3/acc@10 = 0.8000  
2025-02-27 02:50:56.512  val_finetune_dtvu_steps_3/acc@20 = 0.8333  
2025-02-27 02:50:56.512  
  
2025-02-27 02:50:56.828  
  
2025-02-27 02:50:56.828  [TRN] epoch_40  
2025-02-27 02:50:56.828  =============================================  
2025-02-27 02:50:56.828  trn/loss = 2.5997  
2025-02-27 02:50:56.828  trn/acc@01 = 0.3400  
2025-02-27 02:50:56.828  trn/acc@05 = 0.6220  
2025-02-27 02:50:56.828  trn/acc@10 = 0.7680  
2025-02-27 02:50:56.828  trn/acc@20 = 0.8840  
2025-02-27 02:50:56.828  
  
2025-02-27 02:50:56.860  
  
2025-02-27 02:50:56.860  [VAL_FINETUNE_DTVU_STEPS_1] epoch_40  
2025-02-27 02:50:56.860  =============================================  
2025-02-27 02:50:56.860  val_finetune_dtvu_steps_1/loss = 2.8410  
2025-02-27 02:50:56.860  val_finetune_dtvu_steps_1/acc@01 = 0.4000  
2025-02-27 02:50:56.860  val_finetune_dtvu_steps_1/acc@05 = 0.7500  
2025-02-27 02:50:56.860  val_finetune_dtvu_steps_1/acc@10 = 0.8000  
2025-02-27 02:50:56.860  val_finetune_dtvu_steps_1/acc@20 = 0.8500  
2025-02-27 02:50:56.860  
  
2025-02-27 02:50:56.907  
  
2025-02-27 02:50:56.907  [VAL_FINETUNE_DTVU_STEPS_3] epoch_40  
2025-02-27 02:50:56.907  =============================================  
2025-02-27 02:50:56.907  val_finetune_dtvu_steps_3/loss = 2.9576  
2025-02-27 02:50:56.907  val_finetune_dtvu_steps_3/acc@01 = 0.3333  
2025-02-27 02:50:56.907  val_finetune_dtvu_steps_3/acc@05 = 0.7167  
2025-02-27 02:50:56.907  val_finetune_dtvu_steps_3/acc@10 = 0.7833  
2025-02-27 02:50:56.907  val_finetune_dtvu_steps_3/acc@20 = 0.8000  
2025-02-27 02:50:56.907  
  
2025-02-27 02:50:57.207  
  
2025-02-27 02:50:57.207  [TRN] epoch_41  
2025-02-27 02:50:57.207  =============================================  
2025-02-27 02:50:57.207  trn/loss = 2.8020  
2025-02-27 02:50:57.207  trn/acc@01 = 0.3238  
2025-02-27 02:50:57.207  trn/acc@05 = 0.5752  
2025-02-27 02:50:57.207  trn/acc@10 = 0.7086  
2025-02-27 02:50:57.207  trn/acc@20 = 0.8476  
2025-02-27 02:50:57.207  
  
2025-02-27 02:50:57.239  
  
2025-02-27 02:50:57.239  [VAL_FINETUNE_DTVU_STEPS_1] epoch_41  
2025-02-27 02:50:57.239  =============================================  
2025-02-27 02:50:57.239  val_finetune_dtvu_steps_1/loss = 2.8276  
2025-02-27 02:50:57.239  val_finetune_dtvu_steps_1/acc@01 = 0.4500  
2025-02-27 02:50:57.239  val_finetune_dtvu_steps_1/acc@05 = 0.7500  
2025-02-27 02:50:57.239  val_finetune_dtvu_steps_1/acc@10 = 0.8000  
2025-02-27 02:50:57.239  val_finetune_dtvu_steps_1/acc@20 = 0.9000  
2025-02-27 02:50:57.239  
  
2025-02-27 02:50:57.286  
  
2025-02-27 02:50:57.286  [VAL_FINETUNE_DTVU_STEPS_3] epoch_41  
2025-02-27 02:50:57.286  =============================================  
2025-02-27 02:50:57.286  val_finetune_dtvu_steps_3/loss = 3.0220  
2025-02-27 02:50:57.286  val_finetune_dtvu_steps_3/acc@01 = 0.3833  
2025-02-27 02:50:57.286  val_finetune_dtvu_steps_3/acc@05 = 0.7167  
2025-02-27 02:50:57.286  val_finetune_dtvu_steps_3/acc@10 = 0.7833  
2025-02-27 02:50:57.286  val_finetune_dtvu_steps_3/acc@20 = 0.8333  
2025-02-27 02:50:57.286  
  
2025-02-27 02:50:57.617  
  
2025-02-27 02:50:57.617  [TRN] epoch_42  
2025-02-27 02:50:57.617  =============================================  
2025-02-27 02:50:57.617  trn/loss = 2.6038  
2025-02-27 02:50:57.617  trn/acc@01 = 0.3293  
2025-02-27 02:50:57.617  trn/acc@05 = 0.6626  
2025-02-27 02:50:57.617  trn/acc@10 = 0.7717  
2025-02-27 02:50:57.617  trn/acc@20 = 0.8828  
2025-02-27 02:50:57.617  
  
2025-02-27 02:50:57.649  
  
2025-02-27 02:50:57.649  [VAL_FINETUNE_DTVU_STEPS_1] epoch_42  
2025-02-27 02:50:57.649  =============================================  
2025-02-27 02:50:57.649  val_finetune_dtvu_steps_1/loss = 2.7586  
2025-02-27 02:50:57.649  val_finetune_dtvu_steps_1/acc@01 = 0.4500  
2025-02-27 02:50:57.649  val_finetune_dtvu_steps_1/acc@05 = 0.8000  
2025-02-27 02:50:57.649  val_finetune_dtvu_steps_1/acc@10 = 0.8500  
2025-02-27 02:50:57.649  val_finetune_dtvu_steps_1/acc@20 = 0.9000  
2025-02-27 02:50:57.649  
  
2025-02-27 02:50:57.699  
  
2025-02-27 02:50:57.699  [VAL_FINETUNE_DTVU_STEPS_3] epoch_42  
2025-02-27 02:50:57.699  =============================================  
2025-02-27 02:50:57.699  val_finetune_dtvu_steps_3/loss = 2.8969  
2025-02-27 02:50:57.699  val_finetune_dtvu_steps_3/acc@01 = 0.4000  
2025-02-27 02:50:57.699  val_finetune_dtvu_steps_3/acc@05 = 0.7333  
2025-02-27 02:50:57.699  val_finetune_dtvu_steps_3/acc@10 = 0.7833  
2025-02-27 02:50:57.699  val_finetune_dtvu_steps_3/acc@20 = 0.8333  
2025-02-27 02:50:57.699  
  
2025-02-27 02:50:58.059  
  
2025-02-27 02:50:58.060  [TRN] epoch_43  
2025-02-27 02:50:58.060  =============================================  
2025-02-27 02:50:58.060  trn/loss = 2.5886  
2025-02-27 02:50:58.060  trn/acc@01 = 0.3253  
2025-02-27 02:50:58.060  trn/acc@05 = 0.6404  
2025-02-27 02:50:58.060  trn/acc@10 = 0.7515  
2025-02-27 02:50:58.060  trn/acc@20 = 0.8747  
2025-02-27 02:50:58.060  
  
2025-02-27 02:50:58.091  
  
2025-02-27 02:50:58.091  [VAL_FINETUNE_DTVU_STEPS_1] epoch_43  
2025-02-27 02:50:58.091  =============================================  
2025-02-27 02:50:58.091  val_finetune_dtvu_steps_1/loss = 2.8360  
2025-02-27 02:50:58.091  val_finetune_dtvu_steps_1/acc@01 = 0.3000  
2025-02-27 02:50:58.091  val_finetune_dtvu_steps_1/acc@05 = 0.8000  
2025-02-27 02:50:58.091  val_finetune_dtvu_steps_1/acc@10 = 0.9000  
2025-02-27 02:50:58.091  val_finetune_dtvu_steps_1/acc@20 = 0.9000  
2025-02-27 02:50:58.091  
  
2025-02-27 02:50:58.128  
  
2025-02-27 02:50:58.128  [VAL_FINETUNE_DTVU_STEPS_3] epoch_43  
2025-02-27 02:50:58.128  =============================================  
2025-02-27 02:50:58.128  val_finetune_dtvu_steps_3/loss = 2.9203  
2025-02-27 02:50:58.128  val_finetune_dtvu_steps_3/acc@01 = 0.3833  
2025-02-27 02:50:58.128  val_finetune_dtvu_steps_3/acc@05 = 0.7500  
2025-02-27 02:50:58.128  val_finetune_dtvu_steps_3/acc@10 = 0.8167  
2025-02-27 02:50:58.128  val_finetune_dtvu_steps_3/acc@20 = 0.8333  
2025-02-27 02:50:58.128  
  
2025-02-27 02:50:58.468  
  
2025-02-27 02:50:58.468  [TRN] epoch_44  
2025-02-27 02:50:58.468  =============================================  
2025-02-27 02:50:58.468  trn/loss = 2.4527  
2025-02-27 02:50:58.468  trn/acc@01 = 0.3500  
2025-02-27 02:50:58.468  trn/acc@05 = 0.6596  
2025-02-27 02:50:58.468  trn/acc@10 = 0.7827  
2025-02-27 02:50:58.468  trn/acc@20 = 0.8865  
2025-02-27 02:50:58.468  
  
2025-02-27 02:50:58.508  
  
2025-02-27 02:50:58.508  [VAL_FINETUNE_DTVU_STEPS_1] epoch_44  
2025-02-27 02:50:58.508  =============================================  
2025-02-27 02:50:58.508  val_finetune_dtvu_steps_1/loss = 2.9225  
2025-02-27 02:50:58.508  val_finetune_dtvu_steps_1/acc@01 = 0.2500  
2025-02-27 02:50:58.508  val_finetune_dtvu_steps_1/acc@05 = 0.6500  
2025-02-27 02:50:58.508  val_finetune_dtvu_steps_1/acc@10 = 0.9000  
2025-02-27 02:50:58.508  val_finetune_dtvu_steps_1/acc@20 = 0.9000  
2025-02-27 02:50:58.508  
  
2025-02-27 02:50:58.547  
  
2025-02-27 02:50:58.547  [VAL_FINETUNE_DTVU_STEPS_3] epoch_44  
2025-02-27 02:50:58.547  =============================================  
2025-02-27 02:50:58.547  val_finetune_dtvu_steps_3/loss = 3.0463  
2025-02-27 02:50:58.547  val_finetune_dtvu_steps_3/acc@01 = 0.3167  
2025-02-27 02:50:58.547  val_finetune_dtvu_steps_3/acc@05 = 0.6667  
2025-02-27 02:50:58.547  val_finetune_dtvu_steps_3/acc@10 = 0.8167  
2025-02-27 02:50:58.547  val_finetune_dtvu_steps_3/acc@20 = 0.8333  
2025-02-27 02:50:58.547  
  
2025-02-27 02:50:58.867  
  
2025-02-27 02:50:58.867  [TRN] epoch_45  
2025-02-27 02:50:58.867  =============================================  
2025-02-27 02:50:58.867  trn/loss = 2.4337  
2025-02-27 02:50:58.867  trn/acc@01 = 0.4060  
2025-02-27 02:50:58.867  trn/acc@05 = 0.6640  
2025-02-27 02:50:58.867  trn/acc@10 = 0.7860  
2025-02-27 02:50:58.867  trn/acc@20 = 0.8840  
2025-02-27 02:50:58.867  
  
2025-02-27 02:50:58.907  
  
2025-02-27 02:50:58.907  [VAL_FINETUNE_DTVU_STEPS_1] epoch_45  
2025-02-27 02:50:58.907  =============================================  
2025-02-27 02:50:58.907  val_finetune_dtvu_steps_1/loss = 2.8376  
2025-02-27 02:50:58.907  val_finetune_dtvu_steps_1/acc@01 = 0.3500  
2025-02-27 02:50:58.907  val_finetune_dtvu_steps_1/acc@05 = 0.6500  
2025-02-27 02:50:58.907  val_finetune_dtvu_steps_1/acc@10 = 0.8000  
2025-02-27 02:50:58.907  val_finetune_dtvu_steps_1/acc@20 = 0.9000  
2025-02-27 02:50:58.907  
  
2025-02-27 02:50:58.949  
  
2025-02-27 02:50:58.949  [VAL_FINETUNE_DTVU_STEPS_3] epoch_45  
2025-02-27 02:50:58.949  =============================================  
2025-02-27 02:50:58.949  val_finetune_dtvu_steps_3/loss = 2.9899  
2025-02-27 02:50:58.949  val_finetune_dtvu_steps_3/acc@01 = 0.3500  
2025-02-27 02:50:58.949  val_finetune_dtvu_steps_3/acc@05 = 0.6667  
2025-02-27 02:50:58.949  val_finetune_dtvu_steps_3/acc@10 = 0.7667  
2025-02-27 02:50:58.949  val_finetune_dtvu_steps_3/acc@20 = 0.8333  
2025-02-27 02:50:58.949  
  
2025-02-27 02:50:59.266  
  
2025-02-27 02:50:59.266  [TRN] epoch_46  
2025-02-27 02:50:59.266  =============================================  
2025-02-27 02:50:59.266  trn/loss = 2.6031  
2025-02-27 02:50:59.266  trn/acc@01 = 0.3208  
2025-02-27 02:50:59.266  trn/acc@05 = 0.6354  
2025-02-27 02:50:59.266  trn/acc@10 = 0.7688  
2025-02-27 02:50:59.266  trn/acc@20 = 0.8708  
2025-02-27 02:50:59.266  
  
2025-02-27 02:50:59.320  
  
2025-02-27 02:50:59.320  [VAL_FINETUNE_DTVU_STEPS_1] epoch_46  
2025-02-27 02:50:59.320  =============================================  
2025-02-27 02:50:59.320  val_finetune_dtvu_steps_1/loss = 2.8576  
2025-02-27 02:50:59.320  val_finetune_dtvu_steps_1/acc@01 = 0.4000  
2025-02-27 02:50:59.320  val_finetune_dtvu_steps_1/acc@05 = 0.6500  
2025-02-27 02:50:59.320  val_finetune_dtvu_steps_1/acc@10 = 0.8000  
2025-02-27 02:50:59.320  val_finetune_dtvu_steps_1/acc@20 = 0.9000  
2025-02-27 02:50:59.320  
  
2025-02-27 02:50:59.374  
  
2025-02-27 02:50:59.374  [VAL_FINETUNE_DTVU_STEPS_3] epoch_46  
2025-02-27 02:50:59.374  =============================================  
2025-02-27 02:50:59.374  val_finetune_dtvu_steps_3/loss = 2.9840  
2025-02-27 02:50:59.374  val_finetune_dtvu_steps_3/acc@01 = 0.3500  
2025-02-27 02:50:59.374  val_finetune_dtvu_steps_3/acc@05 = 0.6667  
2025-02-27 02:50:59.374  val_finetune_dtvu_steps_3/acc@10 = 0.7667  
2025-02-27 02:50:59.374  val_finetune_dtvu_steps_3/acc@20 = 0.8333  
2025-02-27 02:50:59.374  
  
2025-02-27 02:50:59.709  
  
2025-02-27 02:50:59.709  [TRN] epoch_47  
2025-02-27 02:50:59.709  =============================================  
2025-02-27 02:50:59.709  trn/loss = 2.5430  
2025-02-27 02:50:59.709  trn/acc@01 = 0.3604  
2025-02-27 02:50:59.709  trn/acc@05 = 0.6438  
2025-02-27 02:50:59.716  trn/acc@10 = 0.7542  
2025-02-27 02:50:59.716  trn/acc@20 = 0.8708  
2025-02-27 02:50:59.716  
  
2025-02-27 02:50:59.755  
  
2025-02-27 02:50:59.755  [VAL_FINETUNE_DTVU_STEPS_1] epoch_47  
2025-02-27 02:50:59.755  =============================================  
2025-02-27 02:50:59.755  val_finetune_dtvu_steps_1/loss = 2.8476  
2025-02-27 02:50:59.755  val_finetune_dtvu_steps_1/acc@01 = 0.4000  
2025-02-27 02:50:59.755  val_finetune_dtvu_steps_1/acc@05 = 0.6500  
2025-02-27 02:50:59.755  val_finetune_dtvu_steps_1/acc@10 = 0.8500  
2025-02-27 02:50:59.755  val_finetune_dtvu_steps_1/acc@20 = 0.9000  
2025-02-27 02:50:59.755  
  
2025-02-27 02:50:59.791  
  
2025-02-27 02:50:59.791  [VAL_FINETUNE_DTVU_STEPS_3] epoch_47  
2025-02-27 02:50:59.791  =============================================  
2025-02-27 02:50:59.791  val_finetune_dtvu_steps_3/loss = 2.9773  
2025-02-27 02:50:59.791  val_finetune_dtvu_steps_3/acc@01 = 0.3500  
2025-02-27 02:50:59.791  val_finetune_dtvu_steps_3/acc@05 = 0.6667  
2025-02-27 02:50:59.791  val_finetune_dtvu_steps_3/acc@10 = 0.8000  
2025-02-27 02:50:59.791  val_finetune_dtvu_steps_3/acc@20 = 0.8333  
2025-02-27 02:50:59.791  
  
2025-02-27 02:51:00.124  
  
2025-02-27 02:51:00.124  [TRN] epoch_48  
2025-02-27 02:51:00.124  =============================================  
2025-02-27 02:51:00.124  trn/loss = 2.5846  
2025-02-27 02:51:00.124  trn/acc@01 = 0.3426  
2025-02-27 02:51:00.124  trn/acc@05 = 0.6574  
2025-02-27 02:51:00.124  trn/acc@10 = 0.7663  
2025-02-27 02:51:00.124  trn/acc@20 = 0.8733  
2025-02-27 02:51:00.124  
  
2025-02-27 02:51:00.171  
  
2025-02-27 02:51:00.171  [VAL_FINETUNE_DTVU_STEPS_1] epoch_48  
2025-02-27 02:51:00.171  =============================================  
2025-02-27 02:51:00.171  val_finetune_dtvu_steps_1/loss = 2.8262  
2025-02-27 02:51:00.171  val_finetune_dtvu_steps_1/acc@01 = 0.3500  
2025-02-27 02:51:00.171  val_finetune_dtvu_steps_1/acc@05 = 0.5500  
2025-02-27 02:51:00.171  val_finetune_dtvu_steps_1/acc@10 = 0.8500  
2025-02-27 02:51:00.171  val_finetune_dtvu_steps_1/acc@20 = 0.9000  
2025-02-27 02:51:00.171  
  
2025-02-27 02:51:00.210  
  
2025-02-27 02:51:00.210  [VAL_FINETUNE_DTVU_STEPS_3] epoch_48  
2025-02-27 02:51:00.210  =============================================  
2025-02-27 02:51:00.210  val_finetune_dtvu_steps_3/loss = 2.8984  
2025-02-27 02:51:00.210  val_finetune_dtvu_steps_3/acc@01 = 0.3500  
2025-02-27 02:51:00.210  val_finetune_dtvu_steps_3/acc@05 = 0.6500  
2025-02-27 02:51:00.210  val_finetune_dtvu_steps_3/acc@10 = 0.7667  
2025-02-27 02:51:00.210  val_finetune_dtvu_steps_3/acc@20 = 0.8333  
2025-02-27 02:51:00.210  
  
2025-02-27 02:51:00.558  
  
2025-02-27 02:51:00.558  [TRN] epoch_49  
2025-02-27 02:51:00.558  =============================================  
2025-02-27 02:51:00.558  trn/loss = 2.6264  
2025-02-27 02:51:00.558  trn/acc@01 = 0.3458  
2025-02-27 02:51:00.558  trn/acc@05 = 0.6579  
2025-02-27 02:51:00.558  trn/acc@10 = 0.7626  
2025-02-27 02:51:00.558  trn/acc@20 = 0.8673  
2025-02-27 02:51:00.558  
  
2025-02-27 02:51:00.583  
  
2025-02-27 02:51:00.583  [VAL_FINETUNE_DTVU_STEPS_1] epoch_49  
2025-02-27 02:51:00.583  =============================================  
2025-02-27 02:51:00.583  val_finetune_dtvu_steps_1/loss = 2.9140  
2025-02-27 02:51:00.583  val_finetune_dtvu_steps_1/acc@01 = 0.3000  
2025-02-27 02:51:00.583  val_finetune_dtvu_steps_1/acc@05 = 0.6500  
2025-02-27 02:51:00.583  val_finetune_dtvu_steps_1/acc@10 = 0.8500  
2025-02-27 02:51:00.583  val_finetune_dtvu_steps_1/acc@20 = 0.9000  
2025-02-27 02:51:00.583  
  
2025-02-27 02:51:00.627  
  
2025-02-27 02:51:00.627  [VAL_FINETUNE_DTVU_STEPS_3] epoch_49  
2025-02-27 02:51:00.627  =============================================  
2025-02-27 02:51:00.627  val_finetune_dtvu_steps_3/loss = 3.0120  
2025-02-27 02:51:00.627  val_finetune_dtvu_steps_3/acc@01 = 0.3667  
2025-02-27 02:51:00.627  val_finetune_dtvu_steps_3/acc@05 = 0.6667  
2025-02-27 02:51:00.627  val_finetune_dtvu_steps_3/acc@10 = 0.7833  
2025-02-27 02:51:00.627  val_finetune_dtvu_steps_3/acc@20 = 0.8333  
2025-02-27 02:51:00.627  
  
2025-02-27 02:51:00.972  
  
2025-02-27 02:51:00.972  [TRN] epoch_50  
2025-02-27 02:51:00.974  =============================================  
2025-02-27 02:51:00.974  trn/loss = 2.5473  
2025-02-27 02:51:00.974  trn/acc@01 = 0.3358  
2025-02-27 02:51:00.974  trn/acc@05 = 0.6604  
2025-02-27 02:51:00.975  trn/acc@10 = 0.7717  
2025-02-27 02:51:00.979  trn/acc@20 = 0.8887  
2025-02-27 02:51:00.979  
  
2025-02-27 02:51:01.111  
  
2025-02-27 02:51:01.117  [VAL_FINETUNE_DTVU_STEPS_1] epoch_50  
2025-02-27 02:51:01.119  =============================================  
2025-02-27 02:51:01.121  val_finetune_dtvu_steps_1/loss = 2.8981  
2025-02-27 02:51:01.123  val_finetune_dtvu_steps_1/acc@01 = 0.3500  
2025-02-27 02:51:01.123  val_finetune_dtvu_steps_1/acc@05 = 0.6000  
2025-02-27 02:51:01.123  val_finetune_dtvu_steps_1/acc@10 = 0.7500  
2025-02-27 02:51:01.123  val_finetune_dtvu_steps_1/acc@20 = 0.9000  
2025-02-27 02:51:01.123  
  
2025-02-27 02:51:01.204  
  
2025-02-27 02:51:01.204  [VAL_FINETUNE_DTVU_STEPS_3] epoch_50  
2025-02-27 02:51:01.204  =============================================  
2025-02-27 02:51:01.204  val_finetune_dtvu_steps_3/loss = 3.0555  
2025-02-27 02:51:01.204  val_finetune_dtvu_steps_3/acc@01 = 0.3500  
2025-02-27 02:51:01.204  val_finetune_dtvu_steps_3/acc@05 = 0.6167  
2025-02-27 02:51:01.204  val_finetune_dtvu_steps_3/acc@10 = 0.7500  
2025-02-27 02:51:01.204  val_finetune_dtvu_steps_3/acc@20 = 0.8333  
2025-02-27 02:51:01.204  
  
2025-02-27 02:51:01.510  
  
2025-02-27 02:51:01.510  [TRN] epoch_51  
2025-02-27 02:51:01.510  =============================================  
2025-02-27 02:51:01.510  trn/loss = 2.5818  
2025-02-27 02:51:01.510  trn/acc@01 = 0.3340  
2025-02-27 02:51:01.510  trn/acc@05 = 0.6596  
2025-02-27 02:51:01.510  trn/acc@10 = 0.8043  
2025-02-27 02:51:01.510  trn/acc@20 = 0.8957  
2025-02-27 02:51:01.510  
  
2025-02-27 02:51:01.557  
  
2025-02-27 02:51:01.557  [VAL_FINETUNE_DTVU_STEPS_1] epoch_51  
2025-02-27 02:51:01.557  =============================================  
2025-02-27 02:51:01.557  val_finetune_dtvu_steps_1/loss = 2.8638  
2025-02-27 02:51:01.557  val_finetune_dtvu_steps_1/acc@01 = 0.3000  
2025-02-27 02:51:01.557  val_finetune_dtvu_steps_1/acc@05 = 0.7000  
2025-02-27 02:51:01.557  val_finetune_dtvu_steps_1/acc@10 = 0.7500  
2025-02-27 02:51:01.557  val_finetune_dtvu_steps_1/acc@20 = 0.9000  
2025-02-27 02:51:01.557  
  
2025-02-27 02:51:01.592  
  
2025-02-27 02:51:01.592  [VAL_FINETUNE_DTVU_STEPS_3] epoch_51  
2025-02-27 02:51:01.592  =============================================  
2025-02-27 02:51:01.592  val_finetune_dtvu_steps_3/loss = 3.0053  
2025-02-27 02:51:01.592  val_finetune_dtvu_steps_3/acc@01 = 0.3333  
2025-02-27 02:51:01.592  val_finetune_dtvu_steps_3/acc@05 = 0.7000  
2025-02-27 02:51:01.592  val_finetune_dtvu_steps_3/acc@10 = 0.7167  
2025-02-27 02:51:01.592  val_finetune_dtvu_steps_3/acc@20 = 0.8333  
2025-02-27 02:51:01.592  
  
2025-02-27 02:51:01.902  
  
2025-02-27 02:51:01.902  [TRN] epoch_52  
2025-02-27 02:51:01.902  =============================================  
2025-02-27 02:51:01.902  trn/loss = 2.5055  
2025-02-27 02:51:01.902  trn/acc@01 = 0.3808  
2025-02-27 02:51:01.902  trn/acc@05 = 0.6827  
2025-02-27 02:51:01.902  trn/acc@10 = 0.8019  
2025-02-27 02:51:01.902  trn/acc@20 = 0.8923  
2025-02-27 02:51:01.902  
  
2025-02-27 02:51:01.933  
  
2025-02-27 02:51:01.933  [VAL_FINETUNE_DTVU_STEPS_1] epoch_52  
2025-02-27 02:51:01.933  =============================================  
2025-02-27 02:51:01.933  val_finetune_dtvu_steps_1/loss = 2.8097  
2025-02-27 02:51:01.933  val_finetune_dtvu_steps_1/acc@01 = 0.3000  
2025-02-27 02:51:01.933  val_finetune_dtvu_steps_1/acc@05 = 0.7000  
2025-02-27 02:51:01.933  val_finetune_dtvu_steps_1/acc@10 = 0.8000  
2025-02-27 02:51:01.933  val_finetune_dtvu_steps_1/acc@20 = 0.9000  
2025-02-27 02:51:01.933  
  
2025-02-27 02:51:01.980  
  
2025-02-27 02:51:01.980  [VAL_FINETUNE_DTVU_STEPS_3] epoch_52  
2025-02-27 02:51:01.980  =============================================  
2025-02-27 02:51:01.980  val_finetune_dtvu_steps_3/loss = 2.9816  
2025-02-27 02:51:01.980  val_finetune_dtvu_steps_3/acc@01 = 0.3333  
2025-02-27 02:51:01.980  val_finetune_dtvu_steps_3/acc@05 = 0.6833  
2025-02-27 02:51:01.980  val_finetune_dtvu_steps_3/acc@10 = 0.7500  
2025-02-27 02:51:01.980  val_finetune_dtvu_steps_3/acc@20 = 0.8333  
2025-02-27 02:51:01.980  
  
2025-02-27 02:51:02.302  
  
2025-02-27 02:51:02.302  [TRN] epoch_53  
2025-02-27 02:51:02.302  =============================================  
2025-02-27 02:51:02.302  trn/loss = 2.3719  
2025-02-27 02:51:02.302  trn/acc@01 = 0.4000  
2025-02-27 02:51:02.302  trn/acc@05 = 0.6990  
2025-02-27 02:51:02.307  trn/acc@10 = 0.8061  
2025-02-27 02:51:02.307  trn/acc@20 = 0.9071  
2025-02-27 02:51:02.307  
  
2025-02-27 02:51:02.345  
  
2025-02-27 02:51:02.345  [VAL_FINETUNE_DTVU_STEPS_1] epoch_53  
2025-02-27 02:51:02.345  =============================================  
2025-02-27 02:51:02.345  val_finetune_dtvu_steps_1/loss = 2.8326  
2025-02-27 02:51:02.345  val_finetune_dtvu_steps_1/acc@01 = 0.3500  
2025-02-27 02:51:02.349  val_finetune_dtvu_steps_1/acc@05 = 0.6000  
2025-02-27 02:51:02.349  val_finetune_dtvu_steps_1/acc@10 = 0.8000  
2025-02-27 02:51:02.349  val_finetune_dtvu_steps_1/acc@20 = 0.9000  
2025-02-27 02:51:02.349  
  
2025-02-27 02:51:02.392  
  
2025-02-27 02:51:02.392  [VAL_FINETUNE_DTVU_STEPS_3] epoch_53  
2025-02-27 02:51:02.392  =============================================  
2025-02-27 02:51:02.392  val_finetune_dtvu_steps_3/loss = 3.0300  
2025-02-27 02:51:02.392  val_finetune_dtvu_steps_3/acc@01 = 0.3500  
2025-02-27 02:51:02.392  val_finetune_dtvu_steps_3/acc@05 = 0.6333  
2025-02-27 02:51:02.392  val_finetune_dtvu_steps_3/acc@10 = 0.7333  
2025-02-27 02:51:02.392  val_finetune_dtvu_steps_3/acc@20 = 0.8333  
2025-02-27 02:51:02.392  
  
2025-02-27 02:51:02.726  
  
2025-02-27 02:51:02.726  [TRN] epoch_54  
2025-02-27 02:51:02.726  =============================================  
2025-02-27 02:51:02.726  trn/loss = 2.3219  
2025-02-27 02:51:02.726  trn/acc@01 = 0.4321  
2025-02-27 02:51:02.726  trn/acc@05 = 0.7094  
2025-02-27 02:51:02.726  trn/acc@10 = 0.8094  
2025-02-27 02:51:02.726  trn/acc@20 = 0.9075  
2025-02-27 02:51:02.726  
  
2025-02-27 02:51:02.761  
  
2025-02-27 02:51:02.761  [VAL_FINETUNE_DTVU_STEPS_1] epoch_54  
2025-02-27 02:51:02.761  =============================================  
2025-02-27 02:51:02.761  val_finetune_dtvu_steps_1/loss = 2.8754  
2025-02-27 02:51:02.761  val_finetune_dtvu_steps_1/acc@01 = 0.3000  
2025-02-27 02:51:02.761  val_finetune_dtvu_steps_1/acc@05 = 0.7000  
2025-02-27 02:51:02.761  val_finetune_dtvu_steps_1/acc@10 = 0.8000  
2025-02-27 02:51:02.767  val_finetune_dtvu_steps_1/acc@20 = 0.9000  
2025-02-27 02:51:02.767  
  
2025-02-27 02:51:02.806  
  
2025-02-27 02:51:02.806  [VAL_FINETUNE_DTVU_STEPS_3] epoch_54  
2025-02-27 02:51:02.806  =============================================  
2025-02-27 02:51:02.806  val_finetune_dtvu_steps_3/loss = 3.0365  
2025-02-27 02:51:02.806  val_finetune_dtvu_steps_3/acc@01 = 0.3333  
2025-02-27 02:51:02.806  val_finetune_dtvu_steps_3/acc@05 = 0.6500  
2025-02-27 02:51:02.806  val_finetune_dtvu_steps_3/acc@10 = 0.7500  
2025-02-27 02:51:02.806  val_finetune_dtvu_steps_3/acc@20 = 0.8500  
2025-02-27 02:51:02.814  
  
2025-02-27 02:51:03.112  
  
2025-02-27 02:51:03.112  [TRN] epoch_55  
2025-02-27 02:51:03.112  =============================================  
2025-02-27 02:51:03.112  trn/loss = 2.4010  
2025-02-27 02:51:03.112  trn/acc@01 = 0.3864  
2025-02-27 02:51:03.112  trn/acc@05 = 0.6738  
2025-02-27 02:51:03.112  trn/acc@10 = 0.8000  
2025-02-27 02:51:03.112  trn/acc@20 = 0.8951  
2025-02-27 02:51:03.112  
  
2025-02-27 02:51:03.143  
  
2025-02-27 02:51:03.143  [VAL_FINETUNE_DTVU_STEPS_1] epoch_55  
2025-02-27 02:51:03.143  =============================================  
2025-02-27 02:51:03.143  val_finetune_dtvu_steps_1/loss = 2.8804  
2025-02-27 02:51:03.143  val_finetune_dtvu_steps_1/acc@01 = 0.3000  
2025-02-27 02:51:03.143  val_finetune_dtvu_steps_1/acc@05 = 0.7000  
2025-02-27 02:51:03.143  val_finetune_dtvu_steps_1/acc@10 = 0.8000  
2025-02-27 02:51:03.143  val_finetune_dtvu_steps_1/acc@20 = 0.9000  
2025-02-27 02:51:03.143  
  
2025-02-27 02:51:03.180  
  
2025-02-27 02:51:03.180  [VAL_FINETUNE_DTVU_STEPS_3] epoch_55  
2025-02-27 02:51:03.180  =============================================  
2025-02-27 02:51:03.180  val_finetune_dtvu_steps_3/loss = 3.0451  
2025-02-27 02:51:03.180  val_finetune_dtvu_steps_3/acc@01 = 0.3333  
2025-02-27 02:51:03.180  val_finetune_dtvu_steps_3/acc@05 = 0.6500  
2025-02-27 02:51:03.180  val_finetune_dtvu_steps_3/acc@10 = 0.7500  
2025-02-27 02:51:03.180  val_finetune_dtvu_steps_3/acc@20 = 0.8500  
2025-02-27 02:51:03.180  
  
2025-02-27 02:51:03.505  
  
2025-02-27 02:51:03.505  [TRN] epoch_56  
2025-02-27 02:51:03.505  =============================================  
2025-02-27 02:51:03.505  trn/loss = 2.3999  
2025-02-27 02:51:03.505  trn/acc@01 = 0.3918  
2025-02-27 02:51:03.505  trn/acc@05 = 0.6694  
2025-02-27 02:51:03.505  trn/acc@10 = 0.8122  
2025-02-27 02:51:03.505  trn/acc@20 = 0.9020  
2025-02-27 02:51:03.505  
  
2025-02-27 02:51:03.538  
  
2025-02-27 02:51:03.538  [VAL_FINETUNE_DTVU_STEPS_1] epoch_56  
2025-02-27 02:51:03.538  =============================================  
2025-02-27 02:51:03.538  val_finetune_dtvu_steps_1/loss = 3.0276  
2025-02-27 02:51:03.538  val_finetune_dtvu_steps_1/acc@01 = 0.3000  
2025-02-27 02:51:03.538  val_finetune_dtvu_steps_1/acc@05 = 0.6500  
2025-02-27 02:51:03.538  val_finetune_dtvu_steps_1/acc@10 = 0.7500  
2025-02-27 02:51:03.538  val_finetune_dtvu_steps_1/acc@20 = 0.9000  
2025-02-27 02:51:03.538  
  
2025-02-27 02:51:03.580  
  
2025-02-27 02:51:03.580  [VAL_FINETUNE_DTVU_STEPS_3] epoch_56  
2025-02-27 02:51:03.580  =============================================  
2025-02-27 02:51:03.580  val_finetune_dtvu_steps_3/loss = 3.1221  
2025-02-27 02:51:03.580  val_finetune_dtvu_steps_3/acc@01 = 0.3000  
2025-02-27 02:51:03.580  val_finetune_dtvu_steps_3/acc@05 = 0.6500  
2025-02-27 02:51:03.580  val_finetune_dtvu_steps_3/acc@10 = 0.7000  
2025-02-27 02:51:03.580  val_finetune_dtvu_steps_3/acc@20 = 0.8500  
2025-02-27 02:51:03.580  
  
2025-02-27 02:51:03.899  
  
2025-02-27 02:51:03.899  [TRN] epoch_57  
2025-02-27 02:51:03.899  =============================================  
2025-02-27 02:51:03.899  trn/loss = 2.5269  
2025-02-27 02:51:03.899  trn/acc@01 = 0.3469  
2025-02-27 02:51:03.899  trn/acc@05 = 0.6980  
2025-02-27 02:51:03.899  trn/acc@10 = 0.8163  
2025-02-27 02:51:03.899  trn/acc@20 = 0.9000  
2025-02-27 02:51:03.899  
  
2025-02-27 02:51:03.930  
  
2025-02-27 02:51:03.930  [VAL_FINETUNE_DTVU_STEPS_1] epoch_57  
2025-02-27 02:51:03.930  =============================================  
2025-02-27 02:51:03.930  val_finetune_dtvu_steps_1/loss = 2.9704  
2025-02-27 02:51:03.930  val_finetune_dtvu_steps_1/acc@01 = 0.3500  
2025-02-27 02:51:03.930  val_finetune_dtvu_steps_1/acc@05 = 0.6500  
2025-02-27 02:51:03.930  val_finetune_dtvu_steps_1/acc@10 = 0.6500  
2025-02-27 02:51:03.930  val_finetune_dtvu_steps_1/acc@20 = 0.9000  
2025-02-27 02:51:03.930  
  
2025-02-27 02:51:03.980  
  
2025-02-27 02:51:03.980  [VAL_FINETUNE_DTVU_STEPS_3] epoch_57  
2025-02-27 02:51:03.980  =============================================  
2025-02-27 02:51:03.980  val_finetune_dtvu_steps_3/loss = 3.0604  
2025-02-27 02:51:03.980  val_finetune_dtvu_steps_3/acc@01 = 0.3333  
2025-02-27 02:51:03.980  val_finetune_dtvu_steps_3/acc@05 = 0.6333  
2025-02-27 02:51:03.980  val_finetune_dtvu_steps_3/acc@10 = 0.6500  
2025-02-27 02:51:03.980  val_finetune_dtvu_steps_3/acc@20 = 0.8167  
2025-02-27 02:51:03.980  
  
2025-02-27 02:51:04.307  
  
2025-02-27 02:51:04.307  [TRN] epoch_58  
2025-02-27 02:51:04.307  =============================================  
2025-02-27 02:51:04.307  trn/loss = 2.4026  
2025-02-27 02:51:04.307  trn/acc@01 = 0.3689  
2025-02-27 02:51:04.307  trn/acc@05 = 0.7022  
2025-02-27 02:51:04.307  trn/acc@10 = 0.8289  
2025-02-27 02:51:04.307  trn/acc@20 = 0.9356  
2025-02-27 02:51:04.307  
  
2025-02-27 02:51:04.349  
  
2025-02-27 02:51:04.349  [VAL_FINETUNE_DTVU_STEPS_1] epoch_58  
2025-02-27 02:51:04.349  =============================================  
2025-02-27 02:51:04.350  val_finetune_dtvu_steps_1/loss = 2.7642  
2025-02-27 02:51:04.350  val_finetune_dtvu_steps_1/acc@01 = 0.3500  
2025-02-27 02:51:04.350  val_finetune_dtvu_steps_1/acc@05 = 0.7500  
2025-02-27 02:51:04.350  val_finetune_dtvu_steps_1/acc@10 = 0.8000  
2025-02-27 02:51:04.350  val_finetune_dtvu_steps_1/acc@20 = 0.8500  
2025-02-27 02:51:04.351  
  
2025-02-27 02:51:04.388  
  
2025-02-27 02:51:04.388  [VAL_FINETUNE_DTVU_STEPS_3] epoch_58  
2025-02-27 02:51:04.388  =============================================  
2025-02-27 02:51:04.389  val_finetune_dtvu_steps_3/loss = 2.9090  
2025-02-27 02:51:04.389  val_finetune_dtvu_steps_3/acc@01 = 0.3333  
2025-02-27 02:51:04.389  val_finetune_dtvu_steps_3/acc@05 = 0.7167  
2025-02-27 02:51:04.389  val_finetune_dtvu_steps_3/acc@10 = 0.7667  
2025-02-27 02:51:04.389  val_finetune_dtvu_steps_3/acc@20 = 0.8167  
2025-02-27 02:51:04.389  
  
2025-02-27 02:51:04.699  
  
2025-02-27 02:51:04.699  [TRN] epoch_59  
2025-02-27 02:51:04.699  =============================================  
2025-02-27 02:51:04.699  trn/loss = 2.4177  
2025-02-27 02:51:04.699  trn/acc@01 = 0.3495  
2025-02-27 02:51:04.699  trn/acc@05 = 0.6821  
2025-02-27 02:51:04.699  trn/acc@10 = 0.7958  
2025-02-27 02:51:04.699  trn/acc@20 = 0.9095  
2025-02-27 02:51:04.699  
  
2025-02-27 02:51:04.737  
  
2025-02-27 02:51:04.738  [VAL_FINETUNE_DTVU_STEPS_1] epoch_59  
2025-02-27 02:51:04.738  =============================================  
2025-02-27 02:51:04.738  val_finetune_dtvu_steps_1/loss = 2.7842  
2025-02-27 02:51:04.738  val_finetune_dtvu_steps_1/acc@01 = 0.3500  
2025-02-27 02:51:04.738  val_finetune_dtvu_steps_1/acc@05 = 0.6500  
2025-02-27 02:51:04.738  val_finetune_dtvu_steps_1/acc@10 = 0.7500  
2025-02-27 02:51:04.738  val_finetune_dtvu_steps_1/acc@20 = 0.8500  
2025-02-27 02:51:04.738  
  
2025-02-27 02:51:04.764  
  
2025-02-27 02:51:04.764  [VAL_FINETUNE_DTVU_STEPS_3] epoch_59  
2025-02-27 02:51:04.764  =============================================  
2025-02-27 02:51:04.764  val_finetune_dtvu_steps_3/loss = 2.9671  
2025-02-27 02:51:04.764  val_finetune_dtvu_steps_3/acc@01 = 0.2833  
2025-02-27 02:51:04.764  val_finetune_dtvu_steps_3/acc@05 = 0.6667  
2025-02-27 02:51:04.764  val_finetune_dtvu_steps_3/acc@10 = 0.7333  
2025-02-27 02:51:04.764  val_finetune_dtvu_steps_3/acc@20 = 0.7833  
2025-02-27 02:51:04.764  
  
2025-02-27 02:51:05.100  
  
2025-02-27 02:51:05.100  [TRN] epoch_60  
2025-02-27 02:51:05.100  =============================================  
2025-02-27 02:51:05.100  trn/loss = 2.4408  
2025-02-27 02:51:05.100  trn/acc@01 = 0.3667  
2025-02-27 02:51:05.100  trn/acc@05 = 0.7093  
2025-02-27 02:51:05.100  trn/acc@10 = 0.8167  
2025-02-27 02:51:05.100  trn/acc@20 = 0.9148  
2025-02-27 02:51:05.100  
  
2025-02-27 02:51:05.131  
  
2025-02-27 02:51:05.131  [VAL_FINETUNE_DTVU_STEPS_1] epoch_60  
2025-02-27 02:51:05.131  =============================================  
2025-02-27 02:51:05.131  val_finetune_dtvu_steps_1/loss = 2.9112  
2025-02-27 02:51:05.131  val_finetune_dtvu_steps_1/acc@01 = 0.3000  
2025-02-27 02:51:05.131  val_finetune_dtvu_steps_1/acc@05 = 0.6500  
2025-02-27 02:51:05.131  val_finetune_dtvu_steps_1/acc@10 = 0.7500  
2025-02-27 02:51:05.131  val_finetune_dtvu_steps_1/acc@20 = 0.9000  
2025-02-27 02:51:05.131  
  
2025-02-27 02:51:05.177  
  
2025-02-27 02:51:05.177  [VAL_FINETUNE_DTVU_STEPS_3] epoch_60  
2025-02-27 02:51:05.177  =============================================  
2025-02-27 02:51:05.178  val_finetune_dtvu_steps_3/loss = 3.0344  
2025-02-27 02:51:05.178  val_finetune_dtvu_steps_3/acc@01 = 0.3167  
2025-02-27 02:51:05.178  val_finetune_dtvu_steps_3/acc@05 = 0.6500  
2025-02-27 02:51:05.178  val_finetune_dtvu_steps_3/acc@10 = 0.7167  
2025-02-27 02:51:05.178  val_finetune_dtvu_steps_3/acc@20 = 0.8333  
2025-02-27 02:51:05.178  
  
2025-02-27 02:51:05.498  
  
2025-02-27 02:51:05.498  [TRN] epoch_61  
2025-02-27 02:51:05.498  =============================================  
2025-02-27 02:51:05.498  trn/loss = 2.3052  
2025-02-27 02:51:05.498  trn/acc@01 = 0.3957  
2025-02-27 02:51:05.498  trn/acc@05 = 0.7217  
2025-02-27 02:51:05.498  trn/acc@10 = 0.8217  
2025-02-27 02:51:05.498  trn/acc@20 = 0.8935  
2025-02-27 02:51:05.498  
  
2025-02-27 02:51:05.541  
  
2025-02-27 02:51:05.541  [VAL_FINETUNE_DTVU_STEPS_1] epoch_61  
2025-02-27 02:51:05.541  =============================================  
2025-02-27 02:51:05.541  val_finetune_dtvu_steps_1/loss = 2.8775  
2025-02-27 02:51:05.541  val_finetune_dtvu_steps_1/acc@01 = 0.3000  
2025-02-27 02:51:05.541  val_finetune_dtvu_steps_1/acc@05 = 0.7000  
2025-02-27 02:51:05.541  val_finetune_dtvu_steps_1/acc@10 = 0.7500  
2025-02-27 02:51:05.541  val_finetune_dtvu_steps_1/acc@20 = 0.9000  
2025-02-27 02:51:05.541  
  
2025-02-27 02:51:05.583  
  
2025-02-27 02:51:05.583  [VAL_FINETUNE_DTVU_STEPS_3] epoch_61  
2025-02-27 02:51:05.583  =============================================  
2025-02-27 02:51:05.583  val_finetune_dtvu_steps_3/loss = 2.9834  
2025-02-27 02:51:05.583  val_finetune_dtvu_steps_3/acc@01 = 0.3167  
2025-02-27 02:51:05.583  val_finetune_dtvu_steps_3/acc@05 = 0.7000  
2025-02-27 02:51:05.583  val_finetune_dtvu_steps_3/acc@10 = 0.7333  
2025-02-27 02:51:05.583  val_finetune_dtvu_steps_3/acc@20 = 0.8167  
2025-02-27 02:51:05.583  
  
2025-02-27 02:51:05.916  
  
2025-02-27 02:51:05.916  [TRN] epoch_62  
2025-02-27 02:51:05.916  =============================================  
2025-02-27 02:51:05.916  trn/loss = 2.3121  
2025-02-27 02:51:05.916  trn/acc@01 = 0.3784  
2025-02-27 02:51:05.916  trn/acc@05 = 0.7235  
2025-02-27 02:51:05.916  trn/acc@10 = 0.8314  
2025-02-27 02:51:05.916  trn/acc@20 = 0.9255  
2025-02-27 02:51:05.916  
  
2025-02-27 02:51:05.956  
  
2025-02-27 02:51:05.956  [VAL_FINETUNE_DTVU_STEPS_1] epoch_62  
2025-02-27 02:51:05.956  =============================================  
2025-02-27 02:51:05.956  val_finetune_dtvu_steps_1/loss = 2.8852  
2025-02-27 02:51:05.956  val_finetune_dtvu_steps_1/acc@01 = 0.3000  
2025-02-27 02:51:05.956  val_finetune_dtvu_steps_1/acc@05 = 0.6500  
2025-02-27 02:51:05.956  val_finetune_dtvu_steps_1/acc@10 = 0.7000  
2025-02-27 02:51:05.956  val_finetune_dtvu_steps_1/acc@20 = 0.8500  
2025-02-27 02:51:05.956  
  
2025-02-27 02:51:05.981  
  
2025-02-27 02:51:05.981  [VAL_FINETUNE_DTVU_STEPS_3] epoch_62  
2025-02-27 02:51:05.994  =============================================  
2025-02-27 02:51:05.994  val_finetune_dtvu_steps_3/loss = 3.0030  
2025-02-27 02:51:05.994  val_finetune_dtvu_steps_3/acc@01 = 0.3333  
2025-02-27 02:51:05.994  val_finetune_dtvu_steps_3/acc@05 = 0.6667  
2025-02-27 02:51:05.994  val_finetune_dtvu_steps_3/acc@10 = 0.7167  
2025-02-27 02:51:05.994  val_finetune_dtvu_steps_3/acc@20 = 0.7833  
2025-02-27 02:51:05.994  
  
2025-02-27 02:51:06.333  
  
2025-02-27 02:51:06.333  [TRN] epoch_63  
2025-02-27 02:51:06.333  =============================================  
2025-02-27 02:51:06.333  trn/loss = 2.2816  
2025-02-27 02:51:06.333  trn/acc@01 = 0.4060  
2025-02-27 02:51:06.333  trn/acc@05 = 0.7320  
2025-02-27 02:51:06.333  trn/acc@10 = 0.8400  
2025-02-27 02:51:06.333  trn/acc@20 = 0.9300  
2025-02-27 02:51:06.333  
  
2025-02-27 02:51:06.380  
  
2025-02-27 02:51:06.380  [VAL_FINETUNE_DTVU_STEPS_1] epoch_63  
2025-02-27 02:51:06.380  =============================================  
2025-02-27 02:51:06.380  val_finetune_dtvu_steps_1/loss = 2.8790  
2025-02-27 02:51:06.380  val_finetune_dtvu_steps_1/acc@01 = 0.3000  
2025-02-27 02:51:06.380  val_finetune_dtvu_steps_1/acc@05 = 0.6500  
2025-02-27 02:51:06.380  val_finetune_dtvu_steps_1/acc@10 = 0.7000  
2025-02-27 02:51:06.380  val_finetune_dtvu_steps_1/acc@20 = 0.8500  
2025-02-27 02:51:06.380  
  
2025-02-27 02:51:06.418  
  
2025-02-27 02:51:06.418  [VAL_FINETUNE_DTVU_STEPS_3] epoch_63  
2025-02-27 02:51:06.418  =============================================  
2025-02-27 02:51:06.418  val_finetune_dtvu_steps_3/loss = 3.0051  
2025-02-27 02:51:06.419  val_finetune_dtvu_steps_3/acc@01 = 0.3167  
2025-02-27 02:51:06.419  val_finetune_dtvu_steps_3/acc@05 = 0.6667  
2025-02-27 02:51:06.419  val_finetune_dtvu_steps_3/acc@10 = 0.7167  
2025-02-27 02:51:06.419  val_finetune_dtvu_steps_3/acc@20 = 0.7833  
2025-02-27 02:51:06.419  
  
