2025-02-27 02:45:31.612  
  
2025-02-27 02:45:31.612  [TRN] epoch_00  
2025-02-27 02:45:31.612  =============================================  
2025-02-27 02:45:31.612  trn/loss = 5.7969  
2025-02-27 02:45:31.612  trn/acc@01 = 0.0612  
2025-02-27 02:45:31.612  trn/acc@05 = 0.1388  
2025-02-27 02:45:31.612  trn/acc@10 = 0.1714  
2025-02-27 02:45:31.612  trn/acc@20 = 0.2429  
2025-02-27 02:45:31.612  
  
2025-02-27 02:45:31.645  
  
2025-02-27 02:45:31.645  [VAL_FINETUNE_DTVU_STEPS_1] epoch_00  
2025-02-27 02:45:31.645  =============================================  
2025-02-27 02:45:31.645  val_finetune_dtvu_steps_1/loss = 4.9361  
2025-02-27 02:45:31.645  val_finetune_dtvu_steps_1/acc@01 = 0.1000  
2025-02-27 02:45:31.645  val_finetune_dtvu_steps_1/acc@05 = 0.4000  
2025-02-27 02:45:31.664  val_finetune_dtvu_steps_1/acc@10 = 0.5000  
2025-02-27 02:45:31.664  val_finetune_dtvu_steps_1/acc@20 = 0.5500  
2025-02-27 02:45:31.664  
  
2025-02-27 02:45:31.691  
  
2025-02-27 02:45:31.691  [VAL_FINETUNE_DTVU_STEPS_3] epoch_00  
2025-02-27 02:45:31.691  =============================================  
2025-02-27 02:45:31.691  val_finetune_dtvu_steps_3/loss = 5.0501  
2025-02-27 02:45:31.691  val_finetune_dtvu_steps_3/acc@01 = 0.0500  
2025-02-27 02:45:31.691  val_finetune_dtvu_steps_3/acc@05 = 0.3667  
2025-02-27 02:45:31.691  val_finetune_dtvu_steps_3/acc@10 = 0.4667  
2025-02-27 02:45:31.691  val_finetune_dtvu_steps_3/acc@20 = 0.5167  
2025-02-27 02:45:31.691  
  
2025-02-27 02:45:32.005  
  
2025-02-27 02:45:32.005  [TRN] epoch_01  
2025-02-27 02:45:32.005  =============================================  
2025-02-27 02:45:32.005  trn/loss = 5.0149  
2025-02-27 02:45:32.005  trn/acc@01 = 0.0942  
2025-02-27 02:45:32.005  trn/acc@05 = 0.3192  
2025-02-27 02:45:32.005  trn/acc@10 = 0.4038  
2025-02-27 02:45:32.005  trn/acc@20 = 0.5115  
2025-02-27 02:45:32.005  
  
2025-02-27 02:45:32.044  
  
2025-02-27 02:45:32.044  [VAL_FINETUNE_DTVU_STEPS_1] epoch_01  
2025-02-27 02:45:32.044  =============================================  
2025-02-27 02:45:32.044  val_finetune_dtvu_steps_1/loss = 4.1431  
2025-02-27 02:45:32.044  val_finetune_dtvu_steps_1/acc@01 = 0.0500  
2025-02-27 02:45:32.044  val_finetune_dtvu_steps_1/acc@05 = 0.5500  
2025-02-27 02:45:32.044  val_finetune_dtvu_steps_1/acc@10 = 0.6000  
2025-02-27 02:45:32.044  val_finetune_dtvu_steps_1/acc@20 = 0.8000  
2025-02-27 02:45:32.044  
  
2025-02-27 02:45:32.077  
  
2025-02-27 02:45:32.077  [VAL_FINETUNE_DTVU_STEPS_3] epoch_01  
2025-02-27 02:45:32.077  =============================================  
2025-02-27 02:45:32.077  val_finetune_dtvu_steps_3/loss = 4.2822  
2025-02-27 02:45:32.077  val_finetune_dtvu_steps_3/acc@01 = 0.1167  
2025-02-27 02:45:32.077  val_finetune_dtvu_steps_3/acc@05 = 0.4667  
2025-02-27 02:45:32.077  val_finetune_dtvu_steps_3/acc@10 = 0.5833  
2025-02-27 02:45:32.077  val_finetune_dtvu_steps_3/acc@20 = 0.7333  
2025-02-27 02:45:32.077  
  
2025-02-27 02:45:32.378  
  
2025-02-27 02:45:32.378  [TRN] epoch_02  
2025-02-27 02:45:32.378  =============================================  
2025-02-27 02:45:32.378  trn/loss = 4.4166  
2025-02-27 02:45:32.382  trn/acc@01 = 0.1960  
2025-02-27 02:45:32.382  trn/acc@05 = 0.4061  
2025-02-27 02:45:32.382  trn/acc@10 = 0.5030  
2025-02-27 02:45:32.382  trn/acc@20 = 0.6081  
2025-02-27 02:45:32.382  
  
2025-02-27 02:45:32.413  
  
2025-02-27 02:45:32.413  [VAL_FINETUNE_DTVU_STEPS_1] epoch_02  
2025-02-27 02:45:32.413  =============================================  
2025-02-27 02:45:32.413  val_finetune_dtvu_steps_1/loss = 3.6435  
2025-02-27 02:45:32.413  val_finetune_dtvu_steps_1/acc@01 = 0.3500  
2025-02-27 02:45:32.413  val_finetune_dtvu_steps_1/acc@05 = 0.7000  
2025-02-27 02:45:32.413  val_finetune_dtvu_steps_1/acc@10 = 0.8000  
2025-02-27 02:45:32.413  val_finetune_dtvu_steps_1/acc@20 = 0.8000  
2025-02-27 02:45:32.413  
  
2025-02-27 02:45:32.445  
  
2025-02-27 02:45:32.445  [VAL_FINETUNE_DTVU_STEPS_3] epoch_02  
2025-02-27 02:45:32.445  =============================================  
2025-02-27 02:45:32.445  val_finetune_dtvu_steps_3/loss = 3.7584  
2025-02-27 02:45:32.445  val_finetune_dtvu_steps_3/acc@01 = 0.3333  
2025-02-27 02:45:32.445  val_finetune_dtvu_steps_3/acc@05 = 0.6167  
2025-02-27 02:45:32.445  val_finetune_dtvu_steps_3/acc@10 = 0.7167  
2025-02-27 02:45:32.445  val_finetune_dtvu_steps_3/acc@20 = 0.7500  
2025-02-27 02:45:32.445  
  
2025-02-27 02:45:32.761  
  
2025-02-27 02:45:32.761  [TRN] epoch_03  
2025-02-27 02:45:32.761  =============================================  
2025-02-27 02:45:32.761  trn/loss = 4.1446  
2025-02-27 02:45:32.761  trn/acc@01 = 0.2547  
2025-02-27 02:45:32.761  trn/acc@05 = 0.4505  
2025-02-27 02:45:32.761  trn/acc@10 = 0.5305  
2025-02-27 02:45:32.761  trn/acc@20 = 0.6042  
2025-02-27 02:45:32.761  
  
2025-02-27 02:45:32.810  
  
2025-02-27 02:45:32.810  [VAL_FINETUNE_DTVU_STEPS_1] epoch_03  
2025-02-27 02:45:32.810  =============================================  
2025-02-27 02:45:32.810  val_finetune_dtvu_steps_1/loss = 3.3475  
2025-02-27 02:45:32.810  val_finetune_dtvu_steps_1/acc@01 = 0.3500  
2025-02-27 02:45:32.810  val_finetune_dtvu_steps_1/acc@05 = 0.8000  
2025-02-27 02:45:32.810  val_finetune_dtvu_steps_1/acc@10 = 0.8000  
2025-02-27 02:45:32.810  val_finetune_dtvu_steps_1/acc@20 = 0.8000  
2025-02-27 02:45:32.810  
  
2025-02-27 02:45:32.839  
  
2025-02-27 02:45:32.839  [VAL_FINETUNE_DTVU_STEPS_3] epoch_03  
2025-02-27 02:45:32.839  =============================================  
2025-02-27 02:45:32.839  val_finetune_dtvu_steps_3/loss = 3.5385  
2025-02-27 02:45:32.839  val_finetune_dtvu_steps_3/acc@01 = 0.3333  
2025-02-27 02:45:32.839  val_finetune_dtvu_steps_3/acc@05 = 0.7000  
2025-02-27 02:45:32.839  val_finetune_dtvu_steps_3/acc@10 = 0.7167  
2025-02-27 02:45:32.839  val_finetune_dtvu_steps_3/acc@20 = 0.7500  
2025-02-27 02:45:32.839  
  
2025-02-27 02:45:33.155  
  
2025-02-27 02:45:33.155  [TRN] epoch_04  
2025-02-27 02:45:33.155  =============================================  
2025-02-27 02:45:33.155  trn/loss = 4.1120  
2025-02-27 02:45:33.155  trn/acc@01 = 0.2407  
2025-02-27 02:45:33.155  trn/acc@05 = 0.4704  
2025-02-27 02:45:33.155  trn/acc@10 = 0.5389  
2025-02-27 02:45:33.155  trn/acc@20 = 0.6093  
2025-02-27 02:45:33.155  
  
2025-02-27 02:45:33.203  
  
2025-02-27 02:45:33.203  [VAL_FINETUNE_DTVU_STEPS_1] epoch_04  
2025-02-27 02:45:33.203  =============================================  
2025-02-27 02:45:33.203  val_finetune_dtvu_steps_1/loss = 3.2704  
2025-02-27 02:45:33.203  val_finetune_dtvu_steps_1/acc@01 = 0.4000  
2025-02-27 02:45:33.203  val_finetune_dtvu_steps_1/acc@05 = 0.7500  
2025-02-27 02:45:33.203  val_finetune_dtvu_steps_1/acc@10 = 0.8000  
2025-02-27 02:45:33.203  val_finetune_dtvu_steps_1/acc@20 = 0.8000  
2025-02-27 02:45:33.203  
  
2025-02-27 02:45:33.234  
  
2025-02-27 02:45:33.234  [VAL_FINETUNE_DTVU_STEPS_3] epoch_04  
2025-02-27 02:45:33.234  =============================================  
2025-02-27 02:45:33.234  val_finetune_dtvu_steps_3/loss = 3.4418  
2025-02-27 02:45:33.234  val_finetune_dtvu_steps_3/acc@01 = 0.3833  
2025-02-27 02:45:33.234  val_finetune_dtvu_steps_3/acc@05 = 0.6667  
2025-02-27 02:45:33.234  val_finetune_dtvu_steps_3/acc@10 = 0.7500  
2025-02-27 02:45:33.234  val_finetune_dtvu_steps_3/acc@20 = 0.7500  
2025-02-27 02:45:33.234  
  
2025-02-27 02:45:33.565  
  
2025-02-27 02:45:33.565  [TRN] epoch_05  
2025-02-27 02:45:33.565  =============================================  
2025-02-27 02:45:33.565  trn/loss = 4.0042  
2025-02-27 02:45:33.565  trn/acc@01 = 0.2898  
2025-02-27 02:45:33.565  trn/acc@05 = 0.5082  
2025-02-27 02:45:33.565  trn/acc@10 = 0.5510  
2025-02-27 02:45:33.565  trn/acc@20 = 0.6327  
2025-02-27 02:45:33.565  
  
2025-02-27 02:45:33.603  
  
2025-02-27 02:45:33.603  [VAL_FINETUNE_DTVU_STEPS_1] epoch_05  
2025-02-27 02:45:33.603  =============================================  
2025-02-27 02:45:33.603  val_finetune_dtvu_steps_1/loss = 3.1862  
2025-02-27 02:45:33.603  val_finetune_dtvu_steps_1/acc@01 = 0.4000  
2025-02-27 02:45:33.603  val_finetune_dtvu_steps_1/acc@05 = 0.8000  
2025-02-27 02:45:33.603  val_finetune_dtvu_steps_1/acc@10 = 0.8000  
2025-02-27 02:45:33.603  val_finetune_dtvu_steps_1/acc@20 = 0.8000  
2025-02-27 02:45:33.603  
  
2025-02-27 02:45:33.651  
  
2025-02-27 02:45:33.651  [VAL_FINETUNE_DTVU_STEPS_3] epoch_05  
2025-02-27 02:45:33.651  =============================================  
2025-02-27 02:45:33.651  val_finetune_dtvu_steps_3/loss = 3.3527  
2025-02-27 02:45:33.651  val_finetune_dtvu_steps_3/acc@01 = 0.3833  
2025-02-27 02:45:33.651  val_finetune_dtvu_steps_3/acc@05 = 0.7000  
2025-02-27 02:45:33.651  val_finetune_dtvu_steps_3/acc@10 = 0.7500  
2025-02-27 02:45:33.651  val_finetune_dtvu_steps_3/acc@20 = 0.7833  
2025-02-27 02:45:33.651  
  
2025-02-27 02:45:33.977  
  
2025-02-27 02:45:33.977  [TRN] epoch_06  
2025-02-27 02:45:33.979  =============================================  
2025-02-27 02:45:33.979  trn/loss = 3.7059  
2025-02-27 02:45:33.979  trn/acc@01 = 0.3143  
2025-02-27 02:45:33.979  trn/acc@05 = 0.5473  
2025-02-27 02:45:33.979  trn/acc@10 = 0.6110  
2025-02-27 02:45:33.979  trn/acc@20 = 0.6835  
2025-02-27 02:45:33.979  
  
2025-02-27 02:45:34.010  
  
2025-02-27 02:45:34.010  [VAL_FINETUNE_DTVU_STEPS_1] epoch_06  
2025-02-27 02:45:34.010  =============================================  
2025-02-27 02:45:34.010  val_finetune_dtvu_steps_1/loss = 3.1478  
2025-02-27 02:45:34.010  val_finetune_dtvu_steps_1/acc@01 = 0.4000  
2025-02-27 02:45:34.010  val_finetune_dtvu_steps_1/acc@05 = 0.8000  
2025-02-27 02:45:34.010  val_finetune_dtvu_steps_1/acc@10 = 0.8000  
2025-02-27 02:45:34.010  val_finetune_dtvu_steps_1/acc@20 = 0.8000  
2025-02-27 02:45:34.010  
  
2025-02-27 02:45:34.055  
  
2025-02-27 02:45:34.055  [VAL_FINETUNE_DTVU_STEPS_3] epoch_06  
2025-02-27 02:45:34.055  =============================================  
2025-02-27 02:45:34.055  val_finetune_dtvu_steps_3/loss = 3.3250  
2025-02-27 02:45:34.055  val_finetune_dtvu_steps_3/acc@01 = 0.3833  
2025-02-27 02:45:34.055  val_finetune_dtvu_steps_3/acc@05 = 0.7000  
2025-02-27 02:45:34.055  val_finetune_dtvu_steps_3/acc@10 = 0.7500  
2025-02-27 02:45:34.055  val_finetune_dtvu_steps_3/acc@20 = 0.7833  
2025-02-27 02:45:34.055  
  
2025-02-27 02:45:34.369  
  
2025-02-27 02:45:34.369  [TRN] epoch_07  
2025-02-27 02:45:34.369  =============================================  
2025-02-27 02:45:34.369  trn/loss = 3.8022  
2025-02-27 02:45:34.369  trn/acc@01 = 0.2848  
2025-02-27 02:45:34.369  trn/acc@05 = 0.5091  
2025-02-27 02:45:34.369  trn/acc@10 = 0.5899  
2025-02-27 02:45:34.369  trn/acc@20 = 0.6687  
2025-02-27 02:45:34.369  
  
2025-02-27 02:45:34.400  
  
2025-02-27 02:45:34.400  [VAL_FINETUNE_DTVU_STEPS_1] epoch_07  
2025-02-27 02:45:34.400  =============================================  
2025-02-27 02:45:34.400  val_finetune_dtvu_steps_1/loss = 3.1402  
2025-02-27 02:45:34.400  val_finetune_dtvu_steps_1/acc@01 = 0.4000  
2025-02-27 02:45:34.400  val_finetune_dtvu_steps_1/acc@05 = 0.8000  
2025-02-27 02:45:34.400  val_finetune_dtvu_steps_1/acc@10 = 0.8000  
2025-02-27 02:45:34.400  val_finetune_dtvu_steps_1/acc@20 = 0.8000  
2025-02-27 02:45:34.400  
  
2025-02-27 02:45:34.447  
  
2025-02-27 02:45:34.447  [VAL_FINETUNE_DTVU_STEPS_3] epoch_07  
2025-02-27 02:45:34.447  =============================================  
2025-02-27 02:45:34.447  val_finetune_dtvu_steps_3/loss = 3.3149  
2025-02-27 02:45:34.447  val_finetune_dtvu_steps_3/acc@01 = 0.3833  
2025-02-27 02:45:34.447  val_finetune_dtvu_steps_3/acc@05 = 0.7000  
2025-02-27 02:45:34.447  val_finetune_dtvu_steps_3/acc@10 = 0.7833  
2025-02-27 02:45:34.447  val_finetune_dtvu_steps_3/acc@20 = 0.7833  
2025-02-27 02:45:34.447  
  
2025-02-27 02:45:34.763  
  
2025-02-27 02:45:34.763  [TRN] epoch_08  
2025-02-27 02:45:34.763  =============================================  
2025-02-27 02:45:34.763  trn/loss = 3.6589  
2025-02-27 02:45:34.763  trn/acc@01 = 0.3161  
2025-02-27 02:45:34.763  trn/acc@05 = 0.5419  
2025-02-27 02:45:34.763  trn/acc@10 = 0.6065  
2025-02-27 02:45:34.763  trn/acc@20 = 0.6860  
2025-02-27 02:45:34.763  
  
2025-02-27 02:45:34.808  
  
2025-02-27 02:45:34.808  [VAL_FINETUNE_DTVU_STEPS_1] epoch_08  
2025-02-27 02:45:34.808  =============================================  
2025-02-27 02:45:34.808  val_finetune_dtvu_steps_1/loss = 2.9636  
2025-02-27 02:45:34.808  val_finetune_dtvu_steps_1/acc@01 = 0.4000  
2025-02-27 02:45:34.808  val_finetune_dtvu_steps_1/acc@05 = 0.8000  
2025-02-27 02:45:34.808  val_finetune_dtvu_steps_1/acc@10 = 0.8000  
2025-02-27 02:45:34.810  val_finetune_dtvu_steps_1/acc@20 = 0.8000  
2025-02-27 02:45:34.810  
  
2025-02-27 02:45:34.841  
  
2025-02-27 02:45:34.841  [VAL_FINETUNE_DTVU_STEPS_3] epoch_08  
2025-02-27 02:45:34.841  =============================================  
2025-02-27 02:45:34.841  val_finetune_dtvu_steps_3/loss = 3.1239  
2025-02-27 02:45:34.841  val_finetune_dtvu_steps_3/acc@01 = 0.3833  
2025-02-27 02:45:34.841  val_finetune_dtvu_steps_3/acc@05 = 0.7333  
2025-02-27 02:45:34.841  val_finetune_dtvu_steps_3/acc@10 = 0.7833  
2025-02-27 02:45:34.841  val_finetune_dtvu_steps_3/acc@20 = 0.8167  
2025-02-27 02:45:34.841  
  
2025-02-27 02:45:35.177  
  
2025-02-27 02:45:35.177  [TRN] epoch_09  
2025-02-27 02:45:35.177  =============================================  
2025-02-27 02:45:35.177  trn/loss = 3.5678  
2025-02-27 02:45:35.177  trn/acc@01 = 0.2750  
2025-02-27 02:45:35.177  trn/acc@05 = 0.5288  
2025-02-27 02:45:35.177  trn/acc@10 = 0.6577  
2025-02-27 02:45:35.177  trn/acc@20 = 0.7173  
2025-02-27 02:45:35.177  
  
2025-02-27 02:45:35.210  
  
2025-02-27 02:45:35.210  [VAL_FINETUNE_DTVU_STEPS_1] epoch_09  
2025-02-27 02:45:35.210  =============================================  
2025-02-27 02:45:35.210  val_finetune_dtvu_steps_1/loss = 2.9106  
2025-02-27 02:45:35.210  val_finetune_dtvu_steps_1/acc@01 = 0.4000  
2025-02-27 02:45:35.210  val_finetune_dtvu_steps_1/acc@05 = 0.7500  
2025-02-27 02:45:35.210  val_finetune_dtvu_steps_1/acc@10 = 0.8000  
2025-02-27 02:45:35.210  val_finetune_dtvu_steps_1/acc@20 = 0.8500  
2025-02-27 02:45:35.210  
  
2025-02-27 02:45:35.250  
  
2025-02-27 02:45:35.250  [VAL_FINETUNE_DTVU_STEPS_3] epoch_09  
2025-02-27 02:45:35.250  =============================================  
2025-02-27 02:45:35.250  val_finetune_dtvu_steps_3/loss = 3.0521  
2025-02-27 02:45:35.250  val_finetune_dtvu_steps_3/acc@01 = 0.3833  
2025-02-27 02:45:35.250  val_finetune_dtvu_steps_3/acc@05 = 0.7500  
2025-02-27 02:45:35.250  val_finetune_dtvu_steps_3/acc@10 = 0.7833  
2025-02-27 02:45:35.250  val_finetune_dtvu_steps_3/acc@20 = 0.8333  
2025-02-27 02:45:35.250  
  
2025-02-27 02:45:35.566  
  
2025-02-27 02:45:35.566  [TRN] epoch_10  
2025-02-27 02:45:35.566  =============================================  
2025-02-27 02:45:35.566  trn/loss = 3.4946  
2025-02-27 02:45:35.566  trn/acc@01 = 0.2971  
2025-02-27 02:45:35.566  trn/acc@05 = 0.5619  
2025-02-27 02:45:35.566  trn/acc@10 = 0.6781  
2025-02-27 02:45:35.566  trn/acc@20 = 0.7638  
2025-02-27 02:45:35.566  
  
2025-02-27 02:45:35.598  
  
2025-02-27 02:45:35.598  [VAL_FINETUNE_DTVU_STEPS_1] epoch_10  
2025-02-27 02:45:35.598  =============================================  
2025-02-27 02:45:35.598  val_finetune_dtvu_steps_1/loss = 2.8675  
2025-02-27 02:45:35.598  val_finetune_dtvu_steps_1/acc@01 = 0.4000  
2025-02-27 02:45:35.598  val_finetune_dtvu_steps_1/acc@05 = 0.8000  
2025-02-27 02:45:35.598  val_finetune_dtvu_steps_1/acc@10 = 0.8000  
2025-02-27 02:45:35.598  val_finetune_dtvu_steps_1/acc@20 = 0.8500  
2025-02-27 02:45:35.598  
  
2025-02-27 02:45:35.650  
  
2025-02-27 02:45:35.650  [VAL_FINETUNE_DTVU_STEPS_3] epoch_10  
2025-02-27 02:45:35.650  =============================================  
2025-02-27 02:45:35.650  val_finetune_dtvu_steps_3/loss = 3.0995  
2025-02-27 02:45:35.650  val_finetune_dtvu_steps_3/acc@01 = 0.3833  
2025-02-27 02:45:35.650  val_finetune_dtvu_steps_3/acc@05 = 0.7333  
2025-02-27 02:45:35.650  val_finetune_dtvu_steps_3/acc@10 = 0.8167  
2025-02-27 02:45:35.650  val_finetune_dtvu_steps_3/acc@20 = 0.8333  
2025-02-27 02:45:35.650  
  
2025-02-27 02:45:35.964  
  
2025-02-27 02:45:35.964  [TRN] epoch_11  
2025-02-27 02:45:35.964  =============================================  
2025-02-27 02:45:35.964  trn/loss = 3.3978  
2025-02-27 02:45:35.964  trn/acc@01 = 0.3010  
2025-02-27 02:45:35.964  trn/acc@05 = 0.5619  
2025-02-27 02:45:35.964  trn/acc@10 = 0.6857  
2025-02-27 02:45:35.964  trn/acc@20 = 0.7810  
2025-02-27 02:45:35.964  
  
2025-02-27 02:45:36.001  
  
2025-02-27 02:45:36.001  [VAL_FINETUNE_DTVU_STEPS_1] epoch_11  
2025-02-27 02:45:36.001  =============================================  
2025-02-27 02:45:36.001  val_finetune_dtvu_steps_1/loss = 2.8260  
2025-02-27 02:45:36.001  val_finetune_dtvu_steps_1/acc@01 = 0.4000  
2025-02-27 02:45:36.001  val_finetune_dtvu_steps_1/acc@05 = 0.8000  
2025-02-27 02:45:36.001  val_finetune_dtvu_steps_1/acc@10 = 0.8000  
2025-02-27 02:45:36.001  val_finetune_dtvu_steps_1/acc@20 = 0.8500  
2025-02-27 02:45:36.001  
  
2025-02-27 02:45:36.039  
  
2025-02-27 02:45:36.039  [VAL_FINETUNE_DTVU_STEPS_3] epoch_11  
2025-02-27 02:45:36.039  =============================================  
2025-02-27 02:45:36.039  val_finetune_dtvu_steps_3/loss = 3.0330  
2025-02-27 02:45:36.039  val_finetune_dtvu_steps_3/acc@01 = 0.3833  
2025-02-27 02:45:36.039  val_finetune_dtvu_steps_3/acc@05 = 0.7333  
2025-02-27 02:45:36.039  val_finetune_dtvu_steps_3/acc@10 = 0.7833  
2025-02-27 02:45:36.039  val_finetune_dtvu_steps_3/acc@20 = 0.8333  
2025-02-27 02:45:36.039  
  
2025-02-27 02:45:36.370  
  
2025-02-27 02:45:36.370  [TRN] epoch_12  
2025-02-27 02:45:36.370  =============================================  
2025-02-27 02:45:36.370  trn/loss = 3.3603  
2025-02-27 02:45:36.370  trn/acc@01 = 0.2631  
2025-02-27 02:45:36.370  trn/acc@05 = 0.5604  
2025-02-27 02:45:36.370  trn/acc@10 = 0.6847  
2025-02-27 02:45:36.370  trn/acc@20 = 0.7874  
2025-02-27 02:45:36.370  
  
2025-02-27 02:45:36.403  
  
2025-02-27 02:45:36.403  [VAL_FINETUNE_DTVU_STEPS_1] epoch_12  
2025-02-27 02:45:36.403  =============================================  
2025-02-27 02:45:36.403  val_finetune_dtvu_steps_1/loss = 2.7743  
2025-02-27 02:45:36.403  val_finetune_dtvu_steps_1/acc@01 = 0.4000  
2025-02-27 02:45:36.403  val_finetune_dtvu_steps_1/acc@05 = 0.8000  
2025-02-27 02:45:36.403  val_finetune_dtvu_steps_1/acc@10 = 0.8500  
2025-02-27 02:45:36.403  val_finetune_dtvu_steps_1/acc@20 = 0.8500  
2025-02-27 02:45:36.403  
  
2025-02-27 02:45:36.448  
  
2025-02-27 02:45:36.448  [VAL_FINETUNE_DTVU_STEPS_3] epoch_12  
2025-02-27 02:45:36.448  =============================================  
2025-02-27 02:45:36.448  val_finetune_dtvu_steps_3/loss = 2.9580  
2025-02-27 02:45:36.448  val_finetune_dtvu_steps_3/acc@01 = 0.3833  
2025-02-27 02:45:36.448  val_finetune_dtvu_steps_3/acc@05 = 0.7333  
2025-02-27 02:45:36.448  val_finetune_dtvu_steps_3/acc@10 = 0.8000  
2025-02-27 02:45:36.448  val_finetune_dtvu_steps_3/acc@20 = 0.8333  
2025-02-27 02:45:36.448  
  
2025-02-27 02:45:36.763  
  
2025-02-27 02:45:36.763  [TRN] epoch_13  
2025-02-27 02:45:36.763  =============================================  
2025-02-27 02:45:36.763  trn/loss = 3.2186  
2025-02-27 02:45:36.763  trn/acc@01 = 0.3061  
2025-02-27 02:45:36.763  trn/acc@05 = 0.5939  
2025-02-27 02:45:36.763  trn/acc@10 = 0.7102  
2025-02-27 02:45:36.763  trn/acc@20 = 0.8286  
2025-02-27 02:45:36.763  
  
2025-02-27 02:45:36.810  
  
2025-02-27 02:45:36.810  [VAL_FINETUNE_DTVU_STEPS_1] epoch_13  
2025-02-27 02:45:36.810  =============================================  
2025-02-27 02:45:36.810  val_finetune_dtvu_steps_1/loss = 2.7777  
2025-02-27 02:45:36.810  val_finetune_dtvu_steps_1/acc@01 = 0.4000  
2025-02-27 02:45:36.810  val_finetune_dtvu_steps_1/acc@05 = 0.8000  
2025-02-27 02:45:36.810  val_finetune_dtvu_steps_1/acc@10 = 0.8500  
2025-02-27 02:45:36.810  val_finetune_dtvu_steps_1/acc@20 = 0.8500  
2025-02-27 02:45:36.810  
  
2025-02-27 02:45:36.841  
  
2025-02-27 02:45:36.841  [VAL_FINETUNE_DTVU_STEPS_3] epoch_13  
2025-02-27 02:45:36.841  =============================================  
2025-02-27 02:45:36.857  val_finetune_dtvu_steps_3/loss = 2.9468  
2025-02-27 02:45:36.857  val_finetune_dtvu_steps_3/acc@01 = 0.3833  
2025-02-27 02:45:36.857  val_finetune_dtvu_steps_3/acc@05 = 0.7333  
2025-02-27 02:45:36.857  val_finetune_dtvu_steps_3/acc@10 = 0.8000  
2025-02-27 02:45:36.857  val_finetune_dtvu_steps_3/acc@20 = 0.8333  
2025-02-27 02:45:36.857  
  
2025-02-27 02:45:37.172  
  
2025-02-27 02:45:37.172  [TRN] epoch_14  
2025-02-27 02:45:37.172  =============================================  
2025-02-27 02:45:37.172  trn/loss = 3.2715  
2025-02-27 02:45:37.172  trn/acc@01 = 0.2979  
2025-02-27 02:45:37.172  trn/acc@05 = 0.5708  
2025-02-27 02:45:37.172  trn/acc@10 = 0.7063  
2025-02-27 02:45:37.172  trn/acc@20 = 0.8063  
2025-02-27 02:45:37.172  
  
2025-02-27 02:45:37.203  
  
2025-02-27 02:45:37.203  [VAL_FINETUNE_DTVU_STEPS_1] epoch_14  
2025-02-27 02:45:37.203  =============================================  
2025-02-27 02:45:37.203  val_finetune_dtvu_steps_1/loss = 2.7714  
2025-02-27 02:45:37.203  val_finetune_dtvu_steps_1/acc@01 = 0.4000  
2025-02-27 02:45:37.203  val_finetune_dtvu_steps_1/acc@05 = 0.8000  
2025-02-27 02:45:37.203  val_finetune_dtvu_steps_1/acc@10 = 0.8500  
2025-02-27 02:45:37.203  val_finetune_dtvu_steps_1/acc@20 = 0.8500  
2025-02-27 02:45:37.203  
  
2025-02-27 02:45:37.250  
  
2025-02-27 02:45:37.250  [VAL_FINETUNE_DTVU_STEPS_3] epoch_14  
2025-02-27 02:45:37.250  =============================================  
2025-02-27 02:45:37.250  val_finetune_dtvu_steps_3/loss = 2.9426  
2025-02-27 02:45:37.250  val_finetune_dtvu_steps_3/acc@01 = 0.3833  
2025-02-27 02:45:37.250  val_finetune_dtvu_steps_3/acc@05 = 0.7333  
2025-02-27 02:45:37.250  val_finetune_dtvu_steps_3/acc@10 = 0.8000  
2025-02-27 02:45:37.250  val_finetune_dtvu_steps_3/acc@20 = 0.8333  
2025-02-27 02:45:37.250  
  
2025-02-27 02:45:37.579  
  
2025-02-27 02:45:37.579  [TRN] epoch_15  
2025-02-27 02:45:37.579  =============================================  
2025-02-27 02:45:37.579  trn/loss = 3.1664  
2025-02-27 02:45:37.579  trn/acc@01 = 0.3787  
2025-02-27 02:45:37.579  trn/acc@05 = 0.6362  
2025-02-27 02:45:37.579  trn/acc@10 = 0.7340  
2025-02-27 02:45:37.579  trn/acc@20 = 0.8532  
2025-02-27 02:45:37.579  
  
2025-02-27 02:45:37.610  
  
2025-02-27 02:45:37.610  [VAL_FINETUNE_DTVU_STEPS_1] epoch_15  
2025-02-27 02:45:37.610  =============================================  
2025-02-27 02:45:37.610  val_finetune_dtvu_steps_1/loss = 2.7531  
2025-02-27 02:45:37.610  val_finetune_dtvu_steps_1/acc@01 = 0.4000  
2025-02-27 02:45:37.610  val_finetune_dtvu_steps_1/acc@05 = 0.8000  
2025-02-27 02:45:37.610  val_finetune_dtvu_steps_1/acc@10 = 0.8500  
2025-02-27 02:45:37.610  val_finetune_dtvu_steps_1/acc@20 = 0.8500  
2025-02-27 02:45:37.610  
  
2025-02-27 02:45:37.660  
  
2025-02-27 02:45:37.660  [VAL_FINETUNE_DTVU_STEPS_3] epoch_15  
2025-02-27 02:45:37.660  =============================================  
2025-02-27 02:45:37.660  val_finetune_dtvu_steps_3/loss = 2.9307  
2025-02-27 02:45:37.660  val_finetune_dtvu_steps_3/acc@01 = 0.3833  
2025-02-27 02:45:37.660  val_finetune_dtvu_steps_3/acc@05 = 0.7333  
2025-02-27 02:45:37.660  val_finetune_dtvu_steps_3/acc@10 = 0.8000  
2025-02-27 02:45:37.660  val_finetune_dtvu_steps_3/acc@20 = 0.8333  
2025-02-27 02:45:37.660  
  
2025-02-27 02:45:37.977  
  
2025-02-27 02:45:37.977  [TRN] epoch_16  
2025-02-27 02:45:37.977  =============================================  
2025-02-27 02:45:37.977  trn/loss = 3.2010  
2025-02-27 02:45:37.977  trn/acc@01 = 0.3212  
2025-02-27 02:45:37.977  trn/acc@05 = 0.5981  
2025-02-27 02:45:37.977  trn/acc@10 = 0.7096  
2025-02-27 02:45:37.977  trn/acc@20 = 0.8346  
2025-02-27 02:45:37.977  
  
2025-02-27 02:45:38.004  
  
2025-02-27 02:45:38.004  [VAL_FINETUNE_DTVU_STEPS_1] epoch_16  
2025-02-27 02:45:38.004  =============================================  
2025-02-27 02:45:38.004  val_finetune_dtvu_steps_1/loss = 2.6978  
2025-02-27 02:45:38.004  val_finetune_dtvu_steps_1/acc@01 = 0.4000  
2025-02-27 02:45:38.004  val_finetune_dtvu_steps_1/acc@05 = 0.8500  
2025-02-27 02:45:38.004  val_finetune_dtvu_steps_1/acc@10 = 0.8500  
2025-02-27 02:45:38.004  val_finetune_dtvu_steps_1/acc@20 = 0.8500  
2025-02-27 02:45:38.004  
  
2025-02-27 02:45:38.051  
  
2025-02-27 02:45:38.051  [VAL_FINETUNE_DTVU_STEPS_3] epoch_16  
2025-02-27 02:45:38.051  =============================================  
2025-02-27 02:45:38.051  val_finetune_dtvu_steps_3/loss = 2.9438  
2025-02-27 02:45:38.051  val_finetune_dtvu_steps_3/acc@01 = 0.3833  
2025-02-27 02:45:38.051  val_finetune_dtvu_steps_3/acc@05 = 0.7333  
2025-02-27 02:45:38.051  val_finetune_dtvu_steps_3/acc@10 = 0.7833  
2025-02-27 02:45:38.051  val_finetune_dtvu_steps_3/acc@20 = 0.8333  
2025-02-27 02:45:38.051  
  
2025-02-27 02:45:38.384  
  
2025-02-27 02:45:38.384  [TRN] epoch_17  
2025-02-27 02:45:38.384  =============================================  
2025-02-27 02:45:38.384  trn/loss = 3.3139  
2025-02-27 02:45:38.384  trn/acc@01 = 0.2918  
2025-02-27 02:45:38.384  trn/acc@05 = 0.5673  
2025-02-27 02:45:38.384  trn/acc@10 = 0.6837  
2025-02-27 02:45:38.384  trn/acc@20 = 0.8020  
2025-02-27 02:45:38.384  
  
2025-02-27 02:45:38.422  
  
2025-02-27 02:45:38.422  [VAL_FINETUNE_DTVU_STEPS_1] epoch_17  
2025-02-27 02:45:38.422  =============================================  
2025-02-27 02:45:38.422  val_finetune_dtvu_steps_1/loss = 2.7699  
2025-02-27 02:45:38.422  val_finetune_dtvu_steps_1/acc@01 = 0.4000  
2025-02-27 02:45:38.422  val_finetune_dtvu_steps_1/acc@05 = 0.8500  
2025-02-27 02:45:38.422  val_finetune_dtvu_steps_1/acc@10 = 0.8500  
2025-02-27 02:45:38.422  val_finetune_dtvu_steps_1/acc@20 = 0.8500  
2025-02-27 02:45:38.422  
  
2025-02-27 02:45:38.462  
  
2025-02-27 02:45:38.462  [VAL_FINETUNE_DTVU_STEPS_3] epoch_17  
2025-02-27 02:45:38.462  =============================================  
2025-02-27 02:45:38.462  val_finetune_dtvu_steps_3/loss = 2.9606  
2025-02-27 02:45:38.462  val_finetune_dtvu_steps_3/acc@01 = 0.3833  
2025-02-27 02:45:38.462  val_finetune_dtvu_steps_3/acc@05 = 0.7500  
2025-02-27 02:45:38.462  val_finetune_dtvu_steps_3/acc@10 = 0.8000  
2025-02-27 02:45:38.462  val_finetune_dtvu_steps_3/acc@20 = 0.8000  
2025-02-27 02:45:38.462  
  
2025-02-27 02:45:38.783  
  
2025-02-27 02:45:38.783  [TRN] epoch_18  
2025-02-27 02:45:38.783  =============================================  
2025-02-27 02:45:38.783  trn/loss = 3.2360  
2025-02-27 02:45:38.783  trn/acc@01 = 0.2923  
2025-02-27 02:45:38.783  trn/acc@05 = 0.5635  
2025-02-27 02:45:38.783  trn/acc@10 = 0.6962  
2025-02-27 02:45:38.783  trn/acc@20 = 0.8404  
2025-02-27 02:45:38.783  
  
2025-02-27 02:45:38.809  
  
2025-02-27 02:45:38.809  [VAL_FINETUNE_DTVU_STEPS_1] epoch_18  
2025-02-27 02:45:38.809  =============================================  
2025-02-27 02:45:38.809  val_finetune_dtvu_steps_1/loss = 2.6816  
2025-02-27 02:45:38.809  val_finetune_dtvu_steps_1/acc@01 = 0.4000  
2025-02-27 02:45:38.809  val_finetune_dtvu_steps_1/acc@05 = 0.8500  
2025-02-27 02:45:38.809  val_finetune_dtvu_steps_1/acc@10 = 0.8500  
2025-02-27 02:45:38.809  val_finetune_dtvu_steps_1/acc@20 = 0.8500  
2025-02-27 02:45:38.809  
  
2025-02-27 02:45:38.856  
  
2025-02-27 02:45:38.856  [VAL_FINETUNE_DTVU_STEPS_3] epoch_18  
2025-02-27 02:45:38.856  =============================================  
2025-02-27 02:45:38.856  val_finetune_dtvu_steps_3/loss = 2.8949  
2025-02-27 02:45:38.856  val_finetune_dtvu_steps_3/acc@01 = 0.3833  
2025-02-27 02:45:38.856  val_finetune_dtvu_steps_3/acc@05 = 0.7333  
2025-02-27 02:45:38.856  val_finetune_dtvu_steps_3/acc@10 = 0.7833  
2025-02-27 02:45:38.856  val_finetune_dtvu_steps_3/acc@20 = 0.8000  
2025-02-27 02:45:38.856  
  
2025-02-27 02:45:39.154  
  
2025-02-27 02:45:39.154  [TRN] epoch_19  
2025-02-27 02:45:39.154  =============================================  
2025-02-27 02:45:39.154  trn/loss = 3.0212  
2025-02-27 02:45:39.154  trn/acc@01 = 0.3051  
2025-02-27 02:45:39.154  trn/acc@05 = 0.6040  
2025-02-27 02:45:39.154  trn/acc@10 = 0.7394  
2025-02-27 02:45:39.154  trn/acc@20 = 0.8586  
2025-02-27 02:45:39.154  
  
2025-02-27 02:45:39.201  
  
2025-02-27 02:45:39.201  [VAL_FINETUNE_DTVU_STEPS_1] epoch_19  
2025-02-27 02:45:39.201  =============================================  
2025-02-27 02:45:39.201  val_finetune_dtvu_steps_1/loss = 2.6679  
2025-02-27 02:45:39.201  val_finetune_dtvu_steps_1/acc@01 = 0.4000  
2025-02-27 02:45:39.201  val_finetune_dtvu_steps_1/acc@05 = 0.8500  
2025-02-27 02:45:39.201  val_finetune_dtvu_steps_1/acc@10 = 0.8500  
2025-02-27 02:45:39.201  val_finetune_dtvu_steps_1/acc@20 = 0.8500  
2025-02-27 02:45:39.201  
  
2025-02-27 02:45:39.249  
  
2025-02-27 02:45:39.249  [VAL_FINETUNE_DTVU_STEPS_3] epoch_19  
2025-02-27 02:45:39.249  =============================================  
2025-02-27 02:45:39.249  val_finetune_dtvu_steps_3/loss = 2.8469  
2025-02-27 02:45:39.249  val_finetune_dtvu_steps_3/acc@01 = 0.3833  
2025-02-27 02:45:39.249  val_finetune_dtvu_steps_3/acc@05 = 0.7500  
2025-02-27 02:45:39.249  val_finetune_dtvu_steps_3/acc@10 = 0.7833  
2025-02-27 02:45:39.249  val_finetune_dtvu_steps_3/acc@20 = 0.8000  
2025-02-27 02:45:39.249  
  
2025-02-27 02:45:39.549  
  
2025-02-27 02:45:39.549  [TRN] epoch_20  
2025-02-27 02:45:39.549  =============================================  
2025-02-27 02:45:39.549  trn/loss = 3.1078  
2025-02-27 02:45:39.549  trn/acc@01 = 0.2642  
2025-02-27 02:45:39.549  trn/acc@05 = 0.5706  
2025-02-27 02:45:39.549  trn/acc@10 = 0.7229  
2025-02-27 02:45:39.549  trn/acc@20 = 0.8495  
2025-02-27 02:45:39.549  
  
2025-02-27 02:45:39.583  
  
2025-02-27 02:45:39.583  [VAL_FINETUNE_DTVU_STEPS_1] epoch_20  
2025-02-27 02:45:39.583  =============================================  
2025-02-27 02:45:39.583  val_finetune_dtvu_steps_1/loss = 2.7107  
2025-02-27 02:45:39.583  val_finetune_dtvu_steps_1/acc@01 = 0.4000  
2025-02-27 02:45:39.583  val_finetune_dtvu_steps_1/acc@05 = 0.8000  
2025-02-27 02:45:39.583  val_finetune_dtvu_steps_1/acc@10 = 0.8500  
2025-02-27 02:45:39.583  val_finetune_dtvu_steps_1/acc@20 = 0.8500  
2025-02-27 02:45:39.583  
  
2025-02-27 02:45:39.612  
  
2025-02-27 02:45:39.612  [VAL_FINETUNE_DTVU_STEPS_3] epoch_20  
2025-02-27 02:45:39.612  =============================================  
2025-02-27 02:45:39.627  val_finetune_dtvu_steps_3/loss = 2.9128  
2025-02-27 02:45:39.627  val_finetune_dtvu_steps_3/acc@01 = 0.3833  
2025-02-27 02:45:39.627  val_finetune_dtvu_steps_3/acc@05 = 0.7167  
2025-02-27 02:45:39.627  val_finetune_dtvu_steps_3/acc@10 = 0.7833  
2025-02-27 02:45:39.627  val_finetune_dtvu_steps_3/acc@20 = 0.7833  
2025-02-27 02:45:39.627  
  
2025-02-27 02:45:39.925  
  
2025-02-27 02:45:39.925  [TRN] epoch_21  
2025-02-27 02:45:39.925  =============================================  
2025-02-27 02:45:39.925  trn/loss = 3.0711  
2025-02-27 02:45:39.925  trn/acc@01 = 0.2889  
2025-02-27 02:45:39.925  trn/acc@05 = 0.6040  
2025-02-27 02:45:39.925  trn/acc@10 = 0.7374  
2025-02-27 02:45:39.925  trn/acc@20 = 0.8707  
2025-02-27 02:45:39.925  
  
2025-02-27 02:45:39.956  
  
2025-02-27 02:45:39.956  [VAL_FINETUNE_DTVU_STEPS_1] epoch_21  
2025-02-27 02:45:39.956  =============================================  
2025-02-27 02:45:39.956  val_finetune_dtvu_steps_1/loss = 2.7089  
2025-02-27 02:45:39.956  val_finetune_dtvu_steps_1/acc@01 = 0.4000  
2025-02-27 02:45:39.956  val_finetune_dtvu_steps_1/acc@05 = 0.8000  
2025-02-27 02:45:39.956  val_finetune_dtvu_steps_1/acc@10 = 0.8500  
2025-02-27 02:45:39.956  val_finetune_dtvu_steps_1/acc@20 = 0.8500  
2025-02-27 02:45:39.956  
  
2025-02-27 02:45:39.988  
  
2025-02-27 02:45:39.988  [VAL_FINETUNE_DTVU_STEPS_3] epoch_21  
2025-02-27 02:45:39.988  =============================================  
2025-02-27 02:45:39.988  val_finetune_dtvu_steps_3/loss = 2.9256  
2025-02-27 02:45:39.988  val_finetune_dtvu_steps_3/acc@01 = 0.3833  
2025-02-27 02:45:39.988  val_finetune_dtvu_steps_3/acc@05 = 0.7333  
2025-02-27 02:45:39.988  val_finetune_dtvu_steps_3/acc@10 = 0.7833  
2025-02-27 02:45:39.988  val_finetune_dtvu_steps_3/acc@20 = 0.8000  
2025-02-27 02:45:39.988  
  
2025-02-27 02:45:40.286  
  
2025-02-27 02:45:40.286  [TRN] epoch_22  
2025-02-27 02:45:40.286  =============================================  
2025-02-27 02:45:40.286  trn/loss = 3.0455  
2025-02-27 02:45:40.286  trn/acc@01 = 0.3010  
2025-02-27 02:45:40.286  trn/acc@05 = 0.5624  
2025-02-27 02:45:40.286  trn/acc@10 = 0.7129  
2025-02-27 02:45:40.286  trn/acc@20 = 0.8634  
2025-02-27 02:45:40.286  
  
2025-02-27 02:45:40.333  
  
2025-02-27 02:45:40.333  [VAL_FINETUNE_DTVU_STEPS_1] epoch_22  
2025-02-27 02:45:40.333  =============================================  
2025-02-27 02:45:40.333  val_finetune_dtvu_steps_1/loss = 2.7152  
2025-02-27 02:45:40.333  val_finetune_dtvu_steps_1/acc@01 = 0.4000  
2025-02-27 02:45:40.333  val_finetune_dtvu_steps_1/acc@05 = 0.8000  
2025-02-27 02:45:40.333  val_finetune_dtvu_steps_1/acc@10 = 0.8500  
2025-02-27 02:45:40.333  val_finetune_dtvu_steps_1/acc@20 = 0.8500  
2025-02-27 02:45:40.333  
  
2025-02-27 02:45:40.374  
  
2025-02-27 02:45:40.374  [VAL_FINETUNE_DTVU_STEPS_3] epoch_22  
2025-02-27 02:45:40.374  =============================================  
2025-02-27 02:45:40.374  val_finetune_dtvu_steps_3/loss = 2.9215  
2025-02-27 02:45:40.374  val_finetune_dtvu_steps_3/acc@01 = 0.3833  
2025-02-27 02:45:40.374  val_finetune_dtvu_steps_3/acc@05 = 0.7333  
2025-02-27 02:45:40.374  val_finetune_dtvu_steps_3/acc@10 = 0.7833  
2025-02-27 02:45:40.374  val_finetune_dtvu_steps_3/acc@20 = 0.8000  
2025-02-27 02:45:40.374  
  
2025-02-27 02:45:40.664  
  
2025-02-27 02:45:40.664  [TRN] epoch_23  
2025-02-27 02:45:40.664  =============================================  
2025-02-27 02:45:40.664  trn/loss = 2.9728  
2025-02-27 02:45:40.664  trn/acc@01 = 0.3263  
2025-02-27 02:45:40.664  trn/acc@05 = 0.6126  
2025-02-27 02:45:40.664  trn/acc@10 = 0.7368  
2025-02-27 02:45:40.664  trn/acc@20 = 0.8547  
2025-02-27 02:45:40.664  
  
2025-02-27 02:45:40.706  
  
2025-02-27 02:45:40.706  [VAL_FINETUNE_DTVU_STEPS_1] epoch_23  
2025-02-27 02:45:40.706  =============================================  
2025-02-27 02:45:40.706  val_finetune_dtvu_steps_1/loss = 2.7084  
2025-02-27 02:45:40.706  val_finetune_dtvu_steps_1/acc@01 = 0.4000  
2025-02-27 02:45:40.706  val_finetune_dtvu_steps_1/acc@05 = 0.8000  
2025-02-27 02:45:40.706  val_finetune_dtvu_steps_1/acc@10 = 0.8500  
2025-02-27 02:45:40.706  val_finetune_dtvu_steps_1/acc@20 = 0.8500  
2025-02-27 02:45:40.706  
  
2025-02-27 02:45:40.743  
  
2025-02-27 02:45:40.743  [VAL_FINETUNE_DTVU_STEPS_3] epoch_23  
2025-02-27 02:45:40.743  =============================================  
2025-02-27 02:45:40.743  val_finetune_dtvu_steps_3/loss = 2.9176  
2025-02-27 02:45:40.743  val_finetune_dtvu_steps_3/acc@01 = 0.3833  
2025-02-27 02:45:40.743  val_finetune_dtvu_steps_3/acc@05 = 0.7333  
2025-02-27 02:45:40.743  val_finetune_dtvu_steps_3/acc@10 = 0.7833  
2025-02-27 02:45:40.743  val_finetune_dtvu_steps_3/acc@20 = 0.8000  
2025-02-27 02:45:40.743  
  
2025-02-27 02:45:41.033  
  
2025-02-27 02:45:41.033  [TRN] epoch_24  
2025-02-27 02:45:41.033  =============================================  
2025-02-27 02:45:41.033  trn/loss = 3.1679  
2025-02-27 02:45:41.033  trn/acc@01 = 0.2816  
2025-02-27 02:45:41.033  trn/acc@05 = 0.5367  
2025-02-27 02:45:41.033  trn/acc@10 = 0.6837  
2025-02-27 02:45:41.033  trn/acc@20 = 0.8408  
2025-02-27 02:45:41.033  
  
2025-02-27 02:45:41.078  
  
2025-02-27 02:45:41.078  [VAL_FINETUNE_DTVU_STEPS_1] epoch_24  
2025-02-27 02:45:41.078  =============================================  
2025-02-27 02:45:41.078  val_finetune_dtvu_steps_1/loss = 2.6821  
2025-02-27 02:45:41.078  val_finetune_dtvu_steps_1/acc@01 = 0.4000  
2025-02-27 02:45:41.078  val_finetune_dtvu_steps_1/acc@05 = 0.8000  
2025-02-27 02:45:41.078  val_finetune_dtvu_steps_1/acc@10 = 0.8500  
2025-02-27 02:45:41.078  val_finetune_dtvu_steps_1/acc@20 = 0.8500  
2025-02-27 02:45:41.078  
  
2025-02-27 02:45:41.107  
  
2025-02-27 02:45:41.107  [VAL_FINETUNE_DTVU_STEPS_3] epoch_24  
2025-02-27 02:45:41.107  =============================================  
2025-02-27 02:45:41.107  val_finetune_dtvu_steps_3/loss = 2.9984  
2025-02-27 02:45:41.107  val_finetune_dtvu_steps_3/acc@01 = 0.3833  
2025-02-27 02:45:41.107  val_finetune_dtvu_steps_3/acc@05 = 0.7167  
2025-02-27 02:45:41.107  val_finetune_dtvu_steps_3/acc@10 = 0.7833  
2025-02-27 02:45:41.107  val_finetune_dtvu_steps_3/acc@20 = 0.7833  
2025-02-27 02:45:41.107  
  
2025-02-27 02:45:41.405  
  
2025-02-27 02:45:41.405  [TRN] epoch_25  
2025-02-27 02:45:41.405  =============================================  
2025-02-27 02:45:41.405  trn/loss = 3.0684  
2025-02-27 02:45:41.405  trn/acc@01 = 0.3140  
2025-02-27 02:45:41.405  trn/acc@05 = 0.5907  
2025-02-27 02:45:41.405  trn/acc@10 = 0.7047  
2025-02-27 02:45:41.405  trn/acc@20 = 0.8598  
2025-02-27 02:45:41.405  
  
2025-02-27 02:45:41.442  
  
2025-02-27 02:45:41.442  [VAL_FINETUNE_DTVU_STEPS_1] epoch_25  
2025-02-27 02:45:41.442  =============================================  
2025-02-27 02:45:41.442  val_finetune_dtvu_steps_1/loss = 2.7798  
2025-02-27 02:45:41.442  val_finetune_dtvu_steps_1/acc@01 = 0.4000  
2025-02-27 02:45:41.442  val_finetune_dtvu_steps_1/acc@05 = 0.8500  
2025-02-27 02:45:41.442  val_finetune_dtvu_steps_1/acc@10 = 0.8500  
2025-02-27 02:45:41.442  val_finetune_dtvu_steps_1/acc@20 = 0.8500  
2025-02-27 02:45:41.442  
  
2025-02-27 02:45:41.479  
  
2025-02-27 02:45:41.479  [VAL_FINETUNE_DTVU_STEPS_3] epoch_25  
2025-02-27 02:45:41.479  =============================================  
2025-02-27 02:45:41.479  val_finetune_dtvu_steps_3/loss = 2.9636  
2025-02-27 02:45:41.479  val_finetune_dtvu_steps_3/acc@01 = 0.3833  
2025-02-27 02:45:41.479  val_finetune_dtvu_steps_3/acc@05 = 0.7333  
2025-02-27 02:45:41.479  val_finetune_dtvu_steps_3/acc@10 = 0.7833  
2025-02-27 02:45:41.479  val_finetune_dtvu_steps_3/acc@20 = 0.7833  
2025-02-27 02:45:41.479  
  
2025-02-27 02:45:41.766  
  
2025-02-27 02:45:41.766  [TRN] epoch_26  
2025-02-27 02:45:41.766  =============================================  
2025-02-27 02:45:41.766  trn/loss = 3.1067  
2025-02-27 02:45:41.766  trn/acc@01 = 0.2804  
2025-02-27 02:45:41.766  trn/acc@05 = 0.5485  
2025-02-27 02:45:41.766  trn/acc@10 = 0.7093  
2025-02-27 02:45:41.766  trn/acc@20 = 0.8330  
2025-02-27 02:45:41.766  
  
2025-02-27 02:45:41.814  
  
2025-02-27 02:45:41.814  [VAL_FINETUNE_DTVU_STEPS_1] epoch_26  
2025-02-27 02:45:41.814  =============================================  
2025-02-27 02:45:41.814  val_finetune_dtvu_steps_1/loss = 2.6925  
2025-02-27 02:45:41.814  val_finetune_dtvu_steps_1/acc@01 = 0.4000  
2025-02-27 02:45:41.814  val_finetune_dtvu_steps_1/acc@05 = 0.8500  
2025-02-27 02:45:41.814  val_finetune_dtvu_steps_1/acc@10 = 0.8500  
2025-02-27 02:45:41.814  val_finetune_dtvu_steps_1/acc@20 = 0.8500  
2025-02-27 02:45:41.814  
  
2025-02-27 02:45:41.852  
  
2025-02-27 02:45:41.852  [VAL_FINETUNE_DTVU_STEPS_3] epoch_26  
2025-02-27 02:45:41.852  =============================================  
2025-02-27 02:45:41.852  val_finetune_dtvu_steps_3/loss = 2.8887  
2025-02-27 02:45:41.852  val_finetune_dtvu_steps_3/acc@01 = 0.3833  
2025-02-27 02:45:41.852  val_finetune_dtvu_steps_3/acc@05 = 0.7000  
2025-02-27 02:45:41.852  val_finetune_dtvu_steps_3/acc@10 = 0.7833  
2025-02-27 02:45:41.852  val_finetune_dtvu_steps_3/acc@20 = 0.8000  
2025-02-27 02:45:41.852  
  
2025-02-27 02:45:42.144  
  
2025-02-27 02:45:42.144  [TRN] epoch_27  
2025-02-27 02:45:42.144  =============================================  
2025-02-27 02:45:42.144  trn/loss = 3.0317  
2025-02-27 02:45:42.144  trn/acc@01 = 0.2739  
2025-02-27 02:45:42.144  trn/acc@05 = 0.5784  
2025-02-27 02:45:42.144  trn/acc@10 = 0.7045  
2025-02-27 02:45:42.144  trn/acc@20 = 0.8577  
2025-02-27 02:45:42.144  
  
2025-02-27 02:45:42.175  
  
2025-02-27 02:45:42.175  [VAL_FINETUNE_DTVU_STEPS_1] epoch_27  
2025-02-27 02:45:42.175  =============================================  
2025-02-27 02:45:42.175  val_finetune_dtvu_steps_1/loss = 2.6958  
2025-02-27 02:45:42.175  val_finetune_dtvu_steps_1/acc@01 = 0.4000  
2025-02-27 02:45:42.175  val_finetune_dtvu_steps_1/acc@05 = 0.8500  
2025-02-27 02:45:42.175  val_finetune_dtvu_steps_1/acc@10 = 0.8500  
2025-02-27 02:45:42.175  val_finetune_dtvu_steps_1/acc@20 = 0.8500  
2025-02-27 02:45:42.175  
  
2025-02-27 02:45:42.207  
  
2025-02-27 02:45:42.207  [VAL_FINETUNE_DTVU_STEPS_3] epoch_27  
2025-02-27 02:45:42.207  =============================================  
2025-02-27 02:45:42.207  val_finetune_dtvu_steps_3/loss = 2.9287  
2025-02-27 02:45:42.207  val_finetune_dtvu_steps_3/acc@01 = 0.3833  
2025-02-27 02:45:42.207  val_finetune_dtvu_steps_3/acc@05 = 0.7500  
2025-02-27 02:45:42.207  val_finetune_dtvu_steps_3/acc@10 = 0.7833  
2025-02-27 02:45:42.207  val_finetune_dtvu_steps_3/acc@20 = 0.8000  
2025-02-27 02:45:42.207  
  
2025-02-27 02:45:42.521  
  
2025-02-27 02:45:42.521  [TRN] epoch_28  
2025-02-27 02:45:42.521  =============================================  
2025-02-27 02:45:42.521  trn/loss = 3.1053  
2025-02-27 02:45:42.521  trn/acc@01 = 0.2971  
2025-02-27 02:45:42.521  trn/acc@05 = 0.5650  
2025-02-27 02:45:42.521  trn/acc@10 = 0.7146  
2025-02-27 02:45:42.521  trn/acc@20 = 0.8427  
2025-02-27 02:45:42.521  
  
2025-02-27 02:45:42.552  
  
2025-02-27 02:45:42.552  [VAL_FINETUNE_DTVU_STEPS_1] epoch_28  
2025-02-27 02:45:42.552  =============================================  
2025-02-27 02:45:42.552  val_finetune_dtvu_steps_1/loss = 2.6957  
2025-02-27 02:45:42.552  val_finetune_dtvu_steps_1/acc@01 = 0.4000  
2025-02-27 02:45:42.552  val_finetune_dtvu_steps_1/acc@05 = 0.8500  
2025-02-27 02:45:42.552  val_finetune_dtvu_steps_1/acc@10 = 0.8500  
2025-02-27 02:45:42.552  val_finetune_dtvu_steps_1/acc@20 = 0.8500  
2025-02-27 02:45:42.552  
  
2025-02-27 02:45:42.601  
  
2025-02-27 02:45:42.601  [VAL_FINETUNE_DTVU_STEPS_3] epoch_28  
2025-02-27 02:45:42.601  =============================================  
2025-02-27 02:45:42.601  val_finetune_dtvu_steps_3/loss = 2.9173  
2025-02-27 02:45:42.601  val_finetune_dtvu_steps_3/acc@01 = 0.3833  
2025-02-27 02:45:42.601  val_finetune_dtvu_steps_3/acc@05 = 0.7500  
2025-02-27 02:45:42.601  val_finetune_dtvu_steps_3/acc@10 = 0.7833  
2025-02-27 02:45:42.601  val_finetune_dtvu_steps_3/acc@20 = 0.8000  
2025-02-27 02:45:42.601  
  
2025-02-27 02:45:42.899  
  
2025-02-27 02:45:42.899  [TRN] epoch_29  
2025-02-27 02:45:42.899  =============================================  
2025-02-27 02:45:42.899  trn/loss = 2.7920  
2025-02-27 02:45:42.899  trn/acc@01 = 0.3121  
2025-02-27 02:45:42.899  trn/acc@05 = 0.6242  
2025-02-27 02:45:42.899  trn/acc@10 = 0.7582  
2025-02-27 02:45:42.899  trn/acc@20 = 0.8681  
2025-02-27 02:45:42.899  
  
2025-02-27 02:45:42.944  
  
2025-02-27 02:45:42.944  [VAL_FINETUNE_DTVU_STEPS_1] epoch_29  
2025-02-27 02:45:42.944  =============================================  
2025-02-27 02:45:42.944  val_finetune_dtvu_steps_1/loss = 2.6576  
2025-02-27 02:45:42.944  val_finetune_dtvu_steps_1/acc@01 = 0.4000  
2025-02-27 02:45:42.944  val_finetune_dtvu_steps_1/acc@05 = 0.8500  
2025-02-27 02:45:42.944  val_finetune_dtvu_steps_1/acc@10 = 0.8500  
2025-02-27 02:45:42.944  val_finetune_dtvu_steps_1/acc@20 = 0.8500  
2025-02-27 02:45:42.944  
  
2025-02-27 02:45:42.977  
  
2025-02-27 02:45:42.977  [VAL_FINETUNE_DTVU_STEPS_3] epoch_29  
2025-02-27 02:45:42.977  =============================================  
2025-02-27 02:45:42.977  val_finetune_dtvu_steps_3/loss = 2.8915  
2025-02-27 02:45:42.977  val_finetune_dtvu_steps_3/acc@01 = 0.3833  
2025-02-27 02:45:42.977  val_finetune_dtvu_steps_3/acc@05 = 0.7500  
2025-02-27 02:45:42.977  val_finetune_dtvu_steps_3/acc@10 = 0.7833  
2025-02-27 02:45:42.977  val_finetune_dtvu_steps_3/acc@20 = 0.8000  
2025-02-27 02:45:42.977  
  
2025-02-27 02:45:43.274  
  
2025-02-27 02:45:43.274  [TRN] epoch_30  
2025-02-27 02:45:43.274  =============================================  
2025-02-27 02:45:43.274  trn/loss = 2.8112  
2025-02-27 02:45:43.274  trn/acc@01 = 0.3293  
2025-02-27 02:45:43.274  trn/acc@05 = 0.6384  
2025-02-27 02:45:43.274  trn/acc@10 = 0.7414  
2025-02-27 02:45:43.274  trn/acc@20 = 0.8727  
2025-02-27 02:45:43.274  
  
2025-02-27 02:45:43.321  
  
2025-02-27 02:45:43.321  [VAL_FINETUNE_DTVU_STEPS_1] epoch_30  
2025-02-27 02:45:43.321  =============================================  
2025-02-27 02:45:43.321  val_finetune_dtvu_steps_1/loss = 2.6364  
2025-02-27 02:45:43.321  val_finetune_dtvu_steps_1/acc@01 = 0.4000  
2025-02-27 02:45:43.321  val_finetune_dtvu_steps_1/acc@05 = 0.8500  
2025-02-27 02:45:43.321  val_finetune_dtvu_steps_1/acc@10 = 0.8500  
2025-02-27 02:45:43.321  val_finetune_dtvu_steps_1/acc@20 = 0.8500  
2025-02-27 02:45:43.321  
  
2025-02-27 02:45:43.353  
  
2025-02-27 02:45:43.353  [VAL_FINETUNE_DTVU_STEPS_3] epoch_30  
2025-02-27 02:45:43.353  =============================================  
2025-02-27 02:45:43.353  val_finetune_dtvu_steps_3/loss = 2.8917  
2025-02-27 02:45:43.353  val_finetune_dtvu_steps_3/acc@01 = 0.3833  
2025-02-27 02:45:43.353  val_finetune_dtvu_steps_3/acc@05 = 0.7333  
2025-02-27 02:45:43.353  val_finetune_dtvu_steps_3/acc@10 = 0.7833  
2025-02-27 02:45:43.353  val_finetune_dtvu_steps_3/acc@20 = 0.8000  
2025-02-27 02:45:43.353  
  
2025-02-27 02:45:43.652  
  
2025-02-27 02:45:43.652  [TRN] epoch_31  
2025-02-27 02:45:43.652  =============================================  
2025-02-27 02:45:43.652  trn/loss = 2.9439  
2025-02-27 02:45:43.652  trn/acc@01 = 0.3093  
2025-02-27 02:45:43.652  trn/acc@05 = 0.6000  
2025-02-27 02:45:43.652  trn/acc@10 = 0.7258  
2025-02-27 02:45:43.652  trn/acc@20 = 0.8598  
2025-02-27 02:45:43.652  
  
2025-02-27 02:45:43.687  
  
2025-02-27 02:45:43.700  [VAL_FINETUNE_DTVU_STEPS_1] epoch_31  
2025-02-27 02:45:43.700  =============================================  
2025-02-27 02:45:43.700  val_finetune_dtvu_steps_1/loss = 2.6427  
2025-02-27 02:45:43.700  val_finetune_dtvu_steps_1/acc@01 = 0.4000  
2025-02-27 02:45:43.700  val_finetune_dtvu_steps_1/acc@05 = 0.8500  
2025-02-27 02:45:43.700  val_finetune_dtvu_steps_1/acc@10 = 0.8500  
2025-02-27 02:45:43.700  val_finetune_dtvu_steps_1/acc@20 = 0.8500  
2025-02-27 02:45:43.700  
  
2025-02-27 02:45:43.731  
  
2025-02-27 02:45:43.731  [VAL_FINETUNE_DTVU_STEPS_3] epoch_31  
2025-02-27 02:45:43.731  =============================================  
2025-02-27 02:45:43.731  val_finetune_dtvu_steps_3/loss = 2.8911  
2025-02-27 02:45:43.731  val_finetune_dtvu_steps_3/acc@01 = 0.3833  
2025-02-27 02:45:43.731  val_finetune_dtvu_steps_3/acc@05 = 0.7333  
2025-02-27 02:45:43.731  val_finetune_dtvu_steps_3/acc@10 = 0.7833  
2025-02-27 02:45:43.731  val_finetune_dtvu_steps_3/acc@20 = 0.8167  
2025-02-27 02:45:43.731  
  
2025-02-27 02:45:44.013  
  
2025-02-27 02:45:44.029  [TRN] epoch_32  
2025-02-27 02:45:44.029  =============================================  
2025-02-27 02:45:44.029  trn/loss = 2.9436  
2025-02-27 02:45:44.029  trn/acc@01 = 0.3113  
2025-02-27 02:45:44.029  trn/acc@05 = 0.5679  
2025-02-27 02:45:44.029  trn/acc@10 = 0.7075  
2025-02-27 02:45:44.029  trn/acc@20 = 0.8509  
2025-02-27 02:45:44.029  
  
2025-02-27 02:45:44.061  
  
2025-02-27 02:45:44.061  [VAL_FINETUNE_DTVU_STEPS_1] epoch_32  
2025-02-27 02:45:44.061  =============================================  
2025-02-27 02:45:44.061  val_finetune_dtvu_steps_1/loss = 2.7155  
2025-02-27 02:45:44.061  val_finetune_dtvu_steps_1/acc@01 = 0.4000  
2025-02-27 02:45:44.061  val_finetune_dtvu_steps_1/acc@05 = 0.8000  
2025-02-27 02:45:44.061  val_finetune_dtvu_steps_1/acc@10 = 0.8500  
2025-02-27 02:45:44.061  val_finetune_dtvu_steps_1/acc@20 = 0.8500  
2025-02-27 02:45:44.061  
  
2025-02-27 02:45:44.092  
  
2025-02-27 02:45:44.092  [VAL_FINETUNE_DTVU_STEPS_3] epoch_32  
2025-02-27 02:45:44.092  =============================================  
2025-02-27 02:45:44.092  val_finetune_dtvu_steps_3/loss = 2.9105  
2025-02-27 02:45:44.092  val_finetune_dtvu_steps_3/acc@01 = 0.3833  
2025-02-27 02:45:44.092  val_finetune_dtvu_steps_3/acc@05 = 0.7167  
2025-02-27 02:45:44.092  val_finetune_dtvu_steps_3/acc@10 = 0.7833  
2025-02-27 02:45:44.092  val_finetune_dtvu_steps_3/acc@20 = 0.8333  
2025-02-27 02:45:44.092  
  
2025-02-27 02:45:44.391  
  
2025-02-27 02:45:44.391  [TRN] epoch_33  
2025-02-27 02:45:44.391  =============================================  
2025-02-27 02:45:44.391  trn/loss = 2.8987  
2025-02-27 02:45:44.391  trn/acc@01 = 0.2990  
2025-02-27 02:45:44.391  trn/acc@05 = 0.5782  
2025-02-27 02:45:44.391  trn/acc@10 = 0.7347  
2025-02-27 02:45:44.391  trn/acc@20 = 0.8634  
2025-02-27 02:45:44.391  
  
2025-02-27 02:45:44.441  
  
2025-02-27 02:45:44.441  [VAL_FINETUNE_DTVU_STEPS_1] epoch_33  
2025-02-27 02:45:44.441  =============================================  
2025-02-27 02:45:44.441  val_finetune_dtvu_steps_1/loss = 2.7475  
2025-02-27 02:45:44.441  val_finetune_dtvu_steps_1/acc@01 = 0.4000  
2025-02-27 02:45:44.441  val_finetune_dtvu_steps_1/acc@05 = 0.7000  
2025-02-27 02:45:44.441  val_finetune_dtvu_steps_1/acc@10 = 0.8500  
2025-02-27 02:45:44.441  val_finetune_dtvu_steps_1/acc@20 = 0.9000  
2025-02-27 02:45:44.441  
  
2025-02-27 02:45:44.470  
  
2025-02-27 02:45:44.470  [VAL_FINETUNE_DTVU_STEPS_3] epoch_33  
2025-02-27 02:45:44.470  =============================================  
2025-02-27 02:45:44.470  val_finetune_dtvu_steps_3/loss = 2.8798  
2025-02-27 02:45:44.470  val_finetune_dtvu_steps_3/acc@01 = 0.3833  
2025-02-27 02:45:44.470  val_finetune_dtvu_steps_3/acc@05 = 0.7000  
2025-02-27 02:45:44.470  val_finetune_dtvu_steps_3/acc@10 = 0.7833  
2025-02-27 02:45:44.470  val_finetune_dtvu_steps_3/acc@20 = 0.8500  
2025-02-27 02:45:44.470  
  
2025-02-27 02:45:44.768  
  
2025-02-27 02:45:44.768  [TRN] epoch_34  
2025-02-27 02:45:44.768  =============================================  
2025-02-27 02:45:44.768  trn/loss = 2.8333  
2025-02-27 02:45:44.768  trn/acc@01 = 0.3158  
2025-02-27 02:45:44.768  trn/acc@05 = 0.6000  
2025-02-27 02:45:44.768  trn/acc@10 = 0.7263  
2025-02-27 02:45:44.768  trn/acc@20 = 0.8505  
2025-02-27 02:45:44.768  
  
2025-02-27 02:45:44.800  
  
2025-02-27 02:45:44.800  [VAL_FINETUNE_DTVU_STEPS_1] epoch_34  
2025-02-27 02:45:44.800  =============================================  
2025-02-27 02:45:44.800  val_finetune_dtvu_steps_1/loss = 2.6836  
2025-02-27 02:45:44.800  val_finetune_dtvu_steps_1/acc@01 = 0.4000  
2025-02-27 02:45:44.800  val_finetune_dtvu_steps_1/acc@05 = 0.8000  
2025-02-27 02:45:44.800  val_finetune_dtvu_steps_1/acc@10 = 0.8500  
2025-02-27 02:45:44.800  val_finetune_dtvu_steps_1/acc@20 = 0.9000  
2025-02-27 02:45:44.800  
  
2025-02-27 02:45:44.852  
  
2025-02-27 02:45:44.852  [VAL_FINETUNE_DTVU_STEPS_3] epoch_34  
2025-02-27 02:45:44.852  =============================================  
2025-02-27 02:45:44.852  val_finetune_dtvu_steps_3/loss = 2.9087  
2025-02-27 02:45:44.852  val_finetune_dtvu_steps_3/acc@01 = 0.3833  
2025-02-27 02:45:44.852  val_finetune_dtvu_steps_3/acc@05 = 0.7500  
2025-02-27 02:45:44.852  val_finetune_dtvu_steps_3/acc@10 = 0.7667  
2025-02-27 02:45:44.852  val_finetune_dtvu_steps_3/acc@20 = 0.8167  
2025-02-27 02:45:44.852  
  
2025-02-27 02:45:45.129  
  
2025-02-27 02:45:45.129  [TRN] epoch_35  
2025-02-27 02:45:45.129  =============================================  
2025-02-27 02:45:45.129  trn/loss = 2.7892  
2025-02-27 02:45:45.129  trn/acc@01 = 0.3446  
2025-02-27 02:45:45.129  trn/acc@05 = 0.6238  
2025-02-27 02:45:45.129  trn/acc@10 = 0.7446  
2025-02-27 02:45:45.129  trn/acc@20 = 0.8574  
2025-02-27 02:45:45.129  
  
2025-02-27 02:45:45.176  
  
2025-02-27 02:45:45.176  [VAL_FINETUNE_DTVU_STEPS_1] epoch_35  
2025-02-27 02:45:45.176  =============================================  
2025-02-27 02:45:45.176  val_finetune_dtvu_steps_1/loss = 2.6907  
2025-02-27 02:45:45.176  val_finetune_dtvu_steps_1/acc@01 = 0.4000  
2025-02-27 02:45:45.176  val_finetune_dtvu_steps_1/acc@05 = 0.8000  
2025-02-27 02:45:45.176  val_finetune_dtvu_steps_1/acc@10 = 0.8500  
2025-02-27 02:45:45.176  val_finetune_dtvu_steps_1/acc@20 = 0.9000  
2025-02-27 02:45:45.176  
  
2025-02-27 02:45:45.210  
  
2025-02-27 02:45:45.210  [VAL_FINETUNE_DTVU_STEPS_3] epoch_35  
2025-02-27 02:45:45.210  =============================================  
2025-02-27 02:45:45.210  val_finetune_dtvu_steps_3/loss = 2.8891  
2025-02-27 02:45:45.210  val_finetune_dtvu_steps_3/acc@01 = 0.3833  
2025-02-27 02:45:45.210  val_finetune_dtvu_steps_3/acc@05 = 0.7667  
2025-02-27 02:45:45.210  val_finetune_dtvu_steps_3/acc@10 = 0.7833  
2025-02-27 02:45:45.210  val_finetune_dtvu_steps_3/acc@20 = 0.8333  
2025-02-27 02:45:45.210  
  
2025-02-27 02:45:45.489  
  
2025-02-27 02:45:45.489  [TRN] epoch_36  
2025-02-27 02:45:45.489  =============================================  
2025-02-27 02:45:45.489  trn/loss = 2.8604  
2025-02-27 02:45:45.489  trn/acc@01 = 0.3048  
2025-02-27 02:45:45.489  trn/acc@05 = 0.5886  
2025-02-27 02:45:45.489  trn/acc@10 = 0.7219  
2025-02-27 02:45:45.489  trn/acc@20 = 0.8533  
2025-02-27 02:45:45.489  
  
2025-02-27 02:45:45.546  
  
2025-02-27 02:45:45.546  [VAL_FINETUNE_DTVU_STEPS_1] epoch_36  
2025-02-27 02:45:45.546  =============================================  
2025-02-27 02:45:45.546  val_finetune_dtvu_steps_1/loss = 2.6929  
2025-02-27 02:45:45.546  val_finetune_dtvu_steps_1/acc@01 = 0.4000  
2025-02-27 02:45:45.546  val_finetune_dtvu_steps_1/acc@05 = 0.7500  
2025-02-27 02:45:45.546  val_finetune_dtvu_steps_1/acc@10 = 0.8000  
2025-02-27 02:45:45.546  val_finetune_dtvu_steps_1/acc@20 = 0.9000  
2025-02-27 02:45:45.546  
  
2025-02-27 02:45:45.584  
  
2025-02-27 02:45:45.584  [VAL_FINETUNE_DTVU_STEPS_3] epoch_36  
2025-02-27 02:45:45.584  =============================================  
2025-02-27 02:45:45.584  val_finetune_dtvu_steps_3/loss = 2.8875  
2025-02-27 02:45:45.584  val_finetune_dtvu_steps_3/acc@01 = 0.3833  
2025-02-27 02:45:45.584  val_finetune_dtvu_steps_3/acc@05 = 0.7167  
2025-02-27 02:45:45.584  val_finetune_dtvu_steps_3/acc@10 = 0.7667  
2025-02-27 02:45:45.584  val_finetune_dtvu_steps_3/acc@20 = 0.8167  
2025-02-27 02:45:45.584  
  
2025-02-27 02:45:45.898  
  
2025-02-27 02:45:45.898  [TRN] epoch_37  
2025-02-27 02:45:45.898  =============================================  
2025-02-27 02:45:45.898  trn/loss = 2.7853  
2025-02-27 02:45:45.898  trn/acc@01 = 0.3213  
2025-02-27 02:45:45.898  trn/acc@05 = 0.6085  
2025-02-27 02:45:45.898  trn/acc@10 = 0.7213  
2025-02-27 02:45:45.898  trn/acc@20 = 0.8638  
2025-02-27 02:45:45.898  
  
2025-02-27 02:45:45.930  
  
2025-02-27 02:45:45.930  [VAL_FINETUNE_DTVU_STEPS_1] epoch_37  
2025-02-27 02:45:45.930  =============================================  
2025-02-27 02:45:45.930  val_finetune_dtvu_steps_1/loss = 2.6699  
2025-02-27 02:45:45.930  val_finetune_dtvu_steps_1/acc@01 = 0.4000  
2025-02-27 02:45:45.930  val_finetune_dtvu_steps_1/acc@05 = 0.7500  
2025-02-27 02:45:45.930  val_finetune_dtvu_steps_1/acc@10 = 0.8000  
2025-02-27 02:45:45.930  val_finetune_dtvu_steps_1/acc@20 = 0.9000  
2025-02-27 02:45:45.930  
  
2025-02-27 02:45:45.977  
  
2025-02-27 02:45:45.977  [VAL_FINETUNE_DTVU_STEPS_3] epoch_37  
2025-02-27 02:45:45.977  =============================================  
2025-02-27 02:45:45.977  val_finetune_dtvu_steps_3/loss = 2.8813  
2025-02-27 02:45:45.977  val_finetune_dtvu_steps_3/acc@01 = 0.3833  
2025-02-27 02:45:45.977  val_finetune_dtvu_steps_3/acc@05 = 0.7167  
2025-02-27 02:45:45.977  val_finetune_dtvu_steps_3/acc@10 = 0.7667  
2025-02-27 02:45:45.977  val_finetune_dtvu_steps_3/acc@20 = 0.8167  
2025-02-27 02:45:45.977  
  
2025-02-27 02:45:46.309  
  
2025-02-27 02:45:46.309  [TRN] epoch_38  
2025-02-27 02:45:46.309  =============================================  
2025-02-27 02:45:46.309  trn/loss = 2.7824  
2025-02-27 02:45:46.309  trn/acc@01 = 0.3042  
2025-02-27 02:45:46.309  trn/acc@05 = 0.6062  
2025-02-27 02:45:46.309  trn/acc@10 = 0.7333  
2025-02-27 02:45:46.309  trn/acc@20 = 0.8833  
2025-02-27 02:45:46.309  
  
2025-02-27 02:45:46.341  
  
2025-02-27 02:45:46.341  [VAL_FINETUNE_DTVU_STEPS_1] epoch_38  
2025-02-27 02:45:46.341  =============================================  
2025-02-27 02:45:46.341  val_finetune_dtvu_steps_1/loss = 2.6672  
2025-02-27 02:45:46.341  val_finetune_dtvu_steps_1/acc@01 = 0.4000  
2025-02-27 02:45:46.341  val_finetune_dtvu_steps_1/acc@05 = 0.7500  
2025-02-27 02:45:46.341  val_finetune_dtvu_steps_1/acc@10 = 0.8000  
2025-02-27 02:45:46.341  val_finetune_dtvu_steps_1/acc@20 = 0.9000  
2025-02-27 02:45:46.341  
  
2025-02-27 02:45:46.390  
  
2025-02-27 02:45:46.390  [VAL_FINETUNE_DTVU_STEPS_3] epoch_38  
2025-02-27 02:45:46.390  =============================================  
2025-02-27 02:45:46.390  val_finetune_dtvu_steps_3/loss = 2.8778  
2025-02-27 02:45:46.390  val_finetune_dtvu_steps_3/acc@01 = 0.3833  
2025-02-27 02:45:46.390  val_finetune_dtvu_steps_3/acc@05 = 0.7000  
2025-02-27 02:45:46.390  val_finetune_dtvu_steps_3/acc@10 = 0.7667  
2025-02-27 02:45:46.390  val_finetune_dtvu_steps_3/acc@20 = 0.8167  
2025-02-27 02:45:46.390  
  
2025-02-27 02:45:46.737  
  
2025-02-27 02:45:46.739  [TRN] epoch_39  
2025-02-27 02:45:46.739  =============================================  
2025-02-27 02:45:46.739  trn/loss = 2.7190  
2025-02-27 02:45:46.739  trn/acc@01 = 0.3484  
2025-02-27 02:45:46.739  trn/acc@05 = 0.6323  
2025-02-27 02:45:46.739  trn/acc@10 = 0.7548  
2025-02-27 02:45:46.739  trn/acc@20 = 0.8753  
2025-02-27 02:45:46.739  
  
2025-02-27 02:45:46.765  
  
2025-02-27 02:45:46.765  [VAL_FINETUNE_DTVU_STEPS_1] epoch_39  
2025-02-27 02:45:46.765  =============================================  
2025-02-27 02:45:46.765  val_finetune_dtvu_steps_1/loss = 2.6645  
2025-02-27 02:45:46.765  val_finetune_dtvu_steps_1/acc@01 = 0.4000  
2025-02-27 02:45:46.765  val_finetune_dtvu_steps_1/acc@05 = 0.7500  
2025-02-27 02:45:46.765  val_finetune_dtvu_steps_1/acc@10 = 0.8500  
2025-02-27 02:45:46.765  val_finetune_dtvu_steps_1/acc@20 = 0.9000  
2025-02-27 02:45:46.765  
  
2025-02-27 02:45:46.821  
  
2025-02-27 02:45:46.821  [VAL_FINETUNE_DTVU_STEPS_3] epoch_39  
2025-02-27 02:45:46.821  =============================================  
2025-02-27 02:45:46.821  val_finetune_dtvu_steps_3/loss = 2.8747  
2025-02-27 02:45:46.821  val_finetune_dtvu_steps_3/acc@01 = 0.3833  
2025-02-27 02:45:46.821  val_finetune_dtvu_steps_3/acc@05 = 0.7000  
2025-02-27 02:45:46.821  val_finetune_dtvu_steps_3/acc@10 = 0.7833  
2025-02-27 02:45:46.821  val_finetune_dtvu_steps_3/acc@20 = 0.8167  
2025-02-27 02:45:46.821  
  
2025-02-27 02:45:47.175  
  
2025-02-27 02:45:47.175  [TRN] epoch_40  
2025-02-27 02:45:47.175  =============================================  
2025-02-27 02:45:47.175  trn/loss = 2.8178  
2025-02-27 02:45:47.175  trn/acc@01 = 0.3200  
2025-02-27 02:45:47.175  trn/acc@05 = 0.5880  
2025-02-27 02:45:47.175  trn/acc@10 = 0.7140  
2025-02-27 02:45:47.175  trn/acc@20 = 0.8500  
2025-02-27 02:45:47.175  
  
2025-02-27 02:45:47.206  
  
2025-02-27 02:45:47.206  [VAL_FINETUNE_DTVU_STEPS_1] epoch_40  
2025-02-27 02:45:47.206  =============================================  
2025-02-27 02:45:47.206  val_finetune_dtvu_steps_1/loss = 2.6788  
2025-02-27 02:45:47.206  val_finetune_dtvu_steps_1/acc@01 = 0.4500  
2025-02-27 02:45:47.206  val_finetune_dtvu_steps_1/acc@05 = 0.8500  
2025-02-27 02:45:47.206  val_finetune_dtvu_steps_1/acc@10 = 0.8500  
2025-02-27 02:45:47.206  val_finetune_dtvu_steps_1/acc@20 = 0.9000  
2025-02-27 02:45:47.206  
  
2025-02-27 02:45:47.256  
  
2025-02-27 02:45:47.256  [VAL_FINETUNE_DTVU_STEPS_3] epoch_40  
2025-02-27 02:45:47.256  =============================================  
2025-02-27 02:45:47.256  val_finetune_dtvu_steps_3/loss = 2.8523  
2025-02-27 02:45:47.256  val_finetune_dtvu_steps_3/acc@01 = 0.3667  
2025-02-27 02:45:47.256  val_finetune_dtvu_steps_3/acc@05 = 0.7500  
2025-02-27 02:45:47.256  val_finetune_dtvu_steps_3/acc@10 = 0.7833  
2025-02-27 02:45:47.256  val_finetune_dtvu_steps_3/acc@20 = 0.8333  
2025-02-27 02:45:47.256  
  
2025-02-27 02:45:47.632  
  
2025-02-27 02:45:47.632  [TRN] epoch_41  
2025-02-27 02:45:47.632  =============================================  
2025-02-27 02:45:47.632  trn/loss = 2.9143  
2025-02-27 02:45:47.632  trn/acc@01 = 0.2705  
2025-02-27 02:45:47.632  trn/acc@05 = 0.5657  
2025-02-27 02:45:47.632  trn/acc@10 = 0.7048  
2025-02-27 02:45:47.632  trn/acc@20 = 0.8667  
2025-02-27 02:45:47.632  
  
2025-02-27 02:45:47.665  
  
2025-02-27 02:45:47.665  [VAL_FINETUNE_DTVU_STEPS_1] epoch_41  
2025-02-27 02:45:47.665  =============================================  
2025-02-27 02:45:47.665  val_finetune_dtvu_steps_1/loss = 2.6322  
2025-02-27 02:45:47.665  val_finetune_dtvu_steps_1/acc@01 = 0.3000  
2025-02-27 02:45:47.665  val_finetune_dtvu_steps_1/acc@05 = 0.8500  
2025-02-27 02:45:47.665  val_finetune_dtvu_steps_1/acc@10 = 0.9000  
2025-02-27 02:45:47.665  val_finetune_dtvu_steps_1/acc@20 = 0.9000  
2025-02-27 02:45:47.665  
  
2025-02-27 02:45:47.710  
  
2025-02-27 02:45:47.716  [VAL_FINETUNE_DTVU_STEPS_3] epoch_41  
2025-02-27 02:45:47.716  =============================================  
2025-02-27 02:45:47.716  val_finetune_dtvu_steps_3/loss = 2.8800  
2025-02-27 02:45:47.716  val_finetune_dtvu_steps_3/acc@01 = 0.3000  
2025-02-27 02:45:47.716  val_finetune_dtvu_steps_3/acc@05 = 0.7500  
2025-02-27 02:45:47.716  val_finetune_dtvu_steps_3/acc@10 = 0.8333  
2025-02-27 02:45:47.716  val_finetune_dtvu_steps_3/acc@20 = 0.8333  
2025-02-27 02:45:47.716  
  
2025-02-27 02:45:48.073  
  
2025-02-27 02:45:48.073  [TRN] epoch_42  
2025-02-27 02:45:48.073  =============================================  
2025-02-27 02:45:48.073  trn/loss = 2.7371  
2025-02-27 02:45:48.073  trn/acc@01 = 0.3030  
2025-02-27 02:45:48.073  trn/acc@05 = 0.5980  
2025-02-27 02:45:48.073  trn/acc@10 = 0.7253  
2025-02-27 02:45:48.073  trn/acc@20 = 0.8808  
2025-02-27 02:45:48.073  
  
2025-02-27 02:45:48.104  
  
2025-02-27 02:45:48.104  [VAL_FINETUNE_DTVU_STEPS_1] epoch_42  
2025-02-27 02:45:48.104  =============================================  
2025-02-27 02:45:48.104  val_finetune_dtvu_steps_1/loss = 2.5844  
2025-02-27 02:45:48.104  val_finetune_dtvu_steps_1/acc@01 = 0.4500  
2025-02-27 02:45:48.104  val_finetune_dtvu_steps_1/acc@05 = 0.8000  
2025-02-27 02:45:48.104  val_finetune_dtvu_steps_1/acc@10 = 0.8500  
2025-02-27 02:45:48.104  val_finetune_dtvu_steps_1/acc@20 = 0.9000  
2025-02-27 02:45:48.104  
  
2025-02-27 02:45:48.135  
  
2025-02-27 02:45:48.135  [VAL_FINETUNE_DTVU_STEPS_3] epoch_42  
2025-02-27 02:45:48.135  =============================================  
2025-02-27 02:45:48.135  val_finetune_dtvu_steps_3/loss = 2.8373  
2025-02-27 02:45:48.135  val_finetune_dtvu_steps_3/acc@01 = 0.3667  
2025-02-27 02:45:48.135  val_finetune_dtvu_steps_3/acc@05 = 0.7333  
2025-02-27 02:45:48.135  val_finetune_dtvu_steps_3/acc@10 = 0.7833  
2025-02-27 02:45:48.151  val_finetune_dtvu_steps_3/acc@20 = 0.8333  
2025-02-27 02:45:48.151  
  
2025-02-27 02:45:48.492  
  
2025-02-27 02:45:48.492  [TRN] epoch_43  
2025-02-27 02:45:48.492  =============================================  
2025-02-27 02:45:48.492  trn/loss = 2.6626  
2025-02-27 02:45:48.492  trn/acc@01 = 0.3273  
2025-02-27 02:45:48.492  trn/acc@05 = 0.6242  
2025-02-27 02:45:48.492  trn/acc@10 = 0.7616  
2025-02-27 02:45:48.492  trn/acc@20 = 0.8768  
2025-02-27 02:45:48.492  
  
2025-02-27 02:45:48.528  
  
2025-02-27 02:45:48.528  [VAL_FINETUNE_DTVU_STEPS_1] epoch_43  
2025-02-27 02:45:48.528  =============================================  
2025-02-27 02:45:48.530  val_finetune_dtvu_steps_1/loss = 2.6342  
2025-02-27 02:45:48.530  val_finetune_dtvu_steps_1/acc@01 = 0.4000  
2025-02-27 02:45:48.530  val_finetune_dtvu_steps_1/acc@05 = 0.8000  
2025-02-27 02:45:48.530  val_finetune_dtvu_steps_1/acc@10 = 0.8500  
2025-02-27 02:45:48.530  val_finetune_dtvu_steps_1/acc@20 = 0.9000  
2025-02-27 02:45:48.530  
  
2025-02-27 02:45:48.573  
  
2025-02-27 02:45:48.573  [VAL_FINETUNE_DTVU_STEPS_3] epoch_43  
2025-02-27 02:45:48.573  =============================================  
2025-02-27 02:45:48.573  val_finetune_dtvu_steps_3/loss = 2.8450  
2025-02-27 02:45:48.573  val_finetune_dtvu_steps_3/acc@01 = 0.3833  
2025-02-27 02:45:48.573  val_finetune_dtvu_steps_3/acc@05 = 0.7333  
2025-02-27 02:45:48.573  val_finetune_dtvu_steps_3/acc@10 = 0.7833  
2025-02-27 02:45:48.573  val_finetune_dtvu_steps_3/acc@20 = 0.8333  
2025-02-27 02:45:48.573  
  
2025-02-27 02:45:48.924  
  
2025-02-27 02:45:48.924  [TRN] epoch_44  
2025-02-27 02:45:48.924  =============================================  
2025-02-27 02:45:48.924  trn/loss = 2.6537  
2025-02-27 02:45:48.924  trn/acc@01 = 0.3250  
2025-02-27 02:45:48.924  trn/acc@05 = 0.6615  
2025-02-27 02:45:48.924  trn/acc@10 = 0.7769  
2025-02-27 02:45:48.924  trn/acc@20 = 0.8904  
2025-02-27 02:45:48.924  
  
2025-02-27 02:45:48.957  
  
2025-02-27 02:45:48.957  [VAL_FINETUNE_DTVU_STEPS_1] epoch_44  
2025-02-27 02:45:48.957  =============================================  
2025-02-27 02:45:48.957  val_finetune_dtvu_steps_1/loss = 2.4956  
2025-02-27 02:45:48.957  val_finetune_dtvu_steps_1/acc@01 = 0.3500  
2025-02-27 02:45:48.957  val_finetune_dtvu_steps_1/acc@05 = 0.8500  
2025-02-27 02:45:48.957  val_finetune_dtvu_steps_1/acc@10 = 0.8500  
2025-02-27 02:45:48.957  val_finetune_dtvu_steps_1/acc@20 = 0.9000  
2025-02-27 02:45:48.957  
  
2025-02-27 02:45:48.992  
  
2025-02-27 02:45:48.992  [VAL_FINETUNE_DTVU_STEPS_3] epoch_44  
2025-02-27 02:45:48.992  =============================================  
2025-02-27 02:45:48.992  val_finetune_dtvu_steps_3/loss = 2.7402  
2025-02-27 02:45:48.992  val_finetune_dtvu_steps_3/acc@01 = 0.3667  
2025-02-27 02:45:48.992  val_finetune_dtvu_steps_3/acc@05 = 0.7500  
2025-02-27 02:45:48.992  val_finetune_dtvu_steps_3/acc@10 = 0.7833  
2025-02-27 02:45:48.992  val_finetune_dtvu_steps_3/acc@20 = 0.8333  
2025-02-27 02:45:48.992  
  
2025-02-27 02:45:49.348  
  
2025-02-27 02:45:49.348  [TRN] epoch_45  
2025-02-27 02:45:49.348  =============================================  
2025-02-27 02:45:49.348  trn/loss = 2.6388  
2025-02-27 02:45:49.348  trn/acc@01 = 0.3460  
2025-02-27 02:45:49.348  trn/acc@05 = 0.6080  
2025-02-27 02:45:49.348  trn/acc@10 = 0.7320  
2025-02-27 02:45:49.348  trn/acc@20 = 0.8640  
2025-02-27 02:45:49.348  
  
2025-02-27 02:45:49.383  
  
2025-02-27 02:45:49.383  [VAL_FINETUNE_DTVU_STEPS_1] epoch_45  
2025-02-27 02:45:49.383  =============================================  
2025-02-27 02:45:49.383  val_finetune_dtvu_steps_1/loss = 2.5493  
2025-02-27 02:45:49.383  val_finetune_dtvu_steps_1/acc@01 = 0.4000  
2025-02-27 02:45:49.383  val_finetune_dtvu_steps_1/acc@05 = 0.7500  
2025-02-27 02:45:49.383  val_finetune_dtvu_steps_1/acc@10 = 0.8500  
2025-02-27 02:45:49.383  val_finetune_dtvu_steps_1/acc@20 = 0.9000  
2025-02-27 02:45:49.383  
  
2025-02-27 02:45:49.426  
  
2025-02-27 02:45:49.426  [VAL_FINETUNE_DTVU_STEPS_3] epoch_45  
2025-02-27 02:45:49.426  =============================================  
2025-02-27 02:45:49.426  val_finetune_dtvu_steps_3/loss = 2.7894  
2025-02-27 02:45:49.426  val_finetune_dtvu_steps_3/acc@01 = 0.4167  
2025-02-27 02:45:49.426  val_finetune_dtvu_steps_3/acc@05 = 0.7167  
2025-02-27 02:45:49.426  val_finetune_dtvu_steps_3/acc@10 = 0.7833  
2025-02-27 02:45:49.426  val_finetune_dtvu_steps_3/acc@20 = 0.8500  
2025-02-27 02:45:49.426  
  
2025-02-27 02:45:49.793  
  
2025-02-27 02:45:49.793  [TRN] epoch_46  
2025-02-27 02:45:49.793  =============================================  
2025-02-27 02:45:49.793  trn/loss = 2.7208  
2025-02-27 02:45:49.793  trn/acc@01 = 0.3021  
2025-02-27 02:45:49.793  trn/acc@05 = 0.6167  
2025-02-27 02:45:49.793  trn/acc@10 = 0.7542  
2025-02-27 02:45:49.793  trn/acc@20 = 0.8667  
2025-02-27 02:45:49.793  
  
2025-02-27 02:45:49.821  
  
2025-02-27 02:45:49.837  [VAL_FINETUNE_DTVU_STEPS_1] epoch_46  
2025-02-27 02:45:49.837  =============================================  
2025-02-27 02:45:49.837  val_finetune_dtvu_steps_1/loss = 2.5581  
2025-02-27 02:45:49.837  val_finetune_dtvu_steps_1/acc@01 = 0.4000  
2025-02-27 02:45:49.837  val_finetune_dtvu_steps_1/acc@05 = 0.8000  
2025-02-27 02:45:49.837  val_finetune_dtvu_steps_1/acc@10 = 0.8500  
2025-02-27 02:45:49.837  val_finetune_dtvu_steps_1/acc@20 = 0.9000  
2025-02-27 02:45:49.837  
  
2025-02-27 02:45:49.880  
  
2025-02-27 02:45:49.880  [VAL_FINETUNE_DTVU_STEPS_3] epoch_46  
2025-02-27 02:45:49.880  =============================================  
2025-02-27 02:45:49.880  val_finetune_dtvu_steps_3/loss = 2.7960  
2025-02-27 02:45:49.880  val_finetune_dtvu_steps_3/acc@01 = 0.3833  
2025-02-27 02:45:49.880  val_finetune_dtvu_steps_3/acc@05 = 0.7667  
2025-02-27 02:45:49.880  val_finetune_dtvu_steps_3/acc@10 = 0.7833  
2025-02-27 02:45:49.880  val_finetune_dtvu_steps_3/acc@20 = 0.8333  
2025-02-27 02:45:49.880  
  
2025-02-27 02:45:50.231  
  
2025-02-27 02:45:50.231  [TRN] epoch_47  
2025-02-27 02:45:50.231  =============================================  
2025-02-27 02:45:50.231  trn/loss = 2.6931  
2025-02-27 02:45:50.231  trn/acc@01 = 0.3146  
2025-02-27 02:45:50.231  trn/acc@05 = 0.6167  
2025-02-27 02:45:50.231  trn/acc@10 = 0.7271  
2025-02-27 02:45:50.231  trn/acc@20 = 0.8729  
2025-02-27 02:45:50.231  
  
2025-02-27 02:45:50.262  
  
2025-02-27 02:45:50.262  [VAL_FINETUNE_DTVU_STEPS_1] epoch_47  
2025-02-27 02:45:50.262  =============================================  
2025-02-27 02:45:50.262  val_finetune_dtvu_steps_1/loss = 2.5531  
2025-02-27 02:45:50.262  val_finetune_dtvu_steps_1/acc@01 = 0.4000  
2025-02-27 02:45:50.262  val_finetune_dtvu_steps_1/acc@05 = 0.8000  
2025-02-27 02:45:50.262  val_finetune_dtvu_steps_1/acc@10 = 0.8500  
2025-02-27 02:45:50.262  val_finetune_dtvu_steps_1/acc@20 = 0.9000  
2025-02-27 02:45:50.262  
  
2025-02-27 02:45:50.309  
  
2025-02-27 02:45:50.309  [VAL_FINETUNE_DTVU_STEPS_3] epoch_47  
2025-02-27 02:45:50.309  =============================================  
2025-02-27 02:45:50.309  val_finetune_dtvu_steps_3/loss = 2.7910  
2025-02-27 02:45:50.309  val_finetune_dtvu_steps_3/acc@01 = 0.3833  
2025-02-27 02:45:50.309  val_finetune_dtvu_steps_3/acc@05 = 0.7667  
2025-02-27 02:45:50.309  val_finetune_dtvu_steps_3/acc@10 = 0.7833  
2025-02-27 02:45:50.309  val_finetune_dtvu_steps_3/acc@20 = 0.8333  
2025-02-27 02:45:50.309  
  
2025-02-27 02:45:50.670  
  
2025-02-27 02:45:50.670  [TRN] epoch_48  
2025-02-27 02:45:50.670  =============================================  
2025-02-27 02:45:50.670  trn/loss = 2.6221  
2025-02-27 02:45:50.670  trn/acc@01 = 0.3584  
2025-02-27 02:45:50.670  trn/acc@05 = 0.6317  
2025-02-27 02:45:50.670  trn/acc@10 = 0.7426  
2025-02-27 02:45:50.670  trn/acc@20 = 0.8812  
2025-02-27 02:45:50.670  
  
2025-02-27 02:45:50.701  
  
2025-02-27 02:45:50.701  [VAL_FINETUNE_DTVU_STEPS_1] epoch_48  
2025-02-27 02:45:50.701  =============================================  
2025-02-27 02:45:50.701  val_finetune_dtvu_steps_1/loss = 2.5498  
2025-02-27 02:45:50.701  val_finetune_dtvu_steps_1/acc@01 = 0.4500  
2025-02-27 02:45:50.701  val_finetune_dtvu_steps_1/acc@05 = 0.8000  
2025-02-27 02:45:50.701  val_finetune_dtvu_steps_1/acc@10 = 0.8500  
2025-02-27 02:45:50.701  val_finetune_dtvu_steps_1/acc@20 = 0.9000  
2025-02-27 02:45:50.701  
  
2025-02-27 02:45:50.749  
  
2025-02-27 02:45:50.749  [VAL_FINETUNE_DTVU_STEPS_3] epoch_48  
2025-02-27 02:45:50.749  =============================================  
2025-02-27 02:45:50.749  val_finetune_dtvu_steps_3/loss = 2.7612  
2025-02-27 02:45:50.749  val_finetune_dtvu_steps_3/acc@01 = 0.4000  
2025-02-27 02:45:50.749  val_finetune_dtvu_steps_3/acc@05 = 0.7667  
2025-02-27 02:45:50.749  val_finetune_dtvu_steps_3/acc@10 = 0.7833  
2025-02-27 02:45:50.749  val_finetune_dtvu_steps_3/acc@20 = 0.8500  
2025-02-27 02:45:50.749  
  
2025-02-27 02:45:51.142  
  
2025-02-27 02:45:51.142  [TRN] epoch_49  
2025-02-27 02:45:51.142  =============================================  
2025-02-27 02:45:51.142  trn/loss = 2.6446  
2025-02-27 02:45:51.143  trn/acc@01 = 0.3290  
2025-02-27 02:45:51.143  trn/acc@05 = 0.6243  
2025-02-27 02:45:51.143  trn/acc@10 = 0.7738  
2025-02-27 02:45:51.143  trn/acc@20 = 0.8935  
2025-02-27 02:45:51.143  
  
2025-02-27 02:45:51.186  
  
2025-02-27 02:45:51.187  [VAL_FINETUNE_DTVU_STEPS_1] epoch_49  
2025-02-27 02:45:51.187  =============================================  
2025-02-27 02:45:51.187  val_finetune_dtvu_steps_1/loss = 2.5220  
2025-02-27 02:45:51.187  val_finetune_dtvu_steps_1/acc@01 = 0.4500  
2025-02-27 02:45:51.187  val_finetune_dtvu_steps_1/acc@05 = 0.7500  
2025-02-27 02:45:51.187  val_finetune_dtvu_steps_1/acc@10 = 0.8500  
2025-02-27 02:45:51.187  val_finetune_dtvu_steps_1/acc@20 = 0.9000  
2025-02-27 02:45:51.187  
  
2025-02-27 02:45:51.233  
  
2025-02-27 02:45:51.234  [VAL_FINETUNE_DTVU_STEPS_3] epoch_49  
2025-02-27 02:45:51.234  =============================================  
2025-02-27 02:45:51.234  val_finetune_dtvu_steps_3/loss = 2.7625  
2025-02-27 02:45:51.234  val_finetune_dtvu_steps_3/acc@01 = 0.4000  
2025-02-27 02:45:51.234  val_finetune_dtvu_steps_3/acc@05 = 0.7500  
2025-02-27 02:45:51.234  val_finetune_dtvu_steps_3/acc@10 = 0.7833  
2025-02-27 02:45:51.234  val_finetune_dtvu_steps_3/acc@20 = 0.8833  
2025-02-27 02:45:51.234  
  
2025-02-27 02:45:51.621  
  
2025-02-27 02:45:51.621  [TRN] epoch_50  
2025-02-27 02:45:51.621  =============================================  
2025-02-27 02:45:51.621  trn/loss = 2.8022  
2025-02-27 02:45:51.621  trn/acc@01 = 0.2792  
2025-02-27 02:45:51.621  trn/acc@05 = 0.5868  
2025-02-27 02:45:51.621  trn/acc@10 = 0.7113  
2025-02-27 02:45:51.622  trn/acc@20 = 0.8623  
2025-02-27 02:45:51.622  
  
2025-02-27 02:45:51.678  
  
2025-02-27 02:45:51.678  [VAL_FINETUNE_DTVU_STEPS_1] epoch_50  
2025-02-27 02:45:51.678  =============================================  
2025-02-27 02:45:51.678  val_finetune_dtvu_steps_1/loss = 2.7080  
2025-02-27 02:45:51.678  val_finetune_dtvu_steps_1/acc@01 = 0.3500  
2025-02-27 02:45:51.678  val_finetune_dtvu_steps_1/acc@05 = 0.8000  
2025-02-27 02:45:51.678  val_finetune_dtvu_steps_1/acc@10 = 0.8500  
2025-02-27 02:45:51.678  val_finetune_dtvu_steps_1/acc@20 = 0.9000  
2025-02-27 02:45:51.678  
  
2025-02-27 02:45:51.722  
  
2025-02-27 02:45:51.722  [VAL_FINETUNE_DTVU_STEPS_3] epoch_50  
2025-02-27 02:45:51.722  =============================================  
2025-02-27 02:45:51.722  val_finetune_dtvu_steps_3/loss = 2.9016  
2025-02-27 02:45:51.722  val_finetune_dtvu_steps_3/acc@01 = 0.3333  
2025-02-27 02:45:51.722  val_finetune_dtvu_steps_3/acc@05 = 0.7333  
2025-02-27 02:45:51.722  val_finetune_dtvu_steps_3/acc@10 = 0.8000  
2025-02-27 02:45:51.722  val_finetune_dtvu_steps_3/acc@20 = 0.8667  
2025-02-27 02:45:51.722  
  
2025-02-27 02:45:52.064  
  
2025-02-27 02:45:52.064  [TRN] epoch_51  
2025-02-27 02:45:52.064  =============================================  
2025-02-27 02:45:52.064  trn/loss = 2.7073  
2025-02-27 02:45:52.065  trn/acc@01 = 0.3149  
2025-02-27 02:45:52.065  trn/acc@05 = 0.6213  
2025-02-27 02:45:52.065  trn/acc@10 = 0.7596  
2025-02-27 02:45:52.065  trn/acc@20 = 0.8872  
2025-02-27 02:45:52.065  
  
2025-02-27 02:45:52.104  
  
2025-02-27 02:45:52.105  [VAL_FINETUNE_DTVU_STEPS_1] epoch_51  
2025-02-27 02:45:52.105  =============================================  
2025-02-27 02:45:52.105  val_finetune_dtvu_steps_1/loss = 2.5756  
2025-02-27 02:45:52.105  val_finetune_dtvu_steps_1/acc@01 = 0.4000  
2025-02-27 02:45:52.105  val_finetune_dtvu_steps_1/acc@05 = 0.8000  
2025-02-27 02:45:52.105  val_finetune_dtvu_steps_1/acc@10 = 0.9000  
2025-02-27 02:45:52.105  val_finetune_dtvu_steps_1/acc@20 = 0.9000  
2025-02-27 02:45:52.105  
  
2025-02-27 02:45:52.142  
  
2025-02-27 02:45:52.142  [VAL_FINETUNE_DTVU_STEPS_3] epoch_51  
2025-02-27 02:45:52.142  =============================================  
2025-02-27 02:45:52.142  val_finetune_dtvu_steps_3/loss = 2.8055  
2025-02-27 02:45:52.142  val_finetune_dtvu_steps_3/acc@01 = 0.3333  
2025-02-27 02:45:52.143  val_finetune_dtvu_steps_3/acc@05 = 0.7333  
2025-02-27 02:45:52.143  val_finetune_dtvu_steps_3/acc@10 = 0.8167  
2025-02-27 02:45:52.143  val_finetune_dtvu_steps_3/acc@20 = 0.8500  
2025-02-27 02:45:52.143  
  
2025-02-27 02:45:52.495  
  
2025-02-27 02:45:52.495  [TRN] epoch_52  
2025-02-27 02:45:52.495  =============================================  
2025-02-27 02:45:52.496  trn/loss = 2.5801  
2025-02-27 02:45:52.496  trn/acc@01 = 0.3327  
2025-02-27 02:45:52.496  trn/acc@05 = 0.6500  
2025-02-27 02:45:52.496  trn/acc@10 = 0.7519  
2025-02-27 02:45:52.496  trn/acc@20 = 0.8731  
2025-02-27 02:45:52.496  
  
2025-02-27 02:45:52.533  
  
2025-02-27 02:45:52.533  [VAL_FINETUNE_DTVU_STEPS_1] epoch_52  
2025-02-27 02:45:52.534  =============================================  
2025-02-27 02:45:52.534  val_finetune_dtvu_steps_1/loss = 2.5779  
2025-02-27 02:45:52.535  val_finetune_dtvu_steps_1/acc@01 = 0.4000  
2025-02-27 02:45:52.535  val_finetune_dtvu_steps_1/acc@05 = 0.8000  
2025-02-27 02:45:52.535  val_finetune_dtvu_steps_1/acc@10 = 0.8500  
2025-02-27 02:45:52.535  val_finetune_dtvu_steps_1/acc@20 = 0.9000  
2025-02-27 02:45:52.535  
  
2025-02-27 02:45:52.575  
  
2025-02-27 02:45:52.575  [VAL_FINETUNE_DTVU_STEPS_3] epoch_52  
2025-02-27 02:45:52.575  =============================================  
2025-02-27 02:45:52.575  val_finetune_dtvu_steps_3/loss = 2.7727  
2025-02-27 02:45:52.575  val_finetune_dtvu_steps_3/acc@01 = 0.3667  
2025-02-27 02:45:52.575  val_finetune_dtvu_steps_3/acc@05 = 0.7167  
2025-02-27 02:45:52.575  val_finetune_dtvu_steps_3/acc@10 = 0.7833  
2025-02-27 02:45:52.576  val_finetune_dtvu_steps_3/acc@20 = 0.8667  
2025-02-27 02:45:52.576  
  
2025-02-27 02:45:52.929  
  
2025-02-27 02:45:52.929  [TRN] epoch_53  
2025-02-27 02:45:52.929  =============================================  
2025-02-27 02:45:52.929  trn/loss = 2.4107  
2025-02-27 02:45:52.929  trn/acc@01 = 0.3778  
2025-02-27 02:45:52.929  trn/acc@05 = 0.6667  
2025-02-27 02:45:52.929  trn/acc@10 = 0.7859  
2025-02-27 02:45:52.929  trn/acc@20 = 0.9030  
2025-02-27 02:45:52.930  
  
2025-02-27 02:45:52.966  
  
2025-02-27 02:45:52.966  [VAL_FINETUNE_DTVU_STEPS_1] epoch_53  
2025-02-27 02:45:52.967  =============================================  
2025-02-27 02:45:52.967  val_finetune_dtvu_steps_1/loss = 2.5473  
2025-02-27 02:45:52.967  val_finetune_dtvu_steps_1/acc@01 = 0.4000  
2025-02-27 02:45:52.967  val_finetune_dtvu_steps_1/acc@05 = 0.8000  
2025-02-27 02:45:52.967  val_finetune_dtvu_steps_1/acc@10 = 0.8500  
2025-02-27 02:45:52.967  val_finetune_dtvu_steps_1/acc@20 = 0.9000  
2025-02-27 02:45:52.967  
  
2025-02-27 02:45:53.004  
  
2025-02-27 02:45:53.004  [VAL_FINETUNE_DTVU_STEPS_3] epoch_53  
2025-02-27 02:45:53.004  =============================================  
2025-02-27 02:45:53.004  val_finetune_dtvu_steps_3/loss = 2.7564  
2025-02-27 02:45:53.004  val_finetune_dtvu_steps_3/acc@01 = 0.4000  
2025-02-27 02:45:53.004  val_finetune_dtvu_steps_3/acc@05 = 0.7333  
2025-02-27 02:45:53.004  val_finetune_dtvu_steps_3/acc@10 = 0.7833  
2025-02-27 02:45:53.004  val_finetune_dtvu_steps_3/acc@20 = 0.8667  
2025-02-27 02:45:53.004  
  
2025-02-27 02:45:53.340  
  
2025-02-27 02:45:53.340  [TRN] epoch_54  
2025-02-27 02:45:53.340  =============================================  
2025-02-27 02:45:53.340  trn/loss = 2.4903  
2025-02-27 02:45:53.340  trn/acc@01 = 0.3906  
2025-02-27 02:45:53.340  trn/acc@05 = 0.6585  
2025-02-27 02:45:53.340  trn/acc@10 = 0.7623  
2025-02-27 02:45:53.340  trn/acc@20 = 0.8792  
2025-02-27 02:45:53.340  
  
2025-02-27 02:45:53.378  
  
2025-02-27 02:45:53.379  [VAL_FINETUNE_DTVU_STEPS_1] epoch_54  
2025-02-27 02:45:53.379  =============================================  
2025-02-27 02:45:53.379  val_finetune_dtvu_steps_1/loss = 2.5299  
2025-02-27 02:45:53.379  val_finetune_dtvu_steps_1/acc@01 = 0.4000  
2025-02-27 02:45:53.379  val_finetune_dtvu_steps_1/acc@05 = 0.8000  
2025-02-27 02:45:53.379  val_finetune_dtvu_steps_1/acc@10 = 0.8500  
2025-02-27 02:45:53.379  val_finetune_dtvu_steps_1/acc@20 = 0.9000  
2025-02-27 02:45:53.379  
  
2025-02-27 02:45:53.416  
  
2025-02-27 02:45:53.417  [VAL_FINETUNE_DTVU_STEPS_3] epoch_54  
2025-02-27 02:45:53.417  =============================================  
2025-02-27 02:45:53.417  val_finetune_dtvu_steps_3/loss = 2.7362  
2025-02-27 02:45:53.417  val_finetune_dtvu_steps_3/acc@01 = 0.3667  
2025-02-27 02:45:53.417  val_finetune_dtvu_steps_3/acc@05 = 0.7333  
2025-02-27 02:45:53.417  val_finetune_dtvu_steps_3/acc@10 = 0.7833  
2025-02-27 02:45:53.417  val_finetune_dtvu_steps_3/acc@20 = 0.8667  
2025-02-27 02:45:53.417  
  
2025-02-27 02:45:53.729  
  
2025-02-27 02:45:53.729  [TRN] epoch_55  
2025-02-27 02:45:53.729  =============================================  
2025-02-27 02:45:53.729  trn/loss = 2.4142  
2025-02-27 02:45:53.729  trn/acc@01 = 0.3592  
2025-02-27 02:45:53.729  trn/acc@05 = 0.6621  
2025-02-27 02:45:53.731  trn/acc@10 = 0.7786  
2025-02-27 02:45:53.731  trn/acc@20 = 0.8913  
2025-02-27 02:45:53.731  
  
2025-02-27 02:45:53.766  
  
2025-02-27 02:45:53.766  [VAL_FINETUNE_DTVU_STEPS_1] epoch_55  
2025-02-27 02:45:53.766  =============================================  
2025-02-27 02:45:53.766  val_finetune_dtvu_steps_1/loss = 2.5391  
2025-02-27 02:45:53.766  val_finetune_dtvu_steps_1/acc@01 = 0.4000  
2025-02-27 02:45:53.767  val_finetune_dtvu_steps_1/acc@05 = 0.8000  
2025-02-27 02:45:53.767  val_finetune_dtvu_steps_1/acc@10 = 0.8500  
2025-02-27 02:45:53.767  val_finetune_dtvu_steps_1/acc@20 = 0.9000  
2025-02-27 02:45:53.767  
  
2025-02-27 02:45:53.805  
  
2025-02-27 02:45:53.806  [VAL_FINETUNE_DTVU_STEPS_3] epoch_55  
2025-02-27 02:45:53.806  =============================================  
2025-02-27 02:45:53.806  val_finetune_dtvu_steps_3/loss = 2.7493  
2025-02-27 02:45:53.806  val_finetune_dtvu_steps_3/acc@01 = 0.3833  
2025-02-27 02:45:53.806  val_finetune_dtvu_steps_3/acc@05 = 0.7333  
2025-02-27 02:45:53.806  val_finetune_dtvu_steps_3/acc@10 = 0.7833  
2025-02-27 02:45:53.806  val_finetune_dtvu_steps_3/acc@20 = 0.8667  
2025-02-27 02:45:53.806  
  
2025-02-27 02:45:54.114  
  
2025-02-27 02:45:54.114  [TRN] epoch_56  
2025-02-27 02:45:54.114  =============================================  
2025-02-27 02:45:54.114  trn/loss = 2.5034  
2025-02-27 02:45:54.114  trn/acc@01 = 0.3714  
2025-02-27 02:45:54.114  trn/acc@05 = 0.6327  
2025-02-27 02:45:54.114  trn/acc@10 = 0.7735  
2025-02-27 02:45:54.114  trn/acc@20 = 0.8776  
2025-02-27 02:45:54.114  
  
2025-02-27 02:45:54.145  
  
2025-02-27 02:45:54.161  [VAL_FINETUNE_DTVU_STEPS_1] epoch_56  
2025-02-27 02:45:54.161  =============================================  
2025-02-27 02:45:54.161  val_finetune_dtvu_steps_1/loss = 2.7202  
2025-02-27 02:45:54.161  val_finetune_dtvu_steps_1/acc@01 = 0.3500  
2025-02-27 02:45:54.161  val_finetune_dtvu_steps_1/acc@05 = 0.7500  
2025-02-27 02:45:54.161  val_finetune_dtvu_steps_1/acc@10 = 0.8000  
2025-02-27 02:45:54.161  val_finetune_dtvu_steps_1/acc@20 = 0.9000  
2025-02-27 02:45:54.161  
  
2025-02-27 02:45:54.198  
  
2025-02-27 02:45:54.198  [VAL_FINETUNE_DTVU_STEPS_3] epoch_56  
2025-02-27 02:45:54.198  =============================================  
2025-02-27 02:45:54.198  val_finetune_dtvu_steps_3/loss = 2.9200  
2025-02-27 02:45:54.198  val_finetune_dtvu_steps_3/acc@01 = 0.3667  
2025-02-27 02:45:54.198  val_finetune_dtvu_steps_3/acc@05 = 0.7000  
2025-02-27 02:45:54.198  val_finetune_dtvu_steps_3/acc@10 = 0.7833  
2025-02-27 02:45:54.198  val_finetune_dtvu_steps_3/acc@20 = 0.8500  
2025-02-27 02:45:54.198  
  
2025-02-27 02:45:54.524  
  
2025-02-27 02:45:54.524  [TRN] epoch_57  
2025-02-27 02:45:54.524  =============================================  
2025-02-27 02:45:54.524  trn/loss = 2.5851  
2025-02-27 02:45:54.524  trn/acc@01 = 0.3551  
2025-02-27 02:45:54.524  trn/acc@05 = 0.6429  
2025-02-27 02:45:54.524  trn/acc@10 = 0.7633  
2025-02-27 02:45:54.524  trn/acc@20 = 0.8653  
2025-02-27 02:45:54.524  
  
2025-02-27 02:45:54.556  
  
2025-02-27 02:45:54.556  [VAL_FINETUNE_DTVU_STEPS_1] epoch_57  
2025-02-27 02:45:54.556  =============================================  
2025-02-27 02:45:54.556  val_finetune_dtvu_steps_1/loss = 2.6414  
2025-02-27 02:45:54.556  val_finetune_dtvu_steps_1/acc@01 = 0.3500  
2025-02-27 02:45:54.556  val_finetune_dtvu_steps_1/acc@05 = 0.7500  
2025-02-27 02:45:54.556  val_finetune_dtvu_steps_1/acc@10 = 0.8500  
2025-02-27 02:45:54.556  val_finetune_dtvu_steps_1/acc@20 = 0.9000  
2025-02-27 02:45:54.556  
  
2025-02-27 02:45:54.612  
  
2025-02-27 02:45:54.612  [VAL_FINETUNE_DTVU_STEPS_3] epoch_57  
2025-02-27 02:45:54.612  =============================================  
2025-02-27 02:45:54.612  val_finetune_dtvu_steps_3/loss = 2.8596  
2025-02-27 02:45:54.612  val_finetune_dtvu_steps_3/acc@01 = 0.3833  
2025-02-27 02:45:54.612  val_finetune_dtvu_steps_3/acc@05 = 0.7333  
2025-02-27 02:45:54.612  val_finetune_dtvu_steps_3/acc@10 = 0.7833  
2025-02-27 02:45:54.612  val_finetune_dtvu_steps_3/acc@20 = 0.8667  
2025-02-27 02:45:54.612  
  
2025-02-27 02:45:54.948  
  
2025-02-27 02:45:54.948  [TRN] epoch_58  
2025-02-27 02:45:54.948  =============================================  
2025-02-27 02:45:54.948  trn/loss = 2.7030  
2025-02-27 02:45:54.948  trn/acc@01 = 0.2889  
2025-02-27 02:45:54.948  trn/acc@05 = 0.6178  
2025-02-27 02:45:54.948  trn/acc@10 = 0.7467  
2025-02-27 02:45:54.948  trn/acc@20 = 0.8667  
2025-02-27 02:45:54.948  
  
2025-02-27 02:45:54.980  
  
2025-02-27 02:45:54.980  [VAL_FINETUNE_DTVU_STEPS_1] epoch_58  
2025-02-27 02:45:54.980  =============================================  
2025-02-27 02:45:54.980  val_finetune_dtvu_steps_1/loss = 2.7615  
2025-02-27 02:45:54.980  val_finetune_dtvu_steps_1/acc@01 = 0.3000  
2025-02-27 02:45:54.980  val_finetune_dtvu_steps_1/acc@05 = 0.7500  
2025-02-27 02:45:54.980  val_finetune_dtvu_steps_1/acc@10 = 0.8000  
2025-02-27 02:45:54.980  val_finetune_dtvu_steps_1/acc@20 = 0.9000  
2025-02-27 02:45:54.980  
  
2025-02-27 02:45:55.027  
  
2025-02-27 02:45:55.027  [VAL_FINETUNE_DTVU_STEPS_3] epoch_58  
2025-02-27 02:45:55.027  =============================================  
2025-02-27 02:45:55.027  val_finetune_dtvu_steps_3/loss = 3.0121  
2025-02-27 02:45:55.027  val_finetune_dtvu_steps_3/acc@01 = 0.3000  
2025-02-27 02:45:55.027  val_finetune_dtvu_steps_3/acc@05 = 0.6667  
2025-02-27 02:45:55.027  val_finetune_dtvu_steps_3/acc@10 = 0.7333  
2025-02-27 02:45:55.027  val_finetune_dtvu_steps_3/acc@20 = 0.8500  
2025-02-27 02:45:55.027  
  
2025-02-27 02:45:55.340  
  
2025-02-27 02:45:55.340  [TRN] epoch_59  
2025-02-27 02:45:55.340  =============================================  
2025-02-27 02:45:55.340  trn/loss = 2.6334  
2025-02-27 02:45:55.340  trn/acc@01 = 0.3032  
2025-02-27 02:45:55.340  trn/acc@05 = 0.6253  
2025-02-27 02:45:55.340  trn/acc@10 = 0.7411  
2025-02-27 02:45:55.340  trn/acc@20 = 0.8716  
2025-02-27 02:45:55.340  
  
2025-02-27 02:45:55.387  
  
2025-02-27 02:45:55.387  [VAL_FINETUNE_DTVU_STEPS_1] epoch_59  
2025-02-27 02:45:55.387  =============================================  
2025-02-27 02:45:55.387  val_finetune_dtvu_steps_1/loss = 2.6292  
2025-02-27 02:45:55.387  val_finetune_dtvu_steps_1/acc@01 = 0.4000  
2025-02-27 02:45:55.387  val_finetune_dtvu_steps_1/acc@05 = 0.8000  
2025-02-27 02:45:55.387  val_finetune_dtvu_steps_1/acc@10 = 0.8500  
2025-02-27 02:45:55.387  val_finetune_dtvu_steps_1/acc@20 = 0.9000  
2025-02-27 02:45:55.387  
  
2025-02-27 02:45:55.419  
  
2025-02-27 02:45:55.419  [VAL_FINETUNE_DTVU_STEPS_3] epoch_59  
2025-02-27 02:45:55.419  =============================================  
2025-02-27 02:45:55.419  val_finetune_dtvu_steps_3/loss = 2.8914  
2025-02-27 02:45:55.419  val_finetune_dtvu_steps_3/acc@01 = 0.3833  
2025-02-27 02:45:55.419  val_finetune_dtvu_steps_3/acc@05 = 0.7167  
2025-02-27 02:45:55.419  val_finetune_dtvu_steps_3/acc@10 = 0.7833  
2025-02-27 02:45:55.419  val_finetune_dtvu_steps_3/acc@20 = 0.8667  
2025-02-27 02:45:55.419  
  
2025-02-27 02:45:55.749  
  
2025-02-27 02:45:55.749  [TRN] epoch_60  
2025-02-27 02:45:55.749  =============================================  
2025-02-27 02:45:55.749  trn/loss = 2.5968  
2025-02-27 02:45:55.749  trn/acc@01 = 0.3204  
2025-02-27 02:45:55.749  trn/acc@05 = 0.6685  
2025-02-27 02:45:55.749  trn/acc@10 = 0.7685  
2025-02-27 02:45:55.749  trn/acc@20 = 0.8815  
2025-02-27 02:45:55.749  
  
2025-02-27 02:45:55.796  
  
2025-02-27 02:45:55.799  [VAL_FINETUNE_DTVU_STEPS_1] epoch_60  
2025-02-27 02:45:55.799  =============================================  
2025-02-27 02:45:55.799  val_finetune_dtvu_steps_1/loss = 2.5916  
2025-02-27 02:45:55.799  val_finetune_dtvu_steps_1/acc@01 = 0.4000  
2025-02-27 02:45:55.799  val_finetune_dtvu_steps_1/acc@05 = 0.7500  
2025-02-27 02:45:55.799  val_finetune_dtvu_steps_1/acc@10 = 0.8500  
2025-02-27 02:45:55.799  val_finetune_dtvu_steps_1/acc@20 = 0.8500  
2025-02-27 02:45:55.799  
  
2025-02-27 02:45:55.837  
  
2025-02-27 02:45:55.837  [VAL_FINETUNE_DTVU_STEPS_3] epoch_60  
2025-02-27 02:45:55.837  =============================================  
2025-02-27 02:45:55.837  val_finetune_dtvu_steps_3/loss = 2.8889  
2025-02-27 02:45:55.837  val_finetune_dtvu_steps_3/acc@01 = 0.3833  
2025-02-27 02:45:55.837  val_finetune_dtvu_steps_3/acc@05 = 0.7000  
2025-02-27 02:45:55.837  val_finetune_dtvu_steps_3/acc@10 = 0.7833  
2025-02-27 02:45:55.837  val_finetune_dtvu_steps_3/acc@20 = 0.7833  
2025-02-27 02:45:55.837  
  
2025-02-27 02:45:56.158  
  
2025-02-27 02:45:56.158  [TRN] epoch_61  
2025-02-27 02:45:56.158  =============================================  
2025-02-27 02:45:56.158  trn/loss = 2.5492  
2025-02-27 02:45:56.158  trn/acc@01 = 0.3630  
2025-02-27 02:45:56.158  trn/acc@05 = 0.6391  
2025-02-27 02:45:56.158  trn/acc@10 = 0.7565  
2025-02-27 02:45:56.158  trn/acc@20 = 0.8739  
2025-02-27 02:45:56.158  
  
2025-02-27 02:45:56.200  
  
2025-02-27 02:45:56.200  [VAL_FINETUNE_DTVU_STEPS_1] epoch_61  
2025-02-27 02:45:56.200  =============================================  
2025-02-27 02:45:56.200  val_finetune_dtvu_steps_1/loss = 2.5973  
2025-02-27 02:45:56.200  val_finetune_dtvu_steps_1/acc@01 = 0.4000  
2025-02-27 02:45:56.200  val_finetune_dtvu_steps_1/acc@05 = 0.7000  
2025-02-27 02:45:56.200  val_finetune_dtvu_steps_1/acc@10 = 0.8000  
2025-02-27 02:45:56.205  val_finetune_dtvu_steps_1/acc@20 = 0.9000  
2025-02-27 02:45:56.205  
  
2025-02-27 02:45:56.236  
  
2025-02-27 02:45:56.236  [VAL_FINETUNE_DTVU_STEPS_3] epoch_61  
2025-02-27 02:45:56.236  =============================================  
2025-02-27 02:45:56.236  val_finetune_dtvu_steps_3/loss = 2.8740  
2025-02-27 02:45:56.236  val_finetune_dtvu_steps_3/acc@01 = 0.4000  
2025-02-27 02:45:56.236  val_finetune_dtvu_steps_3/acc@05 = 0.6833  
2025-02-27 02:45:56.236  val_finetune_dtvu_steps_3/acc@10 = 0.7667  
2025-02-27 02:45:56.236  val_finetune_dtvu_steps_3/acc@20 = 0.8333  
2025-02-27 02:45:56.236  
  
2025-02-27 02:45:56.588  
  
2025-02-27 02:45:56.588  [TRN] epoch_62  
2025-02-27 02:45:56.588  =============================================  
2025-02-27 02:45:56.588  trn/loss = 2.5412  
2025-02-27 02:45:56.588  trn/acc@01 = 0.3490  
2025-02-27 02:45:56.588  trn/acc@05 = 0.6725  
2025-02-27 02:45:56.588  trn/acc@10 = 0.7843  
2025-02-27 02:45:56.588  trn/acc@20 = 0.8882  
2025-02-27 02:45:56.588  
  
2025-02-27 02:45:56.621  
  
2025-02-27 02:45:56.621  [VAL_FINETUNE_DTVU_STEPS_1] epoch_62  
2025-02-27 02:45:56.621  =============================================  
2025-02-27 02:45:56.621  val_finetune_dtvu_steps_1/loss = 2.6242  
2025-02-27 02:45:56.621  val_finetune_dtvu_steps_1/acc@01 = 0.4000  
2025-02-27 02:45:56.621  val_finetune_dtvu_steps_1/acc@05 = 0.7000  
2025-02-27 02:45:56.621  val_finetune_dtvu_steps_1/acc@10 = 0.8000  
2025-02-27 02:45:56.621  val_finetune_dtvu_steps_1/acc@20 = 0.9000  
2025-02-27 02:45:56.621  
  
2025-02-27 02:45:56.668  
  
2025-02-27 02:45:56.668  [VAL_FINETUNE_DTVU_STEPS_3] epoch_62  
2025-02-27 02:45:56.668  =============================================  
2025-02-27 02:45:56.668  val_finetune_dtvu_steps_3/loss = 2.8782  
2025-02-27 02:45:56.668  val_finetune_dtvu_steps_3/acc@01 = 0.4000  
2025-02-27 02:45:56.668  val_finetune_dtvu_steps_3/acc@05 = 0.7000  
2025-02-27 02:45:56.668  val_finetune_dtvu_steps_3/acc@10 = 0.7667  
2025-02-27 02:45:56.668  val_finetune_dtvu_steps_3/acc@20 = 0.8333  
2025-02-27 02:45:56.668  
  
2025-02-27 02:45:57.007  
  
2025-02-27 02:45:57.007  [TRN] epoch_63  
2025-02-27 02:45:57.007  =============================================  
2025-02-27 02:45:57.007  trn/loss = 2.4899  
2025-02-27 02:45:57.007  trn/acc@01 = 0.3820  
2025-02-27 02:45:57.007  trn/acc@05 = 0.6600  
2025-02-27 02:45:57.007  trn/acc@10 = 0.7800  
2025-02-27 02:45:57.007  trn/acc@20 = 0.8820  
2025-02-27 02:45:57.007  
  
2025-02-27 02:45:57.039  
  
2025-02-27 02:45:57.039  [VAL_FINETUNE_DTVU_STEPS_1] epoch_63  
2025-02-27 02:45:57.039  =============================================  
2025-02-27 02:45:57.039  val_finetune_dtvu_steps_1/loss = 2.6135  
2025-02-27 02:45:57.039  val_finetune_dtvu_steps_1/acc@01 = 0.4000  
2025-02-27 02:45:57.039  val_finetune_dtvu_steps_1/acc@05 = 0.7500  
2025-02-27 02:45:57.039  val_finetune_dtvu_steps_1/acc@10 = 0.8000  
2025-02-27 02:45:57.039  val_finetune_dtvu_steps_1/acc@20 = 0.9000  
2025-02-27 02:45:57.039  
  
2025-02-27 02:45:57.070  
  
2025-02-27 02:45:57.070  [VAL_FINETUNE_DTVU_STEPS_3] epoch_63  
2025-02-27 02:45:57.070  =============================================  
2025-02-27 02:45:57.070  val_finetune_dtvu_steps_3/loss = 2.8703  
2025-02-27 02:45:57.070  val_finetune_dtvu_steps_3/acc@01 = 0.4000  
2025-02-27 02:45:57.070  val_finetune_dtvu_steps_3/acc@05 = 0.7000  
2025-02-27 02:45:57.070  val_finetune_dtvu_steps_3/acc@10 = 0.7667  
2025-02-27 02:45:57.070  val_finetune_dtvu_steps_3/acc@20 = 0.8333  
2025-02-27 02:45:57.070  
  
