2025-02-27 17:29:54.526  
  
2025-02-27 17:29:54.527  [TRN] epoch_00  
2025-02-27 17:29:54.527  =============================================  
2025-02-27 17:29:54.527  trn/loss = 5.6833  
2025-02-27 17:29:54.527  trn/acc@01 = 0.0895  
2025-02-27 17:29:54.527  trn/acc@05 = 0.2158  
2025-02-27 17:29:54.528  trn/acc@10 = 0.2526  
2025-02-27 17:29:54.528  trn/acc@20 = 0.3018  
2025-02-27 17:29:54.528  
  
2025-02-27 17:29:54.576  
  
2025-02-27 17:29:54.576  [VAL_FINETUNE_DTVU_STEPS_1] epoch_00  
2025-02-27 17:29:54.576  =============================================  
2025-02-27 17:29:54.576  val_finetune_dtvu_steps_1/loss = 4.7669  
2025-02-27 17:29:54.576  val_finetune_dtvu_steps_1/acc@01 = 0.0500  
2025-02-27 17:29:54.577  val_finetune_dtvu_steps_1/acc@05 = 0.4500  
2025-02-27 17:29:54.584  val_finetune_dtvu_steps_1/acc@10 = 0.7500  
2025-02-27 17:29:54.584  val_finetune_dtvu_steps_1/acc@20 = 0.7500  
2025-02-27 17:29:54.584  
  
2025-02-27 17:29:54.631  
  
2025-02-27 17:29:54.631  [VAL_FINETUNE_DTVU_STEPS_3] epoch_00  
2025-02-27 17:29:54.631  =============================================  
2025-02-27 17:29:54.631  val_finetune_dtvu_steps_3/loss = 4.8802  
2025-02-27 17:29:54.631  val_finetune_dtvu_steps_3/acc@01 = 0.1167  
2025-02-27 17:29:54.632  val_finetune_dtvu_steps_3/acc@05 = 0.4167  
2025-02-27 17:29:54.632  val_finetune_dtvu_steps_3/acc@10 = 0.6167  
2025-02-27 17:29:54.632  val_finetune_dtvu_steps_3/acc@20 = 0.6833  
2025-02-27 17:29:54.632  
  
2025-02-27 17:29:54.954  
  
2025-02-27 17:29:54.954  [TRN] epoch_01  
2025-02-27 17:29:54.955  =============================================  
2025-02-27 17:29:54.955  trn/loss = 4.7622  
2025-02-27 17:29:54.955  trn/acc@01 = 0.1566  
2025-02-27 17:29:54.955  trn/acc@05 = 0.4170  
2025-02-27 17:29:54.955  trn/acc@10 = 0.5057  
2025-02-27 17:29:54.955  trn/acc@20 = 0.5811  
2025-02-27 17:29:54.956  
  
2025-02-27 17:29:54.994  
  
2025-02-27 17:29:54.995  [VAL_FINETUNE_DTVU_STEPS_1] epoch_01  
2025-02-27 17:29:54.995  =============================================  
2025-02-27 17:29:54.995  val_finetune_dtvu_steps_1/loss = 3.7467  
2025-02-27 17:29:54.995  val_finetune_dtvu_steps_1/acc@01 = 0.4000  
2025-02-27 17:29:54.995  val_finetune_dtvu_steps_1/acc@05 = 0.6500  
2025-02-27 17:29:54.995  val_finetune_dtvu_steps_1/acc@10 = 0.8000  
2025-02-27 17:29:54.995  val_finetune_dtvu_steps_1/acc@20 = 0.8000  
2025-02-27 17:29:54.995  
  
2025-02-27 17:29:55.042  
  
2025-02-27 17:29:55.042  [VAL_FINETUNE_DTVU_STEPS_3] epoch_01  
2025-02-27 17:29:55.042  =============================================  
2025-02-27 17:29:55.042  val_finetune_dtvu_steps_3/loss = 3.9897  
2025-02-27 17:29:55.043  val_finetune_dtvu_steps_3/acc@01 = 0.3833  
2025-02-27 17:29:55.043  val_finetune_dtvu_steps_3/acc@05 = 0.5833  
2025-02-27 17:29:55.043  val_finetune_dtvu_steps_3/acc@10 = 0.7167  
2025-02-27 17:29:55.043  val_finetune_dtvu_steps_3/acc@20 = 0.7167  
2025-02-27 17:29:55.043  
  
2025-02-27 17:29:55.407  
  
2025-02-27 17:29:55.407  [TRN] epoch_02  
2025-02-27 17:29:55.407  =============================================  
2025-02-27 17:29:55.407  trn/loss = 4.3104  
2025-02-27 17:29:55.407  trn/acc@01 = 0.2485  
2025-02-27 17:29:55.407  trn/acc@05 = 0.4626  
2025-02-27 17:29:55.407  trn/acc@10 = 0.5374  
2025-02-27 17:29:55.407  trn/acc@20 = 0.6000  
2025-02-27 17:29:55.407  
  
2025-02-27 17:29:55.442  
  
2025-02-27 17:29:55.442  [VAL_FINETUNE_DTVU_STEPS_1] epoch_02  
2025-02-27 17:29:55.442  =============================================  
2025-02-27 17:29:55.442  val_finetune_dtvu_steps_1/loss = 3.3334  
2025-02-27 17:29:55.442  val_finetune_dtvu_steps_1/acc@01 = 0.4000  
2025-02-27 17:29:55.442  val_finetune_dtvu_steps_1/acc@05 = 0.8000  
2025-02-27 17:29:55.442  val_finetune_dtvu_steps_1/acc@10 = 0.8000  
2025-02-27 17:29:55.443  val_finetune_dtvu_steps_1/acc@20 = 0.8000  
2025-02-27 17:29:55.443  
  
2025-02-27 17:29:55.479  
  
2025-02-27 17:29:55.479  [VAL_FINETUNE_DTVU_STEPS_3] epoch_02  
2025-02-27 17:29:55.479  =============================================  
2025-02-27 17:29:55.480  val_finetune_dtvu_steps_3/loss = 3.5895  
2025-02-27 17:29:55.480  val_finetune_dtvu_steps_3/acc@01 = 0.3833  
2025-02-27 17:29:55.480  val_finetune_dtvu_steps_3/acc@05 = 0.7000  
2025-02-27 17:29:55.480  val_finetune_dtvu_steps_3/acc@10 = 0.7500  
2025-02-27 17:29:55.480  val_finetune_dtvu_steps_3/acc@20 = 0.7833  
2025-02-27 17:29:55.480  
  
2025-02-27 17:29:55.801  
  
2025-02-27 17:29:55.802  [TRN] epoch_03  
2025-02-27 17:29:55.802  =============================================  
2025-02-27 17:29:55.802  trn/loss = 3.8556  
2025-02-27 17:29:55.802  trn/acc@01 = 0.3208  
2025-02-27 17:29:55.802  trn/acc@05 = 0.5406  
2025-02-27 17:29:55.802  trn/acc@10 = 0.5802  
2025-02-27 17:29:55.802  trn/acc@20 = 0.6475  
2025-02-27 17:29:55.802  
  
2025-02-27 17:29:55.845  
  
2025-02-27 17:29:55.845  [VAL_FINETUNE_DTVU_STEPS_1] epoch_03  
2025-02-27 17:29:55.846  =============================================  
2025-02-27 17:29:55.846  val_finetune_dtvu_steps_1/loss = 3.1181  
2025-02-27 17:29:55.846  val_finetune_dtvu_steps_1/acc@01 = 0.4000  
2025-02-27 17:29:55.846  val_finetune_dtvu_steps_1/acc@05 = 0.8000  
2025-02-27 17:29:55.846  val_finetune_dtvu_steps_1/acc@10 = 0.8000  
2025-02-27 17:29:55.846  val_finetune_dtvu_steps_1/acc@20 = 0.8500  
2025-02-27 17:29:55.846  
  
2025-02-27 17:29:55.884  
  
2025-02-27 17:29:55.884  [VAL_FINETUNE_DTVU_STEPS_3] epoch_03  
2025-02-27 17:29:55.885  =============================================  
2025-02-27 17:29:55.885  val_finetune_dtvu_steps_3/loss = 3.4259  
2025-02-27 17:29:55.885  val_finetune_dtvu_steps_3/acc@01 = 0.3833  
2025-02-27 17:29:55.885  val_finetune_dtvu_steps_3/acc@05 = 0.7333  
2025-02-27 17:29:55.885  val_finetune_dtvu_steps_3/acc@10 = 0.7500  
2025-02-27 17:29:55.885  val_finetune_dtvu_steps_3/acc@20 = 0.7833  
2025-02-27 17:29:55.885  
  
2025-02-27 17:29:56.241  
  
2025-02-27 17:29:56.242  [TRN] epoch_04  
2025-02-27 17:29:56.242  =============================================  
2025-02-27 17:29:56.242  trn/loss = 3.9097  
2025-02-27 17:29:56.242  trn/acc@01 = 0.2566  
2025-02-27 17:29:56.242  trn/acc@05 = 0.5152  
2025-02-27 17:29:56.242  trn/acc@10 = 0.5697  
2025-02-27 17:29:56.242  trn/acc@20 = 0.6485  
2025-02-27 17:29:56.242  
  
2025-02-27 17:29:56.277  
  
2025-02-27 17:29:56.277  [VAL_FINETUNE_DTVU_STEPS_1] epoch_04  
2025-02-27 17:29:56.277  =============================================  
2025-02-27 17:29:56.277  val_finetune_dtvu_steps_1/loss = 3.0211  
2025-02-27 17:29:56.277  val_finetune_dtvu_steps_1/acc@01 = 0.4000  
2025-02-27 17:29:56.277  val_finetune_dtvu_steps_1/acc@05 = 0.8000  
2025-02-27 17:29:56.277  val_finetune_dtvu_steps_1/acc@10 = 0.8000  
2025-02-27 17:29:56.277  val_finetune_dtvu_steps_1/acc@20 = 0.8000  
2025-02-27 17:29:56.278  
  
2025-02-27 17:29:56.317  
  
2025-02-27 17:29:56.318  [VAL_FINETUNE_DTVU_STEPS_3] epoch_04  
2025-02-27 17:29:56.318  =============================================  
2025-02-27 17:29:56.318  val_finetune_dtvu_steps_3/loss = 3.2902  
2025-02-27 17:29:56.318  val_finetune_dtvu_steps_3/acc@01 = 0.3833  
2025-02-27 17:29:56.318  val_finetune_dtvu_steps_3/acc@05 = 0.7333  
2025-02-27 17:29:56.318  val_finetune_dtvu_steps_3/acc@10 = 0.7333  
2025-02-27 17:29:56.318  val_finetune_dtvu_steps_3/acc@20 = 0.7833  
2025-02-27 17:29:56.319  
  
2025-02-27 17:29:56.659  
  
2025-02-27 17:29:56.659  [TRN] epoch_05  
2025-02-27 17:29:56.660  =============================================  
2025-02-27 17:29:56.660  trn/loss = 3.7408  
2025-02-27 17:29:56.660  trn/acc@01 = 0.2727  
2025-02-27 17:29:56.660  trn/acc@05 = 0.5273  
2025-02-27 17:29:56.660  trn/acc@10 = 0.5873  
2025-02-27 17:29:56.660  trn/acc@20 = 0.7091  
2025-02-27 17:29:56.660  
  
2025-02-27 17:29:56.695  
  
2025-02-27 17:29:56.695  [VAL_FINETUNE_DTVU_STEPS_1] epoch_05  
2025-02-27 17:29:56.695  =============================================  
2025-02-27 17:29:56.695  val_finetune_dtvu_steps_1/loss = 2.9601  
2025-02-27 17:29:56.696  val_finetune_dtvu_steps_1/acc@01 = 0.4000  
2025-02-27 17:29:56.696  val_finetune_dtvu_steps_1/acc@05 = 0.8000  
2025-02-27 17:29:56.696  val_finetune_dtvu_steps_1/acc@10 = 0.8000  
2025-02-27 17:29:56.696  val_finetune_dtvu_steps_1/acc@20 = 0.8500  
2025-02-27 17:29:56.696  
  
2025-02-27 17:29:56.735  
  
2025-02-27 17:29:56.735  [VAL_FINETUNE_DTVU_STEPS_3] epoch_05  
2025-02-27 17:29:56.736  =============================================  
2025-02-27 17:29:56.736  val_finetune_dtvu_steps_3/loss = 3.2372  
2025-02-27 17:29:56.736  val_finetune_dtvu_steps_3/acc@01 = 0.3833  
2025-02-27 17:29:56.736  val_finetune_dtvu_steps_3/acc@05 = 0.7333  
2025-02-27 17:29:56.736  val_finetune_dtvu_steps_3/acc@10 = 0.7333  
2025-02-27 17:29:56.736  val_finetune_dtvu_steps_3/acc@20 = 0.8000  
2025-02-27 17:29:56.736  
  
2025-02-27 17:29:57.273  
  
2025-02-27 17:29:57.273  [TRN] epoch_06  
2025-02-27 17:29:57.273  =============================================  
2025-02-27 17:29:57.273  trn/loss = 3.5377  
2025-02-27 17:29:57.273  trn/acc@01 = 0.2990  
2025-02-27 17:29:57.273  trn/acc@05 = 0.5879  
2025-02-27 17:29:57.273  trn/acc@10 = 0.6586  
2025-02-27 17:29:57.273  trn/acc@20 = 0.7374  
2025-02-27 17:29:57.273  
  
2025-02-27 17:29:57.308  
  
2025-02-27 17:29:57.308  [VAL_FINETUNE_DTVU_STEPS_1] epoch_06  
2025-02-27 17:29:57.308  =============================================  
2025-02-27 17:29:57.308  val_finetune_dtvu_steps_1/loss = 2.9047  
2025-02-27 17:29:57.308  val_finetune_dtvu_steps_1/acc@01 = 0.4000  
2025-02-27 17:29:57.308  val_finetune_dtvu_steps_1/acc@05 = 0.8000  
2025-02-27 17:29:57.309  val_finetune_dtvu_steps_1/acc@10 = 0.8000  
2025-02-27 17:29:57.309  val_finetune_dtvu_steps_1/acc@20 = 0.8500  
2025-02-27 17:29:57.309  
  
2025-02-27 17:29:57.345  
  
2025-02-27 17:29:57.346  [VAL_FINETUNE_DTVU_STEPS_3] epoch_06  
2025-02-27 17:29:57.346  =============================================  
2025-02-27 17:29:57.346  val_finetune_dtvu_steps_3/loss = 3.2024  
2025-02-27 17:29:57.346  val_finetune_dtvu_steps_3/acc@01 = 0.3833  
2025-02-27 17:29:57.346  val_finetune_dtvu_steps_3/acc@05 = 0.7333  
2025-02-27 17:29:57.346  val_finetune_dtvu_steps_3/acc@10 = 0.7500  
2025-02-27 17:29:57.346  val_finetune_dtvu_steps_3/acc@20 = 0.8000  
2025-02-27 17:29:57.346  
  
2025-02-27 17:29:57.684  
  
2025-02-27 17:29:57.684  [TRN] epoch_07  
2025-02-27 17:29:57.684  =============================================  
2025-02-27 17:29:57.685  trn/loss = 3.6747  
2025-02-27 17:29:57.685  trn/acc@01 = 0.2871  
2025-02-27 17:29:57.685  trn/acc@05 = 0.5485  
2025-02-27 17:29:57.686  trn/acc@10 = 0.6178  
2025-02-27 17:29:57.686  trn/acc@20 = 0.7248  
2025-02-27 17:29:57.686  
  
2025-02-27 17:29:57.724  
  
2025-02-27 17:29:57.724  [VAL_FINETUNE_DTVU_STEPS_1] epoch_07  
2025-02-27 17:29:57.725  =============================================  
2025-02-27 17:29:57.725  val_finetune_dtvu_steps_1/loss = 2.8930  
2025-02-27 17:29:57.725  val_finetune_dtvu_steps_1/acc@01 = 0.4000  
2025-02-27 17:29:57.725  val_finetune_dtvu_steps_1/acc@05 = 0.8000  
2025-02-27 17:29:57.725  val_finetune_dtvu_steps_1/acc@10 = 0.8000  
2025-02-27 17:29:57.725  val_finetune_dtvu_steps_1/acc@20 = 0.9000  
2025-02-27 17:29:57.725  
  
2025-02-27 17:29:57.761  
  
2025-02-27 17:29:57.761  [VAL_FINETUNE_DTVU_STEPS_3] epoch_07  
2025-02-27 17:29:57.761  =============================================  
2025-02-27 17:29:57.761  val_finetune_dtvu_steps_3/loss = 3.1964  
2025-02-27 17:29:57.762  val_finetune_dtvu_steps_3/acc@01 = 0.3833  
2025-02-27 17:29:57.762  val_finetune_dtvu_steps_3/acc@05 = 0.7333  
2025-02-27 17:29:57.762  val_finetune_dtvu_steps_3/acc@10 = 0.7500  
2025-02-27 17:29:57.762  val_finetune_dtvu_steps_3/acc@20 = 0.8333  
2025-02-27 17:29:57.762  
  
2025-02-27 17:29:58.106  
  
2025-02-27 17:29:58.106  [TRN] epoch_08  
2025-02-27 17:29:58.106  =============================================  
2025-02-27 17:29:58.106  trn/loss = 3.6936  
2025-02-27 17:29:58.106  trn/acc@01 = 0.2540  
2025-02-27 17:29:58.106  trn/acc@05 = 0.5500  
2025-02-27 17:29:58.106  trn/acc@10 = 0.6240  
2025-02-27 17:29:58.106  trn/acc@20 = 0.7300  
2025-02-27 17:29:58.107  
  
2025-02-27 17:29:58.154  
  
2025-02-27 17:29:58.154  [VAL_FINETUNE_DTVU_STEPS_1] epoch_08  
2025-02-27 17:29:58.155  =============================================  
2025-02-27 17:29:58.155  val_finetune_dtvu_steps_1/loss = 2.8328  
2025-02-27 17:29:58.155  val_finetune_dtvu_steps_1/acc@01 = 0.4000  
2025-02-27 17:29:58.155  val_finetune_dtvu_steps_1/acc@05 = 0.7500  
2025-02-27 17:29:58.155  val_finetune_dtvu_steps_1/acc@10 = 0.8000  
2025-02-27 17:29:58.155  val_finetune_dtvu_steps_1/acc@20 = 0.8500  
2025-02-27 17:29:58.155  
  
2025-02-27 17:29:58.196  
  
2025-02-27 17:29:58.197  [VAL_FINETUNE_DTVU_STEPS_3] epoch_08  
2025-02-27 17:29:58.197  =============================================  
2025-02-27 17:29:58.197  val_finetune_dtvu_steps_3/loss = 3.1222  
2025-02-27 17:29:58.197  val_finetune_dtvu_steps_3/acc@01 = 0.3833  
2025-02-27 17:29:58.197  val_finetune_dtvu_steps_3/acc@05 = 0.7167  
2025-02-27 17:29:58.197  val_finetune_dtvu_steps_3/acc@10 = 0.7833  
2025-02-27 17:29:58.197  val_finetune_dtvu_steps_3/acc@20 = 0.8167  
2025-02-27 17:29:58.197  
  
2025-02-27 17:29:58.565  
  
2025-02-27 17:29:58.565  [TRN] epoch_09  
2025-02-27 17:29:58.565  =============================================  
2025-02-27 17:29:58.565  trn/loss = 3.4703  
2025-02-27 17:29:58.565  trn/acc@01 = 0.2758  
2025-02-27 17:29:58.565  trn/acc@05 = 0.5895  
2025-02-27 17:29:58.566  trn/acc@10 = 0.6779  
2025-02-27 17:29:58.566  trn/acc@20 = 0.7684  
2025-02-27 17:29:58.566  
  
2025-02-27 17:29:58.606  
  
2025-02-27 17:29:58.606  [VAL_FINETUNE_DTVU_STEPS_1] epoch_09  
2025-02-27 17:29:58.606  =============================================  
2025-02-27 17:29:58.606  val_finetune_dtvu_steps_1/loss = 2.8470  
2025-02-27 17:29:58.606  val_finetune_dtvu_steps_1/acc@01 = 0.4500  
2025-02-27 17:29:58.606  val_finetune_dtvu_steps_1/acc@05 = 0.7500  
2025-02-27 17:29:58.607  val_finetune_dtvu_steps_1/acc@10 = 0.8000  
2025-02-27 17:29:58.607  val_finetune_dtvu_steps_1/acc@20 = 0.8000  
2025-02-27 17:29:58.607  
  
2025-02-27 17:29:58.649  
  
2025-02-27 17:29:58.649  [VAL_FINETUNE_DTVU_STEPS_3] epoch_09  
2025-02-27 17:29:58.649  =============================================  
2025-02-27 17:29:58.650  val_finetune_dtvu_steps_3/loss = 3.0863  
2025-02-27 17:29:58.650  val_finetune_dtvu_steps_3/acc@01 = 0.4167  
2025-02-27 17:29:58.650  val_finetune_dtvu_steps_3/acc@05 = 0.7167  
2025-02-27 17:29:58.650  val_finetune_dtvu_steps_3/acc@10 = 0.7833  
2025-02-27 17:29:58.650  val_finetune_dtvu_steps_3/acc@20 = 0.7833  
2025-02-27 17:29:58.650  
  
2025-02-27 17:29:58.978  
  
2025-02-27 17:29:58.978  [TRN] epoch_10  
2025-02-27 17:29:58.978  =============================================  
2025-02-27 17:29:58.978  trn/loss = 3.4102  
2025-02-27 17:29:58.978  trn/acc@01 = 0.2528  
2025-02-27 17:29:58.978  trn/acc@05 = 0.5698  
2025-02-27 17:29:58.978  trn/acc@10 = 0.6830  
2025-02-27 17:29:58.978  trn/acc@20 = 0.7849  
2025-02-27 17:29:58.978  
  
2025-02-27 17:29:59.013  
  
2025-02-27 17:29:59.013  [VAL_FINETUNE_DTVU_STEPS_1] epoch_10  
2025-02-27 17:29:59.013  =============================================  
2025-02-27 17:29:59.013  val_finetune_dtvu_steps_1/loss = 2.8701  
2025-02-27 17:29:59.013  val_finetune_dtvu_steps_1/acc@01 = 0.4000  
2025-02-27 17:29:59.014  val_finetune_dtvu_steps_1/acc@05 = 0.7500  
2025-02-27 17:29:59.014  val_finetune_dtvu_steps_1/acc@10 = 0.8000  
2025-02-27 17:29:59.014  val_finetune_dtvu_steps_1/acc@20 = 0.8000  
2025-02-27 17:29:59.014  
  
2025-02-27 17:29:59.053  
  
2025-02-27 17:29:59.053  [VAL_FINETUNE_DTVU_STEPS_3] epoch_10  
2025-02-27 17:29:59.053  =============================================  
2025-02-27 17:29:59.053  val_finetune_dtvu_steps_3/loss = 3.0042  
2025-02-27 17:29:59.053  val_finetune_dtvu_steps_3/acc@01 = 0.4000  
2025-02-27 17:29:59.053  val_finetune_dtvu_steps_3/acc@05 = 0.7167  
2025-02-27 17:29:59.053  val_finetune_dtvu_steps_3/acc@10 = 0.7833  
2025-02-27 17:29:59.054  val_finetune_dtvu_steps_3/acc@20 = 0.7833  
2025-02-27 17:29:59.054  
  
2025-02-27 17:29:59.387  
  
2025-02-27 17:29:59.388  [TRN] epoch_11  
2025-02-27 17:29:59.388  =============================================  
2025-02-27 17:29:59.388  trn/loss = 3.3112  
2025-02-27 17:29:59.388  trn/acc@01 = 0.3371  
2025-02-27 17:29:59.388  trn/acc@05 = 0.5910  
2025-02-27 17:29:59.388  trn/acc@10 = 0.7034  
2025-02-27 17:29:59.388  trn/acc@20 = 0.8112  
2025-02-27 17:29:59.388  
  
2025-02-27 17:29:59.424  
  
2025-02-27 17:29:59.424  [VAL_FINETUNE_DTVU_STEPS_1] epoch_11  
2025-02-27 17:29:59.424  =============================================  
2025-02-27 17:29:59.424  val_finetune_dtvu_steps_1/loss = 2.7236  
2025-02-27 17:29:59.424  val_finetune_dtvu_steps_1/acc@01 = 0.4500  
2025-02-27 17:29:59.424  val_finetune_dtvu_steps_1/acc@05 = 0.8000  
2025-02-27 17:29:59.424  val_finetune_dtvu_steps_1/acc@10 = 0.8000  
2025-02-27 17:29:59.424  val_finetune_dtvu_steps_1/acc@20 = 0.8000  
2025-02-27 17:29:59.424  
  
2025-02-27 17:29:59.461  
  
2025-02-27 17:29:59.461  [VAL_FINETUNE_DTVU_STEPS_3] epoch_11  
2025-02-27 17:29:59.462  =============================================  
2025-02-27 17:29:59.462  val_finetune_dtvu_steps_3/loss = 2.9540  
2025-02-27 17:29:59.462  val_finetune_dtvu_steps_3/acc@01 = 0.4000  
2025-02-27 17:29:59.462  val_finetune_dtvu_steps_3/acc@05 = 0.7333  
2025-02-27 17:29:59.462  val_finetune_dtvu_steps_3/acc@10 = 0.7833  
2025-02-27 17:29:59.462  val_finetune_dtvu_steps_3/acc@20 = 0.7833  
2025-02-27 17:29:59.462  
  
2025-02-27 17:29:59.779  
  
2025-02-27 17:29:59.780  [TRN] epoch_12  
2025-02-27 17:29:59.780  =============================================  
2025-02-27 17:29:59.780  trn/loss = 3.3489  
2025-02-27 17:29:59.780  trn/acc@01 = 0.2826  
2025-02-27 17:29:59.780  trn/acc@05 = 0.5674  
2025-02-27 17:29:59.780  trn/acc@10 = 0.7000  
2025-02-27 17:29:59.780  trn/acc@20 = 0.8261  
2025-02-27 17:29:59.781  
  
2025-02-27 17:29:59.823  
  
2025-02-27 17:29:59.824  [VAL_FINETUNE_DTVU_STEPS_1] epoch_12  
2025-02-27 17:29:59.824  =============================================  
2025-02-27 17:29:59.824  val_finetune_dtvu_steps_1/loss = 2.7371  
2025-02-27 17:29:59.824  val_finetune_dtvu_steps_1/acc@01 = 0.4500  
2025-02-27 17:29:59.824  val_finetune_dtvu_steps_1/acc@05 = 0.8000  
2025-02-27 17:29:59.824  val_finetune_dtvu_steps_1/acc@10 = 0.8000  
2025-02-27 17:29:59.824  val_finetune_dtvu_steps_1/acc@20 = 0.8000  
2025-02-27 17:29:59.824  
  
2025-02-27 17:29:59.866  
  
2025-02-27 17:29:59.866  [VAL_FINETUNE_DTVU_STEPS_3] epoch_12  
2025-02-27 17:29:59.866  =============================================  
2025-02-27 17:29:59.866  val_finetune_dtvu_steps_3/loss = 2.9668  
2025-02-27 17:29:59.866  val_finetune_dtvu_steps_3/acc@01 = 0.4000  
2025-02-27 17:29:59.866  val_finetune_dtvu_steps_3/acc@05 = 0.7333  
2025-02-27 17:29:59.866  val_finetune_dtvu_steps_3/acc@10 = 0.7833  
2025-02-27 17:29:59.866  val_finetune_dtvu_steps_3/acc@20 = 0.7833  
2025-02-27 17:29:59.866  
  
2025-02-27 17:30:00.235  
  
2025-02-27 17:30:00.235  [TRN] epoch_13  
2025-02-27 17:30:00.235  =============================================  
2025-02-27 17:30:00.235  trn/loss = 3.0635  
2025-02-27 17:30:00.236  trn/acc@01 = 0.3680  
2025-02-27 17:30:00.236  trn/acc@05 = 0.6260  
2025-02-27 17:30:00.236  trn/acc@10 = 0.7720  
2025-02-27 17:30:00.236  trn/acc@20 = 0.8520  
2025-02-27 17:30:00.236  
  
2025-02-27 17:30:00.282  
  
2025-02-27 17:30:00.283  [VAL_FINETUNE_DTVU_STEPS_1] epoch_13  
2025-02-27 17:30:00.283  =============================================  
2025-02-27 17:30:00.283  val_finetune_dtvu_steps_1/loss = 2.7445  
2025-02-27 17:30:00.283  val_finetune_dtvu_steps_1/acc@01 = 0.4000  
2025-02-27 17:30:00.283  val_finetune_dtvu_steps_1/acc@05 = 0.7500  
2025-02-27 17:30:00.283  val_finetune_dtvu_steps_1/acc@10 = 0.8000  
2025-02-27 17:30:00.283  val_finetune_dtvu_steps_1/acc@20 = 0.8000  
2025-02-27 17:30:00.283  
  
2025-02-27 17:30:00.332  
  
2025-02-27 17:30:00.333  [VAL_FINETUNE_DTVU_STEPS_3] epoch_13  
2025-02-27 17:30:00.333  =============================================  
2025-02-27 17:30:00.333  val_finetune_dtvu_steps_3/loss = 2.9851  
2025-02-27 17:30:00.333  val_finetune_dtvu_steps_3/acc@01 = 0.3833  
2025-02-27 17:30:00.333  val_finetune_dtvu_steps_3/acc@05 = 0.7167  
2025-02-27 17:30:00.333  val_finetune_dtvu_steps_3/acc@10 = 0.7833  
2025-02-27 17:30:00.333  val_finetune_dtvu_steps_3/acc@20 = 0.7833  
2025-02-27 17:30:00.333  
  
2025-02-27 17:30:00.673  
  
2025-02-27 17:30:00.673  [TRN] epoch_14  
2025-02-27 17:30:00.673  =============================================  
2025-02-27 17:30:00.673  trn/loss = 3.2120  
2025-02-27 17:30:00.673  trn/acc@01 = 0.2720  
2025-02-27 17:30:00.673  trn/acc@05 = 0.5680  
2025-02-27 17:30:00.673  trn/acc@10 = 0.7400  
2025-02-27 17:30:00.673  trn/acc@20 = 0.8520  
2025-02-27 17:30:00.673  
  
2025-02-27 17:30:00.711  
  
2025-02-27 17:30:00.711  [VAL_FINETUNE_DTVU_STEPS_1] epoch_14  
2025-02-27 17:30:00.711  =============================================  
2025-02-27 17:30:00.711  val_finetune_dtvu_steps_1/loss = 2.7314  
2025-02-27 17:30:00.711  val_finetune_dtvu_steps_1/acc@01 = 0.4000  
2025-02-27 17:30:00.711  val_finetune_dtvu_steps_1/acc@05 = 0.7500  
2025-02-27 17:30:00.711  val_finetune_dtvu_steps_1/acc@10 = 0.8000  
2025-02-27 17:30:00.712  val_finetune_dtvu_steps_1/acc@20 = 0.8000  
2025-02-27 17:30:00.712  
  
2025-02-27 17:30:00.749  
  
2025-02-27 17:30:00.750  [VAL_FINETUNE_DTVU_STEPS_3] epoch_14  
2025-02-27 17:30:00.750  =============================================  
2025-02-27 17:30:00.750  val_finetune_dtvu_steps_3/loss = 2.9618  
2025-02-27 17:30:00.750  val_finetune_dtvu_steps_3/acc@01 = 0.3833  
2025-02-27 17:30:00.750  val_finetune_dtvu_steps_3/acc@05 = 0.7167  
2025-02-27 17:30:00.750  val_finetune_dtvu_steps_3/acc@10 = 0.7833  
2025-02-27 17:30:00.750  val_finetune_dtvu_steps_3/acc@20 = 0.7833  
2025-02-27 17:30:00.750  
  
2025-02-27 17:30:01.089  
  
2025-02-27 17:30:01.090  [TRN] epoch_15  
2025-02-27 17:30:01.090  =============================================  
2025-02-27 17:30:01.090  trn/loss = 3.1764  
2025-02-27 17:30:01.090  trn/acc@01 = 0.3074  
2025-02-27 17:30:01.090  trn/acc@05 = 0.5768  
2025-02-27 17:30:01.090  trn/acc@10 = 0.7032  
2025-02-27 17:30:01.090  trn/acc@20 = 0.8232  
2025-02-27 17:30:01.090  
  
2025-02-27 17:30:01.129  
  
2025-02-27 17:30:01.129  [VAL_FINETUNE_DTVU_STEPS_1] epoch_15  
2025-02-27 17:30:01.129  =============================================  
2025-02-27 17:30:01.129  val_finetune_dtvu_steps_1/loss = 2.7287  
2025-02-27 17:30:01.129  val_finetune_dtvu_steps_1/acc@01 = 0.4000  
2025-02-27 17:30:01.129  val_finetune_dtvu_steps_1/acc@05 = 0.7500  
2025-02-27 17:30:01.130  val_finetune_dtvu_steps_1/acc@10 = 0.8000  
2025-02-27 17:30:01.130  val_finetune_dtvu_steps_1/acc@20 = 0.8000  
2025-02-27 17:30:01.130  
  
2025-02-27 17:30:01.176  
  
2025-02-27 17:30:01.176  [VAL_FINETUNE_DTVU_STEPS_3] epoch_15  
2025-02-27 17:30:01.176  =============================================  
2025-02-27 17:30:01.176  val_finetune_dtvu_steps_3/loss = 2.9587  
2025-02-27 17:30:01.176  val_finetune_dtvu_steps_3/acc@01 = 0.3833  
2025-02-27 17:30:01.176  val_finetune_dtvu_steps_3/acc@05 = 0.7167  
2025-02-27 17:30:01.176  val_finetune_dtvu_steps_3/acc@10 = 0.7833  
2025-02-27 17:30:01.177  val_finetune_dtvu_steps_3/acc@20 = 0.7833  
2025-02-27 17:30:01.177  
  
2025-02-27 17:30:01.726  
  
2025-02-27 17:30:01.726  [TRN] epoch_16  
2025-02-27 17:30:01.726  =============================================  
2025-02-27 17:30:01.726  trn/loss = 3.2049  
2025-02-27 17:30:01.727  trn/acc@01 = 0.2720  
2025-02-27 17:30:01.727  trn/acc@05 = 0.5760  
2025-02-27 17:30:01.727  trn/acc@10 = 0.7260  
2025-02-27 17:30:01.727  trn/acc@20 = 0.8600  
2025-02-27 17:30:01.728  
  
2025-02-27 17:30:01.781  
  
2025-02-27 17:30:01.781  [VAL_FINETUNE_DTVU_STEPS_1] epoch_16  
2025-02-27 17:30:01.781  =============================================  
2025-02-27 17:30:01.782  val_finetune_dtvu_steps_1/loss = 2.8825  
2025-02-27 17:30:01.782  val_finetune_dtvu_steps_1/acc@01 = 0.3500  
2025-02-27 17:30:01.782  val_finetune_dtvu_steps_1/acc@05 = 0.7500  
2025-02-27 17:30:01.782  val_finetune_dtvu_steps_1/acc@10 = 0.8000  
2025-02-27 17:30:01.782  val_finetune_dtvu_steps_1/acc@20 = 0.8500  
2025-02-27 17:30:01.782  
  
2025-02-27 17:30:01.852  
  
2025-02-27 17:30:01.852  [VAL_FINETUNE_DTVU_STEPS_3] epoch_16  
2025-02-27 17:30:01.852  =============================================  
2025-02-27 17:30:01.853  val_finetune_dtvu_steps_3/loss = 3.0694  
2025-02-27 17:30:01.853  val_finetune_dtvu_steps_3/acc@01 = 0.3000  
2025-02-27 17:30:01.853  val_finetune_dtvu_steps_3/acc@05 = 0.7000  
2025-02-27 17:30:01.853  val_finetune_dtvu_steps_3/acc@10 = 0.7667  
2025-02-27 17:30:01.853  val_finetune_dtvu_steps_3/acc@20 = 0.8000  
2025-02-27 17:30:01.853  
  
2025-02-27 17:30:02.268  
  
2025-02-27 17:30:02.268  [TRN] epoch_17  
2025-02-27 17:30:02.268  =============================================  
2025-02-27 17:30:02.268  trn/loss = 3.2874  
2025-02-27 17:30:02.268  trn/acc@01 = 0.2667  
2025-02-27 17:30:02.268  trn/acc@05 = 0.5521  
2025-02-27 17:30:02.268  trn/acc@10 = 0.6937  
2025-02-27 17:30:02.268  trn/acc@20 = 0.8354  
2025-02-27 17:30:02.269  
  
2025-02-27 17:30:02.305  
  
2025-02-27 17:30:02.305  [VAL_FINETUNE_DTVU_STEPS_1] epoch_17  
2025-02-27 17:30:02.305  =============================================  
2025-02-27 17:30:02.305  val_finetune_dtvu_steps_1/loss = 2.8240  
2025-02-27 17:30:02.305  val_finetune_dtvu_steps_1/acc@01 = 0.4000  
2025-02-27 17:30:02.306  val_finetune_dtvu_steps_1/acc@05 = 0.7500  
2025-02-27 17:30:02.306  val_finetune_dtvu_steps_1/acc@10 = 0.8000  
2025-02-27 17:30:02.306  val_finetune_dtvu_steps_1/acc@20 = 0.8500  
2025-02-27 17:30:02.306  
  
2025-02-27 17:30:02.347  
  
2025-02-27 17:30:02.347  [VAL_FINETUNE_DTVU_STEPS_3] epoch_17  
2025-02-27 17:30:02.347  =============================================  
2025-02-27 17:30:02.347  val_finetune_dtvu_steps_3/loss = 3.0213  
2025-02-27 17:30:02.347  val_finetune_dtvu_steps_3/acc@01 = 0.3833  
2025-02-27 17:30:02.347  val_finetune_dtvu_steps_3/acc@05 = 0.7000  
2025-02-27 17:30:02.347  val_finetune_dtvu_steps_3/acc@10 = 0.7833  
2025-02-27 17:30:02.347  val_finetune_dtvu_steps_3/acc@20 = 0.8167  
2025-02-27 17:30:02.347  
  
2025-02-27 17:30:02.681  
  
2025-02-27 17:30:02.681  [TRN] epoch_18  
2025-02-27 17:30:02.681  =============================================  
2025-02-27 17:30:02.681  trn/loss = 3.0088  
2025-02-27 17:30:02.681  trn/acc@01 = 0.3288  
2025-02-27 17:30:02.681  trn/acc@05 = 0.5962  
2025-02-27 17:30:02.681  trn/acc@10 = 0.7250  
2025-02-27 17:30:02.681  trn/acc@20 = 0.8385  
2025-02-27 17:30:02.681  
  
2025-02-27 17:30:02.718  
  
2025-02-27 17:30:02.718  [VAL_FINETUNE_DTVU_STEPS_1] epoch_18  
2025-02-27 17:30:02.718  =============================================  
2025-02-27 17:30:02.718  val_finetune_dtvu_steps_1/loss = 2.7854  
2025-02-27 17:30:02.718  val_finetune_dtvu_steps_1/acc@01 = 0.4000  
2025-02-27 17:30:02.718  val_finetune_dtvu_steps_1/acc@05 = 0.7000  
2025-02-27 17:30:02.718  val_finetune_dtvu_steps_1/acc@10 = 0.8000  
2025-02-27 17:30:02.718  val_finetune_dtvu_steps_1/acc@20 = 0.8500  
2025-02-27 17:30:02.718  
  
2025-02-27 17:30:02.755  
  
2025-02-27 17:30:02.756  [VAL_FINETUNE_DTVU_STEPS_3] epoch_18  
2025-02-27 17:30:02.756  =============================================  
2025-02-27 17:30:02.756  val_finetune_dtvu_steps_3/loss = 2.9774  
2025-02-27 17:30:02.756  val_finetune_dtvu_steps_3/acc@01 = 0.3833  
2025-02-27 17:30:02.756  val_finetune_dtvu_steps_3/acc@05 = 0.7000  
2025-02-27 17:30:02.756  val_finetune_dtvu_steps_3/acc@10 = 0.7667  
2025-02-27 17:30:02.756  val_finetune_dtvu_steps_3/acc@20 = 0.8000  
2025-02-27 17:30:02.756  
  
2025-02-27 17:30:03.102  
  
2025-02-27 17:30:03.102  [TRN] epoch_19  
2025-02-27 17:30:03.102  =============================================  
2025-02-27 17:30:03.102  trn/loss = 3.0316  
2025-02-27 17:30:03.102  trn/acc@01 = 0.3084  
2025-02-27 17:30:03.102  trn/acc@05 = 0.5963  
2025-02-27 17:30:03.102  trn/acc@10 = 0.7364  
2025-02-27 17:30:03.102  trn/acc@20 = 0.8393  
2025-02-27 17:30:03.102  
  
2025-02-27 17:30:03.137  
  
2025-02-27 17:30:03.138  [VAL_FINETUNE_DTVU_STEPS_1] epoch_19  
2025-02-27 17:30:03.138  =============================================  
2025-02-27 17:30:03.138  val_finetune_dtvu_steps_1/loss = 2.6857  
2025-02-27 17:30:03.138  val_finetune_dtvu_steps_1/acc@01 = 0.4500  
2025-02-27 17:30:03.138  val_finetune_dtvu_steps_1/acc@05 = 0.7500  
2025-02-27 17:30:03.138  val_finetune_dtvu_steps_1/acc@10 = 0.8500  
2025-02-27 17:30:03.138  val_finetune_dtvu_steps_1/acc@20 = 0.8500  
2025-02-27 17:30:03.138  
  
2025-02-27 17:30:03.182  
  
2025-02-27 17:30:03.183  [VAL_FINETUNE_DTVU_STEPS_3] epoch_19  
2025-02-27 17:30:03.183  =============================================  
2025-02-27 17:30:03.183  val_finetune_dtvu_steps_3/loss = 2.9472  
2025-02-27 17:30:03.183  val_finetune_dtvu_steps_3/acc@01 = 0.3667  
2025-02-27 17:30:03.183  val_finetune_dtvu_steps_3/acc@05 = 0.7167  
2025-02-27 17:30:03.183  val_finetune_dtvu_steps_3/acc@10 = 0.8000  
2025-02-27 17:30:03.183  val_finetune_dtvu_steps_3/acc@20 = 0.8000  
2025-02-27 17:30:03.183  
  
2025-02-27 17:30:03.537  
  
2025-02-27 17:30:03.537  [TRN] epoch_20  
2025-02-27 17:30:03.537  =============================================  
2025-02-27 17:30:03.538  trn/loss = 3.0756  
2025-02-27 17:30:03.538  trn/acc@01 = 0.3061  
2025-02-27 17:30:03.538  trn/acc@05 = 0.5816  
2025-02-27 17:30:03.538  trn/acc@10 = 0.7224  
2025-02-27 17:30:03.538  trn/acc@20 = 0.8469  
2025-02-27 17:30:03.538  
  
2025-02-27 17:30:03.586  
  
2025-02-27 17:30:03.586  [VAL_FINETUNE_DTVU_STEPS_1] epoch_20  
2025-02-27 17:30:03.586  =============================================  
2025-02-27 17:30:03.586  val_finetune_dtvu_steps_1/loss = 2.6671  
2025-02-27 17:30:03.586  val_finetune_dtvu_steps_1/acc@01 = 0.4000  
2025-02-27 17:30:03.586  val_finetune_dtvu_steps_1/acc@05 = 0.8000  
2025-02-27 17:30:03.586  val_finetune_dtvu_steps_1/acc@10 = 0.8000  
2025-02-27 17:30:03.586  val_finetune_dtvu_steps_1/acc@20 = 0.8500  
2025-02-27 17:30:03.586  
  
2025-02-27 17:30:03.636  
  
2025-02-27 17:30:03.636  [VAL_FINETUNE_DTVU_STEPS_3] epoch_20  
2025-02-27 17:30:03.636  =============================================  
2025-02-27 17:30:03.636  val_finetune_dtvu_steps_3/loss = 2.9339  
2025-02-27 17:30:03.637  val_finetune_dtvu_steps_3/acc@01 = 0.3833  
2025-02-27 17:30:03.637  val_finetune_dtvu_steps_3/acc@05 = 0.7333  
2025-02-27 17:30:03.637  val_finetune_dtvu_steps_3/acc@10 = 0.7833  
2025-02-27 17:30:03.637  val_finetune_dtvu_steps_3/acc@20 = 0.8000  
2025-02-27 17:30:03.637  
  
2025-02-27 17:30:04.018  
  
2025-02-27 17:30:04.018  [TRN] epoch_21  
2025-02-27 17:30:04.018  =============================================  
2025-02-27 17:30:04.018  trn/loss = 3.0102  
2025-02-27 17:30:04.018  trn/acc@01 = 0.2686  
2025-02-27 17:30:04.019  trn/acc@05 = 0.5941  
2025-02-27 17:30:04.019  trn/acc@10 = 0.7392  
2025-02-27 17:30:04.019  trn/acc@20 = 0.8627  
2025-02-27 17:30:04.019  
  
2025-02-27 17:30:04.057  
  
2025-02-27 17:30:04.058  [VAL_FINETUNE_DTVU_STEPS_1] epoch_21  
2025-02-27 17:30:04.058  =============================================  
2025-02-27 17:30:04.058  val_finetune_dtvu_steps_1/loss = 2.6899  
2025-02-27 17:30:04.058  val_finetune_dtvu_steps_1/acc@01 = 0.4500  
2025-02-27 17:30:04.058  val_finetune_dtvu_steps_1/acc@05 = 0.8000  
2025-02-27 17:30:04.058  val_finetune_dtvu_steps_1/acc@10 = 0.8000  
2025-02-27 17:30:04.058  val_finetune_dtvu_steps_1/acc@20 = 0.8500  
2025-02-27 17:30:04.058  
  
2025-02-27 17:30:04.108  
  
2025-02-27 17:30:04.108  [VAL_FINETUNE_DTVU_STEPS_3] epoch_21  
2025-02-27 17:30:04.108  =============================================  
2025-02-27 17:30:04.109  val_finetune_dtvu_steps_3/loss = 2.9440  
2025-02-27 17:30:04.109  val_finetune_dtvu_steps_3/acc@01 = 0.3833  
2025-02-27 17:30:04.109  val_finetune_dtvu_steps_3/acc@05 = 0.7333  
2025-02-27 17:30:04.109  val_finetune_dtvu_steps_3/acc@10 = 0.7833  
2025-02-27 17:30:04.109  val_finetune_dtvu_steps_3/acc@20 = 0.8000  
2025-02-27 17:30:04.109  
  
2025-02-27 17:30:04.492  
  
2025-02-27 17:30:04.492  [TRN] epoch_22  
2025-02-27 17:30:04.492  =============================================  
2025-02-27 17:30:04.492  trn/loss = 2.8978  
2025-02-27 17:30:04.493  trn/acc@01 = 0.3314  
2025-02-27 17:30:04.493  trn/acc@05 = 0.6133  
2025-02-27 17:30:04.493  trn/acc@10 = 0.7543  
2025-02-27 17:30:04.493  trn/acc@20 = 0.8819  
2025-02-27 17:30:04.493  
  
2025-02-27 17:30:04.530  
  
2025-02-27 17:30:04.530  [VAL_FINETUNE_DTVU_STEPS_1] epoch_22  
2025-02-27 17:30:04.530  =============================================  
2025-02-27 17:30:04.531  val_finetune_dtvu_steps_1/loss = 2.6659  
2025-02-27 17:30:04.531  val_finetune_dtvu_steps_1/acc@01 = 0.4000  
2025-02-27 17:30:04.531  val_finetune_dtvu_steps_1/acc@05 = 0.8000  
2025-02-27 17:30:04.531  val_finetune_dtvu_steps_1/acc@10 = 0.8000  
2025-02-27 17:30:04.531  val_finetune_dtvu_steps_1/acc@20 = 0.8500  
2025-02-27 17:30:04.531  
  
2025-02-27 17:30:04.574  
  
2025-02-27 17:30:04.574  [VAL_FINETUNE_DTVU_STEPS_3] epoch_22  
2025-02-27 17:30:04.574  =============================================  
2025-02-27 17:30:04.574  val_finetune_dtvu_steps_3/loss = 2.9155  
2025-02-27 17:30:04.574  val_finetune_dtvu_steps_3/acc@01 = 0.4000  
2025-02-27 17:30:04.574  val_finetune_dtvu_steps_3/acc@05 = 0.7333  
2025-02-27 17:30:04.574  val_finetune_dtvu_steps_3/acc@10 = 0.7833  
2025-02-27 17:30:04.574  val_finetune_dtvu_steps_3/acc@20 = 0.8000  
2025-02-27 17:30:04.574  
  
2025-02-27 17:30:04.984  
  
2025-02-27 17:30:04.985  [TRN] epoch_23  
2025-02-27 17:30:04.985  =============================================  
2025-02-27 17:30:04.985  trn/loss = 2.9213  
2025-02-27 17:30:04.985  trn/acc@01 = 0.3010  
2025-02-27 17:30:04.985  trn/acc@05 = 0.5903  
2025-02-27 17:30:04.985  trn/acc@10 = 0.7126  
2025-02-27 17:30:04.986  trn/acc@20 = 0.8408  
2025-02-27 17:30:04.986  
  
2025-02-27 17:30:05.049  
  
2025-02-27 17:30:05.050  [VAL_FINETUNE_DTVU_STEPS_1] epoch_23  
2025-02-27 17:30:05.050  =============================================  
2025-02-27 17:30:05.050  val_finetune_dtvu_steps_1/loss = 2.6700  
2025-02-27 17:30:05.050  val_finetune_dtvu_steps_1/acc@01 = 0.4000  
2025-02-27 17:30:05.050  val_finetune_dtvu_steps_1/acc@05 = 0.8000  
2025-02-27 17:30:05.050  val_finetune_dtvu_steps_1/acc@10 = 0.8000  
2025-02-27 17:30:05.050  val_finetune_dtvu_steps_1/acc@20 = 0.8500  
2025-02-27 17:30:05.050  
  
2025-02-27 17:30:05.112  
  
2025-02-27 17:30:05.112  [VAL_FINETUNE_DTVU_STEPS_3] epoch_23  
2025-02-27 17:30:05.112  =============================================  
2025-02-27 17:30:05.112  val_finetune_dtvu_steps_3/loss = 2.9148  
2025-02-27 17:30:05.113  val_finetune_dtvu_steps_3/acc@01 = 0.4000  
2025-02-27 17:30:05.113  val_finetune_dtvu_steps_3/acc@05 = 0.7333  
2025-02-27 17:30:05.113  val_finetune_dtvu_steps_3/acc@10 = 0.7833  
2025-02-27 17:30:05.113  val_finetune_dtvu_steps_3/acc@20 = 0.8000  
2025-02-27 17:30:05.113  
  
2025-02-27 17:30:05.473  
  
2025-02-27 17:30:05.474  [TRN] epoch_24  
2025-02-27 17:30:05.474  =============================================  
2025-02-27 17:30:05.474  trn/loss = 2.8924  
2025-02-27 17:30:05.474  trn/acc@01 = 0.3320  
2025-02-27 17:30:05.474  trn/acc@05 = 0.6311  
2025-02-27 17:30:05.474  trn/acc@10 = 0.7379  
2025-02-27 17:30:05.474  trn/acc@20 = 0.8447  
2025-02-27 17:30:05.474  
  
2025-02-27 17:30:05.510  
  
2025-02-27 17:30:05.510  [VAL_FINETUNE_DTVU_STEPS_1] epoch_24  
2025-02-27 17:30:05.510  =============================================  
2025-02-27 17:30:05.510  val_finetune_dtvu_steps_1/loss = 2.6889  
2025-02-27 17:30:05.510  val_finetune_dtvu_steps_1/acc@01 = 0.4000  
2025-02-27 17:30:05.510  val_finetune_dtvu_steps_1/acc@05 = 0.7500  
2025-02-27 17:30:05.511  val_finetune_dtvu_steps_1/acc@10 = 0.8000  
2025-02-27 17:30:05.511  val_finetune_dtvu_steps_1/acc@20 = 0.8000  
2025-02-27 17:30:05.511  
  
2025-02-27 17:30:05.547  
  
2025-02-27 17:30:05.548  [VAL_FINETUNE_DTVU_STEPS_3] epoch_24  
2025-02-27 17:30:05.548  =============================================  
2025-02-27 17:30:05.548  val_finetune_dtvu_steps_3/loss = 2.9227  
2025-02-27 17:30:05.548  val_finetune_dtvu_steps_3/acc@01 = 0.4000  
2025-02-27 17:30:05.548  val_finetune_dtvu_steps_3/acc@05 = 0.7500  
2025-02-27 17:30:05.548  val_finetune_dtvu_steps_3/acc@10 = 0.7833  
2025-02-27 17:30:05.548  val_finetune_dtvu_steps_3/acc@20 = 0.8000  
2025-02-27 17:30:05.548  
  
2025-02-27 17:30:05.885  
  
2025-02-27 17:30:05.885  [TRN] epoch_25  
2025-02-27 17:30:05.886  =============================================  
2025-02-27 17:30:05.886  trn/loss = 2.7906  
2025-02-27 17:30:05.886  trn/acc@01 = 0.3462  
2025-02-27 17:30:05.886  trn/acc@05 = 0.6151  
2025-02-27 17:30:05.886  trn/acc@10 = 0.7398  
2025-02-27 17:30:05.886  trn/acc@20 = 0.8774  
2025-02-27 17:30:05.886  
  
2025-02-27 17:30:05.925  
  
2025-02-27 17:30:05.925  [VAL_FINETUNE_DTVU_STEPS_1] epoch_25  
2025-02-27 17:30:05.925  =============================================  
2025-02-27 17:30:05.926  val_finetune_dtvu_steps_1/loss = 2.6926  
2025-02-27 17:30:05.926  val_finetune_dtvu_steps_1/acc@01 = 0.4000  
2025-02-27 17:30:05.926  val_finetune_dtvu_steps_1/acc@05 = 0.8000  
2025-02-27 17:30:05.926  val_finetune_dtvu_steps_1/acc@10 = 0.8000  
2025-02-27 17:30:05.926  val_finetune_dtvu_steps_1/acc@20 = 0.8000  
2025-02-27 17:30:05.926  
  
2025-02-27 17:30:05.964  
  
2025-02-27 17:30:05.964  [VAL_FINETUNE_DTVU_STEPS_3] epoch_25  
2025-02-27 17:30:05.964  =============================================  
2025-02-27 17:30:05.965  val_finetune_dtvu_steps_3/loss = 2.9461  
2025-02-27 17:30:05.965  val_finetune_dtvu_steps_3/acc@01 = 0.3667  
2025-02-27 17:30:05.965  val_finetune_dtvu_steps_3/acc@05 = 0.7333  
2025-02-27 17:30:05.965  val_finetune_dtvu_steps_3/acc@10 = 0.7833  
2025-02-27 17:30:05.965  val_finetune_dtvu_steps_3/acc@20 = 0.7833  
2025-02-27 17:30:05.965  
  
2025-02-27 17:30:06.316  
  
2025-02-27 17:30:06.316  [TRN] epoch_26  
2025-02-27 17:30:06.316  =============================================  
2025-02-27 17:30:06.316  trn/loss = 2.8465  
2025-02-27 17:30:06.316  trn/acc@01 = 0.3394  
2025-02-27 17:30:06.316  trn/acc@05 = 0.5980  
2025-02-27 17:30:06.317  trn/acc@10 = 0.7273  
2025-02-27 17:30:06.317  trn/acc@20 = 0.8687  
2025-02-27 17:30:06.317  
  
2025-02-27 17:30:06.353  
  
2025-02-27 17:30:06.353  [VAL_FINETUNE_DTVU_STEPS_1] epoch_26  
2025-02-27 17:30:06.353  =============================================  
2025-02-27 17:30:06.353  val_finetune_dtvu_steps_1/loss = 2.6495  
2025-02-27 17:30:06.353  val_finetune_dtvu_steps_1/acc@01 = 0.4000  
2025-02-27 17:30:06.353  val_finetune_dtvu_steps_1/acc@05 = 0.8000  
2025-02-27 17:30:06.353  val_finetune_dtvu_steps_1/acc@10 = 0.8500  
2025-02-27 17:30:06.353  val_finetune_dtvu_steps_1/acc@20 = 0.9000  
2025-02-27 17:30:06.353  
  
2025-02-27 17:30:06.396  
  
2025-02-27 17:30:06.396  [VAL_FINETUNE_DTVU_STEPS_3] epoch_26  
2025-02-27 17:30:06.397  =============================================  
2025-02-27 17:30:06.397  val_finetune_dtvu_steps_3/loss = 2.9340  
2025-02-27 17:30:06.397  val_finetune_dtvu_steps_3/acc@01 = 0.4167  
2025-02-27 17:30:06.397  val_finetune_dtvu_steps_3/acc@05 = 0.7000  
2025-02-27 17:30:06.397  val_finetune_dtvu_steps_3/acc@10 = 0.8167  
2025-02-27 17:30:06.397  val_finetune_dtvu_steps_3/acc@20 = 0.8500  
2025-02-27 17:30:06.398  
  
2025-02-27 17:30:06.724  
  
2025-02-27 17:30:06.724  [TRN] epoch_27  
2025-02-27 17:30:06.725  =============================================  
2025-02-27 17:30:06.725  trn/loss = 2.8838  
2025-02-27 17:30:06.725  trn/acc@01 = 0.3140  
2025-02-27 17:30:06.725  trn/acc@05 = 0.6020  
2025-02-27 17:30:06.725  trn/acc@10 = 0.7340  
2025-02-27 17:30:06.725  trn/acc@20 = 0.8460  
2025-02-27 17:30:06.725  
  
2025-02-27 17:30:06.760  
  
2025-02-27 17:30:06.760  [VAL_FINETUNE_DTVU_STEPS_1] epoch_27  
2025-02-27 17:30:06.760  =============================================  
2025-02-27 17:30:06.760  val_finetune_dtvu_steps_1/loss = 2.6170  
2025-02-27 17:30:06.761  val_finetune_dtvu_steps_1/acc@01 = 0.3500  
2025-02-27 17:30:06.761  val_finetune_dtvu_steps_1/acc@05 = 0.8000  
2025-02-27 17:30:06.761  val_finetune_dtvu_steps_1/acc@10 = 0.9000  
2025-02-27 17:30:06.761  val_finetune_dtvu_steps_1/acc@20 = 0.9000  
2025-02-27 17:30:06.761  
  
2025-02-27 17:30:06.801  
  
2025-02-27 17:30:06.801  [VAL_FINETUNE_DTVU_STEPS_3] epoch_27  
2025-02-27 17:30:06.802  =============================================  
2025-02-27 17:30:06.802  val_finetune_dtvu_steps_3/loss = 2.9480  
2025-02-27 17:30:06.802  val_finetune_dtvu_steps_3/acc@01 = 0.3667  
2025-02-27 17:30:06.802  val_finetune_dtvu_steps_3/acc@05 = 0.6833  
2025-02-27 17:30:06.802  val_finetune_dtvu_steps_3/acc@10 = 0.7833  
2025-02-27 17:30:06.802  val_finetune_dtvu_steps_3/acc@20 = 0.8500  
2025-02-27 17:30:06.802  
  
2025-02-27 17:30:07.118  
  
2025-02-27 17:30:07.118  [TRN] epoch_28  
2025-02-27 17:30:07.118  =============================================  
2025-02-27 17:30:07.118  trn/loss = 2.5624  
2025-02-27 17:30:07.118  trn/acc@01 = 0.3747  
2025-02-27 17:30:07.118  trn/acc@05 = 0.6758  
2025-02-27 17:30:07.118  trn/acc@10 = 0.7832  
2025-02-27 17:30:07.120  trn/acc@20 = 0.8863  
2025-02-27 17:30:07.120  
  
2025-02-27 17:30:07.154  
  
2025-02-27 17:30:07.154  [VAL_FINETUNE_DTVU_STEPS_1] epoch_28  
2025-02-27 17:30:07.154  =============================================  
2025-02-27 17:30:07.154  val_finetune_dtvu_steps_1/loss = 2.5778  
2025-02-27 17:30:07.155  val_finetune_dtvu_steps_1/acc@01 = 0.4000  
2025-02-27 17:30:07.155  val_finetune_dtvu_steps_1/acc@05 = 0.7500  
2025-02-27 17:30:07.155  val_finetune_dtvu_steps_1/acc@10 = 0.8500  
2025-02-27 17:30:07.155  val_finetune_dtvu_steps_1/acc@20 = 0.9000  
2025-02-27 17:30:07.155  
  
2025-02-27 17:30:07.196  
  
2025-02-27 17:30:07.196  [VAL_FINETUNE_DTVU_STEPS_3] epoch_28  
2025-02-27 17:30:07.196  =============================================  
2025-02-27 17:30:07.196  val_finetune_dtvu_steps_3/loss = 2.8928  
2025-02-27 17:30:07.196  val_finetune_dtvu_steps_3/acc@01 = 0.4000  
2025-02-27 17:30:07.196  val_finetune_dtvu_steps_3/acc@05 = 0.6667  
2025-02-27 17:30:07.197  val_finetune_dtvu_steps_3/acc@10 = 0.7667  
2025-02-27 17:30:07.197  val_finetune_dtvu_steps_3/acc@20 = 0.8500  
2025-02-27 17:30:07.197  
  
2025-02-27 17:30:07.542  
  
2025-02-27 17:30:07.542  [TRN] epoch_29  
2025-02-27 17:30:07.542  =============================================  
2025-02-27 17:30:07.542  trn/loss = 2.8058  
2025-02-27 17:30:07.542  trn/acc@01 = 0.2977  
2025-02-27 17:30:07.543  trn/acc@05 = 0.6114  
2025-02-27 17:30:07.543  trn/acc@10 = 0.7386  
2025-02-27 17:30:07.543  trn/acc@20 = 0.8727  
2025-02-27 17:30:07.543  
  
2025-02-27 17:30:07.581  
  
2025-02-27 17:30:07.586  [VAL_FINETUNE_DTVU_STEPS_1] epoch_29  
2025-02-27 17:30:07.586  =============================================  
2025-02-27 17:30:07.586  val_finetune_dtvu_steps_1/loss = 2.5485  
2025-02-27 17:30:07.586  val_finetune_dtvu_steps_1/acc@01 = 0.4000  
2025-02-27 17:30:07.586  val_finetune_dtvu_steps_1/acc@05 = 0.8000  
2025-02-27 17:30:07.586  val_finetune_dtvu_steps_1/acc@10 = 0.8500  
2025-02-27 17:30:07.586  val_finetune_dtvu_steps_1/acc@20 = 0.9000  
2025-02-27 17:30:07.586  
  
2025-02-27 17:30:07.622  
  
2025-02-27 17:30:07.622  [VAL_FINETUNE_DTVU_STEPS_3] epoch_29  
2025-02-27 17:30:07.623  =============================================  
2025-02-27 17:30:07.623  val_finetune_dtvu_steps_3/loss = 2.8785  
2025-02-27 17:30:07.623  val_finetune_dtvu_steps_3/acc@01 = 0.4000  
2025-02-27 17:30:07.623  val_finetune_dtvu_steps_3/acc@05 = 0.7000  
2025-02-27 17:30:07.623  val_finetune_dtvu_steps_3/acc@10 = 0.7500  
2025-02-27 17:30:07.624  val_finetune_dtvu_steps_3/acc@20 = 0.8500  
2025-02-27 17:30:07.624  
  
2025-02-27 17:30:07.956  
  
2025-02-27 17:30:07.956  [TRN] epoch_30  
2025-02-27 17:30:07.956  =============================================  
2025-02-27 17:30:07.956  trn/loss = 2.6805  
2025-02-27 17:30:07.956  trn/acc@01 = 0.3351  
2025-02-27 17:30:07.956  trn/acc@05 = 0.6414  
2025-02-27 17:30:07.957  trn/acc@10 = 0.7586  
2025-02-27 17:30:07.957  trn/acc@20 = 0.8775  
2025-02-27 17:30:07.957  
  
2025-02-27 17:30:07.994  
  
2025-02-27 17:30:07.994  [VAL_FINETUNE_DTVU_STEPS_1] epoch_30  
2025-02-27 17:30:07.994  =============================================  
2025-02-27 17:30:07.994  val_finetune_dtvu_steps_1/loss = 2.5561  
2025-02-27 17:30:07.994  val_finetune_dtvu_steps_1/acc@01 = 0.4000  
2025-02-27 17:30:07.994  val_finetune_dtvu_steps_1/acc@05 = 0.8000  
2025-02-27 17:30:07.994  val_finetune_dtvu_steps_1/acc@10 = 0.9000  
2025-02-27 17:30:07.994  val_finetune_dtvu_steps_1/acc@20 = 0.9000  
2025-02-27 17:30:07.994  
  
2025-02-27 17:30:08.039  
  
2025-02-27 17:30:08.039  [VAL_FINETUNE_DTVU_STEPS_3] epoch_30  
2025-02-27 17:30:08.039  =============================================  
2025-02-27 17:30:08.040  val_finetune_dtvu_steps_3/loss = 2.8745  
2025-02-27 17:30:08.040  val_finetune_dtvu_steps_3/acc@01 = 0.4000  
2025-02-27 17:30:08.040  val_finetune_dtvu_steps_3/acc@05 = 0.7000  
2025-02-27 17:30:08.040  val_finetune_dtvu_steps_3/acc@10 = 0.7500  
2025-02-27 17:30:08.040  val_finetune_dtvu_steps_3/acc@20 = 0.8500  
2025-02-27 17:30:08.040  
  
2025-02-27 17:30:08.394  
  
2025-02-27 17:30:08.394  [TRN] epoch_31  
2025-02-27 17:30:08.394  =============================================  
2025-02-27 17:30:08.394  trn/loss = 2.8555  
2025-02-27 17:30:08.394  trn/acc@01 = 0.2909  
2025-02-27 17:30:08.395  trn/acc@05 = 0.6255  
2025-02-27 17:30:08.395  trn/acc@10 = 0.7327  
2025-02-27 17:30:08.395  trn/acc@20 = 0.8473  
2025-02-27 17:30:08.395  
  
2025-02-27 17:30:08.447  
  
2025-02-27 17:30:08.447  [VAL_FINETUNE_DTVU_STEPS_1] epoch_31  
2025-02-27 17:30:08.447  =============================================  
2025-02-27 17:30:08.447  val_finetune_dtvu_steps_1/loss = 2.5632  
2025-02-27 17:30:08.447  val_finetune_dtvu_steps_1/acc@01 = 0.4000  
2025-02-27 17:30:08.447  val_finetune_dtvu_steps_1/acc@05 = 0.8000  
2025-02-27 17:30:08.448  val_finetune_dtvu_steps_1/acc@10 = 0.9000  
2025-02-27 17:30:08.448  val_finetune_dtvu_steps_1/acc@20 = 0.9000  
2025-02-27 17:30:08.448  
  
2025-02-27 17:30:08.488  
  
2025-02-27 17:30:08.488  [VAL_FINETUNE_DTVU_STEPS_3] epoch_31  
2025-02-27 17:30:08.488  =============================================  
2025-02-27 17:30:08.488  val_finetune_dtvu_steps_3/loss = 2.8755  
2025-02-27 17:30:08.488  val_finetune_dtvu_steps_3/acc@01 = 0.4000  
2025-02-27 17:30:08.488  val_finetune_dtvu_steps_3/acc@05 = 0.7000  
2025-02-27 17:30:08.489  val_finetune_dtvu_steps_3/acc@10 = 0.7833  
2025-02-27 17:30:08.489  val_finetune_dtvu_steps_3/acc@20 = 0.8500  
2025-02-27 17:30:08.489  
  
2025-02-27 17:30:08.826  
  
2025-02-27 17:30:08.826  [TRN] epoch_32  
2025-02-27 17:30:08.826  =============================================  
2025-02-27 17:30:08.826  trn/loss = 2.6938  
2025-02-27 17:30:08.826  trn/acc@01 = 0.3383  
2025-02-27 17:30:08.826  trn/acc@05 = 0.6596  
2025-02-27 17:30:08.827  trn/acc@10 = 0.7809  
2025-02-27 17:30:08.827  trn/acc@20 = 0.8681  
2025-02-27 17:30:08.827  
  
2025-02-27 17:30:08.861  
  
2025-02-27 17:30:08.861  [VAL_FINETUNE_DTVU_STEPS_1] epoch_32  
2025-02-27 17:30:08.861  =============================================  
2025-02-27 17:30:08.861  val_finetune_dtvu_steps_1/loss = 2.5642  
2025-02-27 17:30:08.861  val_finetune_dtvu_steps_1/acc@01 = 0.5000  
2025-02-27 17:30:08.861  val_finetune_dtvu_steps_1/acc@05 = 0.7000  
2025-02-27 17:30:08.861  val_finetune_dtvu_steps_1/acc@10 = 0.9000  
2025-02-27 17:30:08.861  val_finetune_dtvu_steps_1/acc@20 = 0.9000  
2025-02-27 17:30:08.862  
  
2025-02-27 17:30:08.903  
  
2025-02-27 17:30:08.903  [VAL_FINETUNE_DTVU_STEPS_3] epoch_32  
2025-02-27 17:30:08.903  =============================================  
2025-02-27 17:30:08.903  val_finetune_dtvu_steps_3/loss = 2.8853  
2025-02-27 17:30:08.903  val_finetune_dtvu_steps_3/acc@01 = 0.4500  
2025-02-27 17:30:08.903  val_finetune_dtvu_steps_3/acc@05 = 0.7000  
2025-02-27 17:30:08.903  val_finetune_dtvu_steps_3/acc@10 = 0.8333  
2025-02-27 17:30:08.903  val_finetune_dtvu_steps_3/acc@20 = 0.8500  
2025-02-27 17:30:08.903  
  
2025-02-27 17:30:09.231  
  
2025-02-27 17:30:09.231  [TRN] epoch_33  
2025-02-27 17:30:09.231  =============================================  
2025-02-27 17:30:09.232  trn/loss = 2.7536  
2025-02-27 17:30:09.232  trn/acc@01 = 0.3359  
2025-02-27 17:30:09.232  trn/acc@05 = 0.6369  
2025-02-27 17:30:09.232  trn/acc@10 = 0.7709  
2025-02-27 17:30:09.232  trn/acc@20 = 0.8699  
2025-02-27 17:30:09.232  
  
2025-02-27 17:30:09.266  
  
2025-02-27 17:30:09.266  [VAL_FINETUNE_DTVU_STEPS_1] epoch_33  
2025-02-27 17:30:09.266  =============================================  
2025-02-27 17:30:09.266  val_finetune_dtvu_steps_1/loss = 2.7510  
2025-02-27 17:30:09.267  val_finetune_dtvu_steps_1/acc@01 = 0.3000  
2025-02-27 17:30:09.267  val_finetune_dtvu_steps_1/acc@05 = 0.8000  
2025-02-27 17:30:09.267  val_finetune_dtvu_steps_1/acc@10 = 0.9000  
2025-02-27 17:30:09.267  val_finetune_dtvu_steps_1/acc@20 = 0.9000  
2025-02-27 17:30:09.267  
  
2025-02-27 17:30:09.305  
  
2025-02-27 17:30:09.306  [VAL_FINETUNE_DTVU_STEPS_3] epoch_33  
2025-02-27 17:30:09.306  =============================================  
2025-02-27 17:30:09.306  val_finetune_dtvu_steps_3/loss = 2.9686  
2025-02-27 17:30:09.306  val_finetune_dtvu_steps_3/acc@01 = 0.3833  
2025-02-27 17:30:09.306  val_finetune_dtvu_steps_3/acc@05 = 0.7000  
2025-02-27 17:30:09.306  val_finetune_dtvu_steps_3/acc@10 = 0.7833  
2025-02-27 17:30:09.306  val_finetune_dtvu_steps_3/acc@20 = 0.8500  
2025-02-27 17:30:09.306  
  
2025-02-27 17:30:09.613  
  
2025-02-27 17:30:09.613  [TRN] epoch_34  
2025-02-27 17:30:09.613  =============================================  
2025-02-27 17:30:09.613  trn/loss = 2.6450  
2025-02-27 17:30:09.613  trn/acc@01 = 0.3455  
2025-02-27 17:30:09.613  trn/acc@05 = 0.6667  
2025-02-27 17:30:09.614  trn/acc@10 = 0.7758  
2025-02-27 17:30:09.614  trn/acc@20 = 0.8869  
2025-02-27 17:30:09.614  
  
2025-02-27 17:30:09.648  
  
2025-02-27 17:30:09.648  [VAL_FINETUNE_DTVU_STEPS_1] epoch_34  
2025-02-27 17:30:09.649  =============================================  
2025-02-27 17:30:09.649  val_finetune_dtvu_steps_1/loss = 2.5450  
2025-02-27 17:30:09.649  val_finetune_dtvu_steps_1/acc@01 = 0.4500  
2025-02-27 17:30:09.649  val_finetune_dtvu_steps_1/acc@05 = 0.7500  
2025-02-27 17:30:09.649  val_finetune_dtvu_steps_1/acc@10 = 0.8500  
2025-02-27 17:30:09.649  val_finetune_dtvu_steps_1/acc@20 = 0.9000  
2025-02-27 17:30:09.649  
  
2025-02-27 17:30:09.692  
  
2025-02-27 17:30:09.692  [VAL_FINETUNE_DTVU_STEPS_3] epoch_34  
2025-02-27 17:30:09.692  =============================================  
2025-02-27 17:30:09.692  val_finetune_dtvu_steps_3/loss = 2.9035  
2025-02-27 17:30:09.692  val_finetune_dtvu_steps_3/acc@01 = 0.4333  
2025-02-27 17:30:09.692  val_finetune_dtvu_steps_3/acc@05 = 0.6667  
2025-02-27 17:30:09.692  val_finetune_dtvu_steps_3/acc@10 = 0.7667  
2025-02-27 17:30:09.692  val_finetune_dtvu_steps_3/acc@20 = 0.8167  
2025-02-27 17:30:09.692  
  
2025-02-27 17:30:10.055  
  
2025-02-27 17:30:10.056  [TRN] epoch_35  
2025-02-27 17:30:10.057  =============================================  
2025-02-27 17:30:10.057  trn/loss = 2.7039  
2025-02-27 17:30:10.057  trn/acc@01 = 0.3158  
2025-02-27 17:30:10.057  trn/acc@05 = 0.6337  
2025-02-27 17:30:10.058  trn/acc@10 = 0.7516  
2025-02-27 17:30:10.058  trn/acc@20 = 0.8758  
2025-02-27 17:30:10.058  
  
2025-02-27 17:30:10.097  
  
2025-02-27 17:30:10.097  [VAL_FINETUNE_DTVU_STEPS_1] epoch_35  
2025-02-27 17:30:10.097  =============================================  
2025-02-27 17:30:10.097  val_finetune_dtvu_steps_1/loss = 2.5311  
2025-02-27 17:30:10.098  val_finetune_dtvu_steps_1/acc@01 = 0.5000  
2025-02-27 17:30:10.098  val_finetune_dtvu_steps_1/acc@05 = 0.8000  
2025-02-27 17:30:10.098  val_finetune_dtvu_steps_1/acc@10 = 0.8500  
2025-02-27 17:30:10.098  val_finetune_dtvu_steps_1/acc@20 = 0.9000  
2025-02-27 17:30:10.098  
  
2025-02-27 17:30:10.138  
  
2025-02-27 17:30:10.138  [VAL_FINETUNE_DTVU_STEPS_3] epoch_35  
2025-02-27 17:30:10.138  =============================================  
2025-02-27 17:30:10.138  val_finetune_dtvu_steps_3/loss = 2.9501  
2025-02-27 17:30:10.138  val_finetune_dtvu_steps_3/acc@01 = 0.4000  
2025-02-27 17:30:10.139  val_finetune_dtvu_steps_3/acc@05 = 0.6833  
2025-02-27 17:30:10.139  val_finetune_dtvu_steps_3/acc@10 = 0.7500  
2025-02-27 17:30:10.139  val_finetune_dtvu_steps_3/acc@20 = 0.8167  
2025-02-27 17:30:10.139  
  
2025-02-27 17:30:10.513  
  
2025-02-27 17:30:10.513  [TRN] epoch_36  
2025-02-27 17:30:10.513  =============================================  
2025-02-27 17:30:10.513  trn/loss = 2.5414  
2025-02-27 17:30:10.513  trn/acc@01 = 0.3644  
2025-02-27 17:30:10.514  trn/acc@05 = 0.6554  
2025-02-27 17:30:10.514  trn/acc@10 = 0.8020  
2025-02-27 17:30:10.514  trn/acc@20 = 0.9208  
2025-02-27 17:30:10.514  
  
2025-02-27 17:30:10.551  
  
2025-02-27 17:30:10.551  [VAL_FINETUNE_DTVU_STEPS_1] epoch_36  
2025-02-27 17:30:10.551  =============================================  
2025-02-27 17:30:10.551  val_finetune_dtvu_steps_1/loss = 2.5340  
2025-02-27 17:30:10.551  val_finetune_dtvu_steps_1/acc@01 = 0.4000  
2025-02-27 17:30:10.551  val_finetune_dtvu_steps_1/acc@05 = 0.8000  
2025-02-27 17:30:10.551  val_finetune_dtvu_steps_1/acc@10 = 0.9000  
2025-02-27 17:30:10.551  val_finetune_dtvu_steps_1/acc@20 = 0.9000  
2025-02-27 17:30:10.552  
  
2025-02-27 17:30:10.586  
  
2025-02-27 17:30:10.586  [VAL_FINETUNE_DTVU_STEPS_3] epoch_36  
2025-02-27 17:30:10.587  =============================================  
2025-02-27 17:30:10.587  val_finetune_dtvu_steps_3/loss = 2.8759  
2025-02-27 17:30:10.587  val_finetune_dtvu_steps_3/acc@01 = 0.4167  
2025-02-27 17:30:10.587  val_finetune_dtvu_steps_3/acc@05 = 0.6833  
2025-02-27 17:30:10.587  val_finetune_dtvu_steps_3/acc@10 = 0.8000  
2025-02-27 17:30:10.587  val_finetune_dtvu_steps_3/acc@20 = 0.8000  
2025-02-27 17:30:10.587  
  
2025-02-27 17:30:10.916  
  
2025-02-27 17:30:10.916  [TRN] epoch_37  
2025-02-27 17:30:10.917  =============================================  
2025-02-27 17:30:10.917  trn/loss = 2.4745  
2025-02-27 17:30:10.917  trn/acc@01 = 0.3569  
2025-02-27 17:30:10.917  trn/acc@05 = 0.6824  
2025-02-27 17:30:10.917  trn/acc@10 = 0.7902  
2025-02-27 17:30:10.917  trn/acc@20 = 0.9039  
2025-02-27 17:30:10.917  
  
2025-02-27 17:30:10.951  
  
2025-02-27 17:30:10.951  [VAL_FINETUNE_DTVU_STEPS_1] epoch_37  
2025-02-27 17:30:10.951  =============================================  
2025-02-27 17:30:10.951  val_finetune_dtvu_steps_1/loss = 2.5199  
2025-02-27 17:30:10.952  val_finetune_dtvu_steps_1/acc@01 = 0.3500  
2025-02-27 17:30:10.952  val_finetune_dtvu_steps_1/acc@05 = 0.7500  
2025-02-27 17:30:10.952  val_finetune_dtvu_steps_1/acc@10 = 0.9000  
2025-02-27 17:30:10.952  val_finetune_dtvu_steps_1/acc@20 = 0.9000  
2025-02-27 17:30:10.952  
  
2025-02-27 17:30:10.988  
  
2025-02-27 17:30:10.988  [VAL_FINETUNE_DTVU_STEPS_3] epoch_37  
2025-02-27 17:30:10.988  =============================================  
2025-02-27 17:30:10.989  val_finetune_dtvu_steps_3/loss = 2.8740  
2025-02-27 17:30:10.989  val_finetune_dtvu_steps_3/acc@01 = 0.4000  
2025-02-27 17:30:10.989  val_finetune_dtvu_steps_3/acc@05 = 0.6667  
2025-02-27 17:30:10.989  val_finetune_dtvu_steps_3/acc@10 = 0.8000  
2025-02-27 17:30:10.989  val_finetune_dtvu_steps_3/acc@20 = 0.8000  
2025-02-27 17:30:10.989  
  
2025-02-27 17:30:11.344  
  
2025-02-27 17:30:11.344  [TRN] epoch_38  
2025-02-27 17:30:11.344  =============================================  
2025-02-27 17:30:11.344  trn/loss = 2.4770  
2025-02-27 17:30:11.345  trn/acc@01 = 0.3899  
2025-02-27 17:30:11.345  trn/acc@05 = 0.6727  
2025-02-27 17:30:11.345  trn/acc@10 = 0.7980  
2025-02-27 17:30:11.345  trn/acc@20 = 0.9051  
2025-02-27 17:30:11.345  
  
2025-02-27 17:30:11.391  
  
2025-02-27 17:30:11.392  [VAL_FINETUNE_DTVU_STEPS_1] epoch_38  
2025-02-27 17:30:11.392  =============================================  
2025-02-27 17:30:11.392  val_finetune_dtvu_steps_1/loss = 2.5019  
2025-02-27 17:30:11.392  val_finetune_dtvu_steps_1/acc@01 = 0.4000  
2025-02-27 17:30:11.392  val_finetune_dtvu_steps_1/acc@05 = 0.7500  
2025-02-27 17:30:11.392  val_finetune_dtvu_steps_1/acc@10 = 0.9000  
2025-02-27 17:30:11.392  val_finetune_dtvu_steps_1/acc@20 = 0.9000  
2025-02-27 17:30:11.393  
  
2025-02-27 17:30:11.430  
  
2025-02-27 17:30:11.430  [VAL_FINETUNE_DTVU_STEPS_3] epoch_38  
2025-02-27 17:30:11.431  =============================================  
2025-02-27 17:30:11.431  val_finetune_dtvu_steps_3/loss = 2.8441  
2025-02-27 17:30:11.431  val_finetune_dtvu_steps_3/acc@01 = 0.4167  
2025-02-27 17:30:11.431  val_finetune_dtvu_steps_3/acc@05 = 0.6667  
2025-02-27 17:30:11.431  val_finetune_dtvu_steps_3/acc@10 = 0.8000  
2025-02-27 17:30:11.431  val_finetune_dtvu_steps_3/acc@20 = 0.8167  
2025-02-27 17:30:11.431  
  
2025-02-27 17:30:11.759  
  
2025-02-27 17:30:11.759  [TRN] epoch_39  
2025-02-27 17:30:11.759  =============================================  
2025-02-27 17:30:11.759  trn/loss = 2.5152  
2025-02-27 17:30:11.759  trn/acc@01 = 0.3504  
2025-02-27 17:30:11.759  trn/acc@05 = 0.6814  
2025-02-27 17:30:11.759  trn/acc@10 = 0.7876  
2025-02-27 17:30:11.759  trn/acc@20 = 0.8956  
2025-02-27 17:30:11.759  
  
2025-02-27 17:30:11.793  
  
2025-02-27 17:30:11.794  [VAL_FINETUNE_DTVU_STEPS_1] epoch_39  
2025-02-27 17:30:11.794  =============================================  
2025-02-27 17:30:11.794  val_finetune_dtvu_steps_1/loss = 2.4996  
2025-02-27 17:30:11.794  val_finetune_dtvu_steps_1/acc@01 = 0.4000  
2025-02-27 17:30:11.794  val_finetune_dtvu_steps_1/acc@05 = 0.7500  
2025-02-27 17:30:11.794  val_finetune_dtvu_steps_1/acc@10 = 0.9000  
2025-02-27 17:30:11.794  val_finetune_dtvu_steps_1/acc@20 = 0.9000  
2025-02-27 17:30:11.794  
  
2025-02-27 17:30:11.830  
  
2025-02-27 17:30:11.831  [VAL_FINETUNE_DTVU_STEPS_3] epoch_39  
2025-02-27 17:30:11.831  =============================================  
2025-02-27 17:30:11.831  val_finetune_dtvu_steps_3/loss = 2.8463  
2025-02-27 17:30:11.831  val_finetune_dtvu_steps_3/acc@01 = 0.4167  
2025-02-27 17:30:11.831  val_finetune_dtvu_steps_3/acc@05 = 0.6667  
2025-02-27 17:30:11.831  val_finetune_dtvu_steps_3/acc@10 = 0.8000  
2025-02-27 17:30:11.831  val_finetune_dtvu_steps_3/acc@20 = 0.8167  
2025-02-27 17:30:11.832  
  
2025-02-27 17:30:12.158  
  
2025-02-27 17:30:12.158  [TRN] epoch_40  
2025-02-27 17:30:12.158  =============================================  
2025-02-27 17:30:12.158  trn/loss = 2.6275  
2025-02-27 17:30:12.158  trn/acc@01 = 0.3424  
2025-02-27 17:30:12.158  trn/acc@05 = 0.6542  
2025-02-27 17:30:12.158  trn/acc@10 = 0.7814  
2025-02-27 17:30:12.158  trn/acc@20 = 0.9000  
2025-02-27 17:30:12.158  
  
2025-02-27 17:30:12.195  
  
2025-02-27 17:30:12.195  [VAL_FINETUNE_DTVU_STEPS_1] epoch_40  
2025-02-27 17:30:12.195  =============================================  
2025-02-27 17:30:12.195  val_finetune_dtvu_steps_1/loss = 2.5442  
2025-02-27 17:30:12.196  val_finetune_dtvu_steps_1/acc@01 = 0.5000  
2025-02-27 17:30:12.196  val_finetune_dtvu_steps_1/acc@05 = 0.8500  
2025-02-27 17:30:12.196  val_finetune_dtvu_steps_1/acc@10 = 0.9000  
2025-02-27 17:30:12.196  val_finetune_dtvu_steps_1/acc@20 = 0.9000  
2025-02-27 17:30:12.196  
  
2025-02-27 17:30:12.240  
  
2025-02-27 17:30:12.240  [VAL_FINETUNE_DTVU_STEPS_3] epoch_40  
2025-02-27 17:30:12.240  =============================================  
2025-02-27 17:30:12.240  val_finetune_dtvu_steps_3/loss = 2.8972  
2025-02-27 17:30:12.240  val_finetune_dtvu_steps_3/acc@01 = 0.4500  
2025-02-27 17:30:12.240  val_finetune_dtvu_steps_3/acc@05 = 0.7167  
2025-02-27 17:30:12.240  val_finetune_dtvu_steps_3/acc@10 = 0.8000  
2025-02-27 17:30:12.240  val_finetune_dtvu_steps_3/acc@20 = 0.8000  
2025-02-27 17:30:12.240  
  
2025-02-27 17:30:12.548  
  
2025-02-27 17:30:12.548  [TRN] epoch_41  
2025-02-27 17:30:12.548  =============================================  
2025-02-27 17:30:12.548  trn/loss = 2.6750  
2025-02-27 17:30:12.548  trn/acc@01 = 0.3615  
2025-02-27 17:30:12.548  trn/acc@05 = 0.6624  
2025-02-27 17:30:12.549  trn/acc@10 = 0.7927  
2025-02-27 17:30:12.549  trn/acc@20 = 0.8991  
2025-02-27 17:30:12.549  
  
2025-02-27 17:30:12.582  
  
2025-02-27 17:30:12.582  [VAL_FINETUNE_DTVU_STEPS_1] epoch_41  
2025-02-27 17:30:12.582  =============================================  
2025-02-27 17:30:12.582  val_finetune_dtvu_steps_1/loss = 2.3899  
2025-02-27 17:30:12.582  val_finetune_dtvu_steps_1/acc@01 = 0.5500  
2025-02-27 17:30:12.582  val_finetune_dtvu_steps_1/acc@05 = 0.8500  
2025-02-27 17:30:12.583  val_finetune_dtvu_steps_1/acc@10 = 0.9000  
2025-02-27 17:30:12.583  val_finetune_dtvu_steps_1/acc@20 = 0.9000  
2025-02-27 17:30:12.583  
  
2025-02-27 17:30:12.623  
  
2025-02-27 17:30:12.623  [VAL_FINETUNE_DTVU_STEPS_3] epoch_41  
2025-02-27 17:30:12.623  =============================================  
2025-02-27 17:30:12.623  val_finetune_dtvu_steps_3/loss = 2.7377  
2025-02-27 17:30:12.623  val_finetune_dtvu_steps_3/acc@01 = 0.4167  
2025-02-27 17:30:12.623  val_finetune_dtvu_steps_3/acc@05 = 0.7167  
2025-02-27 17:30:12.623  val_finetune_dtvu_steps_3/acc@10 = 0.8000  
2025-02-27 17:30:12.623  val_finetune_dtvu_steps_3/acc@20 = 0.8000  
2025-02-27 17:30:12.624  
  
2025-02-27 17:30:12.947  
  
2025-02-27 17:30:12.947  [TRN] epoch_42  
2025-02-27 17:30:12.947  =============================================  
2025-02-27 17:30:12.948  trn/loss = 2.4334  
2025-02-27 17:30:12.948  trn/acc@01 = 0.3978  
2025-02-27 17:30:12.948  trn/acc@05 = 0.6739  
2025-02-27 17:30:12.948  trn/acc@10 = 0.8109  
2025-02-27 17:30:12.948  trn/acc@20 = 0.9043  
2025-02-27 17:30:12.948  
  
2025-02-27 17:30:12.984  
  
2025-02-27 17:30:12.984  [VAL_FINETUNE_DTVU_STEPS_1] epoch_42  
2025-02-27 17:30:12.984  =============================================  
2025-02-27 17:30:12.984  val_finetune_dtvu_steps_1/loss = 2.5487  
2025-02-27 17:30:12.984  val_finetune_dtvu_steps_1/acc@01 = 0.4000  
2025-02-27 17:30:12.985  val_finetune_dtvu_steps_1/acc@05 = 0.8500  
2025-02-27 17:30:12.985  val_finetune_dtvu_steps_1/acc@10 = 0.9000  
2025-02-27 17:30:12.985  val_finetune_dtvu_steps_1/acc@20 = 0.9000  
2025-02-27 17:30:12.985  
  
2025-02-27 17:30:13.021  
  
2025-02-27 17:30:13.021  [VAL_FINETUNE_DTVU_STEPS_3] epoch_42  
2025-02-27 17:30:13.021  =============================================  
2025-02-27 17:30:13.021  val_finetune_dtvu_steps_3/loss = 2.7559  
2025-02-27 17:30:13.022  val_finetune_dtvu_steps_3/acc@01 = 0.4000  
2025-02-27 17:30:13.022  val_finetune_dtvu_steps_3/acc@05 = 0.7167  
2025-02-27 17:30:13.022  val_finetune_dtvu_steps_3/acc@10 = 0.8000  
2025-02-27 17:30:13.022  val_finetune_dtvu_steps_3/acc@20 = 0.8000  
2025-02-27 17:30:13.022  
  
2025-02-27 17:30:13.355  
  
2025-02-27 17:30:13.355  [TRN] epoch_43  
2025-02-27 17:30:13.355  =============================================  
2025-02-27 17:30:13.355  trn/loss = 2.5414  
2025-02-27 17:30:13.355  trn/acc@01 = 0.3701  
2025-02-27 17:30:13.355  trn/acc@05 = 0.6822  
2025-02-27 17:30:13.355  trn/acc@10 = 0.8131  
2025-02-27 17:30:13.356  trn/acc@20 = 0.9121  
2025-02-27 17:30:13.356  
  
2025-02-27 17:30:13.392  
  
2025-02-27 17:30:13.392  [VAL_FINETUNE_DTVU_STEPS_1] epoch_43  
2025-02-27 17:30:13.392  =============================================  
2025-02-27 17:30:13.393  val_finetune_dtvu_steps_1/loss = 2.5281  
2025-02-27 17:30:13.393  val_finetune_dtvu_steps_1/acc@01 = 0.4000  
2025-02-27 17:30:13.393  val_finetune_dtvu_steps_1/acc@05 = 0.8000  
2025-02-27 17:30:13.393  val_finetune_dtvu_steps_1/acc@10 = 0.9000  
2025-02-27 17:30:13.393  val_finetune_dtvu_steps_1/acc@20 = 0.9000  
2025-02-27 17:30:13.393  
  
2025-02-27 17:30:13.430  
  
2025-02-27 17:30:13.430  [VAL_FINETUNE_DTVU_STEPS_3] epoch_43  
2025-02-27 17:30:13.430  =============================================  
2025-02-27 17:30:13.431  val_finetune_dtvu_steps_3/loss = 2.8611  
2025-02-27 17:30:13.431  val_finetune_dtvu_steps_3/acc@01 = 0.4000  
2025-02-27 17:30:13.431  val_finetune_dtvu_steps_3/acc@05 = 0.7167  
2025-02-27 17:30:13.431  val_finetune_dtvu_steps_3/acc@10 = 0.8000  
2025-02-27 17:30:13.431  val_finetune_dtvu_steps_3/acc@20 = 0.8000  
2025-02-27 17:30:13.431  
  
2025-02-27 17:30:13.744  
  
2025-02-27 17:30:13.744  [TRN] epoch_44  
2025-02-27 17:30:13.744  =============================================  
2025-02-27 17:30:13.744  trn/loss = 2.3860  
2025-02-27 17:30:13.744  trn/acc@01 = 0.3786  
2025-02-27 17:30:13.745  trn/acc@05 = 0.7243  
2025-02-27 17:30:13.745  trn/acc@10 = 0.8291  
2025-02-27 17:30:13.745  trn/acc@20 = 0.9184  
2025-02-27 17:30:13.745  
  
2025-02-27 17:30:13.783  
  
2025-02-27 17:30:13.783  [VAL_FINETUNE_DTVU_STEPS_1] epoch_44  
2025-02-27 17:30:13.783  =============================================  
2025-02-27 17:30:13.784  val_finetune_dtvu_steps_1/loss = 2.4702  
2025-02-27 17:30:13.784  val_finetune_dtvu_steps_1/acc@01 = 0.4500  
2025-02-27 17:30:13.784  val_finetune_dtvu_steps_1/acc@05 = 0.8000  
2025-02-27 17:30:13.784  val_finetune_dtvu_steps_1/acc@10 = 0.9000  
2025-02-27 17:30:13.784  val_finetune_dtvu_steps_1/acc@20 = 0.9000  
2025-02-27 17:30:13.784  
  
2025-02-27 17:30:13.820  
  
2025-02-27 17:30:13.820  [VAL_FINETUNE_DTVU_STEPS_3] epoch_44  
2025-02-27 17:30:13.820  =============================================  
2025-02-27 17:30:13.820  val_finetune_dtvu_steps_3/loss = 2.7816  
2025-02-27 17:30:13.820  val_finetune_dtvu_steps_3/acc@01 = 0.4333  
2025-02-27 17:30:13.820  val_finetune_dtvu_steps_3/acc@05 = 0.7000  
2025-02-27 17:30:13.820  val_finetune_dtvu_steps_3/acc@10 = 0.8000  
2025-02-27 17:30:13.820  val_finetune_dtvu_steps_3/acc@20 = 0.8000  
2025-02-27 17:30:13.821  
  
2025-02-27 17:30:14.125  
  
2025-02-27 17:30:14.125  [TRN] epoch_45  
2025-02-27 17:30:14.125  =============================================  
2025-02-27 17:30:14.126  trn/loss = 2.4261  
2025-02-27 17:30:14.126  trn/acc@01 = 0.3923  
2025-02-27 17:30:14.126  trn/acc@05 = 0.7096  
2025-02-27 17:30:14.126  trn/acc@10 = 0.8231  
2025-02-27 17:30:14.126  trn/acc@20 = 0.9038  
2025-02-27 17:30:14.126  
  
2025-02-27 17:30:14.161  
  
2025-02-27 17:30:14.161  [VAL_FINETUNE_DTVU_STEPS_1] epoch_45  
2025-02-27 17:30:14.161  =============================================  
2025-02-27 17:30:14.161  val_finetune_dtvu_steps_1/loss = 2.3782  
2025-02-27 17:30:14.161  val_finetune_dtvu_steps_1/acc@01 = 0.4000  
2025-02-27 17:30:14.161  val_finetune_dtvu_steps_1/acc@05 = 0.8500  
2025-02-27 17:30:14.161  val_finetune_dtvu_steps_1/acc@10 = 0.9000  
2025-02-27 17:30:14.161  val_finetune_dtvu_steps_1/acc@20 = 0.9000  
2025-02-27 17:30:14.161  
  
2025-02-27 17:30:14.207  
  
2025-02-27 17:30:14.207  [VAL_FINETUNE_DTVU_STEPS_3] epoch_45  
2025-02-27 17:30:14.207  =============================================  
2025-02-27 17:30:14.207  val_finetune_dtvu_steps_3/loss = 2.7089  
2025-02-27 17:30:14.207  val_finetune_dtvu_steps_3/acc@01 = 0.4333  
2025-02-27 17:30:14.207  val_finetune_dtvu_steps_3/acc@05 = 0.7667  
2025-02-27 17:30:14.207  val_finetune_dtvu_steps_3/acc@10 = 0.8000  
2025-02-27 17:30:14.208  val_finetune_dtvu_steps_3/acc@20 = 0.8000  
2025-02-27 17:30:14.208  
  
2025-02-27 17:30:14.532  
  
2025-02-27 17:30:14.532  [TRN] epoch_46  
2025-02-27 17:30:14.532  =============================================  
2025-02-27 17:30:14.532  trn/loss = 2.2230  
2025-02-27 17:30:14.532  trn/acc@01 = 0.4232  
2025-02-27 17:30:14.532  trn/acc@05 = 0.7357  
2025-02-27 17:30:14.532  trn/acc@10 = 0.8500  
2025-02-27 17:30:14.532  trn/acc@20 = 0.9268  
2025-02-27 17:30:14.532  
  
2025-02-27 17:30:14.568  
  
2025-02-27 17:30:14.568  [VAL_FINETUNE_DTVU_STEPS_1] epoch_46  
2025-02-27 17:30:14.568  =============================================  
2025-02-27 17:30:14.569  val_finetune_dtvu_steps_1/loss = 2.3739  
2025-02-27 17:30:14.569  val_finetune_dtvu_steps_1/acc@01 = 0.4000  
2025-02-27 17:30:14.569  val_finetune_dtvu_steps_1/acc@05 = 0.8500  
2025-02-27 17:30:14.569  val_finetune_dtvu_steps_1/acc@10 = 0.9000  
2025-02-27 17:30:14.569  val_finetune_dtvu_steps_1/acc@20 = 0.9000  
2025-02-27 17:30:14.569  
  
2025-02-27 17:30:14.605  
  
2025-02-27 17:30:14.605  [VAL_FINETUNE_DTVU_STEPS_3] epoch_46  
2025-02-27 17:30:14.606  =============================================  
2025-02-27 17:30:14.606  val_finetune_dtvu_steps_3/loss = 2.7022  
2025-02-27 17:30:14.606  val_finetune_dtvu_steps_3/acc@01 = 0.4333  
2025-02-27 17:30:14.606  val_finetune_dtvu_steps_3/acc@05 = 0.7500  
2025-02-27 17:30:14.606  val_finetune_dtvu_steps_3/acc@10 = 0.8000  
2025-02-27 17:30:14.606  val_finetune_dtvu_steps_3/acc@20 = 0.8000  
2025-02-27 17:30:14.606  
  
2025-02-27 17:30:14.947  
  
2025-02-27 17:30:14.947  [TRN] epoch_47  
2025-02-27 17:30:14.948  =============================================  
2025-02-27 17:30:14.948  trn/loss = 2.2626  
2025-02-27 17:30:14.948  trn/acc@01 = 0.4447  
2025-02-27 17:30:14.948  trn/acc@05 = 0.7085  
2025-02-27 17:30:14.949  trn/acc@10 = 0.8426  
2025-02-27 17:30:14.949  trn/acc@20 = 0.9383  
2025-02-27 17:30:14.949  
  
2025-02-27 17:30:14.990  
  
2025-02-27 17:30:14.990  [VAL_FINETUNE_DTVU_STEPS_1] epoch_47  
2025-02-27 17:30:14.990  =============================================  
2025-02-27 17:30:14.991  val_finetune_dtvu_steps_1/loss = 2.3815  
2025-02-27 17:30:14.991  val_finetune_dtvu_steps_1/acc@01 = 0.4000  
2025-02-27 17:30:14.991  val_finetune_dtvu_steps_1/acc@05 = 0.8500  
2025-02-27 17:30:14.991  val_finetune_dtvu_steps_1/acc@10 = 0.9000  
2025-02-27 17:30:14.991  val_finetune_dtvu_steps_1/acc@20 = 0.9000  
2025-02-27 17:30:14.991  
  
2025-02-27 17:30:15.032  
  
2025-02-27 17:30:15.032  [VAL_FINETUNE_DTVU_STEPS_3] epoch_47  
2025-02-27 17:30:15.032  =============================================  
2025-02-27 17:30:15.033  val_finetune_dtvu_steps_3/loss = 2.7099  
2025-02-27 17:30:15.033  val_finetune_dtvu_steps_3/acc@01 = 0.4333  
2025-02-27 17:30:15.033  val_finetune_dtvu_steps_3/acc@05 = 0.7833  
2025-02-27 17:30:15.033  val_finetune_dtvu_steps_3/acc@10 = 0.8000  
2025-02-27 17:30:15.033  val_finetune_dtvu_steps_3/acc@20 = 0.8000  
2025-02-27 17:30:15.033  
  
2025-02-27 17:30:15.384  
  
2025-02-27 17:30:15.384  [TRN] epoch_48  
2025-02-27 17:30:15.384  =============================================  
2025-02-27 17:30:15.385  trn/loss = 2.3342  
2025-02-27 17:30:15.385  trn/acc@01 = 0.4018  
2025-02-27 17:30:15.385  trn/acc@05 = 0.7358  
2025-02-27 17:30:15.385  trn/acc@10 = 0.8495  
2025-02-27 17:30:15.385  trn/acc@20 = 0.9266  
2025-02-27 17:30:15.385  
  
2025-02-27 17:30:15.419  
  
2025-02-27 17:30:15.419  [VAL_FINETUNE_DTVU_STEPS_1] epoch_48  
2025-02-27 17:30:15.419  =============================================  
2025-02-27 17:30:15.420  val_finetune_dtvu_steps_1/loss = 2.5040  
2025-02-27 17:30:15.420  val_finetune_dtvu_steps_1/acc@01 = 0.3500  
2025-02-27 17:30:15.420  val_finetune_dtvu_steps_1/acc@05 = 0.9000  
2025-02-27 17:30:15.420  val_finetune_dtvu_steps_1/acc@10 = 0.9000  
2025-02-27 17:30:15.420  val_finetune_dtvu_steps_1/acc@20 = 0.9000  
2025-02-27 17:30:15.420  
  
2025-02-27 17:30:15.465  
  
2025-02-27 17:30:15.465  [VAL_FINETUNE_DTVU_STEPS_3] epoch_48  
2025-02-27 17:30:15.465  =============================================  
2025-02-27 17:30:15.465  val_finetune_dtvu_steps_3/loss = 2.8224  
2025-02-27 17:30:15.465  val_finetune_dtvu_steps_3/acc@01 = 0.3833  
2025-02-27 17:30:15.465  val_finetune_dtvu_steps_3/acc@05 = 0.7833  
2025-02-27 17:30:15.465  val_finetune_dtvu_steps_3/acc@10 = 0.8000  
2025-02-27 17:30:15.465  val_finetune_dtvu_steps_3/acc@20 = 0.8000  
2025-02-27 17:30:15.465  
  
2025-02-27 17:30:15.779  
  
2025-02-27 17:30:15.779  [TRN] epoch_49  
2025-02-27 17:30:15.779  =============================================  
2025-02-27 17:30:15.779  trn/loss = 2.3686  
2025-02-27 17:30:15.779  trn/acc@01 = 0.3848  
2025-02-27 17:30:15.779  trn/acc@05 = 0.7457  
2025-02-27 17:30:15.779  trn/acc@10 = 0.8435  
2025-02-27 17:30:15.779  trn/acc@20 = 0.9326  
2025-02-27 17:30:15.779  
  
2025-02-27 17:30:15.815  
  
2025-02-27 17:30:15.815  [VAL_FINETUNE_DTVU_STEPS_1] epoch_49  
2025-02-27 17:30:15.815  =============================================  
2025-02-27 17:30:15.815  val_finetune_dtvu_steps_1/loss = 2.4373  
2025-02-27 17:30:15.815  val_finetune_dtvu_steps_1/acc@01 = 0.3500  
2025-02-27 17:30:15.816  val_finetune_dtvu_steps_1/acc@05 = 0.9000  
2025-02-27 17:30:15.816  val_finetune_dtvu_steps_1/acc@10 = 0.9000  
2025-02-27 17:30:15.816  val_finetune_dtvu_steps_1/acc@20 = 0.9000  
2025-02-27 17:30:15.816  
  
2025-02-27 17:30:15.854  
  
2025-02-27 17:30:15.854  [VAL_FINETUNE_DTVU_STEPS_3] epoch_49  
2025-02-27 17:30:15.854  =============================================  
2025-02-27 17:30:15.854  val_finetune_dtvu_steps_3/loss = 2.7512  
2025-02-27 17:30:15.854  val_finetune_dtvu_steps_3/acc@01 = 0.4000  
2025-02-27 17:30:15.854  val_finetune_dtvu_steps_3/acc@05 = 0.7667  
2025-02-27 17:30:15.854  val_finetune_dtvu_steps_3/acc@10 = 0.8000  
2025-02-27 17:30:15.854  val_finetune_dtvu_steps_3/acc@20 = 0.8000  
2025-02-27 17:30:15.854  
  
2025-02-27 17:30:16.170  
  
2025-02-27 17:30:16.170  [TRN] epoch_50  
2025-02-27 17:30:16.170  =============================================  
2025-02-27 17:30:16.170  trn/loss = 2.2874  
2025-02-27 17:30:16.170  trn/acc@01 = 0.4373  
2025-02-27 17:30:16.170  trn/acc@05 = 0.7353  
2025-02-27 17:30:16.171  trn/acc@10 = 0.8490  
2025-02-27 17:30:16.171  trn/acc@20 = 0.9294  
2025-02-27 17:30:16.171  
  
2025-02-27 17:30:16.204  
  
2025-02-27 17:30:16.204  [VAL_FINETUNE_DTVU_STEPS_1] epoch_50  
2025-02-27 17:30:16.204  =============================================  
2025-02-27 17:30:16.205  val_finetune_dtvu_steps_1/loss = 2.5192  
2025-02-27 17:30:16.205  val_finetune_dtvu_steps_1/acc@01 = 0.3000  
2025-02-27 17:30:16.205  val_finetune_dtvu_steps_1/acc@05 = 0.8000  
2025-02-27 17:30:16.205  val_finetune_dtvu_steps_1/acc@10 = 0.9000  
2025-02-27 17:30:16.205  val_finetune_dtvu_steps_1/acc@20 = 0.9000  
2025-02-27 17:30:16.205  
  
2025-02-27 17:30:16.240  
  
2025-02-27 17:30:16.241  [VAL_FINETUNE_DTVU_STEPS_3] epoch_50  
2025-02-27 17:30:16.241  =============================================  
2025-02-27 17:30:16.241  val_finetune_dtvu_steps_3/loss = 2.8766  
2025-02-27 17:30:16.241  val_finetune_dtvu_steps_3/acc@01 = 0.3333  
2025-02-27 17:30:16.241  val_finetune_dtvu_steps_3/acc@05 = 0.7500  
2025-02-27 17:30:16.241  val_finetune_dtvu_steps_3/acc@10 = 0.8000  
2025-02-27 17:30:16.241  val_finetune_dtvu_steps_3/acc@20 = 0.8000  
2025-02-27 17:30:16.241  
  
2025-02-27 17:30:16.820  
  
2025-02-27 17:30:16.821  [TRN] epoch_51  
2025-02-27 17:30:16.821  =============================================  
2025-02-27 17:30:16.822  trn/loss = 2.2074  
2025-02-27 17:30:16.822  trn/acc@01 = 0.4500  
2025-02-27 17:30:16.822  trn/acc@05 = 0.7463  
2025-02-27 17:30:16.823  trn/acc@10 = 0.8537  
2025-02-27 17:30:16.823  trn/acc@20 = 0.9352  
2025-02-27 17:30:16.823  
  
2025-02-27 17:30:16.876  
  
2025-02-27 17:30:16.876  [VAL_FINETUNE_DTVU_STEPS_1] epoch_51  
2025-02-27 17:30:16.876  =============================================  
2025-02-27 17:30:16.876  val_finetune_dtvu_steps_1/loss = 2.3532  
2025-02-27 17:30:16.876  val_finetune_dtvu_steps_1/acc@01 = 0.4000  
2025-02-27 17:30:16.876  val_finetune_dtvu_steps_1/acc@05 = 0.8500  
2025-02-27 17:30:16.876  val_finetune_dtvu_steps_1/acc@10 = 0.9000  
2025-02-27 17:30:16.877  val_finetune_dtvu_steps_1/acc@20 = 0.9000  
2025-02-27 17:30:16.877  
  
2025-02-27 17:30:16.920  
  
2025-02-27 17:30:16.920  [VAL_FINETUNE_DTVU_STEPS_3] epoch_51  
2025-02-27 17:30:16.921  =============================================  
2025-02-27 17:30:16.921  val_finetune_dtvu_steps_3/loss = 2.7744  
2025-02-27 17:30:16.921  val_finetune_dtvu_steps_3/acc@01 = 0.4333  
2025-02-27 17:30:16.921  val_finetune_dtvu_steps_3/acc@05 = 0.7667  
2025-02-27 17:30:16.921  val_finetune_dtvu_steps_3/acc@10 = 0.8000  
2025-02-27 17:30:16.922  val_finetune_dtvu_steps_3/acc@20 = 0.8000  
2025-02-27 17:30:16.922  
  
2025-02-27 17:30:17.261  
  
2025-02-27 17:30:17.261  [TRN] epoch_52  
2025-02-27 17:30:17.261  =============================================  
2025-02-27 17:30:17.261  trn/loss = 2.2654  
2025-02-27 17:30:17.261  trn/acc@01 = 0.4206  
2025-02-27 17:30:17.261  trn/acc@05 = 0.7458  
2025-02-27 17:30:17.262  trn/acc@10 = 0.8486  
2025-02-27 17:30:17.262  trn/acc@20 = 0.9514  
2025-02-27 17:30:17.262  
  
2025-02-27 17:30:17.300  
  
2025-02-27 17:30:17.300  [VAL_FINETUNE_DTVU_STEPS_1] epoch_52  
2025-02-27 17:30:17.300  =============================================  
2025-02-27 17:30:17.300  val_finetune_dtvu_steps_1/loss = 2.3935  
2025-02-27 17:30:17.301  val_finetune_dtvu_steps_1/acc@01 = 0.3500  
2025-02-27 17:30:17.301  val_finetune_dtvu_steps_1/acc@05 = 0.8500  
2025-02-27 17:30:17.301  val_finetune_dtvu_steps_1/acc@10 = 0.9000  
2025-02-27 17:30:17.301  val_finetune_dtvu_steps_1/acc@20 = 0.9000  
2025-02-27 17:30:17.301  
  
2025-02-27 17:30:17.339  
  
2025-02-27 17:30:17.339  [VAL_FINETUNE_DTVU_STEPS_3] epoch_52  
2025-02-27 17:30:17.339  =============================================  
2025-02-27 17:30:17.339  val_finetune_dtvu_steps_3/loss = 2.7465  
2025-02-27 17:30:17.339  val_finetune_dtvu_steps_3/acc@01 = 0.3833  
2025-02-27 17:30:17.340  val_finetune_dtvu_steps_3/acc@05 = 0.7500  
2025-02-27 17:30:17.340  val_finetune_dtvu_steps_3/acc@10 = 0.8000  
2025-02-27 17:30:17.340  val_finetune_dtvu_steps_3/acc@20 = 0.8000  
2025-02-27 17:30:17.340  
  
2025-02-27 17:30:17.656  
  
2025-02-27 17:30:17.657  [TRN] epoch_53  
2025-02-27 17:30:17.657  =============================================  
2025-02-27 17:30:17.657  trn/loss = 2.1695  
2025-02-27 17:30:17.657  trn/acc@01 = 0.4511  
2025-02-27 17:30:17.657  trn/acc@05 = 0.7574  
2025-02-27 17:30:17.657  trn/acc@10 = 0.8681  
2025-02-27 17:30:17.657  trn/acc@20 = 0.9489  
2025-02-27 17:30:17.657  
  
2025-02-27 17:30:17.692  
  
2025-02-27 17:30:17.692  [VAL_FINETUNE_DTVU_STEPS_1] epoch_53  
2025-02-27 17:30:17.692  =============================================  
2025-02-27 17:30:17.692  val_finetune_dtvu_steps_1/loss = 2.4001  
2025-02-27 17:30:17.692  val_finetune_dtvu_steps_1/acc@01 = 0.3500  
2025-02-27 17:30:17.692  val_finetune_dtvu_steps_1/acc@05 = 0.9000  
2025-02-27 17:30:17.692  val_finetune_dtvu_steps_1/acc@10 = 0.9000  
2025-02-27 17:30:17.692  val_finetune_dtvu_steps_1/acc@20 = 0.9000  
2025-02-27 17:30:17.694  
  
2025-02-27 17:30:17.731  
  
2025-02-27 17:30:17.731  [VAL_FINETUNE_DTVU_STEPS_3] epoch_53  
2025-02-27 17:30:17.731  =============================================  
2025-02-27 17:30:17.731  val_finetune_dtvu_steps_3/loss = 2.7389  
2025-02-27 17:30:17.731  val_finetune_dtvu_steps_3/acc@01 = 0.3667  
2025-02-27 17:30:17.732  val_finetune_dtvu_steps_3/acc@05 = 0.7667  
2025-02-27 17:30:17.732  val_finetune_dtvu_steps_3/acc@10 = 0.8000  
2025-02-27 17:30:17.732  val_finetune_dtvu_steps_3/acc@20 = 0.8167  
2025-02-27 17:30:17.732  
  
2025-02-27 17:30:18.056  
  
2025-02-27 17:30:18.056  [TRN] epoch_54  
2025-02-27 17:30:18.056  =============================================  
2025-02-27 17:30:18.056  trn/loss = 2.2578  
2025-02-27 17:30:18.056  trn/acc@01 = 0.4178  
2025-02-27 17:30:18.056  trn/acc@05 = 0.7604  
2025-02-27 17:30:18.056  trn/acc@10 = 0.8396  
2025-02-27 17:30:18.057  trn/acc@20 = 0.9287  
2025-02-27 17:30:18.057  
  
2025-02-27 17:30:18.090  
  
2025-02-27 17:30:18.090  [VAL_FINETUNE_DTVU_STEPS_1] epoch_54  
2025-02-27 17:30:18.091  =============================================  
2025-02-27 17:30:18.091  val_finetune_dtvu_steps_1/loss = 2.4132  
2025-02-27 17:30:18.091  val_finetune_dtvu_steps_1/acc@01 = 0.3500  
2025-02-27 17:30:18.091  val_finetune_dtvu_steps_1/acc@05 = 0.9000  
2025-02-27 17:30:18.091  val_finetune_dtvu_steps_1/acc@10 = 0.9000  
2025-02-27 17:30:18.091  val_finetune_dtvu_steps_1/acc@20 = 0.9000  
2025-02-27 17:30:18.091  
  
2025-02-27 17:30:18.131  
  
2025-02-27 17:30:18.131  [VAL_FINETUNE_DTVU_STEPS_3] epoch_54  
2025-02-27 17:30:18.131  =============================================  
2025-02-27 17:30:18.131  val_finetune_dtvu_steps_3/loss = 2.7455  
2025-02-27 17:30:18.131  val_finetune_dtvu_steps_3/acc@01 = 0.3667  
2025-02-27 17:30:18.132  val_finetune_dtvu_steps_3/acc@05 = 0.7333  
2025-02-27 17:30:18.132  val_finetune_dtvu_steps_3/acc@10 = 0.8000  
2025-02-27 17:30:18.132  val_finetune_dtvu_steps_3/acc@20 = 0.8000  
2025-02-27 17:30:18.132  
  
2025-02-27 17:30:18.434  
  
2025-02-27 17:30:18.434  [TRN] epoch_55  
2025-02-27 17:30:18.434  =============================================  
2025-02-27 17:30:18.434  trn/loss = 2.0587  
2025-02-27 17:30:18.434  trn/acc@01 = 0.4614  
2025-02-27 17:30:18.434  trn/acc@05 = 0.7864  
2025-02-27 17:30:18.435  trn/acc@10 = 0.8773  
2025-02-27 17:30:18.435  trn/acc@20 = 0.9341  
2025-02-27 17:30:18.435  
  
2025-02-27 17:30:18.471  
  
2025-02-27 17:30:18.471  [VAL_FINETUNE_DTVU_STEPS_1] epoch_55  
2025-02-27 17:30:18.471  =============================================  
2025-02-27 17:30:18.471  val_finetune_dtvu_steps_1/loss = 2.4021  
2025-02-27 17:30:18.471  val_finetune_dtvu_steps_1/acc@01 = 0.3500  
2025-02-27 17:30:18.472  val_finetune_dtvu_steps_1/acc@05 = 0.9000  
2025-02-27 17:30:18.472  val_finetune_dtvu_steps_1/acc@10 = 0.9000  
2025-02-27 17:30:18.472  val_finetune_dtvu_steps_1/acc@20 = 0.9000  
2025-02-27 17:30:18.472  
  
2025-02-27 17:30:18.512  
  
2025-02-27 17:30:18.512  [VAL_FINETUNE_DTVU_STEPS_3] epoch_55  
2025-02-27 17:30:18.513  =============================================  
2025-02-27 17:30:18.513  val_finetune_dtvu_steps_3/loss = 2.7390  
2025-02-27 17:30:18.513  val_finetune_dtvu_steps_3/acc@01 = 0.3833  
2025-02-27 17:30:18.513  val_finetune_dtvu_steps_3/acc@05 = 0.7333  
2025-02-27 17:30:18.513  val_finetune_dtvu_steps_3/acc@10 = 0.8000  
2025-02-27 17:30:18.513  val_finetune_dtvu_steps_3/acc@20 = 0.8000  
2025-02-27 17:30:18.513  
  
2025-02-27 17:30:18.822  
  
2025-02-27 17:30:18.822  [TRN] epoch_56  
2025-02-27 17:30:18.822  =============================================  
2025-02-27 17:30:18.822  trn/loss = 2.0347  
2025-02-27 17:30:18.822  trn/acc@01 = 0.4370  
2025-02-27 17:30:18.822  trn/acc@05 = 0.7783  
2025-02-27 17:30:18.822  trn/acc@10 = 0.8826  
2025-02-27 17:30:18.822  trn/acc@20 = 0.9500  
2025-02-27 17:30:18.823  
  
2025-02-27 17:30:18.857  
  
2025-02-27 17:30:18.857  [VAL_FINETUNE_DTVU_STEPS_1] epoch_56  
2025-02-27 17:30:18.857  =============================================  
2025-02-27 17:30:18.858  val_finetune_dtvu_steps_1/loss = 2.6348  
2025-02-27 17:30:18.858  val_finetune_dtvu_steps_1/acc@01 = 0.2500  
2025-02-27 17:30:18.858  val_finetune_dtvu_steps_1/acc@05 = 0.9000  
2025-02-27 17:30:18.858  val_finetune_dtvu_steps_1/acc@10 = 0.9000  
2025-02-27 17:30:18.858  val_finetune_dtvu_steps_1/acc@20 = 0.9000  
2025-02-27 17:30:18.858  
  
2025-02-27 17:30:18.895  
  
2025-02-27 17:30:18.895  [VAL_FINETUNE_DTVU_STEPS_3] epoch_56  
2025-02-27 17:30:18.895  =============================================  
2025-02-27 17:30:18.895  val_finetune_dtvu_steps_3/loss = 2.9295  
2025-02-27 17:30:18.895  val_finetune_dtvu_steps_3/acc@01 = 0.2833  
2025-02-27 17:30:18.895  val_finetune_dtvu_steps_3/acc@05 = 0.7667  
2025-02-27 17:30:18.895  val_finetune_dtvu_steps_3/acc@10 = 0.8000  
2025-02-27 17:30:18.896  val_finetune_dtvu_steps_3/acc@20 = 0.8000  
2025-02-27 17:30:18.896  
  
2025-02-27 17:30:19.214  
  
2025-02-27 17:30:19.214  [TRN] epoch_57  
2025-02-27 17:30:19.214  =============================================  
2025-02-27 17:30:19.214  trn/loss = 2.0660  
2025-02-27 17:30:19.214  trn/acc@01 = 0.4833  
2025-02-27 17:30:19.214  trn/acc@05 = 0.8000  
2025-02-27 17:30:19.214  trn/acc@10 = 0.8854  
2025-02-27 17:30:19.214  trn/acc@20 = 0.9479  
2025-02-27 17:30:19.214  
  
2025-02-27 17:30:19.250  
  
2025-02-27 17:30:19.250  [VAL_FINETUNE_DTVU_STEPS_1] epoch_57  
2025-02-27 17:30:19.250  =============================================  
2025-02-27 17:30:19.250  val_finetune_dtvu_steps_1/loss = 2.5686  
2025-02-27 17:30:19.250  val_finetune_dtvu_steps_1/acc@01 = 0.3000  
2025-02-27 17:30:19.250  val_finetune_dtvu_steps_1/acc@05 = 0.8500  
2025-02-27 17:30:19.250  val_finetune_dtvu_steps_1/acc@10 = 0.8500  
2025-02-27 17:30:19.250  val_finetune_dtvu_steps_1/acc@20 = 0.9000  
2025-02-27 17:30:19.251  
  
2025-02-27 17:30:19.292  
  
2025-02-27 17:30:19.292  [VAL_FINETUNE_DTVU_STEPS_3] epoch_57  
2025-02-27 17:30:19.292  =============================================  
2025-02-27 17:30:19.293  val_finetune_dtvu_steps_3/loss = 2.8479  
2025-02-27 17:30:19.293  val_finetune_dtvu_steps_3/acc@01 = 0.3833  
2025-02-27 17:30:19.293  val_finetune_dtvu_steps_3/acc@05 = 0.7500  
2025-02-27 17:30:19.293  val_finetune_dtvu_steps_3/acc@10 = 0.7833  
2025-02-27 17:30:19.293  val_finetune_dtvu_steps_3/acc@20 = 0.8000  
2025-02-27 17:30:19.293  
  
2025-02-27 17:30:19.593  
  
2025-02-27 17:30:19.594  [TRN] epoch_58  
2025-02-27 17:30:19.594  =============================================  
2025-02-27 17:30:19.594  trn/loss = 1.9751  
2025-02-27 17:30:19.594  trn/acc@01 = 0.4364  
2025-02-27 17:30:19.594  trn/acc@05 = 0.7980  
2025-02-27 17:30:19.594  trn/acc@10 = 0.8889  
2025-02-27 17:30:19.594  trn/acc@20 = 0.9697  
2025-02-27 17:30:19.594  
  
2025-02-27 17:30:19.632  
  
2025-02-27 17:30:19.632  [VAL_FINETUNE_DTVU_STEPS_1] epoch_58  
2025-02-27 17:30:19.632  =============================================  
2025-02-27 17:30:19.632  val_finetune_dtvu_steps_1/loss = 2.4517  
2025-02-27 17:30:19.632  val_finetune_dtvu_steps_1/acc@01 = 0.4000  
2025-02-27 17:30:19.632  val_finetune_dtvu_steps_1/acc@05 = 0.8500  
2025-02-27 17:30:19.632  val_finetune_dtvu_steps_1/acc@10 = 0.9000  
2025-02-27 17:30:19.632  val_finetune_dtvu_steps_1/acc@20 = 0.9000  
2025-02-27 17:30:19.633  
  
2025-02-27 17:30:19.673  
  
2025-02-27 17:30:19.673  [VAL_FINETUNE_DTVU_STEPS_3] epoch_58  
2025-02-27 17:30:19.673  =============================================  
2025-02-27 17:30:19.673  val_finetune_dtvu_steps_3/loss = 2.7859  
2025-02-27 17:30:19.673  val_finetune_dtvu_steps_3/acc@01 = 0.4500  
2025-02-27 17:30:19.673  val_finetune_dtvu_steps_3/acc@05 = 0.7833  
2025-02-27 17:30:19.673  val_finetune_dtvu_steps_3/acc@10 = 0.8000  
2025-02-27 17:30:19.673  val_finetune_dtvu_steps_3/acc@20 = 0.8000  
2025-02-27 17:30:19.674  
  
2025-02-27 17:30:20.016  
  
2025-02-27 17:30:20.016  [TRN] epoch_59  
2025-02-27 17:30:20.016  =============================================  
2025-02-27 17:30:20.017  trn/loss = 2.0613  
2025-02-27 17:30:20.017  trn/acc@01 = 0.4620  
2025-02-27 17:30:20.017  trn/acc@05 = 0.7660  
2025-02-27 17:30:20.017  trn/acc@10 = 0.8820  
2025-02-27 17:30:20.017  trn/acc@20 = 0.9560  
2025-02-27 17:30:20.017  
  
2025-02-27 17:30:20.053  
  
2025-02-27 17:30:20.053  [VAL_FINETUNE_DTVU_STEPS_1] epoch_59  
2025-02-27 17:30:20.053  =============================================  
2025-02-27 17:30:20.053  val_finetune_dtvu_steps_1/loss = 2.5204  
2025-02-27 17:30:20.053  val_finetune_dtvu_steps_1/acc@01 = 0.3000  
2025-02-27 17:30:20.053  val_finetune_dtvu_steps_1/acc@05 = 0.8500  
2025-02-27 17:30:20.053  val_finetune_dtvu_steps_1/acc@10 = 0.9000  
2025-02-27 17:30:20.054  val_finetune_dtvu_steps_1/acc@20 = 0.9000  
2025-02-27 17:30:20.054  
  
2025-02-27 17:30:20.091  
  
2025-02-27 17:30:20.091  [VAL_FINETUNE_DTVU_STEPS_3] epoch_59  
2025-02-27 17:30:20.091  =============================================  
2025-02-27 17:30:20.091  val_finetune_dtvu_steps_3/loss = 2.8136  
2025-02-27 17:30:20.091  val_finetune_dtvu_steps_3/acc@01 = 0.3667  
2025-02-27 17:30:20.091  val_finetune_dtvu_steps_3/acc@05 = 0.7167  
2025-02-27 17:30:20.091  val_finetune_dtvu_steps_3/acc@10 = 0.8000  
2025-02-27 17:30:20.092  val_finetune_dtvu_steps_3/acc@20 = 0.8000  
2025-02-27 17:30:20.092  
  
2025-02-27 17:30:20.413  
  
2025-02-27 17:30:20.414  [TRN] epoch_60  
2025-02-27 17:30:20.414  =============================================  
2025-02-27 17:30:20.414  trn/loss = 2.0374  
2025-02-27 17:30:20.414  trn/acc@01 = 0.4686  
2025-02-27 17:30:20.414  trn/acc@05 = 0.7745  
2025-02-27 17:30:20.414  trn/acc@10 = 0.8902  
2025-02-27 17:30:20.415  trn/acc@20 = 0.9549  
2025-02-27 17:30:20.415  
  
2025-02-27 17:30:20.449  
  
2025-02-27 17:30:20.449  [VAL_FINETUNE_DTVU_STEPS_1] epoch_60  
2025-02-27 17:30:20.449  =============================================  
2025-02-27 17:30:20.449  val_finetune_dtvu_steps_1/loss = 2.5438  
2025-02-27 17:30:20.449  val_finetune_dtvu_steps_1/acc@01 = 0.4000  
2025-02-27 17:30:20.449  val_finetune_dtvu_steps_1/acc@05 = 0.8500  
2025-02-27 17:30:20.449  val_finetune_dtvu_steps_1/acc@10 = 0.8500  
2025-02-27 17:30:20.450  val_finetune_dtvu_steps_1/acc@20 = 0.9000  
2025-02-27 17:30:20.450  
  
2025-02-27 17:30:20.487  
  
2025-02-27 17:30:20.487  [VAL_FINETUNE_DTVU_STEPS_3] epoch_60  
2025-02-27 17:30:20.487  =============================================  
2025-02-27 17:30:20.487  val_finetune_dtvu_steps_3/loss = 2.8454  
2025-02-27 17:30:20.488  val_finetune_dtvu_steps_3/acc@01 = 0.4333  
2025-02-27 17:30:20.488  val_finetune_dtvu_steps_3/acc@05 = 0.7167  
2025-02-27 17:30:20.488  val_finetune_dtvu_steps_3/acc@10 = 0.7833  
2025-02-27 17:30:20.488  val_finetune_dtvu_steps_3/acc@20 = 0.8000  
2025-02-27 17:30:20.488  
  
2025-02-27 17:30:20.842  
  
2025-02-27 17:30:20.843  [TRN] epoch_61  
2025-02-27 17:30:20.843  =============================================  
2025-02-27 17:30:20.843  trn/loss = 2.0083  
2025-02-27 17:30:20.843  trn/acc@01 = 0.4695  
2025-02-27 17:30:20.843  trn/acc@05 = 0.8063  
2025-02-27 17:30:20.843  trn/acc@10 = 0.9011  
2025-02-27 17:30:20.844  trn/acc@20 = 0.9474  
2025-02-27 17:30:20.844  
  
2025-02-27 17:30:20.898  
  
2025-02-27 17:30:20.898  [VAL_FINETUNE_DTVU_STEPS_1] epoch_61  
2025-02-27 17:30:20.898  =============================================  
2025-02-27 17:30:20.898  val_finetune_dtvu_steps_1/loss = 2.5131  
2025-02-27 17:30:20.898  val_finetune_dtvu_steps_1/acc@01 = 0.4500  
2025-02-27 17:30:20.899  val_finetune_dtvu_steps_1/acc@05 = 0.7500  
2025-02-27 17:30:20.899  val_finetune_dtvu_steps_1/acc@10 = 0.9000  
2025-02-27 17:30:20.899  val_finetune_dtvu_steps_1/acc@20 = 0.9000  
2025-02-27 17:30:20.899  
  
2025-02-27 17:30:20.949  
  
2025-02-27 17:30:20.950  [VAL_FINETUNE_DTVU_STEPS_3] epoch_61  
2025-02-27 17:30:20.950  =============================================  
2025-02-27 17:30:20.950  val_finetune_dtvu_steps_3/loss = 2.8676  
2025-02-27 17:30:20.950  val_finetune_dtvu_steps_3/acc@01 = 0.4167  
2025-02-27 17:30:20.951  val_finetune_dtvu_steps_3/acc@05 = 0.7333  
2025-02-27 17:30:20.951  val_finetune_dtvu_steps_3/acc@10 = 0.8000  
2025-02-27 17:30:20.951  val_finetune_dtvu_steps_3/acc@20 = 0.8000  
2025-02-27 17:30:20.951  
  
2025-02-27 17:30:21.277  
  
2025-02-27 17:30:21.277  [TRN] epoch_62  
2025-02-27 17:30:21.278  =============================================  
2025-02-27 17:30:21.278  trn/loss = 1.8797  
2025-02-27 17:30:21.278  trn/acc@01 = 0.5143  
2025-02-27 17:30:21.278  trn/acc@05 = 0.8133  
2025-02-27 17:30:21.278  trn/acc@10 = 0.9200  
2025-02-27 17:30:21.279  trn/acc@20 = 0.9600  
2025-02-27 17:30:21.279  
  
2025-02-27 17:30:21.315  
  
2025-02-27 17:30:21.315  [VAL_FINETUNE_DTVU_STEPS_1] epoch_62  
2025-02-27 17:30:21.315  =============================================  
2025-02-27 17:30:21.315  val_finetune_dtvu_steps_1/loss = 2.5339  
2025-02-27 17:30:21.315  val_finetune_dtvu_steps_1/acc@01 = 0.4500  
2025-02-27 17:30:21.315  val_finetune_dtvu_steps_1/acc@05 = 0.7500  
2025-02-27 17:30:21.315  val_finetune_dtvu_steps_1/acc@10 = 0.9000  
2025-02-27 17:30:21.315  val_finetune_dtvu_steps_1/acc@20 = 0.9000  
2025-02-27 17:30:21.316  
  
2025-02-27 17:30:21.351  
  
2025-02-27 17:30:21.352  [VAL_FINETUNE_DTVU_STEPS_3] epoch_62  
2025-02-27 17:30:21.352  =============================================  
2025-02-27 17:30:21.352  val_finetune_dtvu_steps_3/loss = 2.8723  
2025-02-27 17:30:21.352  val_finetune_dtvu_steps_3/acc@01 = 0.4333  
2025-02-27 17:30:21.352  val_finetune_dtvu_steps_3/acc@05 = 0.7167  
2025-02-27 17:30:21.352  val_finetune_dtvu_steps_3/acc@10 = 0.8000  
2025-02-27 17:30:21.352  val_finetune_dtvu_steps_3/acc@20 = 0.8000  
2025-02-27 17:30:21.352  
  
2025-02-27 17:30:21.661  
  
2025-02-27 17:30:21.661  [TRN] epoch_63  
2025-02-27 17:30:21.662  =============================================  
2025-02-27 17:30:21.662  trn/loss = 1.8849  
2025-02-27 17:30:21.662  trn/acc@01 = 0.4980  
2025-02-27 17:30:21.662  trn/acc@05 = 0.8360  
2025-02-27 17:30:21.662  trn/acc@10 = 0.9360  
2025-02-27 17:30:21.663  trn/acc@20 = 0.9700  
2025-02-27 17:30:21.663  
  
2025-02-27 17:30:21.697  
  
2025-02-27 17:30:21.697  [VAL_FINETUNE_DTVU_STEPS_1] epoch_63  
2025-02-27 17:30:21.697  =============================================  
2025-02-27 17:30:21.697  val_finetune_dtvu_steps_1/loss = 2.5221  
2025-02-27 17:30:21.697  val_finetune_dtvu_steps_1/acc@01 = 0.4500  
2025-02-27 17:30:21.697  val_finetune_dtvu_steps_1/acc@05 = 0.8000  
2025-02-27 17:30:21.697  val_finetune_dtvu_steps_1/acc@10 = 0.9000  
2025-02-27 17:30:21.698  val_finetune_dtvu_steps_1/acc@20 = 0.9000  
2025-02-27 17:30:21.698  
  
2025-02-27 17:30:21.736  
  
2025-02-27 17:30:21.736  [VAL_FINETUNE_DTVU_STEPS_3] epoch_63  
2025-02-27 17:30:21.736  =============================================  
2025-02-27 17:30:21.736  val_finetune_dtvu_steps_3/loss = 2.8647  
2025-02-27 17:30:21.736  val_finetune_dtvu_steps_3/acc@01 = 0.4333  
2025-02-27 17:30:21.736  val_finetune_dtvu_steps_3/acc@05 = 0.7167  
2025-02-27 17:30:21.737  val_finetune_dtvu_steps_3/acc@10 = 0.8000  
2025-02-27 17:30:21.737  val_finetune_dtvu_steps_3/acc@20 = 0.8000  
2025-02-27 17:30:21.737  
  
