2025-02-27 02:26:57.109  
  
2025-02-27 02:26:57.109  [TRN] epoch_00  
2025-02-27 02:26:57.109  =============================================  
2025-02-27 02:26:57.109  trn/loss = 6.0826  
2025-02-27 02:26:57.109  trn/acc@01 = 0.0275  
2025-02-27 02:26:57.109  trn/acc@05 = 0.0804  
2025-02-27 02:26:57.109  trn/acc@10 = 0.1176  
2025-02-27 02:26:57.109  trn/acc@20 = 0.1843  
2025-02-27 02:26:57.109  
  
2025-02-27 02:26:57.159  
  
2025-02-27 02:26:57.159  [VAL_FINETUNE_DTVU_STEPS_1] epoch_00  
2025-02-27 02:26:57.159  =============================================  
2025-02-27 02:26:57.159  val_finetune_dtvu_steps_1/loss = 5.0717  
2025-02-27 02:26:57.159  val_finetune_dtvu_steps_1/acc@01 = 0.2500  
2025-02-27 02:26:57.159  val_finetune_dtvu_steps_1/acc@05 = 0.3000  
2025-02-27 02:26:57.159  val_finetune_dtvu_steps_1/acc@10 = 0.3500  
2025-02-27 02:26:57.159  val_finetune_dtvu_steps_1/acc@20 = 0.5000  
2025-02-27 02:26:57.159  
  
2025-02-27 02:26:57.235  
  
2025-02-27 02:26:57.235  [VAL_FINETUNE_DTVU_STEPS_3] epoch_00  
2025-02-27 02:26:57.235  =============================================  
2025-02-27 02:26:57.235  val_finetune_dtvu_steps_3/loss = 5.3338  
2025-02-27 02:26:57.235  val_finetune_dtvu_steps_3/acc@01 = 0.2167  
2025-02-27 02:26:57.235  val_finetune_dtvu_steps_3/acc@05 = 0.2333  
2025-02-27 02:26:57.235  val_finetune_dtvu_steps_3/acc@10 = 0.3500  
2025-02-27 02:26:57.235  val_finetune_dtvu_steps_3/acc@20 = 0.4167  
2025-02-27 02:26:57.235  
  
2025-02-27 02:26:57.784  
  
2025-02-27 02:26:57.784  [TRN] epoch_01  
2025-02-27 02:26:57.784  =============================================  
2025-02-27 02:26:57.784  trn/loss = 4.8153  
2025-02-27 02:26:57.784  trn/acc@01 = 0.1043  
2025-02-27 02:26:57.784  trn/acc@05 = 0.3287  
2025-02-27 02:26:57.794  trn/acc@10 = 0.4557  
2025-02-27 02:26:57.794  trn/acc@20 = 0.5513  
2025-02-27 02:26:57.794  
  
2025-02-27 02:26:57.850  
  
2025-02-27 02:26:57.850  [VAL_FINETUNE_DTVU_STEPS_1] epoch_01  
2025-02-27 02:26:57.850  =============================================  
2025-02-27 02:26:57.850  val_finetune_dtvu_steps_1/loss = 4.0774  
2025-02-27 02:26:57.850  val_finetune_dtvu_steps_1/acc@01 = 0.2500  
2025-02-27 02:26:57.850  val_finetune_dtvu_steps_1/acc@05 = 0.6000  
2025-02-27 02:26:57.850  val_finetune_dtvu_steps_1/acc@10 = 0.6500  
2025-02-27 02:26:57.850  val_finetune_dtvu_steps_1/acc@20 = 0.7000  
2025-02-27 02:26:57.850  
  
2025-02-27 02:26:57.895  
  
2025-02-27 02:26:57.895  [VAL_FINETUNE_DTVU_STEPS_3] epoch_01  
2025-02-27 02:26:57.895  =============================================  
2025-02-27 02:26:57.895  val_finetune_dtvu_steps_3/loss = 4.1990  
2025-02-27 02:26:57.895  val_finetune_dtvu_steps_3/acc@01 = 0.1833  
2025-02-27 02:26:57.895  val_finetune_dtvu_steps_3/acc@05 = 0.5333  
2025-02-27 02:26:57.895  val_finetune_dtvu_steps_3/acc@10 = 0.5667  
2025-02-27 02:26:57.895  val_finetune_dtvu_steps_3/acc@20 = 0.6667  
2025-02-27 02:26:57.895  
  
2025-02-27 02:26:58.351  
  
2025-02-27 02:26:58.351  [TRN] epoch_02  
2025-02-27 02:26:58.351  =============================================  
2025-02-27 02:26:58.351  trn/loss = 4.1996  
2025-02-27 02:26:58.351  trn/acc@01 = 0.2162  
2025-02-27 02:26:58.351  trn/acc@05 = 0.4525  
2025-02-27 02:26:58.351  trn/acc@10 = 0.5313  
2025-02-27 02:26:58.351  trn/acc@20 = 0.6485  
2025-02-27 02:26:58.366  
  
2025-02-27 02:26:58.414  
  
2025-02-27 02:26:58.414  [VAL_FINETUNE_DTVU_STEPS_1] epoch_02  
2025-02-27 02:26:58.414  =============================================  
2025-02-27 02:26:58.414  val_finetune_dtvu_steps_1/loss = 3.8406  
2025-02-27 02:26:58.414  val_finetune_dtvu_steps_1/acc@01 = 0.3000  
2025-02-27 02:26:58.414  val_finetune_dtvu_steps_1/acc@05 = 0.4500  
2025-02-27 02:26:58.414  val_finetune_dtvu_steps_1/acc@10 = 0.6500  
2025-02-27 02:26:58.414  val_finetune_dtvu_steps_1/acc@20 = 0.6500  
2025-02-27 02:26:58.414  
  
2025-02-27 02:26:58.476  
  
2025-02-27 02:26:58.476  [VAL_FINETUNE_DTVU_STEPS_3] epoch_02  
2025-02-27 02:26:58.476  =============================================  
2025-02-27 02:26:58.476  val_finetune_dtvu_steps_3/loss = 3.9736  
2025-02-27 02:26:58.476  val_finetune_dtvu_steps_3/acc@01 = 0.2833  
2025-02-27 02:26:58.476  val_finetune_dtvu_steps_3/acc@05 = 0.4667  
2025-02-27 02:26:58.476  val_finetune_dtvu_steps_3/acc@10 = 0.5833  
2025-02-27 02:26:58.476  val_finetune_dtvu_steps_3/acc@20 = 0.6167  
2025-02-27 02:26:58.476  
  
2025-02-27 02:26:58.993  
  
2025-02-27 02:26:58.993  [TRN] epoch_03  
2025-02-27 02:26:58.993  =============================================  
2025-02-27 02:26:58.995  trn/loss = 3.8127  
2025-02-27 02:26:58.995  trn/acc@01 = 0.2231  
2025-02-27 02:26:58.995  trn/acc@05 = 0.5365  
2025-02-27 02:26:58.995  trn/acc@10 = 0.6365  
2025-02-27 02:26:58.995  trn/acc@20 = 0.7442  
2025-02-27 02:26:58.995  
  
2025-02-27 02:26:59.051  
  
2025-02-27 02:26:59.051  [VAL_FINETUNE_DTVU_STEPS_1] epoch_03  
2025-02-27 02:26:59.051  =============================================  
2025-02-27 02:26:59.051  val_finetune_dtvu_steps_1/loss = 3.7066  
2025-02-27 02:26:59.051  val_finetune_dtvu_steps_1/acc@01 = 0.4000  
2025-02-27 02:26:59.051  val_finetune_dtvu_steps_1/acc@05 = 0.5500  
2025-02-27 02:26:59.051  val_finetune_dtvu_steps_1/acc@10 = 0.5500  
2025-02-27 02:26:59.051  val_finetune_dtvu_steps_1/acc@20 = 0.7000  
2025-02-27 02:26:59.051  
  
2025-02-27 02:26:59.121  
  
2025-02-27 02:26:59.121  [VAL_FINETUNE_DTVU_STEPS_3] epoch_03  
2025-02-27 02:26:59.121  =============================================  
2025-02-27 02:26:59.121  val_finetune_dtvu_steps_3/loss = 3.9489  
2025-02-27 02:26:59.121  val_finetune_dtvu_steps_3/acc@01 = 0.3333  
2025-02-27 02:26:59.121  val_finetune_dtvu_steps_3/acc@05 = 0.5333  
2025-02-27 02:26:59.121  val_finetune_dtvu_steps_3/acc@10 = 0.5500  
2025-02-27 02:26:59.121  val_finetune_dtvu_steps_3/acc@20 = 0.6833  
2025-02-27 02:26:59.121  
  
2025-02-27 02:26:59.638  
  
2025-02-27 02:26:59.638  [TRN] epoch_04  
2025-02-27 02:26:59.638  =============================================  
2025-02-27 02:26:59.638  trn/loss = 3.7008  
2025-02-27 02:26:59.638  trn/acc@01 = 0.2367  
2025-02-27 02:26:59.638  trn/acc@05 = 0.5571  
2025-02-27 02:26:59.638  trn/acc@10 = 0.6551  
2025-02-27 02:26:59.638  trn/acc@20 = 0.7388  
2025-02-27 02:26:59.638  
  
2025-02-27 02:26:59.690  
  
2025-02-27 02:26:59.690  [VAL_FINETUNE_DTVU_STEPS_1] epoch_04  
2025-02-27 02:26:59.690  =============================================  
2025-02-27 02:26:59.690  val_finetune_dtvu_steps_1/loss = 3.8102  
2025-02-27 02:26:59.690  val_finetune_dtvu_steps_1/acc@01 = 0.3500  
2025-02-27 02:26:59.690  val_finetune_dtvu_steps_1/acc@05 = 0.5000  
2025-02-27 02:26:59.690  val_finetune_dtvu_steps_1/acc@10 = 0.6000  
2025-02-27 02:26:59.690  val_finetune_dtvu_steps_1/acc@20 = 0.7500  
2025-02-27 02:26:59.690  
  
2025-02-27 02:26:59.749  
  
2025-02-27 02:26:59.749  [VAL_FINETUNE_DTVU_STEPS_3] epoch_04  
2025-02-27 02:26:59.749  =============================================  
2025-02-27 02:26:59.749  val_finetune_dtvu_steps_3/loss = 3.9192  
2025-02-27 02:26:59.749  val_finetune_dtvu_steps_3/acc@01 = 0.3333  
2025-02-27 02:26:59.749  val_finetune_dtvu_steps_3/acc@05 = 0.4667  
2025-02-27 02:26:59.749  val_finetune_dtvu_steps_3/acc@10 = 0.5500  
2025-02-27 02:26:59.749  val_finetune_dtvu_steps_3/acc@20 = 0.7167  
2025-02-27 02:26:59.749  
  
2025-02-27 02:27:00.237  
  
2025-02-27 02:27:00.237  [TRN] epoch_05  
2025-02-27 02:27:00.237  =============================================  
2025-02-27 02:27:00.237  trn/loss = 3.6459  
2025-02-27 02:27:00.237  trn/acc@01 = 0.2415  
2025-02-27 02:27:00.237  trn/acc@05 = 0.5566  
2025-02-27 02:27:00.237  trn/acc@10 = 0.6547  
2025-02-27 02:27:00.237  trn/acc@20 = 0.7453  
2025-02-27 02:27:00.237  
  
2025-02-27 02:27:00.300  
  
2025-02-27 02:27:00.300  [VAL_FINETUNE_DTVU_STEPS_1] epoch_05  
2025-02-27 02:27:00.300  =============================================  
2025-02-27 02:27:00.300  val_finetune_dtvu_steps_1/loss = 3.4984  
2025-02-27 02:27:00.300  val_finetune_dtvu_steps_1/acc@01 = 0.4500  
2025-02-27 02:27:00.300  val_finetune_dtvu_steps_1/acc@05 = 0.6000  
2025-02-27 02:27:00.300  val_finetune_dtvu_steps_1/acc@10 = 0.6000  
2025-02-27 02:27:00.300  val_finetune_dtvu_steps_1/acc@20 = 0.7500  
2025-02-27 02:27:00.300  
  
2025-02-27 02:27:00.363  
  
2025-02-27 02:27:00.363  [VAL_FINETUNE_DTVU_STEPS_3] epoch_05  
2025-02-27 02:27:00.363  =============================================  
2025-02-27 02:27:00.363  val_finetune_dtvu_steps_3/loss = 3.6562  
2025-02-27 02:27:00.363  val_finetune_dtvu_steps_3/acc@01 = 0.3833  
2025-02-27 02:27:00.363  val_finetune_dtvu_steps_3/acc@05 = 0.5667  
2025-02-27 02:27:00.363  val_finetune_dtvu_steps_3/acc@10 = 0.6500  
2025-02-27 02:27:00.363  val_finetune_dtvu_steps_3/acc@20 = 0.7333  
2025-02-27 02:27:00.363  
  
2025-02-27 02:27:00.916  
  
2025-02-27 02:27:00.916  [TRN] epoch_06  
2025-02-27 02:27:00.916  =============================================  
2025-02-27 02:27:00.916  trn/loss = 3.5156  
2025-02-27 02:27:00.916  trn/acc@01 = 0.2720  
2025-02-27 02:27:00.916  trn/acc@05 = 0.5660  
2025-02-27 02:27:00.916  trn/acc@10 = 0.6640  
2025-02-27 02:27:00.916  trn/acc@20 = 0.7660  
2025-02-27 02:27:00.931  
  
2025-02-27 02:27:00.993  
  
2025-02-27 02:27:00.993  [VAL_FINETUNE_DTVU_STEPS_1] epoch_06  
2025-02-27 02:27:00.993  =============================================  
2025-02-27 02:27:00.993  val_finetune_dtvu_steps_1/loss = 3.3514  
2025-02-27 02:27:00.993  val_finetune_dtvu_steps_1/acc@01 = 0.4500  
2025-02-27 02:27:00.994  val_finetune_dtvu_steps_1/acc@05 = 0.6000  
2025-02-27 02:27:00.994  val_finetune_dtvu_steps_1/acc@10 = 0.6500  
2025-02-27 02:27:00.994  val_finetune_dtvu_steps_1/acc@20 = 0.7500  
2025-02-27 02:27:00.994  
  
2025-02-27 02:27:01.041  
  
2025-02-27 02:27:01.041  [VAL_FINETUNE_DTVU_STEPS_3] epoch_06  
2025-02-27 02:27:01.041  =============================================  
2025-02-27 02:27:01.041  val_finetune_dtvu_steps_3/loss = 3.5151  
2025-02-27 02:27:01.041  val_finetune_dtvu_steps_3/acc@01 = 0.3833  
2025-02-27 02:27:01.041  val_finetune_dtvu_steps_3/acc@05 = 0.5833  
2025-02-27 02:27:01.041  val_finetune_dtvu_steps_3/acc@10 = 0.6667  
2025-02-27 02:27:01.041  val_finetune_dtvu_steps_3/acc@20 = 0.7500  
2025-02-27 02:27:01.041  
  
2025-02-27 02:27:01.669  
  
2025-02-27 02:27:01.669  [TRN] epoch_07  
2025-02-27 02:27:01.669  =============================================  
2025-02-27 02:27:01.669  trn/loss = 3.5015  
2025-02-27 02:27:01.669  trn/acc@01 = 0.2773  
2025-02-27 02:27:01.669  trn/acc@05 = 0.5697  
2025-02-27 02:27:01.669  trn/acc@10 = 0.6723  
2025-02-27 02:27:01.669  trn/acc@20 = 0.7580  
2025-02-27 02:27:01.669  
  
2025-02-27 02:27:01.743  
  
2025-02-27 02:27:01.743  [VAL_FINETUNE_DTVU_STEPS_1] epoch_07  
2025-02-27 02:27:01.743  =============================================  
2025-02-27 02:27:01.743  val_finetune_dtvu_steps_1/loss = 3.3460  
2025-02-27 02:27:01.743  val_finetune_dtvu_steps_1/acc@01 = 0.4500  
2025-02-27 02:27:01.743  val_finetune_dtvu_steps_1/acc@05 = 0.5500  
2025-02-27 02:27:01.743  val_finetune_dtvu_steps_1/acc@10 = 0.6500  
2025-02-27 02:27:01.743  val_finetune_dtvu_steps_1/acc@20 = 0.7500  
2025-02-27 02:27:01.743  
  
2025-02-27 02:27:01.797  
  
2025-02-27 02:27:01.797  [VAL_FINETUNE_DTVU_STEPS_3] epoch_07  
2025-02-27 02:27:01.797  =============================================  
2025-02-27 02:27:01.797  val_finetune_dtvu_steps_3/loss = 3.5029  
2025-02-27 02:27:01.797  val_finetune_dtvu_steps_3/acc@01 = 0.3833  
2025-02-27 02:27:01.797  val_finetune_dtvu_steps_3/acc@05 = 0.5333  
2025-02-27 02:27:01.797  val_finetune_dtvu_steps_3/acc@10 = 0.7000  
2025-02-27 02:27:01.797  val_finetune_dtvu_steps_3/acc@20 = 0.7500  
2025-02-27 02:27:01.797  
  
2025-02-27 02:27:02.282  
  
2025-02-27 02:27:02.282  [TRN] epoch_08  
2025-02-27 02:27:02.282  =============================================  
2025-02-27 02:27:02.282  trn/loss = 3.5806  
2025-02-27 02:27:02.282  trn/acc@01 = 0.2563  
2025-02-27 02:27:02.282  trn/acc@05 = 0.5845  
2025-02-27 02:27:02.282  trn/acc@10 = 0.6485  
2025-02-27 02:27:02.282  trn/acc@20 = 0.7417  
2025-02-27 02:27:02.282  
  
2025-02-27 02:27:02.351  
  
2025-02-27 02:27:02.351  [VAL_FINETUNE_DTVU_STEPS_1] epoch_08  
2025-02-27 02:27:02.351  =============================================  
2025-02-27 02:27:02.351  val_finetune_dtvu_steps_1/loss = 3.2134  
2025-02-27 02:27:02.351  val_finetune_dtvu_steps_1/acc@01 = 0.4500  
2025-02-27 02:27:02.351  val_finetune_dtvu_steps_1/acc@05 = 0.6500  
2025-02-27 02:27:02.351  val_finetune_dtvu_steps_1/acc@10 = 0.7000  
2025-02-27 02:27:02.351  val_finetune_dtvu_steps_1/acc@20 = 0.8000  
2025-02-27 02:27:02.351  
  
2025-02-27 02:27:02.424  
  
2025-02-27 02:27:02.424  [VAL_FINETUNE_DTVU_STEPS_3] epoch_08  
2025-02-27 02:27:02.424  =============================================  
2025-02-27 02:27:02.424  val_finetune_dtvu_steps_3/loss = 3.4466  
2025-02-27 02:27:02.424  val_finetune_dtvu_steps_3/acc@01 = 0.3833  
2025-02-27 02:27:02.424  val_finetune_dtvu_steps_3/acc@05 = 0.6167  
2025-02-27 02:27:02.424  val_finetune_dtvu_steps_3/acc@10 = 0.7333  
2025-02-27 02:27:02.424  val_finetune_dtvu_steps_3/acc@20 = 0.7833  
2025-02-27 02:27:02.424  
  
2025-02-27 02:27:02.926  
  
2025-02-27 02:27:02.926  [TRN] epoch_09  
2025-02-27 02:27:02.926  =============================================  
2025-02-27 02:27:02.926  trn/loss = 3.5259  
2025-02-27 02:27:02.926  trn/acc@01 = 0.2330  
2025-02-27 02:27:02.926  trn/acc@05 = 0.5670  
2025-02-27 02:27:02.926  trn/acc@10 = 0.6738  
2025-02-27 02:27:02.926  trn/acc@20 = 0.7786  
2025-02-27 02:27:02.942  
  
2025-02-27 02:27:02.989  
  
2025-02-27 02:27:02.989  [VAL_FINETUNE_DTVU_STEPS_1] epoch_09  
2025-02-27 02:27:02.989  =============================================  
2025-02-27 02:27:02.989  val_finetune_dtvu_steps_1/loss = 3.3092  
2025-02-27 02:27:02.989  val_finetune_dtvu_steps_1/acc@01 = 0.4500  
2025-02-27 02:27:02.989  val_finetune_dtvu_steps_1/acc@05 = 0.5500  
2025-02-27 02:27:02.989  val_finetune_dtvu_steps_1/acc@10 = 0.7500  
2025-02-27 02:27:02.989  val_finetune_dtvu_steps_1/acc@20 = 0.7500  
2025-02-27 02:27:02.989  
  
2025-02-27 02:27:03.052  
  
2025-02-27 02:27:03.052  [VAL_FINETUNE_DTVU_STEPS_3] epoch_09  
2025-02-27 02:27:03.052  =============================================  
2025-02-27 02:27:03.052  val_finetune_dtvu_steps_3/loss = 3.4687  
2025-02-27 02:27:03.052  val_finetune_dtvu_steps_3/acc@01 = 0.3833  
2025-02-27 02:27:03.052  val_finetune_dtvu_steps_3/acc@05 = 0.5667  
2025-02-27 02:27:03.052  val_finetune_dtvu_steps_3/acc@10 = 0.7167  
2025-02-27 02:27:03.052  val_finetune_dtvu_steps_3/acc@20 = 0.7500  
2025-02-27 02:27:03.052  
  
2025-02-27 02:27:03.631  
  
2025-02-27 02:27:03.631  [TRN] epoch_10  
2025-02-27 02:27:03.631  =============================================  
2025-02-27 02:27:03.631  trn/loss = 3.4329  
2025-02-27 02:27:03.631  trn/acc@01 = 0.2598  
2025-02-27 02:27:03.631  trn/acc@05 = 0.5761  
2025-02-27 02:27:03.632  trn/acc@10 = 0.6821  
2025-02-27 02:27:03.632  trn/acc@20 = 0.7915  
2025-02-27 02:27:03.632  
  
2025-02-27 02:27:03.738  
  
2025-02-27 02:27:03.739  [VAL_FINETUNE_DTVU_STEPS_1] epoch_10  
2025-02-27 02:27:03.739  =============================================  
2025-02-27 02:27:03.739  val_finetune_dtvu_steps_1/loss = 3.3584  
2025-02-27 02:27:03.739  val_finetune_dtvu_steps_1/acc@01 = 0.4000  
2025-02-27 02:27:03.739  val_finetune_dtvu_steps_1/acc@05 = 0.5500  
2025-02-27 02:27:03.739  val_finetune_dtvu_steps_1/acc@10 = 0.6500  
2025-02-27 02:27:03.739  val_finetune_dtvu_steps_1/acc@20 = 0.7500  
2025-02-27 02:27:03.739  
  
2025-02-27 02:27:03.810  
  
2025-02-27 02:27:03.810  [VAL_FINETUNE_DTVU_STEPS_3] epoch_10  
2025-02-27 02:27:03.811  =============================================  
2025-02-27 02:27:03.811  val_finetune_dtvu_steps_3/loss = 3.4860  
2025-02-27 02:27:03.811  val_finetune_dtvu_steps_3/acc@01 = 0.3333  
2025-02-27 02:27:03.811  val_finetune_dtvu_steps_3/acc@05 = 0.5500  
2025-02-27 02:27:03.811  val_finetune_dtvu_steps_3/acc@10 = 0.6667  
2025-02-27 02:27:03.811  val_finetune_dtvu_steps_3/acc@20 = 0.7500  
2025-02-27 02:27:03.811  
  
2025-02-27 02:27:04.300  
  
2025-02-27 02:27:04.300  [TRN] epoch_11  
2025-02-27 02:27:04.300  =============================================  
2025-02-27 02:27:04.300  trn/loss = 3.4856  
2025-02-27 02:27:04.300  trn/acc@01 = 0.1980  
2025-02-27 02:27:04.300  trn/acc@05 = 0.5500  
2025-02-27 02:27:04.300  trn/acc@10 = 0.6700  
2025-02-27 02:27:04.300  trn/acc@20 = 0.8040  
2025-02-27 02:27:04.300  
  
2025-02-27 02:27:04.367  
  
2025-02-27 02:27:04.367  [VAL_FINETUNE_DTVU_STEPS_1] epoch_11  
2025-02-27 02:27:04.367  =============================================  
2025-02-27 02:27:04.367  val_finetune_dtvu_steps_1/loss = 3.1963  
2025-02-27 02:27:04.367  val_finetune_dtvu_steps_1/acc@01 = 0.4500  
2025-02-27 02:27:04.367  val_finetune_dtvu_steps_1/acc@05 = 0.6000  
2025-02-27 02:27:04.367  val_finetune_dtvu_steps_1/acc@10 = 0.7000  
2025-02-27 02:27:04.367  val_finetune_dtvu_steps_1/acc@20 = 0.8000  
2025-02-27 02:27:04.367  
  
2025-02-27 02:27:04.452  
  
2025-02-27 02:27:04.452  [VAL_FINETUNE_DTVU_STEPS_3] epoch_11  
2025-02-27 02:27:04.452  =============================================  
2025-02-27 02:27:04.452  val_finetune_dtvu_steps_3/loss = 3.4191  
2025-02-27 02:27:04.452  val_finetune_dtvu_steps_3/acc@01 = 0.3833  
2025-02-27 02:27:04.453  val_finetune_dtvu_steps_3/acc@05 = 0.6000  
2025-02-27 02:27:04.453  val_finetune_dtvu_steps_3/acc@10 = 0.7333  
2025-02-27 02:27:04.453  val_finetune_dtvu_steps_3/acc@20 = 0.7833  
2025-02-27 02:27:04.453  
  
2025-02-27 02:27:04.999  
  
2025-02-27 02:27:04.999  [TRN] epoch_12  
2025-02-27 02:27:04.999  =============================================  
2025-02-27 02:27:04.999  trn/loss = 3.4561  
2025-02-27 02:27:04.999  trn/acc@01 = 0.2511  
2025-02-27 02:27:04.999  trn/acc@05 = 0.5889  
2025-02-27 02:27:04.999  trn/acc@10 = 0.6978  
2025-02-27 02:27:04.999  trn/acc@20 = 0.8067  
2025-02-27 02:27:04.999  
  
2025-02-27 02:27:05.059  
  
2025-02-27 02:27:05.059  [VAL_FINETUNE_DTVU_STEPS_1] epoch_12  
2025-02-27 02:27:05.059  =============================================  
2025-02-27 02:27:05.059  val_finetune_dtvu_steps_1/loss = 3.1653  
2025-02-27 02:27:05.059  val_finetune_dtvu_steps_1/acc@01 = 0.4500  
2025-02-27 02:27:05.059  val_finetune_dtvu_steps_1/acc@05 = 0.6000  
2025-02-27 02:27:05.059  val_finetune_dtvu_steps_1/acc@10 = 0.7000  
2025-02-27 02:27:05.059  val_finetune_dtvu_steps_1/acc@20 = 0.8000  
2025-02-27 02:27:05.059  
  
2025-02-27 02:27:05.122  
  
2025-02-27 02:27:05.122  [VAL_FINETUNE_DTVU_STEPS_3] epoch_12  
2025-02-27 02:27:05.122  =============================================  
2025-02-27 02:27:05.122  val_finetune_dtvu_steps_3/loss = 3.4111  
2025-02-27 02:27:05.122  val_finetune_dtvu_steps_3/acc@01 = 0.3833  
2025-02-27 02:27:05.122  val_finetune_dtvu_steps_3/acc@05 = 0.6000  
2025-02-27 02:27:05.122  val_finetune_dtvu_steps_3/acc@10 = 0.7000  
2025-02-27 02:27:05.122  val_finetune_dtvu_steps_3/acc@20 = 0.7833  
2025-02-27 02:27:05.122  
  
2025-02-27 02:27:05.658  
  
2025-02-27 02:27:05.658  [TRN] epoch_13  
2025-02-27 02:27:05.658  =============================================  
2025-02-27 02:27:05.658  trn/loss = 3.2428  
2025-02-27 02:27:05.658  trn/acc@01 = 0.2680  
2025-02-27 02:27:05.658  trn/acc@05 = 0.5520  
2025-02-27 02:27:05.658  trn/acc@10 = 0.7080  
2025-02-27 02:27:05.658  trn/acc@20 = 0.8340  
2025-02-27 02:27:05.658  
  
2025-02-27 02:27:05.732  
  
2025-02-27 02:27:05.732  [VAL_FINETUNE_DTVU_STEPS_1] epoch_13  
2025-02-27 02:27:05.732  =============================================  
2025-02-27 02:27:05.732  val_finetune_dtvu_steps_1/loss = 3.1603  
2025-02-27 02:27:05.732  val_finetune_dtvu_steps_1/acc@01 = 0.4500  
2025-02-27 02:27:05.732  val_finetune_dtvu_steps_1/acc@05 = 0.6000  
2025-02-27 02:27:05.732  val_finetune_dtvu_steps_1/acc@10 = 0.6500  
2025-02-27 02:27:05.732  val_finetune_dtvu_steps_1/acc@20 = 0.9000  
2025-02-27 02:27:05.732  
  
2025-02-27 02:27:05.797  
  
2025-02-27 02:27:05.797  [VAL_FINETUNE_DTVU_STEPS_3] epoch_13  
2025-02-27 02:27:05.797  =============================================  
2025-02-27 02:27:05.797  val_finetune_dtvu_steps_3/loss = 3.3688  
2025-02-27 02:27:05.797  val_finetune_dtvu_steps_3/acc@01 = 0.3833  
2025-02-27 02:27:05.797  val_finetune_dtvu_steps_3/acc@05 = 0.5833  
2025-02-27 02:27:05.797  val_finetune_dtvu_steps_3/acc@10 = 0.6667  
2025-02-27 02:27:05.797  val_finetune_dtvu_steps_3/acc@20 = 0.8000  
2025-02-27 02:27:05.797  
  
2025-02-27 02:27:06.341  
  
2025-02-27 02:27:06.341  [TRN] epoch_14  
2025-02-27 02:27:06.341  =============================================  
2025-02-27 02:27:06.341  trn/loss = 3.2152  
2025-02-27 02:27:06.341  trn/acc@01 = 0.2882  
2025-02-27 02:27:06.341  trn/acc@05 = 0.6098  
2025-02-27 02:27:06.341  trn/acc@10 = 0.7353  
2025-02-27 02:27:06.341  trn/acc@20 = 0.8314  
2025-02-27 02:27:06.341  
  
2025-02-27 02:27:06.400  
  
2025-02-27 02:27:06.400  [VAL_FINETUNE_DTVU_STEPS_1] epoch_14  
2025-02-27 02:27:06.400  =============================================  
2025-02-27 02:27:06.400  val_finetune_dtvu_steps_1/loss = 3.1156  
2025-02-27 02:27:06.400  val_finetune_dtvu_steps_1/acc@01 = 0.4500  
2025-02-27 02:27:06.400  val_finetune_dtvu_steps_1/acc@05 = 0.6000  
2025-02-27 02:27:06.400  val_finetune_dtvu_steps_1/acc@10 = 0.7000  
2025-02-27 02:27:06.400  val_finetune_dtvu_steps_1/acc@20 = 0.9000  
2025-02-27 02:27:06.400  
  
2025-02-27 02:27:06.492  
  
2025-02-27 02:27:06.492  [VAL_FINETUNE_DTVU_STEPS_3] epoch_14  
2025-02-27 02:27:06.492  =============================================  
2025-02-27 02:27:06.492  val_finetune_dtvu_steps_3/loss = 3.3588  
2025-02-27 02:27:06.492  val_finetune_dtvu_steps_3/acc@01 = 0.3833  
2025-02-27 02:27:06.493  val_finetune_dtvu_steps_3/acc@05 = 0.5500  
2025-02-27 02:27:06.493  val_finetune_dtvu_steps_3/acc@10 = 0.6500  
2025-02-27 02:27:06.493  val_finetune_dtvu_steps_3/acc@20 = 0.8000  
2025-02-27 02:27:06.493  
  
2025-02-27 02:27:07.066  
  
2025-02-27 02:27:07.066  [TRN] epoch_15  
2025-02-27 02:27:07.066  =============================================  
2025-02-27 02:27:07.066  trn/loss = 3.1218  
2025-02-27 02:27:07.066  trn/acc@01 = 0.2947  
2025-02-27 02:27:07.066  trn/acc@05 = 0.6042  
2025-02-27 02:27:07.066  trn/acc@10 = 0.7179  
2025-02-27 02:27:07.066  trn/acc@20 = 0.8421  
2025-02-27 02:27:07.066  
  
2025-02-27 02:27:07.143  
  
2025-02-27 02:27:07.143  [VAL_FINETUNE_DTVU_STEPS_1] epoch_15  
2025-02-27 02:27:07.143  =============================================  
2025-02-27 02:27:07.143  val_finetune_dtvu_steps_1/loss = 3.1217  
2025-02-27 02:27:07.143  val_finetune_dtvu_steps_1/acc@01 = 0.4500  
2025-02-27 02:27:07.143  val_finetune_dtvu_steps_1/acc@05 = 0.6000  
2025-02-27 02:27:07.143  val_finetune_dtvu_steps_1/acc@10 = 0.6500  
2025-02-27 02:27:07.143  val_finetune_dtvu_steps_1/acc@20 = 0.8500  
2025-02-27 02:27:07.143  
  
2025-02-27 02:27:07.205  
  
2025-02-27 02:27:07.205  [VAL_FINETUNE_DTVU_STEPS_3] epoch_15  
2025-02-27 02:27:07.205  =============================================  
2025-02-27 02:27:07.205  val_finetune_dtvu_steps_3/loss = 3.3454  
2025-02-27 02:27:07.205  val_finetune_dtvu_steps_3/acc@01 = 0.3833  
2025-02-27 02:27:07.205  val_finetune_dtvu_steps_3/acc@05 = 0.5667  
2025-02-27 02:27:07.205  val_finetune_dtvu_steps_3/acc@10 = 0.6667  
2025-02-27 02:27:07.205  val_finetune_dtvu_steps_3/acc@20 = 0.8000  
2025-02-27 02:27:07.205  
  
2025-02-27 02:27:07.806  
  
2025-02-27 02:27:07.806  [TRN] epoch_16  
2025-02-27 02:27:07.806  =============================================  
2025-02-27 02:27:07.806  trn/loss = 3.2912  
2025-02-27 02:27:07.806  trn/acc@01 = 0.2659  
2025-02-27 02:27:07.806  trn/acc@05 = 0.5956  
2025-02-27 02:27:07.806  trn/acc@10 = 0.7143  
2025-02-27 02:27:07.806  trn/acc@20 = 0.8220  
2025-02-27 02:27:07.806  
  
2025-02-27 02:27:07.870  
  
2025-02-27 02:27:07.870  [VAL_FINETUNE_DTVU_STEPS_1] epoch_16  
2025-02-27 02:27:07.870  =============================================  
2025-02-27 02:27:07.870  val_finetune_dtvu_steps_1/loss = 3.4380  
2025-02-27 02:27:07.870  val_finetune_dtvu_steps_1/acc@01 = 0.4000  
2025-02-27 02:27:07.870  val_finetune_dtvu_steps_1/acc@05 = 0.5500  
2025-02-27 02:27:07.870  val_finetune_dtvu_steps_1/acc@10 = 0.7000  
2025-02-27 02:27:07.870  val_finetune_dtvu_steps_1/acc@20 = 0.7500  
2025-02-27 02:27:07.870  
  
2025-02-27 02:27:07.932  
  
2025-02-27 02:27:07.932  [VAL_FINETUNE_DTVU_STEPS_3] epoch_16  
2025-02-27 02:27:07.932  =============================================  
2025-02-27 02:27:07.932  val_finetune_dtvu_steps_3/loss = 3.6536  
2025-02-27 02:27:07.932  val_finetune_dtvu_steps_3/acc@01 = 0.3333  
2025-02-27 02:27:07.932  val_finetune_dtvu_steps_3/acc@05 = 0.5500  
2025-02-27 02:27:07.932  val_finetune_dtvu_steps_3/acc@10 = 0.6167  
2025-02-27 02:27:07.932  val_finetune_dtvu_steps_3/acc@20 = 0.7333  
2025-02-27 02:27:07.932  
  
2025-02-27 02:27:08.437  
  
2025-02-27 02:27:08.437  [TRN] epoch_17  
2025-02-27 02:27:08.437  =============================================  
2025-02-27 02:27:08.437  trn/loss = 3.3743  
2025-02-27 02:27:08.437  trn/acc@01 = 0.2505  
2025-02-27 02:27:08.437  trn/acc@05 = 0.5748  
2025-02-27 02:27:08.437  trn/acc@10 = 0.6631  
2025-02-27 02:27:08.437  trn/acc@20 = 0.7946  
2025-02-27 02:27:08.437  
  
2025-02-27 02:27:08.515  
  
2025-02-27 02:27:08.515  [VAL_FINETUNE_DTVU_STEPS_1] epoch_17  
2025-02-27 02:27:08.515  =============================================  
2025-02-27 02:27:08.515  val_finetune_dtvu_steps_1/loss = 3.3639  
2025-02-27 02:27:08.515  val_finetune_dtvu_steps_1/acc@01 = 0.4500  
2025-02-27 02:27:08.515  val_finetune_dtvu_steps_1/acc@05 = 0.5000  
2025-02-27 02:27:08.515  val_finetune_dtvu_steps_1/acc@10 = 0.6500  
2025-02-27 02:27:08.515  val_finetune_dtvu_steps_1/acc@20 = 0.7500  
2025-02-27 02:27:08.515  
  
2025-02-27 02:27:08.578  
  
2025-02-27 02:27:08.578  [VAL_FINETUNE_DTVU_STEPS_3] epoch_17  
2025-02-27 02:27:08.578  =============================================  
2025-02-27 02:27:08.578  val_finetune_dtvu_steps_3/loss = 3.4630  
2025-02-27 02:27:08.578  val_finetune_dtvu_steps_3/acc@01 = 0.3833  
2025-02-27 02:27:08.578  val_finetune_dtvu_steps_3/acc@05 = 0.4833  
2025-02-27 02:27:08.578  val_finetune_dtvu_steps_3/acc@10 = 0.6333  
2025-02-27 02:27:08.578  val_finetune_dtvu_steps_3/acc@20 = 0.7667  
2025-02-27 02:27:08.578  
  
2025-02-27 02:27:09.066  
  
2025-02-27 02:27:09.082  [TRN] epoch_18  
2025-02-27 02:27:09.082  =============================================  
2025-02-27 02:27:09.082  trn/loss = 3.3236  
2025-02-27 02:27:09.082  trn/acc@01 = 0.2635  
2025-02-27 02:27:09.082  trn/acc@05 = 0.5558  
2025-02-27 02:27:09.082  trn/acc@10 = 0.7135  
2025-02-27 02:27:09.082  trn/acc@20 = 0.8154  
2025-02-27 02:27:09.082  
  
2025-02-27 02:27:09.160  
  
2025-02-27 02:27:09.160  [VAL_FINETUNE_DTVU_STEPS_1] epoch_18  
2025-02-27 02:27:09.160  =============================================  
2025-02-27 02:27:09.160  val_finetune_dtvu_steps_1/loss = 3.0309  
2025-02-27 02:27:09.160  val_finetune_dtvu_steps_1/acc@01 = 0.4500  
2025-02-27 02:27:09.160  val_finetune_dtvu_steps_1/acc@05 = 0.6000  
2025-02-27 02:27:09.160  val_finetune_dtvu_steps_1/acc@10 = 0.7500  
2025-02-27 02:27:09.160  val_finetune_dtvu_steps_1/acc@20 = 0.8500  
2025-02-27 02:27:09.160  
  
2025-02-27 02:27:09.223  
  
2025-02-27 02:27:09.223  [VAL_FINETUNE_DTVU_STEPS_3] epoch_18  
2025-02-27 02:27:09.223  =============================================  
2025-02-27 02:27:09.223  val_finetune_dtvu_steps_3/loss = 3.3132  
2025-02-27 02:27:09.223  val_finetune_dtvu_steps_3/acc@01 = 0.3833  
2025-02-27 02:27:09.223  val_finetune_dtvu_steps_3/acc@05 = 0.5667  
2025-02-27 02:27:09.223  val_finetune_dtvu_steps_3/acc@10 = 0.7000  
2025-02-27 02:27:09.223  val_finetune_dtvu_steps_3/acc@20 = 0.8000  
2025-02-27 02:27:09.223  
  
2025-02-27 02:27:09.773  
  
2025-02-27 02:27:09.773  [TRN] epoch_19  
2025-02-27 02:27:09.773  =============================================  
2025-02-27 02:27:09.773  trn/loss = 3.2988  
2025-02-27 02:27:09.773  trn/acc@01 = 0.2829  
2025-02-27 02:27:09.773  trn/acc@05 = 0.5640  
2025-02-27 02:27:09.773  trn/acc@10 = 0.6847  
2025-02-27 02:27:09.773  trn/acc@20 = 0.8270  
2025-02-27 02:27:09.773  
  
2025-02-27 02:27:09.852  
  
2025-02-27 02:27:09.852  [VAL_FINETUNE_DTVU_STEPS_1] epoch_19  
2025-02-27 02:27:09.852  =============================================  
2025-02-27 02:27:09.852  val_finetune_dtvu_steps_1/loss = 2.9205  
2025-02-27 02:27:09.852  val_finetune_dtvu_steps_1/acc@01 = 0.4500  
2025-02-27 02:27:09.852  val_finetune_dtvu_steps_1/acc@05 = 0.5500  
2025-02-27 02:27:09.852  val_finetune_dtvu_steps_1/acc@10 = 0.7000  
2025-02-27 02:27:09.852  val_finetune_dtvu_steps_1/acc@20 = 0.8500  
2025-02-27 02:27:09.852  
  
2025-02-27 02:27:09.915  
  
2025-02-27 02:27:09.915  [VAL_FINETUNE_DTVU_STEPS_3] epoch_19  
2025-02-27 02:27:09.915  =============================================  
2025-02-27 02:27:09.915  val_finetune_dtvu_steps_3/loss = 3.2533  
2025-02-27 02:27:09.915  val_finetune_dtvu_steps_3/acc@01 = 0.3833  
2025-02-27 02:27:09.915  val_finetune_dtvu_steps_3/acc@05 = 0.5667  
2025-02-27 02:27:09.915  val_finetune_dtvu_steps_3/acc@10 = 0.6833  
2025-02-27 02:27:09.915  val_finetune_dtvu_steps_3/acc@20 = 0.8000  
2025-02-27 02:27:09.915  
  
2025-02-27 02:27:10.434  
  
2025-02-27 02:27:10.434  [TRN] epoch_20  
2025-02-27 02:27:10.434  =============================================  
2025-02-27 02:27:10.434  trn/loss = 3.1673  
2025-02-27 02:27:10.434  trn/acc@01 = 0.2914  
2025-02-27 02:27:10.434  trn/acc@05 = 0.5924  
2025-02-27 02:27:10.434  trn/acc@10 = 0.7219  
2025-02-27 02:27:10.434  trn/acc@20 = 0.8438  
2025-02-27 02:27:10.434  
  
2025-02-27 02:27:10.480  
  
2025-02-27 02:27:10.480  [VAL_FINETUNE_DTVU_STEPS_1] epoch_20  
2025-02-27 02:27:10.480  =============================================  
2025-02-27 02:27:10.480  val_finetune_dtvu_steps_1/loss = 3.1127  
2025-02-27 02:27:10.480  val_finetune_dtvu_steps_1/acc@01 = 0.4000  
2025-02-27 02:27:10.480  val_finetune_dtvu_steps_1/acc@05 = 0.5500  
2025-02-27 02:27:10.480  val_finetune_dtvu_steps_1/acc@10 = 0.7000  
2025-02-27 02:27:10.480  val_finetune_dtvu_steps_1/acc@20 = 0.9000  
2025-02-27 02:27:10.480  
  
2025-02-27 02:27:10.566  
  
2025-02-27 02:27:10.566  [VAL_FINETUNE_DTVU_STEPS_3] epoch_20  
2025-02-27 02:27:10.566  =============================================  
2025-02-27 02:27:10.566  val_finetune_dtvu_steps_3/loss = 3.3756  
2025-02-27 02:27:10.566  val_finetune_dtvu_steps_3/acc@01 = 0.3667  
2025-02-27 02:27:10.566  val_finetune_dtvu_steps_3/acc@05 = 0.5333  
2025-02-27 02:27:10.566  val_finetune_dtvu_steps_3/acc@10 = 0.6833  
2025-02-27 02:27:10.566  val_finetune_dtvu_steps_3/acc@20 = 0.8167  
2025-02-27 02:27:10.566  
  
2025-02-27 02:27:11.032  
  
2025-02-27 02:27:11.032  [TRN] epoch_21  
2025-02-27 02:27:11.032  =============================================  
2025-02-27 02:27:11.032  trn/loss = 3.0485  
2025-02-27 02:27:11.032  trn/acc@01 = 0.2735  
2025-02-27 02:27:11.032  trn/acc@05 = 0.6184  
2025-02-27 02:27:11.032  trn/acc@10 = 0.7408  
2025-02-27 02:27:11.048  trn/acc@20 = 0.8551  
2025-02-27 02:27:11.048  
  
2025-02-27 02:27:11.130  
  
2025-02-27 02:27:11.130  [VAL_FINETUNE_DTVU_STEPS_1] epoch_21  
2025-02-27 02:27:11.130  =============================================  
2025-02-27 02:27:11.130  val_finetune_dtvu_steps_1/loss = 2.9481  
2025-02-27 02:27:11.130  val_finetune_dtvu_steps_1/acc@01 = 0.4500  
2025-02-27 02:27:11.130  val_finetune_dtvu_steps_1/acc@05 = 0.6000  
2025-02-27 02:27:11.130  val_finetune_dtvu_steps_1/acc@10 = 0.7500  
2025-02-27 02:27:11.130  val_finetune_dtvu_steps_1/acc@20 = 0.9000  
2025-02-27 02:27:11.130  
  
2025-02-27 02:27:11.190  
  
2025-02-27 02:27:11.190  [VAL_FINETUNE_DTVU_STEPS_3] epoch_21  
2025-02-27 02:27:11.190  =============================================  
2025-02-27 02:27:11.190  val_finetune_dtvu_steps_3/loss = 3.2454  
2025-02-27 02:27:11.190  val_finetune_dtvu_steps_3/acc@01 = 0.3833  
2025-02-27 02:27:11.190  val_finetune_dtvu_steps_3/acc@05 = 0.5833  
2025-02-27 02:27:11.190  val_finetune_dtvu_steps_3/acc@10 = 0.7000  
2025-02-27 02:27:11.190  val_finetune_dtvu_steps_3/acc@20 = 0.8333  
2025-02-27 02:27:11.190  
  
2025-02-27 02:27:11.661  
  
2025-02-27 02:27:11.661  [TRN] epoch_22  
2025-02-27 02:27:11.661  =============================================  
2025-02-27 02:27:11.661  trn/loss = 3.0340  
2025-02-27 02:27:11.661  trn/acc@01 = 0.2868  
2025-02-27 02:27:11.661  trn/acc@05 = 0.6434  
2025-02-27 02:27:11.661  trn/acc@10 = 0.7472  
2025-02-27 02:27:11.661  trn/acc@20 = 0.8585  
2025-02-27 02:27:11.661  
  
2025-02-27 02:27:11.715  
  
2025-02-27 02:27:11.715  [VAL_FINETUNE_DTVU_STEPS_1] epoch_22  
2025-02-27 02:27:11.715  =============================================  
2025-02-27 02:27:11.715  val_finetune_dtvu_steps_1/loss = 2.9273  
2025-02-27 02:27:11.715  val_finetune_dtvu_steps_1/acc@01 = 0.4500  
2025-02-27 02:27:11.715  val_finetune_dtvu_steps_1/acc@05 = 0.6500  
2025-02-27 02:27:11.715  val_finetune_dtvu_steps_1/acc@10 = 0.7000  
2025-02-27 02:27:11.715  val_finetune_dtvu_steps_1/acc@20 = 0.8500  
2025-02-27 02:27:11.715  
  
2025-02-27 02:27:11.755  
  
2025-02-27 02:27:11.755  [VAL_FINETUNE_DTVU_STEPS_3] epoch_22  
2025-02-27 02:27:11.755  =============================================  
2025-02-27 02:27:11.755  val_finetune_dtvu_steps_3/loss = 3.2010  
2025-02-27 02:27:11.755  val_finetune_dtvu_steps_3/acc@01 = 0.3833  
2025-02-27 02:27:11.755  val_finetune_dtvu_steps_3/acc@05 = 0.6000  
2025-02-27 02:27:11.755  val_finetune_dtvu_steps_3/acc@10 = 0.6833  
2025-02-27 02:27:11.755  val_finetune_dtvu_steps_3/acc@20 = 0.8167  
2025-02-27 02:27:11.755  
  
2025-02-27 02:27:12.181  
  
2025-02-27 02:27:12.181  [TRN] epoch_23  
2025-02-27 02:27:12.181  =============================================  
2025-02-27 02:27:12.181  trn/loss = 3.0930  
2025-02-27 02:27:12.181  trn/acc@01 = 0.2404  
2025-02-27 02:27:12.181  trn/acc@05 = 0.6343  
2025-02-27 02:27:12.181  trn/acc@10 = 0.7758  
2025-02-27 02:27:12.181  trn/acc@20 = 0.8465  
2025-02-27 02:27:12.181  
  
2025-02-27 02:27:12.228  
  
2025-02-27 02:27:12.228  [VAL_FINETUNE_DTVU_STEPS_1] epoch_23  
2025-02-27 02:27:12.228  =============================================  
2025-02-27 02:27:12.228  val_finetune_dtvu_steps_1/loss = 2.9140  
2025-02-27 02:27:12.228  val_finetune_dtvu_steps_1/acc@01 = 0.4500  
2025-02-27 02:27:12.228  val_finetune_dtvu_steps_1/acc@05 = 0.6000  
2025-02-27 02:27:12.228  val_finetune_dtvu_steps_1/acc@10 = 0.7500  
2025-02-27 02:27:12.228  val_finetune_dtvu_steps_1/acc@20 = 0.8500  
2025-02-27 02:27:12.228  
  
2025-02-27 02:27:12.275  
  
2025-02-27 02:27:12.275  [VAL_FINETUNE_DTVU_STEPS_3] epoch_23  
2025-02-27 02:27:12.275  =============================================  
2025-02-27 02:27:12.275  val_finetune_dtvu_steps_3/loss = 3.2027  
2025-02-27 02:27:12.275  val_finetune_dtvu_steps_3/acc@01 = 0.3833  
2025-02-27 02:27:12.275  val_finetune_dtvu_steps_3/acc@05 = 0.5833  
2025-02-27 02:27:12.275  val_finetune_dtvu_steps_3/acc@10 = 0.7000  
2025-02-27 02:27:12.275  val_finetune_dtvu_steps_3/acc@20 = 0.8167  
2025-02-27 02:27:12.275  
  
2025-02-27 02:27:12.698  
  
2025-02-27 02:27:12.698  [TRN] epoch_24  
2025-02-27 02:27:12.698  =============================================  
2025-02-27 02:27:12.698  trn/loss = 2.9988  
2025-02-27 02:27:12.698  trn/acc@01 = 0.2729  
2025-02-27 02:27:12.698  trn/acc@05 = 0.6312  
2025-02-27 02:27:12.698  trn/acc@10 = 0.7500  
2025-02-27 02:27:12.698  trn/acc@20 = 0.8458  
2025-02-27 02:27:12.698  
  
2025-02-27 02:27:12.746  
  
2025-02-27 02:27:12.746  [VAL_FINETUNE_DTVU_STEPS_1] epoch_24  
2025-02-27 02:27:12.746  =============================================  
2025-02-27 02:27:12.746  val_finetune_dtvu_steps_1/loss = 2.9499  
2025-02-27 02:27:12.746  val_finetune_dtvu_steps_1/acc@01 = 0.4000  
2025-02-27 02:27:12.746  val_finetune_dtvu_steps_1/acc@05 = 0.6500  
2025-02-27 02:27:12.746  val_finetune_dtvu_steps_1/acc@10 = 0.8000  
2025-02-27 02:27:12.746  val_finetune_dtvu_steps_1/acc@20 = 0.8000  
2025-02-27 02:27:12.746  
  
2025-02-27 02:27:12.804  
  
2025-02-27 02:27:12.804  [VAL_FINETUNE_DTVU_STEPS_3] epoch_24  
2025-02-27 02:27:12.804  =============================================  
2025-02-27 02:27:12.804  val_finetune_dtvu_steps_3/loss = 3.2912  
2025-02-27 02:27:12.804  val_finetune_dtvu_steps_3/acc@01 = 0.3667  
2025-02-27 02:27:12.804  val_finetune_dtvu_steps_3/acc@05 = 0.5833  
2025-02-27 02:27:12.804  val_finetune_dtvu_steps_3/acc@10 = 0.7167  
2025-02-27 02:27:12.804  val_finetune_dtvu_steps_3/acc@20 = 0.7667  
2025-02-27 02:27:12.804  
  
2025-02-27 02:27:13.216  
  
2025-02-27 02:27:13.216  [TRN] epoch_25  
2025-02-27 02:27:13.216  =============================================  
2025-02-27 02:27:13.216  trn/loss = 3.3083  
2025-02-27 02:27:13.216  trn/acc@01 = 0.2644  
2025-02-27 02:27:13.216  trn/acc@05 = 0.5644  
2025-02-27 02:27:13.216  trn/acc@10 = 0.7111  
2025-02-27 02:27:13.216  trn/acc@20 = 0.8289  
2025-02-27 02:27:13.216  
  
2025-02-27 02:27:13.263  
  
2025-02-27 02:27:13.263  [VAL_FINETUNE_DTVU_STEPS_1] epoch_25  
2025-02-27 02:27:13.263  =============================================  
2025-02-27 02:27:13.263  val_finetune_dtvu_steps_1/loss = 2.9375  
2025-02-27 02:27:13.263  val_finetune_dtvu_steps_1/acc@01 = 0.4000  
2025-02-27 02:27:13.263  val_finetune_dtvu_steps_1/acc@05 = 0.7000  
2025-02-27 02:27:13.263  val_finetune_dtvu_steps_1/acc@10 = 0.8000  
2025-02-27 02:27:13.263  val_finetune_dtvu_steps_1/acc@20 = 0.8000  
2025-02-27 02:27:13.263  
  
2025-02-27 02:27:13.310  
  
2025-02-27 02:27:13.310  [VAL_FINETUNE_DTVU_STEPS_3] epoch_25  
2025-02-27 02:27:13.310  =============================================  
2025-02-27 02:27:13.310  val_finetune_dtvu_steps_3/loss = 3.3036  
2025-02-27 02:27:13.310  val_finetune_dtvu_steps_3/acc@01 = 0.3667  
2025-02-27 02:27:13.310  val_finetune_dtvu_steps_3/acc@05 = 0.6167  
2025-02-27 02:27:13.310  val_finetune_dtvu_steps_3/acc@10 = 0.7167  
2025-02-27 02:27:13.310  val_finetune_dtvu_steps_3/acc@20 = 0.7500  
2025-02-27 02:27:13.310  
  
2025-02-27 02:27:13.736  
  
2025-02-27 02:27:13.736  [TRN] epoch_26  
2025-02-27 02:27:13.736  =============================================  
2025-02-27 02:27:13.736  trn/loss = 3.1988  
2025-02-27 02:27:13.736  trn/acc@01 = 0.2533  
2025-02-27 02:27:13.736  trn/acc@05 = 0.5867  
2025-02-27 02:27:13.736  trn/acc@10 = 0.7257  
2025-02-27 02:27:13.736  trn/acc@20 = 0.8305  
2025-02-27 02:27:13.736  
  
2025-02-27 02:27:13.788  
  
2025-02-27 02:27:13.788  [VAL_FINETUNE_DTVU_STEPS_1] epoch_26  
2025-02-27 02:27:13.788  =============================================  
2025-02-27 02:27:13.788  val_finetune_dtvu_steps_1/loss = 2.8422  
2025-02-27 02:27:13.788  val_finetune_dtvu_steps_1/acc@01 = 0.4000  
2025-02-27 02:27:13.788  val_finetune_dtvu_steps_1/acc@05 = 0.7000  
2025-02-27 02:27:13.788  val_finetune_dtvu_steps_1/acc@10 = 0.8000  
2025-02-27 02:27:13.788  val_finetune_dtvu_steps_1/acc@20 = 0.8500  
2025-02-27 02:27:13.788  
  
2025-02-27 02:27:13.830  
  
2025-02-27 02:27:13.830  [VAL_FINETUNE_DTVU_STEPS_3] epoch_26  
2025-02-27 02:27:13.830  =============================================  
2025-02-27 02:27:13.830  val_finetune_dtvu_steps_3/loss = 3.2675  
2025-02-27 02:27:13.830  val_finetune_dtvu_steps_3/acc@01 = 0.3167  
2025-02-27 02:27:13.830  val_finetune_dtvu_steps_3/acc@05 = 0.5833  
2025-02-27 02:27:13.830  val_finetune_dtvu_steps_3/acc@10 = 0.7333  
2025-02-27 02:27:13.830  val_finetune_dtvu_steps_3/acc@20 = 0.8000  
2025-02-27 02:27:13.830  
  
2025-02-27 02:27:14.255  
  
2025-02-27 02:27:14.255  [TRN] epoch_27  
2025-02-27 02:27:14.255  =============================================  
2025-02-27 02:27:14.255  trn/loss = 3.0608  
2025-02-27 02:27:14.255  trn/acc@01 = 0.2846  
2025-02-27 02:27:14.255  trn/acc@05 = 0.6231  
2025-02-27 02:27:14.255  trn/acc@10 = 0.7346  
2025-02-27 02:27:14.255  trn/acc@20 = 0.8615  
2025-02-27 02:27:14.255  
  
2025-02-27 02:27:14.305  
  
2025-02-27 02:27:14.305  [VAL_FINETUNE_DTVU_STEPS_1] epoch_27  
2025-02-27 02:27:14.305  =============================================  
2025-02-27 02:27:14.305  val_finetune_dtvu_steps_1/loss = 2.7645  
2025-02-27 02:27:14.305  val_finetune_dtvu_steps_1/acc@01 = 0.3500  
2025-02-27 02:27:14.305  val_finetune_dtvu_steps_1/acc@05 = 0.7500  
2025-02-27 02:27:14.305  val_finetune_dtvu_steps_1/acc@10 = 0.7500  
2025-02-27 02:27:14.305  val_finetune_dtvu_steps_1/acc@20 = 0.9000  
2025-02-27 02:27:14.305  
  
2025-02-27 02:27:14.349  
  
2025-02-27 02:27:14.349  [VAL_FINETUNE_DTVU_STEPS_3] epoch_27  
2025-02-27 02:27:14.349  =============================================  
2025-02-27 02:27:14.349  val_finetune_dtvu_steps_3/loss = 3.1773  
2025-02-27 02:27:14.349  val_finetune_dtvu_steps_3/acc@01 = 0.3333  
2025-02-27 02:27:14.349  val_finetune_dtvu_steps_3/acc@05 = 0.6500  
2025-02-27 02:27:14.349  val_finetune_dtvu_steps_3/acc@10 = 0.7333  
2025-02-27 02:27:14.349  val_finetune_dtvu_steps_3/acc@20 = 0.8167  
2025-02-27 02:27:14.349  
  
2025-02-27 02:27:14.785  
  
2025-02-27 02:27:14.785  [TRN] epoch_28  
2025-02-27 02:27:14.785  =============================================  
2025-02-27 02:27:14.785  trn/loss = 3.0498  
2025-02-27 02:27:14.785  trn/acc@01 = 0.2673  
2025-02-27 02:27:14.785  trn/acc@05 = 0.6224  
2025-02-27 02:27:14.785  trn/acc@10 = 0.7531  
2025-02-27 02:27:14.785  trn/acc@20 = 0.8735  
2025-02-27 02:27:14.785  
  
2025-02-27 02:27:14.821  
  
2025-02-27 02:27:14.821  [VAL_FINETUNE_DTVU_STEPS_1] epoch_28  
2025-02-27 02:27:14.821  =============================================  
2025-02-27 02:27:14.821  val_finetune_dtvu_steps_1/loss = 2.8150  
2025-02-27 02:27:14.821  val_finetune_dtvu_steps_1/acc@01 = 0.4000  
2025-02-27 02:27:14.821  val_finetune_dtvu_steps_1/acc@05 = 0.6500  
2025-02-27 02:27:14.821  val_finetune_dtvu_steps_1/acc@10 = 0.8000  
2025-02-27 02:27:14.821  val_finetune_dtvu_steps_1/acc@20 = 0.9000  
2025-02-27 02:27:14.821  
  
2025-02-27 02:27:14.883  
  
2025-02-27 02:27:14.883  [VAL_FINETUNE_DTVU_STEPS_3] epoch_28  
2025-02-27 02:27:14.883  =============================================  
2025-02-27 02:27:14.883  val_finetune_dtvu_steps_3/loss = 3.1679  
2025-02-27 02:27:14.883  val_finetune_dtvu_steps_3/acc@01 = 0.3667  
2025-02-27 02:27:14.883  val_finetune_dtvu_steps_3/acc@05 = 0.6167  
2025-02-27 02:27:14.883  val_finetune_dtvu_steps_3/acc@10 = 0.7167  
2025-02-27 02:27:14.883  val_finetune_dtvu_steps_3/acc@20 = 0.8333  
2025-02-27 02:27:14.883  
  
2025-02-27 02:27:15.292  
  
2025-02-27 02:27:15.292  [TRN] epoch_29  
2025-02-27 02:27:15.292  =============================================  
2025-02-27 02:27:15.292  trn/loss = 3.0430  
2025-02-27 02:27:15.292  trn/acc@01 = 0.2659  
2025-02-27 02:27:15.292  trn/acc@05 = 0.6068  
2025-02-27 02:27:15.292  trn/acc@10 = 0.7455  
2025-02-27 02:27:15.292  trn/acc@20 = 0.8455  
2025-02-27 02:27:15.292  
  
2025-02-27 02:27:15.340  
  
2025-02-27 02:27:15.340  [VAL_FINETUNE_DTVU_STEPS_1] epoch_29  
2025-02-27 02:27:15.340  =============================================  
2025-02-27 02:27:15.340  val_finetune_dtvu_steps_1/loss = 2.8444  
2025-02-27 02:27:15.340  val_finetune_dtvu_steps_1/acc@01 = 0.4500  
2025-02-27 02:27:15.340  val_finetune_dtvu_steps_1/acc@05 = 0.7000  
2025-02-27 02:27:15.340  val_finetune_dtvu_steps_1/acc@10 = 0.7500  
2025-02-27 02:27:15.340  val_finetune_dtvu_steps_1/acc@20 = 0.9000  
2025-02-27 02:27:15.340  
  
2025-02-27 02:27:15.386  
  
2025-02-27 02:27:15.386  [VAL_FINETUNE_DTVU_STEPS_3] epoch_29  
2025-02-27 02:27:15.386  =============================================  
2025-02-27 02:27:15.386  val_finetune_dtvu_steps_3/loss = 3.1459  
2025-02-27 02:27:15.386  val_finetune_dtvu_steps_3/acc@01 = 0.3833  
2025-02-27 02:27:15.386  val_finetune_dtvu_steps_3/acc@05 = 0.6167  
2025-02-27 02:27:15.386  val_finetune_dtvu_steps_3/acc@10 = 0.7333  
2025-02-27 02:27:15.386  val_finetune_dtvu_steps_3/acc@20 = 0.8333  
2025-02-27 02:27:15.386  
  
2025-02-27 02:27:15.813  
  
2025-02-27 02:27:15.813  [TRN] epoch_30  
2025-02-27 02:27:15.813  =============================================  
2025-02-27 02:27:15.813  trn/loss = 2.9847  
2025-02-27 02:27:15.813  trn/acc@01 = 0.2804  
2025-02-27 02:27:15.813  trn/acc@05 = 0.6412  
2025-02-27 02:27:15.813  trn/acc@10 = 0.7546  
2025-02-27 02:27:15.813  trn/acc@20 = 0.8474  
2025-02-27 02:27:15.813  
  
2025-02-27 02:27:15.858  
  
2025-02-27 02:27:15.858  [VAL_FINETUNE_DTVU_STEPS_1] epoch_30  
2025-02-27 02:27:15.858  =============================================  
2025-02-27 02:27:15.858  val_finetune_dtvu_steps_1/loss = 2.8373  
2025-02-27 02:27:15.858  val_finetune_dtvu_steps_1/acc@01 = 0.4000  
2025-02-27 02:27:15.858  val_finetune_dtvu_steps_1/acc@05 = 0.7000  
2025-02-27 02:27:15.858  val_finetune_dtvu_steps_1/acc@10 = 0.7500  
2025-02-27 02:27:15.858  val_finetune_dtvu_steps_1/acc@20 = 0.9000  
2025-02-27 02:27:15.858  
  
2025-02-27 02:27:15.906  
  
2025-02-27 02:27:15.906  [VAL_FINETUNE_DTVU_STEPS_3] epoch_30  
2025-02-27 02:27:15.906  =============================================  
2025-02-27 02:27:15.906  val_finetune_dtvu_steps_3/loss = 3.1360  
2025-02-27 02:27:15.906  val_finetune_dtvu_steps_3/acc@01 = 0.3667  
2025-02-27 02:27:15.906  val_finetune_dtvu_steps_3/acc@05 = 0.6167  
2025-02-27 02:27:15.906  val_finetune_dtvu_steps_3/acc@10 = 0.7333  
2025-02-27 02:27:15.906  val_finetune_dtvu_steps_3/acc@20 = 0.8333  
2025-02-27 02:27:15.906  
  
2025-02-27 02:27:16.329  
  
2025-02-27 02:27:16.329  [TRN] epoch_31  
2025-02-27 02:27:16.329  =============================================  
2025-02-27 02:27:16.329  trn/loss = 2.8502  
2025-02-27 02:27:16.329  trn/acc@01 = 0.2839  
2025-02-27 02:27:16.329  trn/acc@05 = 0.6607  
2025-02-27 02:27:16.329  trn/acc@10 = 0.7679  
2025-02-27 02:27:16.329  trn/acc@20 = 0.8714  
2025-02-27 02:27:16.329  
  
2025-02-27 02:27:16.376  
  
2025-02-27 02:27:16.376  [VAL_FINETUNE_DTVU_STEPS_1] epoch_31  
2025-02-27 02:27:16.376  =============================================  
2025-02-27 02:27:16.376  val_finetune_dtvu_steps_1/loss = 2.8415  
2025-02-27 02:27:16.376  val_finetune_dtvu_steps_1/acc@01 = 0.4000  
2025-02-27 02:27:16.376  val_finetune_dtvu_steps_1/acc@05 = 0.7000  
2025-02-27 02:27:16.376  val_finetune_dtvu_steps_1/acc@10 = 0.7500  
2025-02-27 02:27:16.376  val_finetune_dtvu_steps_1/acc@20 = 0.9000  
2025-02-27 02:27:16.376  
  
2025-02-27 02:27:16.424  
  
2025-02-27 02:27:16.424  [VAL_FINETUNE_DTVU_STEPS_3] epoch_31  
2025-02-27 02:27:16.424  =============================================  
2025-02-27 02:27:16.424  val_finetune_dtvu_steps_3/loss = 3.1413  
2025-02-27 02:27:16.424  val_finetune_dtvu_steps_3/acc@01 = 0.3667  
2025-02-27 02:27:16.424  val_finetune_dtvu_steps_3/acc@05 = 0.6167  
2025-02-27 02:27:16.424  val_finetune_dtvu_steps_3/acc@10 = 0.7333  
2025-02-27 02:27:16.424  val_finetune_dtvu_steps_3/acc@20 = 0.8333  
2025-02-27 02:27:16.424  
  
2025-02-27 02:27:16.862  
  
2025-02-27 02:27:16.862  [TRN] epoch_32  
2025-02-27 02:27:16.862  =============================================  
2025-02-27 02:27:16.862  trn/loss = 2.8699  
2025-02-27 02:27:16.862  trn/acc@01 = 0.2958  
2025-02-27 02:27:16.862  trn/acc@05 = 0.6562  
2025-02-27 02:27:16.862  trn/acc@10 = 0.7917  
2025-02-27 02:27:16.862  trn/acc@20 = 0.8854  
2025-02-27 02:27:16.862  
  
2025-02-27 02:27:16.909  
  
2025-02-27 02:27:16.909  [VAL_FINETUNE_DTVU_STEPS_1] epoch_32  
2025-02-27 02:27:16.909  =============================================  
2025-02-27 02:27:16.909  val_finetune_dtvu_steps_1/loss = 2.9464  
2025-02-27 02:27:16.909  val_finetune_dtvu_steps_1/acc@01 = 0.3000  
2025-02-27 02:27:16.909  val_finetune_dtvu_steps_1/acc@05 = 0.7000  
2025-02-27 02:27:16.909  val_finetune_dtvu_steps_1/acc@10 = 0.8000  
2025-02-27 02:27:16.909  val_finetune_dtvu_steps_1/acc@20 = 0.8500  
2025-02-27 02:27:16.909  
  
2025-02-27 02:27:16.971  
  
2025-02-27 02:27:16.971  [VAL_FINETUNE_DTVU_STEPS_3] epoch_32  
2025-02-27 02:27:16.971  =============================================  
2025-02-27 02:27:16.971  val_finetune_dtvu_steps_3/loss = 3.2992  
2025-02-27 02:27:16.971  val_finetune_dtvu_steps_3/acc@01 = 0.2833  
2025-02-27 02:27:16.971  val_finetune_dtvu_steps_3/acc@05 = 0.5833  
2025-02-27 02:27:16.971  val_finetune_dtvu_steps_3/acc@10 = 0.7167  
2025-02-27 02:27:16.971  val_finetune_dtvu_steps_3/acc@20 = 0.8333  
2025-02-27 02:27:16.971  
  
2025-02-27 02:27:17.397  
  
2025-02-27 02:27:17.397  [TRN] epoch_33  
2025-02-27 02:27:17.408  =============================================  
2025-02-27 02:27:17.408  trn/loss = 2.9771  
2025-02-27 02:27:17.408  trn/acc@01 = 0.2870  
2025-02-27 02:27:17.408  trn/acc@05 = 0.6174  
2025-02-27 02:27:17.408  trn/acc@10 = 0.7739  
2025-02-27 02:27:17.408  trn/acc@20 = 0.8696  
2025-02-27 02:27:17.408  
  
2025-02-27 02:27:17.460  
  
2025-02-27 02:27:17.460  [VAL_FINETUNE_DTVU_STEPS_1] epoch_33  
2025-02-27 02:27:17.460  =============================================  
2025-02-27 02:27:17.460  val_finetune_dtvu_steps_1/loss = 2.9098  
2025-02-27 02:27:17.460  val_finetune_dtvu_steps_1/acc@01 = 0.3500  
2025-02-27 02:27:17.460  val_finetune_dtvu_steps_1/acc@05 = 0.5500  
2025-02-27 02:27:17.460  val_finetune_dtvu_steps_1/acc@10 = 0.8000  
2025-02-27 02:27:17.460  val_finetune_dtvu_steps_1/acc@20 = 0.8500  
2025-02-27 02:27:17.460  
  
2025-02-27 02:27:17.512  
  
2025-02-27 02:27:17.512  [VAL_FINETUNE_DTVU_STEPS_3] epoch_33  
2025-02-27 02:27:17.512  =============================================  
2025-02-27 02:27:17.512  val_finetune_dtvu_steps_3/loss = 3.2576  
2025-02-27 02:27:17.512  val_finetune_dtvu_steps_3/acc@01 = 0.3333  
2025-02-27 02:27:17.512  val_finetune_dtvu_steps_3/acc@05 = 0.4833  
2025-02-27 02:27:17.512  val_finetune_dtvu_steps_3/acc@10 = 0.7167  
2025-02-27 02:27:17.512  val_finetune_dtvu_steps_3/acc@20 = 0.8000  
2025-02-27 02:27:17.512  
  
2025-02-27 02:27:17.960  
  
2025-02-27 02:27:17.960  [TRN] epoch_34  
2025-02-27 02:27:17.960  =============================================  
2025-02-27 02:27:17.960  trn/loss = 2.9241  
2025-02-27 02:27:17.960  trn/acc@01 = 0.2796  
2025-02-27 02:27:17.960  trn/acc@05 = 0.6519  
2025-02-27 02:27:17.960  trn/acc@10 = 0.7667  
2025-02-27 02:27:17.960  trn/acc@20 = 0.8537  
2025-02-27 02:27:17.960  
  
2025-02-27 02:27:18.010  
  
2025-02-27 02:27:18.010  [VAL_FINETUNE_DTVU_STEPS_1] epoch_34  
2025-02-27 02:27:18.010  =============================================  
2025-02-27 02:27:18.010  val_finetune_dtvu_steps_1/loss = 2.7928  
2025-02-27 02:27:18.010  val_finetune_dtvu_steps_1/acc@01 = 0.3500  
2025-02-27 02:27:18.010  val_finetune_dtvu_steps_1/acc@05 = 0.7500  
2025-02-27 02:27:18.010  val_finetune_dtvu_steps_1/acc@10 = 0.8000  
2025-02-27 02:27:18.010  val_finetune_dtvu_steps_1/acc@20 = 0.9000  
2025-02-27 02:27:18.010  
  
2025-02-27 02:27:18.062  
  
2025-02-27 02:27:18.062  [VAL_FINETUNE_DTVU_STEPS_3] epoch_34  
2025-02-27 02:27:18.062  =============================================  
2025-02-27 02:27:18.062  val_finetune_dtvu_steps_3/loss = 3.2070  
2025-02-27 02:27:18.062  val_finetune_dtvu_steps_3/acc@01 = 0.3333  
2025-02-27 02:27:18.062  val_finetune_dtvu_steps_3/acc@05 = 0.5833  
2025-02-27 02:27:18.062  val_finetune_dtvu_steps_3/acc@10 = 0.7333  
2025-02-27 02:27:18.062  val_finetune_dtvu_steps_3/acc@20 = 0.8500  
2025-02-27 02:27:18.062  
  
2025-02-27 02:27:18.513  
  
2025-02-27 02:27:18.513  [TRN] epoch_35  
2025-02-27 02:27:18.513  =============================================  
2025-02-27 02:27:18.513  trn/loss = 2.9919  
2025-02-27 02:27:18.513  trn/acc@01 = 0.3222  
2025-02-27 02:27:18.513  trn/acc@05 = 0.6315  
2025-02-27 02:27:18.513  trn/acc@10 = 0.7556  
2025-02-27 02:27:18.513  trn/acc@20 = 0.8556  
2025-02-27 02:27:18.513  
  
2025-02-27 02:27:18.561  
  
2025-02-27 02:27:18.561  [VAL_FINETUNE_DTVU_STEPS_1] epoch_35  
2025-02-27 02:27:18.561  =============================================  
2025-02-27 02:27:18.561  val_finetune_dtvu_steps_1/loss = 2.7049  
2025-02-27 02:27:18.561  val_finetune_dtvu_steps_1/acc@01 = 0.4000  
2025-02-27 02:27:18.561  val_finetune_dtvu_steps_1/acc@05 = 0.7000  
2025-02-27 02:27:18.561  val_finetune_dtvu_steps_1/acc@10 = 0.8500  
2025-02-27 02:27:18.561  val_finetune_dtvu_steps_1/acc@20 = 0.9000  
2025-02-27 02:27:18.561  
  
2025-02-27 02:27:18.609  
  
2025-02-27 02:27:18.609  [VAL_FINETUNE_DTVU_STEPS_3] epoch_35  
2025-02-27 02:27:18.609  =============================================  
2025-02-27 02:27:18.609  val_finetune_dtvu_steps_3/loss = 3.0608  
2025-02-27 02:27:18.609  val_finetune_dtvu_steps_3/acc@01 = 0.3667  
2025-02-27 02:27:18.609  val_finetune_dtvu_steps_3/acc@05 = 0.6167  
2025-02-27 02:27:18.609  val_finetune_dtvu_steps_3/acc@10 = 0.7333  
2025-02-27 02:27:18.609  val_finetune_dtvu_steps_3/acc@20 = 0.8333  
2025-02-27 02:27:18.609  
  
2025-02-27 02:27:19.048  
  
2025-02-27 02:27:19.048  [TRN] epoch_36  
2025-02-27 02:27:19.048  =============================================  
2025-02-27 02:27:19.048  trn/loss = 2.8697  
2025-02-27 02:27:19.048  trn/acc@01 = 0.3071  
2025-02-27 02:27:19.048  trn/acc@05 = 0.6202  
2025-02-27 02:27:19.048  trn/acc@10 = 0.7576  
2025-02-27 02:27:19.048  trn/acc@20 = 0.8646  
2025-02-27 02:27:19.048  
  
2025-02-27 02:27:19.110  
  
2025-02-27 02:27:19.110  [VAL_FINETUNE_DTVU_STEPS_1] epoch_36  
2025-02-27 02:27:19.110  =============================================  
2025-02-27 02:27:19.110  val_finetune_dtvu_steps_1/loss = 2.9241  
2025-02-27 02:27:19.110  val_finetune_dtvu_steps_1/acc@01 = 0.4000  
2025-02-27 02:27:19.110  val_finetune_dtvu_steps_1/acc@05 = 0.6000  
2025-02-27 02:27:19.110  val_finetune_dtvu_steps_1/acc@10 = 0.8000  
2025-02-27 02:27:19.110  val_finetune_dtvu_steps_1/acc@20 = 0.9000  
2025-02-27 02:27:19.110  
  
2025-02-27 02:27:19.164  
  
2025-02-27 02:27:19.164  [VAL_FINETUNE_DTVU_STEPS_3] epoch_36  
2025-02-27 02:27:19.164  =============================================  
2025-02-27 02:27:19.164  val_finetune_dtvu_steps_3/loss = 3.1130  
2025-02-27 02:27:19.164  val_finetune_dtvu_steps_3/acc@01 = 0.3667  
2025-02-27 02:27:19.164  val_finetune_dtvu_steps_3/acc@05 = 0.5500  
2025-02-27 02:27:19.164  val_finetune_dtvu_steps_3/acc@10 = 0.7500  
2025-02-27 02:27:19.164  val_finetune_dtvu_steps_3/acc@20 = 0.8333  
2025-02-27 02:27:19.164  
  
2025-02-27 02:27:19.598  
  
2025-02-27 02:27:19.598  [TRN] epoch_37  
2025-02-27 02:27:19.598  =============================================  
2025-02-27 02:27:19.598  trn/loss = 2.8944  
2025-02-27 02:27:19.598  trn/acc@01 = 0.2931  
2025-02-27 02:27:19.598  trn/acc@05 = 0.6198  
2025-02-27 02:27:19.598  trn/acc@10 = 0.7485  
2025-02-27 02:27:19.598  trn/acc@20 = 0.8554  
2025-02-27 02:27:19.598  
  
2025-02-27 02:27:19.652  
  
2025-02-27 02:27:19.652  [VAL_FINETUNE_DTVU_STEPS_1] epoch_37  
2025-02-27 02:27:19.652  =============================================  
2025-02-27 02:27:19.652  val_finetune_dtvu_steps_1/loss = 2.9223  
2025-02-27 02:27:19.652  val_finetune_dtvu_steps_1/acc@01 = 0.3500  
2025-02-27 02:27:19.652  val_finetune_dtvu_steps_1/acc@05 = 0.7500  
2025-02-27 02:27:19.652  val_finetune_dtvu_steps_1/acc@10 = 0.8000  
2025-02-27 02:27:19.652  val_finetune_dtvu_steps_1/acc@20 = 0.9000  
2025-02-27 02:27:19.652  
  
2025-02-27 02:27:19.709  
  
2025-02-27 02:27:19.709  [VAL_FINETUNE_DTVU_STEPS_3] epoch_37  
2025-02-27 02:27:19.709  =============================================  
2025-02-27 02:27:19.709  val_finetune_dtvu_steps_3/loss = 3.1100  
2025-02-27 02:27:19.709  val_finetune_dtvu_steps_3/acc@01 = 0.3500  
2025-02-27 02:27:19.709  val_finetune_dtvu_steps_3/acc@05 = 0.5667  
2025-02-27 02:27:19.709  val_finetune_dtvu_steps_3/acc@10 = 0.7500  
2025-02-27 02:27:19.709  val_finetune_dtvu_steps_3/acc@20 = 0.8333  
2025-02-27 02:27:19.709  
  
2025-02-27 02:27:20.151  
  
2025-02-27 02:27:20.151  [TRN] epoch_38  
2025-02-27 02:27:20.151  =============================================  
2025-02-27 02:27:20.151  trn/loss = 2.7271  
2025-02-27 02:27:20.151  trn/acc@01 = 0.3130  
2025-02-27 02:27:20.151  trn/acc@05 = 0.6574  
2025-02-27 02:27:20.151  trn/acc@10 = 0.7944  
2025-02-27 02:27:20.151  trn/acc@20 = 0.8944  
2025-02-27 02:27:20.151  
  
2025-02-27 02:27:20.196  
  
2025-02-27 02:27:20.196  [VAL_FINETUNE_DTVU_STEPS_1] epoch_38  
2025-02-27 02:27:20.196  =============================================  
2025-02-27 02:27:20.196  val_finetune_dtvu_steps_1/loss = 2.9154  
2025-02-27 02:27:20.196  val_finetune_dtvu_steps_1/acc@01 = 0.3500  
2025-02-27 02:27:20.196  val_finetune_dtvu_steps_1/acc@05 = 0.7000  
2025-02-27 02:27:20.196  val_finetune_dtvu_steps_1/acc@10 = 0.8000  
2025-02-27 02:27:20.196  val_finetune_dtvu_steps_1/acc@20 = 0.9000  
2025-02-27 02:27:20.196  
  
2025-02-27 02:27:20.243  
  
2025-02-27 02:27:20.243  [VAL_FINETUNE_DTVU_STEPS_3] epoch_38  
2025-02-27 02:27:20.243  =============================================  
2025-02-27 02:27:20.243  val_finetune_dtvu_steps_3/loss = 3.1331  
2025-02-27 02:27:20.243  val_finetune_dtvu_steps_3/acc@01 = 0.3500  
2025-02-27 02:27:20.243  val_finetune_dtvu_steps_3/acc@05 = 0.5667  
2025-02-27 02:27:20.243  val_finetune_dtvu_steps_3/acc@10 = 0.7667  
2025-02-27 02:27:20.243  val_finetune_dtvu_steps_3/acc@20 = 0.8333  
2025-02-27 02:27:20.243  
  
2025-02-27 02:27:20.682  
  
2025-02-27 02:27:20.682  [TRN] epoch_39  
2025-02-27 02:27:20.682  =============================================  
2025-02-27 02:27:20.682  trn/loss = 2.8359  
2025-02-27 02:27:20.682  trn/acc@01 = 0.3237  
2025-02-27 02:27:20.682  trn/acc@05 = 0.6598  
2025-02-27 02:27:20.682  trn/acc@10 = 0.7608  
2025-02-27 02:27:20.682  trn/acc@20 = 0.8722  
2025-02-27 02:27:20.682  
  
2025-02-27 02:27:20.740  
  
2025-02-27 02:27:20.740  [VAL_FINETUNE_DTVU_STEPS_1] epoch_39  
2025-02-27 02:27:20.740  =============================================  
2025-02-27 02:27:20.740  val_finetune_dtvu_steps_1/loss = 2.8866  
2025-02-27 02:27:20.740  val_finetune_dtvu_steps_1/acc@01 = 0.3500  
2025-02-27 02:27:20.740  val_finetune_dtvu_steps_1/acc@05 = 0.7000  
2025-02-27 02:27:20.740  val_finetune_dtvu_steps_1/acc@10 = 0.8000  
2025-02-27 02:27:20.740  val_finetune_dtvu_steps_1/acc@20 = 0.9000  
2025-02-27 02:27:20.740  
  
2025-02-27 02:27:20.793  
  
2025-02-27 02:27:20.793  [VAL_FINETUNE_DTVU_STEPS_3] epoch_39  
2025-02-27 02:27:20.793  =============================================  
2025-02-27 02:27:20.793  val_finetune_dtvu_steps_3/loss = 3.1269  
2025-02-27 02:27:20.793  val_finetune_dtvu_steps_3/acc@01 = 0.3500  
2025-02-27 02:27:20.793  val_finetune_dtvu_steps_3/acc@05 = 0.5667  
2025-02-27 02:27:20.793  val_finetune_dtvu_steps_3/acc@10 = 0.7500  
2025-02-27 02:27:20.793  val_finetune_dtvu_steps_3/acc@20 = 0.8333  
2025-02-27 02:27:20.793  
  
2025-02-27 02:27:21.238  
  
2025-02-27 02:27:21.238  [TRN] epoch_40  
2025-02-27 02:27:21.238  =============================================  
2025-02-27 02:27:21.238  trn/loss = 2.9477  
2025-02-27 02:27:21.238  trn/acc@01 = 0.2362  
2025-02-27 02:27:21.238  trn/acc@05 = 0.6076  
2025-02-27 02:27:21.238  trn/acc@10 = 0.7619  
2025-02-27 02:27:21.238  trn/acc@20 = 0.8781  
2025-02-27 02:27:21.238  
  
2025-02-27 02:27:21.297  
  
2025-02-27 02:27:21.297  [VAL_FINETUNE_DTVU_STEPS_1] epoch_40  
2025-02-27 02:27:21.297  =============================================  
2025-02-27 02:27:21.297  val_finetune_dtvu_steps_1/loss = 2.8683  
2025-02-27 02:27:21.297  val_finetune_dtvu_steps_1/acc@01 = 0.3000  
2025-02-27 02:27:21.297  val_finetune_dtvu_steps_1/acc@05 = 0.6500  
2025-02-27 02:27:21.297  val_finetune_dtvu_steps_1/acc@10 = 0.8000  
2025-02-27 02:27:21.297  val_finetune_dtvu_steps_1/acc@20 = 0.8500  
2025-02-27 02:27:21.297  
  
2025-02-27 02:27:21.346  
  
2025-02-27 02:27:21.346  [VAL_FINETUNE_DTVU_STEPS_3] epoch_40  
2025-02-27 02:27:21.346  =============================================  
2025-02-27 02:27:21.346  val_finetune_dtvu_steps_3/loss = 3.1207  
2025-02-27 02:27:21.346  val_finetune_dtvu_steps_3/acc@01 = 0.3000  
2025-02-27 02:27:21.346  val_finetune_dtvu_steps_3/acc@05 = 0.5500  
2025-02-27 02:27:21.346  val_finetune_dtvu_steps_3/acc@10 = 0.7167  
2025-02-27 02:27:21.346  val_finetune_dtvu_steps_3/acc@20 = 0.8167  
2025-02-27 02:27:21.346  
  
2025-02-27 02:27:21.781  
  
2025-02-27 02:27:21.781  [TRN] epoch_41  
2025-02-27 02:27:21.781  =============================================  
2025-02-27 02:27:21.781  trn/loss = 2.8813  
2025-02-27 02:27:21.792  trn/acc@01 = 0.3011  
2025-02-27 02:27:21.792  trn/acc@05 = 0.6286  
2025-02-27 02:27:21.792  trn/acc@10 = 0.7604  
2025-02-27 02:27:21.792  trn/acc@20 = 0.8593  
2025-02-27 02:27:21.792  
  
2025-02-27 02:27:21.844  
  
2025-02-27 02:27:21.844  [VAL_FINETUNE_DTVU_STEPS_1] epoch_41  
2025-02-27 02:27:21.844  =============================================  
2025-02-27 02:27:21.844  val_finetune_dtvu_steps_1/loss = 2.5849  
2025-02-27 02:27:21.844  val_finetune_dtvu_steps_1/acc@01 = 0.4000  
2025-02-27 02:27:21.844  val_finetune_dtvu_steps_1/acc@05 = 0.7000  
2025-02-27 02:27:21.844  val_finetune_dtvu_steps_1/acc@10 = 0.7500  
2025-02-27 02:27:21.844  val_finetune_dtvu_steps_1/acc@20 = 0.9000  
2025-02-27 02:27:21.844  
  
2025-02-27 02:27:21.896  
  
2025-02-27 02:27:21.898  [VAL_FINETUNE_DTVU_STEPS_3] epoch_41  
2025-02-27 02:27:21.898  =============================================  
2025-02-27 02:27:21.898  val_finetune_dtvu_steps_3/loss = 3.1508  
2025-02-27 02:27:21.898  val_finetune_dtvu_steps_3/acc@01 = 0.3667  
2025-02-27 02:27:21.898  val_finetune_dtvu_steps_3/acc@05 = 0.6000  
2025-02-27 02:27:21.898  val_finetune_dtvu_steps_3/acc@10 = 0.7000  
2025-02-27 02:27:21.898  val_finetune_dtvu_steps_3/acc@20 = 0.8167  
2025-02-27 02:27:21.898  
  
2025-02-27 02:27:22.331  
  
2025-02-27 02:27:22.331  [TRN] epoch_42  
2025-02-27 02:27:22.331  =============================================  
2025-02-27 02:27:22.331  trn/loss = 2.8405  
2025-02-27 02:27:22.331  trn/acc@01 = 0.2845  
2025-02-27 02:27:22.331  trn/acc@05 = 0.6515  
2025-02-27 02:27:22.331  trn/acc@10 = 0.7794  
2025-02-27 02:27:22.331  trn/acc@20 = 0.8701  
2025-02-27 02:27:22.331  
  
2025-02-27 02:27:22.378  
  
2025-02-27 02:27:22.378  [VAL_FINETUNE_DTVU_STEPS_1] epoch_42  
2025-02-27 02:27:22.378  =============================================  
2025-02-27 02:27:22.378  val_finetune_dtvu_steps_1/loss = 2.8895  
2025-02-27 02:27:22.378  val_finetune_dtvu_steps_1/acc@01 = 0.3500  
2025-02-27 02:27:22.378  val_finetune_dtvu_steps_1/acc@05 = 0.6500  
2025-02-27 02:27:22.378  val_finetune_dtvu_steps_1/acc@10 = 0.7500  
2025-02-27 02:27:22.378  val_finetune_dtvu_steps_1/acc@20 = 0.8500  
2025-02-27 02:27:22.378  
  
2025-02-27 02:27:22.425  
  
2025-02-27 02:27:22.425  [VAL_FINETUNE_DTVU_STEPS_3] epoch_42  
2025-02-27 02:27:22.425  =============================================  
2025-02-27 02:27:22.425  val_finetune_dtvu_steps_3/loss = 3.1902  
2025-02-27 02:27:22.425  val_finetune_dtvu_steps_3/acc@01 = 0.3667  
2025-02-27 02:27:22.425  val_finetune_dtvu_steps_3/acc@05 = 0.5667  
2025-02-27 02:27:22.425  val_finetune_dtvu_steps_3/acc@10 = 0.7000  
2025-02-27 02:27:22.425  val_finetune_dtvu_steps_3/acc@20 = 0.7667  
2025-02-27 02:27:22.425  
  
2025-02-27 02:27:22.867  
  
2025-02-27 02:27:22.867  [TRN] epoch_43  
2025-02-27 02:27:22.867  =============================================  
2025-02-27 02:27:22.867  trn/loss = 2.8921  
2025-02-27 02:27:22.867  trn/acc@01 = 0.2962  
2025-02-27 02:27:22.867  trn/acc@05 = 0.6385  
2025-02-27 02:27:22.867  trn/acc@10 = 0.7519  
2025-02-27 02:27:22.867  trn/acc@20 = 0.8692  
2025-02-27 02:27:22.867  
  
2025-02-27 02:27:22.914  
  
2025-02-27 02:27:22.914  [VAL_FINETUNE_DTVU_STEPS_1] epoch_43  
2025-02-27 02:27:22.914  =============================================  
2025-02-27 02:27:22.914  val_finetune_dtvu_steps_1/loss = 2.9924  
2025-02-27 02:27:22.914  val_finetune_dtvu_steps_1/acc@01 = 0.3000  
2025-02-27 02:27:22.914  val_finetune_dtvu_steps_1/acc@05 = 0.5500  
2025-02-27 02:27:22.914  val_finetune_dtvu_steps_1/acc@10 = 0.8000  
2025-02-27 02:27:22.914  val_finetune_dtvu_steps_1/acc@20 = 0.9000  
2025-02-27 02:27:22.914  
  
2025-02-27 02:27:22.973  
  
2025-02-27 02:27:22.975  [VAL_FINETUNE_DTVU_STEPS_3] epoch_43  
2025-02-27 02:27:22.975  =============================================  
2025-02-27 02:27:22.975  val_finetune_dtvu_steps_3/loss = 3.2942  
2025-02-27 02:27:22.975  val_finetune_dtvu_steps_3/acc@01 = 0.3167  
2025-02-27 02:27:22.975  val_finetune_dtvu_steps_3/acc@05 = 0.5333  
2025-02-27 02:27:22.975  val_finetune_dtvu_steps_3/acc@10 = 0.6833  
2025-02-27 02:27:22.975  val_finetune_dtvu_steps_3/acc@20 = 0.8333  
2025-02-27 02:27:22.975  
  
2025-02-27 02:27:23.413  
  
2025-02-27 02:27:23.413  [TRN] epoch_44  
2025-02-27 02:27:23.413  =============================================  
2025-02-27 02:27:23.413  trn/loss = 2.7135  
2025-02-27 02:27:23.413  trn/acc@01 = 0.3157  
2025-02-27 02:27:23.413  trn/acc@05 = 0.6784  
2025-02-27 02:27:23.413  trn/acc@10 = 0.7902  
2025-02-27 02:27:23.413  trn/acc@20 = 0.8784  
2025-02-27 02:27:23.413  
  
2025-02-27 02:27:23.448  
  
2025-02-27 02:27:23.448  [VAL_FINETUNE_DTVU_STEPS_1] epoch_44  
2025-02-27 02:27:23.448  =============================================  
2025-02-27 02:27:23.448  val_finetune_dtvu_steps_1/loss = 2.7438  
2025-02-27 02:27:23.448  val_finetune_dtvu_steps_1/acc@01 = 0.4000  
2025-02-27 02:27:23.448  val_finetune_dtvu_steps_1/acc@05 = 0.7000  
2025-02-27 02:27:23.448  val_finetune_dtvu_steps_1/acc@10 = 0.8000  
2025-02-27 02:27:23.448  val_finetune_dtvu_steps_1/acc@20 = 0.8500  
2025-02-27 02:27:23.448  
  
2025-02-27 02:27:23.508  
  
2025-02-27 02:27:23.508  [VAL_FINETUNE_DTVU_STEPS_3] epoch_44  
2025-02-27 02:27:23.508  =============================================  
2025-02-27 02:27:23.508  val_finetune_dtvu_steps_3/loss = 3.1353  
2025-02-27 02:27:23.508  val_finetune_dtvu_steps_3/acc@01 = 0.4000  
2025-02-27 02:27:23.508  val_finetune_dtvu_steps_3/acc@05 = 0.6000  
2025-02-27 02:27:23.511  val_finetune_dtvu_steps_3/acc@10 = 0.7000  
2025-02-27 02:27:23.511  val_finetune_dtvu_steps_3/acc@20 = 0.8000  
2025-02-27 02:27:23.511  
  
2025-02-27 02:27:23.921  
  
2025-02-27 02:27:23.921  [TRN] epoch_45  
2025-02-27 02:27:23.921  =============================================  
2025-02-27 02:27:23.921  trn/loss = 2.6513  
2025-02-27 02:27:23.921  trn/acc@01 = 0.3175  
2025-02-27 02:27:23.921  trn/acc@05 = 0.7010  
2025-02-27 02:27:23.921  trn/acc@10 = 0.8062  
2025-02-27 02:27:23.921  trn/acc@20 = 0.9072  
2025-02-27 02:27:23.921  
  
2025-02-27 02:27:23.967  
  
2025-02-27 02:27:23.967  [VAL_FINETUNE_DTVU_STEPS_1] epoch_45  
2025-02-27 02:27:23.967  =============================================  
2025-02-27 02:27:23.967  val_finetune_dtvu_steps_1/loss = 2.7075  
2025-02-27 02:27:23.967  val_finetune_dtvu_steps_1/acc@01 = 0.3500  
2025-02-27 02:27:23.967  val_finetune_dtvu_steps_1/acc@05 = 0.7000  
2025-02-27 02:27:23.967  val_finetune_dtvu_steps_1/acc@10 = 0.8000  
2025-02-27 02:27:23.967  val_finetune_dtvu_steps_1/acc@20 = 0.9000  
2025-02-27 02:27:23.967  
  
2025-02-27 02:27:24.014  
  
2025-02-27 02:27:24.014  [VAL_FINETUNE_DTVU_STEPS_3] epoch_45  
2025-02-27 02:27:24.014  =============================================  
2025-02-27 02:27:24.014  val_finetune_dtvu_steps_3/loss = 3.1015  
2025-02-27 02:27:24.014  val_finetune_dtvu_steps_3/acc@01 = 0.3667  
2025-02-27 02:27:24.014  val_finetune_dtvu_steps_3/acc@05 = 0.5833  
2025-02-27 02:27:24.014  val_finetune_dtvu_steps_3/acc@10 = 0.7000  
2025-02-27 02:27:24.014  val_finetune_dtvu_steps_3/acc@20 = 0.8333  
2025-02-27 02:27:24.014  
  
2025-02-27 02:27:24.437  
  
2025-02-27 02:27:24.437  [TRN] epoch_46  
2025-02-27 02:27:24.437  =============================================  
2025-02-27 02:27:24.437  trn/loss = 2.6096  
2025-02-27 02:27:24.437  trn/acc@01 = 0.3229  
2025-02-27 02:27:24.437  trn/acc@05 = 0.6917  
2025-02-27 02:27:24.437  trn/acc@10 = 0.8000  
2025-02-27 02:27:24.437  trn/acc@20 = 0.9046  
2025-02-27 02:27:24.437  
  
2025-02-27 02:27:24.500  
  
2025-02-27 02:27:24.500  [VAL_FINETUNE_DTVU_STEPS_1] epoch_46  
2025-02-27 02:27:24.500  =============================================  
2025-02-27 02:27:24.500  val_finetune_dtvu_steps_1/loss = 2.7478  
2025-02-27 02:27:24.500  val_finetune_dtvu_steps_1/acc@01 = 0.3000  
2025-02-27 02:27:24.500  val_finetune_dtvu_steps_1/acc@05 = 0.7000  
2025-02-27 02:27:24.500  val_finetune_dtvu_steps_1/acc@10 = 0.8000  
2025-02-27 02:27:24.500  val_finetune_dtvu_steps_1/acc@20 = 0.9000  
2025-02-27 02:27:24.500  
  
2025-02-27 02:27:24.547  
  
2025-02-27 02:27:24.547  [VAL_FINETUNE_DTVU_STEPS_3] epoch_46  
2025-02-27 02:27:24.547  =============================================  
2025-02-27 02:27:24.547  val_finetune_dtvu_steps_3/loss = 3.1311  
2025-02-27 02:27:24.547  val_finetune_dtvu_steps_3/acc@01 = 0.3167  
2025-02-27 02:27:24.547  val_finetune_dtvu_steps_3/acc@05 = 0.6167  
2025-02-27 02:27:24.547  val_finetune_dtvu_steps_3/acc@10 = 0.6833  
2025-02-27 02:27:24.547  val_finetune_dtvu_steps_3/acc@20 = 0.8333  
2025-02-27 02:27:24.547  
  
2025-02-27 02:27:24.968  
  
2025-02-27 02:27:24.968  [TRN] epoch_47  
2025-02-27 02:27:24.968  =============================================  
2025-02-27 02:27:24.968  trn/loss = 2.5844  
2025-02-27 02:27:24.968  trn/acc@01 = 0.3694  
2025-02-27 02:27:24.968  trn/acc@05 = 0.6918  
2025-02-27 02:27:24.968  trn/acc@10 = 0.7837  
2025-02-27 02:27:24.968  trn/acc@20 = 0.8878  
2025-02-27 02:27:24.968  
  
2025-02-27 02:27:25.016  
  
2025-02-27 02:27:25.016  [VAL_FINETUNE_DTVU_STEPS_1] epoch_47  
2025-02-27 02:27:25.016  =============================================  
2025-02-27 02:27:25.016  val_finetune_dtvu_steps_1/loss = 2.7914  
2025-02-27 02:27:25.016  val_finetune_dtvu_steps_1/acc@01 = 0.3500  
2025-02-27 02:27:25.016  val_finetune_dtvu_steps_1/acc@05 = 0.6500  
2025-02-27 02:27:25.016  val_finetune_dtvu_steps_1/acc@10 = 0.8000  
2025-02-27 02:27:25.016  val_finetune_dtvu_steps_1/acc@20 = 0.9000  
2025-02-27 02:27:25.016  
  
2025-02-27 02:27:25.066  
  
2025-02-27 02:27:25.066  [VAL_FINETUNE_DTVU_STEPS_3] epoch_47  
2025-02-27 02:27:25.066  =============================================  
2025-02-27 02:27:25.066  val_finetune_dtvu_steps_3/loss = 3.1367  
2025-02-27 02:27:25.066  val_finetune_dtvu_steps_3/acc@01 = 0.3333  
2025-02-27 02:27:25.066  val_finetune_dtvu_steps_3/acc@05 = 0.5667  
2025-02-27 02:27:25.066  val_finetune_dtvu_steps_3/acc@10 = 0.6833  
2025-02-27 02:27:25.066  val_finetune_dtvu_steps_3/acc@20 = 0.8333  
2025-02-27 02:27:25.066  
  
2025-02-27 02:27:25.491  
  
2025-02-27 02:27:25.491  [TRN] epoch_48  
2025-02-27 02:27:25.491  =============================================  
2025-02-27 02:27:25.491  trn/loss = 2.7256  
2025-02-27 02:27:25.491  trn/acc@01 = 0.2781  
2025-02-27 02:27:25.491  trn/acc@05 = 0.6705  
2025-02-27 02:27:25.491  trn/acc@10 = 0.7790  
2025-02-27 02:27:25.491  trn/acc@20 = 0.8933  
2025-02-27 02:27:25.491  
  
2025-02-27 02:27:25.539  
  
2025-02-27 02:27:25.539  [VAL_FINETUNE_DTVU_STEPS_1] epoch_48  
2025-02-27 02:27:25.539  =============================================  
2025-02-27 02:27:25.539  val_finetune_dtvu_steps_1/loss = 2.7036  
2025-02-27 02:27:25.539  val_finetune_dtvu_steps_1/acc@01 = 0.4500  
2025-02-27 02:27:25.539  val_finetune_dtvu_steps_1/acc@05 = 0.6500  
2025-02-27 02:27:25.539  val_finetune_dtvu_steps_1/acc@10 = 0.8000  
2025-02-27 02:27:25.539  val_finetune_dtvu_steps_1/acc@20 = 0.8500  
2025-02-27 02:27:25.539  
  
2025-02-27 02:27:25.586  
  
2025-02-27 02:27:25.586  [VAL_FINETUNE_DTVU_STEPS_3] epoch_48  
2025-02-27 02:27:25.586  =============================================  
2025-02-27 02:27:25.586  val_finetune_dtvu_steps_3/loss = 3.1648  
2025-02-27 02:27:25.586  val_finetune_dtvu_steps_3/acc@01 = 0.4167  
2025-02-27 02:27:25.586  val_finetune_dtvu_steps_3/acc@05 = 0.5833  
2025-02-27 02:27:25.586  val_finetune_dtvu_steps_3/acc@10 = 0.6667  
2025-02-27 02:27:25.586  val_finetune_dtvu_steps_3/acc@20 = 0.7833  
2025-02-27 02:27:25.586  
  
2025-02-27 02:27:25.998  
  
2025-02-27 02:27:25.998  [TRN] epoch_49  
2025-02-27 02:27:25.998  =============================================  
2025-02-27 02:27:25.998  trn/loss = 2.7938  
2025-02-27 02:27:25.998  trn/acc@01 = 0.2970  
2025-02-27 02:27:25.998  trn/acc@05 = 0.6788  
2025-02-27 02:27:25.998  trn/acc@10 = 0.7919  
2025-02-27 02:27:25.998  trn/acc@20 = 0.8949  
2025-02-27 02:27:25.998  
  
2025-02-27 02:27:26.046  
  
2025-02-27 02:27:26.046  [VAL_FINETUNE_DTVU_STEPS_1] epoch_49  
2025-02-27 02:27:26.062  =============================================  
2025-02-27 02:27:26.062  val_finetune_dtvu_steps_1/loss = 2.5589  
2025-02-27 02:27:26.062  val_finetune_dtvu_steps_1/acc@01 = 0.3000  
2025-02-27 02:27:26.062  val_finetune_dtvu_steps_1/acc@05 = 0.7000  
2025-02-27 02:27:26.062  val_finetune_dtvu_steps_1/acc@10 = 0.8000  
2025-02-27 02:27:26.062  val_finetune_dtvu_steps_1/acc@20 = 0.9000  
2025-02-27 02:27:26.062  
  
2025-02-27 02:27:26.109  
  
2025-02-27 02:27:26.109  [VAL_FINETUNE_DTVU_STEPS_3] epoch_49  
2025-02-27 02:27:26.109  =============================================  
2025-02-27 02:27:26.109  val_finetune_dtvu_steps_3/loss = 3.2497  
2025-02-27 02:27:26.109  val_finetune_dtvu_steps_3/acc@01 = 0.2500  
2025-02-27 02:27:26.109  val_finetune_dtvu_steps_3/acc@05 = 0.6167  
2025-02-27 02:27:26.109  val_finetune_dtvu_steps_3/acc@10 = 0.6667  
2025-02-27 02:27:26.109  val_finetune_dtvu_steps_3/acc@20 = 0.8000  
2025-02-27 02:27:26.109  
  
2025-02-27 02:27:26.523  
  
2025-02-27 02:27:26.523  [TRN] epoch_50  
2025-02-27 02:27:26.523  =============================================  
2025-02-27 02:27:26.523  trn/loss = 2.8300  
2025-02-27 02:27:26.523  trn/acc@01 = 0.2822  
2025-02-27 02:27:26.523  trn/acc@05 = 0.6556  
2025-02-27 02:27:26.523  trn/acc@10 = 0.7733  
2025-02-27 02:27:26.523  trn/acc@20 = 0.8889  
2025-02-27 02:27:26.523  
  
2025-02-27 02:27:26.570  
  
2025-02-27 02:27:26.570  [VAL_FINETUNE_DTVU_STEPS_1] epoch_50  
2025-02-27 02:27:26.570  =============================================  
2025-02-27 02:27:26.570  val_finetune_dtvu_steps_1/loss = 2.7645  
2025-02-27 02:27:26.570  val_finetune_dtvu_steps_1/acc@01 = 0.3500  
2025-02-27 02:27:26.570  val_finetune_dtvu_steps_1/acc@05 = 0.6000  
2025-02-27 02:27:26.570  val_finetune_dtvu_steps_1/acc@10 = 0.9000  
2025-02-27 02:27:26.570  val_finetune_dtvu_steps_1/acc@20 = 0.9000  
2025-02-27 02:27:26.570  
  
2025-02-27 02:27:26.619  
  
2025-02-27 02:27:26.619  [VAL_FINETUNE_DTVU_STEPS_3] epoch_50  
2025-02-27 02:27:26.619  =============================================  
2025-02-27 02:27:26.619  val_finetune_dtvu_steps_3/loss = 3.0779  
2025-02-27 02:27:26.619  val_finetune_dtvu_steps_3/acc@01 = 0.3333  
2025-02-27 02:27:26.619  val_finetune_dtvu_steps_3/acc@05 = 0.5667  
2025-02-27 02:27:26.619  val_finetune_dtvu_steps_3/acc@10 = 0.8167  
2025-02-27 02:27:26.619  val_finetune_dtvu_steps_3/acc@20 = 0.8333  
2025-02-27 02:27:26.619  
  
2025-02-27 02:27:27.047  
  
2025-02-27 02:27:27.047  [TRN] epoch_51  
2025-02-27 02:27:27.047  =============================================  
2025-02-27 02:27:27.047  trn/loss = 2.9353  
2025-02-27 02:27:27.047  trn/acc@01 = 0.3086  
2025-02-27 02:27:27.047  trn/acc@05 = 0.6381  
2025-02-27 02:27:27.047  trn/acc@10 = 0.7676  
2025-02-27 02:27:27.047  trn/acc@20 = 0.8667  
2025-02-27 02:27:27.047  
  
2025-02-27 02:27:27.094  
  
2025-02-27 02:27:27.094  [VAL_FINETUNE_DTVU_STEPS_1] epoch_51  
2025-02-27 02:27:27.094  =============================================  
2025-02-27 02:27:27.094  val_finetune_dtvu_steps_1/loss = 2.8904  
2025-02-27 02:27:27.094  val_finetune_dtvu_steps_1/acc@01 = 0.3000  
2025-02-27 02:27:27.094  val_finetune_dtvu_steps_1/acc@05 = 0.6500  
2025-02-27 02:27:27.094  val_finetune_dtvu_steps_1/acc@10 = 0.7500  
2025-02-27 02:27:27.094  val_finetune_dtvu_steps_1/acc@20 = 0.9000  
2025-02-27 02:27:27.094  
  
2025-02-27 02:27:27.142  
  
2025-02-27 02:27:27.142  [VAL_FINETUNE_DTVU_STEPS_3] epoch_51  
2025-02-27 02:27:27.142  =============================================  
2025-02-27 02:27:27.142  val_finetune_dtvu_steps_3/loss = 3.1453  
2025-02-27 02:27:27.142  val_finetune_dtvu_steps_3/acc@01 = 0.3333  
2025-02-27 02:27:27.142  val_finetune_dtvu_steps_3/acc@05 = 0.5833  
2025-02-27 02:27:27.142  val_finetune_dtvu_steps_3/acc@10 = 0.7000  
2025-02-27 02:27:27.142  val_finetune_dtvu_steps_3/acc@20 = 0.8333  
2025-02-27 02:27:27.142  
  
2025-02-27 02:27:27.566  
  
2025-02-27 02:27:27.566  [TRN] epoch_52  
2025-02-27 02:27:27.566  =============================================  
2025-02-27 02:27:27.566  trn/loss = 2.6949  
2025-02-27 02:27:27.566  trn/acc@01 = 0.3645  
2025-02-27 02:27:27.566  trn/acc@05 = 0.6486  
2025-02-27 02:27:27.566  trn/acc@10 = 0.7720  
2025-02-27 02:27:27.566  trn/acc@20 = 0.8729  
2025-02-27 02:27:27.566  
  
2025-02-27 02:27:27.623  
  
2025-02-27 02:27:27.623  [VAL_FINETUNE_DTVU_STEPS_1] epoch_52  
2025-02-27 02:27:27.623  =============================================  
2025-02-27 02:27:27.623  val_finetune_dtvu_steps_1/loss = 2.9396  
2025-02-27 02:27:27.623  val_finetune_dtvu_steps_1/acc@01 = 0.3000  
2025-02-27 02:27:27.623  val_finetune_dtvu_steps_1/acc@05 = 0.6500  
2025-02-27 02:27:27.623  val_finetune_dtvu_steps_1/acc@10 = 0.8000  
2025-02-27 02:27:27.623  val_finetune_dtvu_steps_1/acc@20 = 0.9000  
2025-02-27 02:27:27.623  
  
2025-02-27 02:27:27.661  
  
2025-02-27 02:27:27.661  [VAL_FINETUNE_DTVU_STEPS_3] epoch_52  
2025-02-27 02:27:27.661  =============================================  
2025-02-27 02:27:27.661  val_finetune_dtvu_steps_3/loss = 3.2025  
2025-02-27 02:27:27.661  val_finetune_dtvu_steps_3/acc@01 = 0.3500  
2025-02-27 02:27:27.661  val_finetune_dtvu_steps_3/acc@05 = 0.5500  
2025-02-27 02:27:27.661  val_finetune_dtvu_steps_3/acc@10 = 0.7333  
2025-02-27 02:27:27.661  val_finetune_dtvu_steps_3/acc@20 = 0.8333  
2025-02-27 02:27:27.661  
  
2025-02-27 02:27:28.088  
  
2025-02-27 02:27:28.088  [TRN] epoch_53  
2025-02-27 02:27:28.088  =============================================  
2025-02-27 02:27:28.088  trn/loss = 2.6005  
2025-02-27 02:27:28.088  trn/acc@01 = 0.3226  
2025-02-27 02:27:28.088  trn/acc@05 = 0.6717  
2025-02-27 02:27:28.088  trn/acc@10 = 0.8132  
2025-02-27 02:27:28.088  trn/acc@20 = 0.9132  
2025-02-27 02:27:28.088  
  
2025-02-27 02:27:28.132  
  
2025-02-27 02:27:28.132  [VAL_FINETUNE_DTVU_STEPS_1] epoch_53  
2025-02-27 02:27:28.132  =============================================  
2025-02-27 02:27:28.132  val_finetune_dtvu_steps_1/loss = 2.8503  
2025-02-27 02:27:28.132  val_finetune_dtvu_steps_1/acc@01 = 0.3000  
2025-02-27 02:27:28.132  val_finetune_dtvu_steps_1/acc@05 = 0.6500  
2025-02-27 02:27:28.132  val_finetune_dtvu_steps_1/acc@10 = 0.8000  
2025-02-27 02:27:28.132  val_finetune_dtvu_steps_1/acc@20 = 0.9000  
2025-02-27 02:27:28.132  
  
2025-02-27 02:27:28.194  
  
2025-02-27 02:27:28.194  [VAL_FINETUNE_DTVU_STEPS_3] epoch_53  
2025-02-27 02:27:28.194  =============================================  
2025-02-27 02:27:28.194  val_finetune_dtvu_steps_3/loss = 3.1221  
2025-02-27 02:27:28.194  val_finetune_dtvu_steps_3/acc@01 = 0.3500  
2025-02-27 02:27:28.194  val_finetune_dtvu_steps_3/acc@05 = 0.5667  
2025-02-27 02:27:28.194  val_finetune_dtvu_steps_3/acc@10 = 0.7333  
2025-02-27 02:27:28.194  val_finetune_dtvu_steps_3/acc@20 = 0.8333  
2025-02-27 02:27:28.194  
  
2025-02-27 02:27:28.604  
  
2025-02-27 02:27:28.604  [TRN] epoch_54  
2025-02-27 02:27:28.604  =============================================  
2025-02-27 02:27:28.604  trn/loss = 2.6840  
2025-02-27 02:27:28.604  trn/acc@01 = 0.3182  
2025-02-27 02:27:28.604  trn/acc@05 = 0.6818  
2025-02-27 02:27:28.604  trn/acc@10 = 0.8000  
2025-02-27 02:27:28.604  trn/acc@20 = 0.8909  
2025-02-27 02:27:28.604  
  
2025-02-27 02:27:28.654  
  
2025-02-27 02:27:28.654  [VAL_FINETUNE_DTVU_STEPS_1] epoch_54  
2025-02-27 02:27:28.654  =============================================  
2025-02-27 02:27:28.654  val_finetune_dtvu_steps_1/loss = 2.7995  
2025-02-27 02:27:28.654  val_finetune_dtvu_steps_1/acc@01 = 0.3000  
2025-02-27 02:27:28.654  val_finetune_dtvu_steps_1/acc@05 = 0.7000  
2025-02-27 02:27:28.654  val_finetune_dtvu_steps_1/acc@10 = 0.8500  
2025-02-27 02:27:28.654  val_finetune_dtvu_steps_1/acc@20 = 0.9000  
2025-02-27 02:27:28.654  
  
2025-02-27 02:27:28.715  
  
2025-02-27 02:27:28.715  [VAL_FINETUNE_DTVU_STEPS_3] epoch_54  
2025-02-27 02:27:28.715  =============================================  
2025-02-27 02:27:28.715  val_finetune_dtvu_steps_3/loss = 3.0959  
2025-02-27 02:27:28.715  val_finetune_dtvu_steps_3/acc@01 = 0.3667  
2025-02-27 02:27:28.715  val_finetune_dtvu_steps_3/acc@05 = 0.6000  
2025-02-27 02:27:28.715  val_finetune_dtvu_steps_3/acc@10 = 0.7167  
2025-02-27 02:27:28.715  val_finetune_dtvu_steps_3/acc@20 = 0.8333  
2025-02-27 02:27:28.715  
  
2025-02-27 02:27:29.128  
  
2025-02-27 02:27:29.141  [TRN] epoch_55  
2025-02-27 02:27:29.141  =============================================  
2025-02-27 02:27:29.142  trn/loss = 2.6729  
2025-02-27 02:27:29.142  trn/acc@01 = 0.3371  
2025-02-27 02:27:29.142  trn/acc@05 = 0.6895  
2025-02-27 02:27:29.142  trn/acc@10 = 0.7943  
2025-02-27 02:27:29.142  trn/acc@20 = 0.8800  
2025-02-27 02:27:29.142  
  
2025-02-27 02:27:29.172  
  
2025-02-27 02:27:29.172  [VAL_FINETUNE_DTVU_STEPS_1] epoch_55  
2025-02-27 02:27:29.172  =============================================  
2025-02-27 02:27:29.172  val_finetune_dtvu_steps_1/loss = 2.7770  
2025-02-27 02:27:29.188  val_finetune_dtvu_steps_1/acc@01 = 0.3500  
2025-02-27 02:27:29.188  val_finetune_dtvu_steps_1/acc@05 = 0.7000  
2025-02-27 02:27:29.188  val_finetune_dtvu_steps_1/acc@10 = 0.8500  
2025-02-27 02:27:29.188  val_finetune_dtvu_steps_1/acc@20 = 0.9000  
2025-02-27 02:27:29.188  
  
2025-02-27 02:27:29.235  
  
2025-02-27 02:27:29.235  [VAL_FINETUNE_DTVU_STEPS_3] epoch_55  
2025-02-27 02:27:29.235  =============================================  
2025-02-27 02:27:29.235  val_finetune_dtvu_steps_3/loss = 3.0748  
2025-02-27 02:27:29.235  val_finetune_dtvu_steps_3/acc@01 = 0.3667  
2025-02-27 02:27:29.235  val_finetune_dtvu_steps_3/acc@05 = 0.6000  
2025-02-27 02:27:29.235  val_finetune_dtvu_steps_3/acc@10 = 0.7000  
2025-02-27 02:27:29.235  val_finetune_dtvu_steps_3/acc@20 = 0.8333  
2025-02-27 02:27:29.235  
  
2025-02-27 02:27:29.668  
  
2025-02-27 02:27:29.668  [TRN] epoch_56  
2025-02-27 02:27:29.668  =============================================  
2025-02-27 02:27:29.668  trn/loss = 2.8015  
2025-02-27 02:27:29.668  trn/acc@01 = 0.2804  
2025-02-27 02:27:29.668  trn/acc@05 = 0.6429  
2025-02-27 02:27:29.668  trn/acc@10 = 0.7607  
2025-02-27 02:27:29.668  trn/acc@20 = 0.8750  
2025-02-27 02:27:29.668  
  
2025-02-27 02:27:29.720  
  
2025-02-27 02:27:29.720  [VAL_FINETUNE_DTVU_STEPS_1] epoch_56  
2025-02-27 02:27:29.720  =============================================  
2025-02-27 02:27:29.720  val_finetune_dtvu_steps_1/loss = 2.8077  
2025-02-27 02:27:29.720  val_finetune_dtvu_steps_1/acc@01 = 0.3000  
2025-02-27 02:27:29.722  val_finetune_dtvu_steps_1/acc@05 = 0.7000  
2025-02-27 02:27:29.722  val_finetune_dtvu_steps_1/acc@10 = 0.8000  
2025-02-27 02:27:29.722  val_finetune_dtvu_steps_1/acc@20 = 0.9000  
2025-02-27 02:27:29.722  
  
2025-02-27 02:27:29.770  
  
2025-02-27 02:27:29.770  [VAL_FINETUNE_DTVU_STEPS_3] epoch_56  
2025-02-27 02:27:29.770  =============================================  
2025-02-27 02:27:29.770  val_finetune_dtvu_steps_3/loss = 3.1344  
2025-02-27 02:27:29.770  val_finetune_dtvu_steps_3/acc@01 = 0.2833  
2025-02-27 02:27:29.770  val_finetune_dtvu_steps_3/acc@05 = 0.6333  
2025-02-27 02:27:29.770  val_finetune_dtvu_steps_3/acc@10 = 0.7500  
2025-02-27 02:27:29.770  val_finetune_dtvu_steps_3/acc@20 = 0.8000  
2025-02-27 02:27:29.770  
  
2025-02-27 02:27:30.211  
  
2025-02-27 02:27:30.211  [TRN] epoch_57  
2025-02-27 02:27:30.211  =============================================  
2025-02-27 02:27:30.211  trn/loss = 2.5876  
2025-02-27 02:27:30.211  trn/acc@01 = 0.3596  
2025-02-27 02:27:30.211  trn/acc@05 = 0.7064  
2025-02-27 02:27:30.211  trn/acc@10 = 0.8128  
2025-02-27 02:27:30.211  trn/acc@20 = 0.8872  
2025-02-27 02:27:30.211  
  
2025-02-27 02:27:30.259  
  
2025-02-27 02:27:30.259  [VAL_FINETUNE_DTVU_STEPS_1] epoch_57  
2025-02-27 02:27:30.259  =============================================  
2025-02-27 02:27:30.259  val_finetune_dtvu_steps_1/loss = 2.8843  
2025-02-27 02:27:30.259  val_finetune_dtvu_steps_1/acc@01 = 0.3500  
2025-02-27 02:27:30.259  val_finetune_dtvu_steps_1/acc@05 = 0.7000  
2025-02-27 02:27:30.259  val_finetune_dtvu_steps_1/acc@10 = 0.8000  
2025-02-27 02:27:30.259  val_finetune_dtvu_steps_1/acc@20 = 0.8500  
2025-02-27 02:27:30.259  
  
2025-02-27 02:27:30.306  
  
2025-02-27 02:27:30.306  [VAL_FINETUNE_DTVU_STEPS_3] epoch_57  
2025-02-27 02:27:30.306  =============================================  
2025-02-27 02:27:30.306  val_finetune_dtvu_steps_3/loss = 3.1361  
2025-02-27 02:27:30.306  val_finetune_dtvu_steps_3/acc@01 = 0.3667  
2025-02-27 02:27:30.306  val_finetune_dtvu_steps_3/acc@05 = 0.6500  
2025-02-27 02:27:30.306  val_finetune_dtvu_steps_3/acc@10 = 0.7333  
2025-02-27 02:27:30.306  val_finetune_dtvu_steps_3/acc@20 = 0.8167  
2025-02-27 02:27:30.306  
  
2025-02-27 02:27:30.756  
  
2025-02-27 02:27:30.756  [TRN] epoch_58  
2025-02-27 02:27:30.756  =============================================  
2025-02-27 02:27:30.756  trn/loss = 2.7592  
2025-02-27 02:27:30.756  trn/acc@01 = 0.3184  
2025-02-27 02:27:30.756  trn/acc@05 = 0.6699  
2025-02-27 02:27:30.756  trn/acc@10 = 0.7942  
2025-02-27 02:27:30.756  trn/acc@20 = 0.8796  
2025-02-27 02:27:30.756  
  
2025-02-27 02:27:30.813  
  
2025-02-27 02:27:30.813  [VAL_FINETUNE_DTVU_STEPS_1] epoch_58  
2025-02-27 02:27:30.813  =============================================  
2025-02-27 02:27:30.813  val_finetune_dtvu_steps_1/loss = 2.6984  
2025-02-27 02:27:30.813  val_finetune_dtvu_steps_1/acc@01 = 0.4000  
2025-02-27 02:27:30.813  val_finetune_dtvu_steps_1/acc@05 = 0.7000  
2025-02-27 02:27:30.813  val_finetune_dtvu_steps_1/acc@10 = 0.8500  
2025-02-27 02:27:30.813  val_finetune_dtvu_steps_1/acc@20 = 0.9000  
2025-02-27 02:27:30.813  
  
2025-02-27 02:27:30.862  
  
2025-02-27 02:27:30.862  [VAL_FINETUNE_DTVU_STEPS_3] epoch_58  
2025-02-27 02:27:30.862  =============================================  
2025-02-27 02:27:30.862  val_finetune_dtvu_steps_3/loss = 3.0612  
2025-02-27 02:27:30.862  val_finetune_dtvu_steps_3/acc@01 = 0.3500  
2025-02-27 02:27:30.862  val_finetune_dtvu_steps_3/acc@05 = 0.5833  
2025-02-27 02:27:30.862  val_finetune_dtvu_steps_3/acc@10 = 0.7500  
2025-02-27 02:27:30.862  val_finetune_dtvu_steps_3/acc@20 = 0.8167  
2025-02-27 02:27:30.862  
  
2025-02-27 02:27:31.301  
  
2025-02-27 02:27:31.301  [TRN] epoch_59  
2025-02-27 02:27:31.301  =============================================  
2025-02-27 02:27:31.301  trn/loss = 2.7127  
2025-02-27 02:27:31.301  trn/acc@01 = 0.3626  
2025-02-27 02:27:31.301  trn/acc@05 = 0.6841  
2025-02-27 02:27:31.301  trn/acc@10 = 0.7907  
2025-02-27 02:27:31.301  trn/acc@20 = 0.8860  
2025-02-27 02:27:31.301  
  
2025-02-27 02:27:31.346  
  
2025-02-27 02:27:31.346  [VAL_FINETUNE_DTVU_STEPS_1] epoch_59  
2025-02-27 02:27:31.346  =============================================  
2025-02-27 02:27:31.346  val_finetune_dtvu_steps_1/loss = 2.8065  
2025-02-27 02:27:31.346  val_finetune_dtvu_steps_1/acc@01 = 0.2500  
2025-02-27 02:27:31.346  val_finetune_dtvu_steps_1/acc@05 = 0.7000  
2025-02-27 02:27:31.346  val_finetune_dtvu_steps_1/acc@10 = 0.8000  
2025-02-27 02:27:31.346  val_finetune_dtvu_steps_1/acc@20 = 0.9000  
2025-02-27 02:27:31.346  
  
2025-02-27 02:27:31.394  
  
2025-02-27 02:27:31.394  [VAL_FINETUNE_DTVU_STEPS_3] epoch_59  
2025-02-27 02:27:31.394  =============================================  
2025-02-27 02:27:31.394  val_finetune_dtvu_steps_3/loss = 3.1269  
2025-02-27 02:27:31.394  val_finetune_dtvu_steps_3/acc@01 = 0.3333  
2025-02-27 02:27:31.394  val_finetune_dtvu_steps_3/acc@05 = 0.6000  
2025-02-27 02:27:31.394  val_finetune_dtvu_steps_3/acc@10 = 0.7500  
2025-02-27 02:27:31.394  val_finetune_dtvu_steps_3/acc@20 = 0.8333  
2025-02-27 02:27:31.394  
  
2025-02-27 02:27:31.834  
  
2025-02-27 02:27:31.834  [TRN] epoch_60  
2025-02-27 02:27:31.834  =============================================  
2025-02-27 02:27:31.834  trn/loss = 2.6070  
2025-02-27 02:27:31.834  trn/acc@01 = 0.3376  
2025-02-27 02:27:31.834  trn/acc@05 = 0.7183  
2025-02-27 02:27:31.834  trn/acc@10 = 0.8043  
2025-02-27 02:27:31.834  trn/acc@20 = 0.9075  
2025-02-27 02:27:31.834  
  
2025-02-27 02:27:31.881  
  
2025-02-27 02:27:31.881  [VAL_FINETUNE_DTVU_STEPS_1] epoch_60  
2025-02-27 02:27:31.881  =============================================  
2025-02-27 02:27:31.881  val_finetune_dtvu_steps_1/loss = 2.6979  
2025-02-27 02:27:31.881  val_finetune_dtvu_steps_1/acc@01 = 0.4000  
2025-02-27 02:27:31.881  val_finetune_dtvu_steps_1/acc@05 = 0.6500  
2025-02-27 02:27:31.881  val_finetune_dtvu_steps_1/acc@10 = 0.7500  
2025-02-27 02:27:31.881  val_finetune_dtvu_steps_1/acc@20 = 0.9000  
2025-02-27 02:27:31.881  
  
2025-02-27 02:27:31.928  
  
2025-02-27 02:27:31.928  [VAL_FINETUNE_DTVU_STEPS_3] epoch_60  
2025-02-27 02:27:31.928  =============================================  
2025-02-27 02:27:31.928  val_finetune_dtvu_steps_3/loss = 3.0138  
2025-02-27 02:27:31.928  val_finetune_dtvu_steps_3/acc@01 = 0.3333  
2025-02-27 02:27:31.928  val_finetune_dtvu_steps_3/acc@05 = 0.6000  
2025-02-27 02:27:31.928  val_finetune_dtvu_steps_3/acc@10 = 0.7000  
2025-02-27 02:27:31.928  val_finetune_dtvu_steps_3/acc@20 = 0.8500  
2025-02-27 02:27:31.928  
  
2025-02-27 02:27:32.353  
  
2025-02-27 02:27:32.353  [TRN] epoch_61  
2025-02-27 02:27:32.353  =============================================  
2025-02-27 02:27:32.353  trn/loss = 2.5832  
2025-02-27 02:27:32.353  trn/acc@01 = 0.3176  
2025-02-27 02:27:32.353  trn/acc@05 = 0.7039  
2025-02-27 02:27:32.353  trn/acc@10 = 0.8353  
2025-02-27 02:27:32.353  trn/acc@20 = 0.9255  
2025-02-27 02:27:32.353  
  
2025-02-27 02:27:32.400  
  
2025-02-27 02:27:32.400  [VAL_FINETUNE_DTVU_STEPS_1] epoch_61  
2025-02-27 02:27:32.400  =============================================  
2025-02-27 02:27:32.400  val_finetune_dtvu_steps_1/loss = 2.7717  
2025-02-27 02:27:32.400  val_finetune_dtvu_steps_1/acc@01 = 0.3500  
2025-02-27 02:27:32.400  val_finetune_dtvu_steps_1/acc@05 = 0.7000  
2025-02-27 02:27:32.400  val_finetune_dtvu_steps_1/acc@10 = 0.8000  
2025-02-27 02:27:32.400  val_finetune_dtvu_steps_1/acc@20 = 0.9000  
2025-02-27 02:27:32.400  
  
2025-02-27 02:27:32.465  
  
2025-02-27 02:27:32.465  [VAL_FINETUNE_DTVU_STEPS_3] epoch_61  
2025-02-27 02:27:32.465  =============================================  
2025-02-27 02:27:32.465  val_finetune_dtvu_steps_3/loss = 3.0690  
2025-02-27 02:27:32.465  val_finetune_dtvu_steps_3/acc@01 = 0.3833  
2025-02-27 02:27:32.465  val_finetune_dtvu_steps_3/acc@05 = 0.6167  
2025-02-27 02:27:32.465  val_finetune_dtvu_steps_3/acc@10 = 0.7167  
2025-02-27 02:27:32.465  val_finetune_dtvu_steps_3/acc@20 = 0.8500  
2025-02-27 02:27:32.465  
  
2025-02-27 02:27:32.890  
  
2025-02-27 02:27:32.890  [TRN] epoch_62  
2025-02-27 02:27:32.890  =============================================  
2025-02-27 02:27:32.890  trn/loss = 2.3649  
2025-02-27 02:27:32.890  trn/acc@01 = 0.3696  
2025-02-27 02:27:32.890  trn/acc@05 = 0.7478  
2025-02-27 02:27:32.890  trn/acc@10 = 0.8457  
2025-02-27 02:27:32.890  trn/acc@20 = 0.9283  
2025-02-27 02:27:32.890  
  
2025-02-27 02:27:32.935  
  
2025-02-27 02:27:32.935  [VAL_FINETUNE_DTVU_STEPS_1] epoch_62  
2025-02-27 02:27:32.935  =============================================  
2025-02-27 02:27:32.935  val_finetune_dtvu_steps_1/loss = 2.7556  
2025-02-27 02:27:32.935  val_finetune_dtvu_steps_1/acc@01 = 0.4500  
2025-02-27 02:27:32.935  val_finetune_dtvu_steps_1/acc@05 = 0.7000  
2025-02-27 02:27:32.935  val_finetune_dtvu_steps_1/acc@10 = 0.8000  
2025-02-27 02:27:32.935  val_finetune_dtvu_steps_1/acc@20 = 0.9000  
2025-02-27 02:27:32.935  
  
2025-02-27 02:27:32.982  
  
2025-02-27 02:27:32.982  [VAL_FINETUNE_DTVU_STEPS_3] epoch_62  
2025-02-27 02:27:32.982  =============================================  
2025-02-27 02:27:32.982  val_finetune_dtvu_steps_3/loss = 3.0698  
2025-02-27 02:27:32.982  val_finetune_dtvu_steps_3/acc@01 = 0.3667  
2025-02-27 02:27:32.982  val_finetune_dtvu_steps_3/acc@05 = 0.6000  
2025-02-27 02:27:32.982  val_finetune_dtvu_steps_3/acc@10 = 0.7167  
2025-02-27 02:27:32.982  val_finetune_dtvu_steps_3/acc@20 = 0.8500  
2025-02-27 02:27:32.982  
  
2025-02-27 02:27:33.426  
  
2025-02-27 02:27:33.426  [TRN] epoch_63  
2025-02-27 02:27:33.426  =============================================  
2025-02-27 02:27:33.426  trn/loss = 2.5484  
2025-02-27 02:27:33.426  trn/acc@01 = 0.3103  
2025-02-27 02:27:33.426  trn/acc@05 = 0.7140  
2025-02-27 02:27:33.426  trn/acc@10 = 0.8037  
2025-02-27 02:27:33.426  trn/acc@20 = 0.8991  
2025-02-27 02:27:33.426  
  
2025-02-27 02:27:33.470  
  
2025-02-27 02:27:33.470  [VAL_FINETUNE_DTVU_STEPS_1] epoch_63  
2025-02-27 02:27:33.470  =============================================  
2025-02-27 02:27:33.470  val_finetune_dtvu_steps_1/loss = 2.7607  
2025-02-27 02:27:33.470  val_finetune_dtvu_steps_1/acc@01 = 0.4000  
2025-02-27 02:27:33.470  val_finetune_dtvu_steps_1/acc@05 = 0.6500  
2025-02-27 02:27:33.470  val_finetune_dtvu_steps_1/acc@10 = 0.8000  
2025-02-27 02:27:33.470  val_finetune_dtvu_steps_1/acc@20 = 0.9000  
2025-02-27 02:27:33.470  
  
2025-02-27 02:27:33.533  
  
2025-02-27 02:27:33.533  [VAL_FINETUNE_DTVU_STEPS_3] epoch_63  
2025-02-27 02:27:33.533  =============================================  
2025-02-27 02:27:33.533  val_finetune_dtvu_steps_3/loss = 3.0677  
2025-02-27 02:27:33.533  val_finetune_dtvu_steps_3/acc@01 = 0.3500  
2025-02-27 02:27:33.533  val_finetune_dtvu_steps_3/acc@05 = 0.6000  
2025-02-27 02:27:33.533  val_finetune_dtvu_steps_3/acc@10 = 0.7167  
2025-02-27 02:27:33.533  val_finetune_dtvu_steps_3/acc@20 = 0.8667  
2025-02-27 02:27:33.533  
  
