2025-02-26 22:43:14.019  
  
2025-02-26 22:43:14.019  [TRN] epoch_00  
2025-02-26 22:43:14.019  =============================================  
2025-02-26 22:43:14.019  trn/loss = 5.9828  
2025-02-26 22:43:14.019  trn/acc@01 = 0.0653  
2025-02-26 22:43:14.019  trn/acc@05 = 0.1510  
2025-02-26 22:43:14.019  trn/acc@10 = 0.1898  
2025-02-26 22:43:14.019  trn/acc@20 = 0.2449  
2025-02-26 22:43:14.019  
  
2025-02-26 22:43:14.180  
  
2025-02-26 22:43:14.180  [VAL_FINETUNE_DTVU_STEPS_1] epoch_00  
2025-02-26 22:43:14.180  =============================================  
2025-02-26 22:43:14.180  val_finetune_dtvu_steps_1/loss = 5.1506  
2025-02-26 22:43:14.180  val_finetune_dtvu_steps_1/acc@01 = 0.1500  
2025-02-26 22:43:14.180  val_finetune_dtvu_steps_1/acc@05 = 0.4000  
2025-02-26 22:43:14.189  val_finetune_dtvu_steps_1/acc@10 = 0.4000  
2025-02-26 22:43:14.189  val_finetune_dtvu_steps_1/acc@20 = 0.5000  
2025-02-26 22:43:14.189  
  
2025-02-26 22:43:14.370  
  
2025-02-26 22:43:14.370  [VAL_FINETUNE_DTVU_STEPS_3] epoch_00  
2025-02-26 22:43:14.370  =============================================  
2025-02-26 22:43:14.370  val_finetune_dtvu_steps_3/loss = 5.1848  
2025-02-26 22:43:14.370  val_finetune_dtvu_steps_3/acc@01 = 0.1833  
2025-02-26 22:43:14.370  val_finetune_dtvu_steps_3/acc@05 = 0.3833  
2025-02-26 22:43:14.370  val_finetune_dtvu_steps_3/acc@10 = 0.3833  
2025-02-26 22:43:14.370  val_finetune_dtvu_steps_3/acc@20 = 0.4500  
2025-02-26 22:43:14.370  
  
2025-02-26 22:43:16.164  
  
2025-02-26 22:43:16.164  [TRN] epoch_01  
2025-02-26 22:43:16.164  =============================================  
2025-02-26 22:43:16.164  trn/loss = 4.7771  
2025-02-26 22:43:16.164  trn/acc@01 = 0.1723  
2025-02-26 22:43:16.164  trn/acc@05 = 0.3894  
2025-02-26 22:43:16.164  trn/acc@10 = 0.4638  
2025-02-26 22:43:16.164  trn/acc@20 = 0.5489  
2025-02-26 22:43:16.164  
  
2025-02-26 22:43:16.344  
  
2025-02-26 22:43:16.344  [VAL_FINETUNE_DTVU_STEPS_1] epoch_01  
2025-02-26 22:43:16.344  =============================================  
2025-02-26 22:43:16.346  val_finetune_dtvu_steps_1/loss = 4.8636  
2025-02-26 22:43:16.346  val_finetune_dtvu_steps_1/acc@01 = 0.1500  
2025-02-26 22:43:16.346  val_finetune_dtvu_steps_1/acc@05 = 0.3000  
2025-02-26 22:43:16.346  val_finetune_dtvu_steps_1/acc@10 = 0.4500  
2025-02-26 22:43:16.346  val_finetune_dtvu_steps_1/acc@20 = 0.5500  
2025-02-26 22:43:16.346  
  
2025-02-26 22:43:16.533  
  
2025-02-26 22:43:16.533  [VAL_FINETUNE_DTVU_STEPS_3] epoch_01  
2025-02-26 22:43:16.534  =============================================  
2025-02-26 22:43:16.534  val_finetune_dtvu_steps_3/loss = 4.7564  
2025-02-26 22:43:16.534  val_finetune_dtvu_steps_3/acc@01 = 0.1667  
2025-02-26 22:43:16.534  val_finetune_dtvu_steps_3/acc@05 = 0.2833  
2025-02-26 22:43:16.534  val_finetune_dtvu_steps_3/acc@10 = 0.4167  
2025-02-26 22:43:16.534  val_finetune_dtvu_steps_3/acc@20 = 0.5667  
2025-02-26 22:43:16.534  
  
2025-02-26 22:43:18.246  
  
2025-02-26 22:43:18.246  [TRN] epoch_02  
2025-02-26 22:43:18.246  =============================================  
2025-02-26 22:43:18.246  trn/loss = 4.3248  
2025-02-26 22:43:18.246  trn/acc@01 = 0.2170  
2025-02-26 22:43:18.246  trn/acc@05 = 0.4509  
2025-02-26 22:43:18.246  trn/acc@10 = 0.5208  
2025-02-26 22:43:18.246  trn/acc@20 = 0.5774  
2025-02-26 22:43:18.246  
  
2025-02-26 22:43:18.400  
  
2025-02-26 22:43:18.400  [VAL_FINETUNE_DTVU_STEPS_1] epoch_02  
2025-02-26 22:43:18.400  =============================================  
2025-02-26 22:43:18.400  val_finetune_dtvu_steps_1/loss = 4.6009  
2025-02-26 22:43:18.400  val_finetune_dtvu_steps_1/acc@01 = 0.1000  
2025-02-26 22:43:18.400  val_finetune_dtvu_steps_1/acc@05 = 0.3500  
2025-02-26 22:43:18.400  val_finetune_dtvu_steps_1/acc@10 = 0.4000  
2025-02-26 22:43:18.400  val_finetune_dtvu_steps_1/acc@20 = 0.6000  
2025-02-26 22:43:18.400  
  
2025-02-26 22:43:18.578  
  
2025-02-26 22:43:18.578  [VAL_FINETUNE_DTVU_STEPS_3] epoch_02  
2025-02-26 22:43:18.579  =============================================  
2025-02-26 22:43:18.579  val_finetune_dtvu_steps_3/loss = 4.5475  
2025-02-26 22:43:18.579  val_finetune_dtvu_steps_3/acc@01 = 0.1000  
2025-02-26 22:43:18.579  val_finetune_dtvu_steps_3/acc@05 = 0.3667  
2025-02-26 22:43:18.579  val_finetune_dtvu_steps_3/acc@10 = 0.5000  
2025-02-26 22:43:18.579  val_finetune_dtvu_steps_3/acc@20 = 0.5667  
2025-02-26 22:43:18.579  
  
2025-02-26 22:43:20.381  
  
2025-02-26 22:43:20.381  [TRN] epoch_03  
2025-02-26 22:43:20.381  =============================================  
2025-02-26 22:43:20.381  trn/loss = 4.0576  
2025-02-26 22:43:20.381  trn/acc@01 = 0.2041  
2025-02-26 22:43:20.381  trn/acc@05 = 0.4990  
2025-02-26 22:43:20.381  trn/acc@10 = 0.5814  
2025-02-26 22:43:20.381  trn/acc@20 = 0.6701  
2025-02-26 22:43:20.381  
  
2025-02-26 22:43:20.586  
  
2025-02-26 22:43:20.586  [VAL_FINETUNE_DTVU_STEPS_1] epoch_03  
2025-02-26 22:43:20.586  =============================================  
2025-02-26 22:43:20.586  val_finetune_dtvu_steps_1/loss = 3.9598  
2025-02-26 22:43:20.586  val_finetune_dtvu_steps_1/acc@01 = 0.2000  
2025-02-26 22:43:20.586  val_finetune_dtvu_steps_1/acc@05 = 0.5500  
2025-02-26 22:43:20.586  val_finetune_dtvu_steps_1/acc@10 = 0.6500  
2025-02-26 22:43:20.586  val_finetune_dtvu_steps_1/acc@20 = 0.6500  
2025-02-26 22:43:20.586  
  
2025-02-26 22:43:20.750  
  
2025-02-26 22:43:20.750  [VAL_FINETUNE_DTVU_STEPS_3] epoch_03  
2025-02-26 22:43:20.750  =============================================  
2025-02-26 22:43:20.750  val_finetune_dtvu_steps_3/loss = 3.9854  
2025-02-26 22:43:20.750  val_finetune_dtvu_steps_3/acc@01 = 0.2333  
2025-02-26 22:43:20.750  val_finetune_dtvu_steps_3/acc@05 = 0.5333  
2025-02-26 22:43:20.750  val_finetune_dtvu_steps_3/acc@10 = 0.6333  
2025-02-26 22:43:20.750  val_finetune_dtvu_steps_3/acc@20 = 0.6667  
2025-02-26 22:43:20.750  
  
2025-02-26 22:43:22.541  
  
2025-02-26 22:43:22.541  [TRN] epoch_04  
2025-02-26 22:43:22.541  =============================================  
2025-02-26 22:43:22.541  trn/loss = 3.9530  
2025-02-26 22:43:22.541  trn/acc@01 = 0.2112  
2025-02-26 22:43:22.541  trn/acc@05 = 0.5103  
2025-02-26 22:43:22.541  trn/acc@10 = 0.6299  
2025-02-26 22:43:22.541  trn/acc@20 = 0.7084  
2025-02-26 22:43:22.541  
  
2025-02-26 22:43:22.732  
  
2025-02-26 22:43:22.732  [VAL_FINETUNE_DTVU_STEPS_1] epoch_04  
2025-02-26 22:43:22.732  =============================================  
2025-02-26 22:43:22.732  val_finetune_dtvu_steps_1/loss = 3.9587  
2025-02-26 22:43:22.732  val_finetune_dtvu_steps_1/acc@01 = 0.2000  
2025-02-26 22:43:22.732  val_finetune_dtvu_steps_1/acc@05 = 0.5500  
2025-02-26 22:43:22.732  val_finetune_dtvu_steps_1/acc@10 = 0.6000  
2025-02-26 22:43:22.732  val_finetune_dtvu_steps_1/acc@20 = 0.7000  
2025-02-26 22:43:22.732  
  
2025-02-26 22:43:22.928  
  
2025-02-26 22:43:22.928  [VAL_FINETUNE_DTVU_STEPS_3] epoch_04  
2025-02-26 22:43:22.929  =============================================  
2025-02-26 22:43:22.929  val_finetune_dtvu_steps_3/loss = 4.0432  
2025-02-26 22:43:22.929  val_finetune_dtvu_steps_3/acc@01 = 0.2000  
2025-02-26 22:43:22.929  val_finetune_dtvu_steps_3/acc@05 = 0.5500  
2025-02-26 22:43:22.929  val_finetune_dtvu_steps_3/acc@10 = 0.6000  
2025-02-26 22:43:22.929  val_finetune_dtvu_steps_3/acc@20 = 0.6833  
2025-02-26 22:43:22.929  
  
2025-02-26 22:43:24.729  
  
2025-02-26 22:43:24.729  [TRN] epoch_05  
2025-02-26 22:43:24.729  =============================================  
2025-02-26 22:43:24.729  trn/loss = 3.7499  
2025-02-26 22:43:24.729  trn/acc@01 = 0.2391  
2025-02-26 22:43:24.729  trn/acc@05 = 0.5478  
2025-02-26 22:43:24.729  trn/acc@10 = 0.6543  
2025-02-26 22:43:24.729  trn/acc@20 = 0.7261  
2025-02-26 22:43:24.729  
  
2025-02-26 22:43:24.928  
  
2025-02-26 22:43:24.928  [VAL_FINETUNE_DTVU_STEPS_1] epoch_05  
2025-02-26 22:43:24.928  =============================================  
2025-02-26 22:43:24.928  val_finetune_dtvu_steps_1/loss = 3.9740  
2025-02-26 22:43:24.928  val_finetune_dtvu_steps_1/acc@01 = 0.2500  
2025-02-26 22:43:24.928  val_finetune_dtvu_steps_1/acc@05 = 0.5500  
2025-02-26 22:43:24.928  val_finetune_dtvu_steps_1/acc@10 = 0.6000  
2025-02-26 22:43:24.928  val_finetune_dtvu_steps_1/acc@20 = 0.6500  
2025-02-26 22:43:24.928  
  
2025-02-26 22:43:25.114  
  
2025-02-26 22:43:25.114  [VAL_FINETUNE_DTVU_STEPS_3] epoch_05  
2025-02-26 22:43:25.114  =============================================  
2025-02-26 22:43:25.114  val_finetune_dtvu_steps_3/loss = 3.8629  
2025-02-26 22:43:25.114  val_finetune_dtvu_steps_3/acc@01 = 0.2333  
2025-02-26 22:43:25.114  val_finetune_dtvu_steps_3/acc@05 = 0.5500  
2025-02-26 22:43:25.114  val_finetune_dtvu_steps_3/acc@10 = 0.6333  
2025-02-26 22:43:25.114  val_finetune_dtvu_steps_3/acc@20 = 0.6667  
2025-02-26 22:43:25.114  
  
2025-02-26 22:43:26.922  
  
2025-02-26 22:43:26.922  [TRN] epoch_06  
2025-02-26 22:43:26.922  =============================================  
2025-02-26 22:43:26.922  trn/loss = 3.4584  
2025-02-26 22:43:26.922  trn/acc@01 = 0.2866  
2025-02-26 22:43:26.922  trn/acc@05 = 0.5691  
2025-02-26 22:43:26.922  trn/acc@10 = 0.7113  
2025-02-26 22:43:26.922  trn/acc@20 = 0.7876  
2025-02-26 22:43:26.922  
  
2025-02-26 22:43:27.163  
  
2025-02-26 22:43:27.163  [VAL_FINETUNE_DTVU_STEPS_1] epoch_06  
2025-02-26 22:43:27.163  =============================================  
2025-02-26 22:43:27.163  val_finetune_dtvu_steps_1/loss = 3.8008  
2025-02-26 22:43:27.163  val_finetune_dtvu_steps_1/acc@01 = 0.2500  
2025-02-26 22:43:27.163  val_finetune_dtvu_steps_1/acc@05 = 0.5500  
2025-02-26 22:43:27.163  val_finetune_dtvu_steps_1/acc@10 = 0.6000  
2025-02-26 22:43:27.163  val_finetune_dtvu_steps_1/acc@20 = 0.7000  
2025-02-26 22:43:27.163  
  
2025-02-26 22:43:27.390  
  
2025-02-26 22:43:27.390  [VAL_FINETUNE_DTVU_STEPS_3] epoch_06  
2025-02-26 22:43:27.390  =============================================  
2025-02-26 22:43:27.390  val_finetune_dtvu_steps_3/loss = 3.8061  
2025-02-26 22:43:27.390  val_finetune_dtvu_steps_3/acc@01 = 0.2667  
2025-02-26 22:43:27.390  val_finetune_dtvu_steps_3/acc@05 = 0.5167  
2025-02-26 22:43:27.390  val_finetune_dtvu_steps_3/acc@10 = 0.5667  
2025-02-26 22:43:27.390  val_finetune_dtvu_steps_3/acc@20 = 0.6667  
2025-02-26 22:43:27.390  
  
2025-02-26 22:43:29.231  
  
2025-02-26 22:43:29.231  [TRN] epoch_07  
2025-02-26 22:43:29.231  =============================================  
2025-02-26 22:43:29.231  trn/loss = 3.4725  
2025-02-26 22:43:29.231  trn/acc@01 = 0.2339  
2025-02-26 22:43:29.231  trn/acc@05 = 0.5536  
2025-02-26 22:43:29.231  trn/acc@10 = 0.6768  
2025-02-26 22:43:29.231  trn/acc@20 = 0.7607  
2025-02-26 22:43:29.231  
  
2025-02-26 22:43:29.457  
  
2025-02-26 22:43:29.457  [VAL_FINETUNE_DTVU_STEPS_1] epoch_07  
2025-02-26 22:43:29.457  =============================================  
2025-02-26 22:43:29.457  val_finetune_dtvu_steps_1/loss = 3.8496  
2025-02-26 22:43:29.458  val_finetune_dtvu_steps_1/acc@01 = 0.2500  
2025-02-26 22:43:29.458  val_finetune_dtvu_steps_1/acc@05 = 0.5500  
2025-02-26 22:43:29.458  val_finetune_dtvu_steps_1/acc@10 = 0.5500  
2025-02-26 22:43:29.458  val_finetune_dtvu_steps_1/acc@20 = 0.7500  
2025-02-26 22:43:29.459  
  
2025-02-26 22:43:29.649  
  
2025-02-26 22:43:29.649  [VAL_FINETUNE_DTVU_STEPS_3] epoch_07  
2025-02-26 22:43:29.649  =============================================  
2025-02-26 22:43:29.649  val_finetune_dtvu_steps_3/loss = 3.7658  
2025-02-26 22:43:29.649  val_finetune_dtvu_steps_3/acc@01 = 0.2167  
2025-02-26 22:43:29.649  val_finetune_dtvu_steps_3/acc@05 = 0.5667  
2025-02-26 22:43:29.649  val_finetune_dtvu_steps_3/acc@10 = 0.5833  
2025-02-26 22:43:29.649  val_finetune_dtvu_steps_3/acc@20 = 0.7167  
2025-02-26 22:43:29.649  
  
2025-02-26 22:43:31.383  
  
2025-02-26 22:43:31.383  [TRN] epoch_08  
2025-02-26 22:43:31.383  =============================================  
2025-02-26 22:43:31.383  trn/loss = 3.4201  
2025-02-26 22:43:31.383  trn/acc@01 = 0.2447  
2025-02-26 22:43:31.383  trn/acc@05 = 0.5650  
2025-02-26 22:43:31.383  trn/acc@10 = 0.6854  
2025-02-26 22:43:31.383  trn/acc@20 = 0.7728  
2025-02-26 22:43:31.383  
  
2025-02-26 22:43:31.566  
  
2025-02-26 22:43:31.568  [VAL_FINETUNE_DTVU_STEPS_1] epoch_08  
2025-02-26 22:43:31.568  =============================================  
2025-02-26 22:43:31.568  val_finetune_dtvu_steps_1/loss = 3.8306  
2025-02-26 22:43:31.568  val_finetune_dtvu_steps_1/acc@01 = 0.2000  
2025-02-26 22:43:31.568  val_finetune_dtvu_steps_1/acc@05 = 0.5500  
2025-02-26 22:43:31.568  val_finetune_dtvu_steps_1/acc@10 = 0.5500  
2025-02-26 22:43:31.569  val_finetune_dtvu_steps_1/acc@20 = 0.6500  
2025-02-26 22:43:31.569  
  
2025-02-26 22:43:31.735  
  
2025-02-26 22:43:31.735  [VAL_FINETUNE_DTVU_STEPS_3] epoch_08  
2025-02-26 22:43:31.735  =============================================  
2025-02-26 22:43:31.735  val_finetune_dtvu_steps_3/loss = 3.7071  
2025-02-26 22:43:31.735  val_finetune_dtvu_steps_3/acc@01 = 0.2167  
2025-02-26 22:43:31.735  val_finetune_dtvu_steps_3/acc@05 = 0.5500  
2025-02-26 22:43:31.735  val_finetune_dtvu_steps_3/acc@10 = 0.5833  
2025-02-26 22:43:31.735  val_finetune_dtvu_steps_3/acc@20 = 0.7000  
2025-02-26 22:43:31.735  
  
2025-02-26 22:43:33.534  
  
2025-02-26 22:43:33.538  [TRN] epoch_09  
2025-02-26 22:43:33.538  =============================================  
2025-02-26 22:43:33.538  trn/loss = 3.2202  
2025-02-26 22:43:33.539  trn/acc@01 = 0.3032  
2025-02-26 22:43:33.539  trn/acc@05 = 0.5935  
2025-02-26 22:43:33.539  trn/acc@10 = 0.7140  
2025-02-26 22:43:33.539  trn/acc@20 = 0.8172  
2025-02-26 22:43:33.539  
  
2025-02-26 22:43:33.709  
  
2025-02-26 22:43:33.709  [VAL_FINETUNE_DTVU_STEPS_1] epoch_09  
2025-02-26 22:43:33.709  =============================================  
2025-02-26 22:43:33.709  val_finetune_dtvu_steps_1/loss = 4.2023  
2025-02-26 22:43:33.709  val_finetune_dtvu_steps_1/acc@01 = 0.1000  
2025-02-26 22:43:33.709  val_finetune_dtvu_steps_1/acc@05 = 0.4500  
2025-02-26 22:43:33.709  val_finetune_dtvu_steps_1/acc@10 = 0.5500  
2025-02-26 22:43:33.709  val_finetune_dtvu_steps_1/acc@20 = 0.6000  
2025-02-26 22:43:33.709  
  
2025-02-26 22:43:33.892  
  
2025-02-26 22:43:33.892  [VAL_FINETUNE_DTVU_STEPS_3] epoch_09  
2025-02-26 22:43:33.892  =============================================  
2025-02-26 22:43:33.892  val_finetune_dtvu_steps_3/loss = 3.9049  
2025-02-26 22:43:33.892  val_finetune_dtvu_steps_3/acc@01 = 0.1833  
2025-02-26 22:43:33.892  val_finetune_dtvu_steps_3/acc@05 = 0.4833  
2025-02-26 22:43:33.892  val_finetune_dtvu_steps_3/acc@10 = 0.6167  
2025-02-26 22:43:33.892  val_finetune_dtvu_steps_3/acc@20 = 0.6500  
2025-02-26 22:43:33.892  
  
2025-02-26 22:43:35.646  
  
2025-02-26 22:43:35.646  [TRN] epoch_10  
2025-02-26 22:43:35.646  =============================================  
2025-02-26 22:43:35.646  trn/loss = 3.2441  
2025-02-26 22:43:35.648  trn/acc@01 = 0.2679  
2025-02-26 22:43:35.648  trn/acc@05 = 0.5830  
2025-02-26 22:43:35.648  trn/acc@10 = 0.7189  
2025-02-26 22:43:35.649  trn/acc@20 = 0.8321  
2025-02-26 22:43:35.649  
  
2025-02-26 22:43:35.830  
  
2025-02-26 22:43:35.830  [VAL_FINETUNE_DTVU_STEPS_1] epoch_10  
2025-02-26 22:43:35.832  =============================================  
2025-02-26 22:43:35.832  val_finetune_dtvu_steps_1/loss = 3.7169  
2025-02-26 22:43:35.832  val_finetune_dtvu_steps_1/acc@01 = 0.2500  
2025-02-26 22:43:35.832  val_finetune_dtvu_steps_1/acc@05 = 0.5500  
2025-02-26 22:43:35.832  val_finetune_dtvu_steps_1/acc@10 = 0.5500  
2025-02-26 22:43:35.832  val_finetune_dtvu_steps_1/acc@20 = 0.7500  
2025-02-26 22:43:35.832  
  
2025-02-26 22:43:36.009  
  
2025-02-26 22:43:36.009  [VAL_FINETUNE_DTVU_STEPS_3] epoch_10  
2025-02-26 22:43:36.009  =============================================  
2025-02-26 22:43:36.009  val_finetune_dtvu_steps_3/loss = 3.6638  
2025-02-26 22:43:36.009  val_finetune_dtvu_steps_3/acc@01 = 0.2667  
2025-02-26 22:43:36.009  val_finetune_dtvu_steps_3/acc@05 = 0.5167  
2025-02-26 22:43:36.009  val_finetune_dtvu_steps_3/acc@10 = 0.5833  
2025-02-26 22:43:36.009  val_finetune_dtvu_steps_3/acc@20 = 0.7500  
2025-02-26 22:43:36.016  
  
2025-02-26 22:43:37.786  
  
2025-02-26 22:43:37.786  [TRN] epoch_11  
2025-02-26 22:43:37.788  =============================================  
2025-02-26 22:43:37.788  trn/loss = 3.0597  
2025-02-26 22:43:37.788  trn/acc@01 = 0.3019  
2025-02-26 22:43:37.788  trn/acc@05 = 0.6385  
2025-02-26 22:43:37.789  trn/acc@10 = 0.7596  
2025-02-26 22:43:37.789  trn/acc@20 = 0.8442  
2025-02-26 22:43:37.789  
  
2025-02-26 22:43:37.962  
  
2025-02-26 22:43:37.962  [VAL_FINETUNE_DTVU_STEPS_1] epoch_11  
2025-02-26 22:43:37.962  =============================================  
2025-02-26 22:43:37.968  val_finetune_dtvu_steps_1/loss = 3.9096  
2025-02-26 22:43:37.968  val_finetune_dtvu_steps_1/acc@01 = 0.2500  
2025-02-26 22:43:37.968  val_finetune_dtvu_steps_1/acc@05 = 0.5000  
2025-02-26 22:43:37.968  val_finetune_dtvu_steps_1/acc@10 = 0.5500  
2025-02-26 22:43:37.968  val_finetune_dtvu_steps_1/acc@20 = 0.6500  
2025-02-26 22:43:37.969  
  
2025-02-26 22:43:38.141  
  
2025-02-26 22:43:38.141  [VAL_FINETUNE_DTVU_STEPS_3] epoch_11  
2025-02-26 22:43:38.141  =============================================  
2025-02-26 22:43:38.141  val_finetune_dtvu_steps_3/loss = 3.7488  
2025-02-26 22:43:38.141  val_finetune_dtvu_steps_3/acc@01 = 0.2667  
2025-02-26 22:43:38.141  val_finetune_dtvu_steps_3/acc@05 = 0.5667  
2025-02-26 22:43:38.141  val_finetune_dtvu_steps_3/acc@10 = 0.6000  
2025-02-26 22:43:38.141  val_finetune_dtvu_steps_3/acc@20 = 0.6667  
2025-02-26 22:43:38.141  
  
2025-02-26 22:43:39.889  
  
2025-02-26 22:43:39.889  [TRN] epoch_12  
2025-02-26 22:43:39.889  =============================================  
2025-02-26 22:43:39.889  trn/loss = 2.9793  
2025-02-26 22:43:39.889  trn/acc@01 = 0.3011  
2025-02-26 22:43:39.889  trn/acc@05 = 0.6168  
2025-02-26 22:43:39.889  trn/acc@10 = 0.7495  
2025-02-26 22:43:39.889  trn/acc@20 = 0.8589  
2025-02-26 22:43:39.889  
  
2025-02-26 22:43:40.068  
  
2025-02-26 22:43:40.068  [VAL_FINETUNE_DTVU_STEPS_1] epoch_12  
2025-02-26 22:43:40.069  =============================================  
2025-02-26 22:43:40.069  val_finetune_dtvu_steps_1/loss = 3.6702  
2025-02-26 22:43:40.069  val_finetune_dtvu_steps_1/acc@01 = 0.2500  
2025-02-26 22:43:40.069  val_finetune_dtvu_steps_1/acc@05 = 0.5000  
2025-02-26 22:43:40.069  val_finetune_dtvu_steps_1/acc@10 = 0.5500  
2025-02-26 22:43:40.069  val_finetune_dtvu_steps_1/acc@20 = 0.7000  
2025-02-26 22:43:40.069  
  
2025-02-26 22:43:40.239  
  
2025-02-26 22:43:40.239  [VAL_FINETUNE_DTVU_STEPS_3] epoch_12  
2025-02-26 22:43:40.239  =============================================  
2025-02-26 22:43:40.239  val_finetune_dtvu_steps_3/loss = 3.6172  
2025-02-26 22:43:40.239  val_finetune_dtvu_steps_3/acc@01 = 0.2667  
2025-02-26 22:43:40.239  val_finetune_dtvu_steps_3/acc@05 = 0.5333  
2025-02-26 22:43:40.239  val_finetune_dtvu_steps_3/acc@10 = 0.6333  
2025-02-26 22:43:40.239  val_finetune_dtvu_steps_3/acc@20 = 0.7333  
2025-02-26 22:43:40.239  
  
2025-02-26 22:43:42.016  
  
2025-02-26 22:43:42.016  [TRN] epoch_13  
2025-02-26 22:43:42.016  =============================================  
2025-02-26 22:43:42.016  trn/loss = 3.0604  
2025-02-26 22:43:42.016  trn/acc@01 = 0.2679  
2025-02-26 22:43:42.016  trn/acc@05 = 0.5887  
2025-02-26 22:43:42.016  trn/acc@10 = 0.7208  
2025-02-26 22:43:42.016  trn/acc@20 = 0.8491  
2025-02-26 22:43:42.016  
  
2025-02-26 22:43:42.203  
  
2025-02-26 22:43:42.203  [VAL_FINETUNE_DTVU_STEPS_1] epoch_13  
2025-02-26 22:43:42.203  =============================================  
2025-02-26 22:43:42.203  val_finetune_dtvu_steps_1/loss = 3.4803  
2025-02-26 22:43:42.203  val_finetune_dtvu_steps_1/acc@01 = 0.2500  
2025-02-26 22:43:42.203  val_finetune_dtvu_steps_1/acc@05 = 0.5500  
2025-02-26 22:43:42.203  val_finetune_dtvu_steps_1/acc@10 = 0.5500  
2025-02-26 22:43:42.203  val_finetune_dtvu_steps_1/acc@20 = 0.7500  
2025-02-26 22:43:42.203  
  
2025-02-26 22:43:42.369  
  
2025-02-26 22:43:42.369  [VAL_FINETUNE_DTVU_STEPS_3] epoch_13  
2025-02-26 22:43:42.369  =============================================  
2025-02-26 22:43:42.369  val_finetune_dtvu_steps_3/loss = 3.5285  
2025-02-26 22:43:42.369  val_finetune_dtvu_steps_3/acc@01 = 0.2667  
2025-02-26 22:43:42.369  val_finetune_dtvu_steps_3/acc@05 = 0.5500  
2025-02-26 22:43:42.369  val_finetune_dtvu_steps_3/acc@10 = 0.6000  
2025-02-26 22:43:42.369  val_finetune_dtvu_steps_3/acc@20 = 0.7333  
2025-02-26 22:43:42.369  
  
2025-02-26 22:43:44.223  
  
2025-02-26 22:43:44.223  [TRN] epoch_14  
2025-02-26 22:43:44.223  =============================================  
2025-02-26 22:43:44.223  trn/loss = 3.1796  
2025-02-26 22:43:44.223  trn/acc@01 = 0.2371  
2025-02-26 22:43:44.223  trn/acc@05 = 0.5588  
2025-02-26 22:43:44.223  trn/acc@10 = 0.7402  
2025-02-26 22:43:44.223  trn/acc@20 = 0.8660  
2025-02-26 22:43:44.223  
  
2025-02-26 22:43:44.419  
  
2025-02-26 22:43:44.419  [VAL_FINETUNE_DTVU_STEPS_1] epoch_14  
2025-02-26 22:43:44.419  =============================================  
2025-02-26 22:43:44.419  val_finetune_dtvu_steps_1/loss = 3.7315  
2025-02-26 22:43:44.419  val_finetune_dtvu_steps_1/acc@01 = 0.2000  
2025-02-26 22:43:44.419  val_finetune_dtvu_steps_1/acc@05 = 0.5500  
2025-02-26 22:43:44.419  val_finetune_dtvu_steps_1/acc@10 = 0.5500  
2025-02-26 22:43:44.419  val_finetune_dtvu_steps_1/acc@20 = 0.7000  
2025-02-26 22:43:44.419  
  
2025-02-26 22:43:44.622  
  
2025-02-26 22:43:44.622  [VAL_FINETUNE_DTVU_STEPS_3] epoch_14  
2025-02-26 22:43:44.622  =============================================  
2025-02-26 22:43:44.622  val_finetune_dtvu_steps_3/loss = 3.5638  
2025-02-26 22:43:44.622  val_finetune_dtvu_steps_3/acc@01 = 0.2667  
2025-02-26 22:43:44.622  val_finetune_dtvu_steps_3/acc@05 = 0.5667  
2025-02-26 22:43:44.622  val_finetune_dtvu_steps_3/acc@10 = 0.5833  
2025-02-26 22:43:44.622  val_finetune_dtvu_steps_3/acc@20 = 0.7500  
2025-02-26 22:43:44.622  
  
2025-02-26 22:43:46.480  
  
2025-02-26 22:43:46.480  [TRN] epoch_15  
2025-02-26 22:43:46.480  =============================================  
2025-02-26 22:43:46.480  trn/loss = 3.1354  
2025-02-26 22:43:46.480  trn/acc@01 = 0.2808  
2025-02-26 22:43:46.480  trn/acc@05 = 0.5838  
2025-02-26 22:43:46.480  trn/acc@10 = 0.7273  
2025-02-26 22:43:46.480  trn/acc@20 = 0.8384  
2025-02-26 22:43:46.480  
  
2025-02-26 22:43:46.675  
  
2025-02-26 22:43:46.675  [VAL_FINETUNE_DTVU_STEPS_1] epoch_15  
2025-02-26 22:43:46.675  =============================================  
2025-02-26 22:43:46.675  val_finetune_dtvu_steps_1/loss = 3.4909  
2025-02-26 22:43:46.675  val_finetune_dtvu_steps_1/acc@01 = 0.2500  
2025-02-26 22:43:46.675  val_finetune_dtvu_steps_1/acc@05 = 0.5000  
2025-02-26 22:43:46.675  val_finetune_dtvu_steps_1/acc@10 = 0.5500  
2025-02-26 22:43:46.675  val_finetune_dtvu_steps_1/acc@20 = 0.8000  
2025-02-26 22:43:46.675  
  
2025-02-26 22:43:46.849  
  
2025-02-26 22:43:46.849  [VAL_FINETUNE_DTVU_STEPS_3] epoch_15  
2025-02-26 22:43:46.849  =============================================  
2025-02-26 22:43:46.849  val_finetune_dtvu_steps_3/loss = 3.5895  
2025-02-26 22:43:46.849  val_finetune_dtvu_steps_3/acc@01 = 0.2667  
2025-02-26 22:43:46.849  val_finetune_dtvu_steps_3/acc@05 = 0.5167  
2025-02-26 22:43:46.849  val_finetune_dtvu_steps_3/acc@10 = 0.6000  
2025-02-26 22:43:46.849  val_finetune_dtvu_steps_3/acc@20 = 0.7333  
2025-02-26 22:43:46.849  
  
2025-02-26 22:43:48.594  
  
2025-02-26 22:43:48.594  [TRN] epoch_16  
2025-02-26 22:43:48.595  =============================================  
2025-02-26 22:43:48.595  trn/loss = 3.0785  
2025-02-26 22:43:48.595  trn/acc@01 = 0.2828  
2025-02-26 22:43:48.595  trn/acc@05 = 0.6182  
2025-02-26 22:43:48.595  trn/acc@10 = 0.7354  
2025-02-26 22:43:48.595  trn/acc@20 = 0.8545  
2025-02-26 22:43:48.595  
  
2025-02-26 22:43:48.767  
  
2025-02-26 22:43:48.767  [VAL_FINETUNE_DTVU_STEPS_1] epoch_16  
2025-02-26 22:43:48.767  =============================================  
2025-02-26 22:43:48.767  val_finetune_dtvu_steps_1/loss = 3.6180  
2025-02-26 22:43:48.767  val_finetune_dtvu_steps_1/acc@01 = 0.2000  
2025-02-26 22:43:48.767  val_finetune_dtvu_steps_1/acc@05 = 0.5000  
2025-02-26 22:43:48.768  val_finetune_dtvu_steps_1/acc@10 = 0.6000  
2025-02-26 22:43:48.768  val_finetune_dtvu_steps_1/acc@20 = 0.7000  
2025-02-26 22:43:48.768  
  
2025-02-26 22:43:48.939  
  
2025-02-26 22:43:48.939  [VAL_FINETUNE_DTVU_STEPS_3] epoch_16  
2025-02-26 22:43:48.939  =============================================  
2025-02-26 22:43:48.939  val_finetune_dtvu_steps_3/loss = 3.5117  
2025-02-26 22:43:48.939  val_finetune_dtvu_steps_3/acc@01 = 0.2667  
2025-02-26 22:43:48.939  val_finetune_dtvu_steps_3/acc@05 = 0.5333  
2025-02-26 22:43:48.940  val_finetune_dtvu_steps_3/acc@10 = 0.6333  
2025-02-26 22:43:48.940  val_finetune_dtvu_steps_3/acc@20 = 0.7833  
2025-02-26 22:43:48.940  
  
2025-02-26 22:43:50.726  
  
2025-02-26 22:43:50.728  [TRN] epoch_17  
2025-02-26 22:43:50.728  =============================================  
2025-02-26 22:43:50.728  trn/loss = 3.2344  
2025-02-26 22:43:50.728  trn/acc@01 = 0.2556  
2025-02-26 22:43:50.728  trn/acc@05 = 0.5574  
2025-02-26 22:43:50.728  trn/acc@10 = 0.7130  
2025-02-26 22:43:50.729  trn/acc@20 = 0.8370  
2025-02-26 22:43:50.729  
  
2025-02-26 22:43:50.907  
  
2025-02-26 22:43:50.907  [VAL_FINETUNE_DTVU_STEPS_1] epoch_17  
2025-02-26 22:43:50.907  =============================================  
2025-02-26 22:43:50.907  val_finetune_dtvu_steps_1/loss = 3.5591  
2025-02-26 22:43:50.907  val_finetune_dtvu_steps_1/acc@01 = 0.2500  
2025-02-26 22:43:50.907  val_finetune_dtvu_steps_1/acc@05 = 0.5500  
2025-02-26 22:43:50.907  val_finetune_dtvu_steps_1/acc@10 = 0.6000  
2025-02-26 22:43:50.908  val_finetune_dtvu_steps_1/acc@20 = 0.8000  
2025-02-26 22:43:50.908  
  
2025-02-26 22:43:51.088  
  
2025-02-26 22:43:51.088  [VAL_FINETUNE_DTVU_STEPS_3] epoch_17  
2025-02-26 22:43:51.088  =============================================  
2025-02-26 22:43:51.088  val_finetune_dtvu_steps_3/loss = 3.5242  
2025-02-26 22:43:51.088  val_finetune_dtvu_steps_3/acc@01 = 0.2667  
2025-02-26 22:43:51.088  val_finetune_dtvu_steps_3/acc@05 = 0.5667  
2025-02-26 22:43:51.088  val_finetune_dtvu_steps_3/acc@10 = 0.6333  
2025-02-26 22:43:51.089  val_finetune_dtvu_steps_3/acc@20 = 0.7500  
2025-02-26 22:43:51.089  
  
2025-02-26 22:43:52.909  
  
2025-02-26 22:43:52.909  [TRN] epoch_18  
2025-02-26 22:43:52.909  =============================================  
2025-02-26 22:43:52.909  trn/loss = 3.1176  
2025-02-26 22:43:52.909  trn/acc@01 = 0.2625  
2025-02-26 22:43:52.909  trn/acc@05 = 0.5786  
2025-02-26 22:43:52.909  trn/acc@10 = 0.7286  
2025-02-26 22:43:52.909  trn/acc@20 = 0.8286  
2025-02-26 22:43:52.909  
  
2025-02-26 22:43:53.080  
  
2025-02-26 22:43:53.080  [VAL_FINETUNE_DTVU_STEPS_1] epoch_18  
2025-02-26 22:43:53.080  =============================================  
2025-02-26 22:43:53.080  val_finetune_dtvu_steps_1/loss = 3.4196  
2025-02-26 22:43:53.080  val_finetune_dtvu_steps_1/acc@01 = 0.2500  
2025-02-26 22:43:53.080  val_finetune_dtvu_steps_1/acc@05 = 0.5000  
2025-02-26 22:43:53.080  val_finetune_dtvu_steps_1/acc@10 = 0.6000  
2025-02-26 22:43:53.080  val_finetune_dtvu_steps_1/acc@20 = 0.7500  
2025-02-26 22:43:53.080  
  
2025-02-26 22:43:53.262  
  
2025-02-26 22:43:53.262  [VAL_FINETUNE_DTVU_STEPS_3] epoch_18  
2025-02-26 22:43:53.262  =============================================  
2025-02-26 22:43:53.262  val_finetune_dtvu_steps_3/loss = 3.3863  
2025-02-26 22:43:53.262  val_finetune_dtvu_steps_3/acc@01 = 0.2667  
2025-02-26 22:43:53.262  val_finetune_dtvu_steps_3/acc@05 = 0.5333  
2025-02-26 22:43:53.262  val_finetune_dtvu_steps_3/acc@10 = 0.6667  
2025-02-26 22:43:53.262  val_finetune_dtvu_steps_3/acc@20 = 0.7667  
2025-02-26 22:43:53.262  
  
2025-02-26 22:43:55.054  
  
2025-02-26 22:43:55.054  [TRN] epoch_19  
2025-02-26 22:43:55.054  =============================================  
2025-02-26 22:43:55.054  trn/loss = 3.0913  
2025-02-26 22:43:55.054  trn/acc@01 = 0.2490  
2025-02-26 22:43:55.054  trn/acc@05 = 0.5569  
2025-02-26 22:43:55.054  trn/acc@10 = 0.7137  
2025-02-26 22:43:55.054  trn/acc@20 = 0.8706  
2025-02-26 22:43:55.054  
  
2025-02-26 22:43:55.239  
  
2025-02-26 22:43:55.239  [VAL_FINETUNE_DTVU_STEPS_1] epoch_19  
2025-02-26 22:43:55.239  =============================================  
2025-02-26 22:43:55.239  val_finetune_dtvu_steps_1/loss = 3.5743  
2025-02-26 22:43:55.239  val_finetune_dtvu_steps_1/acc@01 = 0.2500  
2025-02-26 22:43:55.239  val_finetune_dtvu_steps_1/acc@05 = 0.5500  
2025-02-26 22:43:55.239  val_finetune_dtvu_steps_1/acc@10 = 0.5500  
2025-02-26 22:43:55.239  val_finetune_dtvu_steps_1/acc@20 = 0.7500  
2025-02-26 22:43:55.239  
  
2025-02-26 22:43:55.460  
  
2025-02-26 22:43:55.460  [VAL_FINETUNE_DTVU_STEPS_3] epoch_19  
2025-02-26 22:43:55.460  =============================================  
2025-02-26 22:43:55.460  val_finetune_dtvu_steps_3/loss = 3.5015  
2025-02-26 22:43:55.460  val_finetune_dtvu_steps_3/acc@01 = 0.2667  
2025-02-26 22:43:55.460  val_finetune_dtvu_steps_3/acc@05 = 0.5667  
2025-02-26 22:43:55.460  val_finetune_dtvu_steps_3/acc@10 = 0.6167  
2025-02-26 22:43:55.460  val_finetune_dtvu_steps_3/acc@20 = 0.7333  
2025-02-26 22:43:55.460  
  
2025-02-26 22:43:57.250  
  
2025-02-26 22:43:57.250  [TRN] epoch_20  
2025-02-26 22:43:57.250  =============================================  
2025-02-26 22:43:57.250  trn/loss = 3.1377  
2025-02-26 22:43:57.250  trn/acc@01 = 0.2485  
2025-02-26 22:43:57.250  trn/acc@05 = 0.5592  
2025-02-26 22:43:57.250  trn/acc@10 = 0.6854  
2025-02-26 22:43:57.250  trn/acc@20 = 0.8466  
2025-02-26 22:43:57.250  
  
2025-02-26 22:43:57.440  
  
2025-02-26 22:43:57.440  [VAL_FINETUNE_DTVU_STEPS_1] epoch_20  
2025-02-26 22:43:57.440  =============================================  
2025-02-26 22:43:57.440  val_finetune_dtvu_steps_1/loss = 3.5586  
2025-02-26 22:43:57.440  val_finetune_dtvu_steps_1/acc@01 = 0.2000  
2025-02-26 22:43:57.440  val_finetune_dtvu_steps_1/acc@05 = 0.5000  
2025-02-26 22:43:57.440  val_finetune_dtvu_steps_1/acc@10 = 0.6000  
2025-02-26 22:43:57.440  val_finetune_dtvu_steps_1/acc@20 = 0.8000  
2025-02-26 22:43:57.440  
  
2025-02-26 22:43:57.639  
  
2025-02-26 22:43:57.639  [VAL_FINETUNE_DTVU_STEPS_3] epoch_20  
2025-02-26 22:43:57.639  =============================================  
2025-02-26 22:43:57.639  val_finetune_dtvu_steps_3/loss = 3.5779  
2025-02-26 22:43:57.639  val_finetune_dtvu_steps_3/acc@01 = 0.2167  
2025-02-26 22:43:57.639  val_finetune_dtvu_steps_3/acc@05 = 0.5000  
2025-02-26 22:43:57.639  val_finetune_dtvu_steps_3/acc@10 = 0.5833  
2025-02-26 22:43:57.639  val_finetune_dtvu_steps_3/acc@20 = 0.7833  
2025-02-26 22:43:57.639  
  
2025-02-26 22:43:59.470  
  
2025-02-26 22:43:59.470  [TRN] epoch_21  
2025-02-26 22:43:59.470  =============================================  
2025-02-26 22:43:59.470  trn/loss = 3.0449  
2025-02-26 22:43:59.470  trn/acc@01 = 0.2789  
2025-02-26 22:43:59.470  trn/acc@05 = 0.6000  
2025-02-26 22:43:59.470  trn/acc@10 = 0.7284  
2025-02-26 22:43:59.470  trn/acc@20 = 0.8514  
2025-02-26 22:43:59.470  
  
2025-02-26 22:43:59.629  
  
2025-02-26 22:43:59.629  [VAL_FINETUNE_DTVU_STEPS_1] epoch_21  
2025-02-26 22:43:59.629  =============================================  
2025-02-26 22:43:59.629  val_finetune_dtvu_steps_1/loss = 3.8608  
2025-02-26 22:43:59.629  val_finetune_dtvu_steps_1/acc@01 = 0.2000  
2025-02-26 22:43:59.629  val_finetune_dtvu_steps_1/acc@05 = 0.5000  
2025-02-26 22:43:59.629  val_finetune_dtvu_steps_1/acc@10 = 0.5500  
2025-02-26 22:43:59.629  val_finetune_dtvu_steps_1/acc@20 = 0.6500  
2025-02-26 22:43:59.629  
  
2025-02-26 22:43:59.799  
  
2025-02-26 22:43:59.799  [VAL_FINETUNE_DTVU_STEPS_3] epoch_21  
2025-02-26 22:43:59.799  =============================================  
2025-02-26 22:43:59.799  val_finetune_dtvu_steps_3/loss = 3.7082  
2025-02-26 22:43:59.799  val_finetune_dtvu_steps_3/acc@01 = 0.2000  
2025-02-26 22:43:59.799  val_finetune_dtvu_steps_3/acc@05 = 0.5500  
2025-02-26 22:43:59.799  val_finetune_dtvu_steps_3/acc@10 = 0.6167  
2025-02-26 22:43:59.799  val_finetune_dtvu_steps_3/acc@20 = 0.7500  
2025-02-26 22:43:59.799  
  
2025-02-26 22:44:01.529  
  
2025-02-26 22:44:01.529  [TRN] epoch_22  
2025-02-26 22:44:01.529  =============================================  
2025-02-26 22:44:01.529  trn/loss = 3.1027  
2025-02-26 22:44:01.529  trn/acc@01 = 0.2571  
2025-02-26 22:44:01.529  trn/acc@05 = 0.6041  
2025-02-26 22:44:01.529  trn/acc@10 = 0.7265  
2025-02-26 22:44:01.529  trn/acc@20 = 0.8347  
2025-02-26 22:44:01.529  
  
2025-02-26 22:44:01.699  
  
2025-02-26 22:44:01.699  [VAL_FINETUNE_DTVU_STEPS_1] epoch_22  
2025-02-26 22:44:01.699  =============================================  
2025-02-26 22:44:01.699  val_finetune_dtvu_steps_1/loss = 3.5709  
2025-02-26 22:44:01.699  val_finetune_dtvu_steps_1/acc@01 = 0.2500  
2025-02-26 22:44:01.699  val_finetune_dtvu_steps_1/acc@05 = 0.5000  
2025-02-26 22:44:01.699  val_finetune_dtvu_steps_1/acc@10 = 0.5500  
2025-02-26 22:44:01.699  val_finetune_dtvu_steps_1/acc@20 = 0.7500  
2025-02-26 22:44:01.699  
  
2025-02-26 22:44:01.882  
  
2025-02-26 22:44:01.882  [VAL_FINETUNE_DTVU_STEPS_3] epoch_22  
2025-02-26 22:44:01.882  =============================================  
2025-02-26 22:44:01.882  val_finetune_dtvu_steps_3/loss = 3.4828  
2025-02-26 22:44:01.882  val_finetune_dtvu_steps_3/acc@01 = 0.2667  
2025-02-26 22:44:01.882  val_finetune_dtvu_steps_3/acc@05 = 0.5500  
2025-02-26 22:44:01.882  val_finetune_dtvu_steps_3/acc@10 = 0.6333  
2025-02-26 22:44:01.882  val_finetune_dtvu_steps_3/acc@20 = 0.8167  
2025-02-26 22:44:01.882  
  
2025-02-26 22:44:03.658  
  
2025-02-26 22:44:03.659  [TRN] epoch_23  
2025-02-26 22:44:03.659  =============================================  
2025-02-26 22:44:03.659  trn/loss = 3.1463  
2025-02-26 22:44:03.659  trn/acc@01 = 0.2800  
2025-02-26 22:44:03.659  trn/acc@05 = 0.5578  
2025-02-26 22:44:03.659  trn/acc@10 = 0.7111  
2025-02-26 22:44:03.659  trn/acc@20 = 0.8533  
2025-02-26 22:44:03.659  
  
2025-02-26 22:44:03.864  
  
2025-02-26 22:44:03.864  [VAL_FINETUNE_DTVU_STEPS_1] epoch_23  
2025-02-26 22:44:03.864  =============================================  
2025-02-26 22:44:03.864  val_finetune_dtvu_steps_1/loss = 3.5384  
2025-02-26 22:44:03.864  val_finetune_dtvu_steps_1/acc@01 = 0.2500  
2025-02-26 22:44:03.864  val_finetune_dtvu_steps_1/acc@05 = 0.4500  
2025-02-26 22:44:03.864  val_finetune_dtvu_steps_1/acc@10 = 0.5500  
2025-02-26 22:44:03.864  val_finetune_dtvu_steps_1/acc@20 = 0.7500  
2025-02-26 22:44:03.864  
  
2025-02-26 22:44:04.053  
  
2025-02-26 22:44:04.058  [VAL_FINETUNE_DTVU_STEPS_3] epoch_23  
2025-02-26 22:44:04.058  =============================================  
2025-02-26 22:44:04.058  val_finetune_dtvu_steps_3/loss = 3.4572  
2025-02-26 22:44:04.059  val_finetune_dtvu_steps_3/acc@01 = 0.2667  
2025-02-26 22:44:04.059  val_finetune_dtvu_steps_3/acc@05 = 0.5167  
2025-02-26 22:44:04.059  val_finetune_dtvu_steps_3/acc@10 = 0.6167  
2025-02-26 22:44:04.059  val_finetune_dtvu_steps_3/acc@20 = 0.7667  
2025-02-26 22:44:04.059  
  
2025-02-26 22:44:05.813  
  
2025-02-26 22:44:05.813  [TRN] epoch_24  
2025-02-26 22:44:05.813  =============================================  
2025-02-26 22:44:05.813  trn/loss = 3.1849  
2025-02-26 22:44:05.813  trn/acc@01 = 0.2722  
2025-02-26 22:44:05.813  trn/acc@05 = 0.5773  
2025-02-26 22:44:05.813  trn/acc@10 = 0.7216  
2025-02-26 22:44:05.813  trn/acc@20 = 0.8454  
2025-02-26 22:44:05.813  
  
2025-02-26 22:44:05.989  
  
2025-02-26 22:44:05.989  [VAL_FINETUNE_DTVU_STEPS_1] epoch_24  
2025-02-26 22:44:05.989  =============================================  
2025-02-26 22:44:05.989  val_finetune_dtvu_steps_1/loss = 3.7431  
2025-02-26 22:44:05.989  val_finetune_dtvu_steps_1/acc@01 = 0.2500  
2025-02-26 22:44:05.989  val_finetune_dtvu_steps_1/acc@05 = 0.5500  
2025-02-26 22:44:05.989  val_finetune_dtvu_steps_1/acc@10 = 0.5500  
2025-02-26 22:44:05.989  val_finetune_dtvu_steps_1/acc@20 = 0.7500  
2025-02-26 22:44:05.989  
  
2025-02-26 22:44:06.160  
  
2025-02-26 22:44:06.160  [VAL_FINETUNE_DTVU_STEPS_3] epoch_24  
2025-02-26 22:44:06.160  =============================================  
2025-02-26 22:44:06.160  val_finetune_dtvu_steps_3/loss = 3.5631  
2025-02-26 22:44:06.160  val_finetune_dtvu_steps_3/acc@01 = 0.2667  
2025-02-26 22:44:06.160  val_finetune_dtvu_steps_3/acc@05 = 0.5667  
2025-02-26 22:44:06.160  val_finetune_dtvu_steps_3/acc@10 = 0.6000  
2025-02-26 22:44:06.160  val_finetune_dtvu_steps_3/acc@20 = 0.7500  
2025-02-26 22:44:06.160  
  
2025-02-26 22:44:07.962  
  
2025-02-26 22:44:07.962  [TRN] epoch_25  
2025-02-26 22:44:07.962  =============================================  
2025-02-26 22:44:07.962  trn/loss = 3.1120  
2025-02-26 22:44:07.962  trn/acc@01 = 0.2355  
2025-02-26 22:44:07.962  trn/acc@05 = 0.5794  
2025-02-26 22:44:07.962  trn/acc@10 = 0.7383  
2025-02-26 22:44:07.962  trn/acc@20 = 0.8579  
2025-02-26 22:44:07.962  
  
2025-02-26 22:44:08.139  
  
2025-02-26 22:44:08.139  [VAL_FINETUNE_DTVU_STEPS_1] epoch_25  
2025-02-26 22:44:08.139  =============================================  
2025-02-26 22:44:08.139  val_finetune_dtvu_steps_1/loss = 3.6293  
2025-02-26 22:44:08.139  val_finetune_dtvu_steps_1/acc@01 = 0.3000  
2025-02-26 22:44:08.139  val_finetune_dtvu_steps_1/acc@05 = 0.5000  
2025-02-26 22:44:08.139  val_finetune_dtvu_steps_1/acc@10 = 0.5000  
2025-02-26 22:44:08.139  val_finetune_dtvu_steps_1/acc@20 = 0.8000  
2025-02-26 22:44:08.139  
  
2025-02-26 22:44:08.341  
  
2025-02-26 22:44:08.341  [VAL_FINETUNE_DTVU_STEPS_3] epoch_25  
2025-02-26 22:44:08.341  =============================================  
2025-02-26 22:44:08.341  val_finetune_dtvu_steps_3/loss = 3.6120  
2025-02-26 22:44:08.341  val_finetune_dtvu_steps_3/acc@01 = 0.2833  
2025-02-26 22:44:08.341  val_finetune_dtvu_steps_3/acc@05 = 0.5167  
2025-02-26 22:44:08.341  val_finetune_dtvu_steps_3/acc@10 = 0.5500  
2025-02-26 22:44:08.341  val_finetune_dtvu_steps_3/acc@20 = 0.7667  
2025-02-26 22:44:08.341  
  
2025-02-26 22:44:10.098  
  
2025-02-26 22:44:10.098  [TRN] epoch_26  
2025-02-26 22:44:10.099  =============================================  
2025-02-26 22:44:10.099  trn/loss = 3.2092  
2025-02-26 22:44:10.099  trn/acc@01 = 0.2659  
2025-02-26 22:44:10.099  trn/acc@05 = 0.5758  
2025-02-26 22:44:10.099  trn/acc@10 = 0.7055  
2025-02-26 22:44:10.099  trn/acc@20 = 0.8330  
2025-02-26 22:44:10.099  
  
2025-02-26 22:44:10.262  
  
2025-02-26 22:44:10.262  [VAL_FINETUNE_DTVU_STEPS_1] epoch_26  
2025-02-26 22:44:10.262  =============================================  
2025-02-26 22:44:10.262  val_finetune_dtvu_steps_1/loss = 3.5420  
2025-02-26 22:44:10.262  val_finetune_dtvu_steps_1/acc@01 = 0.2000  
2025-02-26 22:44:10.262  val_finetune_dtvu_steps_1/acc@05 = 0.5500  
2025-02-26 22:44:10.262  val_finetune_dtvu_steps_1/acc@10 = 0.5500  
2025-02-26 22:44:10.262  val_finetune_dtvu_steps_1/acc@20 = 0.8000  
2025-02-26 22:44:10.268  
  
2025-02-26 22:44:10.430  
  
2025-02-26 22:44:10.430  [VAL_FINETUNE_DTVU_STEPS_3] epoch_26  
2025-02-26 22:44:10.430  =============================================  
2025-02-26 22:44:10.430  val_finetune_dtvu_steps_3/loss = 3.4660  
2025-02-26 22:44:10.430  val_finetune_dtvu_steps_3/acc@01 = 0.2333  
2025-02-26 22:44:10.430  val_finetune_dtvu_steps_3/acc@05 = 0.5500  
2025-02-26 22:44:10.437  val_finetune_dtvu_steps_3/acc@10 = 0.5833  
2025-02-26 22:44:10.437  val_finetune_dtvu_steps_3/acc@20 = 0.8000  
2025-02-26 22:44:10.437  
  
2025-02-26 22:44:12.241  
  
2025-02-26 22:44:12.241  [TRN] epoch_27  
2025-02-26 22:44:12.241  =============================================  
2025-02-26 22:44:12.241  trn/loss = 3.0840  
2025-02-26 22:44:12.241  trn/acc@01 = 0.2733  
2025-02-26 22:44:12.241  trn/acc@05 = 0.5762  
2025-02-26 22:44:12.241  trn/acc@10 = 0.7149  
2025-02-26 22:44:12.241  trn/acc@20 = 0.8515  
2025-02-26 22:44:12.241  
  
2025-02-26 22:44:12.419  
  
2025-02-26 22:44:12.420  [VAL_FINETUNE_DTVU_STEPS_1] epoch_27  
2025-02-26 22:44:12.420  =============================================  
2025-02-26 22:44:12.420  val_finetune_dtvu_steps_1/loss = 3.5805  
2025-02-26 22:44:12.420  val_finetune_dtvu_steps_1/acc@01 = 0.2500  
2025-02-26 22:44:12.420  val_finetune_dtvu_steps_1/acc@05 = 0.4500  
2025-02-26 22:44:12.420  val_finetune_dtvu_steps_1/acc@10 = 0.5500  
2025-02-26 22:44:12.420  val_finetune_dtvu_steps_1/acc@20 = 0.7500  
2025-02-26 22:44:12.420  
  
2025-02-26 22:44:12.594  
  
2025-02-26 22:44:12.594  [VAL_FINETUNE_DTVU_STEPS_3] epoch_27  
2025-02-26 22:44:12.594  =============================================  
2025-02-26 22:44:12.594  val_finetune_dtvu_steps_3/loss = 3.4958  
2025-02-26 22:44:12.594  val_finetune_dtvu_steps_3/acc@01 = 0.2667  
2025-02-26 22:44:12.594  val_finetune_dtvu_steps_3/acc@05 = 0.5333  
2025-02-26 22:44:12.594  val_finetune_dtvu_steps_3/acc@10 = 0.6000  
2025-02-26 22:44:12.594  val_finetune_dtvu_steps_3/acc@20 = 0.7667  
2025-02-26 22:44:12.594  
  
2025-02-26 22:44:14.588  
  
2025-02-26 22:44:14.588  [TRN] epoch_28  
2025-02-26 22:44:14.588  =============================================  
2025-02-26 22:44:14.588  trn/loss = 2.9428  
2025-02-26 22:44:14.589  trn/acc@01 = 0.2990  
2025-02-26 22:44:14.589  trn/acc@05 = 0.6416  
2025-02-26 22:44:14.589  trn/acc@10 = 0.7663  
2025-02-26 22:44:14.589  trn/acc@20 = 0.8574  
2025-02-26 22:44:14.589  
  
2025-02-26 22:44:14.789  
  
2025-02-26 22:44:14.789  [VAL_FINETUNE_DTVU_STEPS_1] epoch_28  
2025-02-26 22:44:14.789  =============================================  
2025-02-26 22:44:14.789  val_finetune_dtvu_steps_1/loss = 3.7021  
2025-02-26 22:44:14.798  val_finetune_dtvu_steps_1/acc@01 = 0.2000  
2025-02-26 22:44:14.798  val_finetune_dtvu_steps_1/acc@05 = 0.4500  
2025-02-26 22:44:14.798  val_finetune_dtvu_steps_1/acc@10 = 0.6000  
2025-02-26 22:44:14.798  val_finetune_dtvu_steps_1/acc@20 = 0.7500  
2025-02-26 22:44:14.798  
  
2025-02-26 22:44:14.991  
  
2025-02-26 22:44:14.991  [VAL_FINETUNE_DTVU_STEPS_3] epoch_28  
2025-02-26 22:44:14.991  =============================================  
2025-02-26 22:44:14.991  val_finetune_dtvu_steps_3/loss = 3.4390  
2025-02-26 22:44:14.991  val_finetune_dtvu_steps_3/acc@01 = 0.2667  
2025-02-26 22:44:14.991  val_finetune_dtvu_steps_3/acc@05 = 0.5167  
2025-02-26 22:44:14.991  val_finetune_dtvu_steps_3/acc@10 = 0.6167  
2025-02-26 22:44:14.991  val_finetune_dtvu_steps_3/acc@20 = 0.8000  
2025-02-26 22:44:14.991  
  
2025-02-26 22:44:16.783  
  
2025-02-26 22:44:16.783  [TRN] epoch_29  
2025-02-26 22:44:16.783  =============================================  
2025-02-26 22:44:16.785  trn/loss = 3.1422  
2025-02-26 22:44:16.785  trn/acc@01 = 0.2692  
2025-02-26 22:44:16.785  trn/acc@05 = 0.5808  
2025-02-26 22:44:16.785  trn/acc@10 = 0.7154  
2025-02-26 22:44:16.785  trn/acc@20 = 0.8423  
2025-02-26 22:44:16.785  
  
2025-02-26 22:44:16.969  
  
2025-02-26 22:44:16.969  [VAL_FINETUNE_DTVU_STEPS_1] epoch_29  
2025-02-26 22:44:16.969  =============================================  
2025-02-26 22:44:16.969  val_finetune_dtvu_steps_1/loss = 3.5887  
2025-02-26 22:44:16.969  val_finetune_dtvu_steps_1/acc@01 = 0.2000  
2025-02-26 22:44:16.969  val_finetune_dtvu_steps_1/acc@05 = 0.4000  
2025-02-26 22:44:16.969  val_finetune_dtvu_steps_1/acc@10 = 0.7000  
2025-02-26 22:44:16.969  val_finetune_dtvu_steps_1/acc@20 = 0.8000  
2025-02-26 22:44:16.969  
  
2025-02-26 22:44:17.162  
  
2025-02-26 22:44:17.162  [VAL_FINETUNE_DTVU_STEPS_3] epoch_29  
2025-02-26 22:44:17.162  =============================================  
2025-02-26 22:44:17.162  val_finetune_dtvu_steps_3/loss = 3.5509  
2025-02-26 22:44:17.162  val_finetune_dtvu_steps_3/acc@01 = 0.2167  
2025-02-26 22:44:17.162  val_finetune_dtvu_steps_3/acc@05 = 0.4500  
2025-02-26 22:44:17.162  val_finetune_dtvu_steps_3/acc@10 = 0.6333  
2025-02-26 22:44:17.162  val_finetune_dtvu_steps_3/acc@20 = 0.7833  
2025-02-26 22:44:17.162  
  
2025-02-26 22:44:19.005  
  
2025-02-26 22:44:19.005  [TRN] epoch_30  
2025-02-26 22:44:19.005  =============================================  
2025-02-26 22:44:19.005  trn/loss = 3.1334  
2025-02-26 22:44:19.005  trn/acc@01 = 0.2843  
2025-02-26 22:44:19.005  trn/acc@05 = 0.6216  
2025-02-26 22:44:19.005  trn/acc@10 = 0.7431  
2025-02-26 22:44:19.005  trn/acc@20 = 0.8549  
2025-02-26 22:44:19.005  
  
2025-02-26 22:44:19.184  
  
2025-02-26 22:44:19.184  [VAL_FINETUNE_DTVU_STEPS_1] epoch_30  
2025-02-26 22:44:19.184  =============================================  
2025-02-26 22:44:19.184  val_finetune_dtvu_steps_1/loss = 3.6739  
2025-02-26 22:44:19.184  val_finetune_dtvu_steps_1/acc@01 = 0.2000  
2025-02-26 22:44:19.184  val_finetune_dtvu_steps_1/acc@05 = 0.5000  
2025-02-26 22:44:19.184  val_finetune_dtvu_steps_1/acc@10 = 0.5500  
2025-02-26 22:44:19.184  val_finetune_dtvu_steps_1/acc@20 = 0.7500  
2025-02-26 22:44:19.184  
  
2025-02-26 22:44:19.368  
  
2025-02-26 22:44:19.369  [VAL_FINETUNE_DTVU_STEPS_3] epoch_30  
2025-02-26 22:44:19.369  =============================================  
2025-02-26 22:44:19.369  val_finetune_dtvu_steps_3/loss = 3.4733  
2025-02-26 22:44:19.369  val_finetune_dtvu_steps_3/acc@01 = 0.2167  
2025-02-26 22:44:19.369  val_finetune_dtvu_steps_3/acc@05 = 0.5000  
2025-02-26 22:44:19.369  val_finetune_dtvu_steps_3/acc@10 = 0.6000  
2025-02-26 22:44:19.369  val_finetune_dtvu_steps_3/acc@20 = 0.8500  
2025-02-26 22:44:19.369  
  
2025-02-26 22:44:21.219  
  
2025-02-26 22:44:21.219  [TRN] epoch_31  
2025-02-26 22:44:21.219  =============================================  
2025-02-26 22:44:21.219  trn/loss = 3.1208  
2025-02-26 22:44:21.219  trn/acc@01 = 0.2700  
2025-02-26 22:44:21.219  trn/acc@05 = 0.5400  
2025-02-26 22:44:21.219  trn/acc@10 = 0.7140  
2025-02-26 22:44:21.219  trn/acc@20 = 0.8480  
2025-02-26 22:44:21.219  
  
2025-02-26 22:44:21.409  
  
2025-02-26 22:44:21.409  [VAL_FINETUNE_DTVU_STEPS_1] epoch_31  
2025-02-26 22:44:21.409  =============================================  
2025-02-26 22:44:21.409  val_finetune_dtvu_steps_1/loss = 3.3778  
2025-02-26 22:44:21.409  val_finetune_dtvu_steps_1/acc@01 = 0.1500  
2025-02-26 22:44:21.409  val_finetune_dtvu_steps_1/acc@05 = 0.5000  
2025-02-26 22:44:21.409  val_finetune_dtvu_steps_1/acc@10 = 0.6000  
2025-02-26 22:44:21.409  val_finetune_dtvu_steps_1/acc@20 = 0.8500  
2025-02-26 22:44:21.418  
  
2025-02-26 22:44:21.595  
  
2025-02-26 22:44:21.595  [VAL_FINETUNE_DTVU_STEPS_3] epoch_31  
2025-02-26 22:44:21.595  =============================================  
2025-02-26 22:44:21.595  val_finetune_dtvu_steps_3/loss = 3.3716  
2025-02-26 22:44:21.595  val_finetune_dtvu_steps_3/acc@01 = 0.1833  
2025-02-26 22:44:21.595  val_finetune_dtvu_steps_3/acc@05 = 0.4833  
2025-02-26 22:44:21.595  val_finetune_dtvu_steps_3/acc@10 = 0.6167  
2025-02-26 22:44:21.595  val_finetune_dtvu_steps_3/acc@20 = 0.8000  
2025-02-26 22:44:21.595  
  
2025-02-26 22:44:23.391  
  
2025-02-26 22:44:23.391  [TRN] epoch_32  
2025-02-26 22:44:23.391  =============================================  
2025-02-26 22:44:23.391  trn/loss = 3.0220  
2025-02-26 22:44:23.391  trn/acc@01 = 0.2757  
2025-02-26 22:44:23.391  trn/acc@05 = 0.6155  
2025-02-26 22:44:23.391  trn/acc@10 = 0.7398  
2025-02-26 22:44:23.391  trn/acc@20 = 0.8660  
2025-02-26 22:44:23.391  
  
2025-02-26 22:44:23.579  
  
2025-02-26 22:44:23.579  [VAL_FINETUNE_DTVU_STEPS_1] epoch_32  
2025-02-26 22:44:23.579  =============================================  
2025-02-26 22:44:23.579  val_finetune_dtvu_steps_1/loss = 3.5418  
2025-02-26 22:44:23.579  val_finetune_dtvu_steps_1/acc@01 = 0.2500  
2025-02-26 22:44:23.579  val_finetune_dtvu_steps_1/acc@05 = 0.5000  
2025-02-26 22:44:23.579  val_finetune_dtvu_steps_1/acc@10 = 0.5500  
2025-02-26 22:44:23.579  val_finetune_dtvu_steps_1/acc@20 = 0.8500  
2025-02-26 22:44:23.579  
  
2025-02-26 22:44:23.772  
  
2025-02-26 22:44:23.772  [VAL_FINETUNE_DTVU_STEPS_3] epoch_32  
2025-02-26 22:44:23.772  =============================================  
2025-02-26 22:44:23.772  val_finetune_dtvu_steps_3/loss = 3.4470  
2025-02-26 22:44:23.772  val_finetune_dtvu_steps_3/acc@01 = 0.2667  
2025-02-26 22:44:23.772  val_finetune_dtvu_steps_3/acc@05 = 0.5167  
2025-02-26 22:44:23.772  val_finetune_dtvu_steps_3/acc@10 = 0.6167  
2025-02-26 22:44:23.772  val_finetune_dtvu_steps_3/acc@20 = 0.8167  
2025-02-26 22:44:23.772  
  
2025-02-26 22:44:25.564  
  
2025-02-26 22:44:25.564  [TRN] epoch_33  
2025-02-26 22:44:25.564  =============================================  
2025-02-26 22:44:25.564  trn/loss = 3.1078  
2025-02-26 22:44:25.564  trn/acc@01 = 0.3157  
2025-02-26 22:44:25.564  trn/acc@05 = 0.6000  
2025-02-26 22:44:25.564  trn/acc@10 = 0.7471  
2025-02-26 22:44:25.564  trn/acc@20 = 0.8588  
2025-02-26 22:44:25.564  
  
2025-02-26 22:44:25.730  
  
2025-02-26 22:44:25.730  [VAL_FINETUNE_DTVU_STEPS_1] epoch_33  
2025-02-26 22:44:25.730  =============================================  
2025-02-26 22:44:25.730  val_finetune_dtvu_steps_1/loss = 3.3473  
2025-02-26 22:44:25.730  val_finetune_dtvu_steps_1/acc@01 = 0.2500  
2025-02-26 22:44:25.730  val_finetune_dtvu_steps_1/acc@05 = 0.6000  
2025-02-26 22:44:25.730  val_finetune_dtvu_steps_1/acc@10 = 0.6000  
2025-02-26 22:44:25.730  val_finetune_dtvu_steps_1/acc@20 = 0.8000  
2025-02-26 22:44:25.730  
  
2025-02-26 22:44:25.916  
  
2025-02-26 22:44:25.916  [VAL_FINETUNE_DTVU_STEPS_3] epoch_33  
2025-02-26 22:44:25.916  =============================================  
2025-02-26 22:44:25.916  val_finetune_dtvu_steps_3/loss = 3.3778  
2025-02-26 22:44:25.916  val_finetune_dtvu_steps_3/acc@01 = 0.2667  
2025-02-26 22:44:25.916  val_finetune_dtvu_steps_3/acc@05 = 0.6167  
2025-02-26 22:44:25.916  val_finetune_dtvu_steps_3/acc@10 = 0.6500  
2025-02-26 22:44:25.916  val_finetune_dtvu_steps_3/acc@20 = 0.7833  
2025-02-26 22:44:25.916  
  
2025-02-26 22:44:27.701  
  
2025-02-26 22:44:27.701  [TRN] epoch_34  
2025-02-26 22:44:27.701  =============================================  
2025-02-26 22:44:27.701  trn/loss = 2.9391  
2025-02-26 22:44:27.701  trn/acc@01 = 0.3050  
2025-02-26 22:44:27.701  trn/acc@05 = 0.6139  
2025-02-26 22:44:27.701  trn/acc@10 = 0.7525  
2025-02-26 22:44:27.701  trn/acc@20 = 0.8673  
2025-02-26 22:44:27.701  
  
2025-02-26 22:44:27.880  
  
2025-02-26 22:44:27.880  [VAL_FINETUNE_DTVU_STEPS_1] epoch_34  
2025-02-26 22:44:27.880  =============================================  
2025-02-26 22:44:27.880  val_finetune_dtvu_steps_1/loss = 3.7590  
2025-02-26 22:44:27.880  val_finetune_dtvu_steps_1/acc@01 = 0.2000  
2025-02-26 22:44:27.880  val_finetune_dtvu_steps_1/acc@05 = 0.5000  
2025-02-26 22:44:27.880  val_finetune_dtvu_steps_1/acc@10 = 0.5500  
2025-02-26 22:44:27.880  val_finetune_dtvu_steps_1/acc@20 = 0.7500  
2025-02-26 22:44:27.880  
  
2025-02-26 22:44:28.069  
  
2025-02-26 22:44:28.069  [VAL_FINETUNE_DTVU_STEPS_3] epoch_34  
2025-02-26 22:44:28.069  =============================================  
2025-02-26 22:44:28.069  val_finetune_dtvu_steps_3/loss = 3.5183  
2025-02-26 22:44:28.069  val_finetune_dtvu_steps_3/acc@01 = 0.2667  
2025-02-26 22:44:28.069  val_finetune_dtvu_steps_3/acc@05 = 0.5333  
2025-02-26 22:44:28.069  val_finetune_dtvu_steps_3/acc@10 = 0.6000  
2025-02-26 22:44:28.069  val_finetune_dtvu_steps_3/acc@20 = 0.8000  
2025-02-26 22:44:28.069  
  
2025-02-26 22:44:29.899  
  
2025-02-26 22:44:29.899  [TRN] epoch_35  
2025-02-26 22:44:29.899  =============================================  
2025-02-26 22:44:29.899  trn/loss = 3.1403  
2025-02-26 22:44:29.899  trn/acc@01 = 0.2606  
2025-02-26 22:44:29.899  trn/acc@05 = 0.6182  
2025-02-26 22:44:29.899  trn/acc@10 = 0.7253  
2025-02-26 22:44:29.899  trn/acc@20 = 0.8444  
2025-02-26 22:44:29.899  
  
2025-02-26 22:44:30.085  
  
2025-02-26 22:44:30.085  [VAL_FINETUNE_DTVU_STEPS_1] epoch_35  
2025-02-26 22:44:30.085  =============================================  
2025-02-26 22:44:30.085  val_finetune_dtvu_steps_1/loss = 3.8016  
2025-02-26 22:44:30.085  val_finetune_dtvu_steps_1/acc@01 = 0.2000  
2025-02-26 22:44:30.085  val_finetune_dtvu_steps_1/acc@05 = 0.4500  
2025-02-26 22:44:30.085  val_finetune_dtvu_steps_1/acc@10 = 0.5000  
2025-02-26 22:44:30.085  val_finetune_dtvu_steps_1/acc@20 = 0.7500  
2025-02-26 22:44:30.085  
  
2025-02-26 22:44:30.283  
  
2025-02-26 22:44:30.283  [VAL_FINETUNE_DTVU_STEPS_3] epoch_35  
2025-02-26 22:44:30.283  =============================================  
2025-02-26 22:44:30.283  val_finetune_dtvu_steps_3/loss = 3.5768  
2025-02-26 22:44:30.283  val_finetune_dtvu_steps_3/acc@01 = 0.2667  
2025-02-26 22:44:30.289  val_finetune_dtvu_steps_3/acc@05 = 0.5167  
2025-02-26 22:44:30.289  val_finetune_dtvu_steps_3/acc@10 = 0.5833  
2025-02-26 22:44:30.289  val_finetune_dtvu_steps_3/acc@20 = 0.7833  
2025-02-26 22:44:30.289  
  
2025-02-26 22:44:32.103  
  
2025-02-26 22:44:32.103  [TRN] epoch_36  
2025-02-26 22:44:32.103  =============================================  
2025-02-26 22:44:32.103  trn/loss = 2.9687  
2025-02-26 22:44:32.103  trn/acc@01 = 0.3176  
2025-02-26 22:44:32.103  trn/acc@05 = 0.6294  
2025-02-26 22:44:32.103  trn/acc@10 = 0.7529  
2025-02-26 22:44:32.103  trn/acc@20 = 0.8529  
2025-02-26 22:44:32.103  
  
2025-02-26 22:44:32.312  
  
2025-02-26 22:44:32.312  [VAL_FINETUNE_DTVU_STEPS_1] epoch_36  
2025-02-26 22:44:32.312  =============================================  
2025-02-26 22:44:32.312  val_finetune_dtvu_steps_1/loss = 3.7223  
2025-02-26 22:44:32.312  val_finetune_dtvu_steps_1/acc@01 = 0.2500  
2025-02-26 22:44:32.312  val_finetune_dtvu_steps_1/acc@05 = 0.5500  
2025-02-26 22:44:32.312  val_finetune_dtvu_steps_1/acc@10 = 0.5500  
2025-02-26 22:44:32.312  val_finetune_dtvu_steps_1/acc@20 = 0.7000  
2025-02-26 22:44:32.312  
  
2025-02-26 22:44:32.490  
  
2025-02-26 22:44:32.490  [VAL_FINETUNE_DTVU_STEPS_3] epoch_36  
2025-02-26 22:44:32.490  =============================================  
2025-02-26 22:44:32.490  val_finetune_dtvu_steps_3/loss = 3.5623  
2025-02-26 22:44:32.490  val_finetune_dtvu_steps_3/acc@01 = 0.2167  
2025-02-26 22:44:32.490  val_finetune_dtvu_steps_3/acc@05 = 0.5500  
2025-02-26 22:44:32.490  val_finetune_dtvu_steps_3/acc@10 = 0.6167  
2025-02-26 22:44:32.490  val_finetune_dtvu_steps_3/acc@20 = 0.7000  
2025-02-26 22:44:32.490  
  
2025-02-26 22:44:34.320  
  
2025-02-26 22:44:34.320  [TRN] epoch_37  
2025-02-26 22:44:34.320  =============================================  
2025-02-26 22:44:34.320  trn/loss = 3.0696  
2025-02-26 22:44:34.320  trn/acc@01 = 0.2680  
2025-02-26 22:44:34.320  trn/acc@05 = 0.5961  
2025-02-26 22:44:34.320  trn/acc@10 = 0.7087  
2025-02-26 22:44:34.320  trn/acc@20 = 0.8291  
2025-02-26 22:44:34.323  
  
2025-02-26 22:44:34.509  
  
2025-02-26 22:44:34.509  [VAL_FINETUNE_DTVU_STEPS_1] epoch_37  
2025-02-26 22:44:34.509  =============================================  
2025-02-26 22:44:34.509  val_finetune_dtvu_steps_1/loss = 3.7014  
2025-02-26 22:44:34.509  val_finetune_dtvu_steps_1/acc@01 = 0.2500  
2025-02-26 22:44:34.509  val_finetune_dtvu_steps_1/acc@05 = 0.5000  
2025-02-26 22:44:34.509  val_finetune_dtvu_steps_1/acc@10 = 0.5500  
2025-02-26 22:44:34.509  val_finetune_dtvu_steps_1/acc@20 = 0.7000  
2025-02-26 22:44:34.509  
  
2025-02-26 22:44:34.685  
  
2025-02-26 22:44:34.690  [VAL_FINETUNE_DTVU_STEPS_3] epoch_37  
2025-02-26 22:44:34.690  =============================================  
2025-02-26 22:44:34.690  val_finetune_dtvu_steps_3/loss = 3.5560  
2025-02-26 22:44:34.690  val_finetune_dtvu_steps_3/acc@01 = 0.2833  
2025-02-26 22:44:34.690  val_finetune_dtvu_steps_3/acc@05 = 0.5167  
2025-02-26 22:44:34.690  val_finetune_dtvu_steps_3/acc@10 = 0.6167  
2025-02-26 22:44:34.690  val_finetune_dtvu_steps_3/acc@20 = 0.7500  
2025-02-26 22:44:34.690  
  
2025-02-26 22:44:36.509  
  
2025-02-26 22:44:36.509  [TRN] epoch_38  
2025-02-26 22:44:36.509  =============================================  
2025-02-26 22:44:36.509  trn/loss = 3.0925  
2025-02-26 22:44:36.509  trn/acc@01 = 0.2452  
2025-02-26 22:44:36.509  trn/acc@05 = 0.5843  
2025-02-26 22:44:36.509  trn/acc@10 = 0.7061  
2025-02-26 22:44:36.509  trn/acc@20 = 0.8261  
2025-02-26 22:44:36.509  
  
2025-02-26 22:44:36.719  
  
2025-02-26 22:44:36.719  [VAL_FINETUNE_DTVU_STEPS_1] epoch_38  
2025-02-26 22:44:36.719  =============================================  
2025-02-26 22:44:36.720  val_finetune_dtvu_steps_1/loss = 3.6604  
2025-02-26 22:44:36.720  val_finetune_dtvu_steps_1/acc@01 = 0.2000  
2025-02-26 22:44:36.720  val_finetune_dtvu_steps_1/acc@05 = 0.5000  
2025-02-26 22:44:36.720  val_finetune_dtvu_steps_1/acc@10 = 0.5500  
2025-02-26 22:44:36.720  val_finetune_dtvu_steps_1/acc@20 = 0.7000  
2025-02-26 22:44:36.720  
  
2025-02-26 22:44:36.910  
  
2025-02-26 22:44:36.910  [VAL_FINETUNE_DTVU_STEPS_3] epoch_38  
2025-02-26 22:44:36.910  =============================================  
2025-02-26 22:44:36.910  val_finetune_dtvu_steps_3/loss = 3.5299  
2025-02-26 22:44:36.910  val_finetune_dtvu_steps_3/acc@01 = 0.2333  
2025-02-26 22:44:36.910  val_finetune_dtvu_steps_3/acc@05 = 0.5333  
2025-02-26 22:44:36.910  val_finetune_dtvu_steps_3/acc@10 = 0.6000  
2025-02-26 22:44:36.910  val_finetune_dtvu_steps_3/acc@20 = 0.7500  
2025-02-26 22:44:36.910  
  
2025-02-26 22:44:38.819  
  
2025-02-26 22:44:38.819  [TRN] epoch_39  
2025-02-26 22:44:38.819  =============================================  
2025-02-26 22:44:38.819  trn/loss = 3.0278  
2025-02-26 22:44:38.819  trn/acc@01 = 0.2343  
2025-02-26 22:44:38.819  trn/acc@05 = 0.6000  
2025-02-26 22:44:38.819  trn/acc@10 = 0.7390  
2025-02-26 22:44:38.819  trn/acc@20 = 0.8571  
2025-02-26 22:44:38.819  
  
2025-02-26 22:44:38.992  
  
2025-02-26 22:44:38.992  [VAL_FINETUNE_DTVU_STEPS_1] epoch_39  
2025-02-26 22:44:38.992  =============================================  
2025-02-26 22:44:38.992  val_finetune_dtvu_steps_1/loss = 3.5491  
2025-02-26 22:44:38.992  val_finetune_dtvu_steps_1/acc@01 = 0.2500  
2025-02-26 22:44:38.992  val_finetune_dtvu_steps_1/acc@05 = 0.5500  
2025-02-26 22:44:38.992  val_finetune_dtvu_steps_1/acc@10 = 0.6000  
2025-02-26 22:44:38.992  val_finetune_dtvu_steps_1/acc@20 = 0.7500  
2025-02-26 22:44:38.992  
  
2025-02-26 22:44:39.199  
  
2025-02-26 22:44:39.199  [VAL_FINETUNE_DTVU_STEPS_3] epoch_39  
2025-02-26 22:44:39.199  =============================================  
2025-02-26 22:44:39.199  val_finetune_dtvu_steps_3/loss = 3.4551  
2025-02-26 22:44:39.199  val_finetune_dtvu_steps_3/acc@01 = 0.2667  
2025-02-26 22:44:39.199  val_finetune_dtvu_steps_3/acc@05 = 0.5667  
2025-02-26 22:44:39.199  val_finetune_dtvu_steps_3/acc@10 = 0.6667  
2025-02-26 22:44:39.199  val_finetune_dtvu_steps_3/acc@20 = 0.7667  
2025-02-26 22:44:39.199  
  
2025-02-26 22:44:40.980  
  
2025-02-26 22:44:40.980  [TRN] epoch_40  
2025-02-26 22:44:40.980  =============================================  
2025-02-26 22:44:40.980  trn/loss = 3.0287  
2025-02-26 22:44:40.980  trn/acc@01 = 0.3111  
2025-02-26 22:44:40.980  trn/acc@05 = 0.6185  
2025-02-26 22:44:40.980  trn/acc@10 = 0.7407  
2025-02-26 22:44:40.980  trn/acc@20 = 0.8463  
2025-02-26 22:44:40.980  
  
2025-02-26 22:44:41.179  
  
2025-02-26 22:44:41.179  [VAL_FINETUNE_DTVU_STEPS_1] epoch_40  
2025-02-26 22:44:41.179  =============================================  
2025-02-26 22:44:41.179  val_finetune_dtvu_steps_1/loss = 3.5274  
2025-02-26 22:44:41.179  val_finetune_dtvu_steps_1/acc@01 = 0.2500  
2025-02-26 22:44:41.179  val_finetune_dtvu_steps_1/acc@05 = 0.5500  
2025-02-26 22:44:41.179  val_finetune_dtvu_steps_1/acc@10 = 0.5500  
2025-02-26 22:44:41.179  val_finetune_dtvu_steps_1/acc@20 = 0.7500  
2025-02-26 22:44:41.179  
  
2025-02-26 22:44:41.359  
  
2025-02-26 22:44:41.359  [VAL_FINETUNE_DTVU_STEPS_3] epoch_40  
2025-02-26 22:44:41.359  =============================================  
2025-02-26 22:44:41.359  val_finetune_dtvu_steps_3/loss = 3.3947  
2025-02-26 22:44:41.359  val_finetune_dtvu_steps_3/acc@01 = 0.2667  
2025-02-26 22:44:41.359  val_finetune_dtvu_steps_3/acc@05 = 0.5833  
2025-02-26 22:44:41.359  val_finetune_dtvu_steps_3/acc@10 = 0.6167  
2025-02-26 22:44:41.359  val_finetune_dtvu_steps_3/acc@20 = 0.7500  
2025-02-26 22:44:41.359  
  
2025-02-26 22:44:43.169  
  
2025-02-26 22:44:43.169  [TRN] epoch_41  
2025-02-26 22:44:43.169  =============================================  
2025-02-26 22:44:43.169  trn/loss = 2.9710  
2025-02-26 22:44:43.169  trn/acc@01 = 0.2750  
2025-02-26 22:44:43.169  trn/acc@05 = 0.5982  
2025-02-26 22:44:43.169  trn/acc@10 = 0.7446  
2025-02-26 22:44:43.169  trn/acc@20 = 0.8536  
2025-02-26 22:44:43.171  
  
2025-02-26 22:44:43.376  
  
2025-02-26 22:44:43.376  [VAL_FINETUNE_DTVU_STEPS_1] epoch_41  
2025-02-26 22:44:43.379  =============================================  
2025-02-26 22:44:43.379  val_finetune_dtvu_steps_1/loss = 3.5671  
2025-02-26 22:44:43.381  val_finetune_dtvu_steps_1/acc@01 = 0.2000  
2025-02-26 22:44:43.381  val_finetune_dtvu_steps_1/acc@05 = 0.5500  
2025-02-26 22:44:43.383  val_finetune_dtvu_steps_1/acc@10 = 0.6000  
2025-02-26 22:44:43.383  val_finetune_dtvu_steps_1/acc@20 = 0.6500  
2025-02-26 22:44:43.383  
  
2025-02-26 22:44:43.679  
  
2025-02-26 22:44:43.679  [VAL_FINETUNE_DTVU_STEPS_3] epoch_41  
2025-02-26 22:44:43.679  =============================================  
2025-02-26 22:44:43.679  val_finetune_dtvu_steps_3/loss = 3.4151  
2025-02-26 22:44:43.679  val_finetune_dtvu_steps_3/acc@01 = 0.2167  
2025-02-26 22:44:43.679  val_finetune_dtvu_steps_3/acc@05 = 0.5667  
2025-02-26 22:44:43.679  val_finetune_dtvu_steps_3/acc@10 = 0.6167  
2025-02-26 22:44:43.679  val_finetune_dtvu_steps_3/acc@20 = 0.7833  
2025-02-26 22:44:43.679  
  
2025-02-26 22:44:45.539  
  
2025-02-26 22:44:45.539  [TRN] epoch_42  
2025-02-26 22:44:45.539  =============================================  
2025-02-26 22:44:45.539  trn/loss = 3.0066  
2025-02-26 22:44:45.539  trn/acc@01 = 0.3010  
2025-02-26 22:44:45.539  trn/acc@05 = 0.6058  
2025-02-26 22:44:45.539  trn/acc@10 = 0.7243  
2025-02-26 22:44:45.539  trn/acc@20 = 0.8311  
2025-02-26 22:44:45.539  
  
2025-02-26 22:44:45.733  
  
2025-02-26 22:44:45.733  [VAL_FINETUNE_DTVU_STEPS_1] epoch_42  
2025-02-26 22:44:45.733  =============================================  
2025-02-26 22:44:45.733  val_finetune_dtvu_steps_1/loss = 3.6121  
2025-02-26 22:44:45.733  val_finetune_dtvu_steps_1/acc@01 = 0.2500  
2025-02-26 22:44:45.733  val_finetune_dtvu_steps_1/acc@05 = 0.5500  
2025-02-26 22:44:45.733  val_finetune_dtvu_steps_1/acc@10 = 0.5500  
2025-02-26 22:44:45.733  val_finetune_dtvu_steps_1/acc@20 = 0.6500  
2025-02-26 22:44:45.733  
  
2025-02-26 22:44:45.910  
  
2025-02-26 22:44:45.910  [VAL_FINETUNE_DTVU_STEPS_3] epoch_42  
2025-02-26 22:44:45.910  =============================================  
2025-02-26 22:44:45.910  val_finetune_dtvu_steps_3/loss = 3.4004  
2025-02-26 22:44:45.910  val_finetune_dtvu_steps_3/acc@01 = 0.2167  
2025-02-26 22:44:45.910  val_finetune_dtvu_steps_3/acc@05 = 0.5833  
2025-02-26 22:44:45.910  val_finetune_dtvu_steps_3/acc@10 = 0.6000  
2025-02-26 22:44:45.910  val_finetune_dtvu_steps_3/acc@20 = 0.7833  
2025-02-26 22:44:45.910  
  
2025-02-26 22:44:47.709  
  
2025-02-26 22:44:47.709  [TRN] epoch_43  
2025-02-26 22:44:47.709  =============================================  
2025-02-26 22:44:47.709  trn/loss = 3.1667  
2025-02-26 22:44:47.709  trn/acc@01 = 0.2660  
2025-02-26 22:44:47.716  trn/acc@05 = 0.5638  
2025-02-26 22:44:47.716  trn/acc@10 = 0.6936  
2025-02-26 22:44:47.716  trn/acc@20 = 0.8255  
2025-02-26 22:44:47.716  
  
2025-02-26 22:44:47.890  
  
2025-02-26 22:44:47.890  [VAL_FINETUNE_DTVU_STEPS_1] epoch_43  
2025-02-26 22:44:47.890  =============================================  
2025-02-26 22:44:47.890  val_finetune_dtvu_steps_1/loss = 3.7138  
2025-02-26 22:44:47.890  val_finetune_dtvu_steps_1/acc@01 = 0.2000  
2025-02-26 22:44:47.890  val_finetune_dtvu_steps_1/acc@05 = 0.5500  
2025-02-26 22:44:47.890  val_finetune_dtvu_steps_1/acc@10 = 0.5500  
2025-02-26 22:44:47.890  val_finetune_dtvu_steps_1/acc@20 = 0.7000  
2025-02-26 22:44:47.890  
  
2025-02-26 22:44:48.104  
  
2025-02-26 22:44:48.104  [VAL_FINETUNE_DTVU_STEPS_3] epoch_43  
2025-02-26 22:44:48.104  =============================================  
2025-02-26 22:44:48.104  val_finetune_dtvu_steps_3/loss = 3.5327  
2025-02-26 22:44:48.104  val_finetune_dtvu_steps_3/acc@01 = 0.2667  
2025-02-26 22:44:48.104  val_finetune_dtvu_steps_3/acc@05 = 0.5333  
2025-02-26 22:44:48.104  val_finetune_dtvu_steps_3/acc@10 = 0.5833  
2025-02-26 22:44:48.105  val_finetune_dtvu_steps_3/acc@20 = 0.7500  
2025-02-26 22:44:48.105  
  
2025-02-26 22:44:49.906  
  
2025-02-26 22:44:49.907  [TRN] epoch_44  
2025-02-26 22:44:49.907  =============================================  
2025-02-26 22:44:49.907  trn/loss = 2.9346  
2025-02-26 22:44:49.907  trn/acc@01 = 0.3000  
2025-02-26 22:44:49.907  trn/acc@05 = 0.5849  
2025-02-26 22:44:49.907  trn/acc@10 = 0.7491  
2025-02-26 22:44:49.907  trn/acc@20 = 0.8698  
2025-02-26 22:44:49.907  
  
2025-02-26 22:44:50.129  
  
2025-02-26 22:44:50.129  [VAL_FINETUNE_DTVU_STEPS_1] epoch_44  
2025-02-26 22:44:50.129  =============================================  
2025-02-26 22:44:50.129  val_finetune_dtvu_steps_1/loss = 3.5877  
2025-02-26 22:44:50.129  val_finetune_dtvu_steps_1/acc@01 = 0.2000  
2025-02-26 22:44:50.129  val_finetune_dtvu_steps_1/acc@05 = 0.5500  
2025-02-26 22:44:50.130  val_finetune_dtvu_steps_1/acc@10 = 0.6500  
2025-02-26 22:44:50.130  val_finetune_dtvu_steps_1/acc@20 = 0.8000  
2025-02-26 22:44:50.130  
  
2025-02-26 22:44:50.337  
  
2025-02-26 22:44:50.337  [VAL_FINETUNE_DTVU_STEPS_3] epoch_44  
2025-02-26 22:44:50.337  =============================================  
2025-02-26 22:44:50.337  val_finetune_dtvu_steps_3/loss = 3.4173  
2025-02-26 22:44:50.337  val_finetune_dtvu_steps_3/acc@01 = 0.2667  
2025-02-26 22:44:50.337  val_finetune_dtvu_steps_3/acc@05 = 0.5500  
2025-02-26 22:44:50.337  val_finetune_dtvu_steps_3/acc@10 = 0.6833  
2025-02-26 22:44:50.337  val_finetune_dtvu_steps_3/acc@20 = 0.7833  
2025-02-26 22:44:50.337  
  
2025-02-26 22:44:52.080  
  
2025-02-26 22:44:52.080  [TRN] epoch_45  
2025-02-26 22:44:52.088  =============================================  
2025-02-26 22:44:52.088  trn/loss = 2.7662  
2025-02-26 22:44:52.088  trn/acc@01 = 0.3000  
2025-02-26 22:44:52.088  trn/acc@05 = 0.6280  
2025-02-26 22:44:52.088  trn/acc@10 = 0.7560  
2025-02-26 22:44:52.089  trn/acc@20 = 0.8760  
2025-02-26 22:44:52.089  
  
2025-02-26 22:44:52.259  
  
2025-02-26 22:44:52.259  [VAL_FINETUNE_DTVU_STEPS_1] epoch_45  
2025-02-26 22:44:52.259  =============================================  
2025-02-26 22:44:52.259  val_finetune_dtvu_steps_1/loss = 3.5229  
2025-02-26 22:44:52.259  val_finetune_dtvu_steps_1/acc@01 = 0.2500  
2025-02-26 22:44:52.259  val_finetune_dtvu_steps_1/acc@05 = 0.4500  
2025-02-26 22:44:52.259  val_finetune_dtvu_steps_1/acc@10 = 0.6000  
2025-02-26 22:44:52.259  val_finetune_dtvu_steps_1/acc@20 = 0.8000  
2025-02-26 22:44:52.259  
  
2025-02-26 22:44:52.429  
  
2025-02-26 22:44:52.429  [VAL_FINETUNE_DTVU_STEPS_3] epoch_45  
2025-02-26 22:44:52.429  =============================================  
2025-02-26 22:44:52.429  val_finetune_dtvu_steps_3/loss = 3.4820  
2025-02-26 22:44:52.429  val_finetune_dtvu_steps_3/acc@01 = 0.2667  
2025-02-26 22:44:52.429  val_finetune_dtvu_steps_3/acc@05 = 0.5000  
2025-02-26 22:44:52.429  val_finetune_dtvu_steps_3/acc@10 = 0.6167  
2025-02-26 22:44:52.429  val_finetune_dtvu_steps_3/acc@20 = 0.8000  
2025-02-26 22:44:52.429  
  
2025-02-26 22:44:54.170  
  
2025-02-26 22:44:54.170  [TRN] epoch_46  
2025-02-26 22:44:54.170  =============================================  
2025-02-26 22:44:54.170  trn/loss = 2.9923  
2025-02-26 22:44:54.170  trn/acc@01 = 0.2721  
2025-02-26 22:44:54.170  trn/acc@05 = 0.5982  
2025-02-26 22:44:54.170  trn/acc@10 = 0.7423  
2025-02-26 22:44:54.170  trn/acc@20 = 0.8577  
2025-02-26 22:44:54.170  
  
2025-02-26 22:44:54.364  
  
2025-02-26 22:44:54.364  [VAL_FINETUNE_DTVU_STEPS_1] epoch_46  
2025-02-26 22:44:54.364  =============================================  
2025-02-26 22:44:54.364  val_finetune_dtvu_steps_1/loss = 3.4460  
2025-02-26 22:44:54.364  val_finetune_dtvu_steps_1/acc@01 = 0.2500  
2025-02-26 22:44:54.364  val_finetune_dtvu_steps_1/acc@05 = 0.5500  
2025-02-26 22:44:54.368  val_finetune_dtvu_steps_1/acc@10 = 0.6000  
2025-02-26 22:44:54.368  val_finetune_dtvu_steps_1/acc@20 = 0.8000  
2025-02-26 22:44:54.368  
  
2025-02-26 22:44:54.576  
  
2025-02-26 22:44:54.576  [VAL_FINETUNE_DTVU_STEPS_3] epoch_46  
2025-02-26 22:44:54.576  =============================================  
2025-02-26 22:44:54.576  val_finetune_dtvu_steps_3/loss = 3.3776  
2025-02-26 22:44:54.576  val_finetune_dtvu_steps_3/acc@01 = 0.2667  
2025-02-26 22:44:54.576  val_finetune_dtvu_steps_3/acc@05 = 0.5667  
2025-02-26 22:44:54.576  val_finetune_dtvu_steps_3/acc@10 = 0.6667  
2025-02-26 22:44:54.576  val_finetune_dtvu_steps_3/acc@20 = 0.7833  
2025-02-26 22:44:54.576  
  
2025-02-26 22:44:56.401  
  
2025-02-26 22:44:56.401  [TRN] epoch_47  
2025-02-26 22:44:56.401  =============================================  
2025-02-26 22:44:56.401  trn/loss = 2.9851  
2025-02-26 22:44:56.401  trn/acc@01 = 0.2774  
2025-02-26 22:44:56.401  trn/acc@05 = 0.6170  
2025-02-26 22:44:56.401  trn/acc@10 = 0.7472  
2025-02-26 22:44:56.401  trn/acc@20 = 0.8509  
2025-02-26 22:44:56.401  
  
2025-02-26 22:44:56.590  
  
2025-02-26 22:44:56.590  [VAL_FINETUNE_DTVU_STEPS_1] epoch_47  
2025-02-26 22:44:56.590  =============================================  
2025-02-26 22:44:56.590  val_finetune_dtvu_steps_1/loss = 3.9197  
2025-02-26 22:44:56.590  val_finetune_dtvu_steps_1/acc@01 = 0.2000  
2025-02-26 22:44:56.590  val_finetune_dtvu_steps_1/acc@05 = 0.5000  
2025-02-26 22:44:56.590  val_finetune_dtvu_steps_1/acc@10 = 0.5500  
2025-02-26 22:44:56.590  val_finetune_dtvu_steps_1/acc@20 = 0.7500  
2025-02-26 22:44:56.590  
  
2025-02-26 22:44:56.778  
  
2025-02-26 22:44:56.778  [VAL_FINETUNE_DTVU_STEPS_3] epoch_47  
2025-02-26 22:44:56.778  =============================================  
2025-02-26 22:44:56.778  val_finetune_dtvu_steps_3/loss = 3.7207  
2025-02-26 22:44:56.778  val_finetune_dtvu_steps_3/acc@01 = 0.2667  
2025-02-26 22:44:56.779  val_finetune_dtvu_steps_3/acc@05 = 0.5333  
2025-02-26 22:44:56.779  val_finetune_dtvu_steps_3/acc@10 = 0.6167  
2025-02-26 22:44:56.779  val_finetune_dtvu_steps_3/acc@20 = 0.7333  
2025-02-26 22:44:56.779  
  
2025-02-26 22:44:58.629  
  
2025-02-26 22:44:58.629  [TRN] epoch_48  
2025-02-26 22:44:58.629  =============================================  
2025-02-26 22:44:58.629  trn/loss = 3.0056  
2025-02-26 22:44:58.629  trn/acc@01 = 0.2920  
2025-02-26 22:44:58.629  trn/acc@05 = 0.6260  
2025-02-26 22:44:58.629  trn/acc@10 = 0.7480  
2025-02-26 22:44:58.629  trn/acc@20 = 0.8580  
2025-02-26 22:44:58.629  
  
2025-02-26 22:44:58.818  
  
2025-02-26 22:44:58.818  [VAL_FINETUNE_DTVU_STEPS_1] epoch_48  
2025-02-26 22:44:58.818  =============================================  
2025-02-26 22:44:58.818  val_finetune_dtvu_steps_1/loss = 3.5454  
2025-02-26 22:44:58.818  val_finetune_dtvu_steps_1/acc@01 = 0.2500  
2025-02-26 22:44:58.818  val_finetune_dtvu_steps_1/acc@05 = 0.5000  
2025-02-26 22:44:58.818  val_finetune_dtvu_steps_1/acc@10 = 0.5500  
2025-02-26 22:44:58.818  val_finetune_dtvu_steps_1/acc@20 = 0.8000  
2025-02-26 22:44:58.818  
  
2025-02-26 22:44:58.997  
  
2025-02-26 22:44:58.998  [VAL_FINETUNE_DTVU_STEPS_3] epoch_48  
2025-02-26 22:44:58.998  =============================================  
2025-02-26 22:44:58.998  val_finetune_dtvu_steps_3/loss = 3.4880  
2025-02-26 22:44:58.998  val_finetune_dtvu_steps_3/acc@01 = 0.2667  
2025-02-26 22:44:58.999  val_finetune_dtvu_steps_3/acc@05 = 0.5333  
2025-02-26 22:44:58.999  val_finetune_dtvu_steps_3/acc@10 = 0.6333  
2025-02-26 22:44:58.999  val_finetune_dtvu_steps_3/acc@20 = 0.7833  
2025-02-26 22:44:58.999  
  
2025-02-26 22:45:00.769  
  
2025-02-26 22:45:00.769  [TRN] epoch_49  
2025-02-26 22:45:00.769  =============================================  
2025-02-26 22:45:00.769  trn/loss = 3.0639  
2025-02-26 22:45:00.769  trn/acc@01 = 0.2747  
2025-02-26 22:45:00.769  trn/acc@05 = 0.5934  
2025-02-26 22:45:00.769  trn/acc@10 = 0.7451  
2025-02-26 22:45:00.769  trn/acc@20 = 0.8527  
2025-02-26 22:45:00.769  
  
2025-02-26 22:45:00.966  
  
2025-02-26 22:45:00.968  [VAL_FINETUNE_DTVU_STEPS_1] epoch_49  
2025-02-26 22:45:00.968  =============================================  
2025-02-26 22:45:00.968  val_finetune_dtvu_steps_1/loss = 3.3622  
2025-02-26 22:45:00.968  val_finetune_dtvu_steps_1/acc@01 = 0.2000  
2025-02-26 22:45:00.969  val_finetune_dtvu_steps_1/acc@05 = 0.5000  
2025-02-26 22:45:00.969  val_finetune_dtvu_steps_1/acc@10 = 0.6500  
2025-02-26 22:45:00.969  val_finetune_dtvu_steps_1/acc@20 = 0.7500  
2025-02-26 22:45:00.969  
  
2025-02-26 22:45:01.140  
  
2025-02-26 22:45:01.140  [VAL_FINETUNE_DTVU_STEPS_3] epoch_49  
2025-02-26 22:45:01.140  =============================================  
2025-02-26 22:45:01.140  val_finetune_dtvu_steps_3/loss = 3.4455  
2025-02-26 22:45:01.140  val_finetune_dtvu_steps_3/acc@01 = 0.2333  
2025-02-26 22:45:01.140  val_finetune_dtvu_steps_3/acc@05 = 0.5833  
2025-02-26 22:45:01.140  val_finetune_dtvu_steps_3/acc@10 = 0.6667  
2025-02-26 22:45:01.140  val_finetune_dtvu_steps_3/acc@20 = 0.7667  
2025-02-26 22:45:01.140  
  
