2025-02-27 03:10:22.099  
  
2025-02-27 03:10:22.099  [TRN] epoch_00  
2025-02-27 03:10:22.099  =============================================  
2025-02-27 03:10:22.099  trn/loss = 5.6322  
2025-02-27 03:10:22.100  trn/acc@01 = 0.1018  
2025-02-27 03:10:22.100  trn/acc@05 = 0.2474  
2025-02-27 03:10:22.100  trn/acc@10 = 0.2982  
2025-02-27 03:10:22.100  trn/acc@20 = 0.3491  
2025-02-27 03:10:22.100  
  
2025-02-27 03:10:22.423  
  
2025-02-27 03:10:22.424  [VAL_FINETUNE_DTVU_STEPS_1] epoch_00  
2025-02-27 03:10:22.424  =============================================  
2025-02-27 03:10:22.424  val_finetune_dtvu_steps_1/loss = 4.9039  
2025-02-27 03:10:22.424  val_finetune_dtvu_steps_1/acc@01 = 0.2500  
2025-02-27 03:10:22.424  val_finetune_dtvu_steps_1/acc@05 = 0.3500  
2025-02-27 03:10:22.437  val_finetune_dtvu_steps_1/acc@10 = 0.4500  
2025-02-27 03:10:22.437  val_finetune_dtvu_steps_1/acc@20 = 0.5000  
2025-02-27 03:10:22.437  
  
2025-02-27 03:10:22.736  
  
2025-02-27 03:10:22.736  [VAL_FINETUNE_DTVU_STEPS_3] epoch_00  
2025-02-27 03:10:22.736  =============================================  
2025-02-27 03:10:22.736  val_finetune_dtvu_steps_3/loss = 4.2147  
2025-02-27 03:10:22.736  val_finetune_dtvu_steps_3/acc@01 = 0.2667  
2025-02-27 03:10:22.736  val_finetune_dtvu_steps_3/acc@05 = 0.5000  
2025-02-27 03:10:22.736  val_finetune_dtvu_steps_3/acc@10 = 0.5500  
2025-02-27 03:10:22.736  val_finetune_dtvu_steps_3/acc@20 = 0.6000  
2025-02-27 03:10:22.736  
  
2025-02-27 03:10:25.725  
  
2025-02-27 03:10:25.725  [TRN] epoch_01  
2025-02-27 03:10:25.725  =============================================  
2025-02-27 03:10:25.725  trn/loss = 4.1926  
2025-02-27 03:10:25.725  trn/acc@01 = 0.2094  
2025-02-27 03:10:25.725  trn/acc@05 = 0.5132  
2025-02-27 03:10:25.725  trn/acc@10 = 0.5906  
2025-02-27 03:10:25.725  trn/acc@20 = 0.6604  
2025-02-27 03:10:25.725  
  
2025-02-27 03:10:26.010  
  
2025-02-27 03:10:26.010  [VAL_FINETUNE_DTVU_STEPS_1] epoch_01  
2025-02-27 03:10:26.010  =============================================  
2025-02-27 03:10:26.010  val_finetune_dtvu_steps_1/loss = 4.3578  
2025-02-27 03:10:26.010  val_finetune_dtvu_steps_1/acc@01 = 0.0500  
2025-02-27 03:10:26.010  val_finetune_dtvu_steps_1/acc@05 = 0.4000  
2025-02-27 03:10:26.010  val_finetune_dtvu_steps_1/acc@10 = 0.5500  
2025-02-27 03:10:26.010  val_finetune_dtvu_steps_1/acc@20 = 0.6500  
2025-02-27 03:10:26.010  
  
2025-02-27 03:10:26.323  
  
2025-02-27 03:10:26.323  [VAL_FINETUNE_DTVU_STEPS_3] epoch_01  
2025-02-27 03:10:26.323  =============================================  
2025-02-27 03:10:26.323  val_finetune_dtvu_steps_3/loss = 4.1530  
2025-02-27 03:10:26.323  val_finetune_dtvu_steps_3/acc@01 = 0.1667  
2025-02-27 03:10:26.323  val_finetune_dtvu_steps_3/acc@05 = 0.5000  
2025-02-27 03:10:26.323  val_finetune_dtvu_steps_3/acc@10 = 0.6000  
2025-02-27 03:10:26.323  val_finetune_dtvu_steps_3/acc@20 = 0.6833  
2025-02-27 03:10:26.323  
  
2025-02-27 03:10:29.312  
  
2025-02-27 03:10:29.312  [TRN] epoch_02  
2025-02-27 03:10:29.312  =============================================  
2025-02-27 03:10:29.312  trn/loss = 3.6867  
2025-02-27 03:10:29.312  trn/acc@01 = 0.2101  
2025-02-27 03:10:29.312  trn/acc@05 = 0.5697  
2025-02-27 03:10:29.312  trn/acc@10 = 0.6626  
2025-02-27 03:10:29.312  trn/acc@20 = 0.7232  
2025-02-27 03:10:29.312  
  
2025-02-27 03:10:29.606  
  
2025-02-27 03:10:29.606  [VAL_FINETUNE_DTVU_STEPS_1] epoch_02  
2025-02-27 03:10:29.606  =============================================  
2025-02-27 03:10:29.606  val_finetune_dtvu_steps_1/loss = 4.0785  
2025-02-27 03:10:29.606  val_finetune_dtvu_steps_1/acc@01 = 0.0500  
2025-02-27 03:10:29.606  val_finetune_dtvu_steps_1/acc@05 = 0.4500  
2025-02-27 03:10:29.606  val_finetune_dtvu_steps_1/acc@10 = 0.5500  
2025-02-27 03:10:29.606  val_finetune_dtvu_steps_1/acc@20 = 0.6500  
2025-02-27 03:10:29.606  
  
2025-02-27 03:10:29.891  
  
2025-02-27 03:10:29.891  [VAL_FINETUNE_DTVU_STEPS_3] epoch_02  
2025-02-27 03:10:29.891  =============================================  
2025-02-27 03:10:29.891  val_finetune_dtvu_steps_3/loss = 4.0451  
2025-02-27 03:10:29.891  val_finetune_dtvu_steps_3/acc@01 = 0.1167  
2025-02-27 03:10:29.891  val_finetune_dtvu_steps_3/acc@05 = 0.5500  
2025-02-27 03:10:29.891  val_finetune_dtvu_steps_3/acc@10 = 0.6167  
2025-02-27 03:10:29.891  val_finetune_dtvu_steps_3/acc@20 = 0.6833  
2025-02-27 03:10:29.891  
  
2025-02-27 03:10:32.897  
  
2025-02-27 03:10:32.897  [TRN] epoch_03  
2025-02-27 03:10:32.897  =============================================  
2025-02-27 03:10:32.897  trn/loss = 3.4952  
2025-02-27 03:10:32.897  trn/acc@01 = 0.2515  
2025-02-27 03:10:32.897  trn/acc@05 = 0.5624  
2025-02-27 03:10:32.897  trn/acc@10 = 0.6851  
2025-02-27 03:10:32.913  trn/acc@20 = 0.7663  
2025-02-27 03:10:32.913  
  
2025-02-27 03:10:33.194  
  
2025-02-27 03:10:33.194  [VAL_FINETUNE_DTVU_STEPS_1] epoch_03  
2025-02-27 03:10:33.194  =============================================  
2025-02-27 03:10:33.194  val_finetune_dtvu_steps_1/loss = 3.9794  
2025-02-27 03:10:33.194  val_finetune_dtvu_steps_1/acc@01 = 0.3000  
2025-02-27 03:10:33.194  val_finetune_dtvu_steps_1/acc@05 = 0.4000  
2025-02-27 03:10:33.194  val_finetune_dtvu_steps_1/acc@10 = 0.5500  
2025-02-27 03:10:33.194  val_finetune_dtvu_steps_1/acc@20 = 0.7000  
2025-02-27 03:10:33.194  
  
2025-02-27 03:10:33.501  
  
2025-02-27 03:10:33.501  [VAL_FINETUNE_DTVU_STEPS_3] epoch_03  
2025-02-27 03:10:33.501  =============================================  
2025-02-27 03:10:33.501  val_finetune_dtvu_steps_3/loss = 3.9142  
2025-02-27 03:10:33.501  val_finetune_dtvu_steps_3/acc@01 = 0.3167  
2025-02-27 03:10:33.501  val_finetune_dtvu_steps_3/acc@05 = 0.5000  
2025-02-27 03:10:33.501  val_finetune_dtvu_steps_3/acc@10 = 0.6000  
2025-02-27 03:10:33.501  val_finetune_dtvu_steps_3/acc@20 = 0.7000  
2025-02-27 03:10:33.501  
  
2025-02-27 03:10:36.495  
  
2025-02-27 03:10:36.495  [TRN] epoch_04  
2025-02-27 03:10:36.496  =============================================  
2025-02-27 03:10:36.496  trn/loss = 3.3991  
2025-02-27 03:10:36.496  trn/acc@01 = 0.2303  
2025-02-27 03:10:36.496  trn/acc@05 = 0.5434  
2025-02-27 03:10:36.496  trn/acc@10 = 0.6949  
2025-02-27 03:10:36.496  trn/acc@20 = 0.7818  
2025-02-27 03:10:36.496  
  
2025-02-27 03:10:36.797  
  
2025-02-27 03:10:36.797  [VAL_FINETUNE_DTVU_STEPS_1] epoch_04  
2025-02-27 03:10:36.797  =============================================  
2025-02-27 03:10:36.797  val_finetune_dtvu_steps_1/loss = 3.8722  
2025-02-27 03:10:36.797  val_finetune_dtvu_steps_1/acc@01 = 0.2500  
2025-02-27 03:10:36.797  val_finetune_dtvu_steps_1/acc@05 = 0.4500  
2025-02-27 03:10:36.797  val_finetune_dtvu_steps_1/acc@10 = 0.5000  
2025-02-27 03:10:36.797  val_finetune_dtvu_steps_1/acc@20 = 0.7000  
2025-02-27 03:10:36.797  
  
2025-02-27 03:10:37.105  
  
2025-02-27 03:10:37.105  [VAL_FINETUNE_DTVU_STEPS_3] epoch_04  
2025-02-27 03:10:37.105  =============================================  
2025-02-27 03:10:37.105  val_finetune_dtvu_steps_3/loss = 3.7182  
2025-02-27 03:10:37.105  val_finetune_dtvu_steps_3/acc@01 = 0.2833  
2025-02-27 03:10:37.105  val_finetune_dtvu_steps_3/acc@05 = 0.5500  
2025-02-27 03:10:37.105  val_finetune_dtvu_steps_3/acc@10 = 0.6000  
2025-02-27 03:10:37.105  val_finetune_dtvu_steps_3/acc@20 = 0.7167  
2025-02-27 03:10:37.105  
  
2025-02-27 03:10:40.128  
  
2025-02-27 03:10:40.128  [TRN] epoch_05  
2025-02-27 03:10:40.128  =============================================  
2025-02-27 03:10:40.128  trn/loss = 3.3478  
2025-02-27 03:10:40.128  trn/acc@01 = 0.2436  
2025-02-27 03:10:40.128  trn/acc@05 = 0.5545  
2025-02-27 03:10:40.128  trn/acc@10 = 0.7055  
2025-02-27 03:10:40.128  trn/acc@20 = 0.8236  
2025-02-27 03:10:40.128  
  
2025-02-27 03:10:40.428  
  
2025-02-27 03:10:40.428  [VAL_FINETUNE_DTVU_STEPS_1] epoch_05  
2025-02-27 03:10:40.428  =============================================  
2025-02-27 03:10:40.428  val_finetune_dtvu_steps_1/loss = 3.8695  
2025-02-27 03:10:40.428  val_finetune_dtvu_steps_1/acc@01 = 0.2500  
2025-02-27 03:10:40.428  val_finetune_dtvu_steps_1/acc@05 = 0.4500  
2025-02-27 03:10:40.428  val_finetune_dtvu_steps_1/acc@10 = 0.5000  
2025-02-27 03:10:40.428  val_finetune_dtvu_steps_1/acc@20 = 0.7000  
2025-02-27 03:10:40.428  
  
2025-02-27 03:10:40.744  
  
2025-02-27 03:10:40.744  [VAL_FINETUNE_DTVU_STEPS_3] epoch_05  
2025-02-27 03:10:40.744  =============================================  
2025-02-27 03:10:40.744  val_finetune_dtvu_steps_3/loss = 3.7430  
2025-02-27 03:10:40.744  val_finetune_dtvu_steps_3/acc@01 = 0.2833  
2025-02-27 03:10:40.744  val_finetune_dtvu_steps_3/acc@05 = 0.5500  
2025-02-27 03:10:40.744  val_finetune_dtvu_steps_3/acc@10 = 0.6000  
2025-02-27 03:10:40.744  val_finetune_dtvu_steps_3/acc@20 = 0.7167  
2025-02-27 03:10:40.744  
  
2025-02-27 03:10:43.845  
  
2025-02-27 03:10:43.845  [TRN] epoch_06  
2025-02-27 03:10:43.845  =============================================  
2025-02-27 03:10:43.845  trn/loss = 3.2797  
2025-02-27 03:10:43.846  trn/acc@01 = 0.2384  
2025-02-27 03:10:43.846  trn/acc@05 = 0.5374  
2025-02-27 03:10:43.846  trn/acc@10 = 0.7111  
2025-02-27 03:10:43.846  trn/acc@20 = 0.8182  
2025-02-27 03:10:43.846  
  
2025-02-27 03:10:44.140  
  
2025-02-27 03:10:44.140  [VAL_FINETUNE_DTVU_STEPS_1] epoch_06  
2025-02-27 03:10:44.141  =============================================  
2025-02-27 03:10:44.141  val_finetune_dtvu_steps_1/loss = 3.8621  
2025-02-27 03:10:44.141  val_finetune_dtvu_steps_1/acc@01 = 0.3000  
2025-02-27 03:10:44.141  val_finetune_dtvu_steps_1/acc@05 = 0.4500  
2025-02-27 03:10:44.141  val_finetune_dtvu_steps_1/acc@10 = 0.5500  
2025-02-27 03:10:44.141  val_finetune_dtvu_steps_1/acc@20 = 0.7000  
2025-02-27 03:10:44.141  
  
2025-02-27 03:10:44.439  
  
2025-02-27 03:10:44.439  [VAL_FINETUNE_DTVU_STEPS_3] epoch_06  
2025-02-27 03:10:44.440  =============================================  
2025-02-27 03:10:44.440  val_finetune_dtvu_steps_3/loss = 3.7107  
2025-02-27 03:10:44.440  val_finetune_dtvu_steps_3/acc@01 = 0.3333  
2025-02-27 03:10:44.440  val_finetune_dtvu_steps_3/acc@05 = 0.5500  
2025-02-27 03:10:44.440  val_finetune_dtvu_steps_3/acc@10 = 0.6167  
2025-02-27 03:10:44.440  val_finetune_dtvu_steps_3/acc@20 = 0.7167  
2025-02-27 03:10:44.441  
  
2025-02-27 03:10:47.496  
  
2025-02-27 03:10:47.496  [TRN] epoch_07  
2025-02-27 03:10:47.496  =============================================  
2025-02-27 03:10:47.496  trn/loss = 3.1078  
2025-02-27 03:10:47.496  trn/acc@01 = 0.2614  
2025-02-27 03:10:47.496  trn/acc@05 = 0.5802  
2025-02-27 03:10:47.496  trn/acc@10 = 0.7386  
2025-02-27 03:10:47.496  trn/acc@20 = 0.8356  
2025-02-27 03:10:47.496  
  
2025-02-27 03:10:47.920  
  
2025-02-27 03:10:47.920  [VAL_FINETUNE_DTVU_STEPS_1] epoch_07  
2025-02-27 03:10:47.920  =============================================  
2025-02-27 03:10:47.920  val_finetune_dtvu_steps_1/loss = 3.8487  
2025-02-27 03:10:47.920  val_finetune_dtvu_steps_1/acc@01 = 0.3000  
2025-02-27 03:10:47.920  val_finetune_dtvu_steps_1/acc@05 = 0.5000  
2025-02-27 03:10:47.920  val_finetune_dtvu_steps_1/acc@10 = 0.5000  
2025-02-27 03:10:47.920  val_finetune_dtvu_steps_1/acc@20 = 0.7000  
2025-02-27 03:10:47.920  
  
2025-02-27 03:10:48.230  
  
2025-02-27 03:10:48.230  [VAL_FINETUNE_DTVU_STEPS_3] epoch_07  
2025-02-27 03:10:48.230  =============================================  
2025-02-27 03:10:48.230  val_finetune_dtvu_steps_3/loss = 3.6855  
2025-02-27 03:10:48.230  val_finetune_dtvu_steps_3/acc@01 = 0.3333  
2025-02-27 03:10:48.230  val_finetune_dtvu_steps_3/acc@05 = 0.5667  
2025-02-27 03:10:48.230  val_finetune_dtvu_steps_3/acc@10 = 0.5833  
2025-02-27 03:10:48.230  val_finetune_dtvu_steps_3/acc@20 = 0.7167  
2025-02-27 03:10:48.230  
  
2025-02-27 03:10:51.270  
  
2025-02-27 03:10:51.270  [TRN] epoch_08  
2025-02-27 03:10:51.270  =============================================  
2025-02-27 03:10:51.271  trn/loss = 3.3378  
2025-02-27 03:10:51.271  trn/acc@01 = 0.2380  
2025-02-27 03:10:51.271  trn/acc@05 = 0.5420  
2025-02-27 03:10:51.271  trn/acc@10 = 0.7120  
2025-02-27 03:10:51.271  trn/acc@20 = 0.8280  
2025-02-27 03:10:51.271  
  
2025-02-27 03:10:51.570  
  
2025-02-27 03:10:51.570  [VAL_FINETUNE_DTVU_STEPS_1] epoch_08  
2025-02-27 03:10:51.570  =============================================  
2025-02-27 03:10:51.570  val_finetune_dtvu_steps_1/loss = 3.6882  
2025-02-27 03:10:51.570  val_finetune_dtvu_steps_1/acc@01 = 0.3000  
2025-02-27 03:10:51.570  val_finetune_dtvu_steps_1/acc@05 = 0.5000  
2025-02-27 03:10:51.570  val_finetune_dtvu_steps_1/acc@10 = 0.6000  
2025-02-27 03:10:51.571  val_finetune_dtvu_steps_1/acc@20 = 0.8000  
2025-02-27 03:10:51.571  
  
2025-02-27 03:10:51.883  
  
2025-02-27 03:10:51.883  [VAL_FINETUNE_DTVU_STEPS_3] epoch_08  
2025-02-27 03:10:51.883  =============================================  
2025-02-27 03:10:51.883  val_finetune_dtvu_steps_3/loss = 3.6974  
2025-02-27 03:10:51.883  val_finetune_dtvu_steps_3/acc@01 = 0.3333  
2025-02-27 03:10:51.884  val_finetune_dtvu_steps_3/acc@05 = 0.5500  
2025-02-27 03:10:51.884  val_finetune_dtvu_steps_3/acc@10 = 0.6500  
2025-02-27 03:10:51.884  val_finetune_dtvu_steps_3/acc@20 = 0.7667  
2025-02-27 03:10:51.884  
  
2025-02-27 03:10:54.941  
  
2025-02-27 03:10:54.941  [TRN] epoch_09  
2025-02-27 03:10:54.941  =============================================  
2025-02-27 03:10:54.941  trn/loss = 3.4691  
2025-02-27 03:10:54.941  trn/acc@01 = 0.2147  
2025-02-27 03:10:54.941  trn/acc@05 = 0.5537  
2025-02-27 03:10:54.941  trn/acc@10 = 0.6989  
2025-02-27 03:10:54.941  trn/acc@20 = 0.7937  
2025-02-27 03:10:54.941  
  
2025-02-27 03:10:55.231  
  
2025-02-27 03:10:55.231  [VAL_FINETUNE_DTVU_STEPS_1] epoch_09  
2025-02-27 03:10:55.231  =============================================  
2025-02-27 03:10:55.231  val_finetune_dtvu_steps_1/loss = 3.9563  
2025-02-27 03:10:55.231  val_finetune_dtvu_steps_1/acc@01 = 0.3000  
2025-02-27 03:10:55.231  val_finetune_dtvu_steps_1/acc@05 = 0.5000  
2025-02-27 03:10:55.231  val_finetune_dtvu_steps_1/acc@10 = 0.6000  
2025-02-27 03:10:55.231  val_finetune_dtvu_steps_1/acc@20 = 0.7000  
2025-02-27 03:10:55.231  
  
2025-02-27 03:10:55.525  
  
2025-02-27 03:10:55.525  [VAL_FINETUNE_DTVU_STEPS_3] epoch_09  
2025-02-27 03:10:55.525  =============================================  
2025-02-27 03:10:55.525  val_finetune_dtvu_steps_3/loss = 3.7972  
2025-02-27 03:10:55.525  val_finetune_dtvu_steps_3/acc@01 = 0.3167  
2025-02-27 03:10:55.525  val_finetune_dtvu_steps_3/acc@05 = 0.5833  
2025-02-27 03:10:55.525  val_finetune_dtvu_steps_3/acc@10 = 0.6500  
2025-02-27 03:10:55.525  val_finetune_dtvu_steps_3/acc@20 = 0.7167  
2025-02-27 03:10:55.525  
  
2025-02-27 03:10:58.536  
  
2025-02-27 03:10:58.536  [TRN] epoch_10  
2025-02-27 03:10:58.536  =============================================  
2025-02-27 03:10:58.536  trn/loss = 3.2411  
2025-02-27 03:10:58.536  trn/acc@01 = 0.2434  
2025-02-27 03:10:58.536  trn/acc@05 = 0.5792  
2025-02-27 03:10:58.536  trn/acc@10 = 0.7321  
2025-02-27 03:10:58.536  trn/acc@20 = 0.8113  
2025-02-27 03:10:58.536  
  
2025-02-27 03:10:58.843  
  
2025-02-27 03:10:58.843  [VAL_FINETUNE_DTVU_STEPS_1] epoch_10  
2025-02-27 03:10:58.843  =============================================  
2025-02-27 03:10:58.843  val_finetune_dtvu_steps_1/loss = 3.7743  
2025-02-27 03:10:58.843  val_finetune_dtvu_steps_1/acc@01 = 0.2500  
2025-02-27 03:10:58.843  val_finetune_dtvu_steps_1/acc@05 = 0.5000  
2025-02-27 03:10:58.843  val_finetune_dtvu_steps_1/acc@10 = 0.6500  
2025-02-27 03:10:58.843  val_finetune_dtvu_steps_1/acc@20 = 0.7500  
2025-02-27 03:10:58.843  
  
2025-02-27 03:10:59.136  
  
2025-02-27 03:10:59.136  [VAL_FINETUNE_DTVU_STEPS_3] epoch_10  
2025-02-27 03:10:59.136  =============================================  
2025-02-27 03:10:59.136  val_finetune_dtvu_steps_3/loss = 3.6848  
2025-02-27 03:10:59.136  val_finetune_dtvu_steps_3/acc@01 = 0.2833  
2025-02-27 03:10:59.136  val_finetune_dtvu_steps_3/acc@05 = 0.5667  
2025-02-27 03:10:59.136  val_finetune_dtvu_steps_3/acc@10 = 0.6833  
2025-02-27 03:10:59.136  val_finetune_dtvu_steps_3/acc@20 = 0.7500  
2025-02-27 03:10:59.136  
  
2025-02-27 03:11:02.174  
  
2025-02-27 03:11:02.174  [TRN] epoch_11  
2025-02-27 03:11:02.174  =============================================  
2025-02-27 03:11:02.190  trn/loss = 3.2485  
2025-02-27 03:11:02.190  trn/acc@01 = 0.2517  
2025-02-27 03:11:02.190  trn/acc@05 = 0.5798  
2025-02-27 03:11:02.190  trn/acc@10 = 0.7169  
2025-02-27 03:11:02.190  trn/acc@20 = 0.8247  
2025-02-27 03:11:02.190  
  
2025-02-27 03:11:02.479  
  
2025-02-27 03:11:02.479  [VAL_FINETUNE_DTVU_STEPS_1] epoch_11  
2025-02-27 03:11:02.479  =============================================  
2025-02-27 03:11:02.479  val_finetune_dtvu_steps_1/loss = 3.8609  
2025-02-27 03:11:02.479  val_finetune_dtvu_steps_1/acc@01 = 0.2000  
2025-02-27 03:11:02.479  val_finetune_dtvu_steps_1/acc@05 = 0.4500  
2025-02-27 03:11:02.479  val_finetune_dtvu_steps_1/acc@10 = 0.6500  
2025-02-27 03:11:02.479  val_finetune_dtvu_steps_1/acc@20 = 0.8000  
2025-02-27 03:11:02.479  
  
2025-02-27 03:11:02.830  
  
2025-02-27 03:11:02.830  [VAL_FINETUNE_DTVU_STEPS_3] epoch_11  
2025-02-27 03:11:02.830  =============================================  
2025-02-27 03:11:02.830  val_finetune_dtvu_steps_3/loss = 3.7327  
2025-02-27 03:11:02.830  val_finetune_dtvu_steps_3/acc@01 = 0.2500  
2025-02-27 03:11:02.831  val_finetune_dtvu_steps_3/acc@05 = 0.5333  
2025-02-27 03:11:02.831  val_finetune_dtvu_steps_3/acc@10 = 0.6833  
2025-02-27 03:11:02.831  val_finetune_dtvu_steps_3/acc@20 = 0.7667  
2025-02-27 03:11:02.831  
  
2025-02-27 03:11:05.888  
  
2025-02-27 03:11:05.888  [TRN] epoch_12  
2025-02-27 03:11:05.889  =============================================  
2025-02-27 03:11:05.889  trn/loss = 3.2902  
2025-02-27 03:11:05.889  trn/acc@01 = 0.2304  
2025-02-27 03:11:05.889  trn/acc@05 = 0.5696  
2025-02-27 03:11:05.889  trn/acc@10 = 0.7000  
2025-02-27 03:11:05.889  trn/acc@20 = 0.8087  
2025-02-27 03:11:05.889  
  
2025-02-27 03:11:06.172  
  
2025-02-27 03:11:06.172  [VAL_FINETUNE_DTVU_STEPS_1] epoch_12  
2025-02-27 03:11:06.172  =============================================  
2025-02-27 03:11:06.172  val_finetune_dtvu_steps_1/loss = 3.7222  
2025-02-27 03:11:06.172  val_finetune_dtvu_steps_1/acc@01 = 0.3000  
2025-02-27 03:11:06.172  val_finetune_dtvu_steps_1/acc@05 = 0.5000  
2025-02-27 03:11:06.172  val_finetune_dtvu_steps_1/acc@10 = 0.5500  
2025-02-27 03:11:06.172  val_finetune_dtvu_steps_1/acc@20 = 0.7500  
2025-02-27 03:11:06.172  
  
2025-02-27 03:11:06.472  
  
2025-02-27 03:11:06.472  [VAL_FINETUNE_DTVU_STEPS_3] epoch_12  
2025-02-27 03:11:06.472  =============================================  
2025-02-27 03:11:06.472  val_finetune_dtvu_steps_3/loss = 3.6719  
2025-02-27 03:11:06.472  val_finetune_dtvu_steps_3/acc@01 = 0.3333  
2025-02-27 03:11:06.472  val_finetune_dtvu_steps_3/acc@05 = 0.5333  
2025-02-27 03:11:06.472  val_finetune_dtvu_steps_3/acc@10 = 0.6167  
2025-02-27 03:11:06.472  val_finetune_dtvu_steps_3/acc@20 = 0.7500  
2025-02-27 03:11:06.472  
  
2025-02-27 03:11:09.472  
  
2025-02-27 03:11:09.473  [TRN] epoch_13  
2025-02-27 03:11:09.473  =============================================  
2025-02-27 03:11:09.473  trn/loss = 3.1028  
2025-02-27 03:11:09.473  trn/acc@01 = 0.2960  
2025-02-27 03:11:09.473  trn/acc@05 = 0.5940  
2025-02-27 03:11:09.473  trn/acc@10 = 0.7360  
2025-02-27 03:11:09.473  trn/acc@20 = 0.8440  
2025-02-27 03:11:09.473  
  
2025-02-27 03:11:09.754  
  
2025-02-27 03:11:09.754  [VAL_FINETUNE_DTVU_STEPS_1] epoch_13  
2025-02-27 03:11:09.754  =============================================  
2025-02-27 03:11:09.754  val_finetune_dtvu_steps_1/loss = 3.9215  
2025-02-27 03:11:09.754  val_finetune_dtvu_steps_1/acc@01 = 0.2000  
2025-02-27 03:11:09.754  val_finetune_dtvu_steps_1/acc@05 = 0.4500  
2025-02-27 03:11:09.754  val_finetune_dtvu_steps_1/acc@10 = 0.5500  
2025-02-27 03:11:09.754  val_finetune_dtvu_steps_1/acc@20 = 0.7500  
2025-02-27 03:11:09.754  
  
2025-02-27 03:11:10.054  
  
2025-02-27 03:11:10.054  [VAL_FINETUNE_DTVU_STEPS_3] epoch_13  
2025-02-27 03:11:10.054  =============================================  
2025-02-27 03:11:10.054  val_finetune_dtvu_steps_3/loss = 3.8743  
2025-02-27 03:11:10.054  val_finetune_dtvu_steps_3/acc@01 = 0.2500  
2025-02-27 03:11:10.054  val_finetune_dtvu_steps_3/acc@05 = 0.4833  
2025-02-27 03:11:10.054  val_finetune_dtvu_steps_3/acc@10 = 0.6167  
2025-02-27 03:11:10.054  val_finetune_dtvu_steps_3/acc@20 = 0.7500  
2025-02-27 03:11:10.054  
  
2025-02-27 03:11:13.136  
  
2025-02-27 03:11:13.136  [TRN] epoch_14  
2025-02-27 03:11:13.136  =============================================  
2025-02-27 03:11:13.136  trn/loss = 3.2076  
2025-02-27 03:11:13.136  trn/acc@01 = 0.2320  
2025-02-27 03:11:13.136  trn/acc@05 = 0.5900  
2025-02-27 03:11:13.136  trn/acc@10 = 0.7300  
2025-02-27 03:11:13.136  trn/acc@20 = 0.8280  
2025-02-27 03:11:13.136  
  
2025-02-27 03:11:13.449  
  
2025-02-27 03:11:13.449  [VAL_FINETUNE_DTVU_STEPS_1] epoch_14  
2025-02-27 03:11:13.449  =============================================  
2025-02-27 03:11:13.449  val_finetune_dtvu_steps_1/loss = 3.8065  
2025-02-27 03:11:13.449  val_finetune_dtvu_steps_1/acc@01 = 0.2000  
2025-02-27 03:11:13.449  val_finetune_dtvu_steps_1/acc@05 = 0.5000  
2025-02-27 03:11:13.449  val_finetune_dtvu_steps_1/acc@10 = 0.5500  
2025-02-27 03:11:13.449  val_finetune_dtvu_steps_1/acc@20 = 0.7500  
2025-02-27 03:11:13.449  
  
2025-02-27 03:11:13.762  
  
2025-02-27 03:11:13.762  [VAL_FINETUNE_DTVU_STEPS_3] epoch_14  
2025-02-27 03:11:13.762  =============================================  
2025-02-27 03:11:13.762  val_finetune_dtvu_steps_3/loss = 3.6798  
2025-02-27 03:11:13.762  val_finetune_dtvu_steps_3/acc@01 = 0.2500  
2025-02-27 03:11:13.762  val_finetune_dtvu_steps_3/acc@05 = 0.5667  
2025-02-27 03:11:13.762  val_finetune_dtvu_steps_3/acc@10 = 0.6167  
2025-02-27 03:11:13.762  val_finetune_dtvu_steps_3/acc@20 = 0.7500  
2025-02-27 03:11:13.762  
  
2025-02-27 03:11:16.805  
  
2025-02-27 03:11:16.805  [TRN] epoch_15  
2025-02-27 03:11:16.806  =============================================  
2025-02-27 03:11:16.806  trn/loss = 3.0356  
2025-02-27 03:11:16.806  trn/acc@01 = 0.2947  
2025-02-27 03:11:16.806  trn/acc@05 = 0.6400  
2025-02-27 03:11:16.806  trn/acc@10 = 0.7747  
2025-02-27 03:11:16.806  trn/acc@20 = 0.8674  
2025-02-27 03:11:16.806  
  
2025-02-27 03:11:17.253  
  
2025-02-27 03:11:17.253  [VAL_FINETUNE_DTVU_STEPS_1] epoch_15  
2025-02-27 03:11:17.253  =============================================  
2025-02-27 03:11:17.253  val_finetune_dtvu_steps_1/loss = 3.7960  
2025-02-27 03:11:17.253  val_finetune_dtvu_steps_1/acc@01 = 0.3000  
2025-02-27 03:11:17.253  val_finetune_dtvu_steps_1/acc@05 = 0.4500  
2025-02-27 03:11:17.269  val_finetune_dtvu_steps_1/acc@10 = 0.5500  
2025-02-27 03:11:17.269  val_finetune_dtvu_steps_1/acc@20 = 0.7500  
2025-02-27 03:11:17.269  
  
2025-02-27 03:11:17.561  
  
2025-02-27 03:11:17.561  [VAL_FINETUNE_DTVU_STEPS_3] epoch_15  
2025-02-27 03:11:17.561  =============================================  
2025-02-27 03:11:17.561  val_finetune_dtvu_steps_3/loss = 3.6501  
2025-02-27 03:11:17.561  val_finetune_dtvu_steps_3/acc@01 = 0.3333  
2025-02-27 03:11:17.561  val_finetune_dtvu_steps_3/acc@05 = 0.5500  
2025-02-27 03:11:17.561  val_finetune_dtvu_steps_3/acc@10 = 0.6167  
2025-02-27 03:11:17.561  val_finetune_dtvu_steps_3/acc@20 = 0.7500  
2025-02-27 03:11:17.561  
  
2025-02-27 03:11:20.891  
  
2025-02-27 03:11:20.891  [TRN] epoch_16  
2025-02-27 03:11:20.893  =============================================  
2025-02-27 03:11:20.893  trn/loss = 3.1167  
2025-02-27 03:11:20.893  trn/acc@01 = 0.2580  
2025-02-27 03:11:20.893  trn/acc@05 = 0.6240  
2025-02-27 03:11:20.893  trn/acc@10 = 0.7420  
2025-02-27 03:11:20.893  trn/acc@20 = 0.8600  
2025-02-27 03:11:20.893  
  
2025-02-27 03:11:21.321  
  
2025-02-27 03:11:21.323  [VAL_FINETUNE_DTVU_STEPS_1] epoch_16  
2025-02-27 03:11:21.324  =============================================  
2025-02-27 03:11:21.324  val_finetune_dtvu_steps_1/loss = 3.7302  
2025-02-27 03:11:21.324  val_finetune_dtvu_steps_1/acc@01 = 0.3000  
2025-02-27 03:11:21.324  val_finetune_dtvu_steps_1/acc@05 = 0.5000  
2025-02-27 03:11:21.324  val_finetune_dtvu_steps_1/acc@10 = 0.6000  
2025-02-27 03:11:21.324  val_finetune_dtvu_steps_1/acc@20 = 0.7000  
2025-02-27 03:11:21.324  
  
2025-02-27 03:11:21.620  
  
2025-02-27 03:11:21.620  [VAL_FINETUNE_DTVU_STEPS_3] epoch_16  
2025-02-27 03:11:21.620  =============================================  
2025-02-27 03:11:21.636  val_finetune_dtvu_steps_3/loss = 3.5826  
2025-02-27 03:11:21.636  val_finetune_dtvu_steps_3/acc@01 = 0.3333  
2025-02-27 03:11:21.637  val_finetune_dtvu_steps_3/acc@05 = 0.6000  
2025-02-27 03:11:21.637  val_finetune_dtvu_steps_3/acc@10 = 0.6667  
2025-02-27 03:11:21.637  val_finetune_dtvu_steps_3/acc@20 = 0.7333  
2025-02-27 03:11:21.637  
  
2025-02-27 03:11:24.991  
  
2025-02-27 03:11:24.991  [TRN] epoch_17  
2025-02-27 03:11:24.991  =============================================  
2025-02-27 03:11:24.991  trn/loss = 3.2367  
2025-02-27 03:11:24.991  trn/acc@01 = 0.2313  
2025-02-27 03:11:24.991  trn/acc@05 = 0.5979  
2025-02-27 03:11:24.991  trn/acc@10 = 0.7208  
2025-02-27 03:11:24.991  trn/acc@20 = 0.8542  
2025-02-27 03:11:24.991  
  
2025-02-27 03:11:25.306  
  
2025-02-27 03:11:25.306  [VAL_FINETUNE_DTVU_STEPS_1] epoch_17  
2025-02-27 03:11:25.306  =============================================  
2025-02-27 03:11:25.306  val_finetune_dtvu_steps_1/loss = 3.9776  
2025-02-27 03:11:25.306  val_finetune_dtvu_steps_1/acc@01 = 0.2000  
2025-02-27 03:11:25.306  val_finetune_dtvu_steps_1/acc@05 = 0.4500  
2025-02-27 03:11:25.306  val_finetune_dtvu_steps_1/acc@10 = 0.6500  
2025-02-27 03:11:25.306  val_finetune_dtvu_steps_1/acc@20 = 0.7000  
2025-02-27 03:11:25.306  
  
2025-02-27 03:11:25.606  
  
2025-02-27 03:11:25.606  [VAL_FINETUNE_DTVU_STEPS_3] epoch_17  
2025-02-27 03:11:25.606  =============================================  
2025-02-27 03:11:25.606  val_finetune_dtvu_steps_3/loss = 3.7988  
2025-02-27 03:11:25.606  val_finetune_dtvu_steps_3/acc@01 = 0.2500  
2025-02-27 03:11:25.606  val_finetune_dtvu_steps_3/acc@05 = 0.5500  
2025-02-27 03:11:25.606  val_finetune_dtvu_steps_3/acc@10 = 0.6833  
2025-02-27 03:11:25.606  val_finetune_dtvu_steps_3/acc@20 = 0.7333  
2025-02-27 03:11:25.606  
  
2025-02-27 03:11:28.722  
  
2025-02-27 03:11:28.722  [TRN] epoch_18  
2025-02-27 03:11:28.722  =============================================  
2025-02-27 03:11:28.722  trn/loss = 3.2321  
2025-02-27 03:11:28.722  trn/acc@01 = 0.2692  
2025-02-27 03:11:28.722  trn/acc@05 = 0.5615  
2025-02-27 03:11:28.722  trn/acc@10 = 0.7231  
2025-02-27 03:11:28.722  trn/acc@20 = 0.8346  
2025-02-27 03:11:28.722  
  
2025-02-27 03:11:29.034  
  
2025-02-27 03:11:29.036  [VAL_FINETUNE_DTVU_STEPS_1] epoch_18  
2025-02-27 03:11:29.036  =============================================  
2025-02-27 03:11:29.036  val_finetune_dtvu_steps_1/loss = 3.8370  
2025-02-27 03:11:29.036  val_finetune_dtvu_steps_1/acc@01 = 0.3000  
2025-02-27 03:11:29.036  val_finetune_dtvu_steps_1/acc@05 = 0.5000  
2025-02-27 03:11:29.036  val_finetune_dtvu_steps_1/acc@10 = 0.6000  
2025-02-27 03:11:29.036  val_finetune_dtvu_steps_1/acc@20 = 0.7500  
2025-02-27 03:11:29.036  
  
2025-02-27 03:11:29.337  
  
2025-02-27 03:11:29.337  [VAL_FINETUNE_DTVU_STEPS_3] epoch_18  
2025-02-27 03:11:29.346  =============================================  
2025-02-27 03:11:29.346  val_finetune_dtvu_steps_3/loss = 3.8039  
2025-02-27 03:11:29.346  val_finetune_dtvu_steps_3/acc@01 = 0.3333  
2025-02-27 03:11:29.346  val_finetune_dtvu_steps_3/acc@05 = 0.5333  
2025-02-27 03:11:29.346  val_finetune_dtvu_steps_3/acc@10 = 0.6333  
2025-02-27 03:11:29.346  val_finetune_dtvu_steps_3/acc@20 = 0.7333  
2025-02-27 03:11:29.346  
  
2025-02-27 03:11:32.668  
  
2025-02-27 03:11:32.668  [TRN] epoch_19  
2025-02-27 03:11:32.668  =============================================  
2025-02-27 03:11:32.668  trn/loss = 3.1666  
2025-02-27 03:11:32.668  trn/acc@01 = 0.2598  
2025-02-27 03:11:32.668  trn/acc@05 = 0.6056  
2025-02-27 03:11:32.668  trn/acc@10 = 0.7252  
2025-02-27 03:11:32.668  trn/acc@20 = 0.8579  
2025-02-27 03:11:32.668  
  
2025-02-27 03:11:32.976  
  
2025-02-27 03:11:32.976  [VAL_FINETUNE_DTVU_STEPS_1] epoch_19  
2025-02-27 03:11:32.976  =============================================  
2025-02-27 03:11:32.976  val_finetune_dtvu_steps_1/loss = 3.7343  
2025-02-27 03:11:32.976  val_finetune_dtvu_steps_1/acc@01 = 0.3000  
2025-02-27 03:11:32.976  val_finetune_dtvu_steps_1/acc@05 = 0.5000  
2025-02-27 03:11:32.976  val_finetune_dtvu_steps_1/acc@10 = 0.5500  
2025-02-27 03:11:32.976  val_finetune_dtvu_steps_1/acc@20 = 0.7500  
2025-02-27 03:11:32.976  
  
2025-02-27 03:11:33.313  
  
2025-02-27 03:11:33.313  [VAL_FINETUNE_DTVU_STEPS_3] epoch_19  
2025-02-27 03:11:33.313  =============================================  
2025-02-27 03:11:33.313  val_finetune_dtvu_steps_3/loss = 3.5892  
2025-02-27 03:11:33.313  val_finetune_dtvu_steps_3/acc@01 = 0.3333  
2025-02-27 03:11:33.313  val_finetune_dtvu_steps_3/acc@05 = 0.5333  
2025-02-27 03:11:33.313  val_finetune_dtvu_steps_3/acc@10 = 0.6167  
2025-02-27 03:11:33.313  val_finetune_dtvu_steps_3/acc@20 = 0.7500  
2025-02-27 03:11:33.313  
  
2025-02-27 03:11:36.349  
  
2025-02-27 03:11:36.349  [TRN] epoch_20  
2025-02-27 03:11:36.349  =============================================  
2025-02-27 03:11:36.349  trn/loss = 3.1480  
2025-02-27 03:11:36.349  trn/acc@01 = 0.2531  
2025-02-27 03:11:36.349  trn/acc@05 = 0.5918  
2025-02-27 03:11:36.349  trn/acc@10 = 0.7347  
2025-02-27 03:11:36.349  trn/acc@20 = 0.8653  
2025-02-27 03:11:36.349  
  
2025-02-27 03:11:36.676  
  
2025-02-27 03:11:36.676  [VAL_FINETUNE_DTVU_STEPS_1] epoch_20  
2025-02-27 03:11:36.676  =============================================  
2025-02-27 03:11:36.676  val_finetune_dtvu_steps_1/loss = 3.7689  
2025-02-27 03:11:36.676  val_finetune_dtvu_steps_1/acc@01 = 0.3000  
2025-02-27 03:11:36.676  val_finetune_dtvu_steps_1/acc@05 = 0.5000  
2025-02-27 03:11:36.676  val_finetune_dtvu_steps_1/acc@10 = 0.5000  
2025-02-27 03:11:36.676  val_finetune_dtvu_steps_1/acc@20 = 0.8000  
2025-02-27 03:11:36.676  
  
2025-02-27 03:11:36.997  
  
2025-02-27 03:11:36.997  [VAL_FINETUNE_DTVU_STEPS_3] epoch_20  
2025-02-27 03:11:36.997  =============================================  
2025-02-27 03:11:36.997  val_finetune_dtvu_steps_3/loss = 3.6644  
2025-02-27 03:11:36.997  val_finetune_dtvu_steps_3/acc@01 = 0.3333  
2025-02-27 03:11:36.997  val_finetune_dtvu_steps_3/acc@05 = 0.5667  
2025-02-27 03:11:36.997  val_finetune_dtvu_steps_3/acc@10 = 0.5833  
2025-02-27 03:11:36.997  val_finetune_dtvu_steps_3/acc@20 = 0.7667  
2025-02-27 03:11:36.997  
  
2025-02-27 03:11:40.038  
  
2025-02-27 03:11:40.038  [TRN] epoch_21  
2025-02-27 03:11:40.038  =============================================  
2025-02-27 03:11:40.038  trn/loss = 3.1939  
2025-02-27 03:11:40.038  trn/acc@01 = 0.2431  
2025-02-27 03:11:40.038  trn/acc@05 = 0.5882  
2025-02-27 03:11:40.038  trn/acc@10 = 0.7216  
2025-02-27 03:11:40.038  trn/acc@20 = 0.8549  
2025-02-27 03:11:40.039  
  
2025-02-27 03:11:40.331  
  
2025-02-27 03:11:40.331  [VAL_FINETUNE_DTVU_STEPS_1] epoch_21  
2025-02-27 03:11:40.331  =============================================  
2025-02-27 03:11:40.331  val_finetune_dtvu_steps_1/loss = 3.7255  
2025-02-27 03:11:40.331  val_finetune_dtvu_steps_1/acc@01 = 0.3000  
2025-02-27 03:11:40.331  val_finetune_dtvu_steps_1/acc@05 = 0.4500  
2025-02-27 03:11:40.331  val_finetune_dtvu_steps_1/acc@10 = 0.5000  
2025-02-27 03:11:40.331  val_finetune_dtvu_steps_1/acc@20 = 0.8000  
2025-02-27 03:11:40.332  
  
2025-02-27 03:11:40.625  
  
2025-02-27 03:11:40.626  [VAL_FINETUNE_DTVU_STEPS_3] epoch_21  
2025-02-27 03:11:40.626  =============================================  
2025-02-27 03:11:40.626  val_finetune_dtvu_steps_3/loss = 3.6216  
2025-02-27 03:11:40.626  val_finetune_dtvu_steps_3/acc@01 = 0.3333  
2025-02-27 03:11:40.626  val_finetune_dtvu_steps_3/acc@05 = 0.5500  
2025-02-27 03:11:40.626  val_finetune_dtvu_steps_3/acc@10 = 0.5833  
2025-02-27 03:11:40.626  val_finetune_dtvu_steps_3/acc@20 = 0.7667  
2025-02-27 03:11:40.626  
  
