2025-02-26 23:17:10.633  
  
2025-02-26 23:17:10.634  [TRN] epoch_00  
2025-02-26 23:17:10.634  =============================================  
2025-02-26 23:17:10.634  trn/loss = 5.5554  
2025-02-26 23:17:10.634  trn/acc@01 = 0.0449  
2025-02-26 23:17:10.634  trn/acc@05 = 0.1806  
2025-02-26 23:17:10.634  trn/acc@10 = 0.2684  
2025-02-26 23:17:10.634  trn/acc@20 = 0.3566  
2025-02-26 23:17:10.634  
  
2025-02-26 23:17:10.808  
  
2025-02-26 23:17:10.808  [VAL_FINETUNE_DTVU_STEPS_1] epoch_00  
2025-02-26 23:17:10.808  =============================================  
2025-02-26 23:17:10.808  val_finetune_dtvu_steps_1/loss = 5.0177  
2025-02-26 23:17:10.808  val_finetune_dtvu_steps_1/acc@01 = 0.0875  
2025-02-26 23:17:10.808  val_finetune_dtvu_steps_1/acc@05 = 0.3125  
2025-02-26 23:17:10.815  val_finetune_dtvu_steps_1/acc@10 = 0.4125  
2025-02-26 23:17:10.815  val_finetune_dtvu_steps_1/acc@20 = 0.4875  
2025-02-26 23:17:10.815  
  
2025-02-26 23:17:10.974  
  
2025-02-26 23:17:10.974  [VAL_FINETUNE_DTVU_STEPS_3] epoch_00  
2025-02-26 23:17:10.974  =============================================  
2025-02-26 23:17:10.974  val_finetune_dtvu_steps_3/loss = 4.9866  
2025-02-26 23:17:10.974  val_finetune_dtvu_steps_3/acc@01 = 0.0875  
2025-02-26 23:17:10.974  val_finetune_dtvu_steps_3/acc@05 = 0.2542  
2025-02-26 23:17:10.974  val_finetune_dtvu_steps_3/acc@10 = 0.3875  
2025-02-26 23:17:10.974  val_finetune_dtvu_steps_3/acc@20 = 0.5083  
2025-02-26 23:17:10.974  
  
2025-02-26 23:17:12.355  
  
2025-02-26 23:17:12.355  [TRN] epoch_01  
2025-02-26 23:17:12.355  =============================================  
2025-02-26 23:17:12.355  trn/loss = 4.8239  
2025-02-26 23:17:12.355  trn/acc@01 = 0.1011  
2025-02-26 23:17:12.355  trn/acc@05 = 0.2819  
2025-02-26 23:17:12.355  trn/acc@10 = 0.4074  
2025-02-26 23:17:12.355  trn/acc@20 = 0.5367  
2025-02-26 23:17:12.355  
  
2025-02-26 23:17:12.504  
  
2025-02-26 23:17:12.504  [VAL_FINETUNE_DTVU_STEPS_1] epoch_01  
2025-02-26 23:17:12.504  =============================================  
2025-02-26 23:17:12.504  val_finetune_dtvu_steps_1/loss = 4.7118  
2025-02-26 23:17:12.504  val_finetune_dtvu_steps_1/acc@01 = 0.1625  
2025-02-26 23:17:12.504  val_finetune_dtvu_steps_1/acc@05 = 0.4000  
2025-02-26 23:17:12.504  val_finetune_dtvu_steps_1/acc@10 = 0.4500  
2025-02-26 23:17:12.504  val_finetune_dtvu_steps_1/acc@20 = 0.5375  
2025-02-26 23:17:12.504  
  
2025-02-26 23:17:12.638  
  
2025-02-26 23:17:12.638  [VAL_FINETUNE_DTVU_STEPS_3] epoch_01  
2025-02-26 23:17:12.638  =============================================  
2025-02-26 23:17:12.638  val_finetune_dtvu_steps_3/loss = 4.6762  
2025-02-26 23:17:12.638  val_finetune_dtvu_steps_3/acc@01 = 0.1375  
2025-02-26 23:17:12.638  val_finetune_dtvu_steps_3/acc@05 = 0.3125  
2025-02-26 23:17:12.638  val_finetune_dtvu_steps_3/acc@10 = 0.4500  
2025-02-26 23:17:12.638  val_finetune_dtvu_steps_3/acc@20 = 0.5500  
2025-02-26 23:17:12.638  
  
2025-02-26 23:17:14.014  
  
2025-02-26 23:17:14.014  [TRN] epoch_02  
2025-02-26 23:17:14.014  =============================================  
2025-02-26 23:17:14.014  trn/loss = 4.4427  
2025-02-26 23:17:14.015  trn/acc@01 = 0.1462  
2025-02-26 23:17:14.015  trn/acc@05 = 0.3594  
2025-02-26 23:17:14.015  trn/acc@10 = 0.4882  
2025-02-26 23:17:14.015  trn/acc@20 = 0.6014  
2025-02-26 23:17:14.015  
  
2025-02-26 23:17:14.158  
  
2025-02-26 23:17:14.158  [VAL_FINETUNE_DTVU_STEPS_1] epoch_02  
2025-02-26 23:17:14.158  =============================================  
2025-02-26 23:17:14.158  val_finetune_dtvu_steps_1/loss = 4.5363  
2025-02-26 23:17:14.158  val_finetune_dtvu_steps_1/acc@01 = 0.0875  
2025-02-26 23:17:14.158  val_finetune_dtvu_steps_1/acc@05 = 0.4000  
2025-02-26 23:17:14.158  val_finetune_dtvu_steps_1/acc@10 = 0.5000  
2025-02-26 23:17:14.158  val_finetune_dtvu_steps_1/acc@20 = 0.5500  
2025-02-26 23:17:14.158  
  
2025-02-26 23:17:14.335  
  
2025-02-26 23:17:14.335  [VAL_FINETUNE_DTVU_STEPS_3] epoch_02  
2025-02-26 23:17:14.335  =============================================  
2025-02-26 23:17:14.335  val_finetune_dtvu_steps_3/loss = 4.5206  
2025-02-26 23:17:14.335  val_finetune_dtvu_steps_3/acc@01 = 0.1250  
2025-02-26 23:17:14.335  val_finetune_dtvu_steps_3/acc@05 = 0.3583  
2025-02-26 23:17:14.335  val_finetune_dtvu_steps_3/acc@10 = 0.4792  
2025-02-26 23:17:14.335  val_finetune_dtvu_steps_3/acc@20 = 0.5667  
2025-02-26 23:17:14.335  
  
2025-02-26 23:17:16.015  
  
2025-02-26 23:17:16.015  [TRN] epoch_03  
2025-02-26 23:17:16.015  =============================================  
2025-02-26 23:17:16.015  trn/loss = 4.2732  
2025-02-26 23:17:16.015  trn/acc@01 = 0.1619  
2025-02-26 23:17:16.015  trn/acc@05 = 0.4005  
2025-02-26 23:17:16.015  trn/acc@10 = 0.5088  
2025-02-26 23:17:16.015  trn/acc@20 = 0.6129  
2025-02-26 23:17:16.015  
  
2025-02-26 23:17:16.134  
  
2025-02-26 23:17:16.134  [VAL_FINETUNE_DTVU_STEPS_1] epoch_03  
2025-02-26 23:17:16.134  =============================================  
2025-02-26 23:17:16.134  val_finetune_dtvu_steps_1/loss = 4.4670  
2025-02-26 23:17:16.134  val_finetune_dtvu_steps_1/acc@01 = 0.1625  
2025-02-26 23:17:16.134  val_finetune_dtvu_steps_1/acc@05 = 0.4250  
2025-02-26 23:17:16.134  val_finetune_dtvu_steps_1/acc@10 = 0.4750  
2025-02-26 23:17:16.134  val_finetune_dtvu_steps_1/acc@20 = 0.5375  
2025-02-26 23:17:16.134  
  
2025-02-26 23:17:16.278  
  
2025-02-26 23:17:16.278  [VAL_FINETUNE_DTVU_STEPS_3] epoch_03  
2025-02-26 23:17:16.278  =============================================  
2025-02-26 23:17:16.278  val_finetune_dtvu_steps_3/loss = 4.4075  
2025-02-26 23:17:16.278  val_finetune_dtvu_steps_3/acc@01 = 0.1542  
2025-02-26 23:17:16.278  val_finetune_dtvu_steps_3/acc@05 = 0.4208  
2025-02-26 23:17:16.278  val_finetune_dtvu_steps_3/acc@10 = 0.5042  
2025-02-26 23:17:16.278  val_finetune_dtvu_steps_3/acc@20 = 0.5750  
2025-02-26 23:17:16.278  
  
2025-02-26 23:17:17.644  
  
2025-02-26 23:17:17.644  [TRN] epoch_04  
2025-02-26 23:17:17.644  =============================================  
2025-02-26 23:17:17.644  trn/loss = 3.9202  
2025-02-26 23:17:17.644  trn/acc@01 = 0.1953  
2025-02-26 23:17:17.644  trn/acc@05 = 0.4785  
2025-02-26 23:17:17.644  trn/acc@10 = 0.5850  
2025-02-26 23:17:17.644  trn/acc@20 = 0.6897  
2025-02-26 23:17:17.644  
  
2025-02-26 23:17:17.764  
  
2025-02-26 23:17:17.764  [VAL_FINETUNE_DTVU_STEPS_1] epoch_04  
2025-02-26 23:17:17.764  =============================================  
2025-02-26 23:17:17.765  val_finetune_dtvu_steps_1/loss = 4.4415  
2025-02-26 23:17:17.765  val_finetune_dtvu_steps_1/acc@01 = 0.1500  
2025-02-26 23:17:17.765  val_finetune_dtvu_steps_1/acc@05 = 0.3750  
2025-02-26 23:17:17.765  val_finetune_dtvu_steps_1/acc@10 = 0.5250  
2025-02-26 23:17:17.765  val_finetune_dtvu_steps_1/acc@20 = 0.5625  
2025-02-26 23:17:17.765  
  
2025-02-26 23:17:17.895  
  
2025-02-26 23:17:17.895  [VAL_FINETUNE_DTVU_STEPS_3] epoch_04  
2025-02-26 23:17:17.895  =============================================  
2025-02-26 23:17:17.895  val_finetune_dtvu_steps_3/loss = 4.2897  
2025-02-26 23:17:17.895  val_finetune_dtvu_steps_3/acc@01 = 0.2042  
2025-02-26 23:17:17.895  val_finetune_dtvu_steps_3/acc@05 = 0.4208  
2025-02-26 23:17:17.895  val_finetune_dtvu_steps_3/acc@10 = 0.5167  
2025-02-26 23:17:17.895  val_finetune_dtvu_steps_3/acc@20 = 0.5958  
2025-02-26 23:17:17.895  
  
2025-02-26 23:17:19.135  
  
2025-02-26 23:17:19.135  [TRN] epoch_05  
2025-02-26 23:17:19.135  =============================================  
2025-02-26 23:17:19.135  trn/loss = 3.7464  
2025-02-26 23:17:19.135  trn/acc@01 = 0.2391  
2025-02-26 23:17:19.135  trn/acc@05 = 0.5136  
2025-02-26 23:17:19.135  trn/acc@10 = 0.6158  
2025-02-26 23:17:19.142  trn/acc@20 = 0.7033  
2025-02-26 23:17:19.142  
  
2025-02-26 23:17:19.285  
  
2025-02-26 23:17:19.285  [VAL_FINETUNE_DTVU_STEPS_1] epoch_05  
2025-02-26 23:17:19.285  =============================================  
2025-02-26 23:17:19.285  val_finetune_dtvu_steps_1/loss = 4.2653  
2025-02-26 23:17:19.285  val_finetune_dtvu_steps_1/acc@01 = 0.2125  
2025-02-26 23:17:19.285  val_finetune_dtvu_steps_1/acc@05 = 0.4750  
2025-02-26 23:17:19.285  val_finetune_dtvu_steps_1/acc@10 = 0.5125  
2025-02-26 23:17:19.285  val_finetune_dtvu_steps_1/acc@20 = 0.6000  
2025-02-26 23:17:19.285  
  
2025-02-26 23:17:19.418  
  
2025-02-26 23:17:19.418  [VAL_FINETUNE_DTVU_STEPS_3] epoch_05  
2025-02-26 23:17:19.418  =============================================  
2025-02-26 23:17:19.418  val_finetune_dtvu_steps_3/loss = 4.1055  
2025-02-26 23:17:19.418  val_finetune_dtvu_steps_3/acc@01 = 0.2167  
2025-02-26 23:17:19.418  val_finetune_dtvu_steps_3/acc@05 = 0.4708  
2025-02-26 23:17:19.418  val_finetune_dtvu_steps_3/acc@10 = 0.5625  
2025-02-26 23:17:19.418  val_finetune_dtvu_steps_3/acc@20 = 0.6542  
2025-02-26 23:17:19.418  
  
2025-02-26 23:17:20.634  
  
2025-02-26 23:17:20.634  [TRN] epoch_06  
2025-02-26 23:17:20.634  =============================================  
2025-02-26 23:17:20.634  trn/loss = 3.6393  
2025-02-26 23:17:20.634  trn/acc@01 = 0.2052  
2025-02-26 23:17:20.634  trn/acc@05 = 0.5247  
2025-02-26 23:17:20.634  trn/acc@10 = 0.6222  
2025-02-26 23:17:20.634  trn/acc@20 = 0.7211  
2025-02-26 23:17:20.634  
  
2025-02-26 23:17:20.784  
  
2025-02-26 23:17:20.784  [VAL_FINETUNE_DTVU_STEPS_1] epoch_06  
2025-02-26 23:17:20.784  =============================================  
2025-02-26 23:17:20.784  val_finetune_dtvu_steps_1/loss = 3.9595  
2025-02-26 23:17:20.784  val_finetune_dtvu_steps_1/acc@01 = 0.2625  
2025-02-26 23:17:20.784  val_finetune_dtvu_steps_1/acc@05 = 0.4875  
2025-02-26 23:17:20.784  val_finetune_dtvu_steps_1/acc@10 = 0.5750  
2025-02-26 23:17:20.784  val_finetune_dtvu_steps_1/acc@20 = 0.6250  
2025-02-26 23:17:20.784  
  
2025-02-26 23:17:20.904  
  
2025-02-26 23:17:20.904  [VAL_FINETUNE_DTVU_STEPS_3] epoch_06  
2025-02-26 23:17:20.905  =============================================  
2025-02-26 23:17:20.905  val_finetune_dtvu_steps_3/loss = 3.8367  
2025-02-26 23:17:20.905  val_finetune_dtvu_steps_3/acc@01 = 0.2292  
2025-02-26 23:17:20.905  val_finetune_dtvu_steps_3/acc@05 = 0.4875  
2025-02-26 23:17:20.905  val_finetune_dtvu_steps_3/acc@10 = 0.5833  
2025-02-26 23:17:20.905  val_finetune_dtvu_steps_3/acc@20 = 0.7083  
2025-02-26 23:17:20.905  
  
2025-02-26 23:17:22.156  
  
2025-02-26 23:17:22.156  [TRN] epoch_07  
2025-02-26 23:17:22.156  =============================================  
2025-02-26 23:17:22.156  trn/loss = 3.5338  
2025-02-26 23:17:22.156  trn/acc@01 = 0.2246  
2025-02-26 23:17:22.156  trn/acc@05 = 0.5455  
2025-02-26 23:17:22.156  trn/acc@10 = 0.6487  
2025-02-26 23:17:22.156  trn/acc@20 = 0.7335  
2025-02-26 23:17:22.156  
  
2025-02-26 23:17:22.274  
  
2025-02-26 23:17:22.274  [VAL_FINETUNE_DTVU_STEPS_1] epoch_07  
2025-02-26 23:17:22.274  =============================================  
2025-02-26 23:17:22.274  val_finetune_dtvu_steps_1/loss = 3.8857  
2025-02-26 23:17:22.274  val_finetune_dtvu_steps_1/acc@01 = 0.2375  
2025-02-26 23:17:22.274  val_finetune_dtvu_steps_1/acc@05 = 0.5250  
2025-02-26 23:17:22.274  val_finetune_dtvu_steps_1/acc@10 = 0.5875  
2025-02-26 23:17:22.274  val_finetune_dtvu_steps_1/acc@20 = 0.6625  
2025-02-26 23:17:22.274  
  
2025-02-26 23:17:22.444  
  
2025-02-26 23:17:22.444  [VAL_FINETUNE_DTVU_STEPS_3] epoch_07  
2025-02-26 23:17:22.444  =============================================  
2025-02-26 23:17:22.444  val_finetune_dtvu_steps_3/loss = 3.7983  
2025-02-26 23:17:22.444  val_finetune_dtvu_steps_3/acc@01 = 0.2583  
2025-02-26 23:17:22.444  val_finetune_dtvu_steps_3/acc@05 = 0.5042  
2025-02-26 23:17:22.444  val_finetune_dtvu_steps_3/acc@10 = 0.5750  
2025-02-26 23:17:22.444  val_finetune_dtvu_steps_3/acc@20 = 0.6958  
2025-02-26 23:17:22.444  
  
2025-02-26 23:17:23.597  
  
2025-02-26 23:17:23.597  [TRN] epoch_08  
2025-02-26 23:17:23.597  =============================================  
2025-02-26 23:17:23.597  trn/loss = 3.3155  
2025-02-26 23:17:23.597  trn/acc@01 = 0.2286  
2025-02-26 23:17:23.597  trn/acc@05 = 0.5767  
2025-02-26 23:17:23.597  trn/acc@10 = 0.6922  
2025-02-26 23:17:23.597  trn/acc@20 = 0.7811  
2025-02-26 23:17:23.597  
  
2025-02-26 23:17:23.764  
  
2025-02-26 23:17:23.764  [VAL_FINETUNE_DTVU_STEPS_1] epoch_08  
2025-02-26 23:17:23.764  =============================================  
2025-02-26 23:17:23.764  val_finetune_dtvu_steps_1/loss = 3.8047  
2025-02-26 23:17:23.765  val_finetune_dtvu_steps_1/acc@01 = 0.2375  
2025-02-26 23:17:23.765  val_finetune_dtvu_steps_1/acc@05 = 0.5125  
2025-02-26 23:17:23.765  val_finetune_dtvu_steps_1/acc@10 = 0.5750  
2025-02-26 23:17:23.765  val_finetune_dtvu_steps_1/acc@20 = 0.6750  
2025-02-26 23:17:23.765  
  
2025-02-26 23:17:23.914  
  
2025-02-26 23:17:23.914  [VAL_FINETUNE_DTVU_STEPS_3] epoch_08  
2025-02-26 23:17:23.914  =============================================  
2025-02-26 23:17:23.917  val_finetune_dtvu_steps_3/loss = 3.6972  
2025-02-26 23:17:23.917  val_finetune_dtvu_steps_3/acc@01 = 0.2417  
2025-02-26 23:17:23.917  val_finetune_dtvu_steps_3/acc@05 = 0.5250  
2025-02-26 23:17:23.917  val_finetune_dtvu_steps_3/acc@10 = 0.6125  
2025-02-26 23:17:23.917  val_finetune_dtvu_steps_3/acc@20 = 0.7208  
2025-02-26 23:17:23.917  
  
2025-02-26 23:17:25.158  
  
2025-02-26 23:17:25.158  [TRN] epoch_09  
2025-02-26 23:17:25.158  =============================================  
2025-02-26 23:17:25.158  trn/loss = 3.1990  
2025-02-26 23:17:25.158  trn/acc@01 = 0.2618  
2025-02-26 23:17:25.158  trn/acc@05 = 0.5919  
2025-02-26 23:17:25.158  trn/acc@10 = 0.6946  
2025-02-26 23:17:25.158  trn/acc@20 = 0.7882  
2025-02-26 23:17:25.158  
  
2025-02-26 23:17:25.274  
  
2025-02-26 23:17:25.274  [VAL_FINETUNE_DTVU_STEPS_1] epoch_09  
2025-02-26 23:17:25.275  =============================================  
2025-02-26 23:17:25.275  val_finetune_dtvu_steps_1/loss = 3.8472  
2025-02-26 23:17:25.275  val_finetune_dtvu_steps_1/acc@01 = 0.2500  
2025-02-26 23:17:25.275  val_finetune_dtvu_steps_1/acc@05 = 0.5000  
2025-02-26 23:17:25.275  val_finetune_dtvu_steps_1/acc@10 = 0.5625  
2025-02-26 23:17:25.275  val_finetune_dtvu_steps_1/acc@20 = 0.6375  
2025-02-26 23:17:25.275  
  
2025-02-26 23:17:25.408  
  
2025-02-26 23:17:25.409  [VAL_FINETUNE_DTVU_STEPS_3] epoch_09  
2025-02-26 23:17:25.409  =============================================  
2025-02-26 23:17:25.409  val_finetune_dtvu_steps_3/loss = 3.6829  
2025-02-26 23:17:25.409  val_finetune_dtvu_steps_3/acc@01 = 0.2708  
2025-02-26 23:17:25.409  val_finetune_dtvu_steps_3/acc@05 = 0.5167  
2025-02-26 23:17:25.409  val_finetune_dtvu_steps_3/acc@10 = 0.6167  
2025-02-26 23:17:25.409  val_finetune_dtvu_steps_3/acc@20 = 0.7250  
2025-02-26 23:17:25.409  
  
2025-02-26 23:17:26.834  
  
2025-02-26 23:17:26.835  [TRN] epoch_10  
2025-02-26 23:17:26.835  =============================================  
2025-02-26 23:17:26.835  trn/loss = 3.1190  
2025-02-26 23:17:26.835  trn/acc@01 = 0.2741  
2025-02-26 23:17:26.835  trn/acc@05 = 0.6250  
2025-02-26 23:17:26.835  trn/acc@10 = 0.7269  
2025-02-26 23:17:26.835  trn/acc@20 = 0.8269  
2025-02-26 23:17:26.835  
  
2025-02-26 23:17:26.987  
  
2025-02-26 23:17:26.993  [VAL_FINETUNE_DTVU_STEPS_1] epoch_10  
2025-02-26 23:17:26.993  =============================================  
2025-02-26 23:17:26.994  val_finetune_dtvu_steps_1/loss = 3.8582  
2025-02-26 23:17:26.994  val_finetune_dtvu_steps_1/acc@01 = 0.2125  
2025-02-26 23:17:26.994  val_finetune_dtvu_steps_1/acc@05 = 0.5125  
2025-02-26 23:17:26.994  val_finetune_dtvu_steps_1/acc@10 = 0.5500  
2025-02-26 23:17:26.994  val_finetune_dtvu_steps_1/acc@20 = 0.6625  
2025-02-26 23:17:26.994  
  
2025-02-26 23:17:27.124  
  
2025-02-26 23:17:27.124  [VAL_FINETUNE_DTVU_STEPS_3] epoch_10  
2025-02-26 23:17:27.124  =============================================  
2025-02-26 23:17:27.124  val_finetune_dtvu_steps_3/loss = 3.7231  
2025-02-26 23:17:27.124  val_finetune_dtvu_steps_3/acc@01 = 0.2333  
2025-02-26 23:17:27.124  val_finetune_dtvu_steps_3/acc@05 = 0.5167  
2025-02-26 23:17:27.124  val_finetune_dtvu_steps_3/acc@10 = 0.6000  
2025-02-26 23:17:27.124  val_finetune_dtvu_steps_3/acc@20 = 0.7208  
2025-02-26 23:17:27.124  
  
2025-02-26 23:17:28.424  
  
2025-02-26 23:17:28.433  [TRN] epoch_11  
2025-02-26 23:17:28.434  =============================================  
2025-02-26 23:17:28.434  trn/loss = 3.1431  
2025-02-26 23:17:28.434  trn/acc@01 = 0.2587  
2025-02-26 23:17:28.434  trn/acc@05 = 0.5928  
2025-02-26 23:17:28.435  trn/acc@10 = 0.7111  
2025-02-26 23:17:28.435  trn/acc@20 = 0.8101  
2025-02-26 23:17:28.435  
  
2025-02-26 23:17:28.558  
  
2025-02-26 23:17:28.558  [VAL_FINETUNE_DTVU_STEPS_1] epoch_11  
2025-02-26 23:17:28.558  =============================================  
2025-02-26 23:17:28.558  val_finetune_dtvu_steps_1/loss = 3.7104  
2025-02-26 23:17:28.558  val_finetune_dtvu_steps_1/acc@01 = 0.2500  
2025-02-26 23:17:28.558  val_finetune_dtvu_steps_1/acc@05 = 0.5250  
2025-02-26 23:17:28.558  val_finetune_dtvu_steps_1/acc@10 = 0.5875  
2025-02-26 23:17:28.558  val_finetune_dtvu_steps_1/acc@20 = 0.7125  
2025-02-26 23:17:28.558  
  
2025-02-26 23:17:28.725  
  
2025-02-26 23:17:28.727  [VAL_FINETUNE_DTVU_STEPS_3] epoch_11  
2025-02-26 23:17:28.727  =============================================  
2025-02-26 23:17:28.727  val_finetune_dtvu_steps_3/loss = 3.6676  
2025-02-26 23:17:28.727  val_finetune_dtvu_steps_3/acc@01 = 0.2625  
2025-02-26 23:17:28.727  val_finetune_dtvu_steps_3/acc@05 = 0.5208  
2025-02-26 23:17:28.727  val_finetune_dtvu_steps_3/acc@10 = 0.6292  
2025-02-26 23:17:28.727  val_finetune_dtvu_steps_3/acc@20 = 0.7375  
2025-02-26 23:17:28.727  
  
2025-02-26 23:17:30.154  
  
2025-02-26 23:17:30.154  [TRN] epoch_12  
2025-02-26 23:17:30.154  =============================================  
2025-02-26 23:17:30.154  trn/loss = 3.0438  
2025-02-26 23:17:30.154  trn/acc@01 = 0.2595  
2025-02-26 23:17:30.154  trn/acc@05 = 0.6163  
2025-02-26 23:17:30.154  trn/acc@10 = 0.7353  
2025-02-26 23:17:30.154  trn/acc@20 = 0.8395  
2025-02-26 23:17:30.154  
  
2025-02-26 23:17:30.285  
  
2025-02-26 23:17:30.285  [VAL_FINETUNE_DTVU_STEPS_1] epoch_12  
2025-02-26 23:17:30.285  =============================================  
2025-02-26 23:17:30.285  val_finetune_dtvu_steps_1/loss = 3.9025  
2025-02-26 23:17:30.285  val_finetune_dtvu_steps_1/acc@01 = 0.2250  
2025-02-26 23:17:30.285  val_finetune_dtvu_steps_1/acc@05 = 0.5000  
2025-02-26 23:17:30.285  val_finetune_dtvu_steps_1/acc@10 = 0.5750  
2025-02-26 23:17:30.285  val_finetune_dtvu_steps_1/acc@20 = 0.6625  
2025-02-26 23:17:30.285  
  
2025-02-26 23:17:30.469  
  
2025-02-26 23:17:30.469  [VAL_FINETUNE_DTVU_STEPS_3] epoch_12  
2025-02-26 23:17:30.469  =============================================  
2025-02-26 23:17:30.469  val_finetune_dtvu_steps_3/loss = 3.7347  
2025-02-26 23:17:30.469  val_finetune_dtvu_steps_3/acc@01 = 0.2458  
2025-02-26 23:17:30.469  val_finetune_dtvu_steps_3/acc@05 = 0.5292  
2025-02-26 23:17:30.469  val_finetune_dtvu_steps_3/acc@10 = 0.6083  
2025-02-26 23:17:30.469  val_finetune_dtvu_steps_3/acc@20 = 0.7250  
2025-02-26 23:17:30.469  
  
2025-02-26 23:17:31.845  
  
2025-02-26 23:17:31.852  [TRN] epoch_13  
2025-02-26 23:17:31.852  =============================================  
2025-02-26 23:17:31.853  trn/loss = 2.9735  
2025-02-26 23:17:31.853  trn/acc@01 = 0.2698  
2025-02-26 23:17:31.853  trn/acc@05 = 0.6127  
2025-02-26 23:17:31.854  trn/acc@10 = 0.7486  
2025-02-26 23:17:31.854  trn/acc@20 = 0.8358  
2025-02-26 23:17:31.854  
  
2025-02-26 23:17:32.014  
  
2025-02-26 23:17:32.014  [VAL_FINETUNE_DTVU_STEPS_1] epoch_13  
2025-02-26 23:17:32.014  =============================================  
2025-02-26 23:17:32.014  val_finetune_dtvu_steps_1/loss = 3.6104  
2025-02-26 23:17:32.014  val_finetune_dtvu_steps_1/acc@01 = 0.2625  
2025-02-26 23:17:32.014  val_finetune_dtvu_steps_1/acc@05 = 0.5875  
2025-02-26 23:17:32.014  val_finetune_dtvu_steps_1/acc@10 = 0.6250  
2025-02-26 23:17:32.014  val_finetune_dtvu_steps_1/acc@20 = 0.7125  
2025-02-26 23:17:32.014  
  
2025-02-26 23:17:32.154  
  
2025-02-26 23:17:32.154  [VAL_FINETUNE_DTVU_STEPS_3] epoch_13  
2025-02-26 23:17:32.154  =============================================  
2025-02-26 23:17:32.154  val_finetune_dtvu_steps_3/loss = 3.5602  
2025-02-26 23:17:32.154  val_finetune_dtvu_steps_3/acc@01 = 0.2917  
2025-02-26 23:17:32.154  val_finetune_dtvu_steps_3/acc@05 = 0.5792  
2025-02-26 23:17:32.154  val_finetune_dtvu_steps_3/acc@10 = 0.6542  
2025-02-26 23:17:32.154  val_finetune_dtvu_steps_3/acc@20 = 0.7250  
2025-02-26 23:17:32.154  
  
2025-02-26 23:17:33.427  
  
2025-02-26 23:17:33.427  [TRN] epoch_14  
2025-02-26 23:17:33.427  =============================================  
2025-02-26 23:17:33.427  trn/loss = 2.9434  
2025-02-26 23:17:33.427  trn/acc@01 = 0.2897  
2025-02-26 23:17:33.427  trn/acc@05 = 0.6351  
2025-02-26 23:17:33.427  trn/acc@10 = 0.7485  
2025-02-26 23:17:33.427  trn/acc@20 = 0.8490  
2025-02-26 23:17:33.427  
  
2025-02-26 23:17:33.590  
  
2025-02-26 23:17:33.590  [VAL_FINETUNE_DTVU_STEPS_1] epoch_14  
2025-02-26 23:17:33.590  =============================================  
2025-02-26 23:17:33.590  val_finetune_dtvu_steps_1/loss = 3.7825  
2025-02-26 23:17:33.590  val_finetune_dtvu_steps_1/acc@01 = 0.2375  
2025-02-26 23:17:33.590  val_finetune_dtvu_steps_1/acc@05 = 0.5375  
2025-02-26 23:17:33.590  val_finetune_dtvu_steps_1/acc@10 = 0.5625  
2025-02-26 23:17:33.593  val_finetune_dtvu_steps_1/acc@20 = 0.7000  
2025-02-26 23:17:33.593  
  
2025-02-26 23:17:33.754  
  
2025-02-26 23:17:33.754  [VAL_FINETUNE_DTVU_STEPS_3] epoch_14  
2025-02-26 23:17:33.754  =============================================  
2025-02-26 23:17:33.754  val_finetune_dtvu_steps_3/loss = 3.6673  
2025-02-26 23:17:33.754  val_finetune_dtvu_steps_3/acc@01 = 0.2542  
2025-02-26 23:17:33.754  val_finetune_dtvu_steps_3/acc@05 = 0.5625  
2025-02-26 23:17:33.754  val_finetune_dtvu_steps_3/acc@10 = 0.6542  
2025-02-26 23:17:33.754  val_finetune_dtvu_steps_3/acc@20 = 0.7417  
2025-02-26 23:17:33.754  
  
2025-02-26 23:17:35.026  
  
2025-02-26 23:17:35.026  [TRN] epoch_15  
2025-02-26 23:17:35.026  =============================================  
2025-02-26 23:17:35.026  trn/loss = 2.8335  
2025-02-26 23:17:35.033  trn/acc@01 = 0.3091  
2025-02-26 23:17:35.033  trn/acc@05 = 0.6369  
2025-02-26 23:17:35.033  trn/acc@10 = 0.7606  
2025-02-26 23:17:35.034  trn/acc@20 = 0.8490  
2025-02-26 23:17:35.034  
  
2025-02-26 23:17:35.199  
  
2025-02-26 23:17:35.199  [VAL_FINETUNE_DTVU_STEPS_1] epoch_15  
2025-02-26 23:17:35.199  =============================================  
2025-02-26 23:17:35.199  val_finetune_dtvu_steps_1/loss = 3.7496  
2025-02-26 23:17:35.199  val_finetune_dtvu_steps_1/acc@01 = 0.2250  
2025-02-26 23:17:35.199  val_finetune_dtvu_steps_1/acc@05 = 0.5500  
2025-02-26 23:17:35.199  val_finetune_dtvu_steps_1/acc@10 = 0.5875  
2025-02-26 23:17:35.199  val_finetune_dtvu_steps_1/acc@20 = 0.6875  
2025-02-26 23:17:35.199  
  
2025-02-26 23:17:35.362  
  
2025-02-26 23:17:35.362  [VAL_FINETUNE_DTVU_STEPS_3] epoch_15  
2025-02-26 23:17:35.362  =============================================  
2025-02-26 23:17:35.362  val_finetune_dtvu_steps_3/loss = 3.6629  
2025-02-26 23:17:35.362  val_finetune_dtvu_steps_3/acc@01 = 0.2583  
2025-02-26 23:17:35.362  val_finetune_dtvu_steps_3/acc@05 = 0.5542  
2025-02-26 23:17:35.362  val_finetune_dtvu_steps_3/acc@10 = 0.6375  
2025-02-26 23:17:35.363  val_finetune_dtvu_steps_3/acc@20 = 0.7333  
2025-02-26 23:17:35.363  
  
2025-02-26 23:17:36.736  
  
2025-02-26 23:17:36.736  [TRN] epoch_16  
2025-02-26 23:17:36.736  =============================================  
2025-02-26 23:17:36.736  trn/loss = 2.9273  
2025-02-26 23:17:36.736  trn/acc@01 = 0.3157  
2025-02-26 23:17:36.736  trn/acc@05 = 0.6247  
2025-02-26 23:17:36.736  trn/acc@10 = 0.7500  
2025-02-26 23:17:36.736  trn/acc@20 = 0.8520  
2025-02-26 23:17:36.736  
  
2025-02-26 23:17:36.844  
  
2025-02-26 23:17:36.844  [VAL_FINETUNE_DTVU_STEPS_1] epoch_16  
2025-02-26 23:17:36.844  =============================================  
2025-02-26 23:17:36.844  val_finetune_dtvu_steps_1/loss = 3.7410  
2025-02-26 23:17:36.844  val_finetune_dtvu_steps_1/acc@01 = 0.2500  
2025-02-26 23:17:36.844  val_finetune_dtvu_steps_1/acc@05 = 0.5500  
2025-02-26 23:17:36.844  val_finetune_dtvu_steps_1/acc@10 = 0.6250  
2025-02-26 23:17:36.844  val_finetune_dtvu_steps_1/acc@20 = 0.6875  
2025-02-26 23:17:36.844  
  
2025-02-26 23:17:37.005  
  
2025-02-26 23:17:37.010  [VAL_FINETUNE_DTVU_STEPS_3] epoch_16  
2025-02-26 23:17:37.010  =============================================  
2025-02-26 23:17:37.010  val_finetune_dtvu_steps_3/loss = 3.6667  
2025-02-26 23:17:37.010  val_finetune_dtvu_steps_3/acc@01 = 0.2917  
2025-02-26 23:17:37.010  val_finetune_dtvu_steps_3/acc@05 = 0.5542  
2025-02-26 23:17:37.010  val_finetune_dtvu_steps_3/acc@10 = 0.6500  
2025-02-26 23:17:37.010  val_finetune_dtvu_steps_3/acc@20 = 0.7208  
2025-02-26 23:17:37.010  
  
2025-02-26 23:17:38.375  
  
2025-02-26 23:17:38.375  [TRN] epoch_17  
2025-02-26 23:17:38.383  =============================================  
2025-02-26 23:17:38.383  trn/loss = 2.8376  
2025-02-26 23:17:38.383  trn/acc@01 = 0.2824  
2025-02-26 23:17:38.383  trn/acc@05 = 0.6329  
2025-02-26 23:17:38.384  trn/acc@10 = 0.7718  
2025-02-26 23:17:38.384  trn/acc@20 = 0.8653  
2025-02-26 23:17:38.384  
  
2025-02-26 23:17:38.514  
  
2025-02-26 23:17:38.514  [VAL_FINETUNE_DTVU_STEPS_1] epoch_17  
2025-02-26 23:17:38.514  =============================================  
2025-02-26 23:17:38.514  val_finetune_dtvu_steps_1/loss = 3.6961  
2025-02-26 23:17:38.514  val_finetune_dtvu_steps_1/acc@01 = 0.2125  
2025-02-26 23:17:38.514  val_finetune_dtvu_steps_1/acc@05 = 0.5625  
2025-02-26 23:17:38.514  val_finetune_dtvu_steps_1/acc@10 = 0.6000  
2025-02-26 23:17:38.514  val_finetune_dtvu_steps_1/acc@20 = 0.7500  
2025-02-26 23:17:38.514  
  
2025-02-26 23:17:38.655  
  
2025-02-26 23:17:38.655  [VAL_FINETUNE_DTVU_STEPS_3] epoch_17  
2025-02-26 23:17:38.655  =============================================  
2025-02-26 23:17:38.655  val_finetune_dtvu_steps_3/loss = 3.6682  
2025-02-26 23:17:38.655  val_finetune_dtvu_steps_3/acc@01 = 0.2500  
2025-02-26 23:17:38.655  val_finetune_dtvu_steps_3/acc@05 = 0.5667  
2025-02-26 23:17:38.655  val_finetune_dtvu_steps_3/acc@10 = 0.6333  
2025-02-26 23:17:38.655  val_finetune_dtvu_steps_3/acc@20 = 0.7375  
2025-02-26 23:17:38.655  
  
2025-02-26 23:17:40.044  
  
2025-02-26 23:17:40.044  [TRN] epoch_18  
2025-02-26 23:17:40.044  =============================================  
2025-02-26 23:17:40.044  trn/loss = 2.7496  
2025-02-26 23:17:40.044  trn/acc@01 = 0.3067  
2025-02-26 23:17:40.044  trn/acc@05 = 0.6585  
2025-02-26 23:17:40.044  trn/acc@10 = 0.7790  
2025-02-26 23:17:40.044  trn/acc@20 = 0.8719  
2025-02-26 23:17:40.044  
  
2025-02-26 23:17:40.194  
  
2025-02-26 23:17:40.194  [VAL_FINETUNE_DTVU_STEPS_1] epoch_18  
2025-02-26 23:17:40.194  =============================================  
2025-02-26 23:17:40.194  val_finetune_dtvu_steps_1/loss = 3.7295  
2025-02-26 23:17:40.194  val_finetune_dtvu_steps_1/acc@01 = 0.2625  
2025-02-26 23:17:40.194  val_finetune_dtvu_steps_1/acc@05 = 0.4875  
2025-02-26 23:17:40.194  val_finetune_dtvu_steps_1/acc@10 = 0.5875  
2025-02-26 23:17:40.194  val_finetune_dtvu_steps_1/acc@20 = 0.6750  
2025-02-26 23:17:40.194  
  
2025-02-26 23:17:40.384  
  
2025-02-26 23:17:40.384  [VAL_FINETUNE_DTVU_STEPS_3] epoch_18  
2025-02-26 23:17:40.384  =============================================  
2025-02-26 23:17:40.384  val_finetune_dtvu_steps_3/loss = 3.6408  
2025-02-26 23:17:40.384  val_finetune_dtvu_steps_3/acc@01 = 0.2583  
2025-02-26 23:17:40.384  val_finetune_dtvu_steps_3/acc@05 = 0.5417  
2025-02-26 23:17:40.384  val_finetune_dtvu_steps_3/acc@10 = 0.6417  
2025-02-26 23:17:40.384  val_finetune_dtvu_steps_3/acc@20 = 0.7417  
2025-02-26 23:17:40.384  
  
2025-02-26 23:17:41.806  
  
2025-02-26 23:17:41.806  [TRN] epoch_19  
2025-02-26 23:17:41.806  =============================================  
2025-02-26 23:17:41.806  trn/loss = 2.8248  
2025-02-26 23:17:41.806  trn/acc@01 = 0.2897  
2025-02-26 23:17:41.806  trn/acc@05 = 0.6338  
2025-02-26 23:17:41.806  trn/acc@10 = 0.7652  
2025-02-26 23:17:41.806  trn/acc@20 = 0.8711  
2025-02-26 23:17:41.806  
  
2025-02-26 23:17:41.927  
  
2025-02-26 23:17:41.927  [VAL_FINETUNE_DTVU_STEPS_1] epoch_19  
2025-02-26 23:17:41.927  =============================================  
2025-02-26 23:17:41.927  val_finetune_dtvu_steps_1/loss = 3.7394  
2025-02-26 23:17:41.927  val_finetune_dtvu_steps_1/acc@01 = 0.2250  
2025-02-26 23:17:41.927  val_finetune_dtvu_steps_1/acc@05 = 0.5250  
2025-02-26 23:17:41.927  val_finetune_dtvu_steps_1/acc@10 = 0.5875  
2025-02-26 23:17:41.927  val_finetune_dtvu_steps_1/acc@20 = 0.6750  
2025-02-26 23:17:41.927  
  
2025-02-26 23:17:42.125  
  
2025-02-26 23:17:42.125  [VAL_FINETUNE_DTVU_STEPS_3] epoch_19  
2025-02-26 23:17:42.125  =============================================  
2025-02-26 23:17:42.125  val_finetune_dtvu_steps_3/loss = 3.6198  
2025-02-26 23:17:42.127  val_finetune_dtvu_steps_3/acc@01 = 0.2500  
2025-02-26 23:17:42.127  val_finetune_dtvu_steps_3/acc@05 = 0.5542  
2025-02-26 23:17:42.127  val_finetune_dtvu_steps_3/acc@10 = 0.6625  
2025-02-26 23:17:42.127  val_finetune_dtvu_steps_3/acc@20 = 0.7292  
2025-02-26 23:17:42.127  
  
2025-02-26 23:17:43.605  
  
2025-02-26 23:17:43.605  [TRN] epoch_20  
2025-02-26 23:17:43.605  =============================================  
2025-02-26 23:17:43.613  trn/loss = 2.7532  
2025-02-26 23:17:43.613  trn/acc@01 = 0.2777  
2025-02-26 23:17:43.613  trn/acc@05 = 0.6490  
2025-02-26 23:17:43.614  trn/acc@10 = 0.7786  
2025-02-26 23:17:43.614  trn/acc@20 = 0.8752  
2025-02-26 23:17:43.614  
  
2025-02-26 23:17:43.795  
  
2025-02-26 23:17:43.795  [VAL_FINETUNE_DTVU_STEPS_1] epoch_20  
2025-02-26 23:17:43.795  =============================================  
2025-02-26 23:17:43.795  val_finetune_dtvu_steps_1/loss = 3.7192  
2025-02-26 23:17:43.795  val_finetune_dtvu_steps_1/acc@01 = 0.2625  
2025-02-26 23:17:43.795  val_finetune_dtvu_steps_1/acc@05 = 0.5000  
2025-02-26 23:17:43.795  val_finetune_dtvu_steps_1/acc@10 = 0.6000  
2025-02-26 23:17:43.795  val_finetune_dtvu_steps_1/acc@20 = 0.7250  
2025-02-26 23:17:43.795  
  
2025-02-26 23:17:43.943  
  
2025-02-26 23:17:43.943  [VAL_FINETUNE_DTVU_STEPS_3] epoch_20  
2025-02-26 23:17:43.944  =============================================  
2025-02-26 23:17:43.944  val_finetune_dtvu_steps_3/loss = 3.6335  
2025-02-26 23:17:43.944  val_finetune_dtvu_steps_3/acc@01 = 0.2792  
2025-02-26 23:17:43.945  val_finetune_dtvu_steps_3/acc@05 = 0.5542  
2025-02-26 23:17:43.945  val_finetune_dtvu_steps_3/acc@10 = 0.6458  
2025-02-26 23:17:43.945  val_finetune_dtvu_steps_3/acc@20 = 0.7500  
2025-02-26 23:17:43.945  
  
2025-02-26 23:17:45.424  
  
2025-02-26 23:17:45.424  [TRN] epoch_21  
2025-02-26 23:17:45.424  =============================================  
2025-02-26 23:17:45.424  trn/loss = 2.7617  
2025-02-26 23:17:45.424  trn/acc@01 = 0.2706  
2025-02-26 23:17:45.424  trn/acc@05 = 0.6440  
2025-02-26 23:17:45.424  trn/acc@10 = 0.7702  
2025-02-26 23:17:45.424  trn/acc@20 = 0.8812  
2025-02-26 23:17:45.424  
  
2025-02-26 23:17:45.534  
  
2025-02-26 23:17:45.534  [VAL_FINETUNE_DTVU_STEPS_1] epoch_21  
2025-02-26 23:17:45.534  =============================================  
2025-02-26 23:17:45.534  val_finetune_dtvu_steps_1/loss = 3.7643  
2025-02-26 23:17:45.534  val_finetune_dtvu_steps_1/acc@01 = 0.2375  
2025-02-26 23:17:45.534  val_finetune_dtvu_steps_1/acc@05 = 0.5500  
2025-02-26 23:17:45.534  val_finetune_dtvu_steps_1/acc@10 = 0.6000  
2025-02-26 23:17:45.534  val_finetune_dtvu_steps_1/acc@20 = 0.7375  
2025-02-26 23:17:45.534  
  
2025-02-26 23:17:45.674  
  
2025-02-26 23:17:45.674  [VAL_FINETUNE_DTVU_STEPS_3] epoch_21  
2025-02-26 23:17:45.674  =============================================  
2025-02-26 23:17:45.674  val_finetune_dtvu_steps_3/loss = 3.6802  
2025-02-26 23:17:45.674  val_finetune_dtvu_steps_3/acc@01 = 0.2708  
2025-02-26 23:17:45.674  val_finetune_dtvu_steps_3/acc@05 = 0.5542  
2025-02-26 23:17:45.674  val_finetune_dtvu_steps_3/acc@10 = 0.6417  
2025-02-26 23:17:45.674  val_finetune_dtvu_steps_3/acc@20 = 0.7500  
2025-02-26 23:17:45.674  
  
2025-02-26 23:17:46.894  
  
2025-02-26 23:17:46.901  [TRN] epoch_22  
2025-02-26 23:17:46.901  =============================================  
2025-02-26 23:17:46.901  trn/loss = 2.8263  
2025-02-26 23:17:46.901  trn/acc@01 = 0.3036  
2025-02-26 23:17:46.901  trn/acc@05 = 0.6362  
2025-02-26 23:17:46.901  trn/acc@10 = 0.7694  
2025-02-26 23:17:46.901  trn/acc@20 = 0.8704  
2025-02-26 23:17:46.901  
  
2025-02-26 23:17:47.027  
  
2025-02-26 23:17:47.027  [VAL_FINETUNE_DTVU_STEPS_1] epoch_22  
2025-02-26 23:17:47.027  =============================================  
2025-02-26 23:17:47.027  val_finetune_dtvu_steps_1/loss = 3.7717  
2025-02-26 23:17:47.027  val_finetune_dtvu_steps_1/acc@01 = 0.2500  
2025-02-26 23:17:47.027  val_finetune_dtvu_steps_1/acc@05 = 0.5375  
2025-02-26 23:17:47.027  val_finetune_dtvu_steps_1/acc@10 = 0.6125  
2025-02-26 23:17:47.027  val_finetune_dtvu_steps_1/acc@20 = 0.6500  
2025-02-26 23:17:47.027  
  
2025-02-26 23:17:47.164  
  
2025-02-26 23:17:47.164  [VAL_FINETUNE_DTVU_STEPS_3] epoch_22  
2025-02-26 23:17:47.165  =============================================  
2025-02-26 23:17:47.165  val_finetune_dtvu_steps_3/loss = 3.6152  
2025-02-26 23:17:47.165  val_finetune_dtvu_steps_3/acc@01 = 0.2750  
2025-02-26 23:17:47.165  val_finetune_dtvu_steps_3/acc@05 = 0.5750  
2025-02-26 23:17:47.165  val_finetune_dtvu_steps_3/acc@10 = 0.6667  
2025-02-26 23:17:47.165  val_finetune_dtvu_steps_3/acc@20 = 0.7292  
2025-02-26 23:17:47.165  
  
2025-02-26 23:17:48.484  
  
2025-02-26 23:17:48.485  [TRN] epoch_23  
2025-02-26 23:17:48.485  =============================================  
2025-02-26 23:17:48.485  trn/loss = 2.9324  
2025-02-26 23:17:48.485  trn/acc@01 = 0.2656  
2025-02-26 23:17:48.485  trn/acc@05 = 0.5978  
2025-02-26 23:17:48.485  trn/acc@10 = 0.7244  
2025-02-26 23:17:48.486  trn/acc@20 = 0.8494  
2025-02-26 23:17:48.486  
  
2025-02-26 23:17:48.637  
  
2025-02-26 23:17:48.637  [VAL_FINETUNE_DTVU_STEPS_1] epoch_23  
2025-02-26 23:17:48.637  =============================================  
2025-02-26 23:17:48.637  val_finetune_dtvu_steps_1/loss = 3.7151  
2025-02-26 23:17:48.637  val_finetune_dtvu_steps_1/acc@01 = 0.2875  
2025-02-26 23:17:48.637  val_finetune_dtvu_steps_1/acc@05 = 0.5750  
2025-02-26 23:17:48.637  val_finetune_dtvu_steps_1/acc@10 = 0.6000  
2025-02-26 23:17:48.638  val_finetune_dtvu_steps_1/acc@20 = 0.6875  
2025-02-26 23:17:48.638  
  
2025-02-26 23:17:48.805  
  
2025-02-26 23:17:48.805  [VAL_FINETUNE_DTVU_STEPS_3] epoch_23  
2025-02-26 23:17:48.805  =============================================  
2025-02-26 23:17:48.805  val_finetune_dtvu_steps_3/loss = 3.6422  
2025-02-26 23:17:48.805  val_finetune_dtvu_steps_3/acc@01 = 0.2958  
2025-02-26 23:17:48.806  val_finetune_dtvu_steps_3/acc@05 = 0.5583  
2025-02-26 23:17:48.806  val_finetune_dtvu_steps_3/acc@10 = 0.6250  
2025-02-26 23:17:48.806  val_finetune_dtvu_steps_3/acc@20 = 0.7083  
2025-02-26 23:17:48.806  
  
2025-02-26 23:17:50.139  
  
2025-02-26 23:17:50.139  [TRN] epoch_24  
2025-02-26 23:17:50.139  =============================================  
2025-02-26 23:17:50.139  trn/loss = 2.7435  
2025-02-26 23:17:50.139  trn/acc@01 = 0.2892  
2025-02-26 23:17:50.139  trn/acc@05 = 0.6423  
2025-02-26 23:17:50.141  trn/acc@10 = 0.7619  
2025-02-26 23:17:50.141  trn/acc@20 = 0.8701  
2025-02-26 23:17:50.141  
  
2025-02-26 23:17:50.329  
  
2025-02-26 23:17:50.330  [VAL_FINETUNE_DTVU_STEPS_1] epoch_24  
2025-02-26 23:17:50.330  =============================================  
2025-02-26 23:17:50.330  val_finetune_dtvu_steps_1/loss = 3.7598  
2025-02-26 23:17:50.330  val_finetune_dtvu_steps_1/acc@01 = 0.2250  
2025-02-26 23:17:50.330  val_finetune_dtvu_steps_1/acc@05 = 0.5625  
2025-02-26 23:17:50.330  val_finetune_dtvu_steps_1/acc@10 = 0.6375  
2025-02-26 23:17:50.330  val_finetune_dtvu_steps_1/acc@20 = 0.6875  
2025-02-26 23:17:50.330  
  
2025-02-26 23:17:50.484  
  
2025-02-26 23:17:50.484  [VAL_FINETUNE_DTVU_STEPS_3] epoch_24  
2025-02-26 23:17:50.484  =============================================  
2025-02-26 23:17:50.484  val_finetune_dtvu_steps_3/loss = 3.7208  
2025-02-26 23:17:50.484  val_finetune_dtvu_steps_3/acc@01 = 0.2500  
2025-02-26 23:17:50.484  val_finetune_dtvu_steps_3/acc@05 = 0.5792  
2025-02-26 23:17:50.484  val_finetune_dtvu_steps_3/acc@10 = 0.6833  
2025-02-26 23:17:50.485  val_finetune_dtvu_steps_3/acc@20 = 0.7417  
2025-02-26 23:17:50.485  
  
2025-02-26 23:17:52.025  
  
2025-02-26 23:17:52.025  [TRN] epoch_25  
2025-02-26 23:17:52.025  =============================================  
2025-02-26 23:17:52.025  trn/loss = 2.7728  
2025-02-26 23:17:52.025  trn/acc@01 = 0.2893  
2025-02-26 23:17:52.025  trn/acc@05 = 0.6369  
2025-02-26 23:17:52.025  trn/acc@10 = 0.7621  
2025-02-26 23:17:52.025  trn/acc@20 = 0.8659  
2025-02-26 23:17:52.025  
  
2025-02-26 23:17:52.165  
  
2025-02-26 23:17:52.165  [VAL_FINETUNE_DTVU_STEPS_1] epoch_25  
2025-02-26 23:17:52.165  =============================================  
2025-02-26 23:17:52.165  val_finetune_dtvu_steps_1/loss = 3.5990  
2025-02-26 23:17:52.165  val_finetune_dtvu_steps_1/acc@01 = 0.2250  
2025-02-26 23:17:52.165  val_finetune_dtvu_steps_1/acc@05 = 0.5750  
2025-02-26 23:17:52.165  val_finetune_dtvu_steps_1/acc@10 = 0.6375  
2025-02-26 23:17:52.165  val_finetune_dtvu_steps_1/acc@20 = 0.7625  
2025-02-26 23:17:52.165  
  
2025-02-26 23:17:52.314  
  
2025-02-26 23:17:52.314  [VAL_FINETUNE_DTVU_STEPS_3] epoch_25  
2025-02-26 23:17:52.314  =============================================  
2025-02-26 23:17:52.314  val_finetune_dtvu_steps_3/loss = 3.5748  
2025-02-26 23:17:52.314  val_finetune_dtvu_steps_3/acc@01 = 0.2750  
2025-02-26 23:17:52.314  val_finetune_dtvu_steps_3/acc@05 = 0.6042  
2025-02-26 23:17:52.314  val_finetune_dtvu_steps_3/acc@10 = 0.6750  
2025-02-26 23:17:52.314  val_finetune_dtvu_steps_3/acc@20 = 0.7708  
2025-02-26 23:17:52.314  
  
2025-02-26 23:17:53.715  
  
2025-02-26 23:17:53.715  [TRN] epoch_26  
2025-02-26 23:17:53.715  =============================================  
2025-02-26 23:17:53.715  trn/loss = 2.5795  
2025-02-26 23:17:53.715  trn/acc@01 = 0.3352  
2025-02-26 23:17:53.715  trn/acc@05 = 0.6830  
2025-02-26 23:17:53.715  trn/acc@10 = 0.7984  
2025-02-26 23:17:53.715  trn/acc@20 = 0.8940  
2025-02-26 23:17:53.723  
  
2025-02-26 23:17:53.854  
  
2025-02-26 23:17:53.854  [VAL_FINETUNE_DTVU_STEPS_1] epoch_26  
2025-02-26 23:17:53.854  =============================================  
2025-02-26 23:17:53.854  val_finetune_dtvu_steps_1/loss = 3.8941  
2025-02-26 23:17:53.854  val_finetune_dtvu_steps_1/acc@01 = 0.1375  
2025-02-26 23:17:53.854  val_finetune_dtvu_steps_1/acc@05 = 0.5375  
2025-02-26 23:17:53.854  val_finetune_dtvu_steps_1/acc@10 = 0.6125  
2025-02-26 23:17:53.854  val_finetune_dtvu_steps_1/acc@20 = 0.7625  
2025-02-26 23:17:53.854  
  
2025-02-26 23:17:54.015  
  
2025-02-26 23:17:54.015  [VAL_FINETUNE_DTVU_STEPS_3] epoch_26  
2025-02-26 23:17:54.015  =============================================  
2025-02-26 23:17:54.015  val_finetune_dtvu_steps_3/loss = 3.7828  
2025-02-26 23:17:54.015  val_finetune_dtvu_steps_3/acc@01 = 0.2125  
2025-02-26 23:17:54.015  val_finetune_dtvu_steps_3/acc@05 = 0.5625  
2025-02-26 23:17:54.015  val_finetune_dtvu_steps_3/acc@10 = 0.6792  
2025-02-26 23:17:54.015  val_finetune_dtvu_steps_3/acc@20 = 0.7542  
2025-02-26 23:17:54.015  
  
2025-02-26 23:17:55.384  
  
2025-02-26 23:17:55.384  [TRN] epoch_27  
2025-02-26 23:17:55.384  =============================================  
2025-02-26 23:17:55.384  trn/loss = 2.8507  
2025-02-26 23:17:55.384  trn/acc@01 = 0.2851  
2025-02-26 23:17:55.384  trn/acc@05 = 0.6337  
2025-02-26 23:17:55.384  trn/acc@10 = 0.7550  
2025-02-26 23:17:55.384  trn/acc@20 = 0.8683  
2025-02-26 23:17:55.384  
  
2025-02-26 23:17:55.493  
  
2025-02-26 23:17:55.493  [VAL_FINETUNE_DTVU_STEPS_1] epoch_27  
2025-02-26 23:17:55.493  =============================================  
2025-02-26 23:17:55.493  val_finetune_dtvu_steps_1/loss = 3.7279  
2025-02-26 23:17:55.493  val_finetune_dtvu_steps_1/acc@01 = 0.2875  
2025-02-26 23:17:55.493  val_finetune_dtvu_steps_1/acc@05 = 0.5500  
2025-02-26 23:17:55.493  val_finetune_dtvu_steps_1/acc@10 = 0.5875  
2025-02-26 23:17:55.493  val_finetune_dtvu_steps_1/acc@20 = 0.7000  
2025-02-26 23:17:55.494  
  
2025-02-26 23:17:55.608  
  
2025-02-26 23:17:55.608  [VAL_FINETUNE_DTVU_STEPS_3] epoch_27  
2025-02-26 23:17:55.608  =============================================  
2025-02-26 23:17:55.608  val_finetune_dtvu_steps_3/loss = 3.7043  
2025-02-26 23:17:55.608  val_finetune_dtvu_steps_3/acc@01 = 0.2875  
2025-02-26 23:17:55.608  val_finetune_dtvu_steps_3/acc@05 = 0.5750  
2025-02-26 23:17:55.608  val_finetune_dtvu_steps_3/acc@10 = 0.6583  
2025-02-26 23:17:55.608  val_finetune_dtvu_steps_3/acc@20 = 0.7292  
2025-02-26 23:17:55.608  
  
2025-02-26 23:17:56.660  
  
2025-02-26 23:17:56.660  [TRN] epoch_28  
2025-02-26 23:17:56.660  =============================================  
2025-02-26 23:17:56.660  trn/loss = 2.7232  
2025-02-26 23:17:56.660  trn/acc@01 = 0.2936  
2025-02-26 23:17:56.660  trn/acc@05 = 0.6426  
2025-02-26 23:17:56.660  trn/acc@10 = 0.7579  
2025-02-26 23:17:56.660  trn/acc@20 = 0.8649  
2025-02-26 23:17:56.660  
  
2025-02-26 23:17:56.768  
  
2025-02-26 23:17:56.768  [VAL_FINETUNE_DTVU_STEPS_1] epoch_28  
2025-02-26 23:17:56.768  =============================================  
2025-02-26 23:17:56.768  val_finetune_dtvu_steps_1/loss = 3.6588  
2025-02-26 23:17:56.768  val_finetune_dtvu_steps_1/acc@01 = 0.2000  
2025-02-26 23:17:56.768  val_finetune_dtvu_steps_1/acc@05 = 0.5875  
2025-02-26 23:17:56.768  val_finetune_dtvu_steps_1/acc@10 = 0.6250  
2025-02-26 23:17:56.768  val_finetune_dtvu_steps_1/acc@20 = 0.7625  
2025-02-26 23:17:56.768  
  
2025-02-26 23:17:56.881  
  
2025-02-26 23:17:56.881  [VAL_FINETUNE_DTVU_STEPS_3] epoch_28  
2025-02-26 23:17:56.881  =============================================  
2025-02-26 23:17:56.881  val_finetune_dtvu_steps_3/loss = 3.6533  
2025-02-26 23:17:56.881  val_finetune_dtvu_steps_3/acc@01 = 0.2583  
2025-02-26 23:17:56.881  val_finetune_dtvu_steps_3/acc@05 = 0.6000  
2025-02-26 23:17:56.881  val_finetune_dtvu_steps_3/acc@10 = 0.6708  
2025-02-26 23:17:56.881  val_finetune_dtvu_steps_3/acc@20 = 0.7542  
2025-02-26 23:17:56.881  
  
2025-02-26 23:17:57.935  
  
2025-02-26 23:17:57.935  [TRN] epoch_29  
2025-02-26 23:17:57.935  =============================================  
2025-02-26 23:17:57.935  trn/loss = 2.7369  
2025-02-26 23:17:57.935  trn/acc@01 = 0.2880  
2025-02-26 23:17:57.935  trn/acc@05 = 0.6409  
2025-02-26 23:17:57.935  trn/acc@10 = 0.7683  
2025-02-26 23:17:57.935  trn/acc@20 = 0.8808  
2025-02-26 23:17:57.935  
  
2025-02-26 23:17:58.060  
  
2025-02-26 23:17:58.060  [VAL_FINETUNE_DTVU_STEPS_1] epoch_29  
2025-02-26 23:17:58.060  =============================================  
2025-02-26 23:17:58.060  val_finetune_dtvu_steps_1/loss = 3.6898  
2025-02-26 23:17:58.060  val_finetune_dtvu_steps_1/acc@01 = 0.2500  
2025-02-26 23:17:58.060  val_finetune_dtvu_steps_1/acc@05 = 0.5625  
2025-02-26 23:17:58.063  val_finetune_dtvu_steps_1/acc@10 = 0.6500  
2025-02-26 23:17:58.063  val_finetune_dtvu_steps_1/acc@20 = 0.7375  
2025-02-26 23:17:58.063  
  
2025-02-26 23:17:58.175  
  
2025-02-26 23:17:58.175  [VAL_FINETUNE_DTVU_STEPS_3] epoch_29  
2025-02-26 23:17:58.175  =============================================  
2025-02-26 23:17:58.175  val_finetune_dtvu_steps_3/loss = 3.6294  
2025-02-26 23:17:58.175  val_finetune_dtvu_steps_3/acc@01 = 0.2667  
2025-02-26 23:17:58.175  val_finetune_dtvu_steps_3/acc@05 = 0.6000  
2025-02-26 23:17:58.175  val_finetune_dtvu_steps_3/acc@10 = 0.6708  
2025-02-26 23:17:58.175  val_finetune_dtvu_steps_3/acc@20 = 0.7500  
2025-02-26 23:17:58.175  
  
2025-02-26 23:17:59.184  
  
2025-02-26 23:17:59.184  [TRN] epoch_30  
2025-02-26 23:17:59.184  =============================================  
2025-02-26 23:17:59.184  trn/loss = 2.7827  
2025-02-26 23:17:59.184  trn/acc@01 = 0.2799  
2025-02-26 23:17:59.184  trn/acc@05 = 0.6304  
2025-02-26 23:17:59.184  trn/acc@10 = 0.7701  
2025-02-26 23:17:59.184  trn/acc@20 = 0.8799  
2025-02-26 23:17:59.184  
  
2025-02-26 23:17:59.298  
  
2025-02-26 23:17:59.298  [VAL_FINETUNE_DTVU_STEPS_1] epoch_30  
2025-02-26 23:17:59.298  =============================================  
2025-02-26 23:17:59.298  val_finetune_dtvu_steps_1/loss = 3.7495  
2025-02-26 23:17:59.298  val_finetune_dtvu_steps_1/acc@01 = 0.2250  
2025-02-26 23:17:59.298  val_finetune_dtvu_steps_1/acc@05 = 0.5375  
2025-02-26 23:17:59.298  val_finetune_dtvu_steps_1/acc@10 = 0.6250  
2025-02-26 23:17:59.298  val_finetune_dtvu_steps_1/acc@20 = 0.7125  
2025-02-26 23:17:59.298  
  
2025-02-26 23:17:59.416  
  
2025-02-26 23:17:59.416  [VAL_FINETUNE_DTVU_STEPS_3] epoch_30  
2025-02-26 23:17:59.416  =============================================  
2025-02-26 23:17:59.416  val_finetune_dtvu_steps_3/loss = 3.6955  
2025-02-26 23:17:59.416  val_finetune_dtvu_steps_3/acc@01 = 0.2375  
2025-02-26 23:17:59.416  val_finetune_dtvu_steps_3/acc@05 = 0.5542  
2025-02-26 23:17:59.416  val_finetune_dtvu_steps_3/acc@10 = 0.6542  
2025-02-26 23:17:59.416  val_finetune_dtvu_steps_3/acc@20 = 0.7583  
2025-02-26 23:17:59.416  
  
2025-02-26 23:18:00.484  
  
2025-02-26 23:18:00.484  [TRN] epoch_31  
2025-02-26 23:18:00.484  =============================================  
2025-02-26 23:18:00.484  trn/loss = 2.6224  
2025-02-26 23:18:00.484  trn/acc@01 = 0.3240  
2025-02-26 23:18:00.487  trn/acc@05 = 0.6740  
2025-02-26 23:18:00.487  trn/acc@10 = 0.7845  
2025-02-26 23:18:00.487  trn/acc@20 = 0.8870  
2025-02-26 23:18:00.487  
  
2025-02-26 23:18:00.605  
  
2025-02-26 23:18:00.605  [VAL_FINETUNE_DTVU_STEPS_1] epoch_31  
2025-02-26 23:18:00.605  =============================================  
2025-02-26 23:18:00.605  val_finetune_dtvu_steps_1/loss = 3.6961  
2025-02-26 23:18:00.605  val_finetune_dtvu_steps_1/acc@01 = 0.3000  
2025-02-26 23:18:00.605  val_finetune_dtvu_steps_1/acc@05 = 0.5875  
2025-02-26 23:18:00.605  val_finetune_dtvu_steps_1/acc@10 = 0.6625  
2025-02-26 23:18:00.605  val_finetune_dtvu_steps_1/acc@20 = 0.7500  
2025-02-26 23:18:00.605  
  
2025-02-26 23:18:00.716  
  
2025-02-26 23:18:00.716  [VAL_FINETUNE_DTVU_STEPS_3] epoch_31  
2025-02-26 23:18:00.716  =============================================  
2025-02-26 23:18:00.716  val_finetune_dtvu_steps_3/loss = 3.7002  
2025-02-26 23:18:00.716  val_finetune_dtvu_steps_3/acc@01 = 0.2958  
2025-02-26 23:18:00.716  val_finetune_dtvu_steps_3/acc@05 = 0.5917  
2025-02-26 23:18:00.716  val_finetune_dtvu_steps_3/acc@10 = 0.6958  
2025-02-26 23:18:00.716  val_finetune_dtvu_steps_3/acc@20 = 0.7500  
2025-02-26 23:18:00.716  
  
2025-02-26 23:18:01.764  
  
2025-02-26 23:18:01.764  [TRN] epoch_32  
2025-02-26 23:18:01.764  =============================================  
2025-02-26 23:18:01.764  trn/loss = 2.6782  
2025-02-26 23:18:01.764  trn/acc@01 = 0.3019  
2025-02-26 23:18:01.764  trn/acc@05 = 0.6587  
2025-02-26 23:18:01.764  trn/acc@10 = 0.7869  
2025-02-26 23:18:01.764  trn/acc@20 = 0.8864  
2025-02-26 23:18:01.764  
  
2025-02-26 23:18:01.874  
  
2025-02-26 23:18:01.874  [VAL_FINETUNE_DTVU_STEPS_1] epoch_32  
2025-02-26 23:18:01.874  =============================================  
2025-02-26 23:18:01.874  val_finetune_dtvu_steps_1/loss = 3.8221  
2025-02-26 23:18:01.874  val_finetune_dtvu_steps_1/acc@01 = 0.2375  
2025-02-26 23:18:01.874  val_finetune_dtvu_steps_1/acc@05 = 0.5500  
2025-02-26 23:18:01.874  val_finetune_dtvu_steps_1/acc@10 = 0.6250  
2025-02-26 23:18:01.874  val_finetune_dtvu_steps_1/acc@20 = 0.7125  
2025-02-26 23:18:01.874  
  
2025-02-26 23:18:01.997  
  
2025-02-26 23:18:01.997  [VAL_FINETUNE_DTVU_STEPS_3] epoch_32  
2025-02-26 23:18:01.997  =============================================  
2025-02-26 23:18:01.997  val_finetune_dtvu_steps_3/loss = 3.7434  
2025-02-26 23:18:01.997  val_finetune_dtvu_steps_3/acc@01 = 0.2500  
2025-02-26 23:18:01.997  val_finetune_dtvu_steps_3/acc@05 = 0.5833  
2025-02-26 23:18:01.997  val_finetune_dtvu_steps_3/acc@10 = 0.6708  
2025-02-26 23:18:01.997  val_finetune_dtvu_steps_3/acc@20 = 0.7417  
2025-02-26 23:18:01.997  
  
2025-02-26 23:18:03.055  
  
2025-02-26 23:18:03.055  [TRN] epoch_33  
2025-02-26 23:18:03.055  =============================================  
2025-02-26 23:18:03.055  trn/loss = 2.4999  
2025-02-26 23:18:03.055  trn/acc@01 = 0.3446  
2025-02-26 23:18:03.055  trn/acc@05 = 0.6961  
2025-02-26 23:18:03.055  trn/acc@10 = 0.8167  
2025-02-26 23:18:03.055  trn/acc@20 = 0.9127  
2025-02-26 23:18:03.055  
  
2025-02-26 23:18:03.165  
  
2025-02-26 23:18:03.165  [VAL_FINETUNE_DTVU_STEPS_1] epoch_33  
2025-02-26 23:18:03.165  =============================================  
2025-02-26 23:18:03.165  val_finetune_dtvu_steps_1/loss = 3.6715  
2025-02-26 23:18:03.165  val_finetune_dtvu_steps_1/acc@01 = 0.2500  
2025-02-26 23:18:03.165  val_finetune_dtvu_steps_1/acc@05 = 0.5625  
2025-02-26 23:18:03.165  val_finetune_dtvu_steps_1/acc@10 = 0.6375  
2025-02-26 23:18:03.165  val_finetune_dtvu_steps_1/acc@20 = 0.7625  
2025-02-26 23:18:03.165  
  
2025-02-26 23:18:03.274  
  
2025-02-26 23:18:03.274  [VAL_FINETUNE_DTVU_STEPS_3] epoch_33  
2025-02-26 23:18:03.274  =============================================  
2025-02-26 23:18:03.274  val_finetune_dtvu_steps_3/loss = 3.6346  
2025-02-26 23:18:03.274  val_finetune_dtvu_steps_3/acc@01 = 0.2542  
2025-02-26 23:18:03.274  val_finetune_dtvu_steps_3/acc@05 = 0.5583  
2025-02-26 23:18:03.274  val_finetune_dtvu_steps_3/acc@10 = 0.6667  
2025-02-26 23:18:03.274  val_finetune_dtvu_steps_3/acc@20 = 0.7625  
2025-02-26 23:18:03.274  
  
2025-02-26 23:18:04.274  
  
2025-02-26 23:18:04.274  [TRN] epoch_34  
2025-02-26 23:18:04.274  =============================================  
2025-02-26 23:18:04.274  trn/loss = 2.5000  
2025-02-26 23:18:04.274  trn/acc@01 = 0.3208  
2025-02-26 23:18:04.274  trn/acc@05 = 0.6896  
2025-02-26 23:18:04.274  trn/acc@10 = 0.8084  
2025-02-26 23:18:04.274  trn/acc@20 = 0.9074  
2025-02-26 23:18:04.274  
  
2025-02-26 23:18:04.394  
  
2025-02-26 23:18:04.394  [VAL_FINETUNE_DTVU_STEPS_1] epoch_34  
2025-02-26 23:18:04.394  =============================================  
2025-02-26 23:18:04.394  val_finetune_dtvu_steps_1/loss = 3.8734  
2025-02-26 23:18:04.394  val_finetune_dtvu_steps_1/acc@01 = 0.2375  
2025-02-26 23:18:04.394  val_finetune_dtvu_steps_1/acc@05 = 0.5125  
2025-02-26 23:18:04.398  val_finetune_dtvu_steps_1/acc@10 = 0.5875  
2025-02-26 23:18:04.398  val_finetune_dtvu_steps_1/acc@20 = 0.7000  
2025-02-26 23:18:04.398  
  
2025-02-26 23:18:04.514  
  
2025-02-26 23:18:04.514  [VAL_FINETUNE_DTVU_STEPS_3] epoch_34  
2025-02-26 23:18:04.514  =============================================  
2025-02-26 23:18:04.514  val_finetune_dtvu_steps_3/loss = 3.7746  
2025-02-26 23:18:04.514  val_finetune_dtvu_steps_3/acc@01 = 0.2667  
2025-02-26 23:18:04.514  val_finetune_dtvu_steps_3/acc@05 = 0.5542  
2025-02-26 23:18:04.514  val_finetune_dtvu_steps_3/acc@10 = 0.6292  
2025-02-26 23:18:04.514  val_finetune_dtvu_steps_3/acc@20 = 0.7333  
2025-02-26 23:18:04.514  
  
2025-02-26 23:18:05.528  
  
2025-02-26 23:18:05.530  [TRN] epoch_35  
2025-02-26 23:18:05.530  =============================================  
2025-02-26 23:18:05.530  trn/loss = 2.4868  
2025-02-26 23:18:05.530  trn/acc@01 = 0.3066  
2025-02-26 23:18:05.530  trn/acc@05 = 0.6793  
2025-02-26 23:18:05.530  trn/acc@10 = 0.8096  
2025-02-26 23:18:05.530  trn/acc@20 = 0.9106  
2025-02-26 23:18:05.530  
  
2025-02-26 23:18:05.644  
  
2025-02-26 23:18:05.644  [VAL_FINETUNE_DTVU_STEPS_1] epoch_35  
2025-02-26 23:18:05.644  =============================================  
2025-02-26 23:18:05.644  val_finetune_dtvu_steps_1/loss = 3.8478  
2025-02-26 23:18:05.644  val_finetune_dtvu_steps_1/acc@01 = 0.1875  
2025-02-26 23:18:05.644  val_finetune_dtvu_steps_1/acc@05 = 0.5625  
2025-02-26 23:18:05.644  val_finetune_dtvu_steps_1/acc@10 = 0.6250  
2025-02-26 23:18:05.644  val_finetune_dtvu_steps_1/acc@20 = 0.7375  
2025-02-26 23:18:05.644  
  
2025-02-26 23:18:05.754  
  
2025-02-26 23:18:05.754  [VAL_FINETUNE_DTVU_STEPS_3] epoch_35  
2025-02-26 23:18:05.754  =============================================  
2025-02-26 23:18:05.754  val_finetune_dtvu_steps_3/loss = 3.7510  
2025-02-26 23:18:05.754  val_finetune_dtvu_steps_3/acc@01 = 0.2625  
2025-02-26 23:18:05.754  val_finetune_dtvu_steps_3/acc@05 = 0.5708  
2025-02-26 23:18:05.754  val_finetune_dtvu_steps_3/acc@10 = 0.6542  
2025-02-26 23:18:05.754  val_finetune_dtvu_steps_3/acc@20 = 0.7458  
2025-02-26 23:18:05.754  
  
2025-02-26 23:18:06.794  
  
2025-02-26 23:18:06.794  [TRN] epoch_36  
2025-02-26 23:18:06.794  =============================================  
2025-02-26 23:18:06.794  trn/loss = 2.4589  
2025-02-26 23:18:06.794  trn/acc@01 = 0.3260  
2025-02-26 23:18:06.794  trn/acc@05 = 0.7020  
2025-02-26 23:18:06.794  trn/acc@10 = 0.8275  
2025-02-26 23:18:06.794  trn/acc@20 = 0.9265  
2025-02-26 23:18:06.794  
  
2025-02-26 23:18:06.904  
  
2025-02-26 23:18:06.904  [VAL_FINETUNE_DTVU_STEPS_1] epoch_36  
2025-02-26 23:18:06.904  =============================================  
2025-02-26 23:18:06.904  val_finetune_dtvu_steps_1/loss = 3.9229  
2025-02-26 23:18:06.904  val_finetune_dtvu_steps_1/acc@01 = 0.2125  
2025-02-26 23:18:06.904  val_finetune_dtvu_steps_1/acc@05 = 0.5375  
2025-02-26 23:18:06.904  val_finetune_dtvu_steps_1/acc@10 = 0.6000  
2025-02-26 23:18:06.904  val_finetune_dtvu_steps_1/acc@20 = 0.7375  
2025-02-26 23:18:06.904  
  
2025-02-26 23:18:07.024  
  
2025-02-26 23:18:07.024  [VAL_FINETUNE_DTVU_STEPS_3] epoch_36  
2025-02-26 23:18:07.025  =============================================  
2025-02-26 23:18:07.025  val_finetune_dtvu_steps_3/loss = 3.8411  
2025-02-26 23:18:07.025  val_finetune_dtvu_steps_3/acc@01 = 0.2417  
2025-02-26 23:18:07.025  val_finetune_dtvu_steps_3/acc@05 = 0.5875  
2025-02-26 23:18:07.025  val_finetune_dtvu_steps_3/acc@10 = 0.6583  
2025-02-26 23:18:07.025  val_finetune_dtvu_steps_3/acc@20 = 0.7333  
2025-02-26 23:18:07.025  
  
2025-02-26 23:18:08.025  
  
2025-02-26 23:18:08.025  [TRN] epoch_37  
2025-02-26 23:18:08.027  =============================================  
2025-02-26 23:18:08.027  trn/loss = 2.5886  
2025-02-26 23:18:08.027  trn/acc@01 = 0.2869  
2025-02-26 23:18:08.027  trn/acc@05 = 0.6597  
2025-02-26 23:18:08.027  trn/acc@10 = 0.7932  
2025-02-26 23:18:08.027  trn/acc@20 = 0.9010  
2025-02-26 23:18:08.027  
  
2025-02-26 23:18:08.135  
  
2025-02-26 23:18:08.135  [VAL_FINETUNE_DTVU_STEPS_1] epoch_37  
2025-02-26 23:18:08.137  =============================================  
2025-02-26 23:18:08.137  val_finetune_dtvu_steps_1/loss = 3.8164  
2025-02-26 23:18:08.137  val_finetune_dtvu_steps_1/acc@01 = 0.2875  
2025-02-26 23:18:08.137  val_finetune_dtvu_steps_1/acc@05 = 0.5375  
2025-02-26 23:18:08.137  val_finetune_dtvu_steps_1/acc@10 = 0.6250  
2025-02-26 23:18:08.137  val_finetune_dtvu_steps_1/acc@20 = 0.6875  
2025-02-26 23:18:08.137  
  
2025-02-26 23:18:08.254  
  
2025-02-26 23:18:08.258  [VAL_FINETUNE_DTVU_STEPS_3] epoch_37  
2025-02-26 23:18:08.258  =============================================  
2025-02-26 23:18:08.258  val_finetune_dtvu_steps_3/loss = 3.7555  
2025-02-26 23:18:08.258  val_finetune_dtvu_steps_3/acc@01 = 0.2583  
2025-02-26 23:18:08.258  val_finetune_dtvu_steps_3/acc@05 = 0.5500  
2025-02-26 23:18:08.258  val_finetune_dtvu_steps_3/acc@10 = 0.6667  
2025-02-26 23:18:08.258  val_finetune_dtvu_steps_3/acc@20 = 0.7250  
2025-02-26 23:18:08.258  
  
2025-02-26 23:18:09.340  
  
2025-02-26 23:18:09.342  [TRN] epoch_38  
2025-02-26 23:18:09.342  =============================================  
2025-02-26 23:18:09.342  trn/loss = 2.6056  
2025-02-26 23:18:09.342  trn/acc@01 = 0.2996  
2025-02-26 23:18:09.342  trn/acc@05 = 0.6630  
2025-02-26 23:18:09.343  trn/acc@10 = 0.8030  
2025-02-26 23:18:09.343  trn/acc@20 = 0.9065  
2025-02-26 23:18:09.343  
  
2025-02-26 23:18:09.504  
  
2025-02-26 23:18:09.504  [VAL_FINETUNE_DTVU_STEPS_1] epoch_38  
2025-02-26 23:18:09.504  =============================================  
2025-02-26 23:18:09.504  val_finetune_dtvu_steps_1/loss = 3.7473  
2025-02-26 23:18:09.504  val_finetune_dtvu_steps_1/acc@01 = 0.2625  
2025-02-26 23:18:09.504  val_finetune_dtvu_steps_1/acc@05 = 0.5625  
2025-02-26 23:18:09.504  val_finetune_dtvu_steps_1/acc@10 = 0.6000  
2025-02-26 23:18:09.504  val_finetune_dtvu_steps_1/acc@20 = 0.7250  
2025-02-26 23:18:09.504  
  
2025-02-26 23:18:09.636  
  
2025-02-26 23:18:09.636  [VAL_FINETUNE_DTVU_STEPS_3] epoch_38  
2025-02-26 23:18:09.636  =============================================  
2025-02-26 23:18:09.636  val_finetune_dtvu_steps_3/loss = 3.6907  
2025-02-26 23:18:09.636  val_finetune_dtvu_steps_3/acc@01 = 0.2792  
2025-02-26 23:18:09.636  val_finetune_dtvu_steps_3/acc@05 = 0.5958  
2025-02-26 23:18:09.636  val_finetune_dtvu_steps_3/acc@10 = 0.6708  
2025-02-26 23:18:09.636  val_finetune_dtvu_steps_3/acc@20 = 0.7458  
2025-02-26 23:18:09.636  
  
2025-02-26 23:18:10.793  
  
2025-02-26 23:18:10.793  [TRN] epoch_39  
2025-02-26 23:18:10.793  =============================================  
2025-02-26 23:18:10.793  trn/loss = 2.5246  
2025-02-26 23:18:10.793  trn/acc@01 = 0.3233  
2025-02-26 23:18:10.793  trn/acc@05 = 0.6905  
2025-02-26 23:18:10.793  trn/acc@10 = 0.8119  
2025-02-26 23:18:10.793  trn/acc@20 = 0.9029  
2025-02-26 23:18:10.793  
  
2025-02-26 23:18:10.903  
  
2025-02-26 23:18:10.903  [VAL_FINETUNE_DTVU_STEPS_1] epoch_39  
2025-02-26 23:18:10.903  =============================================  
2025-02-26 23:18:10.903  val_finetune_dtvu_steps_1/loss = 3.6897  
2025-02-26 23:18:10.903  val_finetune_dtvu_steps_1/acc@01 = 0.2125  
2025-02-26 23:18:10.903  val_finetune_dtvu_steps_1/acc@05 = 0.5625  
2025-02-26 23:18:10.903  val_finetune_dtvu_steps_1/acc@10 = 0.6125  
2025-02-26 23:18:10.903  val_finetune_dtvu_steps_1/acc@20 = 0.7125  
2025-02-26 23:18:10.903  
  
2025-02-26 23:18:11.018  
  
2025-02-26 23:18:11.018  [VAL_FINETUNE_DTVU_STEPS_3] epoch_39  
2025-02-26 23:18:11.018  =============================================  
2025-02-26 23:18:11.018  val_finetune_dtvu_steps_3/loss = 3.6614  
2025-02-26 23:18:11.018  val_finetune_dtvu_steps_3/acc@01 = 0.2667  
2025-02-26 23:18:11.018  val_finetune_dtvu_steps_3/acc@05 = 0.5750  
2025-02-26 23:18:11.018  val_finetune_dtvu_steps_3/acc@10 = 0.6708  
2025-02-26 23:18:11.018  val_finetune_dtvu_steps_3/acc@20 = 0.7500  
2025-02-26 23:18:11.018  
  
2025-02-26 23:18:12.024  
  
2025-02-26 23:18:12.024  [TRN] epoch_40  
2025-02-26 23:18:12.024  =============================================  
2025-02-26 23:18:12.024  trn/loss = 2.4919  
2025-02-26 23:18:12.024  trn/acc@01 = 0.3375  
2025-02-26 23:18:12.024  trn/acc@05 = 0.6856  
2025-02-26 23:18:12.024  trn/acc@10 = 0.8208  
2025-02-26 23:18:12.024  trn/acc@20 = 0.9074  
2025-02-26 23:18:12.024  
  
2025-02-26 23:18:12.125  
  
2025-02-26 23:18:12.130  [VAL_FINETUNE_DTVU_STEPS_1] epoch_40  
2025-02-26 23:18:12.130  =============================================  
2025-02-26 23:18:12.130  val_finetune_dtvu_steps_1/loss = 3.7215  
2025-02-26 23:18:12.130  val_finetune_dtvu_steps_1/acc@01 = 0.2500  
2025-02-26 23:18:12.130  val_finetune_dtvu_steps_1/acc@05 = 0.5625  
2025-02-26 23:18:12.130  val_finetune_dtvu_steps_1/acc@10 = 0.6500  
2025-02-26 23:18:12.130  val_finetune_dtvu_steps_1/acc@20 = 0.7125  
2025-02-26 23:18:12.130  
  
2025-02-26 23:18:12.250  
  
2025-02-26 23:18:12.250  [VAL_FINETUNE_DTVU_STEPS_3] epoch_40  
2025-02-26 23:18:12.250  =============================================  
2025-02-26 23:18:12.250  val_finetune_dtvu_steps_3/loss = 3.7314  
2025-02-26 23:18:12.250  val_finetune_dtvu_steps_3/acc@01 = 0.2542  
2025-02-26 23:18:12.250  val_finetune_dtvu_steps_3/acc@05 = 0.6000  
2025-02-26 23:18:12.250  val_finetune_dtvu_steps_3/acc@10 = 0.6833  
2025-02-26 23:18:12.250  val_finetune_dtvu_steps_3/acc@20 = 0.7417  
2025-02-26 23:18:12.253  
  
2025-02-26 23:18:13.255  
  
2025-02-26 23:18:13.255  [TRN] epoch_41  
2025-02-26 23:18:13.255  =============================================  
2025-02-26 23:18:13.255  trn/loss = 2.4660  
2025-02-26 23:18:13.255  trn/acc@01 = 0.3509  
2025-02-26 23:18:13.255  trn/acc@05 = 0.6888  
2025-02-26 23:18:13.255  trn/acc@10 = 0.8254  
2025-02-26 23:18:13.255  trn/acc@20 = 0.9071  
2025-02-26 23:18:13.255  
  
2025-02-26 23:18:13.365  
  
2025-02-26 23:18:13.365  [VAL_FINETUNE_DTVU_STEPS_1] epoch_41  
2025-02-26 23:18:13.365  =============================================  
2025-02-26 23:18:13.365  val_finetune_dtvu_steps_1/loss = 3.8586  
2025-02-26 23:18:13.365  val_finetune_dtvu_steps_1/acc@01 = 0.2000  
2025-02-26 23:18:13.365  val_finetune_dtvu_steps_1/acc@05 = 0.5250  
2025-02-26 23:18:13.365  val_finetune_dtvu_steps_1/acc@10 = 0.6250  
2025-02-26 23:18:13.365  val_finetune_dtvu_steps_1/acc@20 = 0.6875  
2025-02-26 23:18:13.365  
  
2025-02-26 23:18:13.485  
  
2025-02-26 23:18:13.485  [VAL_FINETUNE_DTVU_STEPS_3] epoch_41  
2025-02-26 23:18:13.485  =============================================  
2025-02-26 23:18:13.485  val_finetune_dtvu_steps_3/loss = 3.8044  
2025-02-26 23:18:13.485  val_finetune_dtvu_steps_3/acc@01 = 0.2417  
2025-02-26 23:18:13.485  val_finetune_dtvu_steps_3/acc@05 = 0.5583  
2025-02-26 23:18:13.485  val_finetune_dtvu_steps_3/acc@10 = 0.6667  
2025-02-26 23:18:13.485  val_finetune_dtvu_steps_3/acc@20 = 0.7417  
2025-02-26 23:18:13.485  
  
2025-02-26 23:18:14.633  
  
2025-02-26 23:18:14.634  [TRN] epoch_42  
2025-02-26 23:18:14.634  =============================================  
2025-02-26 23:18:14.634  trn/loss = 2.4614  
2025-02-26 23:18:14.634  trn/acc@01 = 0.3437  
2025-02-26 23:18:14.634  trn/acc@05 = 0.6883  
2025-02-26 23:18:14.634  trn/acc@10 = 0.8126  
2025-02-26 23:18:14.634  trn/acc@20 = 0.9039  
2025-02-26 23:18:14.634  
  
2025-02-26 23:18:14.794  
  
2025-02-26 23:18:14.794  [VAL_FINETUNE_DTVU_STEPS_1] epoch_42  
2025-02-26 23:18:14.794  =============================================  
2025-02-26 23:18:14.794  val_finetune_dtvu_steps_1/loss = 3.7928  
2025-02-26 23:18:14.794  val_finetune_dtvu_steps_1/acc@01 = 0.2500  
2025-02-26 23:18:14.794  val_finetune_dtvu_steps_1/acc@05 = 0.5375  
2025-02-26 23:18:14.794  val_finetune_dtvu_steps_1/acc@10 = 0.6625  
2025-02-26 23:18:14.794  val_finetune_dtvu_steps_1/acc@20 = 0.7250  
2025-02-26 23:18:14.794  
  
2025-02-26 23:18:14.933  
  
2025-02-26 23:18:14.934  [VAL_FINETUNE_DTVU_STEPS_3] epoch_42  
2025-02-26 23:18:14.934  =============================================  
2025-02-26 23:18:14.934  val_finetune_dtvu_steps_3/loss = 3.7513  
2025-02-26 23:18:14.934  val_finetune_dtvu_steps_3/acc@01 = 0.2792  
2025-02-26 23:18:14.934  val_finetune_dtvu_steps_3/acc@05 = 0.5625  
2025-02-26 23:18:14.934  val_finetune_dtvu_steps_3/acc@10 = 0.6917  
2025-02-26 23:18:14.934  val_finetune_dtvu_steps_3/acc@20 = 0.7625  
2025-02-26 23:18:14.934  
  
2025-02-26 23:18:16.301  
  
2025-02-26 23:18:16.303  [TRN] epoch_43  
2025-02-26 23:18:16.303  =============================================  
2025-02-26 23:18:16.303  trn/loss = 2.6011  
2025-02-26 23:18:16.304  trn/acc@01 = 0.3202  
2025-02-26 23:18:16.304  trn/acc@05 = 0.6734  
2025-02-26 23:18:16.304  trn/acc@10 = 0.7910  
2025-02-26 23:18:16.305  trn/acc@20 = 0.8894  
2025-02-26 23:18:16.305  
  
2025-02-26 23:18:16.484  
  
2025-02-26 23:18:16.484  [VAL_FINETUNE_DTVU_STEPS_1] epoch_43  
2025-02-26 23:18:16.484  =============================================  
2025-02-26 23:18:16.484  val_finetune_dtvu_steps_1/loss = 3.9014  
2025-02-26 23:18:16.484  val_finetune_dtvu_steps_1/acc@01 = 0.2375  
2025-02-26 23:18:16.484  val_finetune_dtvu_steps_1/acc@05 = 0.5125  
2025-02-26 23:18:16.484  val_finetune_dtvu_steps_1/acc@10 = 0.6250  
2025-02-26 23:18:16.484  val_finetune_dtvu_steps_1/acc@20 = 0.6875  
2025-02-26 23:18:16.484  
  
2025-02-26 23:18:16.619  
  
2025-02-26 23:18:16.619  [VAL_FINETUNE_DTVU_STEPS_3] epoch_43  
2025-02-26 23:18:16.619  =============================================  
2025-02-26 23:18:16.623  val_finetune_dtvu_steps_3/loss = 3.7634  
2025-02-26 23:18:16.623  val_finetune_dtvu_steps_3/acc@01 = 0.2542  
2025-02-26 23:18:16.623  val_finetune_dtvu_steps_3/acc@05 = 0.5792  
2025-02-26 23:18:16.623  val_finetune_dtvu_steps_3/acc@10 = 0.6500  
2025-02-26 23:18:16.623  val_finetune_dtvu_steps_3/acc@20 = 0.7375  
2025-02-26 23:18:16.623  
  
2025-02-26 23:18:18.024  
  
2025-02-26 23:18:18.024  [TRN] epoch_44  
2025-02-26 23:18:18.024  =============================================  
2025-02-26 23:18:18.024  trn/loss = 2.4241  
2025-02-26 23:18:18.024  trn/acc@01 = 0.3552  
2025-02-26 23:18:18.024  trn/acc@05 = 0.6991  
2025-02-26 23:18:18.024  trn/acc@10 = 0.8250  
2025-02-26 23:18:18.024  trn/acc@20 = 0.9198  
2025-02-26 23:18:18.024  
  
2025-02-26 23:18:18.174  
  
2025-02-26 23:18:18.174  [VAL_FINETUNE_DTVU_STEPS_1] epoch_44  
2025-02-26 23:18:18.174  =============================================  
2025-02-26 23:18:18.174  val_finetune_dtvu_steps_1/loss = 3.7659  
2025-02-26 23:18:18.174  val_finetune_dtvu_steps_1/acc@01 = 0.2625  
2025-02-26 23:18:18.174  val_finetune_dtvu_steps_1/acc@05 = 0.5125  
2025-02-26 23:18:18.174  val_finetune_dtvu_steps_1/acc@10 = 0.6375  
2025-02-26 23:18:18.174  val_finetune_dtvu_steps_1/acc@20 = 0.7125  
2025-02-26 23:18:18.174  
  
2025-02-26 23:18:18.339  
  
2025-02-26 23:18:18.339  [VAL_FINETUNE_DTVU_STEPS_3] epoch_44  
2025-02-26 23:18:18.339  =============================================  
2025-02-26 23:18:18.339  val_finetune_dtvu_steps_3/loss = 3.7124  
2025-02-26 23:18:18.339  val_finetune_dtvu_steps_3/acc@01 = 0.2667  
2025-02-26 23:18:18.339  val_finetune_dtvu_steps_3/acc@05 = 0.5792  
2025-02-26 23:18:18.339  val_finetune_dtvu_steps_3/acc@10 = 0.6833  
2025-02-26 23:18:18.339  val_finetune_dtvu_steps_3/acc@20 = 0.7542  
2025-02-26 23:18:18.339  
  
2025-02-26 23:18:19.855  
  
2025-02-26 23:18:19.855  [TRN] epoch_45  
2025-02-26 23:18:19.855  =============================================  
2025-02-26 23:18:19.855  trn/loss = 2.4265  
2025-02-26 23:18:19.863  trn/acc@01 = 0.3445  
2025-02-26 23:18:19.863  trn/acc@05 = 0.6920  
2025-02-26 23:18:19.863  trn/acc@10 = 0.8195  
2025-02-26 23:18:19.863  trn/acc@20 = 0.9185  
2025-02-26 23:18:19.863  
  
2025-02-26 23:18:20.015  
  
2025-02-26 23:18:20.015  [VAL_FINETUNE_DTVU_STEPS_1] epoch_45  
2025-02-26 23:18:20.015  =============================================  
2025-02-26 23:18:20.015  val_finetune_dtvu_steps_1/loss = 3.7856  
2025-02-26 23:18:20.015  val_finetune_dtvu_steps_1/acc@01 = 0.2375  
2025-02-26 23:18:20.015  val_finetune_dtvu_steps_1/acc@05 = 0.5625  
2025-02-26 23:18:20.015  val_finetune_dtvu_steps_1/acc@10 = 0.6125  
2025-02-26 23:18:20.015  val_finetune_dtvu_steps_1/acc@20 = 0.7500  
2025-02-26 23:18:20.015  
  
2025-02-26 23:18:20.153  
  
2025-02-26 23:18:20.154  [VAL_FINETUNE_DTVU_STEPS_3] epoch_45  
2025-02-26 23:18:20.154  =============================================  
2025-02-26 23:18:20.155  val_finetune_dtvu_steps_3/loss = 3.7850  
2025-02-26 23:18:20.155  val_finetune_dtvu_steps_3/acc@01 = 0.2708  
2025-02-26 23:18:20.155  val_finetune_dtvu_steps_3/acc@05 = 0.5583  
2025-02-26 23:18:20.155  val_finetune_dtvu_steps_3/acc@10 = 0.6542  
2025-02-26 23:18:20.155  val_finetune_dtvu_steps_3/acc@20 = 0.7458  
2025-02-26 23:18:20.155  
  
2025-02-26 23:18:21.378  
  
2025-02-26 23:18:21.378  [TRN] epoch_46  
2025-02-26 23:18:21.378  =============================================  
2025-02-26 23:18:21.383  trn/loss = 2.3939  
2025-02-26 23:18:21.383  trn/acc@01 = 0.3311  
2025-02-26 23:18:21.383  trn/acc@05 = 0.7077  
2025-02-26 23:18:21.383  trn/acc@10 = 0.8392  
2025-02-26 23:18:21.383  trn/acc@20 = 0.9324  
2025-02-26 23:18:21.384  
  
2025-02-26 23:18:21.505  
  
2025-02-26 23:18:21.505  [VAL_FINETUNE_DTVU_STEPS_1] epoch_46  
2025-02-26 23:18:21.505  =============================================  
2025-02-26 23:18:21.505  val_finetune_dtvu_steps_1/loss = 3.8271  
2025-02-26 23:18:21.505  val_finetune_dtvu_steps_1/acc@01 = 0.2750  
2025-02-26 23:18:21.505  val_finetune_dtvu_steps_1/acc@05 = 0.5875  
2025-02-26 23:18:21.505  val_finetune_dtvu_steps_1/acc@10 = 0.6500  
2025-02-26 23:18:21.505  val_finetune_dtvu_steps_1/acc@20 = 0.7125  
2025-02-26 23:18:21.505  
  
2025-02-26 23:18:21.624  
  
2025-02-26 23:18:21.624  [VAL_FINETUNE_DTVU_STEPS_3] epoch_46  
2025-02-26 23:18:21.624  =============================================  
2025-02-26 23:18:21.624  val_finetune_dtvu_steps_3/loss = 3.7734  
2025-02-26 23:18:21.624  val_finetune_dtvu_steps_3/acc@01 = 0.2417  
2025-02-26 23:18:21.624  val_finetune_dtvu_steps_3/acc@05 = 0.5958  
2025-02-26 23:18:21.624  val_finetune_dtvu_steps_3/acc@10 = 0.6792  
2025-02-26 23:18:21.624  val_finetune_dtvu_steps_3/acc@20 = 0.7500  
2025-02-26 23:18:21.624  
  
2025-02-26 23:18:22.915  
  
2025-02-26 23:18:22.915  [TRN] epoch_47  
2025-02-26 23:18:22.915  =============================================  
2025-02-26 23:18:22.915  trn/loss = 2.4266  
2025-02-26 23:18:22.915  trn/acc@01 = 0.3278  
2025-02-26 23:18:22.915  trn/acc@05 = 0.7080  
2025-02-26 23:18:22.915  trn/acc@10 = 0.8330  
2025-02-26 23:18:22.915  trn/acc@20 = 0.9217  
2025-02-26 23:18:22.915  
  
2025-02-26 23:18:23.074  
  
2025-02-26 23:18:23.074  [VAL_FINETUNE_DTVU_STEPS_1] epoch_47  
2025-02-26 23:18:23.074  =============================================  
2025-02-26 23:18:23.074  val_finetune_dtvu_steps_1/loss = 3.9754  
2025-02-26 23:18:23.074  val_finetune_dtvu_steps_1/acc@01 = 0.2125  
2025-02-26 23:18:23.074  val_finetune_dtvu_steps_1/acc@05 = 0.5500  
2025-02-26 23:18:23.074  val_finetune_dtvu_steps_1/acc@10 = 0.6500  
2025-02-26 23:18:23.074  val_finetune_dtvu_steps_1/acc@20 = 0.7250  
2025-02-26 23:18:23.074  
  
2025-02-26 23:18:23.233  
  
2025-02-26 23:18:23.233  [VAL_FINETUNE_DTVU_STEPS_3] epoch_47  
2025-02-26 23:18:23.233  =============================================  
2025-02-26 23:18:23.233  val_finetune_dtvu_steps_3/loss = 3.8857  
2025-02-26 23:18:23.233  val_finetune_dtvu_steps_3/acc@01 = 0.2375  
2025-02-26 23:18:23.233  val_finetune_dtvu_steps_3/acc@05 = 0.5625  
2025-02-26 23:18:23.234  val_finetune_dtvu_steps_3/acc@10 = 0.6583  
2025-02-26 23:18:23.234  val_finetune_dtvu_steps_3/acc@20 = 0.7292  
2025-02-26 23:18:23.234  
  
2025-02-26 23:18:24.629  
  
2025-02-26 23:18:24.629  [TRN] epoch_48  
2025-02-26 23:18:24.629  =============================================  
2025-02-26 23:18:24.631  trn/loss = 2.3317  
2025-02-26 23:18:24.633  trn/acc@01 = 0.3910  
2025-02-26 23:18:24.636  trn/acc@05 = 0.7220  
2025-02-26 23:18:24.636  trn/acc@10 = 0.8285  
2025-02-26 23:18:24.639  trn/acc@20 = 0.9135  
2025-02-26 23:18:24.642  
  
2025-02-26 23:18:24.859  
  
2025-02-26 23:18:24.859  [VAL_FINETUNE_DTVU_STEPS_1] epoch_48  
2025-02-26 23:18:24.859  =============================================  
2025-02-26 23:18:24.859  val_finetune_dtvu_steps_1/loss = 3.7776  
2025-02-26 23:18:24.859  val_finetune_dtvu_steps_1/acc@01 = 0.2250  
2025-02-26 23:18:24.859  val_finetune_dtvu_steps_1/acc@05 = 0.5875  
2025-02-26 23:18:24.859  val_finetune_dtvu_steps_1/acc@10 = 0.6625  
2025-02-26 23:18:24.859  val_finetune_dtvu_steps_1/acc@20 = 0.7500  
2025-02-26 23:18:24.859  
  
2025-02-26 23:18:24.998  
  
2025-02-26 23:18:24.998  [VAL_FINETUNE_DTVU_STEPS_3] epoch_48  
2025-02-26 23:18:24.998  =============================================  
2025-02-26 23:18:24.998  val_finetune_dtvu_steps_3/loss = 3.6447  
2025-02-26 23:18:24.998  val_finetune_dtvu_steps_3/acc@01 = 0.2625  
2025-02-26 23:18:24.998  val_finetune_dtvu_steps_3/acc@05 = 0.6083  
2025-02-26 23:18:24.998  val_finetune_dtvu_steps_3/acc@10 = 0.7125  
2025-02-26 23:18:24.998  val_finetune_dtvu_steps_3/acc@20 = 0.7542  
2025-02-26 23:18:24.998  
  
2025-02-26 23:18:26.244  
  
2025-02-26 23:18:26.244  [TRN] epoch_49  
2025-02-26 23:18:26.244  =============================================  
2025-02-26 23:18:26.244  trn/loss = 2.3003  
2025-02-26 23:18:26.244  trn/acc@01 = 0.3725  
2025-02-26 23:18:26.244  trn/acc@05 = 0.7275  
2025-02-26 23:18:26.245  trn/acc@10 = 0.8533  
2025-02-26 23:18:26.245  trn/acc@20 = 0.9374  
2025-02-26 23:18:26.245  
  
2025-02-26 23:18:26.375  
  
2025-02-26 23:18:26.375  [VAL_FINETUNE_DTVU_STEPS_1] epoch_49  
2025-02-26 23:18:26.375  =============================================  
2025-02-26 23:18:26.375  val_finetune_dtvu_steps_1/loss = 4.0573  
2025-02-26 23:18:26.375  val_finetune_dtvu_steps_1/acc@01 = 0.2000  
2025-02-26 23:18:26.375  val_finetune_dtvu_steps_1/acc@05 = 0.5250  
2025-02-26 23:18:26.375  val_finetune_dtvu_steps_1/acc@10 = 0.6000  
2025-02-26 23:18:26.375  val_finetune_dtvu_steps_1/acc@20 = 0.7000  
2025-02-26 23:18:26.375  
  
2025-02-26 23:18:26.510  
  
2025-02-26 23:18:26.510  [VAL_FINETUNE_DTVU_STEPS_3] epoch_49  
2025-02-26 23:18:26.510  =============================================  
2025-02-26 23:18:26.510  val_finetune_dtvu_steps_3/loss = 3.9448  
2025-02-26 23:18:26.510  val_finetune_dtvu_steps_3/acc@01 = 0.2333  
2025-02-26 23:18:26.510  val_finetune_dtvu_steps_3/acc@05 = 0.5500  
2025-02-26 23:18:26.510  val_finetune_dtvu_steps_3/acc@10 = 0.6292  
2025-02-26 23:18:26.510  val_finetune_dtvu_steps_3/acc@20 = 0.7167  
2025-02-26 23:18:26.510  
  
