2025-02-26 23:15:58.384  
  
2025-02-26 23:15:58.386  [TRN] epoch_00  
2025-02-26 23:15:58.386  =============================================  
2025-02-26 23:15:58.386  trn/loss = 5.3682  
2025-02-26 23:15:58.386  trn/acc@01 = 0.0806  
2025-02-26 23:15:58.386  trn/acc@05 = 0.2061  
2025-02-26 23:15:58.386  trn/acc@10 = 0.3122  
2025-02-26 23:15:58.386  trn/acc@20 = 0.4245  
2025-02-26 23:15:58.386  
  
2025-02-26 23:15:58.515  
  
2025-02-26 23:15:58.515  [VAL_FINETUNE_DTVU_STEPS_1] epoch_00  
2025-02-26 23:15:58.515  =============================================  
2025-02-26 23:15:58.515  val_finetune_dtvu_steps_1/loss = 4.7496  
2025-02-26 23:15:58.515  val_finetune_dtvu_steps_1/acc@01 = 0.1250  
2025-02-26 23:15:58.515  val_finetune_dtvu_steps_1/acc@05 = 0.3250  
2025-02-26 23:15:58.523  val_finetune_dtvu_steps_1/acc@10 = 0.4250  
2025-02-26 23:15:58.523  val_finetune_dtvu_steps_1/acc@20 = 0.5250  
2025-02-26 23:15:58.523  
  
2025-02-26 23:15:58.638  
  
2025-02-26 23:15:58.638  [VAL_FINETUNE_DTVU_STEPS_3] epoch_00  
2025-02-26 23:15:58.638  =============================================  
2025-02-26 23:15:58.638  val_finetune_dtvu_steps_3/loss = 4.6459  
2025-02-26 23:15:58.638  val_finetune_dtvu_steps_3/acc@01 = 0.1417  
2025-02-26 23:15:58.638  val_finetune_dtvu_steps_3/acc@05 = 0.3250  
2025-02-26 23:15:58.638  val_finetune_dtvu_steps_3/acc@10 = 0.4417  
2025-02-26 23:15:58.638  val_finetune_dtvu_steps_3/acc@20 = 0.5500  
2025-02-26 23:15:58.638  
  
2025-02-26 23:15:59.848  
  
2025-02-26 23:15:59.848  [TRN] epoch_01  
2025-02-26 23:15:59.848  =============================================  
2025-02-26 23:15:59.848  trn/loss = 4.4956  
2025-02-26 23:15:59.848  trn/acc@01 = 0.1053  
2025-02-26 23:15:59.853  trn/acc@05 = 0.3372  
2025-02-26 23:15:59.853  trn/acc@10 = 0.4915  
2025-02-26 23:15:59.854  trn/acc@20 = 0.5968  
2025-02-26 23:15:59.854  
  
2025-02-26 23:15:59.954  
  
2025-02-26 23:15:59.954  [VAL_FINETUNE_DTVU_STEPS_1] epoch_01  
2025-02-26 23:15:59.954  =============================================  
2025-02-26 23:15:59.954  val_finetune_dtvu_steps_1/loss = 4.4365  
2025-02-26 23:15:59.954  val_finetune_dtvu_steps_1/acc@01 = 0.1500  
2025-02-26 23:15:59.954  val_finetune_dtvu_steps_1/acc@05 = 0.4250  
2025-02-26 23:15:59.954  val_finetune_dtvu_steps_1/acc@10 = 0.5000  
2025-02-26 23:15:59.954  val_finetune_dtvu_steps_1/acc@20 = 0.6000  
2025-02-26 23:15:59.954  
  
2025-02-26 23:16:00.076  
  
2025-02-26 23:16:00.076  [VAL_FINETUNE_DTVU_STEPS_3] epoch_01  
2025-02-26 23:16:00.076  =============================================  
2025-02-26 23:16:00.076  val_finetune_dtvu_steps_3/loss = 4.2847  
2025-02-26 23:16:00.076  val_finetune_dtvu_steps_3/acc@01 = 0.1833  
2025-02-26 23:16:00.076  val_finetune_dtvu_steps_3/acc@05 = 0.4167  
2025-02-26 23:16:00.076  val_finetune_dtvu_steps_3/acc@10 = 0.5417  
2025-02-26 23:16:00.076  val_finetune_dtvu_steps_3/acc@20 = 0.6667  
2025-02-26 23:16:00.076  
  
2025-02-26 23:16:01.504  
  
2025-02-26 23:16:01.504  [TRN] epoch_02  
2025-02-26 23:16:01.504  =============================================  
2025-02-26 23:16:01.504  trn/loss = 4.0407  
2025-02-26 23:16:01.504  trn/acc@01 = 0.1877  
2025-02-26 23:16:01.513  trn/acc@05 = 0.4679  
2025-02-26 23:16:01.513  trn/acc@10 = 0.5896  
2025-02-26 23:16:01.513  trn/acc@20 = 0.6840  
2025-02-26 23:16:01.513  
  
2025-02-26 23:16:01.654  
  
2025-02-26 23:16:01.654  [VAL_FINETUNE_DTVU_STEPS_1] epoch_02  
2025-02-26 23:16:01.654  =============================================  
2025-02-26 23:16:01.654  val_finetune_dtvu_steps_1/loss = 4.1735  
2025-02-26 23:16:01.662  val_finetune_dtvu_steps_1/acc@01 = 0.1000  
2025-02-26 23:16:01.662  val_finetune_dtvu_steps_1/acc@05 = 0.4000  
2025-02-26 23:16:01.662  val_finetune_dtvu_steps_1/acc@10 = 0.6000  
2025-02-26 23:16:01.663  val_finetune_dtvu_steps_1/acc@20 = 0.6500  
2025-02-26 23:16:01.663  
  
2025-02-26 23:16:01.845  
  
2025-02-26 23:16:01.845  [VAL_FINETUNE_DTVU_STEPS_3] epoch_02  
2025-02-26 23:16:01.845  =============================================  
2025-02-26 23:16:01.845  val_finetune_dtvu_steps_3/loss = 4.1101  
2025-02-26 23:16:01.845  val_finetune_dtvu_steps_3/acc@01 = 0.1667  
2025-02-26 23:16:01.845  val_finetune_dtvu_steps_3/acc@05 = 0.4167  
2025-02-26 23:16:01.845  val_finetune_dtvu_steps_3/acc@10 = 0.5917  
2025-02-26 23:16:01.845  val_finetune_dtvu_steps_3/acc@20 = 0.6667  
2025-02-26 23:16:01.845  
  
2025-02-26 23:16:03.040  
  
2025-02-26 23:16:03.040  [TRN] epoch_03  
2025-02-26 23:16:03.043  =============================================  
2025-02-26 23:16:03.044  trn/loss = 3.8614  
2025-02-26 23:16:03.044  trn/acc@01 = 0.1969  
2025-02-26 23:16:03.044  trn/acc@05 = 0.4897  
2025-02-26 23:16:03.044  trn/acc@10 = 0.5990  
2025-02-26 23:16:03.044  trn/acc@20 = 0.6979  
2025-02-26 23:16:03.044  
  
2025-02-26 23:16:03.145  
  
2025-02-26 23:16:03.145  [VAL_FINETUNE_DTVU_STEPS_1] epoch_03  
2025-02-26 23:16:03.145  =============================================  
2025-02-26 23:16:03.145  val_finetune_dtvu_steps_1/loss = 4.0725  
2025-02-26 23:16:03.145  val_finetune_dtvu_steps_1/acc@01 = 0.1750  
2025-02-26 23:16:03.145  val_finetune_dtvu_steps_1/acc@05 = 0.4500  
2025-02-26 23:16:03.145  val_finetune_dtvu_steps_1/acc@10 = 0.5500  
2025-02-26 23:16:03.145  val_finetune_dtvu_steps_1/acc@20 = 0.6500  
2025-02-26 23:16:03.145  
  
2025-02-26 23:16:03.319  
  
2025-02-26 23:16:03.319  [VAL_FINETUNE_DTVU_STEPS_3] epoch_03  
2025-02-26 23:16:03.319  =============================================  
2025-02-26 23:16:03.319  val_finetune_dtvu_steps_3/loss = 4.0436  
2025-02-26 23:16:03.319  val_finetune_dtvu_steps_3/acc@01 = 0.2083  
2025-02-26 23:16:03.319  val_finetune_dtvu_steps_3/acc@05 = 0.4500  
2025-02-26 23:16:03.319  val_finetune_dtvu_steps_3/acc@10 = 0.5917  
2025-02-26 23:16:03.319  val_finetune_dtvu_steps_3/acc@20 = 0.6833  
2025-02-26 23:16:03.319  
  
2025-02-26 23:16:04.525  
  
2025-02-26 23:16:04.525  [TRN] epoch_04  
2025-02-26 23:16:04.525  =============================================  
2025-02-26 23:16:04.525  trn/loss = 3.5525  
2025-02-26 23:16:04.525  trn/acc@01 = 0.2178  
2025-02-26 23:16:04.533  trn/acc@05 = 0.5561  
2025-02-26 23:16:04.533  trn/acc@10 = 0.6523  
2025-02-26 23:16:04.533  trn/acc@20 = 0.7551  
2025-02-26 23:16:04.533  
  
2025-02-26 23:16:04.644  
  
2025-02-26 23:16:04.644  [VAL_FINETUNE_DTVU_STEPS_1] epoch_04  
2025-02-26 23:16:04.644  =============================================  
2025-02-26 23:16:04.644  val_finetune_dtvu_steps_1/loss = 4.0601  
2025-02-26 23:16:04.644  val_finetune_dtvu_steps_1/acc@01 = 0.1500  
2025-02-26 23:16:04.644  val_finetune_dtvu_steps_1/acc@05 = 0.5000  
2025-02-26 23:16:04.644  val_finetune_dtvu_steps_1/acc@10 = 0.6000  
2025-02-26 23:16:04.644  val_finetune_dtvu_steps_1/acc@20 = 0.6500  
2025-02-26 23:16:04.644  
  
2025-02-26 23:16:04.754  
  
2025-02-26 23:16:04.754  [VAL_FINETUNE_DTVU_STEPS_3] epoch_04  
2025-02-26 23:16:04.754  =============================================  
2025-02-26 23:16:04.754  val_finetune_dtvu_steps_3/loss = 3.9375  
2025-02-26 23:16:04.754  val_finetune_dtvu_steps_3/acc@01 = 0.2500  
2025-02-26 23:16:04.754  val_finetune_dtvu_steps_3/acc@05 = 0.5000  
2025-02-26 23:16:04.754  val_finetune_dtvu_steps_3/acc@10 = 0.5833  
2025-02-26 23:16:04.754  val_finetune_dtvu_steps_3/acc@20 = 0.6583  
2025-02-26 23:16:04.754  
  
2025-02-26 23:16:05.906  
  
2025-02-26 23:16:05.906  [TRN] epoch_05  
2025-02-26 23:16:05.906  =============================================  
2025-02-26 23:16:05.906  trn/loss = 3.2664  
2025-02-26 23:16:05.906  trn/acc@01 = 0.2913  
2025-02-26 23:16:05.906  trn/acc@05 = 0.6033  
2025-02-26 23:16:05.906  trn/acc@10 = 0.6967  
2025-02-26 23:16:05.906  trn/acc@20 = 0.7728  
2025-02-26 23:16:05.906  
  
2025-02-26 23:16:06.018  
  
2025-02-26 23:16:06.018  [VAL_FINETUNE_DTVU_STEPS_1] epoch_05  
2025-02-26 23:16:06.018  =============================================  
2025-02-26 23:16:06.018  val_finetune_dtvu_steps_1/loss = 3.9684  
2025-02-26 23:16:06.018  val_finetune_dtvu_steps_1/acc@01 = 0.2500  
2025-02-26 23:16:06.018  val_finetune_dtvu_steps_1/acc@05 = 0.5500  
2025-02-26 23:16:06.018  val_finetune_dtvu_steps_1/acc@10 = 0.6250  
2025-02-26 23:16:06.018  val_finetune_dtvu_steps_1/acc@20 = 0.6500  
2025-02-26 23:16:06.018  
  
2025-02-26 23:16:06.142  
  
2025-02-26 23:16:06.142  [VAL_FINETUNE_DTVU_STEPS_3] epoch_05  
2025-02-26 23:16:06.142  =============================================  
2025-02-26 23:16:06.142  val_finetune_dtvu_steps_3/loss = 3.7906  
2025-02-26 23:16:06.142  val_finetune_dtvu_steps_3/acc@01 = 0.2583  
2025-02-26 23:16:06.142  val_finetune_dtvu_steps_3/acc@05 = 0.5417  
2025-02-26 23:16:06.142  val_finetune_dtvu_steps_3/acc@10 = 0.6667  
2025-02-26 23:16:06.142  val_finetune_dtvu_steps_3/acc@20 = 0.6833  
2025-02-26 23:16:06.142  
  
2025-02-26 23:16:07.244  
  
2025-02-26 23:16:07.244  [TRN] epoch_06  
2025-02-26 23:16:07.244  =============================================  
2025-02-26 23:16:07.244  trn/loss = 3.2609  
2025-02-26 23:16:07.244  trn/acc@01 = 0.2443  
2025-02-26 23:16:07.253  trn/acc@05 = 0.5866  
2025-02-26 23:16:07.253  trn/acc@10 = 0.6938  
2025-02-26 23:16:07.253  trn/acc@20 = 0.7794  
2025-02-26 23:16:07.253  
  
2025-02-26 23:16:07.354  
  
2025-02-26 23:16:07.354  [VAL_FINETUNE_DTVU_STEPS_1] epoch_06  
2025-02-26 23:16:07.354  =============================================  
2025-02-26 23:16:07.354  val_finetune_dtvu_steps_1/loss = 3.7224  
2025-02-26 23:16:07.354  val_finetune_dtvu_steps_1/acc@01 = 0.2750  
2025-02-26 23:16:07.354  val_finetune_dtvu_steps_1/acc@05 = 0.5750  
2025-02-26 23:16:07.354  val_finetune_dtvu_steps_1/acc@10 = 0.6250  
2025-02-26 23:16:07.354  val_finetune_dtvu_steps_1/acc@20 = 0.6500  
2025-02-26 23:16:07.354  
  
2025-02-26 23:16:07.464  
  
2025-02-26 23:16:07.464  [VAL_FINETUNE_DTVU_STEPS_3] epoch_06  
2025-02-26 23:16:07.473  =============================================  
2025-02-26 23:16:07.473  val_finetune_dtvu_steps_3/loss = 3.5422  
2025-02-26 23:16:07.473  val_finetune_dtvu_steps_3/acc@01 = 0.2750  
2025-02-26 23:16:07.473  val_finetune_dtvu_steps_3/acc@05 = 0.5833  
2025-02-26 23:16:07.473  val_finetune_dtvu_steps_3/acc@10 = 0.6417  
2025-02-26 23:16:07.473  val_finetune_dtvu_steps_3/acc@20 = 0.7250  
2025-02-26 23:16:07.473  
  
2025-02-26 23:16:08.614  
  
2025-02-26 23:16:08.614  [TRN] epoch_07  
2025-02-26 23:16:08.614  =============================================  
2025-02-26 23:16:08.614  trn/loss = 3.2041  
2025-02-26 23:16:08.614  trn/acc@01 = 0.2723  
2025-02-26 23:16:08.614  trn/acc@05 = 0.6170  
2025-02-26 23:16:08.614  trn/acc@10 = 0.7045  
2025-02-26 23:16:08.614  trn/acc@20 = 0.7795  
2025-02-26 23:16:08.614  
  
2025-02-26 23:16:08.740  
  
2025-02-26 23:16:08.740  [VAL_FINETUNE_DTVU_STEPS_1] epoch_07  
2025-02-26 23:16:08.740  =============================================  
2025-02-26 23:16:08.740  val_finetune_dtvu_steps_1/loss = 3.6184  
2025-02-26 23:16:08.740  val_finetune_dtvu_steps_1/acc@01 = 0.2500  
2025-02-26 23:16:08.740  val_finetune_dtvu_steps_1/acc@05 = 0.5500  
2025-02-26 23:16:08.740  val_finetune_dtvu_steps_1/acc@10 = 0.6250  
2025-02-26 23:16:08.740  val_finetune_dtvu_steps_1/acc@20 = 0.6750  
2025-02-26 23:16:08.740  
  
2025-02-26 23:16:08.855  
  
2025-02-26 23:16:08.855  [VAL_FINETUNE_DTVU_STEPS_3] epoch_07  
2025-02-26 23:16:08.855  =============================================  
2025-02-26 23:16:08.855  val_finetune_dtvu_steps_3/loss = 3.4569  
2025-02-26 23:16:08.855  val_finetune_dtvu_steps_3/acc@01 = 0.3000  
2025-02-26 23:16:08.855  val_finetune_dtvu_steps_3/acc@05 = 0.5917  
2025-02-26 23:16:08.855  val_finetune_dtvu_steps_3/acc@10 = 0.6833  
2025-02-26 23:16:08.855  val_finetune_dtvu_steps_3/acc@20 = 0.7250  
2025-02-26 23:16:08.855  
  
2025-02-26 23:16:09.984  
  
2025-02-26 23:16:09.985  [TRN] epoch_08  
2025-02-26 23:16:09.985  =============================================  
2025-02-26 23:16:09.985  trn/loss = 2.9577  
2025-02-26 23:16:09.985  trn/acc@01 = 0.2748  
2025-02-26 23:16:09.985  trn/acc@05 = 0.6417  
2025-02-26 23:16:09.985  trn/acc@10 = 0.7398  
2025-02-26 23:16:09.985  trn/acc@20 = 0.8233  
2025-02-26 23:16:09.985  
  
2025-02-26 23:16:10.104  
  
2025-02-26 23:16:10.104  [VAL_FINETUNE_DTVU_STEPS_1] epoch_08  
2025-02-26 23:16:10.104  =============================================  
2025-02-26 23:16:10.104  val_finetune_dtvu_steps_1/loss = 3.6179  
2025-02-26 23:16:10.104  val_finetune_dtvu_steps_1/acc@01 = 0.2500  
2025-02-26 23:16:10.104  val_finetune_dtvu_steps_1/acc@05 = 0.5500  
2025-02-26 23:16:10.104  val_finetune_dtvu_steps_1/acc@10 = 0.6250  
2025-02-26 23:16:10.104  val_finetune_dtvu_steps_1/acc@20 = 0.7000  
2025-02-26 23:16:10.104  
  
2025-02-26 23:16:10.214  
  
2025-02-26 23:16:10.214  [VAL_FINETUNE_DTVU_STEPS_3] epoch_08  
2025-02-26 23:16:10.214  =============================================  
2025-02-26 23:16:10.214  val_finetune_dtvu_steps_3/loss = 3.4299  
2025-02-26 23:16:10.214  val_finetune_dtvu_steps_3/acc@01 = 0.3167  
2025-02-26 23:16:10.214  val_finetune_dtvu_steps_3/acc@05 = 0.5833  
2025-02-26 23:16:10.214  val_finetune_dtvu_steps_3/acc@10 = 0.6500  
2025-02-26 23:16:10.214  val_finetune_dtvu_steps_3/acc@20 = 0.7417  
2025-02-26 23:16:10.214  
  
2025-02-26 23:16:11.364  
  
2025-02-26 23:16:11.364  [TRN] epoch_09  
2025-02-26 23:16:11.364  =============================================  
2025-02-26 23:16:11.364  trn/loss = 2.8285  
2025-02-26 23:16:11.364  trn/acc@01 = 0.3000  
2025-02-26 23:16:11.364  trn/acc@05 = 0.6495  
2025-02-26 23:16:11.364  trn/acc@10 = 0.7570  
2025-02-26 23:16:11.364  trn/acc@20 = 0.8430  
2025-02-26 23:16:11.364  
  
2025-02-26 23:16:11.474  
  
2025-02-26 23:16:11.474  [VAL_FINETUNE_DTVU_STEPS_1] epoch_09  
2025-02-26 23:16:11.474  =============================================  
2025-02-26 23:16:11.474  val_finetune_dtvu_steps_1/loss = 3.5791  
2025-02-26 23:16:11.474  val_finetune_dtvu_steps_1/acc@01 = 0.2250  
2025-02-26 23:16:11.474  val_finetune_dtvu_steps_1/acc@05 = 0.5750  
2025-02-26 23:16:11.474  val_finetune_dtvu_steps_1/acc@10 = 0.6250  
2025-02-26 23:16:11.474  val_finetune_dtvu_steps_1/acc@20 = 0.7000  
2025-02-26 23:16:11.474  
  
2025-02-26 23:16:11.585  
  
2025-02-26 23:16:11.585  [VAL_FINETUNE_DTVU_STEPS_3] epoch_09  
2025-02-26 23:16:11.585  =============================================  
2025-02-26 23:16:11.585  val_finetune_dtvu_steps_3/loss = 3.3980  
2025-02-26 23:16:11.585  val_finetune_dtvu_steps_3/acc@01 = 0.2750  
2025-02-26 23:16:11.585  val_finetune_dtvu_steps_3/acc@05 = 0.6000  
2025-02-26 23:16:11.585  val_finetune_dtvu_steps_3/acc@10 = 0.6917  
2025-02-26 23:16:11.585  val_finetune_dtvu_steps_3/acc@20 = 0.7583  
2025-02-26 23:16:11.585  
  
2025-02-26 23:16:12.765  
  
2025-02-26 23:16:12.765  [TRN] epoch_10  
2025-02-26 23:16:12.765  =============================================  
2025-02-26 23:16:12.765  trn/loss = 2.8326  
2025-02-26 23:16:12.765  trn/acc@01 = 0.3000  
2025-02-26 23:16:12.765  trn/acc@05 = 0.6670  
2025-02-26 23:16:12.765  trn/acc@10 = 0.7774  
2025-02-26 23:16:12.765  trn/acc@20 = 0.8613  
2025-02-26 23:16:12.765  
  
2025-02-26 23:16:12.907  
  
2025-02-26 23:16:12.907  [VAL_FINETUNE_DTVU_STEPS_1] epoch_10  
2025-02-26 23:16:12.907  =============================================  
2025-02-26 23:16:12.907  val_finetune_dtvu_steps_1/loss = 3.4967  
2025-02-26 23:16:12.907  val_finetune_dtvu_steps_1/acc@01 = 0.2750  
2025-02-26 23:16:12.907  val_finetune_dtvu_steps_1/acc@05 = 0.5250  
2025-02-26 23:16:12.907  val_finetune_dtvu_steps_1/acc@10 = 0.6500  
2025-02-26 23:16:12.907  val_finetune_dtvu_steps_1/acc@20 = 0.7000  
2025-02-26 23:16:12.907  
  
2025-02-26 23:16:13.034  
  
2025-02-26 23:16:13.034  [VAL_FINETUNE_DTVU_STEPS_3] epoch_10  
2025-02-26 23:16:13.034  =============================================  
2025-02-26 23:16:13.034  val_finetune_dtvu_steps_3/loss = 3.3803  
2025-02-26 23:16:13.034  val_finetune_dtvu_steps_3/acc@01 = 0.2917  
2025-02-26 23:16:13.034  val_finetune_dtvu_steps_3/acc@05 = 0.5500  
2025-02-26 23:16:13.034  val_finetune_dtvu_steps_3/acc@10 = 0.7000  
2025-02-26 23:16:13.034  val_finetune_dtvu_steps_3/acc@20 = 0.7500  
2025-02-26 23:16:13.034  
  
2025-02-26 23:16:14.174  
  
2025-02-26 23:16:14.175  [TRN] epoch_11  
2025-02-26 23:16:14.175  =============================================  
2025-02-26 23:16:14.175  trn/loss = 2.8671  
2025-02-26 23:16:14.175  trn/acc@01 = 0.2798  
2025-02-26 23:16:14.175  trn/acc@05 = 0.6567  
2025-02-26 23:16:14.175  trn/acc@10 = 0.7394  
2025-02-26 23:16:14.175  trn/acc@20 = 0.8394  
2025-02-26 23:16:14.175  
  
2025-02-26 23:16:14.284  
  
2025-02-26 23:16:14.284  [VAL_FINETUNE_DTVU_STEPS_1] epoch_11  
2025-02-26 23:16:14.284  =============================================  
2025-02-26 23:16:14.284  val_finetune_dtvu_steps_1/loss = 3.5174  
2025-02-26 23:16:14.284  val_finetune_dtvu_steps_1/acc@01 = 0.2500  
2025-02-26 23:16:14.284  val_finetune_dtvu_steps_1/acc@05 = 0.5500  
2025-02-26 23:16:14.284  val_finetune_dtvu_steps_1/acc@10 = 0.5750  
2025-02-26 23:16:14.284  val_finetune_dtvu_steps_1/acc@20 = 0.7500  
2025-02-26 23:16:14.284  
  
2025-02-26 23:16:14.398  
  
2025-02-26 23:16:14.398  [VAL_FINETUNE_DTVU_STEPS_3] epoch_11  
2025-02-26 23:16:14.398  =============================================  
2025-02-26 23:16:14.398  val_finetune_dtvu_steps_3/loss = 3.4282  
2025-02-26 23:16:14.398  val_finetune_dtvu_steps_3/acc@01 = 0.2833  
2025-02-26 23:16:14.398  val_finetune_dtvu_steps_3/acc@05 = 0.5833  
2025-02-26 23:16:14.398  val_finetune_dtvu_steps_3/acc@10 = 0.6500  
2025-02-26 23:16:14.398  val_finetune_dtvu_steps_3/acc@20 = 0.7667  
2025-02-26 23:16:14.398  
  
2025-02-26 23:16:15.524  
  
2025-02-26 23:16:15.524  [TRN] epoch_12  
2025-02-26 23:16:15.524  =============================================  
2025-02-26 23:16:15.524  trn/loss = 2.7680  
2025-02-26 23:16:15.524  trn/acc@01 = 0.2989  
2025-02-26 23:16:15.524  trn/acc@05 = 0.6695  
2025-02-26 23:16:15.524  trn/acc@10 = 0.7863  
2025-02-26 23:16:15.524  trn/acc@20 = 0.8674  
2025-02-26 23:16:15.524  
  
2025-02-26 23:16:15.625  
  
2025-02-26 23:16:15.625  [VAL_FINETUNE_DTVU_STEPS_1] epoch_12  
2025-02-26 23:16:15.625  =============================================  
2025-02-26 23:16:15.625  val_finetune_dtvu_steps_1/loss = 3.4924  
2025-02-26 23:16:15.625  val_finetune_dtvu_steps_1/acc@01 = 0.2750  
2025-02-26 23:16:15.625  val_finetune_dtvu_steps_1/acc@05 = 0.5250  
2025-02-26 23:16:15.625  val_finetune_dtvu_steps_1/acc@10 = 0.6750  
2025-02-26 23:16:15.625  val_finetune_dtvu_steps_1/acc@20 = 0.7250  
2025-02-26 23:16:15.625  
  
2025-02-26 23:16:15.775  
  
2025-02-26 23:16:15.775  [VAL_FINETUNE_DTVU_STEPS_3] epoch_12  
2025-02-26 23:16:15.775  =============================================  
2025-02-26 23:16:15.775  val_finetune_dtvu_steps_3/loss = 3.3602  
2025-02-26 23:16:15.775  val_finetune_dtvu_steps_3/acc@01 = 0.2833  
2025-02-26 23:16:15.775  val_finetune_dtvu_steps_3/acc@05 = 0.5917  
2025-02-26 23:16:15.783  val_finetune_dtvu_steps_3/acc@10 = 0.6833  
2025-02-26 23:16:15.783  val_finetune_dtvu_steps_3/acc@20 = 0.7333  
2025-02-26 23:16:15.783  
  
2025-02-26 23:16:17.120  
  
2025-02-26 23:16:17.120  [TRN] epoch_13  
2025-02-26 23:16:17.120  =============================================  
2025-02-26 23:16:17.120  trn/loss = 2.7077  
2025-02-26 23:16:17.120  trn/acc@01 = 0.2830  
2025-02-26 23:16:17.120  trn/acc@05 = 0.6632  
2025-02-26 23:16:17.120  trn/acc@10 = 0.7840  
2025-02-26 23:16:17.120  trn/acc@20 = 0.8717  
2025-02-26 23:16:17.123  
  
2025-02-26 23:16:17.234  
  
2025-02-26 23:16:17.234  [VAL_FINETUNE_DTVU_STEPS_1] epoch_13  
2025-02-26 23:16:17.234  =============================================  
2025-02-26 23:16:17.234  val_finetune_dtvu_steps_1/loss = 3.4192  
2025-02-26 23:16:17.239  val_finetune_dtvu_steps_1/acc@01 = 0.3500  
2025-02-26 23:16:17.239  val_finetune_dtvu_steps_1/acc@05 = 0.5500  
2025-02-26 23:16:17.239  val_finetune_dtvu_steps_1/acc@10 = 0.6500  
2025-02-26 23:16:17.239  val_finetune_dtvu_steps_1/acc@20 = 0.7250  
2025-02-26 23:16:17.239  
  
2025-02-26 23:16:17.375  
  
2025-02-26 23:16:17.375  [VAL_FINETUNE_DTVU_STEPS_3] epoch_13  
2025-02-26 23:16:17.375  =============================================  
2025-02-26 23:16:17.375  val_finetune_dtvu_steps_3/loss = 3.2958  
2025-02-26 23:16:17.375  val_finetune_dtvu_steps_3/acc@01 = 0.3500  
2025-02-26 23:16:17.375  val_finetune_dtvu_steps_3/acc@05 = 0.6083  
2025-02-26 23:16:17.375  val_finetune_dtvu_steps_3/acc@10 = 0.7083  
2025-02-26 23:16:17.375  val_finetune_dtvu_steps_3/acc@20 = 0.7500  
2025-02-26 23:16:17.375  
  
2025-02-26 23:16:18.505  
  
2025-02-26 23:16:18.505  [TRN] epoch_14  
2025-02-26 23:16:18.505  =============================================  
2025-02-26 23:16:18.505  trn/loss = 2.7166  
2025-02-26 23:16:18.505  trn/acc@01 = 0.2979  
2025-02-26 23:16:18.505  trn/acc@05 = 0.6629  
2025-02-26 23:16:18.505  trn/acc@10 = 0.7835  
2025-02-26 23:16:18.505  trn/acc@20 = 0.8784  
2025-02-26 23:16:18.505  
  
2025-02-26 23:16:18.615  
  
2025-02-26 23:16:18.615  [VAL_FINETUNE_DTVU_STEPS_1] epoch_14  
2025-02-26 23:16:18.615  =============================================  
2025-02-26 23:16:18.615  val_finetune_dtvu_steps_1/loss = 3.5700  
2025-02-26 23:16:18.615  val_finetune_dtvu_steps_1/acc@01 = 0.2250  
2025-02-26 23:16:18.615  val_finetune_dtvu_steps_1/acc@05 = 0.5500  
2025-02-26 23:16:18.615  val_finetune_dtvu_steps_1/acc@10 = 0.6250  
2025-02-26 23:16:18.615  val_finetune_dtvu_steps_1/acc@20 = 0.7250  
2025-02-26 23:16:18.615  
  
2025-02-26 23:16:18.743  
  
2025-02-26 23:16:18.744  [VAL_FINETUNE_DTVU_STEPS_3] epoch_14  
2025-02-26 23:16:18.744  =============================================  
2025-02-26 23:16:18.744  val_finetune_dtvu_steps_3/loss = 3.4891  
2025-02-26 23:16:18.744  val_finetune_dtvu_steps_3/acc@01 = 0.2833  
2025-02-26 23:16:18.744  val_finetune_dtvu_steps_3/acc@05 = 0.5833  
2025-02-26 23:16:18.744  val_finetune_dtvu_steps_3/acc@10 = 0.6500  
2025-02-26 23:16:18.744  val_finetune_dtvu_steps_3/acc@20 = 0.7583  
2025-02-26 23:16:18.744  
  
2025-02-26 23:16:19.787  
  
2025-02-26 23:16:19.787  [TRN] epoch_15  
2025-02-26 23:16:19.788  =============================================  
2025-02-26 23:16:19.788  trn/loss = 2.6123  
2025-02-26 23:16:19.788  trn/acc@01 = 0.3293  
2025-02-26 23:16:19.788  trn/acc@05 = 0.6879  
2025-02-26 23:16:19.788  trn/acc@10 = 0.8101  
2025-02-26 23:16:19.788  trn/acc@20 = 0.8808  
2025-02-26 23:16:19.788  
  
2025-02-26 23:16:19.898  
  
2025-02-26 23:16:19.898  [VAL_FINETUNE_DTVU_STEPS_1] epoch_15  
2025-02-26 23:16:19.898  =============================================  
2025-02-26 23:16:19.898  val_finetune_dtvu_steps_1/loss = 3.4880  
2025-02-26 23:16:19.898  val_finetune_dtvu_steps_1/acc@01 = 0.2750  
2025-02-26 23:16:19.898  val_finetune_dtvu_steps_1/acc@05 = 0.5500  
2025-02-26 23:16:19.898  val_finetune_dtvu_steps_1/acc@10 = 0.6250  
2025-02-26 23:16:19.898  val_finetune_dtvu_steps_1/acc@20 = 0.7250  
2025-02-26 23:16:19.898  
  
2025-02-26 23:16:20.004  
  
2025-02-26 23:16:20.004  [VAL_FINETUNE_DTVU_STEPS_3] epoch_15  
2025-02-26 23:16:20.004  =============================================  
2025-02-26 23:16:20.004  val_finetune_dtvu_steps_3/loss = 3.4408  
2025-02-26 23:16:20.004  val_finetune_dtvu_steps_3/acc@01 = 0.3250  
2025-02-26 23:16:20.004  val_finetune_dtvu_steps_3/acc@05 = 0.5833  
2025-02-26 23:16:20.004  val_finetune_dtvu_steps_3/acc@10 = 0.6667  
2025-02-26 23:16:20.004  val_finetune_dtvu_steps_3/acc@20 = 0.7667  
2025-02-26 23:16:20.004  
  
2025-02-26 23:16:21.066  
  
2025-02-26 23:16:21.067  [TRN] epoch_16  
2025-02-26 23:16:21.067  =============================================  
2025-02-26 23:16:21.067  trn/loss = 2.7265  
2025-02-26 23:16:21.067  trn/acc@01 = 0.3232  
2025-02-26 23:16:21.067  trn/acc@05 = 0.6798  
2025-02-26 23:16:21.067  trn/acc@10 = 0.7808  
2025-02-26 23:16:21.067  trn/acc@20 = 0.8636  
2025-02-26 23:16:21.067  
  
2025-02-26 23:16:21.173  
  
2025-02-26 23:16:21.173  [VAL_FINETUNE_DTVU_STEPS_1] epoch_16  
2025-02-26 23:16:21.173  =============================================  
2025-02-26 23:16:21.173  val_finetune_dtvu_steps_1/loss = 3.5388  
2025-02-26 23:16:21.173  val_finetune_dtvu_steps_1/acc@01 = 0.2500  
2025-02-26 23:16:21.173  val_finetune_dtvu_steps_1/acc@05 = 0.5250  
2025-02-26 23:16:21.173  val_finetune_dtvu_steps_1/acc@10 = 0.5750  
2025-02-26 23:16:21.173  val_finetune_dtvu_steps_1/acc@20 = 0.7250  
2025-02-26 23:16:21.174  
  
2025-02-26 23:16:21.291  
  
2025-02-26 23:16:21.291  [VAL_FINETUNE_DTVU_STEPS_3] epoch_16  
2025-02-26 23:16:21.291  =============================================  
2025-02-26 23:16:21.291  val_finetune_dtvu_steps_3/loss = 3.4866  
2025-02-26 23:16:21.292  val_finetune_dtvu_steps_3/acc@01 = 0.2833  
2025-02-26 23:16:21.292  val_finetune_dtvu_steps_3/acc@05 = 0.5583  
2025-02-26 23:16:21.292  val_finetune_dtvu_steps_3/acc@10 = 0.6500  
2025-02-26 23:16:21.292  val_finetune_dtvu_steps_3/acc@20 = 0.7750  
2025-02-26 23:16:21.292  
  
2025-02-26 23:16:22.315  
  
2025-02-26 23:16:22.315  [TRN] epoch_17  
2025-02-26 23:16:22.315  =============================================  
2025-02-26 23:16:22.315  trn/loss = 2.6512  
2025-02-26 23:16:22.315  trn/acc@01 = 0.2963  
2025-02-26 23:16:22.315  trn/acc@05 = 0.6769  
2025-02-26 23:16:22.315  trn/acc@10 = 0.7852  
2025-02-26 23:16:22.315  trn/acc@20 = 0.8630  
2025-02-26 23:16:22.315  
  
2025-02-26 23:16:22.445  
  
2025-02-26 23:16:22.445  [VAL_FINETUNE_DTVU_STEPS_1] epoch_17  
2025-02-26 23:16:22.445  =============================================  
2025-02-26 23:16:22.445  val_finetune_dtvu_steps_1/loss = 3.5003  
2025-02-26 23:16:22.445  val_finetune_dtvu_steps_1/acc@01 = 0.2500  
2025-02-26 23:16:22.445  val_finetune_dtvu_steps_1/acc@05 = 0.5750  
2025-02-26 23:16:22.445  val_finetune_dtvu_steps_1/acc@10 = 0.6500  
2025-02-26 23:16:22.445  val_finetune_dtvu_steps_1/acc@20 = 0.7500  
2025-02-26 23:16:22.445  
  
2025-02-26 23:16:22.584  
  
2025-02-26 23:16:22.584  [VAL_FINETUNE_DTVU_STEPS_3] epoch_17  
2025-02-26 23:16:22.584  =============================================  
2025-02-26 23:16:22.584  val_finetune_dtvu_steps_3/loss = 3.4429  
2025-02-26 23:16:22.584  val_finetune_dtvu_steps_3/acc@01 = 0.2917  
2025-02-26 23:16:22.584  val_finetune_dtvu_steps_3/acc@05 = 0.6083  
2025-02-26 23:16:22.584  val_finetune_dtvu_steps_3/acc@10 = 0.6667  
2025-02-26 23:16:22.584  val_finetune_dtvu_steps_3/acc@20 = 0.7833  
2025-02-26 23:16:22.584  
  
2025-02-26 23:16:23.868  
  
2025-02-26 23:16:23.868  [TRN] epoch_18  
2025-02-26 23:16:23.868  =============================================  
2025-02-26 23:16:23.868  trn/loss = 2.5542  
2025-02-26 23:16:23.868  trn/acc@01 = 0.3187  
2025-02-26 23:16:23.868  trn/acc@05 = 0.6884  
2025-02-26 23:16:23.868  trn/acc@10 = 0.7920  
2025-02-26 23:16:23.868  trn/acc@20 = 0.8821  
2025-02-26 23:16:23.873  
  
2025-02-26 23:16:23.984  
  
2025-02-26 23:16:23.985  [VAL_FINETUNE_DTVU_STEPS_1] epoch_18  
2025-02-26 23:16:23.985  =============================================  
2025-02-26 23:16:23.985  val_finetune_dtvu_steps_1/loss = 3.4513  
2025-02-26 23:16:23.985  val_finetune_dtvu_steps_1/acc@01 = 0.2750  
2025-02-26 23:16:23.985  val_finetune_dtvu_steps_1/acc@05 = 0.5750  
2025-02-26 23:16:23.985  val_finetune_dtvu_steps_1/acc@10 = 0.6000  
2025-02-26 23:16:23.985  val_finetune_dtvu_steps_1/acc@20 = 0.7250  
2025-02-26 23:16:23.985  
  
2025-02-26 23:16:24.104  
  
2025-02-26 23:16:24.106  [VAL_FINETUNE_DTVU_STEPS_3] epoch_18  
2025-02-26 23:16:24.106  =============================================  
2025-02-26 23:16:24.106  val_finetune_dtvu_steps_3/loss = 3.4639  
2025-02-26 23:16:24.106  val_finetune_dtvu_steps_3/acc@01 = 0.3167  
2025-02-26 23:16:24.106  val_finetune_dtvu_steps_3/acc@05 = 0.5833  
2025-02-26 23:16:24.106  val_finetune_dtvu_steps_3/acc@10 = 0.6333  
2025-02-26 23:16:24.106  val_finetune_dtvu_steps_3/acc@20 = 0.7333  
2025-02-26 23:16:24.106  
  
2025-02-26 23:16:25.514  
  
2025-02-26 23:16:25.514  [TRN] epoch_19  
2025-02-26 23:16:25.514  =============================================  
2025-02-26 23:16:25.514  trn/loss = 2.6313  
2025-02-26 23:16:25.514  trn/acc@01 = 0.2912  
2025-02-26 23:16:25.514  trn/acc@05 = 0.6824  
2025-02-26 23:16:25.514  trn/acc@10 = 0.7863  
2025-02-26 23:16:25.514  trn/acc@20 = 0.8745  
2025-02-26 23:16:25.514  
  
2025-02-26 23:16:25.618  
  
2025-02-26 23:16:25.618  [VAL_FINETUNE_DTVU_STEPS_1] epoch_19  
2025-02-26 23:16:25.618  =============================================  
2025-02-26 23:16:25.618  val_finetune_dtvu_steps_1/loss = 3.4982  
2025-02-26 23:16:25.618  val_finetune_dtvu_steps_1/acc@01 = 0.1750  
2025-02-26 23:16:25.618  val_finetune_dtvu_steps_1/acc@05 = 0.6000  
2025-02-26 23:16:25.618  val_finetune_dtvu_steps_1/acc@10 = 0.6250  
2025-02-26 23:16:25.618  val_finetune_dtvu_steps_1/acc@20 = 0.7000  
2025-02-26 23:16:25.618  
  
2025-02-26 23:16:25.735  
  
2025-02-26 23:16:25.735  [VAL_FINETUNE_DTVU_STEPS_3] epoch_19  
2025-02-26 23:16:25.735  =============================================  
2025-02-26 23:16:25.735  val_finetune_dtvu_steps_3/loss = 3.3929  
2025-02-26 23:16:25.735  val_finetune_dtvu_steps_3/acc@01 = 0.2667  
2025-02-26 23:16:25.739  val_finetune_dtvu_steps_3/acc@05 = 0.6167  
2025-02-26 23:16:25.739  val_finetune_dtvu_steps_3/acc@10 = 0.6917  
2025-02-26 23:16:25.739  val_finetune_dtvu_steps_3/acc@20 = 0.7583  
2025-02-26 23:16:25.739  
  
2025-02-26 23:16:26.878  
  
2025-02-26 23:16:26.878  [TRN] epoch_20  
2025-02-26 23:16:26.878  =============================================  
2025-02-26 23:16:26.878  trn/loss = 2.5641  
2025-02-26 23:16:26.878  trn/acc@01 = 0.2796  
2025-02-26 23:16:26.878  trn/acc@05 = 0.6874  
2025-02-26 23:16:26.878  trn/acc@10 = 0.7990  
2025-02-26 23:16:26.883  trn/acc@20 = 0.8961  
2025-02-26 23:16:26.883  
  
2025-02-26 23:16:26.985  
  
2025-02-26 23:16:26.985  [VAL_FINETUNE_DTVU_STEPS_1] epoch_20  
2025-02-26 23:16:26.985  =============================================  
2025-02-26 23:16:26.985  val_finetune_dtvu_steps_1/loss = 3.3673  
2025-02-26 23:16:26.985  val_finetune_dtvu_steps_1/acc@01 = 0.3000  
2025-02-26 23:16:26.985  val_finetune_dtvu_steps_1/acc@05 = 0.5750  
2025-02-26 23:16:26.985  val_finetune_dtvu_steps_1/acc@10 = 0.6500  
2025-02-26 23:16:26.985  val_finetune_dtvu_steps_1/acc@20 = 0.7500  
2025-02-26 23:16:26.985  
  
2025-02-26 23:16:27.108  
  
2025-02-26 23:16:27.108  [VAL_FINETUNE_DTVU_STEPS_3] epoch_20  
2025-02-26 23:16:27.108  =============================================  
2025-02-26 23:16:27.108  val_finetune_dtvu_steps_3/loss = 3.3351  
2025-02-26 23:16:27.108  val_finetune_dtvu_steps_3/acc@01 = 0.3333  
2025-02-26 23:16:27.108  val_finetune_dtvu_steps_3/acc@05 = 0.6083  
2025-02-26 23:16:27.108  val_finetune_dtvu_steps_3/acc@10 = 0.7083  
2025-02-26 23:16:27.108  val_finetune_dtvu_steps_3/acc@20 = 0.7917  
2025-02-26 23:16:27.113  
  
2025-02-26 23:16:28.330  
  
2025-02-26 23:16:28.333  [TRN] epoch_21  
2025-02-26 23:16:28.333  =============================================  
2025-02-26 23:16:28.333  trn/loss = 2.6061  
2025-02-26 23:16:28.333  trn/acc@01 = 0.2908  
2025-02-26 23:16:28.333  trn/acc@05 = 0.6853  
2025-02-26 23:16:28.333  trn/acc@10 = 0.7936  
2025-02-26 23:16:28.334  trn/acc@20 = 0.8872  
2025-02-26 23:16:28.334  
  
2025-02-26 23:16:28.456  
  
2025-02-26 23:16:28.456  [VAL_FINETUNE_DTVU_STEPS_1] epoch_21  
2025-02-26 23:16:28.456  =============================================  
2025-02-26 23:16:28.456  val_finetune_dtvu_steps_1/loss = 3.4085  
2025-02-26 23:16:28.456  val_finetune_dtvu_steps_1/acc@01 = 0.2250  
2025-02-26 23:16:28.456  val_finetune_dtvu_steps_1/acc@05 = 0.6000  
2025-02-26 23:16:28.456  val_finetune_dtvu_steps_1/acc@10 = 0.7000  
2025-02-26 23:16:28.456  val_finetune_dtvu_steps_1/acc@20 = 0.7750  
2025-02-26 23:16:28.456  
  
2025-02-26 23:16:28.608  
  
2025-02-26 23:16:28.608  [VAL_FINETUNE_DTVU_STEPS_3] epoch_21  
2025-02-26 23:16:28.608  =============================================  
2025-02-26 23:16:28.608  val_finetune_dtvu_steps_3/loss = 3.3714  
2025-02-26 23:16:28.608  val_finetune_dtvu_steps_3/acc@01 = 0.2833  
2025-02-26 23:16:28.608  val_finetune_dtvu_steps_3/acc@05 = 0.6250  
2025-02-26 23:16:28.608  val_finetune_dtvu_steps_3/acc@10 = 0.7167  
2025-02-26 23:16:28.608  val_finetune_dtvu_steps_3/acc@20 = 0.7917  
2025-02-26 23:16:28.608  
  
2025-02-26 23:16:29.734  
  
2025-02-26 23:16:29.734  [TRN] epoch_22  
2025-02-26 23:16:29.734  =============================================  
2025-02-26 23:16:29.734  trn/loss = 2.7247  
2025-02-26 23:16:29.734  trn/acc@01 = 0.2857  
2025-02-26 23:16:29.734  trn/acc@05 = 0.6531  
2025-02-26 23:16:29.734  trn/acc@10 = 0.7827  
2025-02-26 23:16:29.734  trn/acc@20 = 0.8796  
2025-02-26 23:16:29.734  
  
2025-02-26 23:16:29.866  
  
2025-02-26 23:16:29.866  [VAL_FINETUNE_DTVU_STEPS_1] epoch_22  
2025-02-26 23:16:29.866  =============================================  
2025-02-26 23:16:29.866  val_finetune_dtvu_steps_1/loss = 3.5177  
2025-02-26 23:16:29.866  val_finetune_dtvu_steps_1/acc@01 = 0.2500  
2025-02-26 23:16:29.866  val_finetune_dtvu_steps_1/acc@05 = 0.5750  
2025-02-26 23:16:29.866  val_finetune_dtvu_steps_1/acc@10 = 0.6500  
2025-02-26 23:16:29.866  val_finetune_dtvu_steps_1/acc@20 = 0.7000  
2025-02-26 23:16:29.866  
  
2025-02-26 23:16:30.025  
  
2025-02-26 23:16:30.025  [VAL_FINETUNE_DTVU_STEPS_3] epoch_22  
2025-02-26 23:16:30.025  =============================================  
2025-02-26 23:16:30.025  val_finetune_dtvu_steps_3/loss = 3.4027  
2025-02-26 23:16:30.025  val_finetune_dtvu_steps_3/acc@01 = 0.3083  
2025-02-26 23:16:30.025  val_finetune_dtvu_steps_3/acc@05 = 0.6000  
2025-02-26 23:16:30.025  val_finetune_dtvu_steps_3/acc@10 = 0.7167  
2025-02-26 23:16:30.025  val_finetune_dtvu_steps_3/acc@20 = 0.7500  
2025-02-26 23:16:30.025  
  
2025-02-26 23:16:31.137  
  
2025-02-26 23:16:31.137  [TRN] epoch_23  
2025-02-26 23:16:31.139  =============================================  
2025-02-26 23:16:31.139  trn/loss = 2.7803  
2025-02-26 23:16:31.141  trn/acc@01 = 0.2689  
2025-02-26 23:16:31.143  trn/acc@05 = 0.6233  
2025-02-26 23:16:31.143  trn/acc@10 = 0.7489  
2025-02-26 23:16:31.144  trn/acc@20 = 0.8556  
2025-02-26 23:16:31.145  
  
2025-02-26 23:16:31.347  
  
2025-02-26 23:16:31.347  [VAL_FINETUNE_DTVU_STEPS_1] epoch_23  
2025-02-26 23:16:31.347  =============================================  
2025-02-26 23:16:31.347  val_finetune_dtvu_steps_1/loss = 3.3555  
2025-02-26 23:16:31.347  val_finetune_dtvu_steps_1/acc@01 = 0.2750  
2025-02-26 23:16:31.347  val_finetune_dtvu_steps_1/acc@05 = 0.6000  
2025-02-26 23:16:31.347  val_finetune_dtvu_steps_1/acc@10 = 0.6750  
2025-02-26 23:16:31.347  val_finetune_dtvu_steps_1/acc@20 = 0.7250  
2025-02-26 23:16:31.347  
  
2025-02-26 23:16:31.465  
  
2025-02-26 23:16:31.465  [VAL_FINETUNE_DTVU_STEPS_3] epoch_23  
2025-02-26 23:16:31.465  =============================================  
2025-02-26 23:16:31.465  val_finetune_dtvu_steps_3/loss = 3.3159  
2025-02-26 23:16:31.465  val_finetune_dtvu_steps_3/acc@01 = 0.3250  
2025-02-26 23:16:31.465  val_finetune_dtvu_steps_3/acc@05 = 0.6500  
2025-02-26 23:16:31.465  val_finetune_dtvu_steps_3/acc@10 = 0.7167  
2025-02-26 23:16:31.465  val_finetune_dtvu_steps_3/acc@20 = 0.7667  
2025-02-26 23:16:31.465  
  
2025-02-26 23:16:32.694  
  
2025-02-26 23:16:32.694  [TRN] epoch_24  
2025-02-26 23:16:32.694  =============================================  
2025-02-26 23:16:32.694  trn/loss = 2.5753  
2025-02-26 23:16:32.694  trn/acc@01 = 0.3206  
2025-02-26 23:16:32.703  trn/acc@05 = 0.6845  
2025-02-26 23:16:32.703  trn/acc@10 = 0.7938  
2025-02-26 23:16:32.703  trn/acc@20 = 0.8856  
2025-02-26 23:16:32.703  
  
2025-02-26 23:16:32.824  
  
2025-02-26 23:16:32.824  [VAL_FINETUNE_DTVU_STEPS_1] epoch_24  
2025-02-26 23:16:32.824  =============================================  
2025-02-26 23:16:32.824  val_finetune_dtvu_steps_1/loss = 3.4510  
2025-02-26 23:16:32.824  val_finetune_dtvu_steps_1/acc@01 = 0.2500  
2025-02-26 23:16:32.824  val_finetune_dtvu_steps_1/acc@05 = 0.5750  
2025-02-26 23:16:32.824  val_finetune_dtvu_steps_1/acc@10 = 0.7000  
2025-02-26 23:16:32.824  val_finetune_dtvu_steps_1/acc@20 = 0.7500  
2025-02-26 23:16:32.824  
  
2025-02-26 23:16:32.965  
  
2025-02-26 23:16:32.965  [VAL_FINETUNE_DTVU_STEPS_3] epoch_24  
2025-02-26 23:16:32.965  =============================================  
2025-02-26 23:16:32.965  val_finetune_dtvu_steps_3/loss = 3.4260  
2025-02-26 23:16:32.965  val_finetune_dtvu_steps_3/acc@01 = 0.2833  
2025-02-26 23:16:32.965  val_finetune_dtvu_steps_3/acc@05 = 0.6000  
2025-02-26 23:16:32.965  val_finetune_dtvu_steps_3/acc@10 = 0.7167  
2025-02-26 23:16:32.965  val_finetune_dtvu_steps_3/acc@20 = 0.7667  
2025-02-26 23:16:32.965  
  
2025-02-26 23:16:34.194  
  
2025-02-26 23:16:34.194  [TRN] epoch_25  
2025-02-26 23:16:34.194  =============================================  
2025-02-26 23:16:34.194  trn/loss = 2.6424  
2025-02-26 23:16:34.194  trn/acc@01 = 0.2991  
2025-02-26 23:16:34.196  trn/acc@05 = 0.6804  
2025-02-26 23:16:34.196  trn/acc@10 = 0.7879  
2025-02-26 23:16:34.196  trn/acc@20 = 0.8804  
2025-02-26 23:16:34.196  
  
2025-02-26 23:16:34.368  
  
2025-02-26 23:16:34.371  [VAL_FINETUNE_DTVU_STEPS_1] epoch_25  
2025-02-26 23:16:34.371  =============================================  
2025-02-26 23:16:34.371  val_finetune_dtvu_steps_1/loss = 3.3874  
2025-02-26 23:16:34.371  val_finetune_dtvu_steps_1/acc@01 = 0.2750  
2025-02-26 23:16:34.371  val_finetune_dtvu_steps_1/acc@05 = 0.6000  
2025-02-26 23:16:34.371  val_finetune_dtvu_steps_1/acc@10 = 0.7000  
2025-02-26 23:16:34.371  val_finetune_dtvu_steps_1/acc@20 = 0.7750  
2025-02-26 23:16:34.371  
  
2025-02-26 23:16:34.498  
  
2025-02-26 23:16:34.498  [VAL_FINETUNE_DTVU_STEPS_3] epoch_25  
2025-02-26 23:16:34.498  =============================================  
2025-02-26 23:16:34.498  val_finetune_dtvu_steps_3/loss = 3.2906  
2025-02-26 23:16:34.498  val_finetune_dtvu_steps_3/acc@01 = 0.2667  
2025-02-26 23:16:34.498  val_finetune_dtvu_steps_3/acc@05 = 0.6333  
2025-02-26 23:16:34.498  val_finetune_dtvu_steps_3/acc@10 = 0.7000  
2025-02-26 23:16:34.498  val_finetune_dtvu_steps_3/acc@20 = 0.7750  
2025-02-26 23:16:34.498  
  
2025-02-26 23:16:35.646  
  
2025-02-26 23:16:35.646  [TRN] epoch_26  
2025-02-26 23:16:35.646  =============================================  
2025-02-26 23:16:35.646  trn/loss = 2.4603  
2025-02-26 23:16:35.646  trn/acc@01 = 0.3451  
2025-02-26 23:16:35.646  trn/acc@05 = 0.7132  
2025-02-26 23:16:35.646  trn/acc@10 = 0.8187  
2025-02-26 23:16:35.646  trn/acc@20 = 0.9044  
2025-02-26 23:16:35.646  
  
2025-02-26 23:16:35.757  
  
2025-02-26 23:16:35.757  [VAL_FINETUNE_DTVU_STEPS_1] epoch_26  
2025-02-26 23:16:35.757  =============================================  
2025-02-26 23:16:35.757  val_finetune_dtvu_steps_1/loss = 3.6461  
2025-02-26 23:16:35.757  val_finetune_dtvu_steps_1/acc@01 = 0.1500  
2025-02-26 23:16:35.757  val_finetune_dtvu_steps_1/acc@05 = 0.5750  
2025-02-26 23:16:35.757  val_finetune_dtvu_steps_1/acc@10 = 0.6750  
2025-02-26 23:16:35.757  val_finetune_dtvu_steps_1/acc@20 = 0.8000  
2025-02-26 23:16:35.757  
  
2025-02-26 23:16:35.894  
  
2025-02-26 23:16:35.894  [VAL_FINETUNE_DTVU_STEPS_3] epoch_26  
2025-02-26 23:16:35.894  =============================================  
2025-02-26 23:16:35.894  val_finetune_dtvu_steps_3/loss = 3.5403  
2025-02-26 23:16:35.894  val_finetune_dtvu_steps_3/acc@01 = 0.2000  
2025-02-26 23:16:35.894  val_finetune_dtvu_steps_3/acc@05 = 0.6167  
2025-02-26 23:16:35.894  val_finetune_dtvu_steps_3/acc@10 = 0.6917  
2025-02-26 23:16:35.897  val_finetune_dtvu_steps_3/acc@20 = 0.8000  
2025-02-26 23:16:35.897  
  
2025-02-26 23:16:36.993  
  
2025-02-26 23:16:36.993  [TRN] epoch_27  
2025-02-26 23:16:36.993  =============================================  
2025-02-26 23:16:36.993  trn/loss = 2.6166  
2025-02-26 23:16:36.994  trn/acc@01 = 0.2921  
2025-02-26 23:16:36.994  trn/acc@05 = 0.6792  
2025-02-26 23:16:36.994  trn/acc@10 = 0.7861  
2025-02-26 23:16:36.994  trn/acc@20 = 0.8881  
2025-02-26 23:16:36.994  
  
2025-02-26 23:16:37.093  
  
2025-02-26 23:16:37.094  [VAL_FINETUNE_DTVU_STEPS_1] epoch_27  
2025-02-26 23:16:37.094  =============================================  
2025-02-26 23:16:37.094  val_finetune_dtvu_steps_1/loss = 3.4761  
2025-02-26 23:16:37.094  val_finetune_dtvu_steps_1/acc@01 = 0.2500  
2025-02-26 23:16:37.094  val_finetune_dtvu_steps_1/acc@05 = 0.5500  
2025-02-26 23:16:37.094  val_finetune_dtvu_steps_1/acc@10 = 0.6500  
2025-02-26 23:16:37.094  val_finetune_dtvu_steps_1/acc@20 = 0.7250  
2025-02-26 23:16:37.094  
  
2025-02-26 23:16:37.204  
  
2025-02-26 23:16:37.204  [VAL_FINETUNE_DTVU_STEPS_3] epoch_27  
2025-02-26 23:16:37.204  =============================================  
2025-02-26 23:16:37.204  val_finetune_dtvu_steps_3/loss = 3.4462  
2025-02-26 23:16:37.204  val_finetune_dtvu_steps_3/acc@01 = 0.3083  
2025-02-26 23:16:37.204  val_finetune_dtvu_steps_3/acc@05 = 0.6000  
2025-02-26 23:16:37.204  val_finetune_dtvu_steps_3/acc@10 = 0.6917  
2025-02-26 23:16:37.204  val_finetune_dtvu_steps_3/acc@20 = 0.7583  
2025-02-26 23:16:37.204  
  
2025-02-26 23:16:38.433  
  
2025-02-26 23:16:38.433  [TRN] epoch_28  
2025-02-26 23:16:38.433  =============================================  
2025-02-26 23:16:38.434  trn/loss = 2.5561  
2025-02-26 23:16:38.434  trn/acc@01 = 0.3228  
2025-02-26 23:16:38.435  trn/acc@05 = 0.6752  
2025-02-26 23:16:38.435  trn/acc@10 = 0.7812  
2025-02-26 23:16:38.435  trn/acc@20 = 0.8911  
2025-02-26 23:16:38.435  
  
2025-02-26 23:16:38.567  
  
2025-02-26 23:16:38.567  [VAL_FINETUNE_DTVU_STEPS_1] epoch_28  
2025-02-26 23:16:38.567  =============================================  
2025-02-26 23:16:38.568  val_finetune_dtvu_steps_1/loss = 3.4593  
2025-02-26 23:16:38.568  val_finetune_dtvu_steps_1/acc@01 = 0.2750  
2025-02-26 23:16:38.568  val_finetune_dtvu_steps_1/acc@05 = 0.6250  
2025-02-26 23:16:38.568  val_finetune_dtvu_steps_1/acc@10 = 0.7000  
2025-02-26 23:16:38.568  val_finetune_dtvu_steps_1/acc@20 = 0.7500  
2025-02-26 23:16:38.568  
  
2025-02-26 23:16:38.734  
  
2025-02-26 23:16:38.734  [VAL_FINETUNE_DTVU_STEPS_3] epoch_28  
2025-02-26 23:16:38.736  =============================================  
2025-02-26 23:16:38.736  val_finetune_dtvu_steps_3/loss = 3.3494  
2025-02-26 23:16:38.736  val_finetune_dtvu_steps_3/acc@01 = 0.3000  
2025-02-26 23:16:38.736  val_finetune_dtvu_steps_3/acc@05 = 0.6417  
2025-02-26 23:16:38.736  val_finetune_dtvu_steps_3/acc@10 = 0.7167  
2025-02-26 23:16:38.736  val_finetune_dtvu_steps_3/acc@20 = 0.7583  
2025-02-26 23:16:38.736  
  
2025-02-26 23:16:40.205  
  
2025-02-26 23:16:40.205  [TRN] epoch_29  
2025-02-26 23:16:40.205  =============================================  
2025-02-26 23:16:40.205  trn/loss = 2.5985  
2025-02-26 23:16:40.205  trn/acc@01 = 0.2894  
2025-02-26 23:16:40.205  trn/acc@05 = 0.6817  
2025-02-26 23:16:40.205  trn/acc@10 = 0.7865  
2025-02-26 23:16:40.205  trn/acc@20 = 0.8779  
2025-02-26 23:16:40.205  
  
2025-02-26 23:16:40.325  
  
2025-02-26 23:16:40.325  [VAL_FINETUNE_DTVU_STEPS_1] epoch_29  
2025-02-26 23:16:40.325  =============================================  
2025-02-26 23:16:40.325  val_finetune_dtvu_steps_1/loss = 3.4971  
2025-02-26 23:16:40.325  val_finetune_dtvu_steps_1/acc@01 = 0.2750  
2025-02-26 23:16:40.325  val_finetune_dtvu_steps_1/acc@05 = 0.6500  
2025-02-26 23:16:40.325  val_finetune_dtvu_steps_1/acc@10 = 0.6750  
2025-02-26 23:16:40.325  val_finetune_dtvu_steps_1/acc@20 = 0.7250  
2025-02-26 23:16:40.325  
  
2025-02-26 23:16:40.444  
  
2025-02-26 23:16:40.444  [VAL_FINETUNE_DTVU_STEPS_3] epoch_29  
2025-02-26 23:16:40.444  =============================================  
2025-02-26 23:16:40.444  val_finetune_dtvu_steps_3/loss = 3.3549  
2025-02-26 23:16:40.444  val_finetune_dtvu_steps_3/acc@01 = 0.3167  
2025-02-26 23:16:40.444  val_finetune_dtvu_steps_3/acc@05 = 0.6333  
2025-02-26 23:16:40.444  val_finetune_dtvu_steps_3/acc@10 = 0.7083  
2025-02-26 23:16:40.444  val_finetune_dtvu_steps_3/acc@20 = 0.7500  
2025-02-26 23:16:40.444  
  
2025-02-26 23:16:41.625  
  
2025-02-26 23:16:41.625  [TRN] epoch_30  
2025-02-26 23:16:41.625  =============================================  
2025-02-26 23:16:41.625  trn/loss = 2.6296  
2025-02-26 23:16:41.625  trn/acc@01 = 0.2873  
2025-02-26 23:16:41.625  trn/acc@05 = 0.6608  
2025-02-26 23:16:41.625  trn/acc@10 = 0.7922  
2025-02-26 23:16:41.625  trn/acc@20 = 0.8980  
2025-02-26 23:16:41.625  
  
2025-02-26 23:16:41.744  
  
2025-02-26 23:16:41.744  [VAL_FINETUNE_DTVU_STEPS_1] epoch_30  
2025-02-26 23:16:41.744  =============================================  
2025-02-26 23:16:41.744  val_finetune_dtvu_steps_1/loss = 3.5101  
2025-02-26 23:16:41.744  val_finetune_dtvu_steps_1/acc@01 = 0.2500  
2025-02-26 23:16:41.744  val_finetune_dtvu_steps_1/acc@05 = 0.5500  
2025-02-26 23:16:41.744  val_finetune_dtvu_steps_1/acc@10 = 0.6250  
2025-02-26 23:16:41.744  val_finetune_dtvu_steps_1/acc@20 = 0.7250  
2025-02-26 23:16:41.744  
  
2025-02-26 23:16:41.888  
  
2025-02-26 23:16:41.888  [VAL_FINETUNE_DTVU_STEPS_3] epoch_30  
2025-02-26 23:16:41.888  =============================================  
2025-02-26 23:16:41.888  val_finetune_dtvu_steps_3/loss = 3.3578  
2025-02-26 23:16:41.888  val_finetune_dtvu_steps_3/acc@01 = 0.3000  
2025-02-26 23:16:41.888  val_finetune_dtvu_steps_3/acc@05 = 0.6167  
2025-02-26 23:16:41.888  val_finetune_dtvu_steps_3/acc@10 = 0.7000  
2025-02-26 23:16:41.888  val_finetune_dtvu_steps_3/acc@20 = 0.7583  
2025-02-26 23:16:41.888  
  
2025-02-26 23:16:43.094  
  
2025-02-26 23:16:43.094  [TRN] epoch_31  
2025-02-26 23:16:43.094  =============================================  
2025-02-26 23:16:43.095  trn/loss = 2.5065  
2025-02-26 23:16:43.095  trn/acc@01 = 0.3340  
2025-02-26 23:16:43.095  trn/acc@05 = 0.7050  
2025-02-26 23:16:43.095  trn/acc@10 = 0.7970  
2025-02-26 23:16:43.095  trn/acc@20 = 0.8840  
2025-02-26 23:16:43.095  
  
2025-02-26 23:16:43.214  
  
2025-02-26 23:16:43.219  [VAL_FINETUNE_DTVU_STEPS_1] epoch_31  
2025-02-26 23:16:43.219  =============================================  
2025-02-26 23:16:43.219  val_finetune_dtvu_steps_1/loss = 3.5453  
2025-02-26 23:16:43.219  val_finetune_dtvu_steps_1/acc@01 = 0.2250  
2025-02-26 23:16:43.219  val_finetune_dtvu_steps_1/acc@05 = 0.6000  
2025-02-26 23:16:43.219  val_finetune_dtvu_steps_1/acc@10 = 0.7000  
2025-02-26 23:16:43.219  val_finetune_dtvu_steps_1/acc@20 = 0.7250  
2025-02-26 23:16:43.219  
  
2025-02-26 23:16:43.378  
  
2025-02-26 23:16:43.378  [VAL_FINETUNE_DTVU_STEPS_3] epoch_31  
2025-02-26 23:16:43.378  =============================================  
2025-02-26 23:16:43.378  val_finetune_dtvu_steps_3/loss = 3.4287  
2025-02-26 23:16:43.378  val_finetune_dtvu_steps_3/acc@01 = 0.2750  
2025-02-26 23:16:43.378  val_finetune_dtvu_steps_3/acc@05 = 0.6250  
2025-02-26 23:16:43.378  val_finetune_dtvu_steps_3/acc@10 = 0.7000  
2025-02-26 23:16:43.378  val_finetune_dtvu_steps_3/acc@20 = 0.7667  
2025-02-26 23:16:43.378  
  
2025-02-26 23:16:44.525  
  
2025-02-26 23:16:44.525  [TRN] epoch_32  
2025-02-26 23:16:44.525  =============================================  
2025-02-26 23:16:44.525  trn/loss = 2.5186  
2025-02-26 23:16:44.525  trn/acc@01 = 0.3175  
2025-02-26 23:16:44.525  trn/acc@05 = 0.6971  
2025-02-26 23:16:44.525  trn/acc@10 = 0.8165  
2025-02-26 23:16:44.525  trn/acc@20 = 0.9136  
2025-02-26 23:16:44.525  
  
2025-02-26 23:16:44.644  
  
2025-02-26 23:16:44.644  [VAL_FINETUNE_DTVU_STEPS_1] epoch_32  
2025-02-26 23:16:44.644  =============================================  
2025-02-26 23:16:44.644  val_finetune_dtvu_steps_1/loss = 3.4692  
2025-02-26 23:16:44.644  val_finetune_dtvu_steps_1/acc@01 = 0.3750  
2025-02-26 23:16:44.644  val_finetune_dtvu_steps_1/acc@05 = 0.6500  
2025-02-26 23:16:44.644  val_finetune_dtvu_steps_1/acc@10 = 0.6750  
2025-02-26 23:16:44.644  val_finetune_dtvu_steps_1/acc@20 = 0.7750  
2025-02-26 23:16:44.644  
  
2025-02-26 23:16:44.765  
  
2025-02-26 23:16:44.765  [VAL_FINETUNE_DTVU_STEPS_3] epoch_32  
2025-02-26 23:16:44.765  =============================================  
2025-02-26 23:16:44.765  val_finetune_dtvu_steps_3/loss = 3.3855  
2025-02-26 23:16:44.765  val_finetune_dtvu_steps_3/acc@01 = 0.3333  
2025-02-26 23:16:44.765  val_finetune_dtvu_steps_3/acc@05 = 0.6500  
2025-02-26 23:16:44.765  val_finetune_dtvu_steps_3/acc@10 = 0.6833  
2025-02-26 23:16:44.765  val_finetune_dtvu_steps_3/acc@20 = 0.7750  
2025-02-26 23:16:44.770  
  
2025-02-26 23:16:45.789  
  
2025-02-26 23:16:45.789  [TRN] epoch_33  
2025-02-26 23:16:45.789  =============================================  
2025-02-26 23:16:45.789  trn/loss = 2.3475  
2025-02-26 23:16:45.789  trn/acc@01 = 0.3500  
2025-02-26 23:16:45.789  trn/acc@05 = 0.7314  
2025-02-26 23:16:45.789  trn/acc@10 = 0.8461  
2025-02-26 23:16:45.789  trn/acc@20 = 0.9284  
2025-02-26 23:16:45.789  
  
2025-02-26 23:16:45.904  
  
2025-02-26 23:16:45.904  [VAL_FINETUNE_DTVU_STEPS_1] epoch_33  
2025-02-26 23:16:45.904  =============================================  
2025-02-26 23:16:45.904  val_finetune_dtvu_steps_1/loss = 3.4205  
2025-02-26 23:16:45.904  val_finetune_dtvu_steps_1/acc@01 = 0.3250  
2025-02-26 23:16:45.904  val_finetune_dtvu_steps_1/acc@05 = 0.6500  
2025-02-26 23:16:45.904  val_finetune_dtvu_steps_1/acc@10 = 0.6750  
2025-02-26 23:16:45.904  val_finetune_dtvu_steps_1/acc@20 = 0.7500  
2025-02-26 23:16:45.904  
  
2025-02-26 23:16:46.034  
  
2025-02-26 23:16:46.034  [VAL_FINETUNE_DTVU_STEPS_3] epoch_33  
2025-02-26 23:16:46.034  =============================================  
2025-02-26 23:16:46.034  val_finetune_dtvu_steps_3/loss = 3.3788  
2025-02-26 23:16:46.034  val_finetune_dtvu_steps_3/acc@01 = 0.3250  
2025-02-26 23:16:46.034  val_finetune_dtvu_steps_3/acc@05 = 0.6250  
2025-02-26 23:16:46.034  val_finetune_dtvu_steps_3/acc@10 = 0.7083  
2025-02-26 23:16:46.043  val_finetune_dtvu_steps_3/acc@20 = 0.7667  
2025-02-26 23:16:46.043  
  
2025-02-26 23:16:47.073  
  
2025-02-26 23:16:47.073  [TRN] epoch_34  
2025-02-26 23:16:47.073  =============================================  
2025-02-26 23:16:47.074  trn/loss = 2.3437  
2025-02-26 23:16:47.074  trn/acc@01 = 0.3297  
2025-02-26 23:16:47.074  trn/acc@05 = 0.7366  
2025-02-26 23:16:47.074  trn/acc@10 = 0.8475  
2025-02-26 23:16:47.074  trn/acc@20 = 0.9356  
2025-02-26 23:16:47.074  
  
2025-02-26 23:16:47.173  
  
2025-02-26 23:16:47.174  [VAL_FINETUNE_DTVU_STEPS_1] epoch_34  
2025-02-26 23:16:47.174  =============================================  
2025-02-26 23:16:47.174  val_finetune_dtvu_steps_1/loss = 3.4133  
2025-02-26 23:16:47.174  val_finetune_dtvu_steps_1/acc@01 = 0.3500  
2025-02-26 23:16:47.174  val_finetune_dtvu_steps_1/acc@05 = 0.6250  
2025-02-26 23:16:47.174  val_finetune_dtvu_steps_1/acc@10 = 0.6750  
2025-02-26 23:16:47.174  val_finetune_dtvu_steps_1/acc@20 = 0.7500  
2025-02-26 23:16:47.174  
  
2025-02-26 23:16:47.279  
  
2025-02-26 23:16:47.279  [VAL_FINETUNE_DTVU_STEPS_3] epoch_34  
2025-02-26 23:16:47.279  =============================================  
2025-02-26 23:16:47.279  val_finetune_dtvu_steps_3/loss = 3.3233  
2025-02-26 23:16:47.279  val_finetune_dtvu_steps_3/acc@01 = 0.3417  
2025-02-26 23:16:47.279  val_finetune_dtvu_steps_3/acc@05 = 0.6250  
2025-02-26 23:16:47.279  val_finetune_dtvu_steps_3/acc@10 = 0.6917  
2025-02-26 23:16:47.279  val_finetune_dtvu_steps_3/acc@20 = 0.7667  
2025-02-26 23:16:47.279  
  
2025-02-26 23:16:48.260  
  
2025-02-26 23:16:48.260  [TRN] epoch_35  
2025-02-26 23:16:48.260  =============================================  
2025-02-26 23:16:48.260  trn/loss = 2.3606  
2025-02-26 23:16:48.260  trn/acc@01 = 0.3182  
2025-02-26 23:16:48.260  trn/acc@05 = 0.7141  
2025-02-26 23:16:48.260  trn/acc@10 = 0.8162  
2025-02-26 23:16:48.260  trn/acc@20 = 0.9152  
2025-02-26 23:16:48.260  
  
2025-02-26 23:16:48.365  
  
2025-02-26 23:16:48.365  [VAL_FINETUNE_DTVU_STEPS_1] epoch_35  
2025-02-26 23:16:48.365  =============================================  
2025-02-26 23:16:48.365  val_finetune_dtvu_steps_1/loss = 3.5993  
2025-02-26 23:16:48.365  val_finetune_dtvu_steps_1/acc@01 = 0.2750  
2025-02-26 23:16:48.365  val_finetune_dtvu_steps_1/acc@05 = 0.6000  
2025-02-26 23:16:48.365  val_finetune_dtvu_steps_1/acc@10 = 0.6500  
2025-02-26 23:16:48.365  val_finetune_dtvu_steps_1/acc@20 = 0.7500  
2025-02-26 23:16:48.365  
  
2025-02-26 23:16:48.479  
  
2025-02-26 23:16:48.479  [VAL_FINETUNE_DTVU_STEPS_3] epoch_35  
2025-02-26 23:16:48.479  =============================================  
2025-02-26 23:16:48.479  val_finetune_dtvu_steps_3/loss = 3.4424  
2025-02-26 23:16:48.479  val_finetune_dtvu_steps_3/acc@01 = 0.3083  
2025-02-26 23:16:48.479  val_finetune_dtvu_steps_3/acc@05 = 0.6333  
2025-02-26 23:16:48.479  val_finetune_dtvu_steps_3/acc@10 = 0.6917  
2025-02-26 23:16:48.479  val_finetune_dtvu_steps_3/acc@20 = 0.7750  
2025-02-26 23:16:48.479  
  
2025-02-26 23:16:49.471  
  
2025-02-26 23:16:49.471  [TRN] epoch_36  
2025-02-26 23:16:49.471  =============================================  
2025-02-26 23:16:49.472  trn/loss = 2.3345  
2025-02-26 23:16:49.472  trn/acc@01 = 0.3294  
2025-02-26 23:16:49.473  trn/acc@05 = 0.7294  
2025-02-26 23:16:49.473  trn/acc@10 = 0.8402  
2025-02-26 23:16:49.473  trn/acc@20 = 0.9333  
2025-02-26 23:16:49.473  
  
2025-02-26 23:16:49.597  
  
2025-02-26 23:16:49.598  [VAL_FINETUNE_DTVU_STEPS_1] epoch_36  
2025-02-26 23:16:49.598  =============================================  
2025-02-26 23:16:49.598  val_finetune_dtvu_steps_1/loss = 3.6354  
2025-02-26 23:16:49.598  val_finetune_dtvu_steps_1/acc@01 = 0.2250  
2025-02-26 23:16:49.598  val_finetune_dtvu_steps_1/acc@05 = 0.5500  
2025-02-26 23:16:49.598  val_finetune_dtvu_steps_1/acc@10 = 0.6250  
2025-02-26 23:16:49.598  val_finetune_dtvu_steps_1/acc@20 = 0.7000  
2025-02-26 23:16:49.598  
  
2025-02-26 23:16:49.788  
  
2025-02-26 23:16:49.788  [VAL_FINETUNE_DTVU_STEPS_3] epoch_36  
2025-02-26 23:16:49.788  =============================================  
2025-02-26 23:16:49.788  val_finetune_dtvu_steps_3/loss = 3.5582  
2025-02-26 23:16:49.788  val_finetune_dtvu_steps_3/acc@01 = 0.2750  
2025-02-26 23:16:49.789  val_finetune_dtvu_steps_3/acc@05 = 0.5917  
2025-02-26 23:16:49.789  val_finetune_dtvu_steps_3/acc@10 = 0.6750  
2025-02-26 23:16:49.789  val_finetune_dtvu_steps_3/acc@20 = 0.7417  
2025-02-26 23:16:49.789  
  
2025-02-26 23:16:50.936  
  
2025-02-26 23:16:50.936  [TRN] epoch_37  
2025-02-26 23:16:50.936  =============================================  
2025-02-26 23:16:50.936  trn/loss = 2.4673  
2025-02-26 23:16:50.936  trn/acc@01 = 0.2981  
2025-02-26 23:16:50.936  trn/acc@05 = 0.6942  
2025-02-26 23:16:50.936  trn/acc@10 = 0.8078  
2025-02-26 23:16:50.936  trn/acc@20 = 0.9126  
2025-02-26 23:16:50.936  
  
2025-02-26 23:16:51.079  
  
2025-02-26 23:16:51.080  [VAL_FINETUNE_DTVU_STEPS_1] epoch_37  
2025-02-26 23:16:51.080  =============================================  
2025-02-26 23:16:51.080  val_finetune_dtvu_steps_1/loss = 3.5005  
2025-02-26 23:16:51.080  val_finetune_dtvu_steps_1/acc@01 = 0.3500  
2025-02-26 23:16:51.080  val_finetune_dtvu_steps_1/acc@05 = 0.6000  
2025-02-26 23:16:51.080  val_finetune_dtvu_steps_1/acc@10 = 0.6250  
2025-02-26 23:16:51.080  val_finetune_dtvu_steps_1/acc@20 = 0.7000  
2025-02-26 23:16:51.081  
  
2025-02-26 23:16:51.246  
  
2025-02-26 23:16:51.247  [VAL_FINETUNE_DTVU_STEPS_3] epoch_37  
2025-02-26 23:16:51.247  =============================================  
2025-02-26 23:16:51.247  val_finetune_dtvu_steps_3/loss = 3.4486  
2025-02-26 23:16:51.247  val_finetune_dtvu_steps_3/acc@01 = 0.3167  
2025-02-26 23:16:51.247  val_finetune_dtvu_steps_3/acc@05 = 0.6083  
2025-02-26 23:16:51.247  val_finetune_dtvu_steps_3/acc@10 = 0.6833  
2025-02-26 23:16:51.247  val_finetune_dtvu_steps_3/acc@20 = 0.7333  
2025-02-26 23:16:51.247  
  
2025-02-26 23:16:52.465  
  
2025-02-26 23:16:52.465  [TRN] epoch_38  
2025-02-26 23:16:52.465  =============================================  
2025-02-26 23:16:52.473  trn/loss = 2.4491  
2025-02-26 23:16:52.473  trn/acc@01 = 0.3157  
2025-02-26 23:16:52.473  trn/acc@05 = 0.6983  
2025-02-26 23:16:52.473  trn/acc@10 = 0.8122  
2025-02-26 23:16:52.473  trn/acc@20 = 0.9061  
2025-02-26 23:16:52.473  
  
2025-02-26 23:16:52.581  
  
2025-02-26 23:16:52.581  [VAL_FINETUNE_DTVU_STEPS_1] epoch_38  
2025-02-26 23:16:52.581  =============================================  
2025-02-26 23:16:52.581  val_finetune_dtvu_steps_1/loss = 3.4975  
2025-02-26 23:16:52.581  val_finetune_dtvu_steps_1/acc@01 = 0.3000  
2025-02-26 23:16:52.581  val_finetune_dtvu_steps_1/acc@05 = 0.6000  
2025-02-26 23:16:52.581  val_finetune_dtvu_steps_1/acc@10 = 0.6500  
2025-02-26 23:16:52.581  val_finetune_dtvu_steps_1/acc@20 = 0.7500  
2025-02-26 23:16:52.581  
  
2025-02-26 23:16:52.684  
  
2025-02-26 23:16:52.684  [VAL_FINETUNE_DTVU_STEPS_3] epoch_38  
2025-02-26 23:16:52.684  =============================================  
2025-02-26 23:16:52.684  val_finetune_dtvu_steps_3/loss = 3.3988  
2025-02-26 23:16:52.684  val_finetune_dtvu_steps_3/acc@01 = 0.3250  
2025-02-26 23:16:52.684  val_finetune_dtvu_steps_3/acc@05 = 0.6500  
2025-02-26 23:16:52.684  val_finetune_dtvu_steps_3/acc@10 = 0.7083  
2025-02-26 23:16:52.684  val_finetune_dtvu_steps_3/acc@20 = 0.7833  
2025-02-26 23:16:52.684  
  
2025-02-26 23:16:53.875  
  
2025-02-26 23:16:53.875  [TRN] epoch_39  
2025-02-26 23:16:53.875  =============================================  
2025-02-26 23:16:53.875  trn/loss = 2.3966  
2025-02-26 23:16:53.875  trn/acc@01 = 0.3171  
2025-02-26 23:16:53.875  trn/acc@05 = 0.7267  
2025-02-26 23:16:53.875  trn/acc@10 = 0.8276  
2025-02-26 23:16:53.875  trn/acc@20 = 0.9210  
2025-02-26 23:16:53.875  
  
2025-02-26 23:16:54.027  
  
2025-02-26 23:16:54.027  [VAL_FINETUNE_DTVU_STEPS_1] epoch_39  
2025-02-26 23:16:54.027  =============================================  
2025-02-26 23:16:54.027  val_finetune_dtvu_steps_1/loss = 3.4537  
2025-02-26 23:16:54.027  val_finetune_dtvu_steps_1/acc@01 = 0.2250  
2025-02-26 23:16:54.027  val_finetune_dtvu_steps_1/acc@05 = 0.6250  
2025-02-26 23:16:54.027  val_finetune_dtvu_steps_1/acc@10 = 0.7000  
2025-02-26 23:16:54.027  val_finetune_dtvu_steps_1/acc@20 = 0.7250  
2025-02-26 23:16:54.027  
  
2025-02-26 23:16:54.195  
  
2025-02-26 23:16:54.203  [VAL_FINETUNE_DTVU_STEPS_3] epoch_39  
2025-02-26 23:16:54.203  =============================================  
2025-02-26 23:16:54.203  val_finetune_dtvu_steps_3/loss = 3.3817  
2025-02-26 23:16:54.203  val_finetune_dtvu_steps_3/acc@01 = 0.2667  
2025-02-26 23:16:54.203  val_finetune_dtvu_steps_3/acc@05 = 0.6333  
2025-02-26 23:16:54.204  val_finetune_dtvu_steps_3/acc@10 = 0.7167  
2025-02-26 23:16:54.204  val_finetune_dtvu_steps_3/acc@20 = 0.7667  
2025-02-26 23:16:54.204  
  
2025-02-26 23:16:55.344  
  
2025-02-26 23:16:55.345  [TRN] epoch_40  
2025-02-26 23:16:55.345  =============================================  
2025-02-26 23:16:55.345  trn/loss = 2.4380  
2025-02-26 23:16:55.345  trn/acc@01 = 0.3324  
2025-02-26 23:16:55.345  trn/acc@05 = 0.6991  
2025-02-26 23:16:55.345  trn/acc@10 = 0.8222  
2025-02-26 23:16:55.345  trn/acc@20 = 0.9176  
2025-02-26 23:16:55.345  
  
2025-02-26 23:16:55.475  
  
2025-02-26 23:16:55.475  [VAL_FINETUNE_DTVU_STEPS_1] epoch_40  
2025-02-26 23:16:55.475  =============================================  
2025-02-26 23:16:55.475  val_finetune_dtvu_steps_1/loss = 3.5248  
2025-02-26 23:16:55.475  val_finetune_dtvu_steps_1/acc@01 = 0.3000  
2025-02-26 23:16:55.475  val_finetune_dtvu_steps_1/acc@05 = 0.6500  
2025-02-26 23:16:55.475  val_finetune_dtvu_steps_1/acc@10 = 0.6750  
2025-02-26 23:16:55.475  val_finetune_dtvu_steps_1/acc@20 = 0.7250  
2025-02-26 23:16:55.475  
  
2025-02-26 23:16:55.594  
  
2025-02-26 23:16:55.594  [VAL_FINETUNE_DTVU_STEPS_3] epoch_40  
2025-02-26 23:16:55.594  =============================================  
2025-02-26 23:16:55.594  val_finetune_dtvu_steps_3/loss = 3.4240  
2025-02-26 23:16:55.594  val_finetune_dtvu_steps_3/acc@01 = 0.3083  
2025-02-26 23:16:55.594  val_finetune_dtvu_steps_3/acc@05 = 0.6500  
2025-02-26 23:16:55.594  val_finetune_dtvu_steps_3/acc@10 = 0.7083  
2025-02-26 23:16:55.594  val_finetune_dtvu_steps_3/acc@20 = 0.7500  
2025-02-26 23:16:55.594  
  
2025-02-26 23:16:56.725  
  
2025-02-26 23:16:56.725  [TRN] epoch_41  
2025-02-26 23:16:56.725  =============================================  
2025-02-26 23:16:56.725  trn/loss = 2.3210  
2025-02-26 23:16:56.725  trn/acc@01 = 0.3643  
2025-02-26 23:16:56.725  trn/acc@05 = 0.7232  
2025-02-26 23:16:56.725  trn/acc@10 = 0.8286  
2025-02-26 23:16:56.725  trn/acc@20 = 0.9125  
2025-02-26 23:16:56.725  
  
2025-02-26 23:16:56.851  
  
2025-02-26 23:16:56.851  [VAL_FINETUNE_DTVU_STEPS_1] epoch_41  
2025-02-26 23:16:56.851  =============================================  
2025-02-26 23:16:56.851  val_finetune_dtvu_steps_1/loss = 3.5721  
2025-02-26 23:16:56.851  val_finetune_dtvu_steps_1/acc@01 = 0.2250  
2025-02-26 23:16:56.852  val_finetune_dtvu_steps_1/acc@05 = 0.6500  
2025-02-26 23:16:56.853  val_finetune_dtvu_steps_1/acc@10 = 0.6750  
2025-02-26 23:16:56.853  val_finetune_dtvu_steps_1/acc@20 = 0.7000  
2025-02-26 23:16:56.853  
  
2025-02-26 23:16:57.044  
  
2025-02-26 23:16:57.044  [VAL_FINETUNE_DTVU_STEPS_3] epoch_41  
2025-02-26 23:16:57.044  =============================================  
2025-02-26 23:16:57.046  val_finetune_dtvu_steps_3/loss = 3.4815  
2025-02-26 23:16:57.046  val_finetune_dtvu_steps_3/acc@01 = 0.3083  
2025-02-26 23:16:57.046  val_finetune_dtvu_steps_3/acc@05 = 0.6417  
2025-02-26 23:16:57.046  val_finetune_dtvu_steps_3/acc@10 = 0.6833  
2025-02-26 23:16:57.046  val_finetune_dtvu_steps_3/acc@20 = 0.7583  
2025-02-26 23:16:57.046  
  
2025-02-26 23:16:58.333  
  
2025-02-26 23:16:58.334  [TRN] epoch_42  
2025-02-26 23:16:58.334  =============================================  
2025-02-26 23:16:58.334  trn/loss = 2.3659  
2025-02-26 23:16:58.334  trn/acc@01 = 0.3563  
2025-02-26 23:16:58.334  trn/acc@05 = 0.7058  
2025-02-26 23:16:58.334  trn/acc@10 = 0.8126  
2025-02-26 23:16:58.334  trn/acc@20 = 0.9126  
2025-02-26 23:16:58.334  
  
2025-02-26 23:16:58.474  
  
2025-02-26 23:16:58.474  [VAL_FINETUNE_DTVU_STEPS_1] epoch_42  
2025-02-26 23:16:58.474  =============================================  
2025-02-26 23:16:58.474  val_finetune_dtvu_steps_1/loss = 3.5286  
2025-02-26 23:16:58.474  val_finetune_dtvu_steps_1/acc@01 = 0.3000  
2025-02-26 23:16:58.474  val_finetune_dtvu_steps_1/acc@05 = 0.5750  
2025-02-26 23:16:58.474  val_finetune_dtvu_steps_1/acc@10 = 0.6750  
2025-02-26 23:16:58.474  val_finetune_dtvu_steps_1/acc@20 = 0.7250  
2025-02-26 23:16:58.474  
  
2025-02-26 23:16:58.664  
  
2025-02-26 23:16:58.664  [VAL_FINETUNE_DTVU_STEPS_3] epoch_42  
2025-02-26 23:16:58.664  =============================================  
2025-02-26 23:16:58.664  val_finetune_dtvu_steps_3/loss = 3.4007  
2025-02-26 23:16:58.664  val_finetune_dtvu_steps_3/acc@01 = 0.3083  
2025-02-26 23:16:58.664  val_finetune_dtvu_steps_3/acc@05 = 0.6333  
2025-02-26 23:16:58.664  val_finetune_dtvu_steps_3/acc@10 = 0.7167  
2025-02-26 23:16:58.664  val_finetune_dtvu_steps_3/acc@20 = 0.7833  
2025-02-26 23:16:58.664  
  
2025-02-26 23:16:59.758  
  
2025-02-26 23:16:59.760  [TRN] epoch_43  
2025-02-26 23:16:59.760  =============================================  
2025-02-26 23:16:59.762  trn/loss = 2.4137  
2025-02-26 23:16:59.762  trn/acc@01 = 0.3383  
2025-02-26 23:16:59.764  trn/acc@05 = 0.7138  
2025-02-26 23:16:59.767  trn/acc@10 = 0.8330  
2025-02-26 23:16:59.769  trn/acc@20 = 0.9223  
2025-02-26 23:16:59.771  
  
2025-02-26 23:16:59.944  
  
2025-02-26 23:16:59.944  [VAL_FINETUNE_DTVU_STEPS_1] epoch_43  
2025-02-26 23:16:59.944  =============================================  
2025-02-26 23:16:59.944  val_finetune_dtvu_steps_1/loss = 3.5705  
2025-02-26 23:16:59.944  val_finetune_dtvu_steps_1/acc@01 = 0.3250  
2025-02-26 23:16:59.944  val_finetune_dtvu_steps_1/acc@05 = 0.6500  
2025-02-26 23:16:59.944  val_finetune_dtvu_steps_1/acc@10 = 0.6750  
2025-02-26 23:16:59.944  val_finetune_dtvu_steps_1/acc@20 = 0.7250  
2025-02-26 23:16:59.944  
  
2025-02-26 23:17:00.126  
  
2025-02-26 23:17:00.126  [VAL_FINETUNE_DTVU_STEPS_3] epoch_43  
2025-02-26 23:17:00.126  =============================================  
2025-02-26 23:17:00.126  val_finetune_dtvu_steps_3/loss = 3.4133  
2025-02-26 23:17:00.133  val_finetune_dtvu_steps_3/acc@01 = 0.3250  
2025-02-26 23:17:00.133  val_finetune_dtvu_steps_3/acc@05 = 0.6417  
2025-02-26 23:17:00.133  val_finetune_dtvu_steps_3/acc@10 = 0.7000  
2025-02-26 23:17:00.133  val_finetune_dtvu_steps_3/acc@20 = 0.7667  
2025-02-26 23:17:00.133  
  
2025-02-26 23:17:01.439  
  
2025-02-26 23:17:01.439  [TRN] epoch_44  
2025-02-26 23:17:01.439  =============================================  
2025-02-26 23:17:01.439  trn/loss = 2.2977  
2025-02-26 23:17:01.439  trn/acc@01 = 0.3604  
2025-02-26 23:17:01.439  trn/acc@05 = 0.7292  
2025-02-26 23:17:01.439  trn/acc@10 = 0.8387  
2025-02-26 23:17:01.443  trn/acc@20 = 0.9311  
2025-02-26 23:17:01.443  
  
2025-02-26 23:17:01.555  
  
2025-02-26 23:17:01.555  [VAL_FINETUNE_DTVU_STEPS_1] epoch_44  
2025-02-26 23:17:01.555  =============================================  
2025-02-26 23:17:01.555  val_finetune_dtvu_steps_1/loss = 3.6808  
2025-02-26 23:17:01.555  val_finetune_dtvu_steps_1/acc@01 = 0.1750  
2025-02-26 23:17:01.555  val_finetune_dtvu_steps_1/acc@05 = 0.5500  
2025-02-26 23:17:01.555  val_finetune_dtvu_steps_1/acc@10 = 0.6750  
2025-02-26 23:17:01.555  val_finetune_dtvu_steps_1/acc@20 = 0.7000  
2025-02-26 23:17:01.555  
  
2025-02-26 23:17:01.705  
  
2025-02-26 23:17:01.705  [VAL_FINETUNE_DTVU_STEPS_3] epoch_44  
2025-02-26 23:17:01.705  =============================================  
2025-02-26 23:17:01.705  val_finetune_dtvu_steps_3/loss = 3.5819  
2025-02-26 23:17:01.705  val_finetune_dtvu_steps_3/acc@01 = 0.2833  
2025-02-26 23:17:01.705  val_finetune_dtvu_steps_3/acc@05 = 0.6167  
2025-02-26 23:17:01.705  val_finetune_dtvu_steps_3/acc@10 = 0.6917  
2025-02-26 23:17:01.705  val_finetune_dtvu_steps_3/acc@20 = 0.7583  
2025-02-26 23:17:01.705  
  
2025-02-26 23:17:02.924  
  
2025-02-26 23:17:02.924  [TRN] epoch_45  
2025-02-26 23:17:02.924  =============================================  
2025-02-26 23:17:02.924  trn/loss = 2.3249  
2025-02-26 23:17:02.924  trn/acc@01 = 0.3650  
2025-02-26 23:17:02.924  trn/acc@05 = 0.7330  
2025-02-26 23:17:02.928  trn/acc@10 = 0.8310  
2025-02-26 23:17:02.928  trn/acc@20 = 0.9090  
2025-02-26 23:17:02.928  
  
2025-02-26 23:17:03.084  
  
2025-02-26 23:17:03.084  [VAL_FINETUNE_DTVU_STEPS_1] epoch_45  
2025-02-26 23:17:03.085  =============================================  
2025-02-26 23:17:03.085  val_finetune_dtvu_steps_1/loss = 3.5863  
2025-02-26 23:17:03.085  val_finetune_dtvu_steps_1/acc@01 = 0.2750  
2025-02-26 23:17:03.085  val_finetune_dtvu_steps_1/acc@05 = 0.5750  
2025-02-26 23:17:03.085  val_finetune_dtvu_steps_1/acc@10 = 0.6750  
2025-02-26 23:17:03.085  val_finetune_dtvu_steps_1/acc@20 = 0.7250  
2025-02-26 23:17:03.085  
  
2025-02-26 23:17:03.215  
  
2025-02-26 23:17:03.215  [VAL_FINETUNE_DTVU_STEPS_3] epoch_45  
2025-02-26 23:17:03.215  =============================================  
2025-02-26 23:17:03.215  val_finetune_dtvu_steps_3/loss = 3.4905  
2025-02-26 23:17:03.215  val_finetune_dtvu_steps_3/acc@01 = 0.2917  
2025-02-26 23:17:03.215  val_finetune_dtvu_steps_3/acc@05 = 0.6000  
2025-02-26 23:17:03.215  val_finetune_dtvu_steps_3/acc@10 = 0.6833  
2025-02-26 23:17:03.215  val_finetune_dtvu_steps_3/acc@20 = 0.7583  
2025-02-26 23:17:03.215  
  
2025-02-26 23:17:04.444  
  
2025-02-26 23:17:04.444  [TRN] epoch_46  
2025-02-26 23:17:04.444  =============================================  
2025-02-26 23:17:04.444  trn/loss = 2.2395  
2025-02-26 23:17:04.444  trn/acc@01 = 0.3622  
2025-02-26 23:17:04.444  trn/acc@05 = 0.7333  
2025-02-26 23:17:04.444  trn/acc@10 = 0.8423  
2025-02-26 23:17:04.451  trn/acc@20 = 0.9369  
2025-02-26 23:17:04.451  
  
2025-02-26 23:17:04.561  
  
2025-02-26 23:17:04.561  [VAL_FINETUNE_DTVU_STEPS_1] epoch_46  
2025-02-26 23:17:04.561  =============================================  
2025-02-26 23:17:04.561  val_finetune_dtvu_steps_1/loss = 3.5905  
2025-02-26 23:17:04.561  val_finetune_dtvu_steps_1/acc@01 = 0.2500  
2025-02-26 23:17:04.561  val_finetune_dtvu_steps_1/acc@05 = 0.6250  
2025-02-26 23:17:04.561  val_finetune_dtvu_steps_1/acc@10 = 0.7000  
2025-02-26 23:17:04.561  val_finetune_dtvu_steps_1/acc@20 = 0.7250  
2025-02-26 23:17:04.561  
  
2025-02-26 23:17:04.724  
  
2025-02-26 23:17:04.724  [VAL_FINETUNE_DTVU_STEPS_3] epoch_46  
2025-02-26 23:17:04.724  =============================================  
2025-02-26 23:17:04.724  val_finetune_dtvu_steps_3/loss = 3.4927  
2025-02-26 23:17:04.724  val_finetune_dtvu_steps_3/acc@01 = 0.2750  
2025-02-26 23:17:04.724  val_finetune_dtvu_steps_3/acc@05 = 0.6167  
2025-02-26 23:17:04.724  val_finetune_dtvu_steps_3/acc@10 = 0.7167  
2025-02-26 23:17:04.724  val_finetune_dtvu_steps_3/acc@20 = 0.7583  
2025-02-26 23:17:04.724  
  
2025-02-26 23:17:05.912  
  
2025-02-26 23:17:05.913  [TRN] epoch_47  
2025-02-26 23:17:05.913  =============================================  
2025-02-26 23:17:05.914  trn/loss = 2.3558  
2025-02-26 23:17:05.914  trn/acc@01 = 0.3302  
2025-02-26 23:17:05.914  trn/acc@05 = 0.7255  
2025-02-26 23:17:05.914  trn/acc@10 = 0.8340  
2025-02-26 23:17:05.914  trn/acc@20 = 0.9330  
2025-02-26 23:17:05.914  
  
2025-02-26 23:17:06.015  
  
2025-02-26 23:17:06.015  [VAL_FINETUNE_DTVU_STEPS_1] epoch_47  
2025-02-26 23:17:06.015  =============================================  
2025-02-26 23:17:06.015  val_finetune_dtvu_steps_1/loss = 3.5677  
2025-02-26 23:17:06.015  val_finetune_dtvu_steps_1/acc@01 = 0.3000  
2025-02-26 23:17:06.015  val_finetune_dtvu_steps_1/acc@05 = 0.5750  
2025-02-26 23:17:06.015  val_finetune_dtvu_steps_1/acc@10 = 0.6750  
2025-02-26 23:17:06.015  val_finetune_dtvu_steps_1/acc@20 = 0.7250  
2025-02-26 23:17:06.015  
  
2025-02-26 23:17:06.135  
  
2025-02-26 23:17:06.135  [VAL_FINETUNE_DTVU_STEPS_3] epoch_47  
2025-02-26 23:17:06.135  =============================================  
2025-02-26 23:17:06.135  val_finetune_dtvu_steps_3/loss = 3.3668  
2025-02-26 23:17:06.135  val_finetune_dtvu_steps_3/acc@01 = 0.3250  
2025-02-26 23:17:06.135  val_finetune_dtvu_steps_3/acc@05 = 0.6167  
2025-02-26 23:17:06.135  val_finetune_dtvu_steps_3/acc@10 = 0.7083  
2025-02-26 23:17:06.135  val_finetune_dtvu_steps_3/acc@20 = 0.7750  
2025-02-26 23:17:06.135  
  
2025-02-26 23:17:07.303  
  
2025-02-26 23:17:07.303  [TRN] epoch_48  
2025-02-26 23:17:07.304  =============================================  
2025-02-26 23:17:07.304  trn/loss = 2.2415  
2025-02-26 23:17:07.304  trn/acc@01 = 0.4160  
2025-02-26 23:17:07.304  trn/acc@05 = 0.7440  
2025-02-26 23:17:07.304  trn/acc@10 = 0.8390  
2025-02-26 23:17:07.304  trn/acc@20 = 0.9120  
2025-02-26 23:17:07.304  
  
2025-02-26 23:17:07.404  
  
2025-02-26 23:17:07.404  [VAL_FINETUNE_DTVU_STEPS_1] epoch_48  
2025-02-26 23:17:07.408  =============================================  
2025-02-26 23:17:07.408  val_finetune_dtvu_steps_1/loss = 3.6292  
2025-02-26 23:17:07.408  val_finetune_dtvu_steps_1/acc@01 = 0.2500  
2025-02-26 23:17:07.408  val_finetune_dtvu_steps_1/acc@05 = 0.6250  
2025-02-26 23:17:07.408  val_finetune_dtvu_steps_1/acc@10 = 0.7250  
2025-02-26 23:17:07.408  val_finetune_dtvu_steps_1/acc@20 = 0.7750  
2025-02-26 23:17:07.408  
  
2025-02-26 23:17:07.545  
  
2025-02-26 23:17:07.545  [VAL_FINETUNE_DTVU_STEPS_3] epoch_48  
2025-02-26 23:17:07.545  =============================================  
2025-02-26 23:17:07.545  val_finetune_dtvu_steps_3/loss = 3.4189  
2025-02-26 23:17:07.545  val_finetune_dtvu_steps_3/acc@01 = 0.2583  
2025-02-26 23:17:07.545  val_finetune_dtvu_steps_3/acc@05 = 0.6583  
2025-02-26 23:17:07.545  val_finetune_dtvu_steps_3/acc@10 = 0.7250  
2025-02-26 23:17:07.545  val_finetune_dtvu_steps_3/acc@20 = 0.7917  
2025-02-26 23:17:07.545  
  
2025-02-26 23:17:08.684  
  
2025-02-26 23:17:08.684  [TRN] epoch_49  
2025-02-26 23:17:08.684  =============================================  
2025-02-26 23:17:08.688  trn/loss = 2.1359  
2025-02-26 23:17:08.688  trn/acc@01 = 0.4088  
2025-02-26 23:17:08.688  trn/acc@05 = 0.7319  
2025-02-26 23:17:08.688  trn/acc@10 = 0.8538  
2025-02-26 23:17:08.688  trn/acc@20 = 0.9330  
2025-02-26 23:17:08.688  
  
2025-02-26 23:17:08.807  
  
2025-02-26 23:17:08.807  [VAL_FINETUNE_DTVU_STEPS_1] epoch_49  
2025-02-26 23:17:08.807  =============================================  
2025-02-26 23:17:08.807  val_finetune_dtvu_steps_1/loss = 3.7388  
2025-02-26 23:17:08.807  val_finetune_dtvu_steps_1/acc@01 = 0.2250  
2025-02-26 23:17:08.807  val_finetune_dtvu_steps_1/acc@05 = 0.6000  
2025-02-26 23:17:08.807  val_finetune_dtvu_steps_1/acc@10 = 0.6750  
2025-02-26 23:17:08.807  val_finetune_dtvu_steps_1/acc@20 = 0.7500  
2025-02-26 23:17:08.807  
  
2025-02-26 23:17:08.924  
  
2025-02-26 23:17:08.924  [VAL_FINETUNE_DTVU_STEPS_3] epoch_49  
2025-02-26 23:17:08.924  =============================================  
2025-02-26 23:17:08.924  val_finetune_dtvu_steps_3/loss = 3.4993  
2025-02-26 23:17:08.924  val_finetune_dtvu_steps_3/acc@01 = 0.2917  
2025-02-26 23:17:08.924  val_finetune_dtvu_steps_3/acc@05 = 0.6500  
2025-02-26 23:17:08.924  val_finetune_dtvu_steps_3/acc@10 = 0.7167  
2025-02-26 23:17:08.924  val_finetune_dtvu_steps_3/acc@20 = 0.7667  
2025-02-26 23:17:08.924  
  
