2025-02-27 02:50:13.545  
  
2025-02-27 02:50:13.545  [TRN] epoch_00  
2025-02-27 02:50:13.545  =============================================  
2025-02-27 02:50:13.545  trn/loss = 5.6700  
2025-02-27 02:50:13.545  trn/acc@01 = 0.0842  
2025-02-27 02:50:13.545  trn/acc@05 = 0.1982  
2025-02-27 02:50:13.545  trn/acc@10 = 0.2632  
2025-02-27 02:50:13.545  trn/acc@20 = 0.3298  
2025-02-27 02:50:13.545  
  
2025-02-27 02:50:13.576  
  
2025-02-27 02:50:13.576  [VAL_FINETUNE_DTVU_STEPS_1] epoch_00  
2025-02-27 02:50:13.576  =============================================  
2025-02-27 02:50:13.576  val_finetune_dtvu_steps_1/loss = 4.9399  
2025-02-27 02:50:13.576  val_finetune_dtvu_steps_1/acc@01 = 0.0500  
2025-02-27 02:50:13.576  val_finetune_dtvu_steps_1/acc@05 = 0.3000  
2025-02-27 02:50:13.576  val_finetune_dtvu_steps_1/acc@10 = 0.6000  
2025-02-27 02:50:13.576  val_finetune_dtvu_steps_1/acc@20 = 0.7500  
2025-02-27 02:50:13.576  
  
2025-02-27 02:50:13.623  
  
2025-02-27 02:50:13.623  [VAL_FINETUNE_DTVU_STEPS_3] epoch_00  
2025-02-27 02:50:13.623  =============================================  
2025-02-27 02:50:13.623  val_finetune_dtvu_steps_3/loss = 4.9348  
2025-02-27 02:50:13.623  val_finetune_dtvu_steps_3/acc@01 = 0.1167  
2025-02-27 02:50:13.623  val_finetune_dtvu_steps_3/acc@05 = 0.2833  
2025-02-27 02:50:13.623  val_finetune_dtvu_steps_3/acc@10 = 0.5333  
2025-02-27 02:50:13.623  val_finetune_dtvu_steps_3/acc@20 = 0.6667  
2025-02-27 02:50:13.623  
  
2025-02-27 02:50:13.954  
  
2025-02-27 02:50:13.954  [TRN] epoch_01  
2025-02-27 02:50:13.954  =============================================  
2025-02-27 02:50:13.970  trn/loss = 4.8843  
2025-02-27 02:50:13.970  trn/acc@01 = 0.1264  
2025-02-27 02:50:13.970  trn/acc@05 = 0.3585  
2025-02-27 02:50:13.970  trn/acc@10 = 0.4698  
2025-02-27 02:50:13.970  trn/acc@20 = 0.5566  
2025-02-27 02:50:13.970  
  
2025-02-27 02:50:14.004  
  
2025-02-27 02:50:14.004  [VAL_FINETUNE_DTVU_STEPS_1] epoch_01  
2025-02-27 02:50:14.004  =============================================  
2025-02-27 02:50:14.004  val_finetune_dtvu_steps_1/loss = 3.9964  
2025-02-27 02:50:14.004  val_finetune_dtvu_steps_1/acc@01 = 0.2000  
2025-02-27 02:50:14.004  val_finetune_dtvu_steps_1/acc@05 = 0.7000  
2025-02-27 02:50:14.004  val_finetune_dtvu_steps_1/acc@10 = 0.7500  
2025-02-27 02:50:14.004  val_finetune_dtvu_steps_1/acc@20 = 0.8000  
2025-02-27 02:50:14.004  
  
2025-02-27 02:50:14.045  
  
2025-02-27 02:50:14.045  [VAL_FINETUNE_DTVU_STEPS_3] epoch_01  
2025-02-27 02:50:14.045  =============================================  
2025-02-27 02:50:14.045  val_finetune_dtvu_steps_3/loss = 4.1591  
2025-02-27 02:50:14.045  val_finetune_dtvu_steps_3/acc@01 = 0.2167  
2025-02-27 02:50:14.045  val_finetune_dtvu_steps_3/acc@05 = 0.5833  
2025-02-27 02:50:14.045  val_finetune_dtvu_steps_3/acc@10 = 0.6833  
2025-02-27 02:50:14.045  val_finetune_dtvu_steps_3/acc@20 = 0.7167  
2025-02-27 02:50:14.045  
  
2025-02-27 02:50:14.381  
  
2025-02-27 02:50:14.381  [TRN] epoch_02  
2025-02-27 02:50:14.381  =============================================  
2025-02-27 02:50:14.381  trn/loss = 4.4251  
2025-02-27 02:50:14.381  trn/acc@01 = 0.1798  
2025-02-27 02:50:14.381  trn/acc@05 = 0.4242  
2025-02-27 02:50:14.381  trn/acc@10 = 0.4970  
2025-02-27 02:50:14.381  trn/acc@20 = 0.5859  
2025-02-27 02:50:14.381  
  
2025-02-27 02:50:14.437  
  
2025-02-27 02:50:14.437  [VAL_FINETUNE_DTVU_STEPS_1] epoch_02  
2025-02-27 02:50:14.437  =============================================  
2025-02-27 02:50:14.437  val_finetune_dtvu_steps_1/loss = 3.4428  
2025-02-27 02:50:14.437  val_finetune_dtvu_steps_1/acc@01 = 0.4000  
2025-02-27 02:50:14.437  val_finetune_dtvu_steps_1/acc@05 = 0.7500  
2025-02-27 02:50:14.437  val_finetune_dtvu_steps_1/acc@10 = 0.8000  
2025-02-27 02:50:14.437  val_finetune_dtvu_steps_1/acc@20 = 0.8000  
2025-02-27 02:50:14.437  
  
2025-02-27 02:50:14.485  
  
2025-02-27 02:50:14.485  [VAL_FINETUNE_DTVU_STEPS_3] epoch_02  
2025-02-27 02:50:14.485  =============================================  
2025-02-27 02:50:14.485  val_finetune_dtvu_steps_3/loss = 3.6671  
2025-02-27 02:50:14.485  val_finetune_dtvu_steps_3/acc@01 = 0.3833  
2025-02-27 02:50:14.485  val_finetune_dtvu_steps_3/acc@05 = 0.6333  
2025-02-27 02:50:14.485  val_finetune_dtvu_steps_3/acc@10 = 0.7167  
2025-02-27 02:50:14.485  val_finetune_dtvu_steps_3/acc@20 = 0.7833  
2025-02-27 02:50:14.485  
  
2025-02-27 02:50:14.940  
  
2025-02-27 02:50:14.940  [TRN] epoch_03  
2025-02-27 02:50:14.940  =============================================  
2025-02-27 02:50:14.940  trn/loss = 4.0869  
2025-02-27 02:50:14.940  trn/acc@01 = 0.2911  
2025-02-27 02:50:14.940  trn/acc@05 = 0.4990  
2025-02-27 02:50:14.944  trn/acc@10 = 0.5663  
2025-02-27 02:50:14.944  trn/acc@20 = 0.6317  
2025-02-27 02:50:14.944  
  
2025-02-27 02:50:15.044  
  
2025-02-27 02:50:15.044  [VAL_FINETUNE_DTVU_STEPS_1] epoch_03  
2025-02-27 02:50:15.044  =============================================  
2025-02-27 02:50:15.044  val_finetune_dtvu_steps_1/loss = 3.1451  
2025-02-27 02:50:15.044  val_finetune_dtvu_steps_1/acc@01 = 0.4000  
2025-02-27 02:50:15.046  val_finetune_dtvu_steps_1/acc@05 = 0.7500  
2025-02-27 02:50:15.046  val_finetune_dtvu_steps_1/acc@10 = 0.8000  
2025-02-27 02:50:15.046  val_finetune_dtvu_steps_1/acc@20 = 0.8000  
2025-02-27 02:50:15.046  
  
2025-02-27 02:50:15.279  
  
2025-02-27 02:50:15.281  [VAL_FINETUNE_DTVU_STEPS_3] epoch_03  
2025-02-27 02:50:15.283  =============================================  
2025-02-27 02:50:15.285  val_finetune_dtvu_steps_3/loss = 3.4290  
2025-02-27 02:50:15.287  val_finetune_dtvu_steps_3/acc@01 = 0.3833  
2025-02-27 02:50:15.287  val_finetune_dtvu_steps_3/acc@05 = 0.6500  
2025-02-27 02:50:15.287  val_finetune_dtvu_steps_3/acc@10 = 0.7500  
2025-02-27 02:50:15.287  val_finetune_dtvu_steps_3/acc@20 = 0.7833  
2025-02-27 02:50:15.287  
  
2025-02-27 02:50:15.835  
  
2025-02-27 02:50:15.835  [TRN] epoch_04  
2025-02-27 02:50:15.835  =============================================  
2025-02-27 02:50:15.835  trn/loss = 3.8433  
2025-02-27 02:50:15.835  trn/acc@01 = 0.2889  
2025-02-27 02:50:15.835  trn/acc@05 = 0.5152  
2025-02-27 02:50:15.835  trn/acc@10 = 0.5859  
2025-02-27 02:50:15.835  trn/acc@20 = 0.6747  
2025-02-27 02:50:15.835  
  
2025-02-27 02:50:15.865  
  
2025-02-27 02:50:15.882  [VAL_FINETUNE_DTVU_STEPS_1] epoch_04  
2025-02-27 02:50:15.882  =============================================  
2025-02-27 02:50:15.882  val_finetune_dtvu_steps_1/loss = 3.0611  
2025-02-27 02:50:15.882  val_finetune_dtvu_steps_1/acc@01 = 0.4000  
2025-02-27 02:50:15.882  val_finetune_dtvu_steps_1/acc@05 = 0.7500  
2025-02-27 02:50:15.882  val_finetune_dtvu_steps_1/acc@10 = 0.8000  
2025-02-27 02:50:15.882  val_finetune_dtvu_steps_1/acc@20 = 0.8000  
2025-02-27 02:50:15.882  
  
2025-02-27 02:50:15.913  
  
2025-02-27 02:50:15.913  [VAL_FINETUNE_DTVU_STEPS_3] epoch_04  
2025-02-27 02:50:15.913  =============================================  
2025-02-27 02:50:15.913  val_finetune_dtvu_steps_3/loss = 3.3117  
2025-02-27 02:50:15.913  val_finetune_dtvu_steps_3/acc@01 = 0.3833  
2025-02-27 02:50:15.913  val_finetune_dtvu_steps_3/acc@05 = 0.7000  
2025-02-27 02:50:15.913  val_finetune_dtvu_steps_3/acc@10 = 0.7500  
2025-02-27 02:50:15.913  val_finetune_dtvu_steps_3/acc@20 = 0.7833  
2025-02-27 02:50:15.913  
  
2025-02-27 02:50:16.313  
  
2025-02-27 02:50:16.313  [TRN] epoch_05  
2025-02-27 02:50:16.313  =============================================  
2025-02-27 02:50:16.313  trn/loss = 3.8120  
2025-02-27 02:50:16.313  trn/acc@01 = 0.2782  
2025-02-27 02:50:16.313  trn/acc@05 = 0.5473  
2025-02-27 02:50:16.313  trn/acc@10 = 0.6055  
2025-02-27 02:50:16.313  trn/acc@20 = 0.6764  
2025-02-27 02:50:16.313  
  
2025-02-27 02:50:16.383  
  
2025-02-27 02:50:16.383  [VAL_FINETUNE_DTVU_STEPS_1] epoch_05  
2025-02-27 02:50:16.383  =============================================  
2025-02-27 02:50:16.383  val_finetune_dtvu_steps_1/loss = 2.9652  
2025-02-27 02:50:16.383  val_finetune_dtvu_steps_1/acc@01 = 0.4000  
2025-02-27 02:50:16.383  val_finetune_dtvu_steps_1/acc@05 = 0.7500  
2025-02-27 02:50:16.383  val_finetune_dtvu_steps_1/acc@10 = 0.8000  
2025-02-27 02:50:16.383  val_finetune_dtvu_steps_1/acc@20 = 0.8000  
2025-02-27 02:50:16.383  
  
2025-02-27 02:50:16.430  
  
2025-02-27 02:50:16.446  [VAL_FINETUNE_DTVU_STEPS_3] epoch_05  
2025-02-27 02:50:16.446  =============================================  
2025-02-27 02:50:16.446  val_finetune_dtvu_steps_3/loss = 3.2200  
2025-02-27 02:50:16.446  val_finetune_dtvu_steps_3/acc@01 = 0.3833  
2025-02-27 02:50:16.447  val_finetune_dtvu_steps_3/acc@05 = 0.7000  
2025-02-27 02:50:16.447  val_finetune_dtvu_steps_3/acc@10 = 0.7833  
2025-02-27 02:50:16.447  val_finetune_dtvu_steps_3/acc@20 = 0.7833  
2025-02-27 02:50:16.447  
  
2025-02-27 02:50:16.782  
  
2025-02-27 02:50:16.782  [TRN] epoch_06  
2025-02-27 02:50:16.782  =============================================  
2025-02-27 02:50:16.782  trn/loss = 3.8134  
2025-02-27 02:50:16.782  trn/acc@01 = 0.2707  
2025-02-27 02:50:16.782  trn/acc@05 = 0.5131  
2025-02-27 02:50:16.782  trn/acc@10 = 0.5879  
2025-02-27 02:50:16.782  trn/acc@20 = 0.6707  
2025-02-27 02:50:16.782  
  
2025-02-27 02:50:16.810  
  
2025-02-27 02:50:16.810  [VAL_FINETUNE_DTVU_STEPS_1] epoch_06  
2025-02-27 02:50:16.810  =============================================  
2025-02-27 02:50:16.810  val_finetune_dtvu_steps_1/loss = 2.9324  
2025-02-27 02:50:16.826  val_finetune_dtvu_steps_1/acc@01 = 0.4000  
2025-02-27 02:50:16.826  val_finetune_dtvu_steps_1/acc@05 = 0.7500  
2025-02-27 02:50:16.826  val_finetune_dtvu_steps_1/acc@10 = 0.8000  
2025-02-27 02:50:16.826  val_finetune_dtvu_steps_1/acc@20 = 0.8000  
2025-02-27 02:50:16.826  
  
2025-02-27 02:50:16.857  
  
2025-02-27 02:50:16.873  [VAL_FINETUNE_DTVU_STEPS_3] epoch_06  
2025-02-27 02:50:16.873  =============================================  
2025-02-27 02:50:16.873  val_finetune_dtvu_steps_3/loss = 3.1932  
2025-02-27 02:50:16.873  val_finetune_dtvu_steps_3/acc@01 = 0.3833  
2025-02-27 02:50:16.873  val_finetune_dtvu_steps_3/acc@05 = 0.7167  
2025-02-27 02:50:16.873  val_finetune_dtvu_steps_3/acc@10 = 0.7833  
2025-02-27 02:50:16.873  val_finetune_dtvu_steps_3/acc@20 = 0.7833  
2025-02-27 02:50:16.873  
  
2025-02-27 02:50:17.192  
  
2025-02-27 02:50:17.192  [TRN] epoch_07  
2025-02-27 02:50:17.192  =============================================  
2025-02-27 02:50:17.192  trn/loss = 3.6541  
2025-02-27 02:50:17.192  trn/acc@01 = 0.3050  
2025-02-27 02:50:17.192  trn/acc@05 = 0.5723  
2025-02-27 02:50:17.192  trn/acc@10 = 0.6198  
2025-02-27 02:50:17.192  trn/acc@20 = 0.7109  
2025-02-27 02:50:17.192  
  
2025-02-27 02:50:17.218  
  
2025-02-27 02:50:17.218  [VAL_FINETUNE_DTVU_STEPS_1] epoch_07  
2025-02-27 02:50:17.218  =============================================  
2025-02-27 02:50:17.218  val_finetune_dtvu_steps_1/loss = 2.9288  
2025-02-27 02:50:17.218  val_finetune_dtvu_steps_1/acc@01 = 0.4000  
2025-02-27 02:50:17.218  val_finetune_dtvu_steps_1/acc@05 = 0.7500  
2025-02-27 02:50:17.218  val_finetune_dtvu_steps_1/acc@10 = 0.8000  
2025-02-27 02:50:17.218  val_finetune_dtvu_steps_1/acc@20 = 0.8500  
2025-02-27 02:50:17.218  
  
2025-02-27 02:50:17.268  
  
2025-02-27 02:50:17.268  [VAL_FINETUNE_DTVU_STEPS_3] epoch_07  
2025-02-27 02:50:17.268  =============================================  
2025-02-27 02:50:17.270  val_finetune_dtvu_steps_3/loss = 3.1909  
2025-02-27 02:50:17.270  val_finetune_dtvu_steps_3/acc@01 = 0.3833  
2025-02-27 02:50:17.270  val_finetune_dtvu_steps_3/acc@05 = 0.7167  
2025-02-27 02:50:17.270  val_finetune_dtvu_steps_3/acc@10 = 0.7833  
2025-02-27 02:50:17.270  val_finetune_dtvu_steps_3/acc@20 = 0.8000  
2025-02-27 02:50:17.270  
  
2025-02-27 02:50:17.628  
  
2025-02-27 02:50:17.628  [TRN] epoch_08  
2025-02-27 02:50:17.628  =============================================  
2025-02-27 02:50:17.628  trn/loss = 3.7375  
2025-02-27 02:50:17.628  trn/acc@01 = 0.2840  
2025-02-27 02:50:17.628  trn/acc@05 = 0.5400  
2025-02-27 02:50:17.628  trn/acc@10 = 0.5960  
2025-02-27 02:50:17.628  trn/acc@20 = 0.6940  
2025-02-27 02:50:17.628  
  
2025-02-27 02:50:17.676  
  
2025-02-27 02:50:17.676  [VAL_FINETUNE_DTVU_STEPS_1] epoch_08  
2025-02-27 02:50:17.676  =============================================  
2025-02-27 02:50:17.676  val_finetune_dtvu_steps_1/loss = 2.8497  
2025-02-27 02:50:17.676  val_finetune_dtvu_steps_1/acc@01 = 0.4000  
2025-02-27 02:50:17.676  val_finetune_dtvu_steps_1/acc@05 = 0.8500  
2025-02-27 02:50:17.676  val_finetune_dtvu_steps_1/acc@10 = 0.8500  
2025-02-27 02:50:17.676  val_finetune_dtvu_steps_1/acc@20 = 0.8500  
2025-02-27 02:50:17.676  
  
2025-02-27 02:50:17.723  
  
2025-02-27 02:50:17.723  [VAL_FINETUNE_DTVU_STEPS_3] epoch_08  
2025-02-27 02:50:17.723  =============================================  
2025-02-27 02:50:17.723  val_finetune_dtvu_steps_3/loss = 3.1194  
2025-02-27 02:50:17.723  val_finetune_dtvu_steps_3/acc@01 = 0.3833  
2025-02-27 02:50:17.723  val_finetune_dtvu_steps_3/acc@05 = 0.7500  
2025-02-27 02:50:17.723  val_finetune_dtvu_steps_3/acc@10 = 0.8000  
2025-02-27 02:50:17.723  val_finetune_dtvu_steps_3/acc@20 = 0.8167  
2025-02-27 02:50:17.725  
  
2025-02-27 02:50:18.068  
  
2025-02-27 02:50:18.068  [TRN] epoch_09  
2025-02-27 02:50:18.068  =============================================  
2025-02-27 02:50:18.068  trn/loss = 3.5112  
2025-02-27 02:50:18.068  trn/acc@01 = 0.2842  
2025-02-27 02:50:18.068  trn/acc@05 = 0.5579  
2025-02-27 02:50:18.068  trn/acc@10 = 0.6484  
2025-02-27 02:50:18.068  trn/acc@20 = 0.7663  
2025-02-27 02:50:18.068  
  
2025-02-27 02:50:18.107  
  
2025-02-27 02:50:18.107  [VAL_FINETUNE_DTVU_STEPS_1] epoch_09  
2025-02-27 02:50:18.107  =============================================  
2025-02-27 02:50:18.107  val_finetune_dtvu_steps_1/loss = 2.7894  
2025-02-27 02:50:18.107  val_finetune_dtvu_steps_1/acc@01 = 0.4000  
2025-02-27 02:50:18.107  val_finetune_dtvu_steps_1/acc@05 = 0.7500  
2025-02-27 02:50:18.107  val_finetune_dtvu_steps_1/acc@10 = 0.8000  
2025-02-27 02:50:18.107  val_finetune_dtvu_steps_1/acc@20 = 0.8500  
2025-02-27 02:50:18.107  
  
2025-02-27 02:50:18.147  
  
2025-02-27 02:50:18.147  [VAL_FINETUNE_DTVU_STEPS_3] epoch_09  
2025-02-27 02:50:18.147  =============================================  
2025-02-27 02:50:18.147  val_finetune_dtvu_steps_3/loss = 3.0839  
2025-02-27 02:50:18.147  val_finetune_dtvu_steps_3/acc@01 = 0.4000  
2025-02-27 02:50:18.147  val_finetune_dtvu_steps_3/acc@05 = 0.7167  
2025-02-27 02:50:18.147  val_finetune_dtvu_steps_3/acc@10 = 0.7667  
2025-02-27 02:50:18.147  val_finetune_dtvu_steps_3/acc@20 = 0.8000  
2025-02-27 02:50:18.147  
  
2025-02-27 02:50:18.494  
  
2025-02-27 02:50:18.494  [TRN] epoch_10  
2025-02-27 02:50:18.494  =============================================  
2025-02-27 02:50:18.494  trn/loss = 3.4836  
2025-02-27 02:50:18.494  trn/acc@01 = 0.2642  
2025-02-27 02:50:18.494  trn/acc@05 = 0.5623  
2025-02-27 02:50:18.494  trn/acc@10 = 0.6491  
2025-02-27 02:50:18.494  trn/acc@20 = 0.7509  
2025-02-27 02:50:18.494  
  
2025-02-27 02:50:18.547  
  
2025-02-27 02:50:18.547  [VAL_FINETUNE_DTVU_STEPS_1] epoch_10  
2025-02-27 02:50:18.547  =============================================  
2025-02-27 02:50:18.547  val_finetune_dtvu_steps_1/loss = 2.9355  
2025-02-27 02:50:18.547  val_finetune_dtvu_steps_1/acc@01 = 0.4000  
2025-02-27 02:50:18.547  val_finetune_dtvu_steps_1/acc@05 = 0.7500  
2025-02-27 02:50:18.547  val_finetune_dtvu_steps_1/acc@10 = 0.7500  
2025-02-27 02:50:18.547  val_finetune_dtvu_steps_1/acc@20 = 0.8500  
2025-02-27 02:50:18.547  
  
2025-02-27 02:50:18.588  
  
2025-02-27 02:50:18.588  [VAL_FINETUNE_DTVU_STEPS_3] epoch_10  
2025-02-27 02:50:18.588  =============================================  
2025-02-27 02:50:18.588  val_finetune_dtvu_steps_3/loss = 3.0831  
2025-02-27 02:50:18.588  val_finetune_dtvu_steps_3/acc@01 = 0.4000  
2025-02-27 02:50:18.588  val_finetune_dtvu_steps_3/acc@05 = 0.7167  
2025-02-27 02:50:18.588  val_finetune_dtvu_steps_3/acc@10 = 0.7500  
2025-02-27 02:50:18.588  val_finetune_dtvu_steps_3/acc@20 = 0.8000  
2025-02-27 02:50:18.588  
  
2025-02-27 02:50:18.920  
  
2025-02-27 02:50:18.920  [TRN] epoch_11  
2025-02-27 02:50:18.920  =============================================  
2025-02-27 02:50:18.920  trn/loss = 3.5090  
2025-02-27 02:50:18.920  trn/acc@01 = 0.2899  
2025-02-27 02:50:18.920  trn/acc@05 = 0.5371  
2025-02-27 02:50:18.920  trn/acc@10 = 0.6472  
2025-02-27 02:50:18.920  trn/acc@20 = 0.7708  
2025-02-27 02:50:18.920  
  
2025-02-27 02:50:18.952  
  
2025-02-27 02:50:18.952  [VAL_FINETUNE_DTVU_STEPS_1] epoch_11  
2025-02-27 02:50:18.952  =============================================  
2025-02-27 02:50:18.952  val_finetune_dtvu_steps_1/loss = 2.6987  
2025-02-27 02:50:18.952  val_finetune_dtvu_steps_1/acc@01 = 0.4000  
2025-02-27 02:50:18.952  val_finetune_dtvu_steps_1/acc@05 = 0.8000  
2025-02-27 02:50:18.952  val_finetune_dtvu_steps_1/acc@10 = 0.8000  
2025-02-27 02:50:18.952  val_finetune_dtvu_steps_1/acc@20 = 0.8500  
2025-02-27 02:50:18.952  
  
2025-02-27 02:50:18.998  
  
2025-02-27 02:50:18.998  [VAL_FINETUNE_DTVU_STEPS_3] epoch_11  
2025-02-27 02:50:18.998  =============================================  
2025-02-27 02:50:18.998  val_finetune_dtvu_steps_3/loss = 2.9938  
2025-02-27 02:50:18.998  val_finetune_dtvu_steps_3/acc@01 = 0.4000  
2025-02-27 02:50:18.998  val_finetune_dtvu_steps_3/acc@05 = 0.7500  
2025-02-27 02:50:18.998  val_finetune_dtvu_steps_3/acc@10 = 0.7833  
2025-02-27 02:50:18.998  val_finetune_dtvu_steps_3/acc@20 = 0.8167  
2025-02-27 02:50:18.998  
  
2025-02-27 02:50:19.326  
  
2025-02-27 02:50:19.326  [TRN] epoch_12  
2025-02-27 02:50:19.326  =============================================  
2025-02-27 02:50:19.326  trn/loss = 3.3264  
2025-02-27 02:50:19.326  trn/acc@01 = 0.3239  
2025-02-27 02:50:19.326  trn/acc@05 = 0.5935  
2025-02-27 02:50:19.326  trn/acc@10 = 0.7217  
2025-02-27 02:50:19.326  trn/acc@20 = 0.8239  
2025-02-27 02:50:19.326  
  
2025-02-27 02:50:19.372  
  
2025-02-27 02:50:19.372  [VAL_FINETUNE_DTVU_STEPS_1] epoch_12  
2025-02-27 02:50:19.372  =============================================  
2025-02-27 02:50:19.372  val_finetune_dtvu_steps_1/loss = 2.6935  
2025-02-27 02:50:19.372  val_finetune_dtvu_steps_1/acc@01 = 0.4000  
2025-02-27 02:50:19.372  val_finetune_dtvu_steps_1/acc@05 = 0.8000  
2025-02-27 02:50:19.372  val_finetune_dtvu_steps_1/acc@10 = 0.8000  
2025-02-27 02:50:19.372  val_finetune_dtvu_steps_1/acc@20 = 0.8500  
2025-02-27 02:50:19.374  
  
2025-02-27 02:50:19.405  
  
2025-02-27 02:50:19.405  [VAL_FINETUNE_DTVU_STEPS_3] epoch_12  
2025-02-27 02:50:19.405  =============================================  
2025-02-27 02:50:19.405  val_finetune_dtvu_steps_3/loss = 2.9968  
2025-02-27 02:50:19.405  val_finetune_dtvu_steps_3/acc@01 = 0.3833  
2025-02-27 02:50:19.405  val_finetune_dtvu_steps_3/acc@05 = 0.7333  
2025-02-27 02:50:19.405  val_finetune_dtvu_steps_3/acc@10 = 0.7833  
2025-02-27 02:50:19.405  val_finetune_dtvu_steps_3/acc@20 = 0.8167  
2025-02-27 02:50:19.405  
  
2025-02-27 02:50:19.751  
  
2025-02-27 02:50:19.751  [TRN] epoch_13  
2025-02-27 02:50:19.751  =============================================  
2025-02-27 02:50:19.751  trn/loss = 3.1457  
2025-02-27 02:50:19.751  trn/acc@01 = 0.3960  
2025-02-27 02:50:19.751  trn/acc@05 = 0.6040  
2025-02-27 02:50:19.751  trn/acc@10 = 0.7160  
2025-02-27 02:50:19.751  trn/acc@20 = 0.8280  
2025-02-27 02:50:19.751  
  
2025-02-27 02:50:19.799  
  
2025-02-27 02:50:19.799  [VAL_FINETUNE_DTVU_STEPS_1] epoch_13  
2025-02-27 02:50:19.799  =============================================  
2025-02-27 02:50:19.799  val_finetune_dtvu_steps_1/loss = 2.6863  
2025-02-27 02:50:19.799  val_finetune_dtvu_steps_1/acc@01 = 0.4500  
2025-02-27 02:50:19.799  val_finetune_dtvu_steps_1/acc@05 = 0.8000  
2025-02-27 02:50:19.799  val_finetune_dtvu_steps_1/acc@10 = 0.8000  
2025-02-27 02:50:19.799  val_finetune_dtvu_steps_1/acc@20 = 0.8500  
2025-02-27 02:50:19.799  
  
2025-02-27 02:50:19.832  
  
2025-02-27 02:50:19.832  [VAL_FINETUNE_DTVU_STEPS_3] epoch_13  
2025-02-27 02:50:19.832  =============================================  
2025-02-27 02:50:19.832  val_finetune_dtvu_steps_3/loss = 2.9848  
2025-02-27 02:50:19.832  val_finetune_dtvu_steps_3/acc@01 = 0.4000  
2025-02-27 02:50:19.832  val_finetune_dtvu_steps_3/acc@05 = 0.7333  
2025-02-27 02:50:19.832  val_finetune_dtvu_steps_3/acc@10 = 0.7833  
2025-02-27 02:50:19.832  val_finetune_dtvu_steps_3/acc@20 = 0.8167  
2025-02-27 02:50:19.832  
  
2025-02-27 02:50:20.176  
  
2025-02-27 02:50:20.176  [TRN] epoch_14  
2025-02-27 02:50:20.176  =============================================  
2025-02-27 02:50:20.176  trn/loss = 3.1955  
2025-02-27 02:50:20.176  trn/acc@01 = 0.3060  
2025-02-27 02:50:20.176  trn/acc@05 = 0.6040  
2025-02-27 02:50:20.176  trn/acc@10 = 0.7380  
2025-02-27 02:50:20.176  trn/acc@20 = 0.8420  
2025-02-27 02:50:20.176  
  
2025-02-27 02:50:20.223  
  
2025-02-27 02:50:20.223  [VAL_FINETUNE_DTVU_STEPS_1] epoch_14  
2025-02-27 02:50:20.223  =============================================  
2025-02-27 02:50:20.223  val_finetune_dtvu_steps_1/loss = 2.6741  
2025-02-27 02:50:20.223  val_finetune_dtvu_steps_1/acc@01 = 0.4000  
2025-02-27 02:50:20.223  val_finetune_dtvu_steps_1/acc@05 = 0.8000  
2025-02-27 02:50:20.223  val_finetune_dtvu_steps_1/acc@10 = 0.8000  
2025-02-27 02:50:20.223  val_finetune_dtvu_steps_1/acc@20 = 0.8500  
2025-02-27 02:50:20.223  
  
2025-02-27 02:50:20.254  
  
2025-02-27 02:50:20.254  [VAL_FINETUNE_DTVU_STEPS_3] epoch_14  
2025-02-27 02:50:20.254  =============================================  
2025-02-27 02:50:20.254  val_finetune_dtvu_steps_3/loss = 2.9653  
2025-02-27 02:50:20.254  val_finetune_dtvu_steps_3/acc@01 = 0.3833  
2025-02-27 02:50:20.254  val_finetune_dtvu_steps_3/acc@05 = 0.7333  
2025-02-27 02:50:20.254  val_finetune_dtvu_steps_3/acc@10 = 0.7667  
2025-02-27 02:50:20.254  val_finetune_dtvu_steps_3/acc@20 = 0.8167  
2025-02-27 02:50:20.254  
  
2025-02-27 02:50:20.599  
  
2025-02-27 02:50:20.599  [TRN] epoch_15  
2025-02-27 02:50:20.599  =============================================  
2025-02-27 02:50:20.599  trn/loss = 3.2665  
2025-02-27 02:50:20.599  trn/acc@01 = 0.3179  
2025-02-27 02:50:20.599  trn/acc@05 = 0.5832  
2025-02-27 02:50:20.599  trn/acc@10 = 0.7095  
2025-02-27 02:50:20.599  trn/acc@20 = 0.8042  
2025-02-27 02:50:20.599  
  
2025-02-27 02:50:20.630  
  
2025-02-27 02:50:20.630  [VAL_FINETUNE_DTVU_STEPS_1] epoch_15  
2025-02-27 02:50:20.630  =============================================  
2025-02-27 02:50:20.630  val_finetune_dtvu_steps_1/loss = 2.6679  
2025-02-27 02:50:20.630  val_finetune_dtvu_steps_1/acc@01 = 0.4000  
2025-02-27 02:50:20.630  val_finetune_dtvu_steps_1/acc@05 = 0.8000  
2025-02-27 02:50:20.630  val_finetune_dtvu_steps_1/acc@10 = 0.8500  
2025-02-27 02:50:20.630  val_finetune_dtvu_steps_1/acc@20 = 0.8500  
2025-02-27 02:50:20.630  
  
2025-02-27 02:50:20.678  
  
2025-02-27 02:50:20.678  [VAL_FINETUNE_DTVU_STEPS_3] epoch_15  
2025-02-27 02:50:20.678  =============================================  
2025-02-27 02:50:20.678  val_finetune_dtvu_steps_3/loss = 2.9614  
2025-02-27 02:50:20.678  val_finetune_dtvu_steps_3/acc@01 = 0.3833  
2025-02-27 02:50:20.678  val_finetune_dtvu_steps_3/acc@05 = 0.7333  
2025-02-27 02:50:20.678  val_finetune_dtvu_steps_3/acc@10 = 0.8000  
2025-02-27 02:50:20.678  val_finetune_dtvu_steps_3/acc@20 = 0.8167  
2025-02-27 02:50:20.678  
  
2025-02-27 02:50:21.008  
  
2025-02-27 02:50:21.008  [TRN] epoch_16  
2025-02-27 02:50:21.008  =============================================  
2025-02-27 02:50:21.008  trn/loss = 3.1355  
2025-02-27 02:50:21.008  trn/acc@01 = 0.2700  
2025-02-27 02:50:21.008  trn/acc@05 = 0.5820  
2025-02-27 02:50:21.008  trn/acc@10 = 0.7100  
2025-02-27 02:50:21.008  trn/acc@20 = 0.8520  
2025-02-27 02:50:21.008  
  
2025-02-27 02:50:21.053  
  
2025-02-27 02:50:21.053  [VAL_FINETUNE_DTVU_STEPS_1] epoch_16  
2025-02-27 02:50:21.053  =============================================  
2025-02-27 02:50:21.053  val_finetune_dtvu_steps_1/loss = 2.5825  
2025-02-27 02:50:21.053  val_finetune_dtvu_steps_1/acc@01 = 0.4000  
2025-02-27 02:50:21.053  val_finetune_dtvu_steps_1/acc@05 = 0.8000  
2025-02-27 02:50:21.053  val_finetune_dtvu_steps_1/acc@10 = 0.8500  
2025-02-27 02:50:21.053  val_finetune_dtvu_steps_1/acc@20 = 0.8500  
2025-02-27 02:50:21.053  
  
2025-02-27 02:50:21.092  
  
2025-02-27 02:50:21.092  [VAL_FINETUNE_DTVU_STEPS_3] epoch_16  
2025-02-27 02:50:21.092  =============================================  
2025-02-27 02:50:21.092  val_finetune_dtvu_steps_3/loss = 2.9679  
2025-02-27 02:50:21.092  val_finetune_dtvu_steps_3/acc@01 = 0.4000  
2025-02-27 02:50:21.092  val_finetune_dtvu_steps_3/acc@05 = 0.7667  
2025-02-27 02:50:21.092  val_finetune_dtvu_steps_3/acc@10 = 0.7833  
2025-02-27 02:50:21.092  val_finetune_dtvu_steps_3/acc@20 = 0.8167  
2025-02-27 02:50:21.092  
  
2025-02-27 02:50:21.402  
  
2025-02-27 02:50:21.402  [TRN] epoch_17  
2025-02-27 02:50:21.402  =============================================  
2025-02-27 02:50:21.402  trn/loss = 3.1455  
2025-02-27 02:50:21.402  trn/acc@01 = 0.3146  
2025-02-27 02:50:21.402  trn/acc@05 = 0.6021  
2025-02-27 02:50:21.402  trn/acc@10 = 0.7271  
2025-02-27 02:50:21.402  trn/acc@20 = 0.8396  
2025-02-27 02:50:21.402  
  
2025-02-27 02:50:21.450  
  
2025-02-27 02:50:21.450  [VAL_FINETUNE_DTVU_STEPS_1] epoch_17  
2025-02-27 02:50:21.450  =============================================  
2025-02-27 02:50:21.450  val_finetune_dtvu_steps_1/loss = 2.6307  
2025-02-27 02:50:21.450  val_finetune_dtvu_steps_1/acc@01 = 0.4000  
2025-02-27 02:50:21.450  val_finetune_dtvu_steps_1/acc@05 = 0.8500  
2025-02-27 02:50:21.450  val_finetune_dtvu_steps_1/acc@10 = 0.8500  
2025-02-27 02:50:21.450  val_finetune_dtvu_steps_1/acc@20 = 0.8500  
2025-02-27 02:50:21.450  
  
2025-02-27 02:50:21.481  
  
2025-02-27 02:50:21.481  [VAL_FINETUNE_DTVU_STEPS_3] epoch_17  
2025-02-27 02:50:21.481  =============================================  
2025-02-27 02:50:21.481  val_finetune_dtvu_steps_3/loss = 2.9578  
2025-02-27 02:50:21.481  val_finetune_dtvu_steps_3/acc@01 = 0.3833  
2025-02-27 02:50:21.481  val_finetune_dtvu_steps_3/acc@05 = 0.7333  
2025-02-27 02:50:21.481  val_finetune_dtvu_steps_3/acc@10 = 0.7833  
2025-02-27 02:50:21.481  val_finetune_dtvu_steps_3/acc@20 = 0.8167  
2025-02-27 02:50:21.481  
  
2025-02-27 02:50:21.827  
  
2025-02-27 02:50:21.827  [TRN] epoch_18  
2025-02-27 02:50:21.827  =============================================  
2025-02-27 02:50:21.827  trn/loss = 3.0461  
2025-02-27 02:50:21.827  trn/acc@01 = 0.3442  
2025-02-27 02:50:21.827  trn/acc@05 = 0.5962  
2025-02-27 02:50:21.827  trn/acc@10 = 0.7327  
2025-02-27 02:50:21.827  trn/acc@20 = 0.8423  
2025-02-27 02:50:21.827  
  
2025-02-27 02:50:21.858  
  
2025-02-27 02:50:21.858  [VAL_FINETUNE_DTVU_STEPS_1] epoch_18  
2025-02-27 02:50:21.858  =============================================  
2025-02-27 02:50:21.858  val_finetune_dtvu_steps_1/loss = 2.6235  
2025-02-27 02:50:21.858  val_finetune_dtvu_steps_1/acc@01 = 0.4000  
2025-02-27 02:50:21.858  val_finetune_dtvu_steps_1/acc@05 = 0.8000  
2025-02-27 02:50:21.858  val_finetune_dtvu_steps_1/acc@10 = 0.8500  
2025-02-27 02:50:21.858  val_finetune_dtvu_steps_1/acc@20 = 0.9000  
2025-02-27 02:50:21.858  
  
2025-02-27 02:50:21.907  
  
2025-02-27 02:50:21.907  [VAL_FINETUNE_DTVU_STEPS_3] epoch_18  
2025-02-27 02:50:21.907  =============================================  
2025-02-27 02:50:21.907  val_finetune_dtvu_steps_3/loss = 2.9362  
2025-02-27 02:50:21.907  val_finetune_dtvu_steps_3/acc@01 = 0.3833  
2025-02-27 02:50:21.907  val_finetune_dtvu_steps_3/acc@05 = 0.7333  
2025-02-27 02:50:21.907  val_finetune_dtvu_steps_3/acc@10 = 0.7833  
2025-02-27 02:50:21.907  val_finetune_dtvu_steps_3/acc@20 = 0.8667  
2025-02-27 02:50:21.907  
  
2025-02-27 02:50:22.239  
  
2025-02-27 02:50:22.239  [TRN] epoch_19  
2025-02-27 02:50:22.239  =============================================  
2025-02-27 02:50:22.239  trn/loss = 3.1025  
2025-02-27 02:50:22.250  trn/acc@01 = 0.2916  
2025-02-27 02:50:22.250  trn/acc@05 = 0.5701  
2025-02-27 02:50:22.250  trn/acc@10 = 0.7159  
2025-02-27 02:50:22.250  trn/acc@20 = 0.8449  
2025-02-27 02:50:22.250  
  
2025-02-27 02:50:22.286  
  
2025-02-27 02:50:22.286  [VAL_FINETUNE_DTVU_STEPS_1] epoch_19  
2025-02-27 02:50:22.286  =============================================  
2025-02-27 02:50:22.286  val_finetune_dtvu_steps_1/loss = 2.6172  
2025-02-27 02:50:22.286  val_finetune_dtvu_steps_1/acc@01 = 0.4000  
2025-02-27 02:50:22.286  val_finetune_dtvu_steps_1/acc@05 = 0.8000  
2025-02-27 02:50:22.286  val_finetune_dtvu_steps_1/acc@10 = 0.8500  
2025-02-27 02:50:22.286  val_finetune_dtvu_steps_1/acc@20 = 0.9000  
2025-02-27 02:50:22.286  
  
2025-02-27 02:50:22.317  
  
2025-02-27 02:50:22.317  [VAL_FINETUNE_DTVU_STEPS_3] epoch_19  
2025-02-27 02:50:22.317  =============================================  
2025-02-27 02:50:22.317  val_finetune_dtvu_steps_3/loss = 2.9108  
2025-02-27 02:50:22.317  val_finetune_dtvu_steps_3/acc@01 = 0.3833  
2025-02-27 02:50:22.317  val_finetune_dtvu_steps_3/acc@05 = 0.7500  
2025-02-27 02:50:22.317  val_finetune_dtvu_steps_3/acc@10 = 0.7833  
2025-02-27 02:50:22.317  val_finetune_dtvu_steps_3/acc@20 = 0.8333  
2025-02-27 02:50:22.317  
  
2025-02-27 02:50:22.616  
  
2025-02-27 02:50:22.616  [TRN] epoch_20  
2025-02-27 02:50:22.616  =============================================  
2025-02-27 02:50:22.616  trn/loss = 3.0009  
2025-02-27 02:50:22.616  trn/acc@01 = 0.3102  
2025-02-27 02:50:22.616  trn/acc@05 = 0.6122  
2025-02-27 02:50:22.616  trn/acc@10 = 0.7224  
2025-02-27 02:50:22.616  trn/acc@20 = 0.8694  
2025-02-27 02:50:22.616  
  
2025-02-27 02:50:22.663  
  
2025-02-27 02:50:22.663  [VAL_FINETUNE_DTVU_STEPS_1] epoch_20  
2025-02-27 02:50:22.663  =============================================  
2025-02-27 02:50:22.663  val_finetune_dtvu_steps_1/loss = 2.5918  
2025-02-27 02:50:22.663  val_finetune_dtvu_steps_1/acc@01 = 0.4000  
2025-02-27 02:50:22.663  val_finetune_dtvu_steps_1/acc@05 = 0.8500  
2025-02-27 02:50:22.663  val_finetune_dtvu_steps_1/acc@10 = 0.8500  
2025-02-27 02:50:22.663  val_finetune_dtvu_steps_1/acc@20 = 0.8500  
2025-02-27 02:50:22.663  
  
2025-02-27 02:50:22.696  
  
2025-02-27 02:50:22.696  [VAL_FINETUNE_DTVU_STEPS_3] epoch_20  
2025-02-27 02:50:22.696  =============================================  
2025-02-27 02:50:22.696  val_finetune_dtvu_steps_3/loss = 2.9394  
2025-02-27 02:50:22.696  val_finetune_dtvu_steps_3/acc@01 = 0.3833  
2025-02-27 02:50:22.696  val_finetune_dtvu_steps_3/acc@05 = 0.7500  
2025-02-27 02:50:22.696  val_finetune_dtvu_steps_3/acc@10 = 0.7833  
2025-02-27 02:50:22.696  val_finetune_dtvu_steps_3/acc@20 = 0.8000  
2025-02-27 02:50:22.696  
  
2025-02-27 02:50:23.042  
  
2025-02-27 02:50:23.042  [TRN] epoch_21  
2025-02-27 02:50:23.042  =============================================  
2025-02-27 02:50:23.042  trn/loss = 3.0047  
2025-02-27 02:50:23.042  trn/acc@01 = 0.3157  
2025-02-27 02:50:23.042  trn/acc@05 = 0.6157  
2025-02-27 02:50:23.042  trn/acc@10 = 0.7490  
2025-02-27 02:50:23.042  trn/acc@20 = 0.8588  
2025-02-27 02:50:23.042  
  
2025-02-27 02:50:23.074  
  
2025-02-27 02:50:23.074  [VAL_FINETUNE_DTVU_STEPS_1] epoch_21  
2025-02-27 02:50:23.074  =============================================  
2025-02-27 02:50:23.074  val_finetune_dtvu_steps_1/loss = 2.6375  
2025-02-27 02:50:23.074  val_finetune_dtvu_steps_1/acc@01 = 0.4000  
2025-02-27 02:50:23.074  val_finetune_dtvu_steps_1/acc@05 = 0.8000  
2025-02-27 02:50:23.074  val_finetune_dtvu_steps_1/acc@10 = 0.8500  
2025-02-27 02:50:23.074  val_finetune_dtvu_steps_1/acc@20 = 0.8500  
2025-02-27 02:50:23.074  
  
2025-02-27 02:50:23.118  
  
2025-02-27 02:50:23.118  [VAL_FINETUNE_DTVU_STEPS_3] epoch_21  
2025-02-27 02:50:23.118  =============================================  
2025-02-27 02:50:23.118  val_finetune_dtvu_steps_3/loss = 2.9333  
2025-02-27 02:50:23.118  val_finetune_dtvu_steps_3/acc@01 = 0.3833  
2025-02-27 02:50:23.118  val_finetune_dtvu_steps_3/acc@05 = 0.7167  
2025-02-27 02:50:23.118  val_finetune_dtvu_steps_3/acc@10 = 0.7833  
2025-02-27 02:50:23.118  val_finetune_dtvu_steps_3/acc@20 = 0.8000  
2025-02-27 02:50:23.118  
  
2025-02-27 02:50:23.442  
  
2025-02-27 02:50:23.442  [TRN] epoch_22  
2025-02-27 02:50:23.442  =============================================  
2025-02-27 02:50:23.442  trn/loss = 3.0901  
2025-02-27 02:50:23.442  trn/acc@01 = 0.3143  
2025-02-27 02:50:23.442  trn/acc@05 = 0.5848  
2025-02-27 02:50:23.442  trn/acc@10 = 0.7086  
2025-02-27 02:50:23.442  trn/acc@20 = 0.8514  
2025-02-27 02:50:23.442  
  
2025-02-27 02:50:23.479  
  
2025-02-27 02:50:23.479  [VAL_FINETUNE_DTVU_STEPS_1] epoch_22  
2025-02-27 02:50:23.479  =============================================  
2025-02-27 02:50:23.479  val_finetune_dtvu_steps_1/loss = 2.6388  
2025-02-27 02:50:23.479  val_finetune_dtvu_steps_1/acc@01 = 0.4000  
2025-02-27 02:50:23.479  val_finetune_dtvu_steps_1/acc@05 = 0.8000  
2025-02-27 02:50:23.479  val_finetune_dtvu_steps_1/acc@10 = 0.8500  
2025-02-27 02:50:23.479  val_finetune_dtvu_steps_1/acc@20 = 0.8500  
2025-02-27 02:50:23.479  
  
2025-02-27 02:50:23.515  
  
2025-02-27 02:50:23.515  [VAL_FINETUNE_DTVU_STEPS_3] epoch_22  
2025-02-27 02:50:23.515  =============================================  
2025-02-27 02:50:23.515  val_finetune_dtvu_steps_3/loss = 2.9151  
2025-02-27 02:50:23.515  val_finetune_dtvu_steps_3/acc@01 = 0.3833  
2025-02-27 02:50:23.515  val_finetune_dtvu_steps_3/acc@05 = 0.7167  
2025-02-27 02:50:23.515  val_finetune_dtvu_steps_3/acc@10 = 0.7833  
2025-02-27 02:50:23.515  val_finetune_dtvu_steps_3/acc@20 = 0.8167  
2025-02-27 02:50:23.515  
  
2025-02-27 02:50:23.845  
  
2025-02-27 02:50:23.845  [TRN] epoch_23  
2025-02-27 02:50:23.845  =============================================  
2025-02-27 02:50:23.845  trn/loss = 3.0422  
2025-02-27 02:50:23.845  trn/acc@01 = 0.3049  
2025-02-27 02:50:23.845  trn/acc@05 = 0.5883  
2025-02-27 02:50:23.845  trn/acc@10 = 0.7184  
2025-02-27 02:50:23.845  trn/acc@20 = 0.8524  
2025-02-27 02:50:23.845  
  
2025-02-27 02:50:23.877  
  
2025-02-27 02:50:23.877  [VAL_FINETUNE_DTVU_STEPS_1] epoch_23  
2025-02-27 02:50:23.877  =============================================  
2025-02-27 02:50:23.877  val_finetune_dtvu_steps_1/loss = 2.6351  
2025-02-27 02:50:23.877  val_finetune_dtvu_steps_1/acc@01 = 0.4000  
2025-02-27 02:50:23.877  val_finetune_dtvu_steps_1/acc@05 = 0.8000  
2025-02-27 02:50:23.877  val_finetune_dtvu_steps_1/acc@10 = 0.8500  
2025-02-27 02:50:23.877  val_finetune_dtvu_steps_1/acc@20 = 0.8500  
2025-02-27 02:50:23.877  
  
2025-02-27 02:50:23.924  
  
2025-02-27 02:50:23.924  [VAL_FINETUNE_DTVU_STEPS_3] epoch_23  
2025-02-27 02:50:23.924  =============================================  
2025-02-27 02:50:23.924  val_finetune_dtvu_steps_3/loss = 2.9084  
2025-02-27 02:50:23.924  val_finetune_dtvu_steps_3/acc@01 = 0.3833  
2025-02-27 02:50:23.924  val_finetune_dtvu_steps_3/acc@05 = 0.7167  
2025-02-27 02:50:23.924  val_finetune_dtvu_steps_3/acc@10 = 0.7833  
2025-02-27 02:50:23.924  val_finetune_dtvu_steps_3/acc@20 = 0.8167  
2025-02-27 02:50:23.924  
  
2025-02-27 02:50:24.256  
  
2025-02-27 02:50:24.256  [TRN] epoch_24  
2025-02-27 02:50:24.256  =============================================  
2025-02-27 02:50:24.256  trn/loss = 2.9935  
2025-02-27 02:50:24.256  trn/acc@01 = 0.3184  
2025-02-27 02:50:24.256  trn/acc@05 = 0.6291  
2025-02-27 02:50:24.256  trn/acc@10 = 0.7612  
2025-02-27 02:50:24.256  trn/acc@20 = 0.8466  
2025-02-27 02:50:24.256  
  
2025-02-27 02:50:24.288  
  
2025-02-27 02:50:24.288  [VAL_FINETUNE_DTVU_STEPS_1] epoch_24  
2025-02-27 02:50:24.288  =============================================  
2025-02-27 02:50:24.288  val_finetune_dtvu_steps_1/loss = 2.6955  
2025-02-27 02:50:24.288  val_finetune_dtvu_steps_1/acc@01 = 0.4000  
2025-02-27 02:50:24.288  val_finetune_dtvu_steps_1/acc@05 = 0.8000  
2025-02-27 02:50:24.288  val_finetune_dtvu_steps_1/acc@10 = 0.8500  
2025-02-27 02:50:24.288  val_finetune_dtvu_steps_1/acc@20 = 0.8500  
2025-02-27 02:50:24.288  
  
2025-02-27 02:50:24.335  
  
2025-02-27 02:50:24.335  [VAL_FINETUNE_DTVU_STEPS_3] epoch_24  
2025-02-27 02:50:24.335  =============================================  
2025-02-27 02:50:24.335  val_finetune_dtvu_steps_3/loss = 2.9583  
2025-02-27 02:50:24.335  val_finetune_dtvu_steps_3/acc@01 = 0.3833  
2025-02-27 02:50:24.335  val_finetune_dtvu_steps_3/acc@05 = 0.7167  
2025-02-27 02:50:24.335  val_finetune_dtvu_steps_3/acc@10 = 0.7833  
2025-02-27 02:50:24.335  val_finetune_dtvu_steps_3/acc@20 = 0.8167  
2025-02-27 02:50:24.335  
  
2025-02-27 02:50:24.685  
  
2025-02-27 02:50:24.685  [TRN] epoch_25  
2025-02-27 02:50:24.685  =============================================  
2025-02-27 02:50:24.685  trn/loss = 2.8631  
2025-02-27 02:50:24.685  trn/acc@01 = 0.3333  
2025-02-27 02:50:24.685  trn/acc@05 = 0.6430  
2025-02-27 02:50:24.685  trn/acc@10 = 0.7613  
2025-02-27 02:50:24.685  trn/acc@20 = 0.8839  
2025-02-27 02:50:24.685  
  
2025-02-27 02:50:24.715  
  
2025-02-27 02:50:24.715  [VAL_FINETUNE_DTVU_STEPS_1] epoch_25  
2025-02-27 02:50:24.715  =============================================  
2025-02-27 02:50:24.715  val_finetune_dtvu_steps_1/loss = 2.6770  
2025-02-27 02:50:24.715  val_finetune_dtvu_steps_1/acc@01 = 0.4000  
2025-02-27 02:50:24.715  val_finetune_dtvu_steps_1/acc@05 = 0.8500  
2025-02-27 02:50:24.715  val_finetune_dtvu_steps_1/acc@10 = 0.8500  
2025-02-27 02:50:24.715  val_finetune_dtvu_steps_1/acc@20 = 0.8500  
2025-02-27 02:50:24.715  
  
2025-02-27 02:50:24.764  
  
2025-02-27 02:50:24.764  [VAL_FINETUNE_DTVU_STEPS_3] epoch_25  
2025-02-27 02:50:24.764  =============================================  
2025-02-27 02:50:24.764  val_finetune_dtvu_steps_3/loss = 2.9489  
2025-02-27 02:50:24.764  val_finetune_dtvu_steps_3/acc@01 = 0.4167  
2025-02-27 02:50:24.764  val_finetune_dtvu_steps_3/acc@05 = 0.7333  
2025-02-27 02:50:24.764  val_finetune_dtvu_steps_3/acc@10 = 0.7833  
2025-02-27 02:50:24.764  val_finetune_dtvu_steps_3/acc@20 = 0.8000  
2025-02-27 02:50:24.764  
  
2025-02-27 02:50:25.108  
  
2025-02-27 02:50:25.108  [TRN] epoch_26  
2025-02-27 02:50:25.108  =============================================  
2025-02-27 02:50:25.108  trn/loss = 3.0774  
2025-02-27 02:50:25.108  trn/acc@01 = 0.3273  
2025-02-27 02:50:25.108  trn/acc@05 = 0.5778  
2025-02-27 02:50:25.108  trn/acc@10 = 0.7172  
2025-02-27 02:50:25.108  trn/acc@20 = 0.8384  
2025-02-27 02:50:25.108  
  
2025-02-27 02:50:25.139  
  
2025-02-27 02:50:25.152  [VAL_FINETUNE_DTVU_STEPS_1] epoch_26  
2025-02-27 02:50:25.152  =============================================  
2025-02-27 02:50:25.152  val_finetune_dtvu_steps_1/loss = 2.6577  
2025-02-27 02:50:25.152  val_finetune_dtvu_steps_1/acc@01 = 0.4500  
2025-02-27 02:50:25.152  val_finetune_dtvu_steps_1/acc@05 = 0.8000  
2025-02-27 02:50:25.152  val_finetune_dtvu_steps_1/acc@10 = 0.8500  
2025-02-27 02:50:25.152  val_finetune_dtvu_steps_1/acc@20 = 0.8500  
2025-02-27 02:50:25.152  
  
2025-02-27 02:50:25.188  
  
2025-02-27 02:50:25.188  [VAL_FINETUNE_DTVU_STEPS_3] epoch_26  
2025-02-27 02:50:25.188  =============================================  
2025-02-27 02:50:25.188  val_finetune_dtvu_steps_3/loss = 2.9111  
2025-02-27 02:50:25.188  val_finetune_dtvu_steps_3/acc@01 = 0.3833  
2025-02-27 02:50:25.188  val_finetune_dtvu_steps_3/acc@05 = 0.7167  
2025-02-27 02:50:25.188  val_finetune_dtvu_steps_3/acc@10 = 0.7833  
2025-02-27 02:50:25.188  val_finetune_dtvu_steps_3/acc@20 = 0.8167  
2025-02-27 02:50:25.188  
  
2025-02-27 02:50:25.533  
  
2025-02-27 02:50:25.533  [TRN] epoch_27  
2025-02-27 02:50:25.533  =============================================  
2025-02-27 02:50:25.533  trn/loss = 3.0331  
2025-02-27 02:50:25.533  trn/acc@01 = 0.3120  
2025-02-27 02:50:25.533  trn/acc@05 = 0.5800  
2025-02-27 02:50:25.533  trn/acc@10 = 0.7320  
2025-02-27 02:50:25.533  trn/acc@20 = 0.8420  
2025-02-27 02:50:25.533  
  
2025-02-27 02:50:25.580  
  
2025-02-27 02:50:25.580  [VAL_FINETUNE_DTVU_STEPS_1] epoch_27  
2025-02-27 02:50:25.580  =============================================  
2025-02-27 02:50:25.580  val_finetune_dtvu_steps_1/loss = 2.6817  
2025-02-27 02:50:25.580  val_finetune_dtvu_steps_1/acc@01 = 0.4000  
2025-02-27 02:50:25.580  val_finetune_dtvu_steps_1/acc@05 = 0.7500  
2025-02-27 02:50:25.580  val_finetune_dtvu_steps_1/acc@10 = 0.8500  
2025-02-27 02:50:25.580  val_finetune_dtvu_steps_1/acc@20 = 0.8500  
2025-02-27 02:50:25.580  
  
2025-02-27 02:50:25.611  
  
2025-02-27 02:50:25.611  [VAL_FINETUNE_DTVU_STEPS_3] epoch_27  
2025-02-27 02:50:25.611  =============================================  
2025-02-27 02:50:25.611  val_finetune_dtvu_steps_3/loss = 2.9849  
2025-02-27 02:50:25.611  val_finetune_dtvu_steps_3/acc@01 = 0.3833  
2025-02-27 02:50:25.611  val_finetune_dtvu_steps_3/acc@05 = 0.7000  
2025-02-27 02:50:25.611  val_finetune_dtvu_steps_3/acc@10 = 0.7833  
2025-02-27 02:50:25.611  val_finetune_dtvu_steps_3/acc@20 = 0.8167  
2025-02-27 02:50:25.611  
  
2025-02-27 02:50:25.925  
  
2025-02-27 02:50:25.925  [TRN] epoch_28  
2025-02-27 02:50:25.925  =============================================  
2025-02-27 02:50:25.925  trn/loss = 2.6538  
2025-02-27 02:50:25.925  trn/acc@01 = 0.4000  
2025-02-27 02:50:25.925  trn/acc@05 = 0.6547  
2025-02-27 02:50:25.925  trn/acc@10 = 0.7600  
2025-02-27 02:50:25.925  trn/acc@20 = 0.8779  
2025-02-27 02:50:25.925  
  
2025-02-27 02:50:25.978  
  
2025-02-27 02:50:25.978  [VAL_FINETUNE_DTVU_STEPS_1] epoch_28  
2025-02-27 02:50:25.978  =============================================  
2025-02-27 02:50:25.978  val_finetune_dtvu_steps_1/loss = 2.6416  
2025-02-27 02:50:25.978  val_finetune_dtvu_steps_1/acc@01 = 0.4000  
2025-02-27 02:50:25.978  val_finetune_dtvu_steps_1/acc@05 = 0.8000  
2025-02-27 02:50:25.978  val_finetune_dtvu_steps_1/acc@10 = 0.8500  
2025-02-27 02:50:25.978  val_finetune_dtvu_steps_1/acc@20 = 0.8500  
2025-02-27 02:50:25.978  
  
2025-02-27 02:50:26.019  
  
2025-02-27 02:50:26.019  [VAL_FINETUNE_DTVU_STEPS_3] epoch_28  
2025-02-27 02:50:26.019  =============================================  
2025-02-27 02:50:26.019  val_finetune_dtvu_steps_3/loss = 2.9176  
2025-02-27 02:50:26.019  val_finetune_dtvu_steps_3/acc@01 = 0.3833  
2025-02-27 02:50:26.019  val_finetune_dtvu_steps_3/acc@05 = 0.7333  
2025-02-27 02:50:26.019  val_finetune_dtvu_steps_3/acc@10 = 0.7833  
2025-02-27 02:50:26.019  val_finetune_dtvu_steps_3/acc@20 = 0.8167  
2025-02-27 02:50:26.019  
  
2025-02-27 02:50:26.334  
  
2025-02-27 02:50:26.334  [TRN] epoch_29  
2025-02-27 02:50:26.334  =============================================  
2025-02-27 02:50:26.334  trn/loss = 2.8471  
2025-02-27 02:50:26.334  trn/acc@01 = 0.3114  
2025-02-27 02:50:26.334  trn/acc@05 = 0.6114  
2025-02-27 02:50:26.334  trn/acc@10 = 0.7455  
2025-02-27 02:50:26.334  trn/acc@20 = 0.8682  
2025-02-27 02:50:26.334  
  
2025-02-27 02:50:26.382  
  
2025-02-27 02:50:26.382  [VAL_FINETUNE_DTVU_STEPS_1] epoch_29  
2025-02-27 02:50:26.382  =============================================  
2025-02-27 02:50:26.382  val_finetune_dtvu_steps_1/loss = 2.6662  
2025-02-27 02:50:26.382  val_finetune_dtvu_steps_1/acc@01 = 0.4500  
2025-02-27 02:50:26.382  val_finetune_dtvu_steps_1/acc@05 = 0.7500  
2025-02-27 02:50:26.382  val_finetune_dtvu_steps_1/acc@10 = 0.8500  
2025-02-27 02:50:26.382  val_finetune_dtvu_steps_1/acc@20 = 0.8500  
2025-02-27 02:50:26.382  
  
2025-02-27 02:50:26.423  
  
2025-02-27 02:50:26.423  [VAL_FINETUNE_DTVU_STEPS_3] epoch_29  
2025-02-27 02:50:26.423  =============================================  
2025-02-27 02:50:26.423  val_finetune_dtvu_steps_3/loss = 2.9098  
2025-02-27 02:50:26.423  val_finetune_dtvu_steps_3/acc@01 = 0.3833  
2025-02-27 02:50:26.423  val_finetune_dtvu_steps_3/acc@05 = 0.7000  
2025-02-27 02:50:26.423  val_finetune_dtvu_steps_3/acc@10 = 0.7833  
2025-02-27 02:50:26.423  val_finetune_dtvu_steps_3/acc@20 = 0.8167  
2025-02-27 02:50:26.423  
  
2025-02-27 02:50:26.742  
  
2025-02-27 02:50:26.742  [TRN] epoch_30  
2025-02-27 02:50:26.742  =============================================  
2025-02-27 02:50:26.742  trn/loss = 2.8183  
2025-02-27 02:50:26.742  trn/acc@01 = 0.3297  
2025-02-27 02:50:26.742  trn/acc@05 = 0.6162  
2025-02-27 02:50:26.742  trn/acc@10 = 0.7550  
2025-02-27 02:50:26.742  trn/acc@20 = 0.8739  
2025-02-27 02:50:26.742  
  
2025-02-27 02:50:26.773  
  
2025-02-27 02:50:26.773  [VAL_FINETUNE_DTVU_STEPS_1] epoch_30  
2025-02-27 02:50:26.773  =============================================  
2025-02-27 02:50:26.773  val_finetune_dtvu_steps_1/loss = 2.6817  
2025-02-27 02:50:26.773  val_finetune_dtvu_steps_1/acc@01 = 0.4500  
2025-02-27 02:50:26.773  val_finetune_dtvu_steps_1/acc@05 = 0.8000  
2025-02-27 02:50:26.773  val_finetune_dtvu_steps_1/acc@10 = 0.8500  
2025-02-27 02:50:26.773  val_finetune_dtvu_steps_1/acc@20 = 0.8500  
2025-02-27 02:50:26.773  
  
2025-02-27 02:50:26.820  
  
2025-02-27 02:50:26.820  [VAL_FINETUNE_DTVU_STEPS_3] epoch_30  
2025-02-27 02:50:26.820  =============================================  
2025-02-27 02:50:26.820  val_finetune_dtvu_steps_3/loss = 2.9229  
2025-02-27 02:50:26.820  val_finetune_dtvu_steps_3/acc@01 = 0.4000  
2025-02-27 02:50:26.820  val_finetune_dtvu_steps_3/acc@05 = 0.7000  
2025-02-27 02:50:26.820  val_finetune_dtvu_steps_3/acc@10 = 0.7833  
2025-02-27 02:50:26.820  val_finetune_dtvu_steps_3/acc@20 = 0.8000  
2025-02-27 02:50:26.820  
  
2025-02-27 02:50:27.167  
  
2025-02-27 02:50:27.167  [TRN] epoch_31  
2025-02-27 02:50:27.167  =============================================  
2025-02-27 02:50:27.167  trn/loss = 2.8797  
2025-02-27 02:50:27.167  trn/acc@01 = 0.3036  
2025-02-27 02:50:27.167  trn/acc@05 = 0.6036  
2025-02-27 02:50:27.167  trn/acc@10 = 0.7436  
2025-02-27 02:50:27.167  trn/acc@20 = 0.8764  
2025-02-27 02:50:27.167  
  
2025-02-27 02:50:27.205  
  
2025-02-27 02:50:27.205  [VAL_FINETUNE_DTVU_STEPS_1] epoch_31  
2025-02-27 02:50:27.205  =============================================  
2025-02-27 02:50:27.205  val_finetune_dtvu_steps_1/loss = 2.6724  
2025-02-27 02:50:27.205  val_finetune_dtvu_steps_1/acc@01 = 0.4500  
2025-02-27 02:50:27.205  val_finetune_dtvu_steps_1/acc@05 = 0.8000  
2025-02-27 02:50:27.205  val_finetune_dtvu_steps_1/acc@10 = 0.8500  
2025-02-27 02:50:27.205  val_finetune_dtvu_steps_1/acc@20 = 0.8500  
2025-02-27 02:50:27.205  
  
2025-02-27 02:50:27.254  
  
2025-02-27 02:50:27.254  [VAL_FINETUNE_DTVU_STEPS_3] epoch_31  
2025-02-27 02:50:27.254  =============================================  
2025-02-27 02:50:27.254  val_finetune_dtvu_steps_3/loss = 2.9155  
2025-02-27 02:50:27.254  val_finetune_dtvu_steps_3/acc@01 = 0.4000  
2025-02-27 02:50:27.254  val_finetune_dtvu_steps_3/acc@05 = 0.7167  
2025-02-27 02:50:27.254  val_finetune_dtvu_steps_3/acc@10 = 0.7833  
2025-02-27 02:50:27.254  val_finetune_dtvu_steps_3/acc@20 = 0.8000  
2025-02-27 02:50:27.254  
  
2025-02-27 02:50:27.560  
  
2025-02-27 02:50:27.560  [TRN] epoch_32  
2025-02-27 02:50:27.560  =============================================  
2025-02-27 02:50:27.560  trn/loss = 2.8836  
2025-02-27 02:50:27.560  trn/acc@01 = 0.3319  
2025-02-27 02:50:27.560  trn/acc@05 = 0.6064  
2025-02-27 02:50:27.560  trn/acc@10 = 0.7426  
2025-02-27 02:50:27.560  trn/acc@20 = 0.8468  
2025-02-27 02:50:27.560  
  
2025-02-27 02:50:27.607  
  
2025-02-27 02:50:27.607  [VAL_FINETUNE_DTVU_STEPS_1] epoch_32  
2025-02-27 02:50:27.607  =============================================  
2025-02-27 02:50:27.607  val_finetune_dtvu_steps_1/loss = 2.6782  
2025-02-27 02:50:27.607  val_finetune_dtvu_steps_1/acc@01 = 0.4500  
2025-02-27 02:50:27.607  val_finetune_dtvu_steps_1/acc@05 = 0.7500  
2025-02-27 02:50:27.607  val_finetune_dtvu_steps_1/acc@10 = 0.8500  
2025-02-27 02:50:27.607  val_finetune_dtvu_steps_1/acc@20 = 0.9000  
2025-02-27 02:50:27.607  
  
2025-02-27 02:50:27.638  
  
2025-02-27 02:50:27.654  [VAL_FINETUNE_DTVU_STEPS_3] epoch_32  
2025-02-27 02:50:27.654  =============================================  
2025-02-27 02:50:27.654  val_finetune_dtvu_steps_3/loss = 2.8728  
2025-02-27 02:50:27.654  val_finetune_dtvu_steps_3/acc@01 = 0.3833  
2025-02-27 02:50:27.654  val_finetune_dtvu_steps_3/acc@05 = 0.7333  
2025-02-27 02:50:27.654  val_finetune_dtvu_steps_3/acc@10 = 0.7833  
2025-02-27 02:50:27.654  val_finetune_dtvu_steps_3/acc@20 = 0.8500  
2025-02-27 02:50:27.654  
  
2025-02-27 02:50:27.997  
  
2025-02-27 02:50:27.997  [TRN] epoch_33  
2025-02-27 02:50:27.997  =============================================  
2025-02-27 02:50:27.997  trn/loss = 2.8247  
2025-02-27 02:50:27.997  trn/acc@01 = 0.3476  
2025-02-27 02:50:27.997  trn/acc@05 = 0.5961  
2025-02-27 02:50:27.997  trn/acc@10 = 0.7495  
2025-02-27 02:50:27.997  trn/acc@20 = 0.8660  
2025-02-27 02:50:27.997  
  
2025-02-27 02:50:28.033  
  
2025-02-27 02:50:28.033  [VAL_FINETUNE_DTVU_STEPS_1] epoch_33  
2025-02-27 02:50:28.033  =============================================  
2025-02-27 02:50:28.033  val_finetune_dtvu_steps_1/loss = 2.5854  
2025-02-27 02:50:28.033  val_finetune_dtvu_steps_1/acc@01 = 0.4000  
2025-02-27 02:50:28.033  val_finetune_dtvu_steps_1/acc@05 = 0.7500  
2025-02-27 02:50:28.033  val_finetune_dtvu_steps_1/acc@10 = 0.8500  
2025-02-27 02:50:28.033  val_finetune_dtvu_steps_1/acc@20 = 0.9000  
2025-02-27 02:50:28.033  
  
2025-02-27 02:50:28.077  
  
2025-02-27 02:50:28.077  [VAL_FINETUNE_DTVU_STEPS_3] epoch_33  
2025-02-27 02:50:28.077  =============================================  
2025-02-27 02:50:28.077  val_finetune_dtvu_steps_3/loss = 2.7854  
2025-02-27 02:50:28.077  val_finetune_dtvu_steps_3/acc@01 = 0.4000  
2025-02-27 02:50:28.077  val_finetune_dtvu_steps_3/acc@05 = 0.7333  
2025-02-27 02:50:28.077  val_finetune_dtvu_steps_3/acc@10 = 0.7833  
2025-02-27 02:50:28.077  val_finetune_dtvu_steps_3/acc@20 = 0.8333  
2025-02-27 02:50:28.077  
  
2025-02-27 02:50:28.415  
  
2025-02-27 02:50:28.415  [TRN] epoch_34  
2025-02-27 02:50:28.415  =============================================  
2025-02-27 02:50:28.415  trn/loss = 2.7915  
2025-02-27 02:50:28.415  trn/acc@01 = 0.3455  
2025-02-27 02:50:28.415  trn/acc@05 = 0.6222  
2025-02-27 02:50:28.415  trn/acc@10 = 0.7232  
2025-02-27 02:50:28.415  trn/acc@20 = 0.8768  
2025-02-27 02:50:28.415  
  
2025-02-27 02:50:28.470  
  
2025-02-27 02:50:28.471  [VAL_FINETUNE_DTVU_STEPS_1] epoch_34  
2025-02-27 02:50:28.471  =============================================  
2025-02-27 02:50:28.471  val_finetune_dtvu_steps_1/loss = 2.6335  
2025-02-27 02:50:28.471  val_finetune_dtvu_steps_1/acc@01 = 0.4000  
2025-02-27 02:50:28.471  val_finetune_dtvu_steps_1/acc@05 = 0.7000  
2025-02-27 02:50:28.471  val_finetune_dtvu_steps_1/acc@10 = 0.9000  
2025-02-27 02:50:28.471  val_finetune_dtvu_steps_1/acc@20 = 0.9000  
2025-02-27 02:50:28.471  
  
2025-02-27 02:50:28.521  
  
2025-02-27 02:50:28.521  [VAL_FINETUNE_DTVU_STEPS_3] epoch_34  
2025-02-27 02:50:28.521  =============================================  
2025-02-27 02:50:28.521  val_finetune_dtvu_steps_3/loss = 2.8280  
2025-02-27 02:50:28.521  val_finetune_dtvu_steps_3/acc@01 = 0.3667  
2025-02-27 02:50:28.521  val_finetune_dtvu_steps_3/acc@05 = 0.7167  
2025-02-27 02:50:28.521  val_finetune_dtvu_steps_3/acc@10 = 0.8000  
2025-02-27 02:50:28.521  val_finetune_dtvu_steps_3/acc@20 = 0.8500  
2025-02-27 02:50:28.521  
  
2025-02-27 02:50:28.892  
  
2025-02-27 02:50:28.892  [TRN] epoch_35  
2025-02-27 02:50:28.892  =============================================  
2025-02-27 02:50:28.892  trn/loss = 2.9095  
2025-02-27 02:50:28.892  trn/acc@01 = 0.2947  
2025-02-27 02:50:28.892  trn/acc@05 = 0.5853  
2025-02-27 02:50:28.893  trn/acc@10 = 0.7368  
2025-02-27 02:50:28.893  trn/acc@20 = 0.8611  
2025-02-27 02:50:28.893  
  
2025-02-27 02:50:28.937  
  
2025-02-27 02:50:28.937  [VAL_FINETUNE_DTVU_STEPS_1] epoch_35  
2025-02-27 02:50:28.938  =============================================  
2025-02-27 02:50:28.938  val_finetune_dtvu_steps_1/loss = 2.5211  
2025-02-27 02:50:28.938  val_finetune_dtvu_steps_1/acc@01 = 0.4000  
2025-02-27 02:50:28.938  val_finetune_dtvu_steps_1/acc@05 = 0.8000  
2025-02-27 02:50:28.938  val_finetune_dtvu_steps_1/acc@10 = 0.9000  
2025-02-27 02:50:28.938  val_finetune_dtvu_steps_1/acc@20 = 0.9000  
2025-02-27 02:50:28.938  
  
2025-02-27 02:50:28.987  
  
2025-02-27 02:50:28.987  [VAL_FINETUNE_DTVU_STEPS_3] epoch_35  
2025-02-27 02:50:28.987  =============================================  
2025-02-27 02:50:28.987  val_finetune_dtvu_steps_3/loss = 2.7880  
2025-02-27 02:50:28.987  val_finetune_dtvu_steps_3/acc@01 = 0.4000  
2025-02-27 02:50:28.987  val_finetune_dtvu_steps_3/acc@05 = 0.7167  
2025-02-27 02:50:28.987  val_finetune_dtvu_steps_3/acc@10 = 0.8333  
2025-02-27 02:50:28.987  val_finetune_dtvu_steps_3/acc@20 = 0.8500  
2025-02-27 02:50:28.987  
  
2025-02-27 02:50:29.359  
  
2025-02-27 02:50:29.359  [TRN] epoch_36  
2025-02-27 02:50:29.359  =============================================  
2025-02-27 02:50:29.359  trn/loss = 2.7692  
2025-02-27 02:50:29.359  trn/acc@01 = 0.2970  
2025-02-27 02:50:29.359  trn/acc@05 = 0.6376  
2025-02-27 02:50:29.359  trn/acc@10 = 0.7723  
2025-02-27 02:50:29.359  trn/acc@20 = 0.8792  
2025-02-27 02:50:29.359  
  
2025-02-27 02:50:29.399  
  
2025-02-27 02:50:29.399  [VAL_FINETUNE_DTVU_STEPS_1] epoch_36  
2025-02-27 02:50:29.399  =============================================  
2025-02-27 02:50:29.399  val_finetune_dtvu_steps_1/loss = 2.5458  
2025-02-27 02:50:29.399  val_finetune_dtvu_steps_1/acc@01 = 0.4500  
2025-02-27 02:50:29.399  val_finetune_dtvu_steps_1/acc@05 = 0.8500  
2025-02-27 02:50:29.399  val_finetune_dtvu_steps_1/acc@10 = 0.9000  
2025-02-27 02:50:29.399  val_finetune_dtvu_steps_1/acc@20 = 0.9000  
2025-02-27 02:50:29.399  
  
2025-02-27 02:50:29.454  
  
2025-02-27 02:50:29.454  [VAL_FINETUNE_DTVU_STEPS_3] epoch_36  
2025-02-27 02:50:29.454  =============================================  
2025-02-27 02:50:29.454  val_finetune_dtvu_steps_3/loss = 2.7865  
2025-02-27 02:50:29.456  val_finetune_dtvu_steps_3/acc@01 = 0.4167  
2025-02-27 02:50:29.456  val_finetune_dtvu_steps_3/acc@05 = 0.7500  
2025-02-27 02:50:29.456  val_finetune_dtvu_steps_3/acc@10 = 0.8167  
2025-02-27 02:50:29.456  val_finetune_dtvu_steps_3/acc@20 = 0.8500  
2025-02-27 02:50:29.456  
  
2025-02-27 02:50:29.824  
  
2025-02-27 02:50:29.824  [TRN] epoch_37  
2025-02-27 02:50:29.824  =============================================  
2025-02-27 02:50:29.824  trn/loss = 2.5420  
2025-02-27 02:50:29.824  trn/acc@01 = 0.3980  
2025-02-27 02:50:29.824  trn/acc@05 = 0.6667  
2025-02-27 02:50:29.824  trn/acc@10 = 0.7843  
2025-02-27 02:50:29.824  trn/acc@20 = 0.8824  
2025-02-27 02:50:29.824  
  
2025-02-27 02:50:29.866  
  
2025-02-27 02:50:29.866  [VAL_FINETUNE_DTVU_STEPS_1] epoch_37  
2025-02-27 02:50:29.866  =============================================  
2025-02-27 02:50:29.866  val_finetune_dtvu_steps_1/loss = 2.5631  
2025-02-27 02:50:29.866  val_finetune_dtvu_steps_1/acc@01 = 0.4000  
2025-02-27 02:50:29.866  val_finetune_dtvu_steps_1/acc@05 = 0.8000  
2025-02-27 02:50:29.866  val_finetune_dtvu_steps_1/acc@10 = 0.9000  
2025-02-27 02:50:29.866  val_finetune_dtvu_steps_1/acc@20 = 0.9000  
2025-02-27 02:50:29.866  
  
2025-02-27 02:50:29.907  
  
2025-02-27 02:50:29.907  [VAL_FINETUNE_DTVU_STEPS_3] epoch_37  
2025-02-27 02:50:29.907  =============================================  
2025-02-27 02:50:29.907  val_finetune_dtvu_steps_3/loss = 2.7876  
2025-02-27 02:50:29.907  val_finetune_dtvu_steps_3/acc@01 = 0.4000  
2025-02-27 02:50:29.907  val_finetune_dtvu_steps_3/acc@05 = 0.7167  
2025-02-27 02:50:29.907  val_finetune_dtvu_steps_3/acc@10 = 0.8000  
2025-02-27 02:50:29.907  val_finetune_dtvu_steps_3/acc@20 = 0.8500  
2025-02-27 02:50:29.907  
  
2025-02-27 02:50:30.281  
  
2025-02-27 02:50:30.281  [TRN] epoch_38  
2025-02-27 02:50:30.281  =============================================  
2025-02-27 02:50:30.281  trn/loss = 2.5927  
2025-02-27 02:50:30.281  trn/acc@01 = 0.3596  
2025-02-27 02:50:30.281  trn/acc@05 = 0.6707  
2025-02-27 02:50:30.281  trn/acc@10 = 0.8162  
2025-02-27 02:50:30.281  trn/acc@20 = 0.9051  
2025-02-27 02:50:30.281  
  
2025-02-27 02:50:30.323  
  
2025-02-27 02:50:30.323  [VAL_FINETUNE_DTVU_STEPS_1] epoch_38  
2025-02-27 02:50:30.323  =============================================  
2025-02-27 02:50:30.323  val_finetune_dtvu_steps_1/loss = 2.5432  
2025-02-27 02:50:30.323  val_finetune_dtvu_steps_1/acc@01 = 0.4000  
2025-02-27 02:50:30.323  val_finetune_dtvu_steps_1/acc@05 = 0.8000  
2025-02-27 02:50:30.323  val_finetune_dtvu_steps_1/acc@10 = 0.8500  
2025-02-27 02:50:30.323  val_finetune_dtvu_steps_1/acc@20 = 0.9000  
2025-02-27 02:50:30.323  
  
2025-02-27 02:50:30.384  
  
2025-02-27 02:50:30.384  [VAL_FINETUNE_DTVU_STEPS_3] epoch_38  
2025-02-27 02:50:30.384  =============================================  
2025-02-27 02:50:30.384  val_finetune_dtvu_steps_3/loss = 2.7637  
2025-02-27 02:50:30.384  val_finetune_dtvu_steps_3/acc@01 = 0.4000  
2025-02-27 02:50:30.385  val_finetune_dtvu_steps_3/acc@05 = 0.7500  
2025-02-27 02:50:30.385  val_finetune_dtvu_steps_3/acc@10 = 0.8000  
2025-02-27 02:50:30.385  val_finetune_dtvu_steps_3/acc@20 = 0.8500  
2025-02-27 02:50:30.385  
  
2025-02-27 02:50:30.766  
  
2025-02-27 02:50:30.766  [TRN] epoch_39  
2025-02-27 02:50:30.766  =============================================  
2025-02-27 02:50:30.766  trn/loss = 2.6914  
2025-02-27 02:50:30.766  trn/acc@01 = 0.3434  
2025-02-27 02:50:30.766  trn/acc@05 = 0.6389  
2025-02-27 02:50:30.766  trn/acc@10 = 0.7646  
2025-02-27 02:50:30.766  trn/acc@20 = 0.8796  
2025-02-27 02:50:30.766  
  
2025-02-27 02:50:30.817  
  
2025-02-27 02:50:30.817  [VAL_FINETUNE_DTVU_STEPS_1] epoch_39  
2025-02-27 02:50:30.817  =============================================  
2025-02-27 02:50:30.817  val_finetune_dtvu_steps_1/loss = 2.5309  
2025-02-27 02:50:30.817  val_finetune_dtvu_steps_1/acc@01 = 0.4000  
2025-02-27 02:50:30.818  val_finetune_dtvu_steps_1/acc@05 = 0.8000  
2025-02-27 02:50:30.818  val_finetune_dtvu_steps_1/acc@10 = 0.8500  
2025-02-27 02:50:30.818  val_finetune_dtvu_steps_1/acc@20 = 0.9000  
2025-02-27 02:50:30.818  
  
2025-02-27 02:50:30.866  
  
2025-02-27 02:50:30.866  [VAL_FINETUNE_DTVU_STEPS_3] epoch_39  
2025-02-27 02:50:30.866  =============================================  
2025-02-27 02:50:30.866  val_finetune_dtvu_steps_3/loss = 2.7622  
2025-02-27 02:50:30.866  val_finetune_dtvu_steps_3/acc@01 = 0.4000  
2025-02-27 02:50:30.866  val_finetune_dtvu_steps_3/acc@05 = 0.7500  
2025-02-27 02:50:30.866  val_finetune_dtvu_steps_3/acc@10 = 0.8000  
2025-02-27 02:50:30.866  val_finetune_dtvu_steps_3/acc@20 = 0.8500  
2025-02-27 02:50:30.866  
  
2025-02-27 02:50:31.458  
  
2025-02-27 02:50:31.460  [TRN] epoch_40  
2025-02-27 02:50:31.460  =============================================  
2025-02-27 02:50:31.460  trn/loss = 2.8301  
2025-02-27 02:50:31.460  trn/acc@01 = 0.2949  
2025-02-27 02:50:31.460  trn/acc@05 = 0.6169  
2025-02-27 02:50:31.460  trn/acc@10 = 0.7627  
2025-02-27 02:50:31.460  trn/acc@20 = 0.9017  
2025-02-27 02:50:31.460  
  
2025-02-27 02:50:31.510  
  
2025-02-27 02:50:31.510  [VAL_FINETUNE_DTVU_STEPS_1] epoch_40  
2025-02-27 02:50:31.510  =============================================  
2025-02-27 02:50:31.510  val_finetune_dtvu_steps_1/loss = 2.5728  
2025-02-27 02:50:31.510  val_finetune_dtvu_steps_1/acc@01 = 0.4000  
2025-02-27 02:50:31.510  val_finetune_dtvu_steps_1/acc@05 = 0.9000  
2025-02-27 02:50:31.510  val_finetune_dtvu_steps_1/acc@10 = 0.9000  
2025-02-27 02:50:31.510  val_finetune_dtvu_steps_1/acc@20 = 0.9000  
2025-02-27 02:50:31.510  
  
2025-02-27 02:50:31.553  
  
2025-02-27 02:50:31.553  [VAL_FINETUNE_DTVU_STEPS_3] epoch_40  
2025-02-27 02:50:31.553  =============================================  
2025-02-27 02:50:31.553  val_finetune_dtvu_steps_3/loss = 2.7464  
2025-02-27 02:50:31.553  val_finetune_dtvu_steps_3/acc@01 = 0.4333  
2025-02-27 02:50:31.553  val_finetune_dtvu_steps_3/acc@05 = 0.8167  
2025-02-27 02:50:31.553  val_finetune_dtvu_steps_3/acc@10 = 0.8167  
2025-02-27 02:50:31.553  val_finetune_dtvu_steps_3/acc@20 = 0.8500  
2025-02-27 02:50:31.553  
  
2025-02-27 02:50:31.897  
  
2025-02-27 02:50:31.897  [TRN] epoch_41  
2025-02-27 02:50:31.897  =============================================  
2025-02-27 02:50:31.897  trn/loss = 2.6831  
2025-02-27 02:50:31.897  trn/acc@01 = 0.3413  
2025-02-27 02:50:31.897  trn/acc@05 = 0.6459  
2025-02-27 02:50:31.897  trn/acc@10 = 0.7872  
2025-02-27 02:50:31.897  trn/acc@20 = 0.8844  
2025-02-27 02:50:31.897  
  
2025-02-27 02:50:31.960  
  
2025-02-27 02:50:31.960  [VAL_FINETUNE_DTVU_STEPS_1] epoch_41  
2025-02-27 02:50:31.960  =============================================  
2025-02-27 02:50:31.960  val_finetune_dtvu_steps_1/loss = 2.4977  
2025-02-27 02:50:31.960  val_finetune_dtvu_steps_1/acc@01 = 0.4000  
2025-02-27 02:50:31.960  val_finetune_dtvu_steps_1/acc@05 = 0.9000  
2025-02-27 02:50:31.960  val_finetune_dtvu_steps_1/acc@10 = 0.9000  
2025-02-27 02:50:31.960  val_finetune_dtvu_steps_1/acc@20 = 0.9000  
2025-02-27 02:50:31.960  
  
2025-02-27 02:50:32.006  
  
2025-02-27 02:50:32.006  [VAL_FINETUNE_DTVU_STEPS_3] epoch_41  
2025-02-27 02:50:32.006  =============================================  
2025-02-27 02:50:32.006  val_finetune_dtvu_steps_3/loss = 2.7669  
2025-02-27 02:50:32.006  val_finetune_dtvu_steps_3/acc@01 = 0.3167  
2025-02-27 02:50:32.007  val_finetune_dtvu_steps_3/acc@05 = 0.7833  
2025-02-27 02:50:32.007  val_finetune_dtvu_steps_3/acc@10 = 0.8167  
2025-02-27 02:50:32.007  val_finetune_dtvu_steps_3/acc@20 = 0.8500  
2025-02-27 02:50:32.007  
  
2025-02-27 02:50:32.358  
  
2025-02-27 02:50:32.358  [TRN] epoch_42  
2025-02-27 02:50:32.358  =============================================  
2025-02-27 02:50:32.358  trn/loss = 2.6162  
2025-02-27 02:50:32.358  trn/acc@01 = 0.3326  
2025-02-27 02:50:32.358  trn/acc@05 = 0.6565  
2025-02-27 02:50:32.358  trn/acc@10 = 0.7717  
2025-02-27 02:50:32.358  trn/acc@20 = 0.8913  
2025-02-27 02:50:32.358  
  
2025-02-27 02:50:32.402  
  
2025-02-27 02:50:32.402  [VAL_FINETUNE_DTVU_STEPS_1] epoch_42  
2025-02-27 02:50:32.402  =============================================  
2025-02-27 02:50:32.402  val_finetune_dtvu_steps_1/loss = 2.4960  
2025-02-27 02:50:32.402  val_finetune_dtvu_steps_1/acc@01 = 0.4500  
2025-02-27 02:50:32.402  val_finetune_dtvu_steps_1/acc@05 = 0.8500  
2025-02-27 02:50:32.402  val_finetune_dtvu_steps_1/acc@10 = 0.9000  
2025-02-27 02:50:32.402  val_finetune_dtvu_steps_1/acc@20 = 0.9000  
2025-02-27 02:50:32.402  
  
2025-02-27 02:50:32.451  
  
2025-02-27 02:50:32.451  [VAL_FINETUNE_DTVU_STEPS_3] epoch_42  
2025-02-27 02:50:32.451  =============================================  
2025-02-27 02:50:32.451  val_finetune_dtvu_steps_3/loss = 2.7961  
2025-02-27 02:50:32.451  val_finetune_dtvu_steps_3/acc@01 = 0.4167  
2025-02-27 02:50:32.451  val_finetune_dtvu_steps_3/acc@05 = 0.7667  
2025-02-27 02:50:32.451  val_finetune_dtvu_steps_3/acc@10 = 0.8000  
2025-02-27 02:50:32.451  val_finetune_dtvu_steps_3/acc@20 = 0.8500  
2025-02-27 02:50:32.451  
  
2025-02-27 02:50:32.831  
  
2025-02-27 02:50:32.831  [TRN] epoch_43  
2025-02-27 02:50:32.831  =============================================  
2025-02-27 02:50:32.831  trn/loss = 2.5726  
2025-02-27 02:50:32.831  trn/acc@01 = 0.3720  
2025-02-27 02:50:32.831  trn/acc@05 = 0.6748  
2025-02-27 02:50:32.831  trn/acc@10 = 0.7944  
2025-02-27 02:50:32.831  trn/acc@20 = 0.9047  
2025-02-27 02:50:32.831  
  
2025-02-27 02:50:32.863  
  
2025-02-27 02:50:32.863  [VAL_FINETUNE_DTVU_STEPS_1] epoch_43  
2025-02-27 02:50:32.863  =============================================  
2025-02-27 02:50:32.863  val_finetune_dtvu_steps_1/loss = 2.5775  
2025-02-27 02:50:32.863  val_finetune_dtvu_steps_1/acc@01 = 0.4000  
2025-02-27 02:50:32.863  val_finetune_dtvu_steps_1/acc@05 = 0.8000  
2025-02-27 02:50:32.863  val_finetune_dtvu_steps_1/acc@10 = 0.9000  
2025-02-27 02:50:32.863  val_finetune_dtvu_steps_1/acc@20 = 0.9000  
2025-02-27 02:50:32.863  
  
2025-02-27 02:50:32.911  
  
2025-02-27 02:50:32.911  [VAL_FINETUNE_DTVU_STEPS_3] epoch_43  
2025-02-27 02:50:32.911  =============================================  
2025-02-27 02:50:32.911  val_finetune_dtvu_steps_3/loss = 2.7470  
2025-02-27 02:50:32.911  val_finetune_dtvu_steps_3/acc@01 = 0.4000  
2025-02-27 02:50:32.911  val_finetune_dtvu_steps_3/acc@05 = 0.7500  
2025-02-27 02:50:32.911  val_finetune_dtvu_steps_3/acc@10 = 0.8167  
2025-02-27 02:50:32.911  val_finetune_dtvu_steps_3/acc@20 = 0.8500  
2025-02-27 02:50:32.911  
  
2025-02-27 02:50:33.241  
  
2025-02-27 02:50:33.241  [TRN] epoch_44  
2025-02-27 02:50:33.241  =============================================  
2025-02-27 02:50:33.241  trn/loss = 2.5722  
2025-02-27 02:50:33.241  trn/acc@01 = 0.3417  
2025-02-27 02:50:33.241  trn/acc@05 = 0.6835  
2025-02-27 02:50:33.241  trn/acc@10 = 0.7903  
2025-02-27 02:50:33.241  trn/acc@20 = 0.9087  
2025-02-27 02:50:33.241  
  
2025-02-27 02:50:33.288  
  
2025-02-27 02:50:33.288  [VAL_FINETUNE_DTVU_STEPS_1] epoch_44  
2025-02-27 02:50:33.288  =============================================  
2025-02-27 02:50:33.288  val_finetune_dtvu_steps_1/loss = 2.5459  
2025-02-27 02:50:33.288  val_finetune_dtvu_steps_1/acc@01 = 0.4500  
2025-02-27 02:50:33.288  val_finetune_dtvu_steps_1/acc@05 = 0.8000  
2025-02-27 02:50:33.288  val_finetune_dtvu_steps_1/acc@10 = 0.9000  
2025-02-27 02:50:33.288  val_finetune_dtvu_steps_1/acc@20 = 0.9000  
2025-02-27 02:50:33.288  
  
2025-02-27 02:50:33.340  
  
2025-02-27 02:50:33.340  [VAL_FINETUNE_DTVU_STEPS_3] epoch_44  
2025-02-27 02:50:33.340  =============================================  
2025-02-27 02:50:33.340  val_finetune_dtvu_steps_3/loss = 2.7424  
2025-02-27 02:50:33.340  val_finetune_dtvu_steps_3/acc@01 = 0.4000  
2025-02-27 02:50:33.340  val_finetune_dtvu_steps_3/acc@05 = 0.7333  
2025-02-27 02:50:33.340  val_finetune_dtvu_steps_3/acc@10 = 0.8333  
2025-02-27 02:50:33.340  val_finetune_dtvu_steps_3/acc@20 = 0.8500  
2025-02-27 02:50:33.340  
  
2025-02-27 02:50:33.668  
  
2025-02-27 02:50:33.668  [TRN] epoch_45  
2025-02-27 02:50:33.668  =============================================  
2025-02-27 02:50:33.668  trn/loss = 2.4657  
2025-02-27 02:50:33.668  trn/acc@01 = 0.3788  
2025-02-27 02:50:33.668  trn/acc@05 = 0.6962  
2025-02-27 02:50:33.668  trn/acc@10 = 0.8115  
2025-02-27 02:50:33.668  trn/acc@20 = 0.8942  
2025-02-27 02:50:33.668  
  
2025-02-27 02:50:33.699  
  
2025-02-27 02:50:33.699  [VAL_FINETUNE_DTVU_STEPS_1] epoch_45  
2025-02-27 02:50:33.699  =============================================  
2025-02-27 02:50:33.699  val_finetune_dtvu_steps_1/loss = 2.5425  
2025-02-27 02:50:33.699  val_finetune_dtvu_steps_1/acc@01 = 0.4500  
2025-02-27 02:50:33.699  val_finetune_dtvu_steps_1/acc@05 = 0.8000  
2025-02-27 02:50:33.699  val_finetune_dtvu_steps_1/acc@10 = 0.9000  
2025-02-27 02:50:33.699  val_finetune_dtvu_steps_1/acc@20 = 0.9000  
2025-02-27 02:50:33.699  
  
2025-02-27 02:50:33.757  
  
2025-02-27 02:50:33.757  [VAL_FINETUNE_DTVU_STEPS_3] epoch_45  
2025-02-27 02:50:33.757  =============================================  
2025-02-27 02:50:33.757  val_finetune_dtvu_steps_3/loss = 2.7266  
2025-02-27 02:50:33.757  val_finetune_dtvu_steps_3/acc@01 = 0.4000  
2025-02-27 02:50:33.757  val_finetune_dtvu_steps_3/acc@05 = 0.7333  
2025-02-27 02:50:33.757  val_finetune_dtvu_steps_3/acc@10 = 0.8167  
2025-02-27 02:50:33.757  val_finetune_dtvu_steps_3/acc@20 = 0.8500  
2025-02-27 02:50:33.757  
  
2025-02-27 02:50:34.075  
  
2025-02-27 02:50:34.075  [TRN] epoch_46  
2025-02-27 02:50:34.075  =============================================  
2025-02-27 02:50:34.075  trn/loss = 2.4967  
2025-02-27 02:50:34.075  trn/acc@01 = 0.3661  
2025-02-27 02:50:34.075  trn/acc@05 = 0.6911  
2025-02-27 02:50:34.075  trn/acc@10 = 0.8232  
2025-02-27 02:50:34.075  trn/acc@20 = 0.9161  
2025-02-27 02:50:34.075  
  
2025-02-27 02:50:34.124  
  
2025-02-27 02:50:34.124  [VAL_FINETUNE_DTVU_STEPS_1] epoch_46  
2025-02-27 02:50:34.124  =============================================  
2025-02-27 02:50:34.124  val_finetune_dtvu_steps_1/loss = 2.6156  
2025-02-27 02:50:34.124  val_finetune_dtvu_steps_1/acc@01 = 0.4000  
2025-02-27 02:50:34.124  val_finetune_dtvu_steps_1/acc@05 = 0.7500  
2025-02-27 02:50:34.124  val_finetune_dtvu_steps_1/acc@10 = 0.8000  
2025-02-27 02:50:34.124  val_finetune_dtvu_steps_1/acc@20 = 0.9000  
2025-02-27 02:50:34.124  
  
2025-02-27 02:50:34.157  
  
2025-02-27 02:50:34.157  [VAL_FINETUNE_DTVU_STEPS_3] epoch_46  
2025-02-27 02:50:34.157  =============================================  
2025-02-27 02:50:34.157  val_finetune_dtvu_steps_3/loss = 2.7640  
2025-02-27 02:50:34.157  val_finetune_dtvu_steps_3/acc@01 = 0.4000  
2025-02-27 02:50:34.157  val_finetune_dtvu_steps_3/acc@05 = 0.7167  
2025-02-27 02:50:34.157  val_finetune_dtvu_steps_3/acc@10 = 0.8000  
2025-02-27 02:50:34.157  val_finetune_dtvu_steps_3/acc@20 = 0.8500  
2025-02-27 02:50:34.157  
  
2025-02-27 02:50:34.498  
  
2025-02-27 02:50:34.498  [TRN] epoch_47  
2025-02-27 02:50:34.498  =============================================  
2025-02-27 02:50:34.498  trn/loss = 2.4316  
2025-02-27 02:50:34.498  trn/acc@01 = 0.3723  
2025-02-27 02:50:34.498  trn/acc@05 = 0.6809  
2025-02-27 02:50:34.498  trn/acc@10 = 0.8106  
2025-02-27 02:50:34.498  trn/acc@20 = 0.9277  
2025-02-27 02:50:34.498  
  
2025-02-27 02:50:34.538  
  
2025-02-27 02:50:34.538  [VAL_FINETUNE_DTVU_STEPS_1] epoch_47  
2025-02-27 02:50:34.538  =============================================  
2025-02-27 02:50:34.538  val_finetune_dtvu_steps_1/loss = 2.5910  
2025-02-27 02:50:34.538  val_finetune_dtvu_steps_1/acc@01 = 0.4500  
2025-02-27 02:50:34.538  val_finetune_dtvu_steps_1/acc@05 = 0.8000  
2025-02-27 02:50:34.538  val_finetune_dtvu_steps_1/acc@10 = 0.8500  
2025-02-27 02:50:34.538  val_finetune_dtvu_steps_1/acc@20 = 0.9000  
2025-02-27 02:50:34.538  
  
2025-02-27 02:50:34.576  
  
2025-02-27 02:50:34.576  [VAL_FINETUNE_DTVU_STEPS_3] epoch_47  
2025-02-27 02:50:34.576  =============================================  
2025-02-27 02:50:34.576  val_finetune_dtvu_steps_3/loss = 2.7539  
2025-02-27 02:50:34.576  val_finetune_dtvu_steps_3/acc@01 = 0.4000  
2025-02-27 02:50:34.576  val_finetune_dtvu_steps_3/acc@05 = 0.7333  
2025-02-27 02:50:34.577  val_finetune_dtvu_steps_3/acc@10 = 0.8167  
2025-02-27 02:50:34.577  val_finetune_dtvu_steps_3/acc@20 = 0.8500  
2025-02-27 02:50:34.577  
  
2025-02-27 02:50:34.891  
  
2025-02-27 02:50:34.891  [TRN] epoch_48  
2025-02-27 02:50:34.891  =============================================  
2025-02-27 02:50:34.891  trn/loss = 2.5020  
2025-02-27 02:50:34.891  trn/acc@01 = 0.3541  
2025-02-27 02:50:34.891  trn/acc@05 = 0.6807  
2025-02-27 02:50:34.891  trn/acc@10 = 0.8220  
2025-02-27 02:50:34.891  trn/acc@20 = 0.9156  
2025-02-27 02:50:34.891  
  
2025-02-27 02:50:34.923  
  
2025-02-27 02:50:34.923  [VAL_FINETUNE_DTVU_STEPS_1] epoch_48  
2025-02-27 02:50:34.923  =============================================  
2025-02-27 02:50:34.923  val_finetune_dtvu_steps_1/loss = 2.6211  
2025-02-27 02:50:34.923  val_finetune_dtvu_steps_1/acc@01 = 0.4000  
2025-02-27 02:50:34.923  val_finetune_dtvu_steps_1/acc@05 = 0.7500  
2025-02-27 02:50:34.923  val_finetune_dtvu_steps_1/acc@10 = 0.9000  
2025-02-27 02:50:34.923  val_finetune_dtvu_steps_1/acc@20 = 0.9000  
2025-02-27 02:50:34.923  
  
2025-02-27 02:50:34.957  
  
2025-02-27 02:50:34.970  [VAL_FINETUNE_DTVU_STEPS_3] epoch_48  
2025-02-27 02:50:34.970  =============================================  
2025-02-27 02:50:34.970  val_finetune_dtvu_steps_3/loss = 2.8202  
2025-02-27 02:50:34.970  val_finetune_dtvu_steps_3/acc@01 = 0.3833  
2025-02-27 02:50:34.970  val_finetune_dtvu_steps_3/acc@05 = 0.7167  
2025-02-27 02:50:34.970  val_finetune_dtvu_steps_3/acc@10 = 0.7833  
2025-02-27 02:50:34.970  val_finetune_dtvu_steps_3/acc@20 = 0.8667  
2025-02-27 02:50:34.970  
  
2025-02-27 02:50:35.257  
  
2025-02-27 02:50:35.257  [TRN] epoch_49  
2025-02-27 02:50:35.257  =============================================  
2025-02-27 02:50:35.257  trn/loss = 2.5005  
2025-02-27 02:50:35.257  trn/acc@01 = 0.3957  
2025-02-27 02:50:35.257  trn/acc@05 = 0.6848  
2025-02-27 02:50:35.257  trn/acc@10 = 0.7978  
2025-02-27 02:50:35.257  trn/acc@20 = 0.9152  
2025-02-27 02:50:35.257  
  
2025-02-27 02:50:35.297  
  
2025-02-27 02:50:35.297  [VAL_FINETUNE_DTVU_STEPS_1] epoch_49  
2025-02-27 02:50:35.297  =============================================  
2025-02-27 02:50:35.297  val_finetune_dtvu_steps_1/loss = 2.5876  
2025-02-27 02:50:35.298  val_finetune_dtvu_steps_1/acc@01 = 0.4500  
2025-02-27 02:50:35.298  val_finetune_dtvu_steps_1/acc@05 = 0.8000  
2025-02-27 02:50:35.298  val_finetune_dtvu_steps_1/acc@10 = 0.9000  
2025-02-27 02:50:35.298  val_finetune_dtvu_steps_1/acc@20 = 0.9000  
2025-02-27 02:50:35.298  
  
2025-02-27 02:50:35.335  
  
2025-02-27 02:50:35.335  [VAL_FINETUNE_DTVU_STEPS_3] epoch_49  
2025-02-27 02:50:35.335  =============================================  
2025-02-27 02:50:35.335  val_finetune_dtvu_steps_3/loss = 2.7533  
2025-02-27 02:50:35.335  val_finetune_dtvu_steps_3/acc@01 = 0.4500  
2025-02-27 02:50:35.335  val_finetune_dtvu_steps_3/acc@05 = 0.7333  
2025-02-27 02:50:35.335  val_finetune_dtvu_steps_3/acc@10 = 0.8000  
2025-02-27 02:50:35.335  val_finetune_dtvu_steps_3/acc@20 = 0.8333  
2025-02-27 02:50:35.336  
  
2025-02-27 02:50:35.627  
  
2025-02-27 02:50:35.627  [TRN] epoch_50  
2025-02-27 02:50:35.627  =============================================  
2025-02-27 02:50:35.628  trn/loss = 2.4770  
2025-02-27 02:50:35.628  trn/acc@01 = 0.3784  
2025-02-27 02:50:35.628  trn/acc@05 = 0.7176  
2025-02-27 02:50:35.628  trn/acc@10 = 0.8255  
2025-02-27 02:50:35.628  trn/acc@20 = 0.9294  
2025-02-27 02:50:35.628  
  
2025-02-27 02:50:35.661  
  
2025-02-27 02:50:35.661  [VAL_FINETUNE_DTVU_STEPS_1] epoch_50  
2025-02-27 02:50:35.661  =============================================  
2025-02-27 02:50:35.661  val_finetune_dtvu_steps_1/loss = 2.5297  
2025-02-27 02:50:35.661  val_finetune_dtvu_steps_1/acc@01 = 0.4500  
2025-02-27 02:50:35.661  val_finetune_dtvu_steps_1/acc@05 = 0.8500  
2025-02-27 02:50:35.661  val_finetune_dtvu_steps_1/acc@10 = 0.9000  
2025-02-27 02:50:35.661  val_finetune_dtvu_steps_1/acc@20 = 0.9000  
2025-02-27 02:50:35.661  
  
2025-02-27 02:50:35.687  
  
2025-02-27 02:50:35.687  [VAL_FINETUNE_DTVU_STEPS_3] epoch_50  
2025-02-27 02:50:35.687  =============================================  
2025-02-27 02:50:35.687  val_finetune_dtvu_steps_3/loss = 2.8173  
2025-02-27 02:50:35.687  val_finetune_dtvu_steps_3/acc@01 = 0.4000  
2025-02-27 02:50:35.687  val_finetune_dtvu_steps_3/acc@05 = 0.7500  
2025-02-27 02:50:35.703  val_finetune_dtvu_steps_3/acc@10 = 0.7833  
2025-02-27 02:50:35.703  val_finetune_dtvu_steps_3/acc@20 = 0.8333  
2025-02-27 02:50:35.703  
  
2025-02-27 02:50:36.000  
  
2025-02-27 02:50:36.000  [TRN] epoch_51  
2025-02-27 02:50:36.000  =============================================  
2025-02-27 02:50:36.000  trn/loss = 2.3924  
2025-02-27 02:50:36.000  trn/acc@01 = 0.3796  
2025-02-27 02:50:36.000  trn/acc@05 = 0.7000  
2025-02-27 02:50:36.000  trn/acc@10 = 0.8241  
2025-02-27 02:50:36.000  trn/acc@20 = 0.9222  
2025-02-27 02:50:36.000  
  
2025-02-27 02:50:36.041  
  
2025-02-27 02:50:36.041  [VAL_FINETUNE_DTVU_STEPS_1] epoch_51  
2025-02-27 02:50:36.041  =============================================  
2025-02-27 02:50:36.041  val_finetune_dtvu_steps_1/loss = 2.6428  
2025-02-27 02:50:36.041  val_finetune_dtvu_steps_1/acc@01 = 0.4500  
2025-02-27 02:50:36.041  val_finetune_dtvu_steps_1/acc@05 = 0.7500  
2025-02-27 02:50:36.041  val_finetune_dtvu_steps_1/acc@10 = 0.8500  
2025-02-27 02:50:36.041  val_finetune_dtvu_steps_1/acc@20 = 0.9000  
2025-02-27 02:50:36.041  
  
2025-02-27 02:50:36.091  
  
2025-02-27 02:50:36.091  [VAL_FINETUNE_DTVU_STEPS_3] epoch_51  
2025-02-27 02:50:36.091  =============================================  
2025-02-27 02:50:36.091  val_finetune_dtvu_steps_3/loss = 2.8084  
2025-02-27 02:50:36.091  val_finetune_dtvu_steps_3/acc@01 = 0.4000  
2025-02-27 02:50:36.091  val_finetune_dtvu_steps_3/acc@05 = 0.7333  
2025-02-27 02:50:36.091  val_finetune_dtvu_steps_3/acc@10 = 0.7667  
2025-02-27 02:50:36.091  val_finetune_dtvu_steps_3/acc@20 = 0.8500  
2025-02-27 02:50:36.091  
  
2025-02-27 02:50:36.406  
  
2025-02-27 02:50:36.406  [TRN] epoch_52  
2025-02-27 02:50:36.406  =============================================  
2025-02-27 02:50:36.406  trn/loss = 2.4288  
2025-02-27 02:50:36.407  trn/acc@01 = 0.4056  
2025-02-27 02:50:36.407  trn/acc@05 = 0.6972  
2025-02-27 02:50:36.407  trn/acc@10 = 0.8262  
2025-02-27 02:50:36.408  trn/acc@20 = 0.9234  
2025-02-27 02:50:36.408  
  
2025-02-27 02:50:36.443  
  
2025-02-27 02:50:36.443  [VAL_FINETUNE_DTVU_STEPS_1] epoch_52  
2025-02-27 02:50:36.444  =============================================  
2025-02-27 02:50:36.444  val_finetune_dtvu_steps_1/loss = 2.3816  
2025-02-27 02:50:36.444  val_finetune_dtvu_steps_1/acc@01 = 0.5500  
2025-02-27 02:50:36.444  val_finetune_dtvu_steps_1/acc@05 = 0.9000  
2025-02-27 02:50:36.444  val_finetune_dtvu_steps_1/acc@10 = 0.9000  
2025-02-27 02:50:36.444  val_finetune_dtvu_steps_1/acc@20 = 0.9000  
2025-02-27 02:50:36.444  
  
2025-02-27 02:50:36.484  
  
2025-02-27 02:50:36.484  [VAL_FINETUNE_DTVU_STEPS_3] epoch_52  
2025-02-27 02:50:36.484  =============================================  
2025-02-27 02:50:36.484  val_finetune_dtvu_steps_3/loss = 2.7324  
2025-02-27 02:50:36.484  val_finetune_dtvu_steps_3/acc@01 = 0.4667  
2025-02-27 02:50:36.484  val_finetune_dtvu_steps_3/acc@05 = 0.7833  
2025-02-27 02:50:36.484  val_finetune_dtvu_steps_3/acc@10 = 0.8000  
2025-02-27 02:50:36.484  val_finetune_dtvu_steps_3/acc@20 = 0.8333  
2025-02-27 02:50:36.484  
  
2025-02-27 02:50:36.775  
  
2025-02-27 02:50:36.776  [TRN] epoch_53  
2025-02-27 02:50:36.776  =============================================  
2025-02-27 02:50:36.776  trn/loss = 2.3255  
2025-02-27 02:50:36.776  trn/acc@01 = 0.3894  
2025-02-27 02:50:36.776  trn/acc@05 = 0.7468  
2025-02-27 02:50:36.776  trn/acc@10 = 0.8596  
2025-02-27 02:50:36.777  trn/acc@20 = 0.9255  
2025-02-27 02:50:36.777  
  
2025-02-27 02:50:36.813  
  
2025-02-27 02:50:36.813  [VAL_FINETUNE_DTVU_STEPS_1] epoch_53  
2025-02-27 02:50:36.813  =============================================  
2025-02-27 02:50:36.813  val_finetune_dtvu_steps_1/loss = 2.5655  
2025-02-27 02:50:36.813  val_finetune_dtvu_steps_1/acc@01 = 0.4500  
2025-02-27 02:50:36.813  val_finetune_dtvu_steps_1/acc@05 = 0.8000  
2025-02-27 02:50:36.813  val_finetune_dtvu_steps_1/acc@10 = 0.9000  
2025-02-27 02:50:36.813  val_finetune_dtvu_steps_1/acc@20 = 0.9000  
2025-02-27 02:50:36.813  
  
2025-02-27 02:50:36.852  
  
2025-02-27 02:50:36.852  [VAL_FINETUNE_DTVU_STEPS_3] epoch_53  
2025-02-27 02:50:36.852  =============================================  
2025-02-27 02:50:36.852  val_finetune_dtvu_steps_3/loss = 2.7938  
2025-02-27 02:50:36.852  val_finetune_dtvu_steps_3/acc@01 = 0.4167  
2025-02-27 02:50:36.852  val_finetune_dtvu_steps_3/acc@05 = 0.7500  
2025-02-27 02:50:36.852  val_finetune_dtvu_steps_3/acc@10 = 0.7667  
2025-02-27 02:50:36.852  val_finetune_dtvu_steps_3/acc@20 = 0.8167  
2025-02-27 02:50:36.852  
  
2025-02-27 02:50:37.132  
  
2025-02-27 02:50:37.132  [TRN] epoch_54  
2025-02-27 02:50:37.132  =============================================  
2025-02-27 02:50:37.132  trn/loss = 2.3899  
2025-02-27 02:50:37.143  trn/acc@01 = 0.3881  
2025-02-27 02:50:37.143  trn/acc@05 = 0.6990  
2025-02-27 02:50:37.143  trn/acc@10 = 0.8218  
2025-02-27 02:50:37.143  trn/acc@20 = 0.9228  
2025-02-27 02:50:37.143  
  
2025-02-27 02:50:37.174  
  
2025-02-27 02:50:37.174  [VAL_FINETUNE_DTVU_STEPS_1] epoch_54  
2025-02-27 02:50:37.174  =============================================  
2025-02-27 02:50:37.174  val_finetune_dtvu_steps_1/loss = 2.5264  
2025-02-27 02:50:37.174  val_finetune_dtvu_steps_1/acc@01 = 0.4500  
2025-02-27 02:50:37.174  val_finetune_dtvu_steps_1/acc@05 = 0.8000  
2025-02-27 02:50:37.174  val_finetune_dtvu_steps_1/acc@10 = 0.8500  
2025-02-27 02:50:37.174  val_finetune_dtvu_steps_1/acc@20 = 0.9000  
2025-02-27 02:50:37.174  
  
2025-02-27 02:50:37.216  
  
2025-02-27 02:50:37.216  [VAL_FINETUNE_DTVU_STEPS_3] epoch_54  
2025-02-27 02:50:37.216  =============================================  
2025-02-27 02:50:37.216  val_finetune_dtvu_steps_3/loss = 2.7765  
2025-02-27 02:50:37.216  val_finetune_dtvu_steps_3/acc@01 = 0.4333  
2025-02-27 02:50:37.216  val_finetune_dtvu_steps_3/acc@05 = 0.7500  
2025-02-27 02:50:37.216  val_finetune_dtvu_steps_3/acc@10 = 0.7667  
2025-02-27 02:50:37.216  val_finetune_dtvu_steps_3/acc@20 = 0.8167  
2025-02-27 02:50:37.216  
  
2025-02-27 02:50:37.490  
  
2025-02-27 02:50:37.490  [TRN] epoch_55  
2025-02-27 02:50:37.490  =============================================  
2025-02-27 02:50:37.490  trn/loss = 2.4161  
2025-02-27 02:50:37.490  trn/acc@01 = 0.3841  
2025-02-27 02:50:37.490  trn/acc@05 = 0.7182  
2025-02-27 02:50:37.490  trn/acc@10 = 0.8341  
2025-02-27 02:50:37.490  trn/acc@20 = 0.9341  
2025-02-27 02:50:37.490  
  
2025-02-27 02:50:37.521  
  
2025-02-27 02:50:37.521  [VAL_FINETUNE_DTVU_STEPS_1] epoch_55  
2025-02-27 02:50:37.521  =============================================  
2025-02-27 02:50:37.521  val_finetune_dtvu_steps_1/loss = 2.4941  
2025-02-27 02:50:37.537  val_finetune_dtvu_steps_1/acc@01 = 0.4500  
2025-02-27 02:50:37.537  val_finetune_dtvu_steps_1/acc@05 = 0.8000  
2025-02-27 02:50:37.537  val_finetune_dtvu_steps_1/acc@10 = 0.8500  
2025-02-27 02:50:37.537  val_finetune_dtvu_steps_1/acc@20 = 0.9000  
2025-02-27 02:50:37.537  
  
2025-02-27 02:50:37.574  
  
2025-02-27 02:50:37.575  [VAL_FINETUNE_DTVU_STEPS_3] epoch_55  
2025-02-27 02:50:37.575  =============================================  
2025-02-27 02:50:37.575  val_finetune_dtvu_steps_3/loss = 2.7657  
2025-02-27 02:50:37.575  val_finetune_dtvu_steps_3/acc@01 = 0.4333  
2025-02-27 02:50:37.575  val_finetune_dtvu_steps_3/acc@05 = 0.7500  
2025-02-27 02:50:37.575  val_finetune_dtvu_steps_3/acc@10 = 0.7667  
2025-02-27 02:50:37.575  val_finetune_dtvu_steps_3/acc@20 = 0.8167  
2025-02-27 02:50:37.575  
  
2025-02-27 02:50:37.852  
  
2025-02-27 02:50:37.852  [TRN] epoch_56  
2025-02-27 02:50:37.852  =============================================  
2025-02-27 02:50:37.852  trn/loss = 2.2579  
2025-02-27 02:50:37.852  trn/acc@01 = 0.4326  
2025-02-27 02:50:37.852  trn/acc@05 = 0.7283  
2025-02-27 02:50:37.852  trn/acc@10 = 0.8239  
2025-02-27 02:50:37.860  trn/acc@20 = 0.9283  
2025-02-27 02:50:37.860  
  
2025-02-27 02:50:37.894  
  
2025-02-27 02:50:37.894  [VAL_FINETUNE_DTVU_STEPS_1] epoch_56  
2025-02-27 02:50:37.894  =============================================  
2025-02-27 02:50:37.894  val_finetune_dtvu_steps_1/loss = 2.6703  
2025-02-27 02:50:37.894  val_finetune_dtvu_steps_1/acc@01 = 0.3500  
2025-02-27 02:50:37.894  val_finetune_dtvu_steps_1/acc@05 = 0.7500  
2025-02-27 02:50:37.894  val_finetune_dtvu_steps_1/acc@10 = 0.8500  
2025-02-27 02:50:37.894  val_finetune_dtvu_steps_1/acc@20 = 0.9000  
2025-02-27 02:50:37.894  
  
2025-02-27 02:50:37.931  
  
2025-02-27 02:50:37.931  [VAL_FINETUNE_DTVU_STEPS_3] epoch_56  
2025-02-27 02:50:37.931  =============================================  
2025-02-27 02:50:37.931  val_finetune_dtvu_steps_3/loss = 2.8026  
2025-02-27 02:50:37.931  val_finetune_dtvu_steps_3/acc@01 = 0.4167  
2025-02-27 02:50:37.931  val_finetune_dtvu_steps_3/acc@05 = 0.7333  
2025-02-27 02:50:37.931  val_finetune_dtvu_steps_3/acc@10 = 0.7833  
2025-02-27 02:50:37.931  val_finetune_dtvu_steps_3/acc@20 = 0.8333  
2025-02-27 02:50:37.931  
  
2025-02-27 02:50:38.214  
  
2025-02-27 02:50:38.214  [TRN] epoch_57  
2025-02-27 02:50:38.214  =============================================  
2025-02-27 02:50:38.214  trn/loss = 2.2985  
2025-02-27 02:50:38.214  trn/acc@01 = 0.3979  
2025-02-27 02:50:38.214  trn/acc@05 = 0.7167  
2025-02-27 02:50:38.214  trn/acc@10 = 0.8354  
2025-02-27 02:50:38.214  trn/acc@20 = 0.9354  
2025-02-27 02:50:38.214  
  
2025-02-27 02:50:38.258  
  
2025-02-27 02:50:38.258  [VAL_FINETUNE_DTVU_STEPS_1] epoch_57  
2025-02-27 02:50:38.258  =============================================  
2025-02-27 02:50:38.258  val_finetune_dtvu_steps_1/loss = 2.4327  
2025-02-27 02:50:38.258  val_finetune_dtvu_steps_1/acc@01 = 0.4500  
2025-02-27 02:50:38.258  val_finetune_dtvu_steps_1/acc@05 = 0.8000  
2025-02-27 02:50:38.258  val_finetune_dtvu_steps_1/acc@10 = 0.9000  
2025-02-27 02:50:38.258  val_finetune_dtvu_steps_1/acc@20 = 0.9000  
2025-02-27 02:50:38.258  
  
2025-02-27 02:50:38.293  
  
2025-02-27 02:50:38.293  [VAL_FINETUNE_DTVU_STEPS_3] epoch_57  
2025-02-27 02:50:38.293  =============================================  
2025-02-27 02:50:38.293  val_finetune_dtvu_steps_3/loss = 2.6213  
2025-02-27 02:50:38.293  val_finetune_dtvu_steps_3/acc@01 = 0.4333  
2025-02-27 02:50:38.293  val_finetune_dtvu_steps_3/acc@05 = 0.7500  
2025-02-27 02:50:38.293  val_finetune_dtvu_steps_3/acc@10 = 0.8000  
2025-02-27 02:50:38.293  val_finetune_dtvu_steps_3/acc@20 = 0.8500  
2025-02-27 02:50:38.293  
  
2025-02-27 02:50:38.599  
  
2025-02-27 02:50:38.600  [TRN] epoch_58  
2025-02-27 02:50:38.600  =============================================  
2025-02-27 02:50:38.600  trn/loss = 2.2118  
2025-02-27 02:50:38.600  trn/acc@01 = 0.4141  
2025-02-27 02:50:38.600  trn/acc@05 = 0.7071  
2025-02-27 02:50:38.600  trn/acc@10 = 0.8364  
2025-02-27 02:50:38.600  trn/acc@20 = 0.9455  
2025-02-27 02:50:38.600  
  
2025-02-27 02:50:38.634  
  
2025-02-27 02:50:38.634  [VAL_FINETUNE_DTVU_STEPS_1] epoch_58  
2025-02-27 02:50:38.634  =============================================  
2025-02-27 02:50:38.634  val_finetune_dtvu_steps_1/loss = 2.5976  
2025-02-27 02:50:38.634  val_finetune_dtvu_steps_1/acc@01 = 0.3500  
2025-02-27 02:50:38.634  val_finetune_dtvu_steps_1/acc@05 = 0.8000  
2025-02-27 02:50:38.634  val_finetune_dtvu_steps_1/acc@10 = 0.8500  
2025-02-27 02:50:38.634  val_finetune_dtvu_steps_1/acc@20 = 0.9000  
2025-02-27 02:50:38.634  
  
2025-02-27 02:50:38.678  
  
2025-02-27 02:50:38.678  [VAL_FINETUNE_DTVU_STEPS_3] epoch_58  
2025-02-27 02:50:38.678  =============================================  
2025-02-27 02:50:38.678  val_finetune_dtvu_steps_3/loss = 2.7098  
2025-02-27 02:50:38.678  val_finetune_dtvu_steps_3/acc@01 = 0.4167  
2025-02-27 02:50:38.678  val_finetune_dtvu_steps_3/acc@05 = 0.7500  
2025-02-27 02:50:38.678  val_finetune_dtvu_steps_3/acc@10 = 0.7667  
2025-02-27 02:50:38.678  val_finetune_dtvu_steps_3/acc@20 = 0.8167  
2025-02-27 02:50:38.679  
  
2025-02-27 02:50:38.980  
  
2025-02-27 02:50:38.980  [TRN] epoch_59  
2025-02-27 02:50:38.980  =============================================  
2025-02-27 02:50:38.980  trn/loss = 2.4828  
2025-02-27 02:50:38.980  trn/acc@01 = 0.3480  
2025-02-27 02:50:38.980  trn/acc@05 = 0.7180  
2025-02-27 02:50:38.980  trn/acc@10 = 0.8320  
2025-02-27 02:50:38.980  trn/acc@20 = 0.9300  
2025-02-27 02:50:38.980  
  
2025-02-27 02:50:39.011  
  
2025-02-27 02:50:39.011  [VAL_FINETUNE_DTVU_STEPS_1] epoch_59  
2025-02-27 02:50:39.011  =============================================  
2025-02-27 02:50:39.011  val_finetune_dtvu_steps_1/loss = 2.6051  
2025-02-27 02:50:39.011  val_finetune_dtvu_steps_1/acc@01 = 0.3000  
2025-02-27 02:50:39.011  val_finetune_dtvu_steps_1/acc@05 = 0.8500  
2025-02-27 02:50:39.011  val_finetune_dtvu_steps_1/acc@10 = 0.9000  
2025-02-27 02:50:39.011  val_finetune_dtvu_steps_1/acc@20 = 0.9000  
2025-02-27 02:50:39.011  
  
2025-02-27 02:50:39.058  
  
2025-02-27 02:50:39.058  [VAL_FINETUNE_DTVU_STEPS_3] epoch_59  
2025-02-27 02:50:39.058  =============================================  
2025-02-27 02:50:39.058  val_finetune_dtvu_steps_3/loss = 2.7750  
2025-02-27 02:50:39.058  val_finetune_dtvu_steps_3/acc@01 = 0.3500  
2025-02-27 02:50:39.058  val_finetune_dtvu_steps_3/acc@05 = 0.7667  
2025-02-27 02:50:39.058  val_finetune_dtvu_steps_3/acc@10 = 0.8000  
2025-02-27 02:50:39.058  val_finetune_dtvu_steps_3/acc@20 = 0.8167  
2025-02-27 02:50:39.058  
  
2025-02-27 02:50:39.362  
  
2025-02-27 02:50:39.362  [TRN] epoch_60  
2025-02-27 02:50:39.362  =============================================  
2025-02-27 02:50:39.362  trn/loss = 2.1962  
2025-02-27 02:50:39.362  trn/acc@01 = 0.4314  
2025-02-27 02:50:39.362  trn/acc@05 = 0.7412  
2025-02-27 02:50:39.362  trn/acc@10 = 0.8588  
2025-02-27 02:50:39.362  trn/acc@20 = 0.9353  
2025-02-27 02:50:39.362  
  
2025-02-27 02:50:39.393  
  
2025-02-27 02:50:39.393  [VAL_FINETUNE_DTVU_STEPS_1] epoch_60  
2025-02-27 02:50:39.393  =============================================  
2025-02-27 02:50:39.393  val_finetune_dtvu_steps_1/loss = 2.5592  
2025-02-27 02:50:39.393  val_finetune_dtvu_steps_1/acc@01 = 0.4000  
2025-02-27 02:50:39.393  val_finetune_dtvu_steps_1/acc@05 = 0.7500  
2025-02-27 02:50:39.393  val_finetune_dtvu_steps_1/acc@10 = 0.9000  
2025-02-27 02:50:39.393  val_finetune_dtvu_steps_1/acc@20 = 0.9000  
2025-02-27 02:50:39.393  
  
2025-02-27 02:50:39.435  
  
2025-02-27 02:50:39.435  [VAL_FINETUNE_DTVU_STEPS_3] epoch_60  
2025-02-27 02:50:39.435  =============================================  
2025-02-27 02:50:39.435  val_finetune_dtvu_steps_3/loss = 2.7164  
2025-02-27 02:50:39.435  val_finetune_dtvu_steps_3/acc@01 = 0.4333  
2025-02-27 02:50:39.435  val_finetune_dtvu_steps_3/acc@05 = 0.7333  
2025-02-27 02:50:39.435  val_finetune_dtvu_steps_3/acc@10 = 0.7833  
2025-02-27 02:50:39.435  val_finetune_dtvu_steps_3/acc@20 = 0.8333  
2025-02-27 02:50:39.435  
  
2025-02-27 02:50:39.724  
  
2025-02-27 02:50:39.724  [TRN] epoch_61  
2025-02-27 02:50:39.724  =============================================  
2025-02-27 02:50:39.724  trn/loss = 2.1554  
2025-02-27 02:50:39.726  trn/acc@01 = 0.4337  
2025-02-27 02:50:39.726  trn/acc@05 = 0.7684  
2025-02-27 02:50:39.726  trn/acc@10 = 0.8568  
2025-02-27 02:50:39.727  trn/acc@20 = 0.9558  
2025-02-27 02:50:39.727  
  
2025-02-27 02:50:39.762  
  
2025-02-27 02:50:39.762  [VAL_FINETUNE_DTVU_STEPS_1] epoch_61  
2025-02-27 02:50:39.762  =============================================  
2025-02-27 02:50:39.762  val_finetune_dtvu_steps_1/loss = 2.5786  
2025-02-27 02:50:39.762  val_finetune_dtvu_steps_1/acc@01 = 0.4000  
2025-02-27 02:50:39.762  val_finetune_dtvu_steps_1/acc@05 = 0.7500  
2025-02-27 02:50:39.762  val_finetune_dtvu_steps_1/acc@10 = 0.9000  
2025-02-27 02:50:39.763  val_finetune_dtvu_steps_1/acc@20 = 0.9000  
2025-02-27 02:50:39.763  
  
2025-02-27 02:50:39.801  
  
2025-02-27 02:50:39.801  [VAL_FINETUNE_DTVU_STEPS_3] epoch_61  
2025-02-27 02:50:39.801  =============================================  
2025-02-27 02:50:39.801  val_finetune_dtvu_steps_3/loss = 2.6965  
2025-02-27 02:50:39.801  val_finetune_dtvu_steps_3/acc@01 = 0.4333  
2025-02-27 02:50:39.801  val_finetune_dtvu_steps_3/acc@05 = 0.7333  
2025-02-27 02:50:39.802  val_finetune_dtvu_steps_3/acc@10 = 0.7833  
2025-02-27 02:50:39.802  val_finetune_dtvu_steps_3/acc@20 = 0.8167  
2025-02-27 02:50:39.802  
  
2025-02-27 02:50:40.096  
  
2025-02-27 02:50:40.096  [TRN] epoch_62  
2025-02-27 02:50:40.096  =============================================  
2025-02-27 02:50:40.096  trn/loss = 2.0943  
2025-02-27 02:50:40.096  trn/acc@01 = 0.4476  
2025-02-27 02:50:40.096  trn/acc@05 = 0.7657  
2025-02-27 02:50:40.096  trn/acc@10 = 0.8819  
2025-02-27 02:50:40.096  trn/acc@20 = 0.9638  
2025-02-27 02:50:40.096  
  
2025-02-27 02:50:40.121  
  
2025-02-27 02:50:40.121  [VAL_FINETUNE_DTVU_STEPS_1] epoch_62  
2025-02-27 02:50:40.121  =============================================  
2025-02-27 02:50:40.121  val_finetune_dtvu_steps_1/loss = 2.5623  
2025-02-27 02:50:40.121  val_finetune_dtvu_steps_1/acc@01 = 0.3500  
2025-02-27 02:50:40.121  val_finetune_dtvu_steps_1/acc@05 = 0.7500  
2025-02-27 02:50:40.121  val_finetune_dtvu_steps_1/acc@10 = 0.9000  
2025-02-27 02:50:40.121  val_finetune_dtvu_steps_1/acc@20 = 0.9000  
2025-02-27 02:50:40.121  
  
2025-02-27 02:50:40.170  
  
2025-02-27 02:50:40.170  [VAL_FINETUNE_DTVU_STEPS_3] epoch_62  
2025-02-27 02:50:40.170  =============================================  
2025-02-27 02:50:40.170  val_finetune_dtvu_steps_3/loss = 2.6821  
2025-02-27 02:50:40.170  val_finetune_dtvu_steps_3/acc@01 = 0.4000  
2025-02-27 02:50:40.170  val_finetune_dtvu_steps_3/acc@05 = 0.7333  
2025-02-27 02:50:40.170  val_finetune_dtvu_steps_3/acc@10 = 0.8000  
2025-02-27 02:50:40.170  val_finetune_dtvu_steps_3/acc@20 = 0.8167  
2025-02-27 02:50:40.170  
  
2025-02-27 02:50:40.466  
  
2025-02-27 02:50:40.467  [TRN] epoch_63  
2025-02-27 02:50:40.467  =============================================  
2025-02-27 02:50:40.467  trn/loss = 2.1276  
2025-02-27 02:50:40.467  trn/acc@01 = 0.4500  
2025-02-27 02:50:40.467  trn/acc@05 = 0.7580  
2025-02-27 02:50:40.468  trn/acc@10 = 0.8820  
2025-02-27 02:50:40.468  trn/acc@20 = 0.9620  
2025-02-27 02:50:40.468  
  
2025-02-27 02:50:40.504  
  
2025-02-27 02:50:40.504  [VAL_FINETUNE_DTVU_STEPS_1] epoch_63  
2025-02-27 02:50:40.504  =============================================  
2025-02-27 02:50:40.504  val_finetune_dtvu_steps_1/loss = 2.5647  
2025-02-27 02:50:40.504  val_finetune_dtvu_steps_1/acc@01 = 0.4000  
2025-02-27 02:50:40.504  val_finetune_dtvu_steps_1/acc@05 = 0.7500  
2025-02-27 02:50:40.504  val_finetune_dtvu_steps_1/acc@10 = 0.9000  
2025-02-27 02:50:40.504  val_finetune_dtvu_steps_1/acc@20 = 0.9000  
2025-02-27 02:50:40.504  
  
2025-02-27 02:50:40.539  
  
2025-02-27 02:50:40.539  [VAL_FINETUNE_DTVU_STEPS_3] epoch_63  
2025-02-27 02:50:40.539  =============================================  
2025-02-27 02:50:40.539  val_finetune_dtvu_steps_3/loss = 2.6913  
2025-02-27 02:50:40.539  val_finetune_dtvu_steps_3/acc@01 = 0.4167  
2025-02-27 02:50:40.539  val_finetune_dtvu_steps_3/acc@05 = 0.7333  
2025-02-27 02:50:40.539  val_finetune_dtvu_steps_3/acc@10 = 0.8000  
2025-02-27 02:50:40.539  val_finetune_dtvu_steps_3/acc@20 = 0.8167  
2025-02-27 02:50:40.539  
  
