2025-02-26 22:45:03.429  
  
2025-02-26 22:45:03.429  [TRN] epoch_00  
2025-02-26 22:45:03.429  =============================================  
2025-02-26 22:45:03.429  trn/loss = 5.9019  
2025-02-26 22:45:03.429  trn/acc@01 = 0.0561  
2025-02-26 22:45:03.429  trn/acc@05 = 0.1398  
2025-02-26 22:45:03.429  trn/acc@10 = 0.1929  
2025-02-26 22:45:03.429  trn/acc@20 = 0.2571  
2025-02-26 22:45:03.429  
  
2025-02-26 22:45:03.638  
  
2025-02-26 22:45:03.638  [VAL_FINETUNE_DTVU_STEPS_1] epoch_00  
2025-02-26 22:45:03.638  =============================================  
2025-02-26 22:45:03.638  val_finetune_dtvu_steps_1/loss = 4.6968  
2025-02-26 22:45:03.638  val_finetune_dtvu_steps_1/acc@01 = 0.2500  
2025-02-26 22:45:03.638  val_finetune_dtvu_steps_1/acc@05 = 0.3750  
2025-02-26 22:45:03.640  val_finetune_dtvu_steps_1/acc@10 = 0.4750  
2025-02-26 22:45:03.640  val_finetune_dtvu_steps_1/acc@20 = 0.5250  
2025-02-26 22:45:03.640  
  
2025-02-26 22:45:03.839  
  
2025-02-26 22:45:03.839  [VAL_FINETUNE_DTVU_STEPS_3] epoch_00  
2025-02-26 22:45:03.839  =============================================  
2025-02-26 22:45:03.839  val_finetune_dtvu_steps_3/loss = 4.7992  
2025-02-26 22:45:03.839  val_finetune_dtvu_steps_3/acc@01 = 0.2250  
2025-02-26 22:45:03.839  val_finetune_dtvu_steps_3/acc@05 = 0.3833  
2025-02-26 22:45:03.839  val_finetune_dtvu_steps_3/acc@10 = 0.4583  
2025-02-26 22:45:03.839  val_finetune_dtvu_steps_3/acc@20 = 0.5083  
2025-02-26 22:45:03.839  
  
2025-02-26 22:45:05.714  
  
2025-02-26 22:45:05.714  [TRN] epoch_01  
2025-02-26 22:45:05.716  =============================================  
2025-02-26 22:45:05.716  trn/loss = 4.5321  
2025-02-26 22:45:05.716  trn/acc@01 = 0.1968  
2025-02-26 22:45:05.716  trn/acc@05 = 0.4053  
2025-02-26 22:45:05.716  trn/acc@10 = 0.4638  
2025-02-26 22:45:05.716  trn/acc@20 = 0.5319  
2025-02-26 22:45:05.716  
  
2025-02-26 22:45:05.900  
  
2025-02-26 22:45:05.900  [VAL_FINETUNE_DTVU_STEPS_1] epoch_01  
2025-02-26 22:45:05.900  =============================================  
2025-02-26 22:45:05.900  val_finetune_dtvu_steps_1/loss = 4.2160  
2025-02-26 22:45:05.900  val_finetune_dtvu_steps_1/acc@01 = 0.2750  
2025-02-26 22:45:05.900  val_finetune_dtvu_steps_1/acc@05 = 0.5250  
2025-02-26 22:45:05.900  val_finetune_dtvu_steps_1/acc@10 = 0.5250  
2025-02-26 22:45:05.900  val_finetune_dtvu_steps_1/acc@20 = 0.6000  
2025-02-26 22:45:05.900  
  
2025-02-26 22:45:06.085  
  
2025-02-26 22:45:06.085  [VAL_FINETUNE_DTVU_STEPS_3] epoch_01  
2025-02-26 22:45:06.085  =============================================  
2025-02-26 22:45:06.085  val_finetune_dtvu_steps_3/loss = 4.1610  
2025-02-26 22:45:06.085  val_finetune_dtvu_steps_3/acc@01 = 0.2083  
2025-02-26 22:45:06.085  val_finetune_dtvu_steps_3/acc@05 = 0.5167  
2025-02-26 22:45:06.085  val_finetune_dtvu_steps_3/acc@10 = 0.5500  
2025-02-26 22:45:06.085  val_finetune_dtvu_steps_3/acc@20 = 0.6583  
2025-02-26 22:45:06.085  
  
2025-02-26 22:45:07.985  
  
2025-02-26 22:45:07.985  [TRN] epoch_02  
2025-02-26 22:45:07.985  =============================================  
2025-02-26 22:45:07.986  trn/loss = 4.1156  
2025-02-26 22:45:07.986  trn/acc@01 = 0.2453  
2025-02-26 22:45:07.986  trn/acc@05 = 0.5028  
2025-02-26 22:45:07.986  trn/acc@10 = 0.5792  
2025-02-26 22:45:07.986  trn/acc@20 = 0.6538  
2025-02-26 22:45:07.986  
  
2025-02-26 22:45:08.169  
  
2025-02-26 22:45:08.169  [VAL_FINETUNE_DTVU_STEPS_1] epoch_02  
2025-02-26 22:45:08.169  =============================================  
2025-02-26 22:45:08.169  val_finetune_dtvu_steps_1/loss = 3.5602  
2025-02-26 22:45:08.169  val_finetune_dtvu_steps_1/acc@01 = 0.2750  
2025-02-26 22:45:08.169  val_finetune_dtvu_steps_1/acc@05 = 0.5750  
2025-02-26 22:45:08.169  val_finetune_dtvu_steps_1/acc@10 = 0.6500  
2025-02-26 22:45:08.169  val_finetune_dtvu_steps_1/acc@20 = 0.7500  
2025-02-26 22:45:08.169  
  
2025-02-26 22:45:08.350  
  
2025-02-26 22:45:08.350  [VAL_FINETUNE_DTVU_STEPS_3] epoch_02  
2025-02-26 22:45:08.350  =============================================  
2025-02-26 22:45:08.350  val_finetune_dtvu_steps_3/loss = 3.5691  
2025-02-26 22:45:08.350  val_finetune_dtvu_steps_3/acc@01 = 0.2833  
2025-02-26 22:45:08.350  val_finetune_dtvu_steps_3/acc@05 = 0.5917  
2025-02-26 22:45:08.350  val_finetune_dtvu_steps_3/acc@10 = 0.6917  
2025-02-26 22:45:08.350  val_finetune_dtvu_steps_3/acc@20 = 0.7417  
2025-02-26 22:45:08.350  
  
2025-02-26 22:45:10.145  
  
2025-02-26 22:45:10.145  [TRN] epoch_03  
2025-02-26 22:45:10.145  =============================================  
2025-02-26 22:45:10.145  trn/loss = 3.8201  
2025-02-26 22:45:10.145  trn/acc@01 = 0.2495  
2025-02-26 22:45:10.145  trn/acc@05 = 0.5629  
2025-02-26 22:45:10.145  trn/acc@10 = 0.6268  
2025-02-26 22:45:10.145  trn/acc@20 = 0.7000  
2025-02-26 22:45:10.145  
  
2025-02-26 22:45:10.329  
  
2025-02-26 22:45:10.329  [VAL_FINETUNE_DTVU_STEPS_1] epoch_03  
2025-02-26 22:45:10.329  =============================================  
2025-02-26 22:45:10.329  val_finetune_dtvu_steps_1/loss = 3.7103  
2025-02-26 22:45:10.329  val_finetune_dtvu_steps_1/acc@01 = 0.2500  
2025-02-26 22:45:10.329  val_finetune_dtvu_steps_1/acc@05 = 0.6250  
2025-02-26 22:45:10.329  val_finetune_dtvu_steps_1/acc@10 = 0.6750  
2025-02-26 22:45:10.329  val_finetune_dtvu_steps_1/acc@20 = 0.7250  
2025-02-26 22:45:10.329  
  
2025-02-26 22:45:10.510  
  
2025-02-26 22:45:10.510  [VAL_FINETUNE_DTVU_STEPS_3] epoch_03  
2025-02-26 22:45:10.510  =============================================  
2025-02-26 22:45:10.510  val_finetune_dtvu_steps_3/loss = 3.5240  
2025-02-26 22:45:10.510  val_finetune_dtvu_steps_3/acc@01 = 0.3083  
2025-02-26 22:45:10.510  val_finetune_dtvu_steps_3/acc@05 = 0.6417  
2025-02-26 22:45:10.510  val_finetune_dtvu_steps_3/acc@10 = 0.7000  
2025-02-26 22:45:10.510  val_finetune_dtvu_steps_3/acc@20 = 0.7500  
2025-02-26 22:45:10.510  
  
2025-02-26 22:45:12.345  
  
2025-02-26 22:45:12.345  [TRN] epoch_04  
2025-02-26 22:45:12.345  =============================================  
2025-02-26 22:45:12.345  trn/loss = 3.3763  
2025-02-26 22:45:12.345  trn/acc@01 = 0.3047  
2025-02-26 22:45:12.345  trn/acc@05 = 0.6402  
2025-02-26 22:45:12.345  trn/acc@10 = 0.7065  
2025-02-26 22:45:12.345  trn/acc@20 = 0.7486  
2025-02-26 22:45:12.345  
  
2025-02-26 22:45:12.530  
  
2025-02-26 22:45:12.530  [VAL_FINETUNE_DTVU_STEPS_1] epoch_04  
2025-02-26 22:45:12.530  =============================================  
2025-02-26 22:45:12.530  val_finetune_dtvu_steps_1/loss = 3.4060  
2025-02-26 22:45:12.530  val_finetune_dtvu_steps_1/acc@01 = 0.3250  
2025-02-26 22:45:12.530  val_finetune_dtvu_steps_1/acc@05 = 0.6250  
2025-02-26 22:45:12.530  val_finetune_dtvu_steps_1/acc@10 = 0.6750  
2025-02-26 22:45:12.530  val_finetune_dtvu_steps_1/acc@20 = 0.7000  
2025-02-26 22:45:12.530  
  
2025-02-26 22:45:12.759  
  
2025-02-26 22:45:12.759  [VAL_FINETUNE_DTVU_STEPS_3] epoch_04  
2025-02-26 22:45:12.759  =============================================  
2025-02-26 22:45:12.760  val_finetune_dtvu_steps_3/loss = 3.3340  
2025-02-26 22:45:12.760  val_finetune_dtvu_steps_3/acc@01 = 0.3083  
2025-02-26 22:45:12.760  val_finetune_dtvu_steps_3/acc@05 = 0.6583  
2025-02-26 22:45:12.760  val_finetune_dtvu_steps_3/acc@10 = 0.7083  
2025-02-26 22:45:12.760  val_finetune_dtvu_steps_3/acc@20 = 0.7583  
2025-02-26 22:45:12.760  
  
2025-02-26 22:45:14.661  
  
2025-02-26 22:45:14.661  [TRN] epoch_05  
2025-02-26 22:45:14.661  =============================================  
2025-02-26 22:45:14.661  trn/loss = 3.2942  
2025-02-26 22:45:14.661  trn/acc@01 = 0.2967  
2025-02-26 22:45:14.661  trn/acc@05 = 0.6424  
2025-02-26 22:45:14.661  trn/acc@10 = 0.7228  
2025-02-26 22:45:14.661  trn/acc@20 = 0.7761  
2025-02-26 22:45:14.661  
  
2025-02-26 22:45:14.876  
  
2025-02-26 22:45:14.876  [VAL_FINETUNE_DTVU_STEPS_1] epoch_05  
2025-02-26 22:45:14.876  =============================================  
2025-02-26 22:45:14.876  val_finetune_dtvu_steps_1/loss = 3.5272  
2025-02-26 22:45:14.876  val_finetune_dtvu_steps_1/acc@01 = 0.2750  
2025-02-26 22:45:14.876  val_finetune_dtvu_steps_1/acc@05 = 0.6250  
2025-02-26 22:45:14.876  val_finetune_dtvu_steps_1/acc@10 = 0.6500  
2025-02-26 22:45:14.876  val_finetune_dtvu_steps_1/acc@20 = 0.7000  
2025-02-26 22:45:14.876  
  
2025-02-26 22:45:15.079  
  
2025-02-26 22:45:15.079  [VAL_FINETUNE_DTVU_STEPS_3] epoch_05  
2025-02-26 22:45:15.079  =============================================  
2025-02-26 22:45:15.079  val_finetune_dtvu_steps_3/loss = 3.3936  
2025-02-26 22:45:15.079  val_finetune_dtvu_steps_3/acc@01 = 0.2750  
2025-02-26 22:45:15.079  val_finetune_dtvu_steps_3/acc@05 = 0.6500  
2025-02-26 22:45:15.079  val_finetune_dtvu_steps_3/acc@10 = 0.6917  
2025-02-26 22:45:15.079  val_finetune_dtvu_steps_3/acc@20 = 0.7583  
2025-02-26 22:45:15.079  
  
2025-02-26 22:45:16.845  
  
2025-02-26 22:45:16.845  [TRN] epoch_06  
2025-02-26 22:45:16.845  =============================================  
2025-02-26 22:45:16.845  trn/loss = 3.3861  
2025-02-26 22:45:16.845  trn/acc@01 = 0.2629  
2025-02-26 22:45:16.845  trn/acc@05 = 0.6186  
2025-02-26 22:45:16.848  trn/acc@10 = 0.7000  
2025-02-26 22:45:16.848  trn/acc@20 = 0.7680  
2025-02-26 22:45:16.848  
  
2025-02-26 22:45:17.019  
  
2025-02-26 22:45:17.019  [VAL_FINETUNE_DTVU_STEPS_1] epoch_06  
2025-02-26 22:45:17.019  =============================================  
2025-02-26 22:45:17.019  val_finetune_dtvu_steps_1/loss = 3.1424  
2025-02-26 22:45:17.019  val_finetune_dtvu_steps_1/acc@01 = 0.3500  
2025-02-26 22:45:17.019  val_finetune_dtvu_steps_1/acc@05 = 0.6750  
2025-02-26 22:45:17.019  val_finetune_dtvu_steps_1/acc@10 = 0.7000  
2025-02-26 22:45:17.019  val_finetune_dtvu_steps_1/acc@20 = 0.7750  
2025-02-26 22:45:17.019  
  
2025-02-26 22:45:17.196  
  
2025-02-26 22:45:17.198  [VAL_FINETUNE_DTVU_STEPS_3] epoch_06  
2025-02-26 22:45:17.198  =============================================  
2025-02-26 22:45:17.198  val_finetune_dtvu_steps_3/loss = 3.1658  
2025-02-26 22:45:17.198  val_finetune_dtvu_steps_3/acc@01 = 0.3250  
2025-02-26 22:45:17.198  val_finetune_dtvu_steps_3/acc@05 = 0.6917  
2025-02-26 22:45:17.198  val_finetune_dtvu_steps_3/acc@10 = 0.7333  
2025-02-26 22:45:17.199  val_finetune_dtvu_steps_3/acc@20 = 0.7917  
2025-02-26 22:45:17.199  
  
2025-02-26 22:45:19.020  
  
2025-02-26 22:45:19.020  [TRN] epoch_07  
2025-02-26 22:45:19.020  =============================================  
2025-02-26 22:45:19.020  trn/loss = 3.2143  
2025-02-26 22:45:19.028  trn/acc@01 = 0.2821  
2025-02-26 22:45:19.028  trn/acc@05 = 0.6250  
2025-02-26 22:45:19.028  trn/acc@10 = 0.7420  
2025-02-26 22:45:19.028  trn/acc@20 = 0.8071  
2025-02-26 22:45:19.028  
  
2025-02-26 22:45:19.225  
  
2025-02-26 22:45:19.225  [VAL_FINETUNE_DTVU_STEPS_1] epoch_07  
2025-02-26 22:45:19.225  =============================================  
2025-02-26 22:45:19.225  val_finetune_dtvu_steps_1/loss = 3.2797  
2025-02-26 22:45:19.225  val_finetune_dtvu_steps_1/acc@01 = 0.2750  
2025-02-26 22:45:19.225  val_finetune_dtvu_steps_1/acc@05 = 0.6250  
2025-02-26 22:45:19.225  val_finetune_dtvu_steps_1/acc@10 = 0.7500  
2025-02-26 22:45:19.225  val_finetune_dtvu_steps_1/acc@20 = 0.7750  
2025-02-26 22:45:19.225  
  
2025-02-26 22:45:19.413  
  
2025-02-26 22:45:19.413  [VAL_FINETUNE_DTVU_STEPS_3] epoch_07  
2025-02-26 22:45:19.413  =============================================  
2025-02-26 22:45:19.413  val_finetune_dtvu_steps_3/loss = 3.1399  
2025-02-26 22:45:19.414  val_finetune_dtvu_steps_3/acc@01 = 0.3167  
2025-02-26 22:45:19.414  val_finetune_dtvu_steps_3/acc@05 = 0.6750  
2025-02-26 22:45:19.414  val_finetune_dtvu_steps_3/acc@10 = 0.7667  
2025-02-26 22:45:19.414  val_finetune_dtvu_steps_3/acc@20 = 0.8000  
2025-02-26 22:45:19.414  
  
2025-02-26 22:45:21.196  
  
2025-02-26 22:45:21.196  [TRN] epoch_08  
2025-02-26 22:45:21.196  =============================================  
2025-02-26 22:45:21.196  trn/loss = 3.1729  
2025-02-26 22:45:21.196  trn/acc@01 = 0.2437  
2025-02-26 22:45:21.196  trn/acc@05 = 0.6485  
2025-02-26 22:45:21.196  trn/acc@10 = 0.7437  
2025-02-26 22:45:21.196  trn/acc@20 = 0.8029  
2025-02-26 22:45:21.196  
  
2025-02-26 22:45:21.425  
  
2025-02-26 22:45:21.425  [VAL_FINETUNE_DTVU_STEPS_1] epoch_08  
2025-02-26 22:45:21.425  =============================================  
2025-02-26 22:45:21.425  val_finetune_dtvu_steps_1/loss = 3.1876  
2025-02-26 22:45:21.425  val_finetune_dtvu_steps_1/acc@01 = 0.3000  
2025-02-26 22:45:21.425  val_finetune_dtvu_steps_1/acc@05 = 0.5750  
2025-02-26 22:45:21.425  val_finetune_dtvu_steps_1/acc@10 = 0.7000  
2025-02-26 22:45:21.425  val_finetune_dtvu_steps_1/acc@20 = 0.8000  
2025-02-26 22:45:21.425  
  
2025-02-26 22:45:21.594  
  
2025-02-26 22:45:21.594  [VAL_FINETUNE_DTVU_STEPS_3] epoch_08  
2025-02-26 22:45:21.594  =============================================  
2025-02-26 22:45:21.594  val_finetune_dtvu_steps_3/loss = 3.0066  
2025-02-26 22:45:21.594  val_finetune_dtvu_steps_3/acc@01 = 0.3083  
2025-02-26 22:45:21.596  val_finetune_dtvu_steps_3/acc@05 = 0.6500  
2025-02-26 22:45:21.596  val_finetune_dtvu_steps_3/acc@10 = 0.7583  
2025-02-26 22:45:21.596  val_finetune_dtvu_steps_3/acc@20 = 0.8083  
2025-02-26 22:45:21.596  
  
2025-02-26 22:45:23.379  
  
2025-02-26 22:45:23.379  [TRN] epoch_09  
2025-02-26 22:45:23.379  =============================================  
2025-02-26 22:45:23.379  trn/loss = 3.2027  
2025-02-26 22:45:23.379  trn/acc@01 = 0.2731  
2025-02-26 22:45:23.379  trn/acc@05 = 0.6237  
2025-02-26 22:45:23.379  trn/acc@10 = 0.7387  
2025-02-26 22:45:23.379  trn/acc@20 = 0.7978  
2025-02-26 22:45:23.379  
  
2025-02-26 22:45:23.564  
  
2025-02-26 22:45:23.564  [VAL_FINETUNE_DTVU_STEPS_1] epoch_09  
2025-02-26 22:45:23.564  =============================================  
2025-02-26 22:45:23.564  val_finetune_dtvu_steps_1/loss = 2.9945  
2025-02-26 22:45:23.564  val_finetune_dtvu_steps_1/acc@01 = 0.3500  
2025-02-26 22:45:23.564  val_finetune_dtvu_steps_1/acc@05 = 0.6500  
2025-02-26 22:45:23.564  val_finetune_dtvu_steps_1/acc@10 = 0.7500  
2025-02-26 22:45:23.564  val_finetune_dtvu_steps_1/acc@20 = 0.8000  
2025-02-26 22:45:23.564  
  
2025-02-26 22:45:23.760  
  
2025-02-26 22:45:23.760  [VAL_FINETUNE_DTVU_STEPS_3] epoch_09  
2025-02-26 22:45:23.760  =============================================  
2025-02-26 22:45:23.760  val_finetune_dtvu_steps_3/loss = 2.9587  
2025-02-26 22:45:23.760  val_finetune_dtvu_steps_3/acc@01 = 0.3500  
2025-02-26 22:45:23.760  val_finetune_dtvu_steps_3/acc@05 = 0.6667  
2025-02-26 22:45:23.760  val_finetune_dtvu_steps_3/acc@10 = 0.7833  
2025-02-26 22:45:23.760  val_finetune_dtvu_steps_3/acc@20 = 0.8333  
2025-02-26 22:45:23.760  
  
2025-02-26 22:45:25.561  
  
2025-02-26 22:45:25.561  [TRN] epoch_10  
2025-02-26 22:45:25.561  =============================================  
2025-02-26 22:45:25.561  trn/loss = 3.1847  
2025-02-26 22:45:25.561  trn/acc@01 = 0.2651  
2025-02-26 22:45:25.561  trn/acc@05 = 0.6302  
2025-02-26 22:45:25.561  trn/acc@10 = 0.7245  
2025-02-26 22:45:25.561  trn/acc@20 = 0.8057  
2025-02-26 22:45:25.561  
  
2025-02-26 22:45:25.759  
  
2025-02-26 22:45:25.759  [VAL_FINETUNE_DTVU_STEPS_1] epoch_10  
2025-02-26 22:45:25.759  =============================================  
2025-02-26 22:45:25.759  val_finetune_dtvu_steps_1/loss = 3.0671  
2025-02-26 22:45:25.759  val_finetune_dtvu_steps_1/acc@01 = 0.3000  
2025-02-26 22:45:25.759  val_finetune_dtvu_steps_1/acc@05 = 0.6500  
2025-02-26 22:45:25.759  val_finetune_dtvu_steps_1/acc@10 = 0.7750  
2025-02-26 22:45:25.759  val_finetune_dtvu_steps_1/acc@20 = 0.8000  
2025-02-26 22:45:25.759  
  
2025-02-26 22:45:25.963  
  
2025-02-26 22:45:25.963  [VAL_FINETUNE_DTVU_STEPS_3] epoch_10  
2025-02-26 22:45:25.963  =============================================  
2025-02-26 22:45:25.963  val_finetune_dtvu_steps_3/loss = 3.0098  
2025-02-26 22:45:25.963  val_finetune_dtvu_steps_3/acc@01 = 0.3250  
2025-02-26 22:45:25.963  val_finetune_dtvu_steps_3/acc@05 = 0.6583  
2025-02-26 22:45:25.963  val_finetune_dtvu_steps_3/acc@10 = 0.7833  
2025-02-26 22:45:25.963  val_finetune_dtvu_steps_3/acc@20 = 0.8250  
2025-02-26 22:45:25.963  
  
2025-02-26 22:45:27.839  
  
2025-02-26 22:45:27.839  [TRN] epoch_11  
2025-02-26 22:45:27.839  =============================================  
2025-02-26 22:45:27.839  trn/loss = 3.1811  
2025-02-26 22:45:27.839  trn/acc@01 = 0.2721  
2025-02-26 22:45:27.839  trn/acc@05 = 0.6096  
2025-02-26 22:45:27.839  trn/acc@10 = 0.7212  
2025-02-26 22:45:27.839  trn/acc@20 = 0.8029  
2025-02-26 22:45:27.839  
  
2025-02-26 22:45:28.019  
  
2025-02-26 22:45:28.019  [VAL_FINETUNE_DTVU_STEPS_1] epoch_11  
2025-02-26 22:45:28.019  =============================================  
2025-02-26 22:45:28.020  val_finetune_dtvu_steps_1/loss = 3.0629  
2025-02-26 22:45:28.020  val_finetune_dtvu_steps_1/acc@01 = 0.3250  
2025-02-26 22:45:28.020  val_finetune_dtvu_steps_1/acc@05 = 0.6750  
2025-02-26 22:45:28.020  val_finetune_dtvu_steps_1/acc@10 = 0.7500  
2025-02-26 22:45:28.020  val_finetune_dtvu_steps_1/acc@20 = 0.7750  
2025-02-26 22:45:28.020  
  
2025-02-26 22:45:28.199  
  
2025-02-26 22:45:28.199  [VAL_FINETUNE_DTVU_STEPS_3] epoch_11  
2025-02-26 22:45:28.199  =============================================  
2025-02-26 22:45:28.199  val_finetune_dtvu_steps_3/loss = 3.0028  
2025-02-26 22:45:28.199  val_finetune_dtvu_steps_3/acc@01 = 0.3250  
2025-02-26 22:45:28.199  val_finetune_dtvu_steps_3/acc@05 = 0.6750  
2025-02-26 22:45:28.199  val_finetune_dtvu_steps_3/acc@10 = 0.7500  
2025-02-26 22:45:28.199  val_finetune_dtvu_steps_3/acc@20 = 0.8250  
2025-02-26 22:45:28.199  
  
2025-02-26 22:45:30.112  
  
2025-02-26 22:45:30.112  [TRN] epoch_12  
2025-02-26 22:45:30.112  =============================================  
2025-02-26 22:45:30.112  trn/loss = 3.0730  
2025-02-26 22:45:30.112  trn/acc@01 = 0.2642  
2025-02-26 22:45:30.112  trn/acc@05 = 0.6411  
2025-02-26 22:45:30.112  trn/acc@10 = 0.7537  
2025-02-26 22:45:30.112  trn/acc@20 = 0.8400  
2025-02-26 22:45:30.112  
  
2025-02-26 22:45:30.291  
  
2025-02-26 22:45:30.291  [VAL_FINETUNE_DTVU_STEPS_1] epoch_12  
2025-02-26 22:45:30.291  =============================================  
2025-02-26 22:45:30.291  val_finetune_dtvu_steps_1/loss = 3.1552  
2025-02-26 22:45:30.291  val_finetune_dtvu_steps_1/acc@01 = 0.3000  
2025-02-26 22:45:30.291  val_finetune_dtvu_steps_1/acc@05 = 0.6500  
2025-02-26 22:45:30.291  val_finetune_dtvu_steps_1/acc@10 = 0.7250  
2025-02-26 22:45:30.291  val_finetune_dtvu_steps_1/acc@20 = 0.7500  
2025-02-26 22:45:30.291  
  
2025-02-26 22:45:30.475  
  
2025-02-26 22:45:30.475  [VAL_FINETUNE_DTVU_STEPS_3] epoch_12  
2025-02-26 22:45:30.475  =============================================  
2025-02-26 22:45:30.475  val_finetune_dtvu_steps_3/loss = 3.0930  
2025-02-26 22:45:30.475  val_finetune_dtvu_steps_3/acc@01 = 0.2250  
2025-02-26 22:45:30.475  val_finetune_dtvu_steps_3/acc@05 = 0.6833  
2025-02-26 22:45:30.475  val_finetune_dtvu_steps_3/acc@10 = 0.7417  
2025-02-26 22:45:30.475  val_finetune_dtvu_steps_3/acc@20 = 0.7917  
2025-02-26 22:45:30.475  
  
2025-02-26 22:45:32.304  
  
2025-02-26 22:45:32.304  [TRN] epoch_13  
2025-02-26 22:45:32.304  =============================================  
2025-02-26 22:45:32.304  trn/loss = 3.0332  
2025-02-26 22:45:32.304  trn/acc@01 = 0.2406  
2025-02-26 22:45:32.304  trn/acc@05 = 0.6585  
2025-02-26 22:45:32.304  trn/acc@10 = 0.7660  
2025-02-26 22:45:32.304  trn/acc@20 = 0.8434  
2025-02-26 22:45:32.304  
  
2025-02-26 22:45:32.509  
  
2025-02-26 22:45:32.509  [VAL_FINETUNE_DTVU_STEPS_1] epoch_13  
2025-02-26 22:45:32.509  =============================================  
2025-02-26 22:45:32.509  val_finetune_dtvu_steps_1/loss = 3.1595  
2025-02-26 22:45:32.509  val_finetune_dtvu_steps_1/acc@01 = 0.2750  
2025-02-26 22:45:32.509  val_finetune_dtvu_steps_1/acc@05 = 0.6250  
2025-02-26 22:45:32.509  val_finetune_dtvu_steps_1/acc@10 = 0.6750  
2025-02-26 22:45:32.509  val_finetune_dtvu_steps_1/acc@20 = 0.8000  
2025-02-26 22:45:32.509  
  
2025-02-26 22:45:32.698  
  
2025-02-26 22:45:32.699  [VAL_FINETUNE_DTVU_STEPS_3] epoch_13  
2025-02-26 22:45:32.699  =============================================  
2025-02-26 22:45:32.699  val_finetune_dtvu_steps_3/loss = 3.0496  
2025-02-26 22:45:32.699  val_finetune_dtvu_steps_3/acc@01 = 0.2833  
2025-02-26 22:45:32.699  val_finetune_dtvu_steps_3/acc@05 = 0.6583  
2025-02-26 22:45:32.699  val_finetune_dtvu_steps_3/acc@10 = 0.7167  
2025-02-26 22:45:32.699  val_finetune_dtvu_steps_3/acc@20 = 0.8250  
2025-02-26 22:45:32.699  
  
2025-02-26 22:45:34.510  
  
2025-02-26 22:45:34.510  [TRN] epoch_14  
2025-02-26 22:45:34.510  =============================================  
2025-02-26 22:45:34.510  trn/loss = 2.9986  
2025-02-26 22:45:34.510  trn/acc@01 = 0.2639  
2025-02-26 22:45:34.510  trn/acc@05 = 0.6505  
2025-02-26 22:45:34.510  trn/acc@10 = 0.7680  
2025-02-26 22:45:34.510  trn/acc@20 = 0.8474  
2025-02-26 22:45:34.510  
  
2025-02-26 22:45:34.711  
  
2025-02-26 22:45:34.711  [VAL_FINETUNE_DTVU_STEPS_1] epoch_14  
2025-02-26 22:45:34.711  =============================================  
2025-02-26 22:45:34.711  val_finetune_dtvu_steps_1/loss = 3.0375  
2025-02-26 22:45:34.711  val_finetune_dtvu_steps_1/acc@01 = 0.2750  
2025-02-26 22:45:34.711  val_finetune_dtvu_steps_1/acc@05 = 0.6500  
2025-02-26 22:45:34.711  val_finetune_dtvu_steps_1/acc@10 = 0.7750  
2025-02-26 22:45:34.711  val_finetune_dtvu_steps_1/acc@20 = 0.7750  
2025-02-26 22:45:34.711  
  
2025-02-26 22:45:34.915  
  
2025-02-26 22:45:34.915  [VAL_FINETUNE_DTVU_STEPS_3] epoch_14  
2025-02-26 22:45:34.915  =============================================  
2025-02-26 22:45:34.915  val_finetune_dtvu_steps_3/loss = 3.0189  
2025-02-26 22:45:34.915  val_finetune_dtvu_steps_3/acc@01 = 0.2667  
2025-02-26 22:45:34.915  val_finetune_dtvu_steps_3/acc@05 = 0.6333  
2025-02-26 22:45:34.915  val_finetune_dtvu_steps_3/acc@10 = 0.7583  
2025-02-26 22:45:34.915  val_finetune_dtvu_steps_3/acc@20 = 0.7917  
2025-02-26 22:45:34.915  
  
2025-02-26 22:45:36.803  
  
2025-02-26 22:45:36.803  [TRN] epoch_15  
2025-02-26 22:45:36.803  =============================================  
2025-02-26 22:45:36.803  trn/loss = 2.9551  
2025-02-26 22:45:36.803  trn/acc@01 = 0.2768  
2025-02-26 22:45:36.803  trn/acc@05 = 0.6606  
2025-02-26 22:45:36.803  trn/acc@10 = 0.7657  
2025-02-26 22:45:36.803  trn/acc@20 = 0.8374  
2025-02-26 22:45:36.803  
  
2025-02-26 22:45:36.991  
  
2025-02-26 22:45:36.991  [VAL_FINETUNE_DTVU_STEPS_1] epoch_15  
2025-02-26 22:45:36.991  =============================================  
2025-02-26 22:45:36.991  val_finetune_dtvu_steps_1/loss = 2.9460  
2025-02-26 22:45:36.991  val_finetune_dtvu_steps_1/acc@01 = 0.3500  
2025-02-26 22:45:36.992  val_finetune_dtvu_steps_1/acc@05 = 0.6500  
2025-02-26 22:45:36.992  val_finetune_dtvu_steps_1/acc@10 = 0.8000  
2025-02-26 22:45:36.992  val_finetune_dtvu_steps_1/acc@20 = 0.8250  
2025-02-26 22:45:36.992  
  
2025-02-26 22:45:37.181  
  
2025-02-26 22:45:37.181  [VAL_FINETUNE_DTVU_STEPS_3] epoch_15  
2025-02-26 22:45:37.181  =============================================  
2025-02-26 22:45:37.181  val_finetune_dtvu_steps_3/loss = 2.9097  
2025-02-26 22:45:37.181  val_finetune_dtvu_steps_3/acc@01 = 0.3333  
2025-02-26 22:45:37.181  val_finetune_dtvu_steps_3/acc@05 = 0.6667  
2025-02-26 22:45:37.181  val_finetune_dtvu_steps_3/acc@10 = 0.8000  
2025-02-26 22:45:37.181  val_finetune_dtvu_steps_3/acc@20 = 0.8250  
2025-02-26 22:45:37.181  
  
2025-02-26 22:45:39.037  
  
2025-02-26 22:45:39.038  [TRN] epoch_16  
2025-02-26 22:45:39.038  =============================================  
2025-02-26 22:45:39.038  trn/loss = 2.9093  
2025-02-26 22:45:39.038  trn/acc@01 = 0.3121  
2025-02-26 22:45:39.038  trn/acc@05 = 0.6949  
2025-02-26 22:45:39.038  trn/acc@10 = 0.7889  
2025-02-26 22:45:39.038  trn/acc@20 = 0.8495  
2025-02-26 22:45:39.038  
  
2025-02-26 22:45:39.218  
  
2025-02-26 22:45:39.218  [VAL_FINETUNE_DTVU_STEPS_1] epoch_16  
2025-02-26 22:45:39.218  =============================================  
2025-02-26 22:45:39.218  val_finetune_dtvu_steps_1/loss = 2.9483  
2025-02-26 22:45:39.218  val_finetune_dtvu_steps_1/acc@01 = 0.3500  
2025-02-26 22:45:39.219  val_finetune_dtvu_steps_1/acc@05 = 0.6250  
2025-02-26 22:45:39.219  val_finetune_dtvu_steps_1/acc@10 = 0.7750  
2025-02-26 22:45:39.219  val_finetune_dtvu_steps_1/acc@20 = 0.8500  
2025-02-26 22:45:39.219  
  
2025-02-26 22:45:39.410  
  
2025-02-26 22:45:39.410  [VAL_FINETUNE_DTVU_STEPS_3] epoch_16  
2025-02-26 22:45:39.410  =============================================  
2025-02-26 22:45:39.410  val_finetune_dtvu_steps_3/loss = 2.9182  
2025-02-26 22:45:39.410  val_finetune_dtvu_steps_3/acc@01 = 0.3417  
2025-02-26 22:45:39.410  val_finetune_dtvu_steps_3/acc@05 = 0.6750  
2025-02-26 22:45:39.410  val_finetune_dtvu_steps_3/acc@10 = 0.7917  
2025-02-26 22:45:39.410  val_finetune_dtvu_steps_3/acc@20 = 0.8583  
2025-02-26 22:45:39.410  
  
2025-02-26 22:45:41.353  
  
2025-02-26 22:45:41.353  [TRN] epoch_17  
2025-02-26 22:45:41.353  =============================================  
2025-02-26 22:45:41.353  trn/loss = 2.9254  
2025-02-26 22:45:41.353  trn/acc@01 = 0.2824  
2025-02-26 22:45:41.353  trn/acc@05 = 0.6593  
2025-02-26 22:45:41.353  trn/acc@10 = 0.7537  
2025-02-26 22:45:41.353  trn/acc@20 = 0.8519  
2025-02-26 22:45:41.353  
  
2025-02-26 22:45:41.533  
  
2025-02-26 22:45:41.533  [VAL_FINETUNE_DTVU_STEPS_1] epoch_17  
2025-02-26 22:45:41.533  =============================================  
2025-02-26 22:45:41.533  val_finetune_dtvu_steps_1/loss = 3.0277  
2025-02-26 22:45:41.533  val_finetune_dtvu_steps_1/acc@01 = 0.2500  
2025-02-26 22:45:41.533  val_finetune_dtvu_steps_1/acc@05 = 0.6250  
2025-02-26 22:45:41.533  val_finetune_dtvu_steps_1/acc@10 = 0.7500  
2025-02-26 22:45:41.533  val_finetune_dtvu_steps_1/acc@20 = 0.8000  
2025-02-26 22:45:41.533  
  
2025-02-26 22:45:41.722  
  
2025-02-26 22:45:41.722  [VAL_FINETUNE_DTVU_STEPS_3] epoch_17  
2025-02-26 22:45:41.722  =============================================  
2025-02-26 22:45:41.722  val_finetune_dtvu_steps_3/loss = 3.0029  
2025-02-26 22:45:41.722  val_finetune_dtvu_steps_3/acc@01 = 0.2667  
2025-02-26 22:45:41.722  val_finetune_dtvu_steps_3/acc@05 = 0.6417  
2025-02-26 22:45:41.722  val_finetune_dtvu_steps_3/acc@10 = 0.7750  
2025-02-26 22:45:41.722  val_finetune_dtvu_steps_3/acc@20 = 0.8250  
2025-02-26 22:45:41.722  
  
2025-02-26 22:45:43.624  
  
2025-02-26 22:45:43.631  [TRN] epoch_18  
2025-02-26 22:45:43.637  =============================================  
2025-02-26 22:45:43.640  trn/loss = 2.9491  
2025-02-26 22:45:43.648  trn/acc@01 = 0.2696  
2025-02-26 22:45:43.660  trn/acc@05 = 0.6625  
2025-02-26 22:45:43.664  trn/acc@10 = 0.7750  
2025-02-26 22:45:43.666  trn/acc@20 = 0.8571  
2025-02-26 22:45:43.669  
  
2025-02-26 22:45:43.870  
  
2025-02-26 22:45:43.870  [VAL_FINETUNE_DTVU_STEPS_1] epoch_18  
2025-02-26 22:45:43.870  =============================================  
2025-02-26 22:45:43.870  val_finetune_dtvu_steps_1/loss = 3.0709  
2025-02-26 22:45:43.870  val_finetune_dtvu_steps_1/acc@01 = 0.2750  
2025-02-26 22:45:43.870  val_finetune_dtvu_steps_1/acc@05 = 0.6500  
2025-02-26 22:45:43.870  val_finetune_dtvu_steps_1/acc@10 = 0.7000  
2025-02-26 22:45:43.870  val_finetune_dtvu_steps_1/acc@20 = 0.8250  
2025-02-26 22:45:43.870  
  
2025-02-26 22:45:44.079  
  
2025-02-26 22:45:44.079  [VAL_FINETUNE_DTVU_STEPS_3] epoch_18  
2025-02-26 22:45:44.079  =============================================  
2025-02-26 22:45:44.079  val_finetune_dtvu_steps_3/loss = 2.9798  
2025-02-26 22:45:44.079  val_finetune_dtvu_steps_3/acc@01 = 0.2917  
2025-02-26 22:45:44.079  val_finetune_dtvu_steps_3/acc@05 = 0.6833  
2025-02-26 22:45:44.079  val_finetune_dtvu_steps_3/acc@10 = 0.7250  
2025-02-26 22:45:44.079  val_finetune_dtvu_steps_3/acc@20 = 0.8333  
2025-02-26 22:45:44.079  
  
2025-02-26 22:45:45.909  
  
2025-02-26 22:45:45.909  [TRN] epoch_19  
2025-02-26 22:45:45.909  =============================================  
2025-02-26 22:45:45.909  trn/loss = 2.9393  
2025-02-26 22:45:45.909  trn/acc@01 = 0.2725  
2025-02-26 22:45:45.909  trn/acc@05 = 0.6520  
2025-02-26 22:45:45.909  trn/acc@10 = 0.7627  
2025-02-26 22:45:45.909  trn/acc@20 = 0.8539  
2025-02-26 22:45:45.909  
  
2025-02-26 22:45:46.086  
  
2025-02-26 22:45:46.086  [VAL_FINETUNE_DTVU_STEPS_1] epoch_19  
2025-02-26 22:45:46.086  =============================================  
2025-02-26 22:45:46.086  val_finetune_dtvu_steps_1/loss = 3.0588  
2025-02-26 22:45:46.086  val_finetune_dtvu_steps_1/acc@01 = 0.3000  
2025-02-26 22:45:46.086  val_finetune_dtvu_steps_1/acc@05 = 0.6250  
2025-02-26 22:45:46.086  val_finetune_dtvu_steps_1/acc@10 = 0.7000  
2025-02-26 22:45:46.086  val_finetune_dtvu_steps_1/acc@20 = 0.7750  
2025-02-26 22:45:46.086  
  
2025-02-26 22:45:46.296  
  
2025-02-26 22:45:46.296  [VAL_FINETUNE_DTVU_STEPS_3] epoch_19  
2025-02-26 22:45:46.296  =============================================  
2025-02-26 22:45:46.296  val_finetune_dtvu_steps_3/loss = 2.9718  
2025-02-26 22:45:46.296  val_finetune_dtvu_steps_3/acc@01 = 0.3167  
2025-02-26 22:45:46.296  val_finetune_dtvu_steps_3/acc@05 = 0.6667  
2025-02-26 22:45:46.296  val_finetune_dtvu_steps_3/acc@10 = 0.7250  
2025-02-26 22:45:46.296  val_finetune_dtvu_steps_3/acc@20 = 0.8000  
2025-02-26 22:45:46.296  
  
2025-02-26 22:45:48.112  
  
2025-02-26 22:45:48.112  [TRN] epoch_20  
2025-02-26 22:45:48.112  =============================================  
2025-02-26 22:45:48.113  trn/loss = 2.9349  
2025-02-26 22:45:48.113  trn/acc@01 = 0.2641  
2025-02-26 22:45:48.113  trn/acc@05 = 0.6495  
2025-02-26 22:45:48.113  trn/acc@10 = 0.7602  
2025-02-26 22:45:48.113  trn/acc@20 = 0.8485  
2025-02-26 22:45:48.113  
  
2025-02-26 22:45:48.329  
  
2025-02-26 22:45:48.330  [VAL_FINETUNE_DTVU_STEPS_1] epoch_20  
2025-02-26 22:45:48.330  =============================================  
2025-02-26 22:45:48.330  val_finetune_dtvu_steps_1/loss = 3.0006  
2025-02-26 22:45:48.330  val_finetune_dtvu_steps_1/acc@01 = 0.3000  
2025-02-26 22:45:48.331  val_finetune_dtvu_steps_1/acc@05 = 0.6250  
2025-02-26 22:45:48.331  val_finetune_dtvu_steps_1/acc@10 = 0.7500  
2025-02-26 22:45:48.331  val_finetune_dtvu_steps_1/acc@20 = 0.8250  
2025-02-26 22:45:48.331  
  
2025-02-26 22:45:48.510  
  
2025-02-26 22:45:48.510  [VAL_FINETUNE_DTVU_STEPS_3] epoch_20  
2025-02-26 22:45:48.511  =============================================  
2025-02-26 22:45:48.511  val_finetune_dtvu_steps_3/loss = 2.9105  
2025-02-26 22:45:48.511  val_finetune_dtvu_steps_3/acc@01 = 0.3000  
2025-02-26 22:45:48.511  val_finetune_dtvu_steps_3/acc@05 = 0.6667  
2025-02-26 22:45:48.511  val_finetune_dtvu_steps_3/acc@10 = 0.7917  
2025-02-26 22:45:48.511  val_finetune_dtvu_steps_3/acc@20 = 0.8500  
2025-02-26 22:45:48.511  
  
2025-02-26 22:45:50.293  
  
2025-02-26 22:45:50.293  [TRN] epoch_21  
2025-02-26 22:45:50.293  =============================================  
2025-02-26 22:45:50.294  trn/loss = 2.9078  
2025-02-26 22:45:50.294  trn/acc@01 = 0.2716  
2025-02-26 22:45:50.294  trn/acc@05 = 0.6550  
2025-02-26 22:45:50.294  trn/acc@10 = 0.7642  
2025-02-26 22:45:50.294  trn/acc@20 = 0.8532  
2025-02-26 22:45:50.294  
  
2025-02-26 22:45:50.480  
  
2025-02-26 22:45:50.480  [VAL_FINETUNE_DTVU_STEPS_1] epoch_21  
2025-02-26 22:45:50.480  =============================================  
2025-02-26 22:45:50.480  val_finetune_dtvu_steps_1/loss = 3.0634  
2025-02-26 22:45:50.480  val_finetune_dtvu_steps_1/acc@01 = 0.2750  
2025-02-26 22:45:50.480  val_finetune_dtvu_steps_1/acc@05 = 0.5750  
2025-02-26 22:45:50.480  val_finetune_dtvu_steps_1/acc@10 = 0.7750  
2025-02-26 22:45:50.480  val_finetune_dtvu_steps_1/acc@20 = 0.8500  
2025-02-26 22:45:50.480  
  
2025-02-26 22:45:50.661  
  
2025-02-26 22:45:50.661  [VAL_FINETUNE_DTVU_STEPS_3] epoch_21  
2025-02-26 22:45:50.661  =============================================  
2025-02-26 22:45:50.662  val_finetune_dtvu_steps_3/loss = 2.9387  
2025-02-26 22:45:50.662  val_finetune_dtvu_steps_3/acc@01 = 0.3000  
2025-02-26 22:45:50.662  val_finetune_dtvu_steps_3/acc@05 = 0.6417  
2025-02-26 22:45:50.662  val_finetune_dtvu_steps_3/acc@10 = 0.7917  
2025-02-26 22:45:50.662  val_finetune_dtvu_steps_3/acc@20 = 0.8667  
2025-02-26 22:45:50.662  
  
2025-02-26 22:45:52.539  
  
2025-02-26 22:45:52.539  [TRN] epoch_22  
2025-02-26 22:45:52.539  =============================================  
2025-02-26 22:45:52.539  trn/loss = 2.9976  
2025-02-26 22:45:52.539  trn/acc@01 = 0.2796  
2025-02-26 22:45:52.539  trn/acc@05 = 0.6418  
2025-02-26 22:45:52.539  trn/acc@10 = 0.7561  
2025-02-26 22:45:52.539  trn/acc@20 = 0.8541  
2025-02-26 22:45:52.539  
  
2025-02-26 22:45:52.738  
  
2025-02-26 22:45:52.738  [VAL_FINETUNE_DTVU_STEPS_1] epoch_22  
2025-02-26 22:45:52.738  =============================================  
2025-02-26 22:45:52.738  val_finetune_dtvu_steps_1/loss = 2.9188  
2025-02-26 22:45:52.739  val_finetune_dtvu_steps_1/acc@01 = 0.2750  
2025-02-26 22:45:52.739  val_finetune_dtvu_steps_1/acc@05 = 0.6500  
2025-02-26 22:45:52.739  val_finetune_dtvu_steps_1/acc@10 = 0.7750  
2025-02-26 22:45:52.739  val_finetune_dtvu_steps_1/acc@20 = 0.8500  
2025-02-26 22:45:52.739  
  
2025-02-26 22:45:52.920  
  
2025-02-26 22:45:52.920  [VAL_FINETUNE_DTVU_STEPS_3] epoch_22  
2025-02-26 22:45:52.920  =============================================  
2025-02-26 22:45:52.920  val_finetune_dtvu_steps_3/loss = 2.8659  
2025-02-26 22:45:52.920  val_finetune_dtvu_steps_3/acc@01 = 0.2833  
2025-02-26 22:45:52.920  val_finetune_dtvu_steps_3/acc@05 = 0.6750  
2025-02-26 22:45:52.920  val_finetune_dtvu_steps_3/acc@10 = 0.7917  
2025-02-26 22:45:52.920  val_finetune_dtvu_steps_3/acc@20 = 0.8667  
2025-02-26 22:45:52.920  
  
2025-02-26 22:45:54.732  
  
2025-02-26 22:45:54.732  [TRN] epoch_23  
2025-02-26 22:45:54.732  =============================================  
2025-02-26 22:45:54.732  trn/loss = 2.9287  
2025-02-26 22:45:54.732  trn/acc@01 = 0.2633  
2025-02-26 22:45:54.732  trn/acc@05 = 0.6444  
2025-02-26 22:45:54.732  trn/acc@10 = 0.7500  
2025-02-26 22:45:54.732  trn/acc@20 = 0.8511  
2025-02-26 22:45:54.732  
  
2025-02-26 22:45:54.964  
  
2025-02-26 22:45:54.964  [VAL_FINETUNE_DTVU_STEPS_1] epoch_23  
2025-02-26 22:45:54.964  =============================================  
2025-02-26 22:45:54.964  val_finetune_dtvu_steps_1/loss = 2.9596  
2025-02-26 22:45:54.964  val_finetune_dtvu_steps_1/acc@01 = 0.3250  
2025-02-26 22:45:54.964  val_finetune_dtvu_steps_1/acc@05 = 0.6750  
2025-02-26 22:45:54.964  val_finetune_dtvu_steps_1/acc@10 = 0.7500  
2025-02-26 22:45:54.964  val_finetune_dtvu_steps_1/acc@20 = 0.8250  
2025-02-26 22:45:54.964  
  
2025-02-26 22:45:55.160  
  
2025-02-26 22:45:55.160  [VAL_FINETUNE_DTVU_STEPS_3] epoch_23  
2025-02-26 22:45:55.160  =============================================  
2025-02-26 22:45:55.160  val_finetune_dtvu_steps_3/loss = 2.9035  
2025-02-26 22:45:55.160  val_finetune_dtvu_steps_3/acc@01 = 0.3083  
2025-02-26 22:45:55.160  val_finetune_dtvu_steps_3/acc@05 = 0.6833  
2025-02-26 22:45:55.160  val_finetune_dtvu_steps_3/acc@10 = 0.7500  
2025-02-26 22:45:55.160  val_finetune_dtvu_steps_3/acc@20 = 0.8417  
2025-02-26 22:45:55.160  
  
2025-02-26 22:45:56.950  
  
2025-02-26 22:45:56.950  [TRN] epoch_24  
2025-02-26 22:45:56.950  =============================================  
2025-02-26 22:45:56.950  trn/loss = 2.8465  
2025-02-26 22:45:56.950  trn/acc@01 = 0.2577  
2025-02-26 22:45:56.950  trn/acc@05 = 0.6485  
2025-02-26 22:45:56.950  trn/acc@10 = 0.7680  
2025-02-26 22:45:56.950  trn/acc@20 = 0.8763  
2025-02-26 22:45:56.950  
  
2025-02-26 22:45:57.138  
  
2025-02-26 22:45:57.139  [VAL_FINETUNE_DTVU_STEPS_1] epoch_24  
2025-02-26 22:45:57.139  =============================================  
2025-02-26 22:45:57.139  val_finetune_dtvu_steps_1/loss = 2.8921  
2025-02-26 22:45:57.139  val_finetune_dtvu_steps_1/acc@01 = 0.3250  
2025-02-26 22:45:57.139  val_finetune_dtvu_steps_1/acc@05 = 0.6750  
2025-02-26 22:45:57.139  val_finetune_dtvu_steps_1/acc@10 = 0.8000  
2025-02-26 22:45:57.139  val_finetune_dtvu_steps_1/acc@20 = 0.8250  
2025-02-26 22:45:57.139  
  
2025-02-26 22:45:57.330  
  
2025-02-26 22:45:57.330  [VAL_FINETUNE_DTVU_STEPS_3] epoch_24  
2025-02-26 22:45:57.330  =============================================  
2025-02-26 22:45:57.330  val_finetune_dtvu_steps_3/loss = 2.9101  
2025-02-26 22:45:57.330  val_finetune_dtvu_steps_3/acc@01 = 0.3000  
2025-02-26 22:45:57.330  val_finetune_dtvu_steps_3/acc@05 = 0.6917  
2025-02-26 22:45:57.330  val_finetune_dtvu_steps_3/acc@10 = 0.8167  
2025-02-26 22:45:57.330  val_finetune_dtvu_steps_3/acc@20 = 0.8417  
2025-02-26 22:45:57.330  
  
2025-02-26 22:45:59.224  
  
2025-02-26 22:45:59.224  [TRN] epoch_25  
2025-02-26 22:45:59.224  =============================================  
2025-02-26 22:45:59.224  trn/loss = 2.8836  
2025-02-26 22:45:59.224  trn/acc@01 = 0.2850  
2025-02-26 22:45:59.224  trn/acc@05 = 0.6598  
2025-02-26 22:45:59.224  trn/acc@10 = 0.7626  
2025-02-26 22:45:59.224  trn/acc@20 = 0.8701  
2025-02-26 22:45:59.224  
  
2025-02-26 22:45:59.404  
  
2025-02-26 22:45:59.404  [VAL_FINETUNE_DTVU_STEPS_1] epoch_25  
2025-02-26 22:45:59.404  =============================================  
2025-02-26 22:45:59.404  val_finetune_dtvu_steps_1/loss = 2.9797  
2025-02-26 22:45:59.404  val_finetune_dtvu_steps_1/acc@01 = 0.3500  
2025-02-26 22:45:59.404  val_finetune_dtvu_steps_1/acc@05 = 0.6500  
2025-02-26 22:45:59.404  val_finetune_dtvu_steps_1/acc@10 = 0.7500  
2025-02-26 22:45:59.404  val_finetune_dtvu_steps_1/acc@20 = 0.8000  
2025-02-26 22:45:59.404  
  
2025-02-26 22:45:59.589  
  
2025-02-26 22:45:59.589  [VAL_FINETUNE_DTVU_STEPS_3] epoch_25  
2025-02-26 22:45:59.589  =============================================  
2025-02-26 22:45:59.589  val_finetune_dtvu_steps_3/loss = 2.9357  
2025-02-26 22:45:59.589  val_finetune_dtvu_steps_3/acc@01 = 0.3500  
2025-02-26 22:45:59.589  val_finetune_dtvu_steps_3/acc@05 = 0.6500  
2025-02-26 22:45:59.589  val_finetune_dtvu_steps_3/acc@10 = 0.7417  
2025-02-26 22:45:59.589  val_finetune_dtvu_steps_3/acc@20 = 0.8167  
2025-02-26 22:45:59.589  
  
2025-02-26 22:46:01.391  
  
2025-02-26 22:46:01.391  [TRN] epoch_26  
2025-02-26 22:46:01.391  =============================================  
2025-02-26 22:46:01.391  trn/loss = 2.7898  
2025-02-26 22:46:01.391  trn/acc@01 = 0.2868  
2025-02-26 22:46:01.391  trn/acc@05 = 0.6769  
2025-02-26 22:46:01.391  trn/acc@10 = 0.7703  
2025-02-26 22:46:01.398  trn/acc@20 = 0.8648  
2025-02-26 22:46:01.398  
  
2025-02-26 22:46:01.589  
  
2025-02-26 22:46:01.589  [VAL_FINETUNE_DTVU_STEPS_1] epoch_26  
2025-02-26 22:46:01.589  =============================================  
2025-02-26 22:46:01.589  val_finetune_dtvu_steps_1/loss = 3.0536  
2025-02-26 22:46:01.589  val_finetune_dtvu_steps_1/acc@01 = 0.3000  
2025-02-26 22:46:01.589  val_finetune_dtvu_steps_1/acc@05 = 0.6500  
2025-02-26 22:46:01.589  val_finetune_dtvu_steps_1/acc@10 = 0.7500  
2025-02-26 22:46:01.589  val_finetune_dtvu_steps_1/acc@20 = 0.8000  
2025-02-26 22:46:01.589  
  
2025-02-26 22:46:01.799  
  
2025-02-26 22:46:01.799  [VAL_FINETUNE_DTVU_STEPS_3] epoch_26  
2025-02-26 22:46:01.799  =============================================  
2025-02-26 22:46:01.799  val_finetune_dtvu_steps_3/loss = 3.0448  
2025-02-26 22:46:01.799  val_finetune_dtvu_steps_3/acc@01 = 0.3167  
2025-02-26 22:46:01.799  val_finetune_dtvu_steps_3/acc@05 = 0.6583  
2025-02-26 22:46:01.799  val_finetune_dtvu_steps_3/acc@10 = 0.7333  
2025-02-26 22:46:01.799  val_finetune_dtvu_steps_3/acc@20 = 0.8250  
2025-02-26 22:46:01.799  
  
2025-02-26 22:46:03.619  
  
2025-02-26 22:46:03.619  [TRN] epoch_27  
2025-02-26 22:46:03.619  =============================================  
2025-02-26 22:46:03.619  trn/loss = 3.0322  
2025-02-26 22:46:03.619  trn/acc@01 = 0.2634  
2025-02-26 22:46:03.619  trn/acc@05 = 0.6168  
2025-02-26 22:46:03.619  trn/acc@10 = 0.7356  
2025-02-26 22:46:03.619  trn/acc@20 = 0.8406  
2025-02-26 22:46:03.619  
  
2025-02-26 22:46:03.789  
  
2025-02-26 22:46:03.789  [VAL_FINETUNE_DTVU_STEPS_1] epoch_27  
2025-02-26 22:46:03.789  =============================================  
2025-02-26 22:46:03.789  val_finetune_dtvu_steps_1/loss = 2.9511  
2025-02-26 22:46:03.789  val_finetune_dtvu_steps_1/acc@01 = 0.3250  
2025-02-26 22:46:03.789  val_finetune_dtvu_steps_1/acc@05 = 0.6750  
2025-02-26 22:46:03.789  val_finetune_dtvu_steps_1/acc@10 = 0.7500  
2025-02-26 22:46:03.789  val_finetune_dtvu_steps_1/acc@20 = 0.8250  
2025-02-26 22:46:03.789  
  
2025-02-26 22:46:03.970  
  
2025-02-26 22:46:03.970  [VAL_FINETUNE_DTVU_STEPS_3] epoch_27  
2025-02-26 22:46:03.970  =============================================  
2025-02-26 22:46:03.970  val_finetune_dtvu_steps_3/loss = 2.9392  
2025-02-26 22:46:03.970  val_finetune_dtvu_steps_3/acc@01 = 0.3083  
2025-02-26 22:46:03.970  val_finetune_dtvu_steps_3/acc@05 = 0.6667  
2025-02-26 22:46:03.970  val_finetune_dtvu_steps_3/acc@10 = 0.7500  
2025-02-26 22:46:03.970  val_finetune_dtvu_steps_3/acc@20 = 0.8417  
2025-02-26 22:46:03.970  
  
2025-02-26 22:46:05.780  
  
2025-02-26 22:46:05.780  [TRN] epoch_28  
2025-02-26 22:46:05.780  =============================================  
2025-02-26 22:46:05.780  trn/loss = 2.9533  
2025-02-26 22:46:05.780  trn/acc@01 = 0.2693  
2025-02-26 22:46:05.780  trn/acc@05 = 0.6446  
2025-02-26 22:46:05.780  trn/acc@10 = 0.7584  
2025-02-26 22:46:05.785  trn/acc@20 = 0.8525  
2025-02-26 22:46:05.785  
  
2025-02-26 22:46:05.964  
  
2025-02-26 22:46:05.964  [VAL_FINETUNE_DTVU_STEPS_1] epoch_28  
2025-02-26 22:46:05.964  =============================================  
2025-02-26 22:46:05.964  val_finetune_dtvu_steps_1/loss = 2.9455  
2025-02-26 22:46:05.964  val_finetune_dtvu_steps_1/acc@01 = 0.3500  
2025-02-26 22:46:05.964  val_finetune_dtvu_steps_1/acc@05 = 0.6750  
2025-02-26 22:46:05.964  val_finetune_dtvu_steps_1/acc@10 = 0.7500  
2025-02-26 22:46:05.964  val_finetune_dtvu_steps_1/acc@20 = 0.8000  
2025-02-26 22:46:05.964  
  
2025-02-26 22:46:06.163  
  
2025-02-26 22:46:06.163  [VAL_FINETUNE_DTVU_STEPS_3] epoch_28  
2025-02-26 22:46:06.163  =============================================  
2025-02-26 22:46:06.163  val_finetune_dtvu_steps_3/loss = 2.9081  
2025-02-26 22:46:06.163  val_finetune_dtvu_steps_3/acc@01 = 0.3333  
2025-02-26 22:46:06.163  val_finetune_dtvu_steps_3/acc@05 = 0.6750  
2025-02-26 22:46:06.163  val_finetune_dtvu_steps_3/acc@10 = 0.7417  
2025-02-26 22:46:06.163  val_finetune_dtvu_steps_3/acc@20 = 0.8333  
2025-02-26 22:46:06.163  
  
2025-02-26 22:46:08.040  
  
2025-02-26 22:46:08.040  [TRN] epoch_29  
2025-02-26 22:46:08.040  =============================================  
2025-02-26 22:46:08.040  trn/loss = 2.8871  
2025-02-26 22:46:08.040  trn/acc@01 = 0.2721  
2025-02-26 22:46:08.040  trn/acc@05 = 0.6404  
2025-02-26 22:46:08.048  trn/acc@10 = 0.7587  
2025-02-26 22:46:08.048  trn/acc@20 = 0.8538  
2025-02-26 22:46:08.048  
  
2025-02-26 22:46:08.229  
  
2025-02-26 22:46:08.229  [VAL_FINETUNE_DTVU_STEPS_1] epoch_29  
2025-02-26 22:46:08.229  =============================================  
2025-02-26 22:46:08.229  val_finetune_dtvu_steps_1/loss = 2.9461  
2025-02-26 22:46:08.229  val_finetune_dtvu_steps_1/acc@01 = 0.2750  
2025-02-26 22:46:08.229  val_finetune_dtvu_steps_1/acc@05 = 0.6250  
2025-02-26 22:46:08.229  val_finetune_dtvu_steps_1/acc@10 = 0.7750  
2025-02-26 22:46:08.229  val_finetune_dtvu_steps_1/acc@20 = 0.8250  
2025-02-26 22:46:08.229  
  
2025-02-26 22:46:08.425  
  
2025-02-26 22:46:08.425  [VAL_FINETUNE_DTVU_STEPS_3] epoch_29  
2025-02-26 22:46:08.425  =============================================  
2025-02-26 22:46:08.425  val_finetune_dtvu_steps_3/loss = 2.8828  
2025-02-26 22:46:08.425  val_finetune_dtvu_steps_3/acc@01 = 0.2750  
2025-02-26 22:46:08.425  val_finetune_dtvu_steps_3/acc@05 = 0.6667  
2025-02-26 22:46:08.425  val_finetune_dtvu_steps_3/acc@10 = 0.7750  
2025-02-26 22:46:08.425  val_finetune_dtvu_steps_3/acc@20 = 0.8417  
2025-02-26 22:46:08.425  
  
2025-02-26 22:46:10.269  
  
2025-02-26 22:46:10.269  [TRN] epoch_30  
2025-02-26 22:46:10.269  =============================================  
2025-02-26 22:46:10.269  trn/loss = 2.9358  
2025-02-26 22:46:10.269  trn/acc@01 = 0.2784  
2025-02-26 22:46:10.269  trn/acc@05 = 0.6539  
2025-02-26 22:46:10.269  trn/acc@10 = 0.7735  
2025-02-26 22:46:10.269  trn/acc@20 = 0.8647  
2025-02-26 22:46:10.269  
  
2025-02-26 22:46:10.457  
  
2025-02-26 22:46:10.457  [VAL_FINETUNE_DTVU_STEPS_1] epoch_30  
2025-02-26 22:46:10.457  =============================================  
2025-02-26 22:46:10.457  val_finetune_dtvu_steps_1/loss = 3.0714  
2025-02-26 22:46:10.458  val_finetune_dtvu_steps_1/acc@01 = 0.2750  
2025-02-26 22:46:10.458  val_finetune_dtvu_steps_1/acc@05 = 0.6750  
2025-02-26 22:46:10.458  val_finetune_dtvu_steps_1/acc@10 = 0.7500  
2025-02-26 22:46:10.458  val_finetune_dtvu_steps_1/acc@20 = 0.8000  
2025-02-26 22:46:10.458  
  
2025-02-26 22:46:10.620  
  
2025-02-26 22:46:10.620  [VAL_FINETUNE_DTVU_STEPS_3] epoch_30  
2025-02-26 22:46:10.620  =============================================  
2025-02-26 22:46:10.620  val_finetune_dtvu_steps_3/loss = 2.9243  
2025-02-26 22:46:10.620  val_finetune_dtvu_steps_3/acc@01 = 0.2833  
2025-02-26 22:46:10.620  val_finetune_dtvu_steps_3/acc@05 = 0.7000  
2025-02-26 22:46:10.620  val_finetune_dtvu_steps_3/acc@10 = 0.7833  
2025-02-26 22:46:10.620  val_finetune_dtvu_steps_3/acc@20 = 0.8417  
2025-02-26 22:46:10.620  
  
2025-02-26 22:46:12.480  
  
2025-02-26 22:46:12.480  [TRN] epoch_31  
2025-02-26 22:46:12.480  =============================================  
2025-02-26 22:46:12.480  trn/loss = 2.9429  
2025-02-26 22:46:12.480  trn/acc@01 = 0.2930  
2025-02-26 22:46:12.480  trn/acc@05 = 0.6370  
2025-02-26 22:46:12.480  trn/acc@10 = 0.7640  
2025-02-26 22:46:12.480  trn/acc@20 = 0.8510  
2025-02-26 22:46:12.480  
  
2025-02-26 22:46:12.670  
  
2025-02-26 22:46:12.670  [VAL_FINETUNE_DTVU_STEPS_1] epoch_31  
2025-02-26 22:46:12.670  =============================================  
2025-02-26 22:46:12.670  val_finetune_dtvu_steps_1/loss = 3.0318  
2025-02-26 22:46:12.670  val_finetune_dtvu_steps_1/acc@01 = 0.2750  
2025-02-26 22:46:12.670  val_finetune_dtvu_steps_1/acc@05 = 0.6750  
2025-02-26 22:46:12.670  val_finetune_dtvu_steps_1/acc@10 = 0.7500  
2025-02-26 22:46:12.670  val_finetune_dtvu_steps_1/acc@20 = 0.8250  
2025-02-26 22:46:12.670  
  
2025-02-26 22:46:12.851  
  
2025-02-26 22:46:12.851  [VAL_FINETUNE_DTVU_STEPS_3] epoch_31  
2025-02-26 22:46:12.851  =============================================  
2025-02-26 22:46:12.851  val_finetune_dtvu_steps_3/loss = 2.9990  
2025-02-26 22:46:12.851  val_finetune_dtvu_steps_3/acc@01 = 0.2833  
2025-02-26 22:46:12.851  val_finetune_dtvu_steps_3/acc@05 = 0.6833  
2025-02-26 22:46:12.851  val_finetune_dtvu_steps_3/acc@10 = 0.7667  
2025-02-26 22:46:12.851  val_finetune_dtvu_steps_3/acc@20 = 0.8500  
2025-02-26 22:46:12.851  
  
2025-02-26 22:46:14.740  
  
2025-02-26 22:46:14.740  [TRN] epoch_32  
2025-02-26 22:46:14.740  =============================================  
2025-02-26 22:46:14.740  trn/loss = 2.9471  
2025-02-26 22:46:14.745  trn/acc@01 = 0.2718  
2025-02-26 22:46:14.745  trn/acc@05 = 0.6243  
2025-02-26 22:46:14.745  trn/acc@10 = 0.7592  
2025-02-26 22:46:14.745  trn/acc@20 = 0.8524  
2025-02-26 22:46:14.745  
  
2025-02-26 22:46:14.934  
  
2025-02-26 22:46:14.934  [VAL_FINETUNE_DTVU_STEPS_1] epoch_32  
2025-02-26 22:46:14.934  =============================================  
2025-02-26 22:46:14.934  val_finetune_dtvu_steps_1/loss = 3.0717  
2025-02-26 22:46:14.934  val_finetune_dtvu_steps_1/acc@01 = 0.2500  
2025-02-26 22:46:14.934  val_finetune_dtvu_steps_1/acc@05 = 0.6500  
2025-02-26 22:46:14.934  val_finetune_dtvu_steps_1/acc@10 = 0.8000  
2025-02-26 22:46:14.934  val_finetune_dtvu_steps_1/acc@20 = 0.8250  
2025-02-26 22:46:14.934  
  
2025-02-26 22:46:15.109  
  
2025-02-26 22:46:15.109  [VAL_FINETUNE_DTVU_STEPS_3] epoch_32  
2025-02-26 22:46:15.109  =============================================  
2025-02-26 22:46:15.109  val_finetune_dtvu_steps_3/loss = 2.9961  
2025-02-26 22:46:15.109  val_finetune_dtvu_steps_3/acc@01 = 0.2750  
2025-02-26 22:46:15.109  val_finetune_dtvu_steps_3/acc@05 = 0.6583  
2025-02-26 22:46:15.109  val_finetune_dtvu_steps_3/acc@10 = 0.8000  
2025-02-26 22:46:15.109  val_finetune_dtvu_steps_3/acc@20 = 0.8333  
2025-02-26 22:46:15.109  
  
2025-02-26 22:46:17.046  
  
2025-02-26 22:46:17.046  [TRN] epoch_33  
2025-02-26 22:46:17.046  =============================================  
2025-02-26 22:46:17.046  trn/loss = 2.8017  
2025-02-26 22:46:17.046  trn/acc@01 = 0.2980  
2025-02-26 22:46:17.046  trn/acc@05 = 0.6618  
2025-02-26 22:46:17.046  trn/acc@10 = 0.7843  
2025-02-26 22:46:17.046  trn/acc@20 = 0.8892  
2025-02-26 22:46:17.046  
  
2025-02-26 22:46:17.245  
  
2025-02-26 22:46:17.245  [VAL_FINETUNE_DTVU_STEPS_1] epoch_33  
2025-02-26 22:46:17.245  =============================================  
2025-02-26 22:46:17.245  val_finetune_dtvu_steps_1/loss = 2.9456  
2025-02-26 22:46:17.245  val_finetune_dtvu_steps_1/acc@01 = 0.3000  
2025-02-26 22:46:17.245  val_finetune_dtvu_steps_1/acc@05 = 0.6750  
2025-02-26 22:46:17.245  val_finetune_dtvu_steps_1/acc@10 = 0.8000  
2025-02-26 22:46:17.245  val_finetune_dtvu_steps_1/acc@20 = 0.8250  
2025-02-26 22:46:17.245  
  
2025-02-26 22:46:17.450  
  
2025-02-26 22:46:17.450  [VAL_FINETUNE_DTVU_STEPS_3] epoch_33  
2025-02-26 22:46:17.450  =============================================  
2025-02-26 22:46:17.450  val_finetune_dtvu_steps_3/loss = 2.9075  
2025-02-26 22:46:17.450  val_finetune_dtvu_steps_3/acc@01 = 0.3083  
2025-02-26 22:46:17.450  val_finetune_dtvu_steps_3/acc@05 = 0.6917  
2025-02-26 22:46:17.450  val_finetune_dtvu_steps_3/acc@10 = 0.7917  
2025-02-26 22:46:17.450  val_finetune_dtvu_steps_3/acc@20 = 0.8250  
2025-02-26 22:46:17.450  
  
2025-02-26 22:46:19.318  
  
2025-02-26 22:46:19.318  [TRN] epoch_34  
2025-02-26 22:46:19.318  =============================================  
2025-02-26 22:46:19.318  trn/loss = 2.7887  
2025-02-26 22:46:19.318  trn/acc@01 = 0.3010  
2025-02-26 22:46:19.318  trn/acc@05 = 0.6594  
2025-02-26 22:46:19.318  trn/acc@10 = 0.7624  
2025-02-26 22:46:19.318  trn/acc@20 = 0.8723  
2025-02-26 22:46:19.318  
  
2025-02-26 22:46:19.501  
  
2025-02-26 22:46:19.501  [VAL_FINETUNE_DTVU_STEPS_1] epoch_34  
2025-02-26 22:46:19.501  =============================================  
2025-02-26 22:46:19.501  val_finetune_dtvu_steps_1/loss = 2.9596  
2025-02-26 22:46:19.501  val_finetune_dtvu_steps_1/acc@01 = 0.3500  
2025-02-26 22:46:19.501  val_finetune_dtvu_steps_1/acc@05 = 0.7000  
2025-02-26 22:46:19.501  val_finetune_dtvu_steps_1/acc@10 = 0.7500  
2025-02-26 22:46:19.501  val_finetune_dtvu_steps_1/acc@20 = 0.8000  
2025-02-26 22:46:19.501  
  
2025-02-26 22:46:19.730  
  
2025-02-26 22:46:19.735  [VAL_FINETUNE_DTVU_STEPS_3] epoch_34  
2025-02-26 22:46:19.735  =============================================  
2025-02-26 22:46:19.735  val_finetune_dtvu_steps_3/loss = 2.9134  
2025-02-26 22:46:19.735  val_finetune_dtvu_steps_3/acc@01 = 0.3333  
2025-02-26 22:46:19.735  val_finetune_dtvu_steps_3/acc@05 = 0.6833  
2025-02-26 22:46:19.735  val_finetune_dtvu_steps_3/acc@10 = 0.7667  
2025-02-26 22:46:19.735  val_finetune_dtvu_steps_3/acc@20 = 0.8167  
2025-02-26 22:46:19.735  
  
2025-02-26 22:46:21.559  
  
2025-02-26 22:46:21.559  [TRN] epoch_35  
2025-02-26 22:46:21.559  =============================================  
2025-02-26 22:46:21.559  trn/loss = 2.8080  
2025-02-26 22:46:21.559  trn/acc@01 = 0.2707  
2025-02-26 22:46:21.559  trn/acc@05 = 0.6475  
2025-02-26 22:46:21.559  trn/acc@10 = 0.7727  
2025-02-26 22:46:21.559  trn/acc@20 = 0.8657  
2025-02-26 22:46:21.559  
  
2025-02-26 22:46:21.759  
  
2025-02-26 22:46:21.759  [VAL_FINETUNE_DTVU_STEPS_1] epoch_35  
2025-02-26 22:46:21.759  =============================================  
2025-02-26 22:46:21.759  val_finetune_dtvu_steps_1/loss = 2.9336  
2025-02-26 22:46:21.759  val_finetune_dtvu_steps_1/acc@01 = 0.3000  
2025-02-26 22:46:21.760  val_finetune_dtvu_steps_1/acc@05 = 0.6750  
2025-02-26 22:46:21.760  val_finetune_dtvu_steps_1/acc@10 = 0.8000  
2025-02-26 22:46:21.760  val_finetune_dtvu_steps_1/acc@20 = 0.8250  
2025-02-26 22:46:21.760  
  
2025-02-26 22:46:21.950  
  
2025-02-26 22:46:21.950  [VAL_FINETUNE_DTVU_STEPS_3] epoch_35  
2025-02-26 22:46:21.958  =============================================  
2025-02-26 22:46:21.958  val_finetune_dtvu_steps_3/loss = 2.9162  
2025-02-26 22:46:21.959  val_finetune_dtvu_steps_3/acc@01 = 0.2667  
2025-02-26 22:46:21.959  val_finetune_dtvu_steps_3/acc@05 = 0.6833  
2025-02-26 22:46:21.959  val_finetune_dtvu_steps_3/acc@10 = 0.8000  
2025-02-26 22:46:21.959  val_finetune_dtvu_steps_3/acc@20 = 0.8250  
2025-02-26 22:46:21.959  
  
2025-02-26 22:46:23.785  
  
2025-02-26 22:46:23.785  [TRN] epoch_36  
2025-02-26 22:46:23.785  =============================================  
2025-02-26 22:46:23.785  trn/loss = 2.7486  
2025-02-26 22:46:23.785  trn/acc@01 = 0.2853  
2025-02-26 22:46:23.785  trn/acc@05 = 0.6804  
2025-02-26 22:46:23.785  trn/acc@10 = 0.7922  
2025-02-26 22:46:23.785  trn/acc@20 = 0.8902  
2025-02-26 22:46:23.785  
  
2025-02-26 22:46:23.948  
  
2025-02-26 22:46:23.948  [VAL_FINETUNE_DTVU_STEPS_1] epoch_36  
2025-02-26 22:46:23.948  =============================================  
2025-02-26 22:46:23.948  val_finetune_dtvu_steps_1/loss = 2.9792  
2025-02-26 22:46:23.948  val_finetune_dtvu_steps_1/acc@01 = 0.2750  
2025-02-26 22:46:23.948  val_finetune_dtvu_steps_1/acc@05 = 0.6750  
2025-02-26 22:46:23.948  val_finetune_dtvu_steps_1/acc@10 = 0.7500  
2025-02-26 22:46:23.948  val_finetune_dtvu_steps_1/acc@20 = 0.8250  
2025-02-26 22:46:23.948  
  
2025-02-26 22:46:24.139  
  
2025-02-26 22:46:24.139  [VAL_FINETUNE_DTVU_STEPS_3] epoch_36  
2025-02-26 22:46:24.139  =============================================  
2025-02-26 22:46:24.139  val_finetune_dtvu_steps_3/loss = 2.9167  
2025-02-26 22:46:24.139  val_finetune_dtvu_steps_3/acc@01 = 0.2583  
2025-02-26 22:46:24.139  val_finetune_dtvu_steps_3/acc@05 = 0.7167  
2025-02-26 22:46:24.139  val_finetune_dtvu_steps_3/acc@10 = 0.7750  
2025-02-26 22:46:24.139  val_finetune_dtvu_steps_3/acc@20 = 0.8167  
2025-02-26 22:46:24.139  
  
2025-02-26 22:46:25.963  
  
2025-02-26 22:46:25.963  [TRN] epoch_37  
2025-02-26 22:46:25.963  =============================================  
2025-02-26 22:46:25.963  trn/loss = 2.8533  
2025-02-26 22:46:25.968  trn/acc@01 = 0.2913  
2025-02-26 22:46:25.968  trn/acc@05 = 0.6485  
2025-02-26 22:46:25.969  trn/acc@10 = 0.7524  
2025-02-26 22:46:25.969  trn/acc@20 = 0.8495  
2025-02-26 22:46:25.969  
  
2025-02-26 22:46:26.160  
  
2025-02-26 22:46:26.160  [VAL_FINETUNE_DTVU_STEPS_1] epoch_37  
2025-02-26 22:46:26.160  =============================================  
2025-02-26 22:46:26.160  val_finetune_dtvu_steps_1/loss = 2.9994  
2025-02-26 22:46:26.160  val_finetune_dtvu_steps_1/acc@01 = 0.3000  
2025-02-26 22:46:26.160  val_finetune_dtvu_steps_1/acc@05 = 0.6250  
2025-02-26 22:46:26.160  val_finetune_dtvu_steps_1/acc@10 = 0.7250  
2025-02-26 22:46:26.160  val_finetune_dtvu_steps_1/acc@20 = 0.8500  
2025-02-26 22:46:26.160  
  
2025-02-26 22:46:26.343  
  
2025-02-26 22:46:26.343  [VAL_FINETUNE_DTVU_STEPS_3] epoch_37  
2025-02-26 22:46:26.343  =============================================  
2025-02-26 22:46:26.343  val_finetune_dtvu_steps_3/loss = 2.8865  
2025-02-26 22:46:26.343  val_finetune_dtvu_steps_3/acc@01 = 0.3250  
2025-02-26 22:46:26.343  val_finetune_dtvu_steps_3/acc@05 = 0.6667  
2025-02-26 22:46:26.343  val_finetune_dtvu_steps_3/acc@10 = 0.7667  
2025-02-26 22:46:26.343  val_finetune_dtvu_steps_3/acc@20 = 0.8500  
2025-02-26 22:46:26.343  
  
2025-02-26 22:46:28.140  
  
2025-02-26 22:46:28.140  [TRN] epoch_38  
2025-02-26 22:46:28.140  =============================================  
2025-02-26 22:46:28.140  trn/loss = 2.8361  
2025-02-26 22:46:28.140  trn/acc@01 = 0.2661  
2025-02-26 22:46:28.140  trn/acc@05 = 0.6530  
2025-02-26 22:46:28.140  trn/acc@10 = 0.7687  
2025-02-26 22:46:28.148  trn/acc@20 = 0.8730  
2025-02-26 22:46:28.148  
  
2025-02-26 22:46:28.319  
  
2025-02-26 22:46:28.319  [VAL_FINETUNE_DTVU_STEPS_1] epoch_38  
2025-02-26 22:46:28.326  =============================================  
2025-02-26 22:46:28.326  val_finetune_dtvu_steps_1/loss = 2.9802  
2025-02-26 22:46:28.326  val_finetune_dtvu_steps_1/acc@01 = 0.2750  
2025-02-26 22:46:28.326  val_finetune_dtvu_steps_1/acc@05 = 0.6250  
2025-02-26 22:46:28.326  val_finetune_dtvu_steps_1/acc@10 = 0.7750  
2025-02-26 22:46:28.326  val_finetune_dtvu_steps_1/acc@20 = 0.8250  
2025-02-26 22:46:28.326  
  
2025-02-26 22:46:28.513  
  
2025-02-26 22:46:28.513  [VAL_FINETUNE_DTVU_STEPS_3] epoch_38  
2025-02-26 22:46:28.513  =============================================  
2025-02-26 22:46:28.513  val_finetune_dtvu_steps_3/loss = 2.8887  
2025-02-26 22:46:28.513  val_finetune_dtvu_steps_3/acc@01 = 0.2750  
2025-02-26 22:46:28.513  val_finetune_dtvu_steps_3/acc@05 = 0.6500  
2025-02-26 22:46:28.513  val_finetune_dtvu_steps_3/acc@10 = 0.7917  
2025-02-26 22:46:28.513  val_finetune_dtvu_steps_3/acc@20 = 0.8333  
2025-02-26 22:46:28.513  
  
2025-02-26 22:46:30.361  
  
2025-02-26 22:46:30.361  [TRN] epoch_39  
2025-02-26 22:46:30.361  =============================================  
2025-02-26 22:46:30.361  trn/loss = 2.7583  
2025-02-26 22:46:30.361  trn/acc@01 = 0.2790  
2025-02-26 22:46:30.361  trn/acc@05 = 0.6667  
2025-02-26 22:46:30.361  trn/acc@10 = 0.7762  
2025-02-26 22:46:30.361  trn/acc@20 = 0.8848  
2025-02-26 22:46:30.361  
  
2025-02-26 22:46:30.538  
  
2025-02-26 22:46:30.538  [VAL_FINETUNE_DTVU_STEPS_1] epoch_39  
2025-02-26 22:46:30.539  =============================================  
2025-02-26 22:46:30.539  val_finetune_dtvu_steps_1/loss = 2.9680  
2025-02-26 22:46:30.539  val_finetune_dtvu_steps_1/acc@01 = 0.3250  
2025-02-26 22:46:30.539  val_finetune_dtvu_steps_1/acc@05 = 0.6750  
2025-02-26 22:46:30.539  val_finetune_dtvu_steps_1/acc@10 = 0.7500  
2025-02-26 22:46:30.539  val_finetune_dtvu_steps_1/acc@20 = 0.8500  
2025-02-26 22:46:30.539  
  
2025-02-26 22:46:30.709  
  
2025-02-26 22:46:30.709  [VAL_FINETUNE_DTVU_STEPS_3] epoch_39  
2025-02-26 22:46:30.709  =============================================  
2025-02-26 22:46:30.709  val_finetune_dtvu_steps_3/loss = 2.9046  
2025-02-26 22:46:30.709  val_finetune_dtvu_steps_3/acc@01 = 0.3167  
2025-02-26 22:46:30.709  val_finetune_dtvu_steps_3/acc@05 = 0.7000  
2025-02-26 22:46:30.709  val_finetune_dtvu_steps_3/acc@10 = 0.7667  
2025-02-26 22:46:30.709  val_finetune_dtvu_steps_3/acc@20 = 0.8667  
2025-02-26 22:46:30.709  
  
2025-02-26 22:46:32.571  
  
2025-02-26 22:46:32.576  [TRN] epoch_40  
2025-02-26 22:46:32.576  =============================================  
2025-02-26 22:46:32.576  trn/loss = 2.8227  
2025-02-26 22:46:32.576  trn/acc@01 = 0.2861  
2025-02-26 22:46:32.576  trn/acc@05 = 0.6741  
2025-02-26 22:46:32.576  trn/acc@10 = 0.7778  
2025-02-26 22:46:32.576  trn/acc@20 = 0.8861  
2025-02-26 22:46:32.576  
  
2025-02-26 22:46:32.771  
  
2025-02-26 22:46:32.771  [VAL_FINETUNE_DTVU_STEPS_1] epoch_40  
2025-02-26 22:46:32.771  =============================================  
2025-02-26 22:46:32.771  val_finetune_dtvu_steps_1/loss = 2.8391  
2025-02-26 22:46:32.771  val_finetune_dtvu_steps_1/acc@01 = 0.3500  
2025-02-26 22:46:32.771  val_finetune_dtvu_steps_1/acc@05 = 0.6250  
2025-02-26 22:46:32.771  val_finetune_dtvu_steps_1/acc@10 = 0.8000  
2025-02-26 22:46:32.771  val_finetune_dtvu_steps_1/acc@20 = 0.8500  
2025-02-26 22:46:32.771  
  
2025-02-26 22:46:32.960  
  
2025-02-26 22:46:32.960  [VAL_FINETUNE_DTVU_STEPS_3] epoch_40  
2025-02-26 22:46:32.960  =============================================  
2025-02-26 22:46:32.960  val_finetune_dtvu_steps_3/loss = 2.8316  
2025-02-26 22:46:32.960  val_finetune_dtvu_steps_3/acc@01 = 0.3167  
2025-02-26 22:46:32.960  val_finetune_dtvu_steps_3/acc@05 = 0.6667  
2025-02-26 22:46:32.960  val_finetune_dtvu_steps_3/acc@10 = 0.8000  
2025-02-26 22:46:32.960  val_finetune_dtvu_steps_3/acc@20 = 0.8667  
2025-02-26 22:46:32.970  
  
2025-02-26 22:46:34.780  
  
2025-02-26 22:46:34.782  [TRN] epoch_41  
2025-02-26 22:46:34.782  =============================================  
2025-02-26 22:46:34.782  trn/loss = 2.8114  
2025-02-26 22:46:34.782  trn/acc@01 = 0.3009  
2025-02-26 22:46:34.782  trn/acc@05 = 0.6714  
2025-02-26 22:46:34.782  trn/acc@10 = 0.7732  
2025-02-26 22:46:34.782  trn/acc@20 = 0.8679  
2025-02-26 22:46:34.782  
  
2025-02-26 22:46:34.963  
  
2025-02-26 22:46:34.963  [VAL_FINETUNE_DTVU_STEPS_1] epoch_41  
2025-02-26 22:46:34.963  =============================================  
2025-02-26 22:46:34.963  val_finetune_dtvu_steps_1/loss = 2.9221  
2025-02-26 22:46:34.963  val_finetune_dtvu_steps_1/acc@01 = 0.3000  
2025-02-26 22:46:34.963  val_finetune_dtvu_steps_1/acc@05 = 0.6250  
2025-02-26 22:46:34.963  val_finetune_dtvu_steps_1/acc@10 = 0.7750  
2025-02-26 22:46:34.963  val_finetune_dtvu_steps_1/acc@20 = 0.8500  
2025-02-26 22:46:34.963  
  
2025-02-26 22:46:35.139  
  
2025-02-26 22:46:35.139  [VAL_FINETUNE_DTVU_STEPS_3] epoch_41  
2025-02-26 22:46:35.139  =============================================  
2025-02-26 22:46:35.139  val_finetune_dtvu_steps_3/loss = 2.9080  
2025-02-26 22:46:35.140  val_finetune_dtvu_steps_3/acc@01 = 0.3000  
2025-02-26 22:46:35.140  val_finetune_dtvu_steps_3/acc@05 = 0.6583  
2025-02-26 22:46:35.140  val_finetune_dtvu_steps_3/acc@10 = 0.7667  
2025-02-26 22:46:35.140  val_finetune_dtvu_steps_3/acc@20 = 0.8583  
2025-02-26 22:46:35.140  
  
2025-02-26 22:46:36.989  
  
2025-02-26 22:46:36.989  [TRN] epoch_42  
2025-02-26 22:46:36.989  =============================================  
2025-02-26 22:46:36.989  trn/loss = 2.8826  
2025-02-26 22:46:36.989  trn/acc@01 = 0.2961  
2025-02-26 22:46:36.989  trn/acc@05 = 0.6476  
2025-02-26 22:46:36.989  trn/acc@10 = 0.7680  
2025-02-26 22:46:36.989  trn/acc@20 = 0.8650  
2025-02-26 22:46:36.989  
  
2025-02-26 22:46:37.189  
  
2025-02-26 22:46:37.189  [VAL_FINETUNE_DTVU_STEPS_1] epoch_42  
2025-02-26 22:46:37.189  =============================================  
2025-02-26 22:46:37.189  val_finetune_dtvu_steps_1/loss = 2.9419  
2025-02-26 22:46:37.189  val_finetune_dtvu_steps_1/acc@01 = 0.2750  
2025-02-26 22:46:37.189  val_finetune_dtvu_steps_1/acc@05 = 0.6000  
2025-02-26 22:46:37.189  val_finetune_dtvu_steps_1/acc@10 = 0.8000  
2025-02-26 22:46:37.190  val_finetune_dtvu_steps_1/acc@20 = 0.8500  
2025-02-26 22:46:37.190  
  
2025-02-26 22:46:37.374  
  
2025-02-26 22:46:37.374  [VAL_FINETUNE_DTVU_STEPS_3] epoch_42  
2025-02-26 22:46:37.374  =============================================  
2025-02-26 22:46:37.374  val_finetune_dtvu_steps_3/loss = 2.9260  
2025-02-26 22:46:37.374  val_finetune_dtvu_steps_3/acc@01 = 0.3167  
2025-02-26 22:46:37.374  val_finetune_dtvu_steps_3/acc@05 = 0.6500  
2025-02-26 22:46:37.374  val_finetune_dtvu_steps_3/acc@10 = 0.8000  
2025-02-26 22:46:37.374  val_finetune_dtvu_steps_3/acc@20 = 0.8583  
2025-02-26 22:46:37.374  
  
2025-02-26 22:46:39.303  
  
2025-02-26 22:46:39.303  [TRN] epoch_43  
2025-02-26 22:46:39.303  =============================================  
2025-02-26 22:46:39.303  trn/loss = 2.8343  
2025-02-26 22:46:39.303  trn/acc@01 = 0.3149  
2025-02-26 22:46:39.303  trn/acc@05 = 0.6330  
2025-02-26 22:46:39.303  trn/acc@10 = 0.7457  
2025-02-26 22:46:39.303  trn/acc@20 = 0.8564  
2025-02-26 22:46:39.303  
  
2025-02-26 22:46:39.524  
  
2025-02-26 22:46:39.524  [VAL_FINETUNE_DTVU_STEPS_1] epoch_43  
2025-02-26 22:46:39.524  =============================================  
2025-02-26 22:46:39.524  val_finetune_dtvu_steps_1/loss = 2.8779  
2025-02-26 22:46:39.524  val_finetune_dtvu_steps_1/acc@01 = 0.2750  
2025-02-26 22:46:39.524  val_finetune_dtvu_steps_1/acc@05 = 0.6250  
2025-02-26 22:46:39.524  val_finetune_dtvu_steps_1/acc@10 = 0.7500  
2025-02-26 22:46:39.524  val_finetune_dtvu_steps_1/acc@20 = 0.8000  
2025-02-26 22:46:39.524  
  
2025-02-26 22:46:39.711  
  
2025-02-26 22:46:39.711  [VAL_FINETUNE_DTVU_STEPS_3] epoch_43  
2025-02-26 22:46:39.711  =============================================  
2025-02-26 22:46:39.711  val_finetune_dtvu_steps_3/loss = 2.8506  
2025-02-26 22:46:39.711  val_finetune_dtvu_steps_3/acc@01 = 0.3167  
2025-02-26 22:46:39.711  val_finetune_dtvu_steps_3/acc@05 = 0.6583  
2025-02-26 22:46:39.711  val_finetune_dtvu_steps_3/acc@10 = 0.7917  
2025-02-26 22:46:39.711  val_finetune_dtvu_steps_3/acc@20 = 0.8500  
2025-02-26 22:46:39.711  
  
2025-02-26 22:46:41.541  
  
2025-02-26 22:46:41.541  [TRN] epoch_44  
2025-02-26 22:46:41.546  =============================================  
2025-02-26 22:46:41.546  trn/loss = 2.7065  
2025-02-26 22:46:41.546  trn/acc@01 = 0.3245  
2025-02-26 22:46:41.546  trn/acc@05 = 0.6651  
2025-02-26 22:46:41.546  trn/acc@10 = 0.7849  
2025-02-26 22:46:41.549  trn/acc@20 = 0.8745  
2025-02-26 22:46:41.549  
  
2025-02-26 22:46:41.720  
  
2025-02-26 22:46:41.720  [VAL_FINETUNE_DTVU_STEPS_1] epoch_44  
2025-02-26 22:46:41.720  =============================================  
2025-02-26 22:46:41.720  val_finetune_dtvu_steps_1/loss = 2.8749  
2025-02-26 22:46:41.720  val_finetune_dtvu_steps_1/acc@01 = 0.3250  
2025-02-26 22:46:41.720  val_finetune_dtvu_steps_1/acc@05 = 0.7000  
2025-02-26 22:46:41.720  val_finetune_dtvu_steps_1/acc@10 = 0.8250  
2025-02-26 22:46:41.720  val_finetune_dtvu_steps_1/acc@20 = 0.8500  
2025-02-26 22:46:41.720  
  
2025-02-26 22:46:41.908  
  
2025-02-26 22:46:41.908  [VAL_FINETUNE_DTVU_STEPS_3] epoch_44  
2025-02-26 22:46:41.908  =============================================  
2025-02-26 22:46:41.909  val_finetune_dtvu_steps_3/loss = 2.8667  
2025-02-26 22:46:41.909  val_finetune_dtvu_steps_3/acc@01 = 0.3083  
2025-02-26 22:46:41.909  val_finetune_dtvu_steps_3/acc@05 = 0.7250  
2025-02-26 22:46:41.909  val_finetune_dtvu_steps_3/acc@10 = 0.8167  
2025-02-26 22:46:41.909  val_finetune_dtvu_steps_3/acc@20 = 0.8500  
2025-02-26 22:46:41.909  
  
2025-02-26 22:46:43.800  
  
2025-02-26 22:46:43.800  [TRN] epoch_45  
2025-02-26 22:46:43.800  =============================================  
2025-02-26 22:46:43.800  trn/loss = 2.7007  
2025-02-26 22:46:43.800  trn/acc@01 = 0.3180  
2025-02-26 22:46:43.800  trn/acc@05 = 0.6760  
2025-02-26 22:46:43.800  trn/acc@10 = 0.7820  
2025-02-26 22:46:43.800  trn/acc@20 = 0.8810  
2025-02-26 22:46:43.800  
  
2025-02-26 22:46:43.997  
  
2025-02-26 22:46:43.997  [VAL_FINETUNE_DTVU_STEPS_1] epoch_45  
2025-02-26 22:46:43.997  =============================================  
2025-02-26 22:46:43.997  val_finetune_dtvu_steps_1/loss = 2.9213  
2025-02-26 22:46:43.997  val_finetune_dtvu_steps_1/acc@01 = 0.3500  
2025-02-26 22:46:43.997  val_finetune_dtvu_steps_1/acc@05 = 0.6250  
2025-02-26 22:46:43.997  val_finetune_dtvu_steps_1/acc@10 = 0.8000  
2025-02-26 22:46:43.997  val_finetune_dtvu_steps_1/acc@20 = 0.8500  
2025-02-26 22:46:43.997  
  
2025-02-26 22:46:44.199  
  
2025-02-26 22:46:44.199  [VAL_FINETUNE_DTVU_STEPS_3] epoch_45  
2025-02-26 22:46:44.199  =============================================  
2025-02-26 22:46:44.201  val_finetune_dtvu_steps_3/loss = 2.8579  
2025-02-26 22:46:44.201  val_finetune_dtvu_steps_3/acc@01 = 0.3250  
2025-02-26 22:46:44.201  val_finetune_dtvu_steps_3/acc@05 = 0.6833  
2025-02-26 22:46:44.201  val_finetune_dtvu_steps_3/acc@10 = 0.8083  
2025-02-26 22:46:44.201  val_finetune_dtvu_steps_3/acc@20 = 0.8667  
2025-02-26 22:46:44.201  
  
2025-02-26 22:46:46.070  
  
2025-02-26 22:46:46.070  [TRN] epoch_46  
2025-02-26 22:46:46.070  =============================================  
2025-02-26 22:46:46.070  trn/loss = 2.9255  
2025-02-26 22:46:46.070  trn/acc@01 = 0.2982  
2025-02-26 22:46:46.070  trn/acc@05 = 0.6586  
2025-02-26 22:46:46.070  trn/acc@10 = 0.7676  
2025-02-26 22:46:46.070  trn/acc@20 = 0.8595  
2025-02-26 22:46:46.070  
  
2025-02-26 22:46:46.272  
  
2025-02-26 22:46:46.272  [VAL_FINETUNE_DTVU_STEPS_1] epoch_46  
2025-02-26 22:46:46.272  =============================================  
2025-02-26 22:46:46.272  val_finetune_dtvu_steps_1/loss = 2.9348  
2025-02-26 22:46:46.272  val_finetune_dtvu_steps_1/acc@01 = 0.3000  
2025-02-26 22:46:46.272  val_finetune_dtvu_steps_1/acc@05 = 0.6500  
2025-02-26 22:46:46.272  val_finetune_dtvu_steps_1/acc@10 = 0.7500  
2025-02-26 22:46:46.272  val_finetune_dtvu_steps_1/acc@20 = 0.8500  
2025-02-26 22:46:46.272  
  
2025-02-26 22:46:46.454  
  
2025-02-26 22:46:46.454  [VAL_FINETUNE_DTVU_STEPS_3] epoch_46  
2025-02-26 22:46:46.454  =============================================  
2025-02-26 22:46:46.454  val_finetune_dtvu_steps_3/loss = 2.8720  
2025-02-26 22:46:46.454  val_finetune_dtvu_steps_3/acc@01 = 0.3167  
2025-02-26 22:46:46.454  val_finetune_dtvu_steps_3/acc@05 = 0.6750  
2025-02-26 22:46:46.454  val_finetune_dtvu_steps_3/acc@10 = 0.7917  
2025-02-26 22:46:46.454  val_finetune_dtvu_steps_3/acc@20 = 0.8750  
2025-02-26 22:46:46.454  
  
2025-02-26 22:46:48.277  
  
2025-02-26 22:46:48.277  [TRN] epoch_47  
2025-02-26 22:46:48.277  =============================================  
2025-02-26 22:46:48.279  trn/loss = 2.8225  
2025-02-26 22:46:48.279  trn/acc@01 = 0.3066  
2025-02-26 22:46:48.279  trn/acc@05 = 0.6462  
2025-02-26 22:46:48.279  trn/acc@10 = 0.7557  
2025-02-26 22:46:48.279  trn/acc@20 = 0.8623  
2025-02-26 22:46:48.279  
  
2025-02-26 22:46:48.472  
  
2025-02-26 22:46:48.472  [VAL_FINETUNE_DTVU_STEPS_1] epoch_47  
2025-02-26 22:46:48.472  =============================================  
2025-02-26 22:46:48.472  val_finetune_dtvu_steps_1/loss = 3.0166  
2025-02-26 22:46:48.472  val_finetune_dtvu_steps_1/acc@01 = 0.2750  
2025-02-26 22:46:48.472  val_finetune_dtvu_steps_1/acc@05 = 0.6500  
2025-02-26 22:46:48.472  val_finetune_dtvu_steps_1/acc@10 = 0.7250  
2025-02-26 22:46:48.473  val_finetune_dtvu_steps_1/acc@20 = 0.8500  
2025-02-26 22:46:48.473  
  
2025-02-26 22:46:48.666  
  
2025-02-26 22:46:48.666  [VAL_FINETUNE_DTVU_STEPS_3] epoch_47  
2025-02-26 22:46:48.666  =============================================  
2025-02-26 22:46:48.666  val_finetune_dtvu_steps_3/loss = 2.9218  
2025-02-26 22:46:48.666  val_finetune_dtvu_steps_3/acc@01 = 0.2750  
2025-02-26 22:46:48.666  val_finetune_dtvu_steps_3/acc@05 = 0.6667  
2025-02-26 22:46:48.666  val_finetune_dtvu_steps_3/acc@10 = 0.7583  
2025-02-26 22:46:48.666  val_finetune_dtvu_steps_3/acc@20 = 0.8667  
2025-02-26 22:46:48.666  
  
2025-02-26 22:46:50.552  
  
2025-02-26 22:46:50.552  [TRN] epoch_48  
2025-02-26 22:46:50.552  =============================================  
2025-02-26 22:46:50.552  trn/loss = 2.8154  
2025-02-26 22:46:50.552  trn/acc@01 = 0.2960  
2025-02-26 22:46:50.552  trn/acc@05 = 0.6800  
2025-02-26 22:46:50.553  trn/acc@10 = 0.7730  
2025-02-26 22:46:50.553  trn/acc@20 = 0.8690  
2025-02-26 22:46:50.553  
  
2025-02-26 22:46:50.752  
  
2025-02-26 22:46:50.753  [VAL_FINETUNE_DTVU_STEPS_1] epoch_48  
2025-02-26 22:46:50.753  =============================================  
2025-02-26 22:46:50.753  val_finetune_dtvu_steps_1/loss = 2.9433  
2025-02-26 22:46:50.753  val_finetune_dtvu_steps_1/acc@01 = 0.3250  
2025-02-26 22:46:50.753  val_finetune_dtvu_steps_1/acc@05 = 0.6500  
2025-02-26 22:46:50.753  val_finetune_dtvu_steps_1/acc@10 = 0.8000  
2025-02-26 22:46:50.753  val_finetune_dtvu_steps_1/acc@20 = 0.8500  
2025-02-26 22:46:50.753  
  
2025-02-26 22:46:50.957  
  
2025-02-26 22:46:50.957  [VAL_FINETUNE_DTVU_STEPS_3] epoch_48  
2025-02-26 22:46:50.957  =============================================  
2025-02-26 22:46:50.957  val_finetune_dtvu_steps_3/loss = 2.8991  
2025-02-26 22:46:50.958  val_finetune_dtvu_steps_3/acc@01 = 0.3000  
2025-02-26 22:46:50.958  val_finetune_dtvu_steps_3/acc@05 = 0.6833  
2025-02-26 22:46:50.958  val_finetune_dtvu_steps_3/acc@10 = 0.8167  
2025-02-26 22:46:50.958  val_finetune_dtvu_steps_3/acc@20 = 0.8667  
2025-02-26 22:46:50.958  
  
2025-02-26 22:46:52.769  
  
2025-02-26 22:46:52.769  [TRN] epoch_49  
2025-02-26 22:46:52.769  =============================================  
2025-02-26 22:46:52.769  trn/loss = 2.7734  
2025-02-26 22:46:52.769  trn/acc@01 = 0.3066  
2025-02-26 22:46:52.769  trn/acc@05 = 0.6747  
2025-02-26 22:46:52.769  trn/acc@10 = 0.7912  
2025-02-26 22:46:52.769  trn/acc@20 = 0.8802  
2025-02-26 22:46:52.769  
  
2025-02-26 22:46:53.029  
  
2025-02-26 22:46:53.029  [VAL_FINETUNE_DTVU_STEPS_1] epoch_49  
2025-02-26 22:46:53.029  =============================================  
2025-02-26 22:46:53.029  val_finetune_dtvu_steps_1/loss = 2.9564  
2025-02-26 22:46:53.029  val_finetune_dtvu_steps_1/acc@01 = 0.3250  
2025-02-26 22:46:53.029  val_finetune_dtvu_steps_1/acc@05 = 0.6500  
2025-02-26 22:46:53.029  val_finetune_dtvu_steps_1/acc@10 = 0.7500  
2025-02-26 22:46:53.029  val_finetune_dtvu_steps_1/acc@20 = 0.8500  
2025-02-26 22:46:53.029  
  
2025-02-26 22:46:53.252  
  
2025-02-26 22:46:53.252  [VAL_FINETUNE_DTVU_STEPS_3] epoch_49  
2025-02-26 22:46:53.252  =============================================  
2025-02-26 22:46:53.252  val_finetune_dtvu_steps_3/loss = 2.8780  
2025-02-26 22:46:53.252  val_finetune_dtvu_steps_3/acc@01 = 0.3417  
2025-02-26 22:46:53.252  val_finetune_dtvu_steps_3/acc@05 = 0.6667  
2025-02-26 22:46:53.252  val_finetune_dtvu_steps_3/acc@10 = 0.8000  
2025-02-26 22:46:53.252  val_finetune_dtvu_steps_3/acc@20 = 0.8583  
2025-02-26 22:46:53.252  
  
