2025-02-27 03:20:00.479  
  
2025-02-27 03:20:00.479  [TRN] epoch_00  
2025-02-27 03:20:00.479  =============================================  
2025-02-27 03:20:00.479  trn/loss = 5.4906  
2025-02-27 03:20:00.479  trn/acc@01 = 0.0526  
2025-02-27 03:20:00.479  trn/acc@05 = 0.1719  
2025-02-27 03:20:00.479  trn/acc@10 = 0.2368  
2025-02-27 03:20:00.479  trn/acc@20 = 0.3211  
2025-02-27 03:20:00.479  
  
2025-02-27 03:20:00.777  
  
2025-02-27 03:20:00.777  [VAL_FINETUNE_DTVU_STEPS_1] epoch_00  
2025-02-27 03:20:00.777  =============================================  
2025-02-27 03:20:00.777  val_finetune_dtvu_steps_1/loss = 5.2443  
2025-02-27 03:20:00.777  val_finetune_dtvu_steps_1/acc@01 = 0.0000  
2025-02-27 03:20:00.777  val_finetune_dtvu_steps_1/acc@05 = 0.2500  
2025-02-27 03:20:00.786  val_finetune_dtvu_steps_1/acc@10 = 0.3500  
2025-02-27 03:20:00.786  val_finetune_dtvu_steps_1/acc@20 = 0.4000  
2025-02-27 03:20:00.786  
  
2025-02-27 03:20:01.086  
  
2025-02-27 03:20:01.086  [VAL_FINETUNE_DTVU_STEPS_3] epoch_00  
2025-02-27 03:20:01.086  =============================================  
2025-02-27 03:20:01.086  val_finetune_dtvu_steps_3/loss = 5.0593  
2025-02-27 03:20:01.086  val_finetune_dtvu_steps_3/acc@01 = 0.0500  
2025-02-27 03:20:01.086  val_finetune_dtvu_steps_3/acc@05 = 0.4000  
2025-02-27 03:20:01.086  val_finetune_dtvu_steps_3/acc@10 = 0.4500  
2025-02-27 03:20:01.086  val_finetune_dtvu_steps_3/acc@20 = 0.4667  
2025-02-27 03:20:01.086  
  
2025-02-27 03:20:04.167  
  
2025-02-27 03:20:04.167  [TRN] epoch_01  
2025-02-27 03:20:04.167  =============================================  
2025-02-27 03:20:04.167  trn/loss = 4.4094  
2025-02-27 03:20:04.167  trn/acc@01 = 0.1528  
2025-02-27 03:20:04.167  trn/acc@05 = 0.4283  
2025-02-27 03:20:04.167  trn/acc@10 = 0.5321  
2025-02-27 03:20:04.167  trn/acc@20 = 0.5925  
2025-02-27 03:20:04.167  
  
2025-02-27 03:20:04.466  
  
2025-02-27 03:20:04.466  [VAL_FINETUNE_DTVU_STEPS_1] epoch_01  
2025-02-27 03:20:04.467  =============================================  
2025-02-27 03:20:04.467  val_finetune_dtvu_steps_1/loss = 4.7167  
2025-02-27 03:20:04.467  val_finetune_dtvu_steps_1/acc@01 = 0.1500  
2025-02-27 03:20:04.467  val_finetune_dtvu_steps_1/acc@05 = 0.4000  
2025-02-27 03:20:04.467  val_finetune_dtvu_steps_1/acc@10 = 0.4500  
2025-02-27 03:20:04.467  val_finetune_dtvu_steps_1/acc@20 = 0.4500  
2025-02-27 03:20:04.467  
  
2025-02-27 03:20:04.765  
  
2025-02-27 03:20:04.765  [VAL_FINETUNE_DTVU_STEPS_3] epoch_01  
2025-02-27 03:20:04.765  =============================================  
2025-02-27 03:20:04.765  val_finetune_dtvu_steps_3/loss = 4.5455  
2025-02-27 03:20:04.765  val_finetune_dtvu_steps_3/acc@01 = 0.2000  
2025-02-27 03:20:04.766  val_finetune_dtvu_steps_3/acc@05 = 0.3833  
2025-02-27 03:20:04.766  val_finetune_dtvu_steps_3/acc@10 = 0.4667  
2025-02-27 03:20:04.766  val_finetune_dtvu_steps_3/acc@20 = 0.5500  
2025-02-27 03:20:04.766  
  
2025-02-27 03:20:07.845  
  
2025-02-27 03:20:07.846  [TRN] epoch_02  
2025-02-27 03:20:07.846  =============================================  
2025-02-27 03:20:07.846  trn/loss = 4.1263  
2025-02-27 03:20:07.846  trn/acc@01 = 0.1354  
2025-02-27 03:20:07.846  trn/acc@05 = 0.4626  
2025-02-27 03:20:07.846  trn/acc@10 = 0.5879  
2025-02-27 03:20:07.846  trn/acc@20 = 0.6444  
2025-02-27 03:20:07.846  
  
2025-02-27 03:20:08.146  
  
2025-02-27 03:20:08.146  [VAL_FINETUNE_DTVU_STEPS_1] epoch_02  
2025-02-27 03:20:08.146  =============================================  
2025-02-27 03:20:08.146  val_finetune_dtvu_steps_1/loss = 4.6946  
2025-02-27 03:20:08.146  val_finetune_dtvu_steps_1/acc@01 = 0.3000  
2025-02-27 03:20:08.146  val_finetune_dtvu_steps_1/acc@05 = 0.3500  
2025-02-27 03:20:08.146  val_finetune_dtvu_steps_1/acc@10 = 0.5000  
2025-02-27 03:20:08.146  val_finetune_dtvu_steps_1/acc@20 = 0.5000  
2025-02-27 03:20:08.146  
  
2025-02-27 03:20:08.446  
  
2025-02-27 03:20:08.446  [VAL_FINETUNE_DTVU_STEPS_3] epoch_02  
2025-02-27 03:20:08.446  =============================================  
2025-02-27 03:20:08.446  val_finetune_dtvu_steps_3/loss = 4.4195  
2025-02-27 03:20:08.446  val_finetune_dtvu_steps_3/acc@01 = 0.3333  
2025-02-27 03:20:08.446  val_finetune_dtvu_steps_3/acc@05 = 0.4833  
2025-02-27 03:20:08.446  val_finetune_dtvu_steps_3/acc@10 = 0.5833  
2025-02-27 03:20:08.446  val_finetune_dtvu_steps_3/acc@20 = 0.6000  
2025-02-27 03:20:08.446  
  
2025-02-27 03:20:11.526  
  
2025-02-27 03:20:11.526  [TRN] epoch_03  
2025-02-27 03:20:11.526  =============================================  
2025-02-27 03:20:11.526  trn/loss = 3.8817  
2025-02-27 03:20:11.526  trn/acc@01 = 0.2020  
2025-02-27 03:20:11.526  trn/acc@05 = 0.5168  
2025-02-27 03:20:11.526  trn/acc@10 = 0.6257  
2025-02-27 03:20:11.526  trn/acc@20 = 0.6752  
2025-02-27 03:20:11.526  
  
2025-02-27 03:20:11.827  
  
2025-02-27 03:20:11.827  [VAL_FINETUNE_DTVU_STEPS_1] epoch_03  
2025-02-27 03:20:11.827  =============================================  
2025-02-27 03:20:11.827  val_finetune_dtvu_steps_1/loss = 4.4250  
2025-02-27 03:20:11.827  val_finetune_dtvu_steps_1/acc@01 = 0.2500  
2025-02-27 03:20:11.827  val_finetune_dtvu_steps_1/acc@05 = 0.3500  
2025-02-27 03:20:11.827  val_finetune_dtvu_steps_1/acc@10 = 0.4500  
2025-02-27 03:20:11.827  val_finetune_dtvu_steps_1/acc@20 = 0.5500  
2025-02-27 03:20:11.827  
  
2025-02-27 03:20:12.127  
  
2025-02-27 03:20:12.127  [VAL_FINETUNE_DTVU_STEPS_3] epoch_03  
2025-02-27 03:20:12.127  =============================================  
2025-02-27 03:20:12.127  val_finetune_dtvu_steps_3/loss = 4.3821  
2025-02-27 03:20:12.127  val_finetune_dtvu_steps_3/acc@01 = 0.2667  
2025-02-27 03:20:12.127  val_finetune_dtvu_steps_3/acc@05 = 0.4500  
2025-02-27 03:20:12.127  val_finetune_dtvu_steps_3/acc@10 = 0.5000  
2025-02-27 03:20:12.127  val_finetune_dtvu_steps_3/acc@20 = 0.5333  
2025-02-27 03:20:12.127  
  
2025-02-27 03:20:15.210  
  
2025-02-27 03:20:15.210  [TRN] epoch_04  
2025-02-27 03:20:15.210  =============================================  
2025-02-27 03:20:15.210  trn/loss = 3.6920  
2025-02-27 03:20:15.210  trn/acc@01 = 0.2162  
2025-02-27 03:20:15.210  trn/acc@05 = 0.5212  
2025-02-27 03:20:15.210  trn/acc@10 = 0.6545  
2025-02-27 03:20:15.210  trn/acc@20 = 0.7232  
2025-02-27 03:20:15.210  
  
2025-02-27 03:20:15.509  
  
2025-02-27 03:20:15.509  [VAL_FINETUNE_DTVU_STEPS_1] epoch_04  
2025-02-27 03:20:15.509  =============================================  
2025-02-27 03:20:15.509  val_finetune_dtvu_steps_1/loss = 4.4450  
2025-02-27 03:20:15.509  val_finetune_dtvu_steps_1/acc@01 = 0.2500  
2025-02-27 03:20:15.509  val_finetune_dtvu_steps_1/acc@05 = 0.4000  
2025-02-27 03:20:15.509  val_finetune_dtvu_steps_1/acc@10 = 0.5000  
2025-02-27 03:20:15.509  val_finetune_dtvu_steps_1/acc@20 = 0.5500  
2025-02-27 03:20:15.509  
  
2025-02-27 03:20:15.810  
  
2025-02-27 03:20:15.810  [VAL_FINETUNE_DTVU_STEPS_3] epoch_04  
2025-02-27 03:20:15.810  =============================================  
2025-02-27 03:20:15.810  val_finetune_dtvu_steps_3/loss = 4.3539  
2025-02-27 03:20:15.810  val_finetune_dtvu_steps_3/acc@01 = 0.2667  
2025-02-27 03:20:15.810  val_finetune_dtvu_steps_3/acc@05 = 0.4333  
2025-02-27 03:20:15.810  val_finetune_dtvu_steps_3/acc@10 = 0.5167  
2025-02-27 03:20:15.810  val_finetune_dtvu_steps_3/acc@20 = 0.5833  
2025-02-27 03:20:15.810  
  
2025-02-27 03:20:18.957  
  
2025-02-27 03:20:18.957  [TRN] epoch_05  
2025-02-27 03:20:18.957  =============================================  
2025-02-27 03:20:18.957  trn/loss = 3.5952  
2025-02-27 03:20:18.957  trn/acc@01 = 0.1673  
2025-02-27 03:20:18.957  trn/acc@05 = 0.5273  
2025-02-27 03:20:18.957  trn/acc@10 = 0.6709  
2025-02-27 03:20:18.957  trn/acc@20 = 0.7582  
2025-02-27 03:20:18.957  
  
2025-02-27 03:20:19.266  
  
2025-02-27 03:20:19.266  [VAL_FINETUNE_DTVU_STEPS_1] epoch_05  
2025-02-27 03:20:19.266  =============================================  
2025-02-27 03:20:19.266  val_finetune_dtvu_steps_1/loss = 4.6214  
2025-02-27 03:20:19.266  val_finetune_dtvu_steps_1/acc@01 = 0.1500  
2025-02-27 03:20:19.266  val_finetune_dtvu_steps_1/acc@05 = 0.5000  
2025-02-27 03:20:19.266  val_finetune_dtvu_steps_1/acc@10 = 0.5500  
2025-02-27 03:20:19.266  val_finetune_dtvu_steps_1/acc@20 = 0.6500  
2025-02-27 03:20:19.266  
  
2025-02-27 03:20:19.567  
  
2025-02-27 03:20:19.567  [VAL_FINETUNE_DTVU_STEPS_3] epoch_05  
2025-02-27 03:20:19.567  =============================================  
2025-02-27 03:20:19.567  val_finetune_dtvu_steps_3/loss = 4.3788  
2025-02-27 03:20:19.567  val_finetune_dtvu_steps_3/acc@01 = 0.2167  
2025-02-27 03:20:19.567  val_finetune_dtvu_steps_3/acc@05 = 0.5167  
2025-02-27 03:20:19.567  val_finetune_dtvu_steps_3/acc@10 = 0.6000  
2025-02-27 03:20:19.567  val_finetune_dtvu_steps_3/acc@20 = 0.6833  
2025-02-27 03:20:19.567  
  
2025-02-27 03:20:22.687  
  
2025-02-27 03:20:22.689  [TRN] epoch_06  
2025-02-27 03:20:22.689  =============================================  
2025-02-27 03:20:22.689  trn/loss = 3.3917  
2025-02-27 03:20:22.689  trn/acc@01 = 0.2323  
2025-02-27 03:20:22.689  trn/acc@05 = 0.5636  
2025-02-27 03:20:22.689  trn/acc@10 = 0.7051  
2025-02-27 03:20:22.689  trn/acc@20 = 0.7859  
2025-02-27 03:20:22.689  
  
2025-02-27 03:20:23.016  
  
2025-02-27 03:20:23.016  [VAL_FINETUNE_DTVU_STEPS_1] epoch_06  
2025-02-27 03:20:23.016  =============================================  
2025-02-27 03:20:23.016  val_finetune_dtvu_steps_1/loss = 4.2577  
2025-02-27 03:20:23.016  val_finetune_dtvu_steps_1/acc@01 = 0.1500  
2025-02-27 03:20:23.016  val_finetune_dtvu_steps_1/acc@05 = 0.5000  
2025-02-27 03:20:23.016  val_finetune_dtvu_steps_1/acc@10 = 0.5000  
2025-02-27 03:20:23.016  val_finetune_dtvu_steps_1/acc@20 = 0.6500  
2025-02-27 03:20:23.016  
  
2025-02-27 03:20:23.347  
  
2025-02-27 03:20:23.347  [VAL_FINETUNE_DTVU_STEPS_3] epoch_06  
2025-02-27 03:20:23.347  =============================================  
2025-02-27 03:20:23.347  val_finetune_dtvu_steps_3/loss = 4.1181  
2025-02-27 03:20:23.347  val_finetune_dtvu_steps_3/acc@01 = 0.2333  
2025-02-27 03:20:23.347  val_finetune_dtvu_steps_3/acc@05 = 0.5333  
2025-02-27 03:20:23.347  val_finetune_dtvu_steps_3/acc@10 = 0.5500  
2025-02-27 03:20:23.347  val_finetune_dtvu_steps_3/acc@20 = 0.6167  
2025-02-27 03:20:23.347  
  
2025-02-27 03:20:26.667  
  
2025-02-27 03:20:26.667  [TRN] epoch_07  
2025-02-27 03:20:26.667  =============================================  
2025-02-27 03:20:26.667  trn/loss = 3.3873  
2025-02-27 03:20:26.667  trn/acc@01 = 0.2436  
2025-02-27 03:20:26.667  trn/acc@05 = 0.5683  
2025-02-27 03:20:26.667  trn/acc@10 = 0.6990  
2025-02-27 03:20:26.667  trn/acc@20 = 0.8119  
2025-02-27 03:20:26.667  
  
2025-02-27 03:20:27.002  
  
2025-02-27 03:20:27.002  [VAL_FINETUNE_DTVU_STEPS_1] epoch_07  
2025-02-27 03:20:27.003  =============================================  
2025-02-27 03:20:27.003  val_finetune_dtvu_steps_1/loss = 4.2547  
2025-02-27 03:20:27.003  val_finetune_dtvu_steps_1/acc@01 = 0.2500  
2025-02-27 03:20:27.003  val_finetune_dtvu_steps_1/acc@05 = 0.4500  
2025-02-27 03:20:27.003  val_finetune_dtvu_steps_1/acc@10 = 0.5000  
2025-02-27 03:20:27.003  val_finetune_dtvu_steps_1/acc@20 = 0.6000  
2025-02-27 03:20:27.003  
  
2025-02-27 03:20:27.331  
  
2025-02-27 03:20:27.331  [VAL_FINETUNE_DTVU_STEPS_3] epoch_07  
2025-02-27 03:20:27.331  =============================================  
2025-02-27 03:20:27.331  val_finetune_dtvu_steps_3/loss = 4.0663  
2025-02-27 03:20:27.331  val_finetune_dtvu_steps_3/acc@01 = 0.3000  
2025-02-27 03:20:27.331  val_finetune_dtvu_steps_3/acc@05 = 0.4667  
2025-02-27 03:20:27.335  val_finetune_dtvu_steps_3/acc@10 = 0.5167  
2025-02-27 03:20:27.335  val_finetune_dtvu_steps_3/acc@20 = 0.6500  
2025-02-27 03:20:27.335  
  
2025-02-27 03:20:30.519  
  
2025-02-27 03:20:30.519  [TRN] epoch_08  
2025-02-27 03:20:30.519  =============================================  
2025-02-27 03:20:30.519  trn/loss = 3.3128  
2025-02-27 03:20:30.519  trn/acc@01 = 0.2560  
2025-02-27 03:20:30.519  trn/acc@05 = 0.5740  
2025-02-27 03:20:30.519  trn/acc@10 = 0.7120  
2025-02-27 03:20:30.519  trn/acc@20 = 0.8140  
2025-02-27 03:20:30.519  
  
2025-02-27 03:20:30.841  
  
2025-02-27 03:20:30.841  [VAL_FINETUNE_DTVU_STEPS_1] epoch_08  
2025-02-27 03:20:30.841  =============================================  
2025-02-27 03:20:30.841  val_finetune_dtvu_steps_1/loss = 4.3424  
2025-02-27 03:20:30.841  val_finetune_dtvu_steps_1/acc@01 = 0.3000  
2025-02-27 03:20:30.841  val_finetune_dtvu_steps_1/acc@05 = 0.4000  
2025-02-27 03:20:30.841  val_finetune_dtvu_steps_1/acc@10 = 0.5000  
2025-02-27 03:20:30.841  val_finetune_dtvu_steps_1/acc@20 = 0.6500  
2025-02-27 03:20:30.842  
  
2025-02-27 03:20:31.161  
  
2025-02-27 03:20:31.162  [VAL_FINETUNE_DTVU_STEPS_3] epoch_08  
2025-02-27 03:20:31.162  =============================================  
2025-02-27 03:20:31.162  val_finetune_dtvu_steps_3/loss = 4.0045  
2025-02-27 03:20:31.162  val_finetune_dtvu_steps_3/acc@01 = 0.3333  
2025-02-27 03:20:31.162  val_finetune_dtvu_steps_3/acc@05 = 0.5000  
2025-02-27 03:20:31.162  val_finetune_dtvu_steps_3/acc@10 = 0.6000  
2025-02-27 03:20:31.162  val_finetune_dtvu_steps_3/acc@20 = 0.6667  
2025-02-27 03:20:31.162  
  
2025-02-27 03:20:34.416  
  
2025-02-27 03:20:34.417  [TRN] epoch_09  
2025-02-27 03:20:34.417  =============================================  
2025-02-27 03:20:34.417  trn/loss = 3.3210  
2025-02-27 03:20:34.417  trn/acc@01 = 0.2358  
2025-02-27 03:20:34.417  trn/acc@05 = 0.5684  
2025-02-27 03:20:34.417  trn/acc@10 = 0.6674  
2025-02-27 03:20:34.417  trn/acc@20 = 0.8105  
2025-02-27 03:20:34.417  
  
2025-02-27 03:20:34.735  
  
2025-02-27 03:20:34.735  [VAL_FINETUNE_DTVU_STEPS_1] epoch_09  
2025-02-27 03:20:34.736  =============================================  
2025-02-27 03:20:34.736  val_finetune_dtvu_steps_1/loss = 4.2226  
2025-02-27 03:20:34.736  val_finetune_dtvu_steps_1/acc@01 = 0.1000  
2025-02-27 03:20:34.736  val_finetune_dtvu_steps_1/acc@05 = 0.4500  
2025-02-27 03:20:34.736  val_finetune_dtvu_steps_1/acc@10 = 0.5500  
2025-02-27 03:20:34.736  val_finetune_dtvu_steps_1/acc@20 = 0.6500  
2025-02-27 03:20:34.736  
  
2025-02-27 03:20:35.077  
  
2025-02-27 03:20:35.077  [VAL_FINETUNE_DTVU_STEPS_3] epoch_09  
2025-02-27 03:20:35.077  =============================================  
2025-02-27 03:20:35.077  val_finetune_dtvu_steps_3/loss = 3.9165  
2025-02-27 03:20:35.077  val_finetune_dtvu_steps_3/acc@01 = 0.2333  
2025-02-27 03:20:35.077  val_finetune_dtvu_steps_3/acc@05 = 0.5333  
2025-02-27 03:20:35.077  val_finetune_dtvu_steps_3/acc@10 = 0.6167  
2025-02-27 03:20:35.077  val_finetune_dtvu_steps_3/acc@20 = 0.7000  
2025-02-27 03:20:35.077  
  
2025-02-27 03:20:38.396  
  
2025-02-27 03:20:38.396  [TRN] epoch_10  
2025-02-27 03:20:38.396  =============================================  
2025-02-27 03:20:38.396  trn/loss = 3.1165  
2025-02-27 03:20:38.396  trn/acc@01 = 0.2491  
2025-02-27 03:20:38.396  trn/acc@05 = 0.5717  
2025-02-27 03:20:38.396  trn/acc@10 = 0.7132  
2025-02-27 03:20:38.396  trn/acc@20 = 0.8340  
2025-02-27 03:20:38.396  
  
2025-02-27 03:20:38.729  
  
2025-02-27 03:20:38.729  [VAL_FINETUNE_DTVU_STEPS_1] epoch_10  
2025-02-27 03:20:38.729  =============================================  
2025-02-27 03:20:38.729  val_finetune_dtvu_steps_1/loss = 4.1186  
2025-02-27 03:20:38.734  val_finetune_dtvu_steps_1/acc@01 = 0.3000  
2025-02-27 03:20:38.734  val_finetune_dtvu_steps_1/acc@05 = 0.4500  
2025-02-27 03:20:38.734  val_finetune_dtvu_steps_1/acc@10 = 0.6000  
2025-02-27 03:20:38.735  val_finetune_dtvu_steps_1/acc@20 = 0.6000  
2025-02-27 03:20:38.735  
  
2025-02-27 03:20:39.064  
  
2025-02-27 03:20:39.064  [VAL_FINETUNE_DTVU_STEPS_3] epoch_10  
2025-02-27 03:20:39.064  =============================================  
2025-02-27 03:20:39.064  val_finetune_dtvu_steps_3/loss = 3.8197  
2025-02-27 03:20:39.064  val_finetune_dtvu_steps_3/acc@01 = 0.3500  
2025-02-27 03:20:39.064  val_finetune_dtvu_steps_3/acc@05 = 0.5167  
2025-02-27 03:20:39.064  val_finetune_dtvu_steps_3/acc@10 = 0.6500  
2025-02-27 03:20:39.064  val_finetune_dtvu_steps_3/acc@20 = 0.6833  
2025-02-27 03:20:39.065  
  
2025-02-27 03:20:42.333  
  
2025-02-27 03:20:42.333  [TRN] epoch_11  
2025-02-27 03:20:42.333  =============================================  
2025-02-27 03:20:42.333  trn/loss = 3.3456  
2025-02-27 03:20:42.333  trn/acc@01 = 0.2472  
2025-02-27 03:20:42.333  trn/acc@05 = 0.5685  
2025-02-27 03:20:42.333  trn/acc@10 = 0.6764  
2025-02-27 03:20:42.333  trn/acc@20 = 0.8382  
2025-02-27 03:20:42.333  
  
2025-02-27 03:20:42.664  
  
2025-02-27 03:20:42.664  [VAL_FINETUNE_DTVU_STEPS_1] epoch_11  
2025-02-27 03:20:42.665  =============================================  
2025-02-27 03:20:42.665  val_finetune_dtvu_steps_1/loss = 3.9303  
2025-02-27 03:20:42.665  val_finetune_dtvu_steps_1/acc@01 = 0.3000  
2025-02-27 03:20:42.665  val_finetune_dtvu_steps_1/acc@05 = 0.5000  
2025-02-27 03:20:42.665  val_finetune_dtvu_steps_1/acc@10 = 0.5500  
2025-02-27 03:20:42.665  val_finetune_dtvu_steps_1/acc@20 = 0.7000  
2025-02-27 03:20:42.665  
  
2025-02-27 03:20:42.996  
  
2025-02-27 03:20:42.996  [VAL_FINETUNE_DTVU_STEPS_3] epoch_11  
2025-02-27 03:20:42.997  =============================================  
2025-02-27 03:20:42.997  val_finetune_dtvu_steps_3/loss = 3.9222  
2025-02-27 03:20:42.997  val_finetune_dtvu_steps_3/acc@01 = 0.3667  
2025-02-27 03:20:42.997  val_finetune_dtvu_steps_3/acc@05 = 0.4833  
2025-02-27 03:20:42.997  val_finetune_dtvu_steps_3/acc@10 = 0.6167  
2025-02-27 03:20:42.997  val_finetune_dtvu_steps_3/acc@20 = 0.7333  
2025-02-27 03:20:42.997  
  
2025-02-27 03:20:46.237  
  
2025-02-27 03:20:46.238  [TRN] epoch_12  
2025-02-27 03:20:46.238  =============================================  
2025-02-27 03:20:46.238  trn/loss = 3.4233  
2025-02-27 03:20:46.238  trn/acc@01 = 0.2696  
2025-02-27 03:20:46.238  trn/acc@05 = 0.5826  
2025-02-27 03:20:46.238  trn/acc@10 = 0.6891  
2025-02-27 03:20:46.238  trn/acc@20 = 0.8326  
2025-02-27 03:20:46.238  
  
2025-02-27 03:20:46.557  
  
2025-02-27 03:20:46.557  [VAL_FINETUNE_DTVU_STEPS_1] epoch_12  
2025-02-27 03:20:46.557  =============================================  
2025-02-27 03:20:46.557  val_finetune_dtvu_steps_1/loss = 3.8371  
2025-02-27 03:20:46.557  val_finetune_dtvu_steps_1/acc@01 = 0.3500  
2025-02-27 03:20:46.557  val_finetune_dtvu_steps_1/acc@05 = 0.5000  
2025-02-27 03:20:46.557  val_finetune_dtvu_steps_1/acc@10 = 0.5500  
2025-02-27 03:20:46.557  val_finetune_dtvu_steps_1/acc@20 = 0.7000  
2025-02-27 03:20:46.557  
  
2025-02-27 03:20:46.901  
  
2025-02-27 03:20:46.901  [VAL_FINETUNE_DTVU_STEPS_3] epoch_12  
2025-02-27 03:20:46.901  =============================================  
2025-02-27 03:20:46.901  val_finetune_dtvu_steps_3/loss = 3.8618  
2025-02-27 03:20:46.901  val_finetune_dtvu_steps_3/acc@01 = 0.3167  
2025-02-27 03:20:46.901  val_finetune_dtvu_steps_3/acc@05 = 0.5333  
2025-02-27 03:20:46.901  val_finetune_dtvu_steps_3/acc@10 = 0.5833  
2025-02-27 03:20:46.901  val_finetune_dtvu_steps_3/acc@20 = 0.7333  
2025-02-27 03:20:46.901  
  
2025-02-27 03:20:50.156  
  
2025-02-27 03:20:50.156  [TRN] epoch_13  
2025-02-27 03:20:50.156  =============================================  
2025-02-27 03:20:50.156  trn/loss = 3.3012  
2025-02-27 03:20:50.156  trn/acc@01 = 0.2980  
2025-02-27 03:20:50.156  trn/acc@05 = 0.5860  
2025-02-27 03:20:50.156  trn/acc@10 = 0.6880  
2025-02-27 03:20:50.156  trn/acc@20 = 0.8360  
2025-02-27 03:20:50.165  
  
2025-02-27 03:20:50.486  
  
2025-02-27 03:20:50.486  [VAL_FINETUNE_DTVU_STEPS_1] epoch_13  
2025-02-27 03:20:50.486  =============================================  
2025-02-27 03:20:50.486  val_finetune_dtvu_steps_1/loss = 4.5307  
2025-02-27 03:20:50.487  val_finetune_dtvu_steps_1/acc@01 = 0.2000  
2025-02-27 03:20:50.487  val_finetune_dtvu_steps_1/acc@05 = 0.4000  
2025-02-27 03:20:50.487  val_finetune_dtvu_steps_1/acc@10 = 0.5500  
2025-02-27 03:20:50.487  val_finetune_dtvu_steps_1/acc@20 = 0.6500  
2025-02-27 03:20:50.487  
  
2025-02-27 03:20:50.811  
  
2025-02-27 03:20:50.811  [VAL_FINETUNE_DTVU_STEPS_3] epoch_13  
2025-02-27 03:20:50.811  =============================================  
2025-02-27 03:20:50.811  val_finetune_dtvu_steps_3/loss = 4.3583  
2025-02-27 03:20:50.811  val_finetune_dtvu_steps_3/acc@01 = 0.2500  
2025-02-27 03:20:50.811  val_finetune_dtvu_steps_3/acc@05 = 0.4333  
2025-02-27 03:20:50.811  val_finetune_dtvu_steps_3/acc@10 = 0.5833  
2025-02-27 03:20:50.811  val_finetune_dtvu_steps_3/acc@20 = 0.7000  
2025-02-27 03:20:50.811  
  
2025-02-27 03:20:54.015  
  
2025-02-27 03:20:54.016  [TRN] epoch_14  
2025-02-27 03:20:54.016  =============================================  
2025-02-27 03:20:54.016  trn/loss = 3.4228  
2025-02-27 03:20:54.016  trn/acc@01 = 0.2220  
2025-02-27 03:20:54.016  trn/acc@05 = 0.5500  
2025-02-27 03:20:54.016  trn/acc@10 = 0.6580  
2025-02-27 03:20:54.016  trn/acc@20 = 0.8160  
2025-02-27 03:20:54.016  
  
2025-02-27 03:20:54.355  
  
2025-02-27 03:20:54.355  [VAL_FINETUNE_DTVU_STEPS_1] epoch_14  
2025-02-27 03:20:54.356  =============================================  
2025-02-27 03:20:54.356  val_finetune_dtvu_steps_1/loss = 4.1456  
2025-02-27 03:20:54.356  val_finetune_dtvu_steps_1/acc@01 = 0.3000  
2025-02-27 03:20:54.356  val_finetune_dtvu_steps_1/acc@05 = 0.4000  
2025-02-27 03:20:54.356  val_finetune_dtvu_steps_1/acc@10 = 0.5500  
2025-02-27 03:20:54.356  val_finetune_dtvu_steps_1/acc@20 = 0.6000  
2025-02-27 03:20:54.357  
  
2025-02-27 03:20:54.690  
  
2025-02-27 03:20:54.690  [VAL_FINETUNE_DTVU_STEPS_3] epoch_14  
2025-02-27 03:20:54.690  =============================================  
2025-02-27 03:20:54.690  val_finetune_dtvu_steps_3/loss = 3.8854  
2025-02-27 03:20:54.690  val_finetune_dtvu_steps_3/acc@01 = 0.3333  
2025-02-27 03:20:54.690  val_finetune_dtvu_steps_3/acc@05 = 0.5000  
2025-02-27 03:20:54.690  val_finetune_dtvu_steps_3/acc@10 = 0.5833  
2025-02-27 03:20:54.691  val_finetune_dtvu_steps_3/acc@20 = 0.6667  
2025-02-27 03:20:54.691  
  
2025-02-27 03:20:57.995  
  
2025-02-27 03:20:57.996  [TRN] epoch_15  
2025-02-27 03:20:57.996  =============================================  
2025-02-27 03:20:57.996  trn/loss = 3.2705  
2025-02-27 03:20:57.996  trn/acc@01 = 0.2505  
2025-02-27 03:20:57.996  trn/acc@05 = 0.5958  
2025-02-27 03:20:57.996  trn/acc@10 = 0.6884  
2025-02-27 03:20:57.996  trn/acc@20 = 0.8400  
2025-02-27 03:20:57.997  
  
2025-02-27 03:20:58.316  
  
2025-02-27 03:20:58.316  [VAL_FINETUNE_DTVU_STEPS_1] epoch_15  
2025-02-27 03:20:58.316  =============================================  
2025-02-27 03:20:58.316  val_finetune_dtvu_steps_1/loss = 3.8931  
2025-02-27 03:20:58.316  val_finetune_dtvu_steps_1/acc@01 = 0.3000  
2025-02-27 03:20:58.316  val_finetune_dtvu_steps_1/acc@05 = 0.5000  
2025-02-27 03:20:58.317  val_finetune_dtvu_steps_1/acc@10 = 0.5000  
2025-02-27 03:20:58.317  val_finetune_dtvu_steps_1/acc@20 = 0.7000  
2025-02-27 03:20:58.317  
  
2025-02-27 03:20:58.646  
  
2025-02-27 03:20:58.646  [VAL_FINETUNE_DTVU_STEPS_3] epoch_15  
2025-02-27 03:20:58.646  =============================================  
2025-02-27 03:20:58.646  val_finetune_dtvu_steps_3/loss = 3.8692  
2025-02-27 03:20:58.646  val_finetune_dtvu_steps_3/acc@01 = 0.2833  
2025-02-27 03:20:58.646  val_finetune_dtvu_steps_3/acc@05 = 0.5000  
2025-02-27 03:20:58.646  val_finetune_dtvu_steps_3/acc@10 = 0.5167  
2025-02-27 03:20:58.646  val_finetune_dtvu_steps_3/acc@20 = 0.7000  
2025-02-27 03:20:58.646  
  
2025-02-27 03:21:01.819  
  
2025-02-27 03:21:01.819  [TRN] epoch_16  
2025-02-27 03:21:01.819  =============================================  
2025-02-27 03:21:01.819  trn/loss = 3.2944  
2025-02-27 03:21:01.819  trn/acc@01 = 0.2820  
2025-02-27 03:21:01.819  trn/acc@05 = 0.5900  
2025-02-27 03:21:01.819  trn/acc@10 = 0.6980  
2025-02-27 03:21:01.819  trn/acc@20 = 0.8140  
2025-02-27 03:21:01.819  
  
2025-02-27 03:21:02.145  
  
2025-02-27 03:21:02.146  [VAL_FINETUNE_DTVU_STEPS_1] epoch_16  
2025-02-27 03:21:02.146  =============================================  
2025-02-27 03:21:02.146  val_finetune_dtvu_steps_1/loss = 3.7061  
2025-02-27 03:21:02.146  val_finetune_dtvu_steps_1/acc@01 = 0.2000  
2025-02-27 03:21:02.146  val_finetune_dtvu_steps_1/acc@05 = 0.5000  
2025-02-27 03:21:02.146  val_finetune_dtvu_steps_1/acc@10 = 0.5500  
2025-02-27 03:21:02.146  val_finetune_dtvu_steps_1/acc@20 = 0.7000  
2025-02-27 03:21:02.146  
  
2025-02-27 03:21:02.496  
  
2025-02-27 03:21:02.497  [VAL_FINETUNE_DTVU_STEPS_3] epoch_16  
2025-02-27 03:21:02.499  =============================================  
2025-02-27 03:21:02.499  val_finetune_dtvu_steps_3/loss = 3.8097  
2025-02-27 03:21:02.501  val_finetune_dtvu_steps_3/acc@01 = 0.2500  
2025-02-27 03:21:02.501  val_finetune_dtvu_steps_3/acc@05 = 0.5000  
2025-02-27 03:21:02.503  val_finetune_dtvu_steps_3/acc@10 = 0.5500  
2025-02-27 03:21:02.503  val_finetune_dtvu_steps_3/acc@20 = 0.7000  
2025-02-27 03:21:02.506  
  
2025-02-27 03:21:05.697  
  
2025-02-27 03:21:05.697  [TRN] epoch_17  
2025-02-27 03:21:05.697  =============================================  
2025-02-27 03:21:05.697  trn/loss = 3.1208  
2025-02-27 03:21:05.697  trn/acc@01 = 0.2729  
2025-02-27 03:21:05.697  trn/acc@05 = 0.6125  
2025-02-27 03:21:05.697  trn/acc@10 = 0.7292  
2025-02-27 03:21:05.697  trn/acc@20 = 0.8417  
2025-02-27 03:21:05.697  
  
2025-02-27 03:21:06.025  
  
2025-02-27 03:21:06.025  [VAL_FINETUNE_DTVU_STEPS_1] epoch_17  
2025-02-27 03:21:06.025  =============================================  
2025-02-27 03:21:06.026  val_finetune_dtvu_steps_1/loss = 3.8599  
2025-02-27 03:21:06.026  val_finetune_dtvu_steps_1/acc@01 = 0.1500  
2025-02-27 03:21:06.026  val_finetune_dtvu_steps_1/acc@05 = 0.5000  
2025-02-27 03:21:06.026  val_finetune_dtvu_steps_1/acc@10 = 0.5500  
2025-02-27 03:21:06.026  val_finetune_dtvu_steps_1/acc@20 = 0.6500  
2025-02-27 03:21:06.026  
  
2025-02-27 03:21:06.350  
  
2025-02-27 03:21:06.351  [VAL_FINETUNE_DTVU_STEPS_3] epoch_17  
2025-02-27 03:21:06.351  =============================================  
2025-02-27 03:21:06.351  val_finetune_dtvu_steps_3/loss = 3.9158  
2025-02-27 03:21:06.351  val_finetune_dtvu_steps_3/acc@01 = 0.2333  
2025-02-27 03:21:06.351  val_finetune_dtvu_steps_3/acc@05 = 0.5333  
2025-02-27 03:21:06.351  val_finetune_dtvu_steps_3/acc@10 = 0.5833  
2025-02-27 03:21:06.351  val_finetune_dtvu_steps_3/acc@20 = 0.7000  
2025-02-27 03:21:06.351  
  
2025-02-27 03:21:09.557  
  
2025-02-27 03:21:09.557  [TRN] epoch_18  
2025-02-27 03:21:09.557  =============================================  
2025-02-27 03:21:09.557  trn/loss = 3.1059  
2025-02-27 03:21:09.557  trn/acc@01 = 0.2385  
2025-02-27 03:21:09.557  trn/acc@05 = 0.5981  
2025-02-27 03:21:09.557  trn/acc@10 = 0.7423  
2025-02-27 03:21:09.557  trn/acc@20 = 0.8615  
2025-02-27 03:21:09.557  
  
2025-02-27 03:21:09.877  
  
2025-02-27 03:21:09.877  [VAL_FINETUNE_DTVU_STEPS_1] epoch_18  
2025-02-27 03:21:09.877  =============================================  
2025-02-27 03:21:09.877  val_finetune_dtvu_steps_1/loss = 3.9404  
2025-02-27 03:21:09.877  val_finetune_dtvu_steps_1/acc@01 = 0.2000  
2025-02-27 03:21:09.877  val_finetune_dtvu_steps_1/acc@05 = 0.5000  
2025-02-27 03:21:09.877  val_finetune_dtvu_steps_1/acc@10 = 0.5500  
2025-02-27 03:21:09.877  val_finetune_dtvu_steps_1/acc@20 = 0.7000  
2025-02-27 03:21:09.877  
  
2025-02-27 03:21:10.200  
  
2025-02-27 03:21:10.200  [VAL_FINETUNE_DTVU_STEPS_3] epoch_18  
2025-02-27 03:21:10.200  =============================================  
2025-02-27 03:21:10.200  val_finetune_dtvu_steps_3/loss = 4.0050  
2025-02-27 03:21:10.200  val_finetune_dtvu_steps_3/acc@01 = 0.2000  
2025-02-27 03:21:10.200  val_finetune_dtvu_steps_3/acc@05 = 0.5167  
2025-02-27 03:21:10.200  val_finetune_dtvu_steps_3/acc@10 = 0.5833  
2025-02-27 03:21:10.200  val_finetune_dtvu_steps_3/acc@20 = 0.6667  
2025-02-27 03:21:10.200  
  
2025-02-27 03:21:13.390  
  
2025-02-27 03:21:13.390  [TRN] epoch_19  
2025-02-27 03:21:13.390  =============================================  
2025-02-27 03:21:13.390  trn/loss = 3.1939  
2025-02-27 03:21:13.390  trn/acc@01 = 0.2692  
2025-02-27 03:21:13.390  trn/acc@05 = 0.6056  
2025-02-27 03:21:13.390  trn/acc@10 = 0.7271  
2025-02-27 03:21:13.390  trn/acc@20 = 0.8542  
2025-02-27 03:21:13.390  
  
2025-02-27 03:21:13.726  
  
2025-02-27 03:21:13.726  [VAL_FINETUNE_DTVU_STEPS_1] epoch_19  
2025-02-27 03:21:13.726  =============================================  
2025-02-27 03:21:13.726  val_finetune_dtvu_steps_1/loss = 3.9638  
2025-02-27 03:21:13.726  val_finetune_dtvu_steps_1/acc@01 = 0.2500  
2025-02-27 03:21:13.726  val_finetune_dtvu_steps_1/acc@05 = 0.4500  
2025-02-27 03:21:13.726  val_finetune_dtvu_steps_1/acc@10 = 0.5500  
2025-02-27 03:21:13.726  val_finetune_dtvu_steps_1/acc@20 = 0.7000  
2025-02-27 03:21:13.726  
  
2025-02-27 03:21:14.097  
  
2025-02-27 03:21:14.097  [VAL_FINETUNE_DTVU_STEPS_3] epoch_19  
2025-02-27 03:21:14.097  =============================================  
2025-02-27 03:21:14.097  val_finetune_dtvu_steps_3/loss = 3.8697  
2025-02-27 03:21:14.097  val_finetune_dtvu_steps_3/acc@01 = 0.2500  
2025-02-27 03:21:14.097  val_finetune_dtvu_steps_3/acc@05 = 0.5167  
2025-02-27 03:21:14.097  val_finetune_dtvu_steps_3/acc@10 = 0.6000  
2025-02-27 03:21:14.097  val_finetune_dtvu_steps_3/acc@20 = 0.7333  
2025-02-27 03:21:14.097  
  
2025-02-27 03:21:17.367  
  
2025-02-27 03:21:17.367  [TRN] epoch_20  
2025-02-27 03:21:17.367  =============================================  
2025-02-27 03:21:17.367  trn/loss = 3.1019  
2025-02-27 03:21:17.369  trn/acc@01 = 0.2918  
2025-02-27 03:21:17.369  trn/acc@05 = 0.5592  
2025-02-27 03:21:17.369  trn/acc@10 = 0.7082  
2025-02-27 03:21:17.369  trn/acc@20 = 0.8673  
2025-02-27 03:21:17.369  
  
2025-02-27 03:21:17.723  
  
2025-02-27 03:21:17.723  [VAL_FINETUNE_DTVU_STEPS_1] epoch_20  
2025-02-27 03:21:17.723  =============================================  
2025-02-27 03:21:17.723  val_finetune_dtvu_steps_1/loss = 4.2728  
2025-02-27 03:21:17.723  val_finetune_dtvu_steps_1/acc@01 = 0.1500  
2025-02-27 03:21:17.723  val_finetune_dtvu_steps_1/acc@05 = 0.4000  
2025-02-27 03:21:17.723  val_finetune_dtvu_steps_1/acc@10 = 0.5500  
2025-02-27 03:21:17.723  val_finetune_dtvu_steps_1/acc@20 = 0.7500  
2025-02-27 03:21:17.723  
  
2025-02-27 03:21:18.056  
  
2025-02-27 03:21:18.057  [VAL_FINETUNE_DTVU_STEPS_3] epoch_20  
2025-02-27 03:21:18.057  =============================================  
2025-02-27 03:21:18.057  val_finetune_dtvu_steps_3/loss = 3.9300  
2025-02-27 03:21:18.057  val_finetune_dtvu_steps_3/acc@01 = 0.2167  
2025-02-27 03:21:18.057  val_finetune_dtvu_steps_3/acc@05 = 0.5333  
2025-02-27 03:21:18.057  val_finetune_dtvu_steps_3/acc@10 = 0.6500  
2025-02-27 03:21:18.057  val_finetune_dtvu_steps_3/acc@20 = 0.7500  
2025-02-27 03:21:18.057  
  
2025-02-27 03:21:21.286  
  
2025-02-27 03:21:21.286  [TRN] epoch_21  
2025-02-27 03:21:21.286  =============================================  
2025-02-27 03:21:21.286  trn/loss = 3.0969  
2025-02-27 03:21:21.286  trn/acc@01 = 0.2863  
2025-02-27 03:21:21.286  trn/acc@05 = 0.6000  
2025-02-27 03:21:21.287  trn/acc@10 = 0.7157  
2025-02-27 03:21:21.287  trn/acc@20 = 0.8549  
2025-02-27 03:21:21.287  
  
2025-02-27 03:21:21.596  
  
2025-02-27 03:21:21.596  [VAL_FINETUNE_DTVU_STEPS_1] epoch_21  
2025-02-27 03:21:21.596  =============================================  
2025-02-27 03:21:21.596  val_finetune_dtvu_steps_1/loss = 3.9876  
2025-02-27 03:21:21.596  val_finetune_dtvu_steps_1/acc@01 = 0.2500  
2025-02-27 03:21:21.596  val_finetune_dtvu_steps_1/acc@05 = 0.4500  
2025-02-27 03:21:21.596  val_finetune_dtvu_steps_1/acc@10 = 0.5000  
2025-02-27 03:21:21.596  val_finetune_dtvu_steps_1/acc@20 = 0.7000  
2025-02-27 03:21:21.596  
  
2025-02-27 03:21:21.920  
  
2025-02-27 03:21:21.920  [VAL_FINETUNE_DTVU_STEPS_3] epoch_21  
2025-02-27 03:21:21.920  =============================================  
2025-02-27 03:21:21.920  val_finetune_dtvu_steps_3/loss = 3.8488  
2025-02-27 03:21:21.920  val_finetune_dtvu_steps_3/acc@01 = 0.2833  
2025-02-27 03:21:21.920  val_finetune_dtvu_steps_3/acc@05 = 0.5167  
2025-02-27 03:21:21.925  val_finetune_dtvu_steps_3/acc@10 = 0.5667  
2025-02-27 03:21:21.925  val_finetune_dtvu_steps_3/acc@20 = 0.7000  
2025-02-27 03:21:21.925  
  
2025-02-27 03:21:25.185  
  
2025-02-27 03:21:25.185  [TRN] epoch_22  
2025-02-27 03:21:25.185  =============================================  
2025-02-27 03:21:25.185  trn/loss = 3.1836  
2025-02-27 03:21:25.185  trn/acc@01 = 0.2667  
2025-02-27 03:21:25.185  trn/acc@05 = 0.5733  
2025-02-27 03:21:25.185  trn/acc@10 = 0.6990  
2025-02-27 03:21:25.185  trn/acc@20 = 0.8552  
2025-02-27 03:21:25.185  
  
2025-02-27 03:21:25.526  
  
2025-02-27 03:21:25.526  [VAL_FINETUNE_DTVU_STEPS_1] epoch_22  
2025-02-27 03:21:25.526  =============================================  
2025-02-27 03:21:25.526  val_finetune_dtvu_steps_1/loss = 3.8448  
2025-02-27 03:21:25.526  val_finetune_dtvu_steps_1/acc@01 = 0.2500  
2025-02-27 03:21:25.526  val_finetune_dtvu_steps_1/acc@05 = 0.4500  
2025-02-27 03:21:25.526  val_finetune_dtvu_steps_1/acc@10 = 0.5000  
2025-02-27 03:21:25.526  val_finetune_dtvu_steps_1/acc@20 = 0.7500  
2025-02-27 03:21:25.526  
  
2025-02-27 03:21:25.867  
  
2025-02-27 03:21:25.867  [VAL_FINETUNE_DTVU_STEPS_3] epoch_22  
2025-02-27 03:21:25.867  =============================================  
2025-02-27 03:21:25.867  val_finetune_dtvu_steps_3/loss = 3.8223  
2025-02-27 03:21:25.867  val_finetune_dtvu_steps_3/acc@01 = 0.2667  
2025-02-27 03:21:25.867  val_finetune_dtvu_steps_3/acc@05 = 0.5000  
2025-02-27 03:21:25.867  val_finetune_dtvu_steps_3/acc@10 = 0.6000  
2025-02-27 03:21:25.875  val_finetune_dtvu_steps_3/acc@20 = 0.7333  
2025-02-27 03:21:25.875  
  
2025-02-27 03:21:29.177  
  
2025-02-27 03:21:29.177  [TRN] epoch_23  
2025-02-27 03:21:29.177  =============================================  
2025-02-27 03:21:29.177  trn/loss = 3.1441  
2025-02-27 03:21:29.177  trn/acc@01 = 0.2563  
2025-02-27 03:21:29.177  trn/acc@05 = 0.5883  
2025-02-27 03:21:29.177  trn/acc@10 = 0.7146  
2025-02-27 03:21:29.177  trn/acc@20 = 0.8699  
2025-02-27 03:21:29.177  
  
2025-02-27 03:21:29.519  
  
2025-02-27 03:21:29.519  [VAL_FINETUNE_DTVU_STEPS_1] epoch_23  
2025-02-27 03:21:29.519  =============================================  
2025-02-27 03:21:29.525  val_finetune_dtvu_steps_1/loss = 3.9042  
2025-02-27 03:21:29.525  val_finetune_dtvu_steps_1/acc@01 = 0.2000  
2025-02-27 03:21:29.525  val_finetune_dtvu_steps_1/acc@05 = 0.4500  
2025-02-27 03:21:29.525  val_finetune_dtvu_steps_1/acc@10 = 0.6500  
2025-02-27 03:21:29.525  val_finetune_dtvu_steps_1/acc@20 = 0.7500  
2025-02-27 03:21:29.525  
  
2025-02-27 03:21:29.855  
  
2025-02-27 03:21:29.856  [VAL_FINETUNE_DTVU_STEPS_3] epoch_23  
2025-02-27 03:21:29.856  =============================================  
2025-02-27 03:21:29.856  val_finetune_dtvu_steps_3/loss = 3.7753  
2025-02-27 03:21:29.856  val_finetune_dtvu_steps_3/acc@01 = 0.2500  
2025-02-27 03:21:29.856  val_finetune_dtvu_steps_3/acc@05 = 0.5333  
2025-02-27 03:21:29.856  val_finetune_dtvu_steps_3/acc@10 = 0.6667  
2025-02-27 03:21:29.856  val_finetune_dtvu_steps_3/acc@20 = 0.7500  
2025-02-27 03:21:29.856  
  
2025-02-27 03:21:33.107  
  
2025-02-27 03:21:33.107  [TRN] epoch_24  
2025-02-27 03:21:33.107  =============================================  
2025-02-27 03:21:33.107  trn/loss = 3.0722  
2025-02-27 03:21:33.107  trn/acc@01 = 0.2718  
2025-02-27 03:21:33.107  trn/acc@05 = 0.6291  
2025-02-27 03:21:33.107  trn/acc@10 = 0.7437  
2025-02-27 03:21:33.107  trn/acc@20 = 0.8854  
2025-02-27 03:21:33.107  
  
2025-02-27 03:21:33.463  
  
2025-02-27 03:21:33.465  [VAL_FINETUNE_DTVU_STEPS_1] epoch_24  
2025-02-27 03:21:33.465  =============================================  
2025-02-27 03:21:33.465  val_finetune_dtvu_steps_1/loss = 3.9668  
2025-02-27 03:21:33.466  val_finetune_dtvu_steps_1/acc@01 = 0.3000  
2025-02-27 03:21:33.466  val_finetune_dtvu_steps_1/acc@05 = 0.4500  
2025-02-27 03:21:33.466  val_finetune_dtvu_steps_1/acc@10 = 0.6000  
2025-02-27 03:21:33.466  val_finetune_dtvu_steps_1/acc@20 = 0.7000  
2025-02-27 03:21:33.466  
  
2025-02-27 03:21:33.796  
  
2025-02-27 03:21:33.796  [VAL_FINETUNE_DTVU_STEPS_3] epoch_24  
2025-02-27 03:21:33.796  =============================================  
2025-02-27 03:21:33.796  val_finetune_dtvu_steps_3/loss = 3.8182  
2025-02-27 03:21:33.796  val_finetune_dtvu_steps_3/acc@01 = 0.3333  
2025-02-27 03:21:33.796  val_finetune_dtvu_steps_3/acc@05 = 0.5500  
2025-02-27 03:21:33.796  val_finetune_dtvu_steps_3/acc@10 = 0.6500  
2025-02-27 03:21:33.796  val_finetune_dtvu_steps_3/acc@20 = 0.7000  
2025-02-27 03:21:33.796  
  
2025-02-27 03:21:37.013  
  
2025-02-27 03:21:37.015  [TRN] epoch_25  
2025-02-27 03:21:37.015  =============================================  
2025-02-27 03:21:37.015  trn/loss = 3.0133  
2025-02-27 03:21:37.015  trn/acc@01 = 0.2796  
2025-02-27 03:21:37.015  trn/acc@05 = 0.6344  
2025-02-27 03:21:37.015  trn/acc@10 = 0.7527  
2025-02-27 03:21:37.015  trn/acc@20 = 0.8860  
2025-02-27 03:21:37.015  
  
2025-02-27 03:21:37.336  
  
2025-02-27 03:21:37.336  [VAL_FINETUNE_DTVU_STEPS_1] epoch_25  
2025-02-27 03:21:37.336  =============================================  
2025-02-27 03:21:37.336  val_finetune_dtvu_steps_1/loss = 3.9611  
2025-02-27 03:21:37.336  val_finetune_dtvu_steps_1/acc@01 = 0.2000  
2025-02-27 03:21:37.336  val_finetune_dtvu_steps_1/acc@05 = 0.4500  
2025-02-27 03:21:37.336  val_finetune_dtvu_steps_1/acc@10 = 0.6000  
2025-02-27 03:21:37.336  val_finetune_dtvu_steps_1/acc@20 = 0.7000  
2025-02-27 03:21:37.336  
  
2025-02-27 03:21:37.672  
  
2025-02-27 03:21:37.672  [VAL_FINETUNE_DTVU_STEPS_3] epoch_25  
2025-02-27 03:21:37.672  =============================================  
2025-02-27 03:21:37.672  val_finetune_dtvu_steps_3/loss = 3.8146  
2025-02-27 03:21:37.672  val_finetune_dtvu_steps_3/acc@01 = 0.2500  
2025-02-27 03:21:37.672  val_finetune_dtvu_steps_3/acc@05 = 0.4833  
2025-02-27 03:21:37.672  val_finetune_dtvu_steps_3/acc@10 = 0.6500  
2025-02-27 03:21:37.672  val_finetune_dtvu_steps_3/acc@20 = 0.7167  
2025-02-27 03:21:37.672  
  
2025-02-27 03:21:40.917  
  
2025-02-27 03:21:40.917  [TRN] epoch_26  
2025-02-27 03:21:40.917  =============================================  
2025-02-27 03:21:40.917  trn/loss = 3.0690  
2025-02-27 03:21:40.917  trn/acc@01 = 0.2141  
2025-02-27 03:21:40.917  trn/acc@05 = 0.5758  
2025-02-27 03:21:40.917  trn/acc@10 = 0.7131  
2025-02-27 03:21:40.917  trn/acc@20 = 0.8465  
2025-02-27 03:21:40.917  
  
2025-02-27 03:21:41.246  
  
2025-02-27 03:21:41.246  [VAL_FINETUNE_DTVU_STEPS_1] epoch_26  
2025-02-27 03:21:41.246  =============================================  
2025-02-27 03:21:41.246  val_finetune_dtvu_steps_1/loss = 3.9617  
2025-02-27 03:21:41.246  val_finetune_dtvu_steps_1/acc@01 = 0.1500  
2025-02-27 03:21:41.246  val_finetune_dtvu_steps_1/acc@05 = 0.5000  
2025-02-27 03:21:41.246  val_finetune_dtvu_steps_1/acc@10 = 0.6000  
2025-02-27 03:21:41.246  val_finetune_dtvu_steps_1/acc@20 = 0.7500  
2025-02-27 03:21:41.246  
  
2025-02-27 03:21:41.597  
  
2025-02-27 03:21:41.597  [VAL_FINETUNE_DTVU_STEPS_3] epoch_26  
2025-02-27 03:21:41.597  =============================================  
2025-02-27 03:21:41.597  val_finetune_dtvu_steps_3/loss = 3.7975  
2025-02-27 03:21:41.597  val_finetune_dtvu_steps_3/acc@01 = 0.2667  
2025-02-27 03:21:41.597  val_finetune_dtvu_steps_3/acc@05 = 0.5333  
2025-02-27 03:21:41.597  val_finetune_dtvu_steps_3/acc@10 = 0.6500  
2025-02-27 03:21:41.597  val_finetune_dtvu_steps_3/acc@20 = 0.7333  
2025-02-27 03:21:41.597  
  
2025-02-27 03:21:44.859  
  
2025-02-27 03:21:44.859  [TRN] epoch_27  
2025-02-27 03:21:44.859  =============================================  
2025-02-27 03:21:44.859  trn/loss = 3.2446  
2025-02-27 03:21:44.859  trn/acc@01 = 0.2500  
2025-02-27 03:21:44.859  trn/acc@05 = 0.5620  
2025-02-27 03:21:44.859  trn/acc@10 = 0.7220  
2025-02-27 03:21:44.859  trn/acc@20 = 0.8420  
2025-02-27 03:21:44.859  
  
2025-02-27 03:21:45.187  
  
2025-02-27 03:21:45.187  [VAL_FINETUNE_DTVU_STEPS_1] epoch_27  
2025-02-27 03:21:45.187  =============================================  
2025-02-27 03:21:45.187  val_finetune_dtvu_steps_1/loss = 3.8324  
2025-02-27 03:21:45.187  val_finetune_dtvu_steps_1/acc@01 = 0.1500  
2025-02-27 03:21:45.187  val_finetune_dtvu_steps_1/acc@05 = 0.5000  
2025-02-27 03:21:45.187  val_finetune_dtvu_steps_1/acc@10 = 0.6000  
2025-02-27 03:21:45.187  val_finetune_dtvu_steps_1/acc@20 = 0.7500  
2025-02-27 03:21:45.187  
  
2025-02-27 03:21:45.520  
  
2025-02-27 03:21:45.520  [VAL_FINETUNE_DTVU_STEPS_3] epoch_27  
2025-02-27 03:21:45.520  =============================================  
2025-02-27 03:21:45.520  val_finetune_dtvu_steps_3/loss = 3.7873  
2025-02-27 03:21:45.520  val_finetune_dtvu_steps_3/acc@01 = 0.2500  
2025-02-27 03:21:45.520  val_finetune_dtvu_steps_3/acc@05 = 0.4833  
2025-02-27 03:21:45.520  val_finetune_dtvu_steps_3/acc@10 = 0.6667  
2025-02-27 03:21:45.525  val_finetune_dtvu_steps_3/acc@20 = 0.7667  
2025-02-27 03:21:45.525  
  
2025-02-27 03:21:48.797  
  
2025-02-27 03:21:48.797  [TRN] epoch_28  
2025-02-27 03:21:48.797  =============================================  
2025-02-27 03:21:48.797  trn/loss = 3.0997  
2025-02-27 03:21:48.797  trn/acc@01 = 0.2379  
2025-02-27 03:21:48.797  trn/acc@05 = 0.5937  
2025-02-27 03:21:48.797  trn/acc@10 = 0.7389  
2025-02-27 03:21:48.797  trn/acc@20 = 0.8674  
2025-02-27 03:21:48.797  
  
2025-02-27 03:21:49.133  
  
2025-02-27 03:21:49.133  [VAL_FINETUNE_DTVU_STEPS_1] epoch_28  
2025-02-27 03:21:49.133  =============================================  
2025-02-27 03:21:49.135  val_finetune_dtvu_steps_1/loss = 4.0346  
2025-02-27 03:21:49.135  val_finetune_dtvu_steps_1/acc@01 = 0.1000  
2025-02-27 03:21:49.135  val_finetune_dtvu_steps_1/acc@05 = 0.5000  
2025-02-27 03:21:49.135  val_finetune_dtvu_steps_1/acc@10 = 0.5000  
2025-02-27 03:21:49.136  val_finetune_dtvu_steps_1/acc@20 = 0.7500  
2025-02-27 03:21:49.136  
  
2025-02-27 03:21:49.467  
  
2025-02-27 03:21:49.467  [VAL_FINETUNE_DTVU_STEPS_3] epoch_28  
2025-02-27 03:21:49.467  =============================================  
2025-02-27 03:21:49.467  val_finetune_dtvu_steps_3/loss = 4.0015  
2025-02-27 03:21:49.467  val_finetune_dtvu_steps_3/acc@01 = 0.1167  
2025-02-27 03:21:49.467  val_finetune_dtvu_steps_3/acc@05 = 0.5000  
2025-02-27 03:21:49.467  val_finetune_dtvu_steps_3/acc@10 = 0.5667  
2025-02-27 03:21:49.467  val_finetune_dtvu_steps_3/acc@20 = 0.7500  
2025-02-27 03:21:49.467  
  
2025-02-27 03:21:52.665  
  
2025-02-27 03:21:52.666  [TRN] epoch_29  
2025-02-27 03:21:52.666  =============================================  
2025-02-27 03:21:52.667  trn/loss = 3.0571  
2025-02-27 03:21:52.667  trn/acc@01 = 0.2545  
2025-02-27 03:21:52.667  trn/acc@05 = 0.6068  
2025-02-27 03:21:52.667  trn/acc@10 = 0.7091  
2025-02-27 03:21:52.667  trn/acc@20 = 0.8568  
2025-02-27 03:21:52.667  
  
2025-02-27 03:21:53.003  
  
2025-02-27 03:21:53.003  [VAL_FINETUNE_DTVU_STEPS_1] epoch_29  
2025-02-27 03:21:53.003  =============================================  
2025-02-27 03:21:53.003  val_finetune_dtvu_steps_1/loss = 3.9376  
2025-02-27 03:21:53.003  val_finetune_dtvu_steps_1/acc@01 = 0.2500  
2025-02-27 03:21:53.003  val_finetune_dtvu_steps_1/acc@05 = 0.5000  
2025-02-27 03:21:53.003  val_finetune_dtvu_steps_1/acc@10 = 0.5000  
2025-02-27 03:21:53.003  val_finetune_dtvu_steps_1/acc@20 = 0.7000  
2025-02-27 03:21:53.003  
  
2025-02-27 03:21:53.348  
  
2025-02-27 03:21:53.348  [VAL_FINETUNE_DTVU_STEPS_3] epoch_29  
2025-02-27 03:21:53.348  =============================================  
2025-02-27 03:21:53.348  val_finetune_dtvu_steps_3/loss = 3.8083  
2025-02-27 03:21:53.349  val_finetune_dtvu_steps_3/acc@01 = 0.2833  
2025-02-27 03:21:53.349  val_finetune_dtvu_steps_3/acc@05 = 0.5167  
2025-02-27 03:21:53.349  val_finetune_dtvu_steps_3/acc@10 = 0.6000  
2025-02-27 03:21:53.349  val_finetune_dtvu_steps_3/acc@20 = 0.7167  
2025-02-27 03:21:53.349  
  
2025-02-27 03:21:56.706  
  
2025-02-27 03:21:56.706  [TRN] epoch_30  
2025-02-27 03:21:56.706  =============================================  
2025-02-27 03:21:56.706  trn/loss = 3.0204  
2025-02-27 03:21:56.706  trn/acc@01 = 0.2559  
2025-02-27 03:21:56.706  trn/acc@05 = 0.5982  
2025-02-27 03:21:56.706  trn/acc@10 = 0.7387  
2025-02-27 03:21:56.706  trn/acc@20 = 0.8793  
2025-02-27 03:21:56.706  
  
2025-02-27 03:21:57.056  
  
2025-02-27 03:21:57.056  [VAL_FINETUNE_DTVU_STEPS_1] epoch_30  
2025-02-27 03:21:57.056  =============================================  
2025-02-27 03:21:57.056  val_finetune_dtvu_steps_1/loss = 4.1224  
2025-02-27 03:21:57.056  val_finetune_dtvu_steps_1/acc@01 = 0.2000  
2025-02-27 03:21:57.056  val_finetune_dtvu_steps_1/acc@05 = 0.5000  
2025-02-27 03:21:57.056  val_finetune_dtvu_steps_1/acc@10 = 0.5000  
2025-02-27 03:21:57.056  val_finetune_dtvu_steps_1/acc@20 = 0.6500  
2025-02-27 03:21:57.056  
  
2025-02-27 03:21:57.396  
  
2025-02-27 03:21:57.396  [VAL_FINETUNE_DTVU_STEPS_3] epoch_30  
2025-02-27 03:21:57.396  =============================================  
2025-02-27 03:21:57.396  val_finetune_dtvu_steps_3/loss = 3.9391  
2025-02-27 03:21:57.396  val_finetune_dtvu_steps_3/acc@01 = 0.2000  
2025-02-27 03:21:57.396  val_finetune_dtvu_steps_3/acc@05 = 0.5333  
2025-02-27 03:21:57.396  val_finetune_dtvu_steps_3/acc@10 = 0.6000  
2025-02-27 03:21:57.396  val_finetune_dtvu_steps_3/acc@20 = 0.7000  
2025-02-27 03:21:57.396  
  
2025-02-27 03:22:00.637  
  
2025-02-27 03:22:00.637  [TRN] epoch_31  
2025-02-27 03:22:00.641  =============================================  
2025-02-27 03:22:00.641  trn/loss = 3.0692  
2025-02-27 03:22:00.641  trn/acc@01 = 0.2418  
2025-02-27 03:22:00.641  trn/acc@05 = 0.5800  
2025-02-27 03:22:00.641  trn/acc@10 = 0.7236  
2025-02-27 03:22:00.641  trn/acc@20 = 0.8618  
2025-02-27 03:22:00.641  
  
2025-02-27 03:22:00.976  
  
2025-02-27 03:22:00.976  [VAL_FINETUNE_DTVU_STEPS_1] epoch_31  
2025-02-27 03:22:00.976  =============================================  
2025-02-27 03:22:00.976  val_finetune_dtvu_steps_1/loss = 3.8520  
2025-02-27 03:22:00.976  val_finetune_dtvu_steps_1/acc@01 = 0.2500  
2025-02-27 03:22:00.976  val_finetune_dtvu_steps_1/acc@05 = 0.5000  
2025-02-27 03:22:00.976  val_finetune_dtvu_steps_1/acc@10 = 0.5000  
2025-02-27 03:22:00.976  val_finetune_dtvu_steps_1/acc@20 = 0.7000  
2025-02-27 03:22:00.976  
  
2025-02-27 03:22:01.313  
  
2025-02-27 03:22:01.313  [VAL_FINETUNE_DTVU_STEPS_3] epoch_31  
2025-02-27 03:22:01.313  =============================================  
2025-02-27 03:22:01.313  val_finetune_dtvu_steps_3/loss = 3.7302  
2025-02-27 03:22:01.313  val_finetune_dtvu_steps_3/acc@01 = 0.2833  
2025-02-27 03:22:01.313  val_finetune_dtvu_steps_3/acc@05 = 0.5667  
2025-02-27 03:22:01.313  val_finetune_dtvu_steps_3/acc@10 = 0.5833  
2025-02-27 03:22:01.315  val_finetune_dtvu_steps_3/acc@20 = 0.7333  
2025-02-27 03:22:01.315  
  
2025-02-27 03:22:04.605  
  
2025-02-27 03:22:04.605  [TRN] epoch_32  
2025-02-27 03:22:04.605  =============================================  
2025-02-27 03:22:04.605  trn/loss = 3.1339  
2025-02-27 03:22:04.605  trn/acc@01 = 0.2681  
2025-02-27 03:22:04.605  trn/acc@05 = 0.6021  
2025-02-27 03:22:04.605  trn/acc@10 = 0.7213  
2025-02-27 03:22:04.605  trn/acc@20 = 0.8511  
2025-02-27 03:22:04.605  
  
2025-02-27 03:22:04.926  
  
2025-02-27 03:22:04.926  [VAL_FINETUNE_DTVU_STEPS_1] epoch_32  
2025-02-27 03:22:04.926  =============================================  
2025-02-27 03:22:04.926  val_finetune_dtvu_steps_1/loss = 4.3231  
2025-02-27 03:22:04.926  val_finetune_dtvu_steps_1/acc@01 = 0.2500  
2025-02-27 03:22:04.926  val_finetune_dtvu_steps_1/acc@05 = 0.4000  
2025-02-27 03:22:04.926  val_finetune_dtvu_steps_1/acc@10 = 0.5500  
2025-02-27 03:22:04.926  val_finetune_dtvu_steps_1/acc@20 = 0.7000  
2025-02-27 03:22:04.926  
  
2025-02-27 03:22:05.266  
  
2025-02-27 03:22:05.266  [VAL_FINETUNE_DTVU_STEPS_3] epoch_32  
2025-02-27 03:22:05.266  =============================================  
2025-02-27 03:22:05.266  val_finetune_dtvu_steps_3/loss = 3.9955  
2025-02-27 03:22:05.266  val_finetune_dtvu_steps_3/acc@01 = 0.2833  
2025-02-27 03:22:05.266  val_finetune_dtvu_steps_3/acc@05 = 0.5000  
2025-02-27 03:22:05.266  val_finetune_dtvu_steps_3/acc@10 = 0.6167  
2025-02-27 03:22:05.266  val_finetune_dtvu_steps_3/acc@20 = 0.6833  
2025-02-27 03:22:05.266  
  
2025-02-27 03:22:08.587  
  
2025-02-27 03:22:08.587  [TRN] epoch_33  
2025-02-27 03:22:08.587  =============================================  
2025-02-27 03:22:08.587  trn/loss = 3.2475  
2025-02-27 03:22:08.587  trn/acc@01 = 0.2641  
2025-02-27 03:22:08.587  trn/acc@05 = 0.5689  
2025-02-27 03:22:08.587  trn/acc@10 = 0.7184  
2025-02-27 03:22:08.587  trn/acc@20 = 0.8311  
2025-02-27 03:22:08.587  
  
2025-02-27 03:22:08.941  
  
2025-02-27 03:22:08.941  [VAL_FINETUNE_DTVU_STEPS_1] epoch_33  
2025-02-27 03:22:08.941  =============================================  
2025-02-27 03:22:08.941  val_finetune_dtvu_steps_1/loss = 3.9738  
2025-02-27 03:22:08.941  val_finetune_dtvu_steps_1/acc@01 = 0.2500  
2025-02-27 03:22:08.941  val_finetune_dtvu_steps_1/acc@05 = 0.4500  
2025-02-27 03:22:08.941  val_finetune_dtvu_steps_1/acc@10 = 0.5500  
2025-02-27 03:22:08.945  val_finetune_dtvu_steps_1/acc@20 = 0.7000  
2025-02-27 03:22:08.945  
  
2025-02-27 03:22:09.307  
  
2025-02-27 03:22:09.307  [VAL_FINETUNE_DTVU_STEPS_3] epoch_33  
2025-02-27 03:22:09.307  =============================================  
2025-02-27 03:22:09.307  val_finetune_dtvu_steps_3/loss = 3.6917  
2025-02-27 03:22:09.307  val_finetune_dtvu_steps_3/acc@01 = 0.3000  
2025-02-27 03:22:09.307  val_finetune_dtvu_steps_3/acc@05 = 0.5500  
2025-02-27 03:22:09.307  val_finetune_dtvu_steps_3/acc@10 = 0.6000  
2025-02-27 03:22:09.307  val_finetune_dtvu_steps_3/acc@20 = 0.7500  
2025-02-27 03:22:09.307  
  
2025-02-27 03:22:12.560  
  
2025-02-27 03:22:12.560  [TRN] epoch_34  
2025-02-27 03:22:12.560  =============================================  
2025-02-27 03:22:12.560  trn/loss = 2.9994  
2025-02-27 03:22:12.560  trn/acc@01 = 0.2727  
2025-02-27 03:22:12.560  trn/acc@05 = 0.5980  
2025-02-27 03:22:12.560  trn/acc@10 = 0.7273  
2025-02-27 03:22:12.560  trn/acc@20 = 0.8545  
2025-02-27 03:22:12.560  
  
2025-02-27 03:22:12.886  
  
2025-02-27 03:22:12.886  [VAL_FINETUNE_DTVU_STEPS_1] epoch_34  
2025-02-27 03:22:12.886  =============================================  
2025-02-27 03:22:12.886  val_finetune_dtvu_steps_1/loss = 3.8798  
2025-02-27 03:22:12.886  val_finetune_dtvu_steps_1/acc@01 = 0.2000  
2025-02-27 03:22:12.889  val_finetune_dtvu_steps_1/acc@05 = 0.5000  
2025-02-27 03:22:12.889  val_finetune_dtvu_steps_1/acc@10 = 0.5500  
2025-02-27 03:22:12.889  val_finetune_dtvu_steps_1/acc@20 = 0.7000  
2025-02-27 03:22:12.889  
  
2025-02-27 03:22:13.212  
  
2025-02-27 03:22:13.212  [VAL_FINETUNE_DTVU_STEPS_3] epoch_34  
2025-02-27 03:22:13.212  =============================================  
2025-02-27 03:22:13.212  val_finetune_dtvu_steps_3/loss = 3.8007  
2025-02-27 03:22:13.212  val_finetune_dtvu_steps_3/acc@01 = 0.2500  
2025-02-27 03:22:13.212  val_finetune_dtvu_steps_3/acc@05 = 0.5333  
2025-02-27 03:22:13.212  val_finetune_dtvu_steps_3/acc@10 = 0.6333  
2025-02-27 03:22:13.212  val_finetune_dtvu_steps_3/acc@20 = 0.7167  
2025-02-27 03:22:13.212  
  
2025-02-27 03:22:16.519  
  
2025-02-27 03:22:16.519  [TRN] epoch_35  
2025-02-27 03:22:16.519  =============================================  
2025-02-27 03:22:16.519  trn/loss = 3.0617  
2025-02-27 03:22:16.519  trn/acc@01 = 0.2589  
2025-02-27 03:22:16.519  trn/acc@05 = 0.5811  
2025-02-27 03:22:16.519  trn/acc@10 = 0.7158  
2025-02-27 03:22:16.519  trn/acc@20 = 0.8526  
2025-02-27 03:22:16.519  
  
2025-02-27 03:22:16.846  
  
2025-02-27 03:22:16.851  [VAL_FINETUNE_DTVU_STEPS_1] epoch_35  
2025-02-27 03:22:16.851  =============================================  
2025-02-27 03:22:16.851  val_finetune_dtvu_steps_1/loss = 3.9531  
2025-02-27 03:22:16.851  val_finetune_dtvu_steps_1/acc@01 = 0.2500  
2025-02-27 03:22:16.851  val_finetune_dtvu_steps_1/acc@05 = 0.4500  
2025-02-27 03:22:16.851  val_finetune_dtvu_steps_1/acc@10 = 0.4500  
2025-02-27 03:22:16.851  val_finetune_dtvu_steps_1/acc@20 = 0.7500  
2025-02-27 03:22:16.851  
  
2025-02-27 03:22:17.207  
  
2025-02-27 03:22:17.207  [VAL_FINETUNE_DTVU_STEPS_3] epoch_35  
2025-02-27 03:22:17.207  =============================================  
2025-02-27 03:22:17.207  val_finetune_dtvu_steps_3/loss = 3.8362  
2025-02-27 03:22:17.207  val_finetune_dtvu_steps_3/acc@01 = 0.2833  
2025-02-27 03:22:17.207  val_finetune_dtvu_steps_3/acc@05 = 0.4833  
2025-02-27 03:22:17.207  val_finetune_dtvu_steps_3/acc@10 = 0.5333  
2025-02-27 03:22:17.207  val_finetune_dtvu_steps_3/acc@20 = 0.7500  
2025-02-27 03:22:17.207  
  
2025-02-27 03:22:20.572  
  
2025-02-27 03:22:20.572  [TRN] epoch_36  
2025-02-27 03:22:20.572  =============================================  
2025-02-27 03:22:20.572  trn/loss = 3.0509  
2025-02-27 03:22:20.572  trn/acc@01 = 0.2297  
2025-02-27 03:22:20.572  trn/acc@05 = 0.5822  
2025-02-27 03:22:20.572  trn/acc@10 = 0.7406  
2025-02-27 03:22:20.572  trn/acc@20 = 0.8752  
2025-02-27 03:22:20.572  
  
2025-02-27 03:22:20.890  
  
2025-02-27 03:22:20.890  [VAL_FINETUNE_DTVU_STEPS_1] epoch_36  
2025-02-27 03:22:20.890  =============================================  
2025-02-27 03:22:20.890  val_finetune_dtvu_steps_1/loss = 4.0557  
2025-02-27 03:22:20.890  val_finetune_dtvu_steps_1/acc@01 = 0.2500  
2025-02-27 03:22:20.890  val_finetune_dtvu_steps_1/acc@05 = 0.4500  
2025-02-27 03:22:20.890  val_finetune_dtvu_steps_1/acc@10 = 0.5500  
2025-02-27 03:22:20.890  val_finetune_dtvu_steps_1/acc@20 = 0.7000  
2025-02-27 03:22:20.890  
  
2025-02-27 03:22:21.217  
  
2025-02-27 03:22:21.217  [VAL_FINETUNE_DTVU_STEPS_3] epoch_36  
2025-02-27 03:22:21.217  =============================================  
2025-02-27 03:22:21.218  val_finetune_dtvu_steps_3/loss = 3.7770  
2025-02-27 03:22:21.218  val_finetune_dtvu_steps_3/acc@01 = 0.3167  
2025-02-27 03:22:21.218  val_finetune_dtvu_steps_3/acc@05 = 0.5500  
2025-02-27 03:22:21.218  val_finetune_dtvu_steps_3/acc@10 = 0.6167  
2025-02-27 03:22:21.218  val_finetune_dtvu_steps_3/acc@20 = 0.7333  
2025-02-27 03:22:21.218  
  
2025-02-27 03:22:24.517  
  
2025-02-27 03:22:24.517  [TRN] epoch_37  
2025-02-27 03:22:24.517  =============================================  
2025-02-27 03:22:24.517  trn/loss = 3.0038  
2025-02-27 03:22:24.517  trn/acc@01 = 0.2745  
2025-02-27 03:22:24.517  trn/acc@05 = 0.6039  
2025-02-27 03:22:24.517  trn/acc@10 = 0.7353  
2025-02-27 03:22:24.517  trn/acc@20 = 0.8725  
2025-02-27 03:22:24.517  
  
2025-02-27 03:22:24.846  
  
2025-02-27 03:22:24.846  [VAL_FINETUNE_DTVU_STEPS_1] epoch_37  
2025-02-27 03:22:24.846  =============================================  
2025-02-27 03:22:24.846  val_finetune_dtvu_steps_1/loss = 3.9545  
2025-02-27 03:22:24.846  val_finetune_dtvu_steps_1/acc@01 = 0.2500  
2025-02-27 03:22:24.846  val_finetune_dtvu_steps_1/acc@05 = 0.4500  
2025-02-27 03:22:24.846  val_finetune_dtvu_steps_1/acc@10 = 0.5000  
2025-02-27 03:22:24.846  val_finetune_dtvu_steps_1/acc@20 = 0.7000  
2025-02-27 03:22:24.846  
  
2025-02-27 03:22:25.196  
  
2025-02-27 03:22:25.196  [VAL_FINETUNE_DTVU_STEPS_3] epoch_37  
2025-02-27 03:22:25.196  =============================================  
2025-02-27 03:22:25.196  val_finetune_dtvu_steps_3/loss = 3.7843  
2025-02-27 03:22:25.196  val_finetune_dtvu_steps_3/acc@01 = 0.2833  
2025-02-27 03:22:25.196  val_finetune_dtvu_steps_3/acc@05 = 0.5500  
2025-02-27 03:22:25.196  val_finetune_dtvu_steps_3/acc@10 = 0.6000  
2025-02-27 03:22:25.196  val_finetune_dtvu_steps_3/acc@20 = 0.7167  
2025-02-27 03:22:25.196  
  
2025-02-27 03:22:28.590  
  
2025-02-27 03:22:28.590  [TRN] epoch_38  
2025-02-27 03:22:28.590  =============================================  
2025-02-27 03:22:28.590  trn/loss = 3.1715  
2025-02-27 03:22:28.590  trn/acc@01 = 0.2303  
2025-02-27 03:22:28.595  trn/acc@05 = 0.5737  
2025-02-27 03:22:28.595  trn/acc@10 = 0.7131  
2025-02-27 03:22:28.595  trn/acc@20 = 0.8606  
2025-02-27 03:22:28.595  
  
2025-02-27 03:22:28.949  
  
2025-02-27 03:22:28.949  [VAL_FINETUNE_DTVU_STEPS_1] epoch_38  
2025-02-27 03:22:28.949  =============================================  
2025-02-27 03:22:28.949  val_finetune_dtvu_steps_1/loss = 3.9818  
2025-02-27 03:22:28.949  val_finetune_dtvu_steps_1/acc@01 = 0.3000  
2025-02-27 03:22:28.949  val_finetune_dtvu_steps_1/acc@05 = 0.4000  
2025-02-27 03:22:28.949  val_finetune_dtvu_steps_1/acc@10 = 0.6000  
2025-02-27 03:22:28.949  val_finetune_dtvu_steps_1/acc@20 = 0.7500  
2025-02-27 03:22:28.949  
  
2025-02-27 03:22:29.266  
  
2025-02-27 03:22:29.266  [VAL_FINETUNE_DTVU_STEPS_3] epoch_38  
2025-02-27 03:22:29.266  =============================================  
2025-02-27 03:22:29.266  val_finetune_dtvu_steps_3/loss = 3.6830  
2025-02-27 03:22:29.266  val_finetune_dtvu_steps_3/acc@01 = 0.3333  
2025-02-27 03:22:29.266  val_finetune_dtvu_steps_3/acc@05 = 0.5500  
2025-02-27 03:22:29.266  val_finetune_dtvu_steps_3/acc@10 = 0.6667  
2025-02-27 03:22:29.266  val_finetune_dtvu_steps_3/acc@20 = 0.7333  
2025-02-27 03:22:29.266  
  
2025-02-27 03:22:32.568  
  
2025-02-27 03:22:32.570  [TRN] epoch_39  
2025-02-27 03:22:32.570  =============================================  
2025-02-27 03:22:32.572  trn/loss = 3.0804  
2025-02-27 03:22:32.575  trn/acc@01 = 0.2407  
2025-02-27 03:22:32.575  trn/acc@05 = 0.5788  
2025-02-27 03:22:32.576  trn/acc@10 = 0.7327  
2025-02-27 03:22:32.576  trn/acc@20 = 0.8584  
2025-02-27 03:22:32.578  
  
2025-02-27 03:22:32.935  
  
2025-02-27 03:22:32.935  [VAL_FINETUNE_DTVU_STEPS_1] epoch_39  
2025-02-27 03:22:32.935  =============================================  
2025-02-27 03:22:32.935  val_finetune_dtvu_steps_1/loss = 4.2096  
2025-02-27 03:22:32.935  val_finetune_dtvu_steps_1/acc@01 = 0.2000  
2025-02-27 03:22:32.935  val_finetune_dtvu_steps_1/acc@05 = 0.4000  
2025-02-27 03:22:32.935  val_finetune_dtvu_steps_1/acc@10 = 0.5000  
2025-02-27 03:22:32.935  val_finetune_dtvu_steps_1/acc@20 = 0.7000  
2025-02-27 03:22:32.936  
  
2025-02-27 03:22:33.257  
  
2025-02-27 03:22:33.257  [VAL_FINETUNE_DTVU_STEPS_3] epoch_39  
2025-02-27 03:22:33.257  =============================================  
2025-02-27 03:22:33.257  val_finetune_dtvu_steps_3/loss = 3.9063  
2025-02-27 03:22:33.257  val_finetune_dtvu_steps_3/acc@01 = 0.2000  
2025-02-27 03:22:33.257  val_finetune_dtvu_steps_3/acc@05 = 0.5333  
2025-02-27 03:22:33.257  val_finetune_dtvu_steps_3/acc@10 = 0.6167  
2025-02-27 03:22:33.265  val_finetune_dtvu_steps_3/acc@20 = 0.7167  
2025-02-27 03:22:33.265  
  
2025-02-27 03:22:36.618  
  
2025-02-27 03:22:36.618  [TRN] epoch_40  
2025-02-27 03:22:36.618  =============================================  
2025-02-27 03:22:36.618  trn/loss = 3.0655  
2025-02-27 03:22:36.618  trn/acc@01 = 0.2458  
2025-02-27 03:22:36.618  trn/acc@05 = 0.5831  
2025-02-27 03:22:36.618  trn/acc@10 = 0.7034  
2025-02-27 03:22:36.618  trn/acc@20 = 0.8475  
2025-02-27 03:22:36.618  
  
2025-02-27 03:22:36.937  
  
2025-02-27 03:22:36.937  [VAL_FINETUNE_DTVU_STEPS_1] epoch_40  
2025-02-27 03:22:36.937  =============================================  
2025-02-27 03:22:36.937  val_finetune_dtvu_steps_1/loss = 3.8889  
2025-02-27 03:22:36.937  val_finetune_dtvu_steps_1/acc@01 = 0.3000  
2025-02-27 03:22:36.937  val_finetune_dtvu_steps_1/acc@05 = 0.4000  
2025-02-27 03:22:36.937  val_finetune_dtvu_steps_1/acc@10 = 0.5500  
2025-02-27 03:22:36.937  val_finetune_dtvu_steps_1/acc@20 = 0.7000  
2025-02-27 03:22:36.937  
  
2025-02-27 03:22:37.266  
  
2025-02-27 03:22:37.266  [VAL_FINETUNE_DTVU_STEPS_3] epoch_40  
2025-02-27 03:22:37.266  =============================================  
2025-02-27 03:22:37.266  val_finetune_dtvu_steps_3/loss = 3.6932  
2025-02-27 03:22:37.266  val_finetune_dtvu_steps_3/acc@01 = 0.3000  
2025-02-27 03:22:37.266  val_finetune_dtvu_steps_3/acc@05 = 0.5333  
2025-02-27 03:22:37.266  val_finetune_dtvu_steps_3/acc@10 = 0.6000  
2025-02-27 03:22:37.266  val_finetune_dtvu_steps_3/acc@20 = 0.7333  
2025-02-27 03:22:37.266  
  
2025-02-27 03:22:40.587  
  
2025-02-27 03:22:40.587  [TRN] epoch_41  
2025-02-27 03:22:40.587  =============================================  
2025-02-27 03:22:40.587  trn/loss = 3.0538  
2025-02-27 03:22:40.587  trn/acc@01 = 0.2422  
2025-02-27 03:22:40.587  trn/acc@05 = 0.6000  
2025-02-27 03:22:40.587  trn/acc@10 = 0.7266  
2025-02-27 03:22:40.587  trn/acc@20 = 0.8642  
2025-02-27 03:22:40.587  
  
2025-02-27 03:22:40.921  
  
2025-02-27 03:22:40.921  [VAL_FINETUNE_DTVU_STEPS_1] epoch_41  
2025-02-27 03:22:40.921  =============================================  
2025-02-27 03:22:40.921  val_finetune_dtvu_steps_1/loss = 4.0731  
2025-02-27 03:22:40.921  val_finetune_dtvu_steps_1/acc@01 = 0.3000  
2025-02-27 03:22:40.921  val_finetune_dtvu_steps_1/acc@05 = 0.4000  
2025-02-27 03:22:40.921  val_finetune_dtvu_steps_1/acc@10 = 0.5500  
2025-02-27 03:22:40.925  val_finetune_dtvu_steps_1/acc@20 = 0.6500  
2025-02-27 03:22:40.925  
  
2025-02-27 03:22:41.286  
  
2025-02-27 03:22:41.286  [VAL_FINETUNE_DTVU_STEPS_3] epoch_41  
2025-02-27 03:22:41.286  =============================================  
2025-02-27 03:22:41.287  val_finetune_dtvu_steps_3/loss = 3.8420  
2025-02-27 03:22:41.287  val_finetune_dtvu_steps_3/acc@01 = 0.3333  
2025-02-27 03:22:41.287  val_finetune_dtvu_steps_3/acc@05 = 0.5000  
2025-02-27 03:22:41.287  val_finetune_dtvu_steps_3/acc@10 = 0.6333  
2025-02-27 03:22:41.287  val_finetune_dtvu_steps_3/acc@20 = 0.7167  
2025-02-27 03:22:41.287  
  
2025-02-27 03:22:44.597  
  
2025-02-27 03:22:44.597  [TRN] epoch_42  
2025-02-27 03:22:44.597  =============================================  
2025-02-27 03:22:44.597  trn/loss = 3.0669  
2025-02-27 03:22:44.597  trn/acc@01 = 0.2609  
2025-02-27 03:22:44.597  trn/acc@05 = 0.5783  
2025-02-27 03:22:44.597  trn/acc@10 = 0.7304  
2025-02-27 03:22:44.597  trn/acc@20 = 0.8565  
2025-02-27 03:22:44.597  
  
2025-02-27 03:22:44.936  
  
2025-02-27 03:22:44.936  [VAL_FINETUNE_DTVU_STEPS_1] epoch_42  
2025-02-27 03:22:44.936  =============================================  
2025-02-27 03:22:44.936  val_finetune_dtvu_steps_1/loss = 3.8751  
2025-02-27 03:22:44.936  val_finetune_dtvu_steps_1/acc@01 = 0.3000  
2025-02-27 03:22:44.936  val_finetune_dtvu_steps_1/acc@05 = 0.4500  
2025-02-27 03:22:44.936  val_finetune_dtvu_steps_1/acc@10 = 0.5000  
2025-02-27 03:22:44.936  val_finetune_dtvu_steps_1/acc@20 = 0.7000  
2025-02-27 03:22:44.937  
  
2025-02-27 03:22:45.297  
  
2025-02-27 03:22:45.297  [VAL_FINETUNE_DTVU_STEPS_3] epoch_42  
2025-02-27 03:22:45.297  =============================================  
2025-02-27 03:22:45.297  val_finetune_dtvu_steps_3/loss = 3.7497  
2025-02-27 03:22:45.297  val_finetune_dtvu_steps_3/acc@01 = 0.3333  
2025-02-27 03:22:45.297  val_finetune_dtvu_steps_3/acc@05 = 0.5333  
2025-02-27 03:22:45.297  val_finetune_dtvu_steps_3/acc@10 = 0.5833  
2025-02-27 03:22:45.297  val_finetune_dtvu_steps_3/acc@20 = 0.7500  
2025-02-27 03:22:45.297  
  
2025-02-27 03:22:48.636  
  
2025-02-27 03:22:48.636  [TRN] epoch_43  
2025-02-27 03:22:48.636  =============================================  
2025-02-27 03:22:48.636  trn/loss = 3.0510  
2025-02-27 03:22:48.636  trn/acc@01 = 0.2897  
2025-02-27 03:22:48.636  trn/acc@05 = 0.6019  
2025-02-27 03:22:48.636  trn/acc@10 = 0.7383  
2025-02-27 03:22:48.636  trn/acc@20 = 0.8785  
2025-02-27 03:22:48.636  
  
2025-02-27 03:22:48.956  
  
2025-02-27 03:22:48.956  [VAL_FINETUNE_DTVU_STEPS_1] epoch_43  
2025-02-27 03:22:48.956  =============================================  
2025-02-27 03:22:48.956  val_finetune_dtvu_steps_1/loss = 3.9038  
2025-02-27 03:22:48.956  val_finetune_dtvu_steps_1/acc@01 = 0.2500  
2025-02-27 03:22:48.956  val_finetune_dtvu_steps_1/acc@05 = 0.5000  
2025-02-27 03:22:48.956  val_finetune_dtvu_steps_1/acc@10 = 0.5000  
2025-02-27 03:22:48.956  val_finetune_dtvu_steps_1/acc@20 = 0.7500  
2025-02-27 03:22:48.956  
  
2025-02-27 03:22:49.287  
  
2025-02-27 03:22:49.287  [VAL_FINETUNE_DTVU_STEPS_3] epoch_43  
2025-02-27 03:22:49.295  =============================================  
2025-02-27 03:22:49.295  val_finetune_dtvu_steps_3/loss = 3.7619  
2025-02-27 03:22:49.295  val_finetune_dtvu_steps_3/acc@01 = 0.2833  
2025-02-27 03:22:49.295  val_finetune_dtvu_steps_3/acc@05 = 0.5333  
2025-02-27 03:22:49.295  val_finetune_dtvu_steps_3/acc@10 = 0.6000  
2025-02-27 03:22:49.295  val_finetune_dtvu_steps_3/acc@20 = 0.7667  
2025-02-27 03:22:49.295  
  
2025-02-27 03:22:52.573  
  
2025-02-27 03:22:52.573  [TRN] epoch_44  
2025-02-27 03:22:52.574  =============================================  
2025-02-27 03:22:52.574  trn/loss = 2.8631  
2025-02-27 03:22:52.574  trn/acc@01 = 0.2893  
2025-02-27 03:22:52.574  trn/acc@05 = 0.6078  
2025-02-27 03:22:52.574  trn/acc@10 = 0.7515  
2025-02-27 03:22:52.574  trn/acc@20 = 0.8718  
2025-02-27 03:22:52.574  
  
2025-02-27 03:22:52.893  
  
2025-02-27 03:22:52.893  [VAL_FINETUNE_DTVU_STEPS_1] epoch_44  
2025-02-27 03:22:52.895  =============================================  
2025-02-27 03:22:52.895  val_finetune_dtvu_steps_1/loss = 3.9440  
2025-02-27 03:22:52.895  val_finetune_dtvu_steps_1/acc@01 = 0.2500  
2025-02-27 03:22:52.895  val_finetune_dtvu_steps_1/acc@05 = 0.3500  
2025-02-27 03:22:52.895  val_finetune_dtvu_steps_1/acc@10 = 0.5500  
2025-02-27 03:22:52.895  val_finetune_dtvu_steps_1/acc@20 = 0.7500  
2025-02-27 03:22:52.896  
  
2025-02-27 03:22:53.225  
  
2025-02-27 03:22:53.225  [VAL_FINETUNE_DTVU_STEPS_3] epoch_44  
2025-02-27 03:22:53.225  =============================================  
2025-02-27 03:22:53.225  val_finetune_dtvu_steps_3/loss = 3.7761  
2025-02-27 03:22:53.226  val_finetune_dtvu_steps_3/acc@01 = 0.3000  
2025-02-27 03:22:53.226  val_finetune_dtvu_steps_3/acc@05 = 0.5167  
2025-02-27 03:22:53.226  val_finetune_dtvu_steps_3/acc@10 = 0.6500  
2025-02-27 03:22:53.226  val_finetune_dtvu_steps_3/acc@20 = 0.7667  
2025-02-27 03:22:53.226  
  
2025-02-27 03:22:56.573  
  
2025-02-27 03:22:56.573  [TRN] epoch_45  
2025-02-27 03:22:56.573  =============================================  
2025-02-27 03:22:56.573  trn/loss = 3.0361  
2025-02-27 03:22:56.573  trn/acc@01 = 0.2519  
2025-02-27 03:22:56.573  trn/acc@05 = 0.6000  
2025-02-27 03:22:56.573  trn/acc@10 = 0.7558  
2025-02-27 03:22:56.573  trn/acc@20 = 0.8712  
2025-02-27 03:22:56.573  
  
2025-02-27 03:22:56.887  
  
2025-02-27 03:22:56.887  [VAL_FINETUNE_DTVU_STEPS_1] epoch_45  
2025-02-27 03:22:56.887  =============================================  
2025-02-27 03:22:56.887  val_finetune_dtvu_steps_1/loss = 3.9017  
2025-02-27 03:22:56.887  val_finetune_dtvu_steps_1/acc@01 = 0.3000  
2025-02-27 03:22:56.887  val_finetune_dtvu_steps_1/acc@05 = 0.4500  
2025-02-27 03:22:56.887  val_finetune_dtvu_steps_1/acc@10 = 0.5500  
2025-02-27 03:22:56.887  val_finetune_dtvu_steps_1/acc@20 = 0.7000  
2025-02-27 03:22:56.887  
  
2025-02-27 03:22:57.211  
  
2025-02-27 03:22:57.211  [VAL_FINETUNE_DTVU_STEPS_3] epoch_45  
2025-02-27 03:22:57.211  =============================================  
2025-02-27 03:22:57.211  val_finetune_dtvu_steps_3/loss = 3.6863  
2025-02-27 03:22:57.211  val_finetune_dtvu_steps_3/acc@01 = 0.3333  
2025-02-27 03:22:57.211  val_finetune_dtvu_steps_3/acc@05 = 0.5667  
2025-02-27 03:22:57.211  val_finetune_dtvu_steps_3/acc@10 = 0.6333  
2025-02-27 03:22:57.211  val_finetune_dtvu_steps_3/acc@20 = 0.7667  
2025-02-27 03:22:57.211  
  
2025-02-27 03:23:00.436  
  
2025-02-27 03:23:00.436  [TRN] epoch_46  
2025-02-27 03:23:00.436  =============================================  
2025-02-27 03:23:00.436  trn/loss = 2.9983  
2025-02-27 03:23:00.436  trn/acc@01 = 0.2750  
2025-02-27 03:23:00.436  trn/acc@05 = 0.6054  
2025-02-27 03:23:00.436  trn/acc@10 = 0.7464  
2025-02-27 03:23:00.436  trn/acc@20 = 0.8643  
2025-02-27 03:23:00.436  
  
2025-02-27 03:23:00.747  
  
2025-02-27 03:23:00.747  [VAL_FINETUNE_DTVU_STEPS_1] epoch_46  
2025-02-27 03:23:00.747  =============================================  
2025-02-27 03:23:00.747  val_finetune_dtvu_steps_1/loss = 3.7487  
2025-02-27 03:23:00.747  val_finetune_dtvu_steps_1/acc@01 = 0.3000  
2025-02-27 03:23:00.747  val_finetune_dtvu_steps_1/acc@05 = 0.4500  
2025-02-27 03:23:00.747  val_finetune_dtvu_steps_1/acc@10 = 0.6000  
2025-02-27 03:23:00.747  val_finetune_dtvu_steps_1/acc@20 = 0.8000  
2025-02-27 03:23:00.747  
  
2025-02-27 03:23:01.067  
  
2025-02-27 03:23:01.067  [VAL_FINETUNE_DTVU_STEPS_3] epoch_46  
2025-02-27 03:23:01.067  =============================================  
2025-02-27 03:23:01.067  val_finetune_dtvu_steps_3/loss = 3.7453  
2025-02-27 03:23:01.067  val_finetune_dtvu_steps_3/acc@01 = 0.3167  
2025-02-27 03:23:01.067  val_finetune_dtvu_steps_3/acc@05 = 0.5000  
2025-02-27 03:23:01.067  val_finetune_dtvu_steps_3/acc@10 = 0.6167  
2025-02-27 03:23:01.067  val_finetune_dtvu_steps_3/acc@20 = 0.7833  
2025-02-27 03:23:01.067  
  
2025-02-27 03:23:04.316  
  
2025-02-27 03:23:04.316  [TRN] epoch_47  
2025-02-27 03:23:04.316  =============================================  
2025-02-27 03:23:04.316  trn/loss = 3.0631  
2025-02-27 03:23:04.316  trn/acc@01 = 0.2638  
2025-02-27 03:23:04.316  trn/acc@05 = 0.5681  
2025-02-27 03:23:04.316  trn/acc@10 = 0.7298  
2025-02-27 03:23:04.316  trn/acc@20 = 0.8511  
2025-02-27 03:23:04.316  
  
2025-02-27 03:23:04.638  
  
2025-02-27 03:23:04.638  [VAL_FINETUNE_DTVU_STEPS_1] epoch_47  
2025-02-27 03:23:04.638  =============================================  
2025-02-27 03:23:04.638  val_finetune_dtvu_steps_1/loss = 3.8588  
2025-02-27 03:23:04.638  val_finetune_dtvu_steps_1/acc@01 = 0.2000  
2025-02-27 03:23:04.638  val_finetune_dtvu_steps_1/acc@05 = 0.4500  
2025-02-27 03:23:04.638  val_finetune_dtvu_steps_1/acc@10 = 0.6000  
2025-02-27 03:23:04.638  val_finetune_dtvu_steps_1/acc@20 = 0.7500  
2025-02-27 03:23:04.638  
  
2025-02-27 03:23:04.969  
  
2025-02-27 03:23:04.969  [VAL_FINETUNE_DTVU_STEPS_3] epoch_47  
2025-02-27 03:23:04.969  =============================================  
2025-02-27 03:23:04.969  val_finetune_dtvu_steps_3/loss = 3.7389  
2025-02-27 03:23:04.969  val_finetune_dtvu_steps_3/acc@01 = 0.2667  
2025-02-27 03:23:04.969  val_finetune_dtvu_steps_3/acc@05 = 0.5500  
2025-02-27 03:23:04.969  val_finetune_dtvu_steps_3/acc@10 = 0.6833  
2025-02-27 03:23:04.969  val_finetune_dtvu_steps_3/acc@20 = 0.7667  
2025-02-27 03:23:04.969  
  
2025-02-27 03:23:08.230  
  
2025-02-27 03:23:08.230  [TRN] epoch_48  
2025-02-27 03:23:08.230  =============================================  
2025-02-27 03:23:08.230  trn/loss = 2.9420  
2025-02-27 03:23:08.230  trn/acc@01 = 0.2642  
2025-02-27 03:23:08.233  trn/acc@05 = 0.5927  
2025-02-27 03:23:08.233  trn/acc@10 = 0.7413  
2025-02-27 03:23:08.233  trn/acc@20 = 0.8697  
2025-02-27 03:23:08.235  
  
2025-02-27 03:23:08.588  
  
2025-02-27 03:23:08.588  [VAL_FINETUNE_DTVU_STEPS_1] epoch_48  
2025-02-27 03:23:08.588  =============================================  
2025-02-27 03:23:08.588  val_finetune_dtvu_steps_1/loss = 3.8671  
2025-02-27 03:23:08.588  val_finetune_dtvu_steps_1/acc@01 = 0.3000  
2025-02-27 03:23:08.588  val_finetune_dtvu_steps_1/acc@05 = 0.4500  
2025-02-27 03:23:08.595  val_finetune_dtvu_steps_1/acc@10 = 0.5000  
2025-02-27 03:23:08.595  val_finetune_dtvu_steps_1/acc@20 = 0.7500  
2025-02-27 03:23:08.595  
  
2025-02-27 03:23:08.926  
  
2025-02-27 03:23:08.926  [VAL_FINETUNE_DTVU_STEPS_3] epoch_48  
2025-02-27 03:23:08.926  =============================================  
2025-02-27 03:23:08.926  val_finetune_dtvu_steps_3/loss = 3.7094  
2025-02-27 03:23:08.926  val_finetune_dtvu_steps_3/acc@01 = 0.3000  
2025-02-27 03:23:08.926  val_finetune_dtvu_steps_3/acc@05 = 0.5500  
2025-02-27 03:23:08.926  val_finetune_dtvu_steps_3/acc@10 = 0.6500  
2025-02-27 03:23:08.935  val_finetune_dtvu_steps_3/acc@20 = 0.7667  
2025-02-27 03:23:08.935  
  
2025-02-27 03:23:12.206  
  
2025-02-27 03:23:12.206  [TRN] epoch_49  
2025-02-27 03:23:12.212  =============================================  
2025-02-27 03:23:12.212  trn/loss = 2.9153  
2025-02-27 03:23:12.212  trn/acc@01 = 0.2848  
2025-02-27 03:23:12.212  trn/acc@05 = 0.6065  
2025-02-27 03:23:12.212  trn/acc@10 = 0.7717  
2025-02-27 03:23:12.212  trn/acc@20 = 0.8870  
2025-02-27 03:23:12.212  
  
2025-02-27 03:23:12.537  
  
2025-02-27 03:23:12.542  [VAL_FINETUNE_DTVU_STEPS_1] epoch_49  
2025-02-27 03:23:12.542  =============================================  
2025-02-27 03:23:12.542  val_finetune_dtvu_steps_1/loss = 3.9918  
2025-02-27 03:23:12.542  val_finetune_dtvu_steps_1/acc@01 = 0.2000  
2025-02-27 03:23:12.542  val_finetune_dtvu_steps_1/acc@05 = 0.4500  
2025-02-27 03:23:12.542  val_finetune_dtvu_steps_1/acc@10 = 0.5000  
2025-02-27 03:23:12.542  val_finetune_dtvu_steps_1/acc@20 = 0.7000  
2025-02-27 03:23:12.542  
  
2025-02-27 03:23:12.867  
  
2025-02-27 03:23:12.867  [VAL_FINETUNE_DTVU_STEPS_3] epoch_49  
2025-02-27 03:23:12.867  =============================================  
2025-02-27 03:23:12.867  val_finetune_dtvu_steps_3/loss = 3.9132  
2025-02-27 03:23:12.867  val_finetune_dtvu_steps_3/acc@01 = 0.2167  
2025-02-27 03:23:12.867  val_finetune_dtvu_steps_3/acc@05 = 0.5167  
2025-02-27 03:23:12.867  val_finetune_dtvu_steps_3/acc@10 = 0.5667  
2025-02-27 03:23:12.867  val_finetune_dtvu_steps_3/acc@20 = 0.7333  
2025-02-27 03:23:12.867  
  
2025-02-27 03:23:16.136  
  
2025-02-27 03:23:16.136  [TRN] epoch_50  
2025-02-27 03:23:16.136  =============================================  
2025-02-27 03:23:16.136  trn/loss = 3.0531  
2025-02-27 03:23:16.136  trn/acc@01 = 0.2471  
2025-02-27 03:23:16.136  trn/acc@05 = 0.6216  
2025-02-27 03:23:16.136  trn/acc@10 = 0.7412  
2025-02-27 03:23:16.136  trn/acc@20 = 0.8569  
2025-02-27 03:23:16.136  
  
2025-02-27 03:23:16.467  
  
2025-02-27 03:23:16.467  [VAL_FINETUNE_DTVU_STEPS_1] epoch_50  
2025-02-27 03:23:16.467  =============================================  
2025-02-27 03:23:16.467  val_finetune_dtvu_steps_1/loss = 3.8235  
2025-02-27 03:23:16.467  val_finetune_dtvu_steps_1/acc@01 = 0.2000  
2025-02-27 03:23:16.468  val_finetune_dtvu_steps_1/acc@05 = 0.4500  
2025-02-27 03:23:16.468  val_finetune_dtvu_steps_1/acc@10 = 0.6000  
2025-02-27 03:23:16.468  val_finetune_dtvu_steps_1/acc@20 = 0.7500  
2025-02-27 03:23:16.468  
  
2025-02-27 03:23:16.786  
  
2025-02-27 03:23:16.786  [VAL_FINETUNE_DTVU_STEPS_3] epoch_50  
2025-02-27 03:23:16.786  =============================================  
2025-02-27 03:23:16.787  val_finetune_dtvu_steps_3/loss = 3.7165  
2025-02-27 03:23:16.787  val_finetune_dtvu_steps_3/acc@01 = 0.2167  
2025-02-27 03:23:16.787  val_finetune_dtvu_steps_3/acc@05 = 0.5333  
2025-02-27 03:23:16.787  val_finetune_dtvu_steps_3/acc@10 = 0.6167  
2025-02-27 03:23:16.787  val_finetune_dtvu_steps_3/acc@20 = 0.7500  
2025-02-27 03:23:16.787  
  
2025-02-27 03:23:20.046  
  
2025-02-27 03:23:20.046  [TRN] epoch_51  
2025-02-27 03:23:20.046  =============================================  
2025-02-27 03:23:20.046  trn/loss = 3.0787  
2025-02-27 03:23:20.046  trn/acc@01 = 0.2741  
2025-02-27 03:23:20.046  trn/acc@05 = 0.5685  
2025-02-27 03:23:20.046  trn/acc@10 = 0.7204  
2025-02-27 03:23:20.046  trn/acc@20 = 0.8611  
2025-02-27 03:23:20.046  
  
2025-02-27 03:23:20.367  
  
2025-02-27 03:23:20.367  [VAL_FINETUNE_DTVU_STEPS_1] epoch_51  
2025-02-27 03:23:20.367  =============================================  
2025-02-27 03:23:20.367  val_finetune_dtvu_steps_1/loss = 3.8004  
2025-02-27 03:23:20.367  val_finetune_dtvu_steps_1/acc@01 = 0.2000  
2025-02-27 03:23:20.367  val_finetune_dtvu_steps_1/acc@05 = 0.4500  
2025-02-27 03:23:20.367  val_finetune_dtvu_steps_1/acc@10 = 0.6500  
2025-02-27 03:23:20.367  val_finetune_dtvu_steps_1/acc@20 = 0.7500  
2025-02-27 03:23:20.367  
  
2025-02-27 03:23:20.706  
  
2025-02-27 03:23:20.715  [VAL_FINETUNE_DTVU_STEPS_3] epoch_51  
2025-02-27 03:23:20.715  =============================================  
2025-02-27 03:23:20.716  val_finetune_dtvu_steps_3/loss = 3.6293  
2025-02-27 03:23:20.716  val_finetune_dtvu_steps_3/acc@01 = 0.3000  
2025-02-27 03:23:20.716  val_finetune_dtvu_steps_3/acc@05 = 0.5333  
2025-02-27 03:23:20.716  val_finetune_dtvu_steps_3/acc@10 = 0.6667  
2025-02-27 03:23:20.716  val_finetune_dtvu_steps_3/acc@20 = 0.7833  
2025-02-27 03:23:20.716  
  
2025-02-27 03:23:23.955  
  
2025-02-27 03:23:23.956  [TRN] epoch_52  
2025-02-27 03:23:23.956  =============================================  
2025-02-27 03:23:23.956  trn/loss = 2.9660  
2025-02-27 03:23:23.956  trn/acc@01 = 0.2505  
2025-02-27 03:23:23.956  trn/acc@05 = 0.6224  
2025-02-27 03:23:23.956  trn/acc@10 = 0.7458  
2025-02-27 03:23:23.956  trn/acc@20 = 0.8542  
2025-02-27 03:23:23.956  
  
2025-02-27 03:23:24.283  
  
2025-02-27 03:23:24.283  [VAL_FINETUNE_DTVU_STEPS_1] epoch_52  
2025-02-27 03:23:24.283  =============================================  
2025-02-27 03:23:24.283  val_finetune_dtvu_steps_1/loss = 3.9336  
2025-02-27 03:23:24.283  val_finetune_dtvu_steps_1/acc@01 = 0.2000  
2025-02-27 03:23:24.283  val_finetune_dtvu_steps_1/acc@05 = 0.4500  
2025-02-27 03:23:24.284  val_finetune_dtvu_steps_1/acc@10 = 0.6000  
2025-02-27 03:23:24.284  val_finetune_dtvu_steps_1/acc@20 = 0.7000  
2025-02-27 03:23:24.284  
  
2025-02-27 03:23:24.606  
  
2025-02-27 03:23:24.606  [VAL_FINETUNE_DTVU_STEPS_3] epoch_52  
2025-02-27 03:23:24.606  =============================================  
2025-02-27 03:23:24.606  val_finetune_dtvu_steps_3/loss = 3.7080  
2025-02-27 03:23:24.606  val_finetune_dtvu_steps_3/acc@01 = 0.2333  
2025-02-27 03:23:24.606  val_finetune_dtvu_steps_3/acc@05 = 0.5500  
2025-02-27 03:23:24.606  val_finetune_dtvu_steps_3/acc@10 = 0.6500  
2025-02-27 03:23:24.606  val_finetune_dtvu_steps_3/acc@20 = 0.7500  
2025-02-27 03:23:24.606  
  
2025-02-27 03:23:28.027  
  
2025-02-27 03:23:28.027  [TRN] epoch_53  
2025-02-27 03:23:28.027  =============================================  
2025-02-27 03:23:28.027  trn/loss = 3.1125  
2025-02-27 03:23:28.027  trn/acc@01 = 0.2723  
2025-02-27 03:23:28.027  trn/acc@05 = 0.5766  
2025-02-27 03:23:28.027  trn/acc@10 = 0.7128  
2025-02-27 03:23:28.027  trn/acc@20 = 0.8404  
2025-02-27 03:23:28.027  
  
2025-02-27 03:23:28.366  
  
2025-02-27 03:23:28.366  [VAL_FINETUNE_DTVU_STEPS_1] epoch_53  
2025-02-27 03:23:28.366  =============================================  
2025-02-27 03:23:28.366  val_finetune_dtvu_steps_1/loss = 3.7669  
2025-02-27 03:23:28.366  val_finetune_dtvu_steps_1/acc@01 = 0.2500  
2025-02-27 03:23:28.366  val_finetune_dtvu_steps_1/acc@05 = 0.4500  
2025-02-27 03:23:28.367  val_finetune_dtvu_steps_1/acc@10 = 0.6000  
2025-02-27 03:23:28.367  val_finetune_dtvu_steps_1/acc@20 = 0.7500  
2025-02-27 03:23:28.367  
  
2025-02-27 03:23:28.705  
  
2025-02-27 03:23:28.705  [VAL_FINETUNE_DTVU_STEPS_3] epoch_53  
2025-02-27 03:23:28.705  =============================================  
2025-02-27 03:23:28.705  val_finetune_dtvu_steps_3/loss = 3.5882  
2025-02-27 03:23:28.705  val_finetune_dtvu_steps_3/acc@01 = 0.2833  
2025-02-27 03:23:28.705  val_finetune_dtvu_steps_3/acc@05 = 0.5500  
2025-02-27 03:23:28.705  val_finetune_dtvu_steps_3/acc@10 = 0.6667  
2025-02-27 03:23:28.705  val_finetune_dtvu_steps_3/acc@20 = 0.7833  
2025-02-27 03:23:28.705  
  
2025-02-27 03:23:31.896  
  
2025-02-27 03:23:31.896  [TRN] epoch_54  
2025-02-27 03:23:31.896  =============================================  
2025-02-27 03:23:31.896  trn/loss = 2.9760  
2025-02-27 03:23:31.896  trn/acc@01 = 0.2653  
2025-02-27 03:23:31.896  trn/acc@05 = 0.6158  
2025-02-27 03:23:31.896  trn/acc@10 = 0.7386  
2025-02-27 03:23:31.896  trn/acc@20 = 0.8614  
2025-02-27 03:23:31.896  
  
2025-02-27 03:23:32.200  
  
2025-02-27 03:23:32.200  [VAL_FINETUNE_DTVU_STEPS_1] epoch_54  
2025-02-27 03:23:32.205  =============================================  
2025-02-27 03:23:32.205  val_finetune_dtvu_steps_1/loss = 3.8101  
2025-02-27 03:23:32.205  val_finetune_dtvu_steps_1/acc@01 = 0.1500  
2025-02-27 03:23:32.205  val_finetune_dtvu_steps_1/acc@05 = 0.4500  
2025-02-27 03:23:32.205  val_finetune_dtvu_steps_1/acc@10 = 0.6000  
2025-02-27 03:23:32.205  val_finetune_dtvu_steps_1/acc@20 = 0.7500  
2025-02-27 03:23:32.205  
  
2025-02-27 03:23:32.516  
  
2025-02-27 03:23:32.516  [VAL_FINETUNE_DTVU_STEPS_3] epoch_54  
2025-02-27 03:23:32.516  =============================================  
2025-02-27 03:23:32.516  val_finetune_dtvu_steps_3/loss = 3.7330  
2025-02-27 03:23:32.516  val_finetune_dtvu_steps_3/acc@01 = 0.1833  
2025-02-27 03:23:32.516  val_finetune_dtvu_steps_3/acc@05 = 0.5333  
2025-02-27 03:23:32.516  val_finetune_dtvu_steps_3/acc@10 = 0.6667  
2025-02-27 03:23:32.516  val_finetune_dtvu_steps_3/acc@20 = 0.7667  
2025-02-27 03:23:32.516  
  
2025-02-27 03:23:35.757  
  
2025-02-27 03:23:35.757  [TRN] epoch_55  
2025-02-27 03:23:35.757  =============================================  
2025-02-27 03:23:35.757  trn/loss = 3.0799  
2025-02-27 03:23:35.757  trn/acc@01 = 0.2568  
2025-02-27 03:23:35.757  trn/acc@05 = 0.5909  
2025-02-27 03:23:35.757  trn/acc@10 = 0.7227  
2025-02-27 03:23:35.757  trn/acc@20 = 0.8386  
2025-02-27 03:23:35.757  
  
2025-02-27 03:23:36.057  
  
2025-02-27 03:23:36.057  [VAL_FINETUNE_DTVU_STEPS_1] epoch_55  
2025-02-27 03:23:36.057  =============================================  
2025-02-27 03:23:36.057  val_finetune_dtvu_steps_1/loss = 3.6711  
2025-02-27 03:23:36.057  val_finetune_dtvu_steps_1/acc@01 = 0.3000  
2025-02-27 03:23:36.057  val_finetune_dtvu_steps_1/acc@05 = 0.5000  
2025-02-27 03:23:36.057  val_finetune_dtvu_steps_1/acc@10 = 0.6500  
2025-02-27 03:23:36.057  val_finetune_dtvu_steps_1/acc@20 = 0.7500  
2025-02-27 03:23:36.057  
  
2025-02-27 03:23:36.357  
  
2025-02-27 03:23:36.357  [VAL_FINETUNE_DTVU_STEPS_3] epoch_55  
2025-02-27 03:23:36.357  =============================================  
2025-02-27 03:23:36.357  val_finetune_dtvu_steps_3/loss = 3.5809  
2025-02-27 03:23:36.357  val_finetune_dtvu_steps_3/acc@01 = 0.3333  
2025-02-27 03:23:36.357  val_finetune_dtvu_steps_3/acc@05 = 0.5167  
2025-02-27 03:23:36.357  val_finetune_dtvu_steps_3/acc@10 = 0.6833  
2025-02-27 03:23:36.357  val_finetune_dtvu_steps_3/acc@20 = 0.7833  
2025-02-27 03:23:36.357  
  
2025-02-27 03:23:39.486  
  
2025-02-27 03:23:39.487  [TRN] epoch_56  
2025-02-27 03:23:39.487  =============================================  
2025-02-27 03:23:39.487  trn/loss = 2.7957  
2025-02-27 03:23:39.487  trn/acc@01 = 0.3087  
2025-02-27 03:23:39.487  trn/acc@05 = 0.6304  
2025-02-27 03:23:39.487  trn/acc@10 = 0.7826  
2025-02-27 03:23:39.487  trn/acc@20 = 0.8848  
2025-02-27 03:23:39.487  
  
2025-02-27 03:23:39.787  
  
2025-02-27 03:23:39.787  [VAL_FINETUNE_DTVU_STEPS_1] epoch_56  
2025-02-27 03:23:39.787  =============================================  
2025-02-27 03:23:39.787  val_finetune_dtvu_steps_1/loss = 3.9139  
2025-02-27 03:23:39.787  val_finetune_dtvu_steps_1/acc@01 = 0.1500  
2025-02-27 03:23:39.787  val_finetune_dtvu_steps_1/acc@05 = 0.5000  
2025-02-27 03:23:39.787  val_finetune_dtvu_steps_1/acc@10 = 0.6500  
2025-02-27 03:23:39.787  val_finetune_dtvu_steps_1/acc@20 = 0.7000  
2025-02-27 03:23:39.787  
  
2025-02-27 03:23:40.090  
  
2025-02-27 03:23:40.090  [VAL_FINETUNE_DTVU_STEPS_3] epoch_56  
2025-02-27 03:23:40.090  =============================================  
2025-02-27 03:23:40.090  val_finetune_dtvu_steps_3/loss = 3.8482  
2025-02-27 03:23:40.090  val_finetune_dtvu_steps_3/acc@01 = 0.2167  
2025-02-27 03:23:40.090  val_finetune_dtvu_steps_3/acc@05 = 0.5333  
2025-02-27 03:23:40.090  val_finetune_dtvu_steps_3/acc@10 = 0.6833  
2025-02-27 03:23:40.090  val_finetune_dtvu_steps_3/acc@20 = 0.7833  
2025-02-27 03:23:40.090  
  
2025-02-27 03:23:43.177  
  
2025-02-27 03:23:43.177  [TRN] epoch_57  
2025-02-27 03:23:43.177  =============================================  
2025-02-27 03:23:43.177  trn/loss = 2.7902  
2025-02-27 03:23:43.177  trn/acc@01 = 0.3292  
2025-02-27 03:23:43.177  trn/acc@05 = 0.6250  
2025-02-27 03:23:43.177  trn/acc@10 = 0.7458  
2025-02-27 03:23:43.177  trn/acc@20 = 0.8812  
2025-02-27 03:23:43.177  
  
2025-02-27 03:23:43.483  
  
2025-02-27 03:23:43.483  [VAL_FINETUNE_DTVU_STEPS_1] epoch_57  
2025-02-27 03:23:43.483  =============================================  
2025-02-27 03:23:43.483  val_finetune_dtvu_steps_1/loss = 3.8555  
2025-02-27 03:23:43.483  val_finetune_dtvu_steps_1/acc@01 = 0.1500  
2025-02-27 03:23:43.483  val_finetune_dtvu_steps_1/acc@05 = 0.4500  
2025-02-27 03:23:43.483  val_finetune_dtvu_steps_1/acc@10 = 0.6000  
2025-02-27 03:23:43.483  val_finetune_dtvu_steps_1/acc@20 = 0.8000  
2025-02-27 03:23:43.483  
  
2025-02-27 03:23:43.786  
  
2025-02-27 03:23:43.786  [VAL_FINETUNE_DTVU_STEPS_3] epoch_57  
2025-02-27 03:23:43.786  =============================================  
2025-02-27 03:23:43.786  val_finetune_dtvu_steps_3/loss = 3.7250  
2025-02-27 03:23:43.786  val_finetune_dtvu_steps_3/acc@01 = 0.2000  
2025-02-27 03:23:43.786  val_finetune_dtvu_steps_3/acc@05 = 0.5500  
2025-02-27 03:23:43.786  val_finetune_dtvu_steps_3/acc@10 = 0.6500  
2025-02-27 03:23:43.786  val_finetune_dtvu_steps_3/acc@20 = 0.7833  
2025-02-27 03:23:43.786  
  
2025-02-27 03:23:46.966  
  
2025-02-27 03:23:46.966  [TRN] epoch_58  
2025-02-27 03:23:46.966  =============================================  
2025-02-27 03:23:46.966  trn/loss = 2.9904  
2025-02-27 03:23:46.966  trn/acc@01 = 0.2323  
2025-02-27 03:23:46.966  trn/acc@05 = 0.6182  
2025-02-27 03:23:46.966  trn/acc@10 = 0.7131  
2025-02-27 03:23:46.966  trn/acc@20 = 0.8566  
2025-02-27 03:23:46.966  
  
2025-02-27 03:23:47.291  
  
2025-02-27 03:23:47.291  [VAL_FINETUNE_DTVU_STEPS_1] epoch_58  
2025-02-27 03:23:47.291  =============================================  
2025-02-27 03:23:47.291  val_finetune_dtvu_steps_1/loss = 3.8062  
2025-02-27 03:23:47.291  val_finetune_dtvu_steps_1/acc@01 = 0.1500  
2025-02-27 03:23:47.291  val_finetune_dtvu_steps_1/acc@05 = 0.4000  
2025-02-27 03:23:47.291  val_finetune_dtvu_steps_1/acc@10 = 0.6500  
2025-02-27 03:23:47.291  val_finetune_dtvu_steps_1/acc@20 = 0.7500  
2025-02-27 03:23:47.291  
  
2025-02-27 03:23:47.626  
  
2025-02-27 03:23:47.626  [VAL_FINETUNE_DTVU_STEPS_3] epoch_58  
2025-02-27 03:23:47.626  =============================================  
2025-02-27 03:23:47.626  val_finetune_dtvu_steps_3/loss = 3.7497  
2025-02-27 03:23:47.626  val_finetune_dtvu_steps_3/acc@01 = 0.1833  
2025-02-27 03:23:47.626  val_finetune_dtvu_steps_3/acc@05 = 0.5000  
2025-02-27 03:23:47.626  val_finetune_dtvu_steps_3/acc@10 = 0.7000  
2025-02-27 03:23:47.626  val_finetune_dtvu_steps_3/acc@20 = 0.7667  
2025-02-27 03:23:47.626  
  
2025-02-27 03:23:50.866  
  
2025-02-27 03:23:50.867  [TRN] epoch_59  
2025-02-27 03:23:50.867  =============================================  
2025-02-27 03:23:50.867  trn/loss = 2.9122  
2025-02-27 03:23:50.867  trn/acc@01 = 0.3160  
2025-02-27 03:23:50.867  trn/acc@05 = 0.6200  
2025-02-27 03:23:50.867  trn/acc@10 = 0.7440  
2025-02-27 03:23:50.867  trn/acc@20 = 0.8700  
2025-02-27 03:23:50.867  
  
2025-02-27 03:23:51.196  
  
2025-02-27 03:23:51.196  [VAL_FINETUNE_DTVU_STEPS_1] epoch_59  
2025-02-27 03:23:51.196  =============================================  
2025-02-27 03:23:51.196  val_finetune_dtvu_steps_1/loss = 3.9981  
2025-02-27 03:23:51.196  val_finetune_dtvu_steps_1/acc@01 = 0.1000  
2025-02-27 03:23:51.196  val_finetune_dtvu_steps_1/acc@05 = 0.4500  
2025-02-27 03:23:51.197  val_finetune_dtvu_steps_1/acc@10 = 0.6000  
2025-02-27 03:23:51.197  val_finetune_dtvu_steps_1/acc@20 = 0.7500  
2025-02-27 03:23:51.197  
  
2025-02-27 03:23:51.519  
  
2025-02-27 03:23:51.519  [VAL_FINETUNE_DTVU_STEPS_3] epoch_59  
2025-02-27 03:23:51.520  =============================================  
2025-02-27 03:23:51.520  val_finetune_dtvu_steps_3/loss = 4.0764  
2025-02-27 03:23:51.520  val_finetune_dtvu_steps_3/acc@01 = 0.0667  
2025-02-27 03:23:51.520  val_finetune_dtvu_steps_3/acc@05 = 0.5000  
2025-02-27 03:23:51.520  val_finetune_dtvu_steps_3/acc@10 = 0.6333  
2025-02-27 03:23:51.520  val_finetune_dtvu_steps_3/acc@20 = 0.7500  
2025-02-27 03:23:51.520  
  
2025-02-27 03:23:54.809  
  
2025-02-27 03:23:54.809  [TRN] epoch_60  
2025-02-27 03:23:54.809  =============================================  
2025-02-27 03:23:54.809  trn/loss = 2.7835  
2025-02-27 03:23:54.809  trn/acc@01 = 0.3196  
2025-02-27 03:23:54.810  trn/acc@05 = 0.6451  
2025-02-27 03:23:54.810  trn/acc@10 = 0.7863  
2025-02-27 03:23:54.810  trn/acc@20 = 0.8882  
2025-02-27 03:23:54.810  
  
2025-02-27 03:23:55.134  
  
2025-02-27 03:23:55.135  [VAL_FINETUNE_DTVU_STEPS_1] epoch_60  
2025-02-27 03:23:55.135  =============================================  
2025-02-27 03:23:55.135  val_finetune_dtvu_steps_1/loss = 4.1230  
2025-02-27 03:23:55.135  val_finetune_dtvu_steps_1/acc@01 = 0.1000  
2025-02-27 03:23:55.135  val_finetune_dtvu_steps_1/acc@05 = 0.4500  
2025-02-27 03:23:55.135  val_finetune_dtvu_steps_1/acc@10 = 0.6000  
2025-02-27 03:23:55.135  val_finetune_dtvu_steps_1/acc@20 = 0.7500  
2025-02-27 03:23:55.136  
  
2025-02-27 03:23:55.466  
  
2025-02-27 03:23:55.466  [VAL_FINETUNE_DTVU_STEPS_3] epoch_60  
2025-02-27 03:23:55.466  =============================================  
2025-02-27 03:23:55.466  val_finetune_dtvu_steps_3/loss = 4.0499  
2025-02-27 03:23:55.466  val_finetune_dtvu_steps_3/acc@01 = 0.1167  
2025-02-27 03:23:55.466  val_finetune_dtvu_steps_3/acc@05 = 0.5167  
2025-02-27 03:23:55.466  val_finetune_dtvu_steps_3/acc@10 = 0.6500  
2025-02-27 03:23:55.467  val_finetune_dtvu_steps_3/acc@20 = 0.7667  
2025-02-27 03:23:55.467  
  
2025-02-27 03:23:58.846  
  
2025-02-27 03:23:58.846  [TRN] epoch_61  
2025-02-27 03:23:58.846  =============================================  
2025-02-27 03:23:58.846  trn/loss = 2.8829  
2025-02-27 03:23:58.846  trn/acc@01 = 0.2737  
2025-02-27 03:23:58.846  trn/acc@05 = 0.6232  
2025-02-27 03:23:58.846  trn/acc@10 = 0.7453  
2025-02-27 03:23:58.846  trn/acc@20 = 0.8821  
2025-02-27 03:23:58.846  
  
2025-02-27 03:23:59.243  
  
2025-02-27 03:23:59.243  [VAL_FINETUNE_DTVU_STEPS_1] epoch_61  
2025-02-27 03:23:59.243  =============================================  
2025-02-27 03:23:59.243  val_finetune_dtvu_steps_1/loss = 3.8302  
2025-02-27 03:23:59.244  val_finetune_dtvu_steps_1/acc@01 = 0.1500  
2025-02-27 03:23:59.244  val_finetune_dtvu_steps_1/acc@05 = 0.4500  
2025-02-27 03:23:59.244  val_finetune_dtvu_steps_1/acc@10 = 0.6500  
2025-02-27 03:23:59.245  val_finetune_dtvu_steps_1/acc@20 = 0.7500  
2025-02-27 03:23:59.245  
  
2025-02-27 03:23:59.588  
  
2025-02-27 03:23:59.589  [VAL_FINETUNE_DTVU_STEPS_3] epoch_61  
2025-02-27 03:23:59.589  =============================================  
2025-02-27 03:23:59.589  val_finetune_dtvu_steps_3/loss = 3.6965  
2025-02-27 03:23:59.589  val_finetune_dtvu_steps_3/acc@01 = 0.2167  
2025-02-27 03:23:59.589  val_finetune_dtvu_steps_3/acc@05 = 0.5500  
2025-02-27 03:23:59.589  val_finetune_dtvu_steps_3/acc@10 = 0.6500  
2025-02-27 03:23:59.589  val_finetune_dtvu_steps_3/acc@20 = 0.7833  
2025-02-27 03:23:59.589  
  
2025-02-27 03:24:02.823  
  
2025-02-27 03:24:02.825  [TRN] epoch_62  
2025-02-27 03:24:02.825  =============================================  
2025-02-27 03:24:02.825  trn/loss = 2.8128  
2025-02-27 03:24:02.825  trn/acc@01 = 0.2952  
2025-02-27 03:24:02.825  trn/acc@05 = 0.6514  
2025-02-27 03:24:02.825  trn/acc@10 = 0.7638  
2025-02-27 03:24:02.825  trn/acc@20 = 0.8800  
2025-02-27 03:24:02.825  
  
2025-02-27 03:24:03.136  
  
2025-02-27 03:24:03.136  [VAL_FINETUNE_DTVU_STEPS_1] epoch_62  
2025-02-27 03:24:03.136  =============================================  
2025-02-27 03:24:03.136  val_finetune_dtvu_steps_1/loss = 3.8558  
2025-02-27 03:24:03.136  val_finetune_dtvu_steps_1/acc@01 = 0.2000  
2025-02-27 03:24:03.136  val_finetune_dtvu_steps_1/acc@05 = 0.4500  
2025-02-27 03:24:03.136  val_finetune_dtvu_steps_1/acc@10 = 0.5500  
2025-02-27 03:24:03.136  val_finetune_dtvu_steps_1/acc@20 = 0.7500  
2025-02-27 03:24:03.136  
  
2025-02-27 03:24:03.479  
  
2025-02-27 03:24:03.479  [VAL_FINETUNE_DTVU_STEPS_3] epoch_62  
2025-02-27 03:24:03.479  =============================================  
2025-02-27 03:24:03.480  val_finetune_dtvu_steps_3/loss = 3.9149  
2025-02-27 03:24:03.480  val_finetune_dtvu_steps_3/acc@01 = 0.2167  
2025-02-27 03:24:03.480  val_finetune_dtvu_steps_3/acc@05 = 0.4667  
2025-02-27 03:24:03.480  val_finetune_dtvu_steps_3/acc@10 = 0.5500  
2025-02-27 03:24:03.480  val_finetune_dtvu_steps_3/acc@20 = 0.7500  
2025-02-27 03:24:03.480  
  
2025-02-27 03:24:06.747  
  
2025-02-27 03:24:06.747  [TRN] epoch_63  
2025-02-27 03:24:06.747  =============================================  
2025-02-27 03:24:06.747  trn/loss = 2.8556  
2025-02-27 03:24:06.747  trn/acc@01 = 0.2960  
2025-02-27 03:24:06.747  trn/acc@05 = 0.6320  
2025-02-27 03:24:06.747  trn/acc@10 = 0.7760  
2025-02-27 03:24:06.747  trn/acc@20 = 0.8800  
2025-02-27 03:24:06.747  
  
2025-02-27 03:24:07.087  
  
2025-02-27 03:24:07.087  [VAL_FINETUNE_DTVU_STEPS_1] epoch_63  
2025-02-27 03:24:07.087  =============================================  
2025-02-27 03:24:07.087  val_finetune_dtvu_steps_1/loss = 4.0036  
2025-02-27 03:24:07.087  val_finetune_dtvu_steps_1/acc@01 = 0.1500  
2025-02-27 03:24:07.087  val_finetune_dtvu_steps_1/acc@05 = 0.4500  
2025-02-27 03:24:07.087  val_finetune_dtvu_steps_1/acc@10 = 0.5500  
2025-02-27 03:24:07.087  val_finetune_dtvu_steps_1/acc@20 = 0.7500  
2025-02-27 03:24:07.087  
  
2025-02-27 03:24:07.560  
  
2025-02-27 03:24:07.560  [VAL_FINETUNE_DTVU_STEPS_3] epoch_63  
2025-02-27 03:24:07.560  =============================================  
2025-02-27 03:24:07.560  val_finetune_dtvu_steps_3/loss = 3.7922  
2025-02-27 03:24:07.560  val_finetune_dtvu_steps_3/acc@01 = 0.2167  
2025-02-27 03:24:07.560  val_finetune_dtvu_steps_3/acc@05 = 0.4833  
2025-02-27 03:24:07.560  val_finetune_dtvu_steps_3/acc@10 = 0.6167  
2025-02-27 03:24:07.560  val_finetune_dtvu_steps_3/acc@20 = 0.7833  
2025-02-27 03:24:07.560  
  
