2025-02-27 02:40:25.717  
  
2025-02-27 02:40:25.717  [TRN] epoch_00  
2025-02-27 02:40:25.717  =============================================  
2025-02-27 02:40:25.717  trn/loss = 5.8077  
2025-02-27 02:40:25.717  trn/acc@01 = 0.0388  
2025-02-27 02:40:25.717  trn/acc@05 = 0.1429  
2025-02-27 02:40:25.717  trn/acc@10 = 0.1939  
2025-02-27 02:40:25.717  trn/acc@20 = 0.2592  
2025-02-27 02:40:25.717  
  
2025-02-27 02:40:25.749  
  
2025-02-27 02:40:25.749  [VAL_FINETUNE_DTVU_STEPS_1] epoch_00  
2025-02-27 02:40:25.749  =============================================  
2025-02-27 02:40:25.749  val_finetune_dtvu_steps_1/loss = 5.0023  
2025-02-27 02:40:25.749  val_finetune_dtvu_steps_1/acc@01 = 0.1000  
2025-02-27 02:40:25.749  val_finetune_dtvu_steps_1/acc@05 = 0.4500  
2025-02-27 02:40:25.765  val_finetune_dtvu_steps_1/acc@10 = 0.5000  
2025-02-27 02:40:25.765  val_finetune_dtvu_steps_1/acc@20 = 0.7000  
2025-02-27 02:40:25.765  
  
2025-02-27 02:40:25.796  
  
2025-02-27 02:40:25.796  [VAL_FINETUNE_DTVU_STEPS_3] epoch_00  
2025-02-27 02:40:25.796  =============================================  
2025-02-27 02:40:25.796  val_finetune_dtvu_steps_3/loss = 5.1185  
2025-02-27 02:40:25.796  val_finetune_dtvu_steps_3/acc@01 = 0.0500  
2025-02-27 02:40:25.796  val_finetune_dtvu_steps_3/acc@05 = 0.4167  
2025-02-27 02:40:25.796  val_finetune_dtvu_steps_3/acc@10 = 0.4500  
2025-02-27 02:40:25.796  val_finetune_dtvu_steps_3/acc@20 = 0.5667  
2025-02-27 02:40:25.796  
  
2025-02-27 02:40:26.081  
  
2025-02-27 02:40:26.081  [TRN] epoch_01  
2025-02-27 02:40:26.081  =============================================  
2025-02-27 02:40:26.081  trn/loss = 5.0407  
2025-02-27 02:40:26.081  trn/acc@01 = 0.1000  
2025-02-27 02:40:26.081  trn/acc@05 = 0.3192  
2025-02-27 02:40:26.081  trn/acc@10 = 0.3962  
2025-02-27 02:40:26.081  trn/acc@20 = 0.4712  
2025-02-27 02:40:26.081  
  
2025-02-27 02:40:26.112  
  
2025-02-27 02:40:26.112  [VAL_FINETUNE_DTVU_STEPS_1] epoch_01  
2025-02-27 02:40:26.112  =============================================  
2025-02-27 02:40:26.112  val_finetune_dtvu_steps_1/loss = 4.2429  
2025-02-27 02:40:26.112  val_finetune_dtvu_steps_1/acc@01 = 0.1000  
2025-02-27 02:40:26.112  val_finetune_dtvu_steps_1/acc@05 = 0.4500  
2025-02-27 02:40:26.112  val_finetune_dtvu_steps_1/acc@10 = 0.8000  
2025-02-27 02:40:26.112  val_finetune_dtvu_steps_1/acc@20 = 0.8000  
2025-02-27 02:40:26.112  
  
2025-02-27 02:40:26.144  
  
2025-02-27 02:40:26.144  [VAL_FINETUNE_DTVU_STEPS_3] epoch_01  
2025-02-27 02:40:26.144  =============================================  
2025-02-27 02:40:26.144  val_finetune_dtvu_steps_3/loss = 4.3337  
2025-02-27 02:40:26.144  val_finetune_dtvu_steps_3/acc@01 = 0.1667  
2025-02-27 02:40:26.144  val_finetune_dtvu_steps_3/acc@05 = 0.4167  
2025-02-27 02:40:26.160  val_finetune_dtvu_steps_3/acc@10 = 0.7833  
2025-02-27 02:40:26.160  val_finetune_dtvu_steps_3/acc@20 = 0.7833  
2025-02-27 02:40:26.160  
  
2025-02-27 02:40:26.447  
  
2025-02-27 02:40:26.447  [TRN] epoch_02  
2025-02-27 02:40:26.447  =============================================  
2025-02-27 02:40:26.447  trn/loss = 4.4774  
2025-02-27 02:40:26.447  trn/acc@01 = 0.1980  
2025-02-27 02:40:26.447  trn/acc@05 = 0.3778  
2025-02-27 02:40:26.447  trn/acc@10 = 0.4848  
2025-02-27 02:40:26.447  trn/acc@20 = 0.5636  
2025-02-27 02:40:26.447  
  
2025-02-27 02:40:26.479  
  
2025-02-27 02:40:26.479  [VAL_FINETUNE_DTVU_STEPS_1] epoch_02  
2025-02-27 02:40:26.479  =============================================  
2025-02-27 02:40:26.479  val_finetune_dtvu_steps_1/loss = 3.6495  
2025-02-27 02:40:26.479  val_finetune_dtvu_steps_1/acc@01 = 0.3500  
2025-02-27 02:40:26.479  val_finetune_dtvu_steps_1/acc@05 = 0.7500  
2025-02-27 02:40:26.479  val_finetune_dtvu_steps_1/acc@10 = 0.8000  
2025-02-27 02:40:26.494  val_finetune_dtvu_steps_1/acc@20 = 0.8500  
2025-02-27 02:40:26.494  
  
2025-02-27 02:40:26.526  
  
2025-02-27 02:40:26.526  [VAL_FINETUNE_DTVU_STEPS_3] epoch_02  
2025-02-27 02:40:26.526  =============================================  
2025-02-27 02:40:26.526  val_finetune_dtvu_steps_3/loss = 3.7820  
2025-02-27 02:40:26.526  val_finetune_dtvu_steps_3/acc@01 = 0.3333  
2025-02-27 02:40:26.526  val_finetune_dtvu_steps_3/acc@05 = 0.6667  
2025-02-27 02:40:26.526  val_finetune_dtvu_steps_3/acc@10 = 0.7167  
2025-02-27 02:40:26.526  val_finetune_dtvu_steps_3/acc@20 = 0.8000  
2025-02-27 02:40:26.526  
  
2025-02-27 02:40:26.829  
  
2025-02-27 02:40:26.829  [TRN] epoch_03  
2025-02-27 02:40:26.829  =============================================  
2025-02-27 02:40:26.829  trn/loss = 4.0277  
2025-02-27 02:40:26.829  trn/acc@01 = 0.2632  
2025-02-27 02:40:26.829  trn/acc@05 = 0.4821  
2025-02-27 02:40:26.829  trn/acc@10 = 0.5579  
2025-02-27 02:40:26.829  trn/acc@20 = 0.6232  
2025-02-27 02:40:26.829  
  
2025-02-27 02:40:26.872  
  
2025-02-27 02:40:26.872  [VAL_FINETUNE_DTVU_STEPS_1] epoch_03  
2025-02-27 02:40:26.872  =============================================  
2025-02-27 02:40:26.872  val_finetune_dtvu_steps_1/loss = 3.3606  
2025-02-27 02:40:26.872  val_finetune_dtvu_steps_1/acc@01 = 0.4000  
2025-02-27 02:40:26.872  val_finetune_dtvu_steps_1/acc@05 = 0.8000  
2025-02-27 02:40:26.872  val_finetune_dtvu_steps_1/acc@10 = 0.8000  
2025-02-27 02:40:26.872  val_finetune_dtvu_steps_1/acc@20 = 0.8000  
2025-02-27 02:40:26.872  
  
2025-02-27 02:40:26.909  
  
2025-02-27 02:40:26.909  [VAL_FINETUNE_DTVU_STEPS_3] epoch_03  
2025-02-27 02:40:26.909  =============================================  
2025-02-27 02:40:26.909  val_finetune_dtvu_steps_3/loss = 3.5186  
2025-02-27 02:40:26.909  val_finetune_dtvu_steps_3/acc@01 = 0.3833  
2025-02-27 02:40:26.909  val_finetune_dtvu_steps_3/acc@05 = 0.6833  
2025-02-27 02:40:26.909  val_finetune_dtvu_steps_3/acc@10 = 0.7500  
2025-02-27 02:40:26.909  val_finetune_dtvu_steps_3/acc@20 = 0.7833  
2025-02-27 02:40:26.909  
  
2025-02-27 02:40:27.228  
  
2025-02-27 02:40:27.228  [TRN] epoch_04  
2025-02-27 02:40:27.228  =============================================  
2025-02-27 02:40:27.228  trn/loss = 3.6895  
2025-02-27 02:40:27.228  trn/acc@01 = 0.3241  
2025-02-27 02:40:27.228  trn/acc@05 = 0.5556  
2025-02-27 02:40:27.228  trn/acc@10 = 0.6222  
2025-02-27 02:40:27.228  trn/acc@20 = 0.6963  
2025-02-27 02:40:27.228  
  
2025-02-27 02:40:27.260  
  
2025-02-27 02:40:27.260  [VAL_FINETUNE_DTVU_STEPS_1] epoch_04  
2025-02-27 02:40:27.260  =============================================  
2025-02-27 02:40:27.260  val_finetune_dtvu_steps_1/loss = 3.1053  
2025-02-27 02:40:27.260  val_finetune_dtvu_steps_1/acc@01 = 0.4000  
2025-02-27 02:40:27.260  val_finetune_dtvu_steps_1/acc@05 = 0.7500  
2025-02-27 02:40:27.260  val_finetune_dtvu_steps_1/acc@10 = 0.8000  
2025-02-27 02:40:27.260  val_finetune_dtvu_steps_1/acc@20 = 0.8000  
2025-02-27 02:40:27.260  
  
2025-02-27 02:40:27.307  
  
2025-02-27 02:40:27.307  [VAL_FINETUNE_DTVU_STEPS_3] epoch_04  
2025-02-27 02:40:27.307  =============================================  
2025-02-27 02:40:27.307  val_finetune_dtvu_steps_3/loss = 3.2823  
2025-02-27 02:40:27.307  val_finetune_dtvu_steps_3/acc@01 = 0.3833  
2025-02-27 02:40:27.307  val_finetune_dtvu_steps_3/acc@05 = 0.7000  
2025-02-27 02:40:27.307  val_finetune_dtvu_steps_3/acc@10 = 0.7500  
2025-02-27 02:40:27.307  val_finetune_dtvu_steps_3/acc@20 = 0.7833  
2025-02-27 02:40:27.307  
  
2025-02-27 02:40:27.609  
  
2025-02-27 02:40:27.609  [TRN] epoch_05  
2025-02-27 02:40:27.609  =============================================  
2025-02-27 02:40:27.609  trn/loss = 3.7729  
2025-02-27 02:40:27.609  trn/acc@01 = 0.2939  
2025-02-27 02:40:27.609  trn/acc@05 = 0.5163  
2025-02-27 02:40:27.609  trn/acc@10 = 0.6061  
2025-02-27 02:40:27.609  trn/acc@20 = 0.6959  
2025-02-27 02:40:27.609  
  
2025-02-27 02:40:27.657  
  
2025-02-27 02:40:27.657  [VAL_FINETUNE_DTVU_STEPS_1] epoch_05  
2025-02-27 02:40:27.657  =============================================  
2025-02-27 02:40:27.657  val_finetune_dtvu_steps_1/loss = 2.9855  
2025-02-27 02:40:27.657  val_finetune_dtvu_steps_1/acc@01 = 0.4000  
2025-02-27 02:40:27.657  val_finetune_dtvu_steps_1/acc@05 = 0.7500  
2025-02-27 02:40:27.657  val_finetune_dtvu_steps_1/acc@10 = 0.8000  
2025-02-27 02:40:27.657  val_finetune_dtvu_steps_1/acc@20 = 0.8500  
2025-02-27 02:40:27.657  
  
2025-02-27 02:40:27.704  
  
2025-02-27 02:40:27.704  [VAL_FINETUNE_DTVU_STEPS_3] epoch_05  
2025-02-27 02:40:27.704  =============================================  
2025-02-27 02:40:27.704  val_finetune_dtvu_steps_3/loss = 3.1629  
2025-02-27 02:40:27.704  val_finetune_dtvu_steps_3/acc@01 = 0.3833  
2025-02-27 02:40:27.704  val_finetune_dtvu_steps_3/acc@05 = 0.7500  
2025-02-27 02:40:27.704  val_finetune_dtvu_steps_3/acc@10 = 0.7833  
2025-02-27 02:40:27.704  val_finetune_dtvu_steps_3/acc@20 = 0.8000  
2025-02-27 02:40:27.704  
  
2025-02-27 02:40:28.023  
  
2025-02-27 02:40:28.023  [TRN] epoch_06  
2025-02-27 02:40:28.023  =============================================  
2025-02-27 02:40:28.023  trn/loss = 3.5805  
2025-02-27 02:40:28.023  trn/acc@01 = 0.2901  
2025-02-27 02:40:28.023  trn/acc@05 = 0.5538  
2025-02-27 02:40:28.023  trn/acc@10 = 0.6484  
2025-02-27 02:40:28.023  trn/acc@20 = 0.7407  
2025-02-27 02:40:28.023  
  
2025-02-27 02:40:28.055  
  
2025-02-27 02:40:28.055  [VAL_FINETUNE_DTVU_STEPS_1] epoch_06  
2025-02-27 02:40:28.055  =============================================  
2025-02-27 02:40:28.055  val_finetune_dtvu_steps_1/loss = 2.8934  
2025-02-27 02:40:28.055  val_finetune_dtvu_steps_1/acc@01 = 0.4000  
2025-02-27 02:40:28.055  val_finetune_dtvu_steps_1/acc@05 = 0.8500  
2025-02-27 02:40:28.055  val_finetune_dtvu_steps_1/acc@10 = 0.8500  
2025-02-27 02:40:28.055  val_finetune_dtvu_steps_1/acc@20 = 0.8500  
2025-02-27 02:40:28.055  
  
2025-02-27 02:40:28.103  
  
2025-02-27 02:40:28.103  [VAL_FINETUNE_DTVU_STEPS_3] epoch_06  
2025-02-27 02:40:28.103  =============================================  
2025-02-27 02:40:28.103  val_finetune_dtvu_steps_3/loss = 3.1396  
2025-02-27 02:40:28.103  val_finetune_dtvu_steps_3/acc@01 = 0.3833  
2025-02-27 02:40:28.103  val_finetune_dtvu_steps_3/acc@05 = 0.7500  
2025-02-27 02:40:28.103  val_finetune_dtvu_steps_3/acc@10 = 0.8000  
2025-02-27 02:40:28.103  val_finetune_dtvu_steps_3/acc@20 = 0.8000  
2025-02-27 02:40:28.103  
  
2025-02-27 02:40:28.404  
  
2025-02-27 02:40:28.404  [TRN] epoch_07  
2025-02-27 02:40:28.404  =============================================  
2025-02-27 02:40:28.404  trn/loss = 3.5040  
2025-02-27 02:40:28.404  trn/acc@01 = 0.2545  
2025-02-27 02:40:28.404  trn/acc@05 = 0.5495  
2025-02-27 02:40:28.420  trn/acc@10 = 0.6444  
2025-02-27 02:40:28.420  trn/acc@20 = 0.7697  
2025-02-27 02:40:28.420  
  
2025-02-27 02:40:28.452  
  
2025-02-27 02:40:28.452  [VAL_FINETUNE_DTVU_STEPS_1] epoch_07  
2025-02-27 02:40:28.452  =============================================  
2025-02-27 02:40:28.452  val_finetune_dtvu_steps_1/loss = 2.9077  
2025-02-27 02:40:28.452  val_finetune_dtvu_steps_1/acc@01 = 0.4500  
2025-02-27 02:40:28.452  val_finetune_dtvu_steps_1/acc@05 = 0.8000  
2025-02-27 02:40:28.452  val_finetune_dtvu_steps_1/acc@10 = 0.8500  
2025-02-27 02:40:28.452  val_finetune_dtvu_steps_1/acc@20 = 0.8500  
2025-02-27 02:40:28.452  
  
2025-02-27 02:40:28.500  
  
2025-02-27 02:40:28.500  [VAL_FINETUNE_DTVU_STEPS_3] epoch_07  
2025-02-27 02:40:28.500  =============================================  
2025-02-27 02:40:28.500  val_finetune_dtvu_steps_3/loss = 3.1107  
2025-02-27 02:40:28.500  val_finetune_dtvu_steps_3/acc@01 = 0.3667  
2025-02-27 02:40:28.500  val_finetune_dtvu_steps_3/acc@05 = 0.7333  
2025-02-27 02:40:28.500  val_finetune_dtvu_steps_3/acc@10 = 0.7833  
2025-02-27 02:40:28.500  val_finetune_dtvu_steps_3/acc@20 = 0.8000  
2025-02-27 02:40:28.500  
  
2025-02-27 02:40:28.786  
  
2025-02-27 02:40:28.786  [TRN] epoch_08  
2025-02-27 02:40:28.786  =============================================  
2025-02-27 02:40:28.786  trn/loss = 3.2888  
2025-02-27 02:40:28.786  trn/acc@01 = 0.3011  
2025-02-27 02:40:28.786  trn/acc@05 = 0.5935  
2025-02-27 02:40:28.786  trn/acc@10 = 0.7032  
2025-02-27 02:40:28.786  trn/acc@20 = 0.8086  
2025-02-27 02:40:28.786  
  
2025-02-27 02:40:28.833  
  
2025-02-27 02:40:28.833  [VAL_FINETUNE_DTVU_STEPS_1] epoch_08  
2025-02-27 02:40:28.833  =============================================  
2025-02-27 02:40:28.833  val_finetune_dtvu_steps_1/loss = 2.8591  
2025-02-27 02:40:28.833  val_finetune_dtvu_steps_1/acc@01 = 0.4000  
2025-02-27 02:40:28.833  val_finetune_dtvu_steps_1/acc@05 = 0.8000  
2025-02-27 02:40:28.833  val_finetune_dtvu_steps_1/acc@10 = 0.8000  
2025-02-27 02:40:28.833  val_finetune_dtvu_steps_1/acc@20 = 0.8500  
2025-02-27 02:40:28.833  
  
2025-02-27 02:40:28.881  
  
2025-02-27 02:40:28.881  [VAL_FINETUNE_DTVU_STEPS_3] epoch_08  
2025-02-27 02:40:28.881  =============================================  
2025-02-27 02:40:28.881  val_finetune_dtvu_steps_3/loss = 3.0460  
2025-02-27 02:40:28.881  val_finetune_dtvu_steps_3/acc@01 = 0.3833  
2025-02-27 02:40:28.881  val_finetune_dtvu_steps_3/acc@05 = 0.7333  
2025-02-27 02:40:28.881  val_finetune_dtvu_steps_3/acc@10 = 0.7833  
2025-02-27 02:40:28.881  val_finetune_dtvu_steps_3/acc@20 = 0.8000  
2025-02-27 02:40:28.881  
  
2025-02-27 02:40:29.183  
  
2025-02-27 02:40:29.183  [TRN] epoch_09  
2025-02-27 02:40:29.183  =============================================  
2025-02-27 02:40:29.183  trn/loss = 3.2744  
2025-02-27 02:40:29.183  trn/acc@01 = 0.2788  
2025-02-27 02:40:29.183  trn/acc@05 = 0.5615  
2025-02-27 02:40:29.183  trn/acc@10 = 0.7096  
2025-02-27 02:40:29.183  trn/acc@20 = 0.8365  
2025-02-27 02:40:29.183  
  
2025-02-27 02:40:29.215  
  
2025-02-27 02:40:29.215  [VAL_FINETUNE_DTVU_STEPS_1] epoch_09  
2025-02-27 02:40:29.215  =============================================  
2025-02-27 02:40:29.215  val_finetune_dtvu_steps_1/loss = 2.8254  
2025-02-27 02:40:29.215  val_finetune_dtvu_steps_1/acc@01 = 0.4000  
2025-02-27 02:40:29.215  val_finetune_dtvu_steps_1/acc@05 = 0.8000  
2025-02-27 02:40:29.215  val_finetune_dtvu_steps_1/acc@10 = 0.8000  
2025-02-27 02:40:29.215  val_finetune_dtvu_steps_1/acc@20 = 0.8500  
2025-02-27 02:40:29.215  
  
2025-02-27 02:40:29.262  
  
2025-02-27 02:40:29.262  [VAL_FINETUNE_DTVU_STEPS_3] epoch_09  
2025-02-27 02:40:29.262  =============================================  
2025-02-27 02:40:29.262  val_finetune_dtvu_steps_3/loss = 3.0010  
2025-02-27 02:40:29.262  val_finetune_dtvu_steps_3/acc@01 = 0.3833  
2025-02-27 02:40:29.262  val_finetune_dtvu_steps_3/acc@05 = 0.7333  
2025-02-27 02:40:29.262  val_finetune_dtvu_steps_3/acc@10 = 0.7833  
2025-02-27 02:40:29.262  val_finetune_dtvu_steps_3/acc@20 = 0.8000  
2025-02-27 02:40:29.262  
  
2025-02-27 02:40:29.564  
  
2025-02-27 02:40:29.564  [TRN] epoch_10  
2025-02-27 02:40:29.564  =============================================  
2025-02-27 02:40:29.564  trn/loss = 3.0807  
2025-02-27 02:40:29.564  trn/acc@01 = 0.3486  
2025-02-27 02:40:29.564  trn/acc@05 = 0.6114  
2025-02-27 02:40:29.564  trn/acc@10 = 0.7314  
2025-02-27 02:40:29.564  trn/acc@20 = 0.8533  
2025-02-27 02:40:29.564  
  
2025-02-27 02:40:29.596  
  
2025-02-27 02:40:29.596  [VAL_FINETUNE_DTVU_STEPS_1] epoch_10  
2025-02-27 02:40:29.596  =============================================  
2025-02-27 02:40:29.596  val_finetune_dtvu_steps_1/loss = 2.7463  
2025-02-27 02:40:29.596  val_finetune_dtvu_steps_1/acc@01 = 0.4000  
2025-02-27 02:40:29.596  val_finetune_dtvu_steps_1/acc@05 = 0.8000  
2025-02-27 02:40:29.596  val_finetune_dtvu_steps_1/acc@10 = 0.8000  
2025-02-27 02:40:29.596  val_finetune_dtvu_steps_1/acc@20 = 0.8500  
2025-02-27 02:40:29.596  
  
2025-02-27 02:40:29.644  
  
2025-02-27 02:40:29.644  [VAL_FINETUNE_DTVU_STEPS_3] epoch_10  
2025-02-27 02:40:29.644  =============================================  
2025-02-27 02:40:29.644  val_finetune_dtvu_steps_3/loss = 2.9648  
2025-02-27 02:40:29.644  val_finetune_dtvu_steps_3/acc@01 = 0.3833  
2025-02-27 02:40:29.644  val_finetune_dtvu_steps_3/acc@05 = 0.7333  
2025-02-27 02:40:29.644  val_finetune_dtvu_steps_3/acc@10 = 0.7833  
2025-02-27 02:40:29.644  val_finetune_dtvu_steps_3/acc@20 = 0.8000  
2025-02-27 02:40:29.644  
  
2025-02-27 02:40:29.945  
  
2025-02-27 02:40:29.945  [TRN] epoch_11  
2025-02-27 02:40:29.945  =============================================  
2025-02-27 02:40:29.945  trn/loss = 3.1132  
2025-02-27 02:40:29.945  trn/acc@01 = 0.2895  
2025-02-27 02:40:29.945  trn/acc@05 = 0.5848  
2025-02-27 02:40:29.945  trn/acc@10 = 0.7181  
2025-02-27 02:40:29.945  trn/acc@20 = 0.8305  
2025-02-27 02:40:29.945  
  
2025-02-27 02:40:29.977  
  
2025-02-27 02:40:29.977  [VAL_FINETUNE_DTVU_STEPS_1] epoch_11  
2025-02-27 02:40:29.977  =============================================  
2025-02-27 02:40:29.977  val_finetune_dtvu_steps_1/loss = 2.8129  
2025-02-27 02:40:29.977  val_finetune_dtvu_steps_1/acc@01 = 0.4000  
2025-02-27 02:40:29.977  val_finetune_dtvu_steps_1/acc@05 = 0.7500  
2025-02-27 02:40:29.977  val_finetune_dtvu_steps_1/acc@10 = 0.8000  
2025-02-27 02:40:29.977  val_finetune_dtvu_steps_1/acc@20 = 0.8500  
2025-02-27 02:40:29.977  
  
2025-02-27 02:40:30.009  
  
2025-02-27 02:40:30.009  [VAL_FINETUNE_DTVU_STEPS_3] epoch_11  
2025-02-27 02:40:30.009  =============================================  
2025-02-27 02:40:30.009  val_finetune_dtvu_steps_3/loss = 2.9447  
2025-02-27 02:40:30.009  val_finetune_dtvu_steps_3/acc@01 = 0.3833  
2025-02-27 02:40:30.025  val_finetune_dtvu_steps_3/acc@05 = 0.7167  
2025-02-27 02:40:30.025  val_finetune_dtvu_steps_3/acc@10 = 0.7833  
2025-02-27 02:40:30.025  val_finetune_dtvu_steps_3/acc@20 = 0.8000  
2025-02-27 02:40:30.025  
  
2025-02-27 02:40:30.344  
  
2025-02-27 02:40:30.344  [TRN] epoch_12  
2025-02-27 02:40:30.344  =============================================  
2025-02-27 02:40:30.344  trn/loss = 3.0879  
2025-02-27 02:40:30.344  trn/acc@01 = 0.2775  
2025-02-27 02:40:30.344  trn/acc@05 = 0.5694  
2025-02-27 02:40:30.344  trn/acc@10 = 0.7207  
2025-02-27 02:40:30.344  trn/acc@20 = 0.8414  
2025-02-27 02:40:30.344  
  
2025-02-27 02:40:30.376  
  
2025-02-27 02:40:30.376  [VAL_FINETUNE_DTVU_STEPS_1] epoch_12  
2025-02-27 02:40:30.376  =============================================  
2025-02-27 02:40:30.376  val_finetune_dtvu_steps_1/loss = 2.7630  
2025-02-27 02:40:30.376  val_finetune_dtvu_steps_1/acc@01 = 0.4000  
2025-02-27 02:40:30.376  val_finetune_dtvu_steps_1/acc@05 = 0.8500  
2025-02-27 02:40:30.376  val_finetune_dtvu_steps_1/acc@10 = 0.8500  
2025-02-27 02:40:30.376  val_finetune_dtvu_steps_1/acc@20 = 0.8500  
2025-02-27 02:40:30.376  
  
2025-02-27 02:40:30.423  
  
2025-02-27 02:40:30.423  [VAL_FINETUNE_DTVU_STEPS_3] epoch_12  
2025-02-27 02:40:30.423  =============================================  
2025-02-27 02:40:30.423  val_finetune_dtvu_steps_3/loss = 2.9153  
2025-02-27 02:40:30.423  val_finetune_dtvu_steps_3/acc@01 = 0.3833  
2025-02-27 02:40:30.423  val_finetune_dtvu_steps_3/acc@05 = 0.7500  
2025-02-27 02:40:30.423  val_finetune_dtvu_steps_3/acc@10 = 0.7833  
2025-02-27 02:40:30.423  val_finetune_dtvu_steps_3/acc@20 = 0.8167  
2025-02-27 02:40:30.423  
  
2025-02-27 02:40:30.759  
  
2025-02-27 02:40:30.759  [TRN] epoch_13  
2025-02-27 02:40:30.759  =============================================  
2025-02-27 02:40:30.759  trn/loss = 3.0636  
2025-02-27 02:40:30.759  trn/acc@01 = 0.2776  
2025-02-27 02:40:30.759  trn/acc@05 = 0.5755  
2025-02-27 02:40:30.759  trn/acc@10 = 0.7041  
2025-02-27 02:40:30.759  trn/acc@20 = 0.8429  
2025-02-27 02:40:30.759  
  
2025-02-27 02:40:30.807  
  
2025-02-27 02:40:30.807  [VAL_FINETUNE_DTVU_STEPS_1] epoch_13  
2025-02-27 02:40:30.807  =============================================  
2025-02-27 02:40:30.807  val_finetune_dtvu_steps_1/loss = 2.7482  
2025-02-27 02:40:30.807  val_finetune_dtvu_steps_1/acc@01 = 0.4000  
2025-02-27 02:40:30.807  val_finetune_dtvu_steps_1/acc@05 = 0.8500  
2025-02-27 02:40:30.807  val_finetune_dtvu_steps_1/acc@10 = 0.8500  
2025-02-27 02:40:30.807  val_finetune_dtvu_steps_1/acc@20 = 0.8500  
2025-02-27 02:40:30.807  
  
2025-02-27 02:40:30.838  
  
2025-02-27 02:40:30.838  [VAL_FINETUNE_DTVU_STEPS_3] epoch_13  
2025-02-27 02:40:30.838  =============================================  
2025-02-27 02:40:30.838  val_finetune_dtvu_steps_3/loss = 2.9070  
2025-02-27 02:40:30.838  val_finetune_dtvu_steps_3/acc@01 = 0.3833  
2025-02-27 02:40:30.838  val_finetune_dtvu_steps_3/acc@05 = 0.7500  
2025-02-27 02:40:30.838  val_finetune_dtvu_steps_3/acc@10 = 0.8000  
2025-02-27 02:40:30.838  val_finetune_dtvu_steps_3/acc@20 = 0.8167  
2025-02-27 02:40:30.838  
  
2025-02-27 02:40:31.176  
  
2025-02-27 02:40:31.177  [TRN] epoch_14  
2025-02-27 02:40:31.177  =============================================  
2025-02-27 02:40:31.177  trn/loss = 3.0526  
2025-02-27 02:40:31.177  trn/acc@01 = 0.3104  
2025-02-27 02:40:31.177  trn/acc@05 = 0.6146  
2025-02-27 02:40:31.177  trn/acc@10 = 0.7208  
2025-02-27 02:40:31.177  trn/acc@20 = 0.8396  
2025-02-27 02:40:31.177  
  
2025-02-27 02:40:31.207  
  
2025-02-27 02:40:31.207  [VAL_FINETUNE_DTVU_STEPS_1] epoch_14  
2025-02-27 02:40:31.207  =============================================  
2025-02-27 02:40:31.207  val_finetune_dtvu_steps_1/loss = 2.8096  
2025-02-27 02:40:31.207  val_finetune_dtvu_steps_1/acc@01 = 0.3500  
2025-02-27 02:40:31.207  val_finetune_dtvu_steps_1/acc@05 = 0.8000  
2025-02-27 02:40:31.207  val_finetune_dtvu_steps_1/acc@10 = 0.8500  
2025-02-27 02:40:31.207  val_finetune_dtvu_steps_1/acc@20 = 0.8500  
2025-02-27 02:40:31.207  
  
2025-02-27 02:40:31.239  
  
2025-02-27 02:40:31.239  [VAL_FINETUNE_DTVU_STEPS_3] epoch_14  
2025-02-27 02:40:31.239  =============================================  
2025-02-27 02:40:31.239  val_finetune_dtvu_steps_3/loss = 2.8959  
2025-02-27 02:40:31.239  val_finetune_dtvu_steps_3/acc@01 = 0.3833  
2025-02-27 02:40:31.239  val_finetune_dtvu_steps_3/acc@05 = 0.7500  
2025-02-27 02:40:31.239  val_finetune_dtvu_steps_3/acc@10 = 0.8000  
2025-02-27 02:40:31.239  val_finetune_dtvu_steps_3/acc@20 = 0.8000  
2025-02-27 02:40:31.239  
  
2025-02-27 02:40:31.759  
  
2025-02-27 02:40:31.759  [TRN] epoch_15  
2025-02-27 02:40:31.759  =============================================  
2025-02-27 02:40:31.759  trn/loss = 2.8725  
2025-02-27 02:40:31.759  trn/acc@01 = 0.3532  
2025-02-27 02:40:31.759  trn/acc@05 = 0.6043  
2025-02-27 02:40:31.759  trn/acc@10 = 0.7574  
2025-02-27 02:40:31.759  trn/acc@20 = 0.8745  
2025-02-27 02:40:31.759  
  
2025-02-27 02:40:31.829  
  
2025-02-27 02:40:31.829  [VAL_FINETUNE_DTVU_STEPS_1] epoch_15  
2025-02-27 02:40:31.830  =============================================  
2025-02-27 02:40:31.830  val_finetune_dtvu_steps_1/loss = 2.7247  
2025-02-27 02:40:31.830  val_finetune_dtvu_steps_1/acc@01 = 0.4500  
2025-02-27 02:40:31.830  val_finetune_dtvu_steps_1/acc@05 = 0.7500  
2025-02-27 02:40:31.830  val_finetune_dtvu_steps_1/acc@10 = 0.8000  
2025-02-27 02:40:31.830  val_finetune_dtvu_steps_1/acc@20 = 0.8500  
2025-02-27 02:40:31.830  
  
2025-02-27 02:40:31.879  
  
2025-02-27 02:40:31.879  [VAL_FINETUNE_DTVU_STEPS_3] epoch_15  
2025-02-27 02:40:31.879  =============================================  
2025-02-27 02:40:31.879  val_finetune_dtvu_steps_3/loss = 2.8835  
2025-02-27 02:40:31.879  val_finetune_dtvu_steps_3/acc@01 = 0.4000  
2025-02-27 02:40:31.879  val_finetune_dtvu_steps_3/acc@05 = 0.7333  
2025-02-27 02:40:31.879  val_finetune_dtvu_steps_3/acc@10 = 0.7833  
2025-02-27 02:40:31.879  val_finetune_dtvu_steps_3/acc@20 = 0.8000  
2025-02-27 02:40:31.879  
  
2025-02-27 02:40:32.235  
  
2025-02-27 02:40:32.236  [TRN] epoch_16  
2025-02-27 02:40:32.236  =============================================  
2025-02-27 02:40:32.236  trn/loss = 2.9749  
2025-02-27 02:40:32.236  trn/acc@01 = 0.3058  
2025-02-27 02:40:32.236  trn/acc@05 = 0.6000  
2025-02-27 02:40:32.236  trn/acc@10 = 0.7173  
2025-02-27 02:40:32.236  trn/acc@20 = 0.8173  
2025-02-27 02:40:32.236  
  
2025-02-27 02:40:32.278  
  
2025-02-27 02:40:32.278  [VAL_FINETUNE_DTVU_STEPS_1] epoch_16  
2025-02-27 02:40:32.278  =============================================  
2025-02-27 02:40:32.278  val_finetune_dtvu_steps_1/loss = 2.7937  
2025-02-27 02:40:32.278  val_finetune_dtvu_steps_1/acc@01 = 0.3500  
2025-02-27 02:40:32.278  val_finetune_dtvu_steps_1/acc@05 = 0.8000  
2025-02-27 02:40:32.278  val_finetune_dtvu_steps_1/acc@10 = 0.8500  
2025-02-27 02:40:32.278  val_finetune_dtvu_steps_1/acc@20 = 0.8500  
2025-02-27 02:40:32.278  
  
2025-02-27 02:40:32.323  
  
2025-02-27 02:40:32.323  [VAL_FINETUNE_DTVU_STEPS_3] epoch_16  
2025-02-27 02:40:32.323  =============================================  
2025-02-27 02:40:32.323  val_finetune_dtvu_steps_3/loss = 2.9330  
2025-02-27 02:40:32.323  val_finetune_dtvu_steps_3/acc@01 = 0.3667  
2025-02-27 02:40:32.323  val_finetune_dtvu_steps_3/acc@05 = 0.7333  
2025-02-27 02:40:32.323  val_finetune_dtvu_steps_3/acc@10 = 0.7833  
2025-02-27 02:40:32.323  val_finetune_dtvu_steps_3/acc@20 = 0.8000  
2025-02-27 02:40:32.323  
  
2025-02-27 02:40:32.634  
  
2025-02-27 02:40:32.634  [TRN] epoch_17  
2025-02-27 02:40:32.634  =============================================  
2025-02-27 02:40:32.634  trn/loss = 2.8330  
2025-02-27 02:40:32.634  trn/acc@01 = 0.3367  
2025-02-27 02:40:32.634  trn/acc@05 = 0.6224  
2025-02-27 02:40:32.634  trn/acc@10 = 0.7408  
2025-02-27 02:40:32.634  trn/acc@20 = 0.8653  
2025-02-27 02:40:32.634  
  
2025-02-27 02:40:32.666  
  
2025-02-27 02:40:32.666  [VAL_FINETUNE_DTVU_STEPS_1] epoch_17  
2025-02-27 02:40:32.666  =============================================  
2025-02-27 02:40:32.666  val_finetune_dtvu_steps_1/loss = 2.7513  
2025-02-27 02:40:32.666  val_finetune_dtvu_steps_1/acc@01 = 0.4500  
2025-02-27 02:40:32.666  val_finetune_dtvu_steps_1/acc@05 = 0.8000  
2025-02-27 02:40:32.666  val_finetune_dtvu_steps_1/acc@10 = 0.8000  
2025-02-27 02:40:32.666  val_finetune_dtvu_steps_1/acc@20 = 0.8500  
2025-02-27 02:40:32.666  
  
2025-02-27 02:40:32.698  
  
2025-02-27 02:40:32.698  [VAL_FINETUNE_DTVU_STEPS_3] epoch_17  
2025-02-27 02:40:32.698  =============================================  
2025-02-27 02:40:32.698  val_finetune_dtvu_steps_3/loss = 2.9377  
2025-02-27 02:40:32.698  val_finetune_dtvu_steps_3/acc@01 = 0.3667  
2025-02-27 02:40:32.698  val_finetune_dtvu_steps_3/acc@05 = 0.7333  
2025-02-27 02:40:32.698  val_finetune_dtvu_steps_3/acc@10 = 0.7500  
2025-02-27 02:40:32.698  val_finetune_dtvu_steps_3/acc@20 = 0.8000  
2025-02-27 02:40:32.698  
  
2025-02-27 02:40:33.015  
  
2025-02-27 02:40:33.015  [TRN] epoch_18  
2025-02-27 02:40:33.015  =============================================  
2025-02-27 02:40:33.015  trn/loss = 3.0595  
2025-02-27 02:40:33.015  trn/acc@01 = 0.2327  
2025-02-27 02:40:33.015  trn/acc@05 = 0.5519  
2025-02-27 02:40:33.015  trn/acc@10 = 0.7192  
2025-02-27 02:40:33.015  trn/acc@20 = 0.8538  
2025-02-27 02:40:33.015  
  
2025-02-27 02:40:33.063  
  
2025-02-27 02:40:33.063  [VAL_FINETUNE_DTVU_STEPS_1] epoch_18  
2025-02-27 02:40:33.063  =============================================  
2025-02-27 02:40:33.063  val_finetune_dtvu_steps_1/loss = 2.6682  
2025-02-27 02:40:33.063  val_finetune_dtvu_steps_1/acc@01 = 0.4000  
2025-02-27 02:40:33.063  val_finetune_dtvu_steps_1/acc@05 = 0.7500  
2025-02-27 02:40:33.063  val_finetune_dtvu_steps_1/acc@10 = 0.8500  
2025-02-27 02:40:33.063  val_finetune_dtvu_steps_1/acc@20 = 0.9000  
2025-02-27 02:40:33.063  
  
2025-02-27 02:40:33.095  
  
2025-02-27 02:40:33.095  [VAL_FINETUNE_DTVU_STEPS_3] epoch_18  
2025-02-27 02:40:33.095  =============================================  
2025-02-27 02:40:33.095  val_finetune_dtvu_steps_3/loss = 2.8527  
2025-02-27 02:40:33.095  val_finetune_dtvu_steps_3/acc@01 = 0.3833  
2025-02-27 02:40:33.095  val_finetune_dtvu_steps_3/acc@05 = 0.7167  
2025-02-27 02:40:33.095  val_finetune_dtvu_steps_3/acc@10 = 0.8000  
2025-02-27 02:40:33.095  val_finetune_dtvu_steps_3/acc@20 = 0.8333  
2025-02-27 02:40:33.095  
  
2025-02-27 02:40:33.380  
  
2025-02-27 02:40:33.380  [TRN] epoch_19  
2025-02-27 02:40:33.380  =============================================  
2025-02-27 02:40:33.380  trn/loss = 2.7990  
2025-02-27 02:40:33.380  trn/acc@01 = 0.3293  
2025-02-27 02:40:33.380  trn/acc@05 = 0.6263  
2025-02-27 02:40:33.380  trn/acc@10 = 0.7354  
2025-02-27 02:40:33.380  trn/acc@20 = 0.8646  
2025-02-27 02:40:33.380  
  
2025-02-27 02:40:33.412  
  
2025-02-27 02:40:33.412  [VAL_FINETUNE_DTVU_STEPS_1] epoch_19  
2025-02-27 02:40:33.412  =============================================  
2025-02-27 02:40:33.428  val_finetune_dtvu_steps_1/loss = 2.6849  
2025-02-27 02:40:33.428  val_finetune_dtvu_steps_1/acc@01 = 0.4000  
2025-02-27 02:40:33.428  val_finetune_dtvu_steps_1/acc@05 = 0.7500  
2025-02-27 02:40:33.428  val_finetune_dtvu_steps_1/acc@10 = 0.8000  
2025-02-27 02:40:33.428  val_finetune_dtvu_steps_1/acc@20 = 0.9000  
2025-02-27 02:40:33.428  
  
2025-02-27 02:40:33.460  
  
2025-02-27 02:40:33.460  [VAL_FINETUNE_DTVU_STEPS_3] epoch_19  
2025-02-27 02:40:33.460  =============================================  
2025-02-27 02:40:33.460  val_finetune_dtvu_steps_3/loss = 2.7989  
2025-02-27 02:40:33.460  val_finetune_dtvu_steps_3/acc@01 = 0.3833  
2025-02-27 02:40:33.460  val_finetune_dtvu_steps_3/acc@05 = 0.7333  
2025-02-27 02:40:33.460  val_finetune_dtvu_steps_3/acc@10 = 0.7833  
2025-02-27 02:40:33.460  val_finetune_dtvu_steps_3/acc@20 = 0.8333  
2025-02-27 02:40:33.460  
  
2025-02-27 02:40:33.746  
  
2025-02-27 02:40:33.746  [TRN] epoch_20  
2025-02-27 02:40:33.746  =============================================  
2025-02-27 02:40:33.762  trn/loss = 2.8652  
2025-02-27 02:40:33.762  trn/acc@01 = 0.2844  
2025-02-27 02:40:33.762  trn/acc@05 = 0.6055  
2025-02-27 02:40:33.762  trn/acc@10 = 0.7413  
2025-02-27 02:40:33.762  trn/acc@20 = 0.8642  
2025-02-27 02:40:33.762  
  
2025-02-27 02:40:33.793  
  
2025-02-27 02:40:33.793  [VAL_FINETUNE_DTVU_STEPS_1] epoch_20  
2025-02-27 02:40:33.793  =============================================  
2025-02-27 02:40:33.793  val_finetune_dtvu_steps_1/loss = 2.7548  
2025-02-27 02:40:33.793  val_finetune_dtvu_steps_1/acc@01 = 0.3500  
2025-02-27 02:40:33.793  val_finetune_dtvu_steps_1/acc@05 = 0.8000  
2025-02-27 02:40:33.793  val_finetune_dtvu_steps_1/acc@10 = 0.8500  
2025-02-27 02:40:33.793  val_finetune_dtvu_steps_1/acc@20 = 0.9000  
2025-02-27 02:40:33.793  
  
2025-02-27 02:40:33.825  
  
2025-02-27 02:40:33.825  [VAL_FINETUNE_DTVU_STEPS_3] epoch_20  
2025-02-27 02:40:33.825  =============================================  
2025-02-27 02:40:33.825  val_finetune_dtvu_steps_3/loss = 2.8088  
2025-02-27 02:40:33.825  val_finetune_dtvu_steps_3/acc@01 = 0.4000  
2025-02-27 02:40:33.825  val_finetune_dtvu_steps_3/acc@05 = 0.7500  
2025-02-27 02:40:33.825  val_finetune_dtvu_steps_3/acc@10 = 0.8000  
2025-02-27 02:40:33.825  val_finetune_dtvu_steps_3/acc@20 = 0.8333  
2025-02-27 02:40:33.825  
  
2025-02-27 02:40:34.112  
  
2025-02-27 02:40:34.112  [TRN] epoch_21  
2025-02-27 02:40:34.112  =============================================  
2025-02-27 02:40:34.112  trn/loss = 2.6798  
2025-02-27 02:40:34.112  trn/acc@01 = 0.3354  
2025-02-27 02:40:34.112  trn/acc@05 = 0.6384  
2025-02-27 02:40:34.112  trn/acc@10 = 0.7434  
2025-02-27 02:40:34.112  trn/acc@20 = 0.8747  
2025-02-27 02:40:34.112  
  
2025-02-27 02:40:34.144  
  
2025-02-27 02:40:34.144  [VAL_FINETUNE_DTVU_STEPS_1] epoch_21  
2025-02-27 02:40:34.144  =============================================  
2025-02-27 02:40:34.144  val_finetune_dtvu_steps_1/loss = 2.6891  
2025-02-27 02:40:34.144  val_finetune_dtvu_steps_1/acc@01 = 0.4500  
2025-02-27 02:40:34.144  val_finetune_dtvu_steps_1/acc@05 = 0.7500  
2025-02-27 02:40:34.144  val_finetune_dtvu_steps_1/acc@10 = 0.8000  
2025-02-27 02:40:34.144  val_finetune_dtvu_steps_1/acc@20 = 0.8500  
2025-02-27 02:40:34.144  
  
2025-02-27 02:40:34.191  
  
2025-02-27 02:40:34.191  [VAL_FINETUNE_DTVU_STEPS_3] epoch_21  
2025-02-27 02:40:34.191  =============================================  
2025-02-27 02:40:34.191  val_finetune_dtvu_steps_3/loss = 2.8371  
2025-02-27 02:40:34.191  val_finetune_dtvu_steps_3/acc@01 = 0.4000  
2025-02-27 02:40:34.191  val_finetune_dtvu_steps_3/acc@05 = 0.7333  
2025-02-27 02:40:34.191  val_finetune_dtvu_steps_3/acc@10 = 0.7833  
2025-02-27 02:40:34.191  val_finetune_dtvu_steps_3/acc@20 = 0.8000  
2025-02-27 02:40:34.191  
  
2025-02-27 02:40:34.492  
  
2025-02-27 02:40:34.492  [TRN] epoch_22  
2025-02-27 02:40:34.492  =============================================  
2025-02-27 02:40:34.492  trn/loss = 2.8248  
2025-02-27 02:40:34.492  trn/acc@01 = 0.3208  
2025-02-27 02:40:34.492  trn/acc@05 = 0.5802  
2025-02-27 02:40:34.492  trn/acc@10 = 0.7228  
2025-02-27 02:40:34.492  trn/acc@20 = 0.8634  
2025-02-27 02:40:34.492  
  
2025-02-27 02:40:34.540  
  
2025-02-27 02:40:34.540  [VAL_FINETUNE_DTVU_STEPS_1] epoch_22  
2025-02-27 02:40:34.540  =============================================  
2025-02-27 02:40:34.540  val_finetune_dtvu_steps_1/loss = 2.7444  
2025-02-27 02:40:34.540  val_finetune_dtvu_steps_1/acc@01 = 0.4500  
2025-02-27 02:40:34.540  val_finetune_dtvu_steps_1/acc@05 = 0.8000  
2025-02-27 02:40:34.540  val_finetune_dtvu_steps_1/acc@10 = 0.8500  
2025-02-27 02:40:34.540  val_finetune_dtvu_steps_1/acc@20 = 0.8500  
2025-02-27 02:40:34.540  
  
2025-02-27 02:40:34.572  
  
2025-02-27 02:40:34.572  [VAL_FINETUNE_DTVU_STEPS_3] epoch_22  
2025-02-27 02:40:34.572  =============================================  
2025-02-27 02:40:34.572  val_finetune_dtvu_steps_3/loss = 2.8561  
2025-02-27 02:40:34.572  val_finetune_dtvu_steps_3/acc@01 = 0.4000  
2025-02-27 02:40:34.572  val_finetune_dtvu_steps_3/acc@05 = 0.7500  
2025-02-27 02:40:34.572  val_finetune_dtvu_steps_3/acc@10 = 0.8000  
2025-02-27 02:40:34.572  val_finetune_dtvu_steps_3/acc@20 = 0.8000  
2025-02-27 02:40:34.572  
  
2025-02-27 02:40:34.874  
  
2025-02-27 02:40:34.874  [TRN] epoch_23  
2025-02-27 02:40:34.874  =============================================  
2025-02-27 02:40:34.874  trn/loss = 2.6108  
2025-02-27 02:40:34.874  trn/acc@01 = 0.3621  
2025-02-27 02:40:34.874  trn/acc@05 = 0.6442  
2025-02-27 02:40:34.874  trn/acc@10 = 0.7832  
2025-02-27 02:40:34.874  trn/acc@20 = 0.8737  
2025-02-27 02:40:34.874  
  
2025-02-27 02:40:34.906  
  
2025-02-27 02:40:34.906  [VAL_FINETUNE_DTVU_STEPS_1] epoch_23  
2025-02-27 02:40:34.906  =============================================  
2025-02-27 02:40:34.906  val_finetune_dtvu_steps_1/loss = 2.6044  
2025-02-27 02:40:34.906  val_finetune_dtvu_steps_1/acc@01 = 0.4000  
2025-02-27 02:40:34.906  val_finetune_dtvu_steps_1/acc@05 = 0.7500  
2025-02-27 02:40:34.906  val_finetune_dtvu_steps_1/acc@10 = 0.8500  
2025-02-27 02:40:34.906  val_finetune_dtvu_steps_1/acc@20 = 0.8500  
2025-02-27 02:40:34.906  
  
2025-02-27 02:40:34.954  
  
2025-02-27 02:40:34.954  [VAL_FINETUNE_DTVU_STEPS_3] epoch_23  
2025-02-27 02:40:34.954  =============================================  
2025-02-27 02:40:34.954  val_finetune_dtvu_steps_3/loss = 2.7588  
2025-02-27 02:40:34.954  val_finetune_dtvu_steps_3/acc@01 = 0.3833  
2025-02-27 02:40:34.954  val_finetune_dtvu_steps_3/acc@05 = 0.7167  
2025-02-27 02:40:34.954  val_finetune_dtvu_steps_3/acc@10 = 0.8000  
2025-02-27 02:40:34.954  val_finetune_dtvu_steps_3/acc@20 = 0.8000  
2025-02-27 02:40:34.954  
  
2025-02-27 02:40:35.235  
  
2025-02-27 02:40:35.235  [TRN] epoch_24  
2025-02-27 02:40:35.235  =============================================  
2025-02-27 02:40:35.235  trn/loss = 2.7752  
2025-02-27 02:40:35.235  trn/acc@01 = 0.3061  
2025-02-27 02:40:35.235  trn/acc@05 = 0.6000  
2025-02-27 02:40:35.235  trn/acc@10 = 0.7224  
2025-02-27 02:40:35.235  trn/acc@20 = 0.8612  
2025-02-27 02:40:35.235  
  
2025-02-27 02:40:35.271  
  
2025-02-27 02:40:35.271  [VAL_FINETUNE_DTVU_STEPS_1] epoch_24  
2025-02-27 02:40:35.271  =============================================  
2025-02-27 02:40:35.271  val_finetune_dtvu_steps_1/loss = 2.5877  
2025-02-27 02:40:35.271  val_finetune_dtvu_steps_1/acc@01 = 0.4500  
2025-02-27 02:40:35.271  val_finetune_dtvu_steps_1/acc@05 = 0.8000  
2025-02-27 02:40:35.271  val_finetune_dtvu_steps_1/acc@10 = 0.8500  
2025-02-27 02:40:35.271  val_finetune_dtvu_steps_1/acc@20 = 0.9000  
2025-02-27 02:40:35.271  
  
2025-02-27 02:40:35.318  
  
2025-02-27 02:40:35.318  [VAL_FINETUNE_DTVU_STEPS_3] epoch_24  
2025-02-27 02:40:35.318  =============================================  
2025-02-27 02:40:35.318  val_finetune_dtvu_steps_3/loss = 2.8457  
2025-02-27 02:40:35.318  val_finetune_dtvu_steps_3/acc@01 = 0.3000  
2025-02-27 02:40:35.318  val_finetune_dtvu_steps_3/acc@05 = 0.7833  
2025-02-27 02:40:35.318  val_finetune_dtvu_steps_3/acc@10 = 0.8000  
2025-02-27 02:40:35.318  val_finetune_dtvu_steps_3/acc@20 = 0.8333  
2025-02-27 02:40:35.318  
  
2025-02-27 02:40:35.604  
  
2025-02-27 02:40:35.604  [TRN] epoch_25  
2025-02-27 02:40:35.604  =============================================  
2025-02-27 02:40:35.604  trn/loss = 2.5977  
2025-02-27 02:40:35.604  trn/acc@01 = 0.3477  
2025-02-27 02:40:35.620  trn/acc@05 = 0.6467  
2025-02-27 02:40:35.620  trn/acc@10 = 0.7701  
2025-02-27 02:40:35.620  trn/acc@20 = 0.8636  
2025-02-27 02:40:35.620  
  
2025-02-27 02:40:35.652  
  
2025-02-27 02:40:35.652  [VAL_FINETUNE_DTVU_STEPS_1] epoch_25  
2025-02-27 02:40:35.652  =============================================  
2025-02-27 02:40:35.652  val_finetune_dtvu_steps_1/loss = 2.6407  
2025-02-27 02:40:35.652  val_finetune_dtvu_steps_1/acc@01 = 0.4500  
2025-02-27 02:40:35.652  val_finetune_dtvu_steps_1/acc@05 = 0.7500  
2025-02-27 02:40:35.652  val_finetune_dtvu_steps_1/acc@10 = 0.8500  
2025-02-27 02:40:35.652  val_finetune_dtvu_steps_1/acc@20 = 0.9000  
2025-02-27 02:40:35.652  
  
2025-02-27 02:40:35.684  
  
2025-02-27 02:40:35.684  [VAL_FINETUNE_DTVU_STEPS_3] epoch_25  
2025-02-27 02:40:35.684  =============================================  
2025-02-27 02:40:35.684  val_finetune_dtvu_steps_3/loss = 2.8324  
2025-02-27 02:40:35.684  val_finetune_dtvu_steps_3/acc@01 = 0.3667  
2025-02-27 02:40:35.684  val_finetune_dtvu_steps_3/acc@05 = 0.7167  
2025-02-27 02:40:35.684  val_finetune_dtvu_steps_3/acc@10 = 0.8000  
2025-02-27 02:40:35.684  val_finetune_dtvu_steps_3/acc@20 = 0.8333  
2025-02-27 02:40:35.684  
  
2025-02-27 02:40:35.986  
  
2025-02-27 02:40:35.986  [TRN] epoch_26  
2025-02-27 02:40:35.986  =============================================  
2025-02-27 02:40:35.986  trn/loss = 2.6867  
2025-02-27 02:40:35.986  trn/acc@01 = 0.3155  
2025-02-27 02:40:35.986  trn/acc@05 = 0.6041  
2025-02-27 02:40:35.986  trn/acc@10 = 0.7196  
2025-02-27 02:40:35.986  trn/acc@20 = 0.8701  
2025-02-27 02:40:35.986  
  
2025-02-27 02:40:36.018  
  
2025-02-27 02:40:36.018  [VAL_FINETUNE_DTVU_STEPS_1] epoch_26  
2025-02-27 02:40:36.018  =============================================  
2025-02-27 02:40:36.018  val_finetune_dtvu_steps_1/loss = 2.7382  
2025-02-27 02:40:36.018  val_finetune_dtvu_steps_1/acc@01 = 0.4000  
2025-02-27 02:40:36.034  val_finetune_dtvu_steps_1/acc@05 = 0.6500  
2025-02-27 02:40:36.034  val_finetune_dtvu_steps_1/acc@10 = 0.9000  
2025-02-27 02:40:36.034  val_finetune_dtvu_steps_1/acc@20 = 0.9000  
2025-02-27 02:40:36.034  
  
2025-02-27 02:40:36.065  
  
2025-02-27 02:40:36.065  [VAL_FINETUNE_DTVU_STEPS_3] epoch_26  
2025-02-27 02:40:36.065  =============================================  
2025-02-27 02:40:36.065  val_finetune_dtvu_steps_3/loss = 2.8449  
2025-02-27 02:40:36.065  val_finetune_dtvu_steps_3/acc@01 = 0.3833  
2025-02-27 02:40:36.065  val_finetune_dtvu_steps_3/acc@05 = 0.6833  
2025-02-27 02:40:36.065  val_finetune_dtvu_steps_3/acc@10 = 0.8333  
2025-02-27 02:40:36.065  val_finetune_dtvu_steps_3/acc@20 = 0.8333  
2025-02-27 02:40:36.065  
  
2025-02-27 02:40:36.366  
  
2025-02-27 02:40:36.366  [TRN] epoch_27  
2025-02-27 02:40:36.366  =============================================  
2025-02-27 02:40:36.366  trn/loss = 2.7261  
2025-02-27 02:40:36.366  trn/acc@01 = 0.3063  
2025-02-27 02:40:36.366  trn/acc@05 = 0.5982  
2025-02-27 02:40:36.366  trn/acc@10 = 0.7495  
2025-02-27 02:40:36.382  trn/acc@20 = 0.8667  
2025-02-27 02:40:36.382  
  
2025-02-27 02:40:36.414  
  
2025-02-27 02:40:36.414  [VAL_FINETUNE_DTVU_STEPS_1] epoch_27  
2025-02-27 02:40:36.414  =============================================  
2025-02-27 02:40:36.414  val_finetune_dtvu_steps_1/loss = 2.7420  
2025-02-27 02:40:36.414  val_finetune_dtvu_steps_1/acc@01 = 0.3500  
2025-02-27 02:40:36.414  val_finetune_dtvu_steps_1/acc@05 = 0.7500  
2025-02-27 02:40:36.414  val_finetune_dtvu_steps_1/acc@10 = 0.8500  
2025-02-27 02:40:36.414  val_finetune_dtvu_steps_1/acc@20 = 0.9000  
2025-02-27 02:40:36.414  
  
2025-02-27 02:40:36.446  
  
2025-02-27 02:40:36.446  [VAL_FINETUNE_DTVU_STEPS_3] epoch_27  
2025-02-27 02:40:36.446  =============================================  
2025-02-27 02:40:36.446  val_finetune_dtvu_steps_3/loss = 2.8829  
2025-02-27 02:40:36.446  val_finetune_dtvu_steps_3/acc@01 = 0.3500  
2025-02-27 02:40:36.446  val_finetune_dtvu_steps_3/acc@05 = 0.7667  
2025-02-27 02:40:36.446  val_finetune_dtvu_steps_3/acc@10 = 0.8000  
2025-02-27 02:40:36.446  val_finetune_dtvu_steps_3/acc@20 = 0.8333  
2025-02-27 02:40:36.446  
  
2025-02-27 02:40:36.731  
  
2025-02-27 02:40:36.731  [TRN] epoch_28  
2025-02-27 02:40:36.731  =============================================  
2025-02-27 02:40:36.731  trn/loss = 2.6868  
2025-02-27 02:40:36.747  trn/acc@01 = 0.3398  
2025-02-27 02:40:36.747  trn/acc@05 = 0.6408  
2025-02-27 02:40:36.747  trn/acc@10 = 0.7689  
2025-02-27 02:40:36.747  trn/acc@20 = 0.8718  
2025-02-27 02:40:36.747  
  
2025-02-27 02:40:36.779  
  
2025-02-27 02:40:36.779  [VAL_FINETUNE_DTVU_STEPS_1] epoch_28  
2025-02-27 02:40:36.779  =============================================  
2025-02-27 02:40:36.779  val_finetune_dtvu_steps_1/loss = 2.7692  
2025-02-27 02:40:36.779  val_finetune_dtvu_steps_1/acc@01 = 0.3500  
2025-02-27 02:40:36.779  val_finetune_dtvu_steps_1/acc@05 = 0.7500  
2025-02-27 02:40:36.779  val_finetune_dtvu_steps_1/acc@10 = 0.8500  
2025-02-27 02:40:36.779  val_finetune_dtvu_steps_1/acc@20 = 0.9000  
2025-02-27 02:40:36.779  
  
2025-02-27 02:40:36.810  
  
2025-02-27 02:40:36.810  [VAL_FINETUNE_DTVU_STEPS_3] epoch_28  
2025-02-27 02:40:36.810  =============================================  
2025-02-27 02:40:36.810  val_finetune_dtvu_steps_3/loss = 2.9432  
2025-02-27 02:40:36.810  val_finetune_dtvu_steps_3/acc@01 = 0.3167  
2025-02-27 02:40:36.810  val_finetune_dtvu_steps_3/acc@05 = 0.7333  
2025-02-27 02:40:36.810  val_finetune_dtvu_steps_3/acc@10 = 0.8000  
2025-02-27 02:40:36.810  val_finetune_dtvu_steps_3/acc@20 = 0.8333  
2025-02-27 02:40:36.810  
  
2025-02-27 02:40:37.095  
  
2025-02-27 02:40:37.095  [TRN] epoch_29  
2025-02-27 02:40:37.095  =============================================  
2025-02-27 02:40:37.095  trn/loss = 2.5258  
2025-02-27 02:40:37.095  trn/acc@01 = 0.3626  
2025-02-27 02:40:37.095  trn/acc@05 = 0.6571  
2025-02-27 02:40:37.095  trn/acc@10 = 0.7714  
2025-02-27 02:40:37.095  trn/acc@20 = 0.8835  
2025-02-27 02:40:37.095  
  
2025-02-27 02:40:37.127  
  
2025-02-27 02:40:37.127  [VAL_FINETUNE_DTVU_STEPS_1] epoch_29  
2025-02-27 02:40:37.127  =============================================  
2025-02-27 02:40:37.127  val_finetune_dtvu_steps_1/loss = 2.8046  
2025-02-27 02:40:37.127  val_finetune_dtvu_steps_1/acc@01 = 0.4500  
2025-02-27 02:40:37.127  val_finetune_dtvu_steps_1/acc@05 = 0.7500  
2025-02-27 02:40:37.127  val_finetune_dtvu_steps_1/acc@10 = 0.8000  
2025-02-27 02:40:37.127  val_finetune_dtvu_steps_1/acc@20 = 0.9000  
2025-02-27 02:40:37.127  
  
2025-02-27 02:40:37.175  
  
2025-02-27 02:40:37.175  [VAL_FINETUNE_DTVU_STEPS_3] epoch_29  
2025-02-27 02:40:37.175  =============================================  
2025-02-27 02:40:37.175  val_finetune_dtvu_steps_3/loss = 2.9900  
2025-02-27 02:40:37.175  val_finetune_dtvu_steps_3/acc@01 = 0.4167  
2025-02-27 02:40:37.175  val_finetune_dtvu_steps_3/acc@05 = 0.7500  
2025-02-27 02:40:37.175  val_finetune_dtvu_steps_3/acc@10 = 0.7833  
2025-02-27 02:40:37.175  val_finetune_dtvu_steps_3/acc@20 = 0.8500  
2025-02-27 02:40:37.175  
  
2025-02-27 02:40:37.446  
  
2025-02-27 02:40:37.446  [TRN] epoch_30  
2025-02-27 02:40:37.446  =============================================  
2025-02-27 02:40:37.446  trn/loss = 2.5885  
2025-02-27 02:40:37.461  trn/acc@01 = 0.3434  
2025-02-27 02:40:37.461  trn/acc@05 = 0.6364  
2025-02-27 02:40:37.461  trn/acc@10 = 0.7434  
2025-02-27 02:40:37.461  trn/acc@20 = 0.8687  
2025-02-27 02:40:37.461  
  
2025-02-27 02:40:37.493  
  
2025-02-27 02:40:37.493  [VAL_FINETUNE_DTVU_STEPS_1] epoch_30  
2025-02-27 02:40:37.493  =============================================  
2025-02-27 02:40:37.493  val_finetune_dtvu_steps_1/loss = 2.8144  
2025-02-27 02:40:37.493  val_finetune_dtvu_steps_1/acc@01 = 0.3500  
2025-02-27 02:40:37.493  val_finetune_dtvu_steps_1/acc@05 = 0.7500  
2025-02-27 02:40:37.493  val_finetune_dtvu_steps_1/acc@10 = 0.8000  
2025-02-27 02:40:37.493  val_finetune_dtvu_steps_1/acc@20 = 0.9000  
2025-02-27 02:40:37.493  
  
2025-02-27 02:40:37.525  
  
2025-02-27 02:40:37.525  [VAL_FINETUNE_DTVU_STEPS_3] epoch_30  
2025-02-27 02:40:37.525  =============================================  
2025-02-27 02:40:37.525  val_finetune_dtvu_steps_3/loss = 2.9890  
2025-02-27 02:40:37.525  val_finetune_dtvu_steps_3/acc@01 = 0.3000  
2025-02-27 02:40:37.525  val_finetune_dtvu_steps_3/acc@05 = 0.7500  
2025-02-27 02:40:37.525  val_finetune_dtvu_steps_3/acc@10 = 0.7833  
2025-02-27 02:40:37.525  val_finetune_dtvu_steps_3/acc@20 = 0.8500  
2025-02-27 02:40:37.525  
  
2025-02-27 02:40:37.810  
  
2025-02-27 02:40:37.810  [TRN] epoch_31  
2025-02-27 02:40:37.810  =============================================  
2025-02-27 02:40:37.810  trn/loss = 2.5716  
2025-02-27 02:40:37.810  trn/acc@01 = 0.3443  
2025-02-27 02:40:37.810  trn/acc@05 = 0.6433  
2025-02-27 02:40:37.810  trn/acc@10 = 0.7526  
2025-02-27 02:40:37.810  trn/acc@20 = 0.8866  
2025-02-27 02:40:37.810  
  
2025-02-27 02:40:37.857  
  
2025-02-27 02:40:37.857  [VAL_FINETUNE_DTVU_STEPS_1] epoch_31  
2025-02-27 02:40:37.857  =============================================  
2025-02-27 02:40:37.857  val_finetune_dtvu_steps_1/loss = 2.8328  
2025-02-27 02:40:37.857  val_finetune_dtvu_steps_1/acc@01 = 0.3500  
2025-02-27 02:40:37.857  val_finetune_dtvu_steps_1/acc@05 = 0.7500  
2025-02-27 02:40:37.857  val_finetune_dtvu_steps_1/acc@10 = 0.8500  
2025-02-27 02:40:37.857  val_finetune_dtvu_steps_1/acc@20 = 0.9000  
2025-02-27 02:40:37.857  
  
2025-02-27 02:40:37.905  
  
2025-02-27 02:40:37.905  [VAL_FINETUNE_DTVU_STEPS_3] epoch_31  
2025-02-27 02:40:37.905  =============================================  
2025-02-27 02:40:37.905  val_finetune_dtvu_steps_3/loss = 3.0205  
2025-02-27 02:40:37.905  val_finetune_dtvu_steps_3/acc@01 = 0.3333  
2025-02-27 02:40:37.905  val_finetune_dtvu_steps_3/acc@05 = 0.7167  
2025-02-27 02:40:37.905  val_finetune_dtvu_steps_3/acc@10 = 0.8000  
2025-02-27 02:40:37.905  val_finetune_dtvu_steps_3/acc@20 = 0.8333  
2025-02-27 02:40:37.905  
  
2025-02-27 02:40:38.207  
  
2025-02-27 02:40:38.207  [TRN] epoch_32  
2025-02-27 02:40:38.207  =============================================  
2025-02-27 02:40:38.207  trn/loss = 2.5167  
2025-02-27 02:40:38.207  trn/acc@01 = 0.3453  
2025-02-27 02:40:38.207  trn/acc@05 = 0.6660  
2025-02-27 02:40:38.207  trn/acc@10 = 0.7849  
2025-02-27 02:40:38.207  trn/acc@20 = 0.8887  
2025-02-27 02:40:38.207  
  
2025-02-27 02:40:38.239  
  
2025-02-27 02:40:38.239  [VAL_FINETUNE_DTVU_STEPS_1] epoch_32  
2025-02-27 02:40:38.239  =============================================  
2025-02-27 02:40:38.239  val_finetune_dtvu_steps_1/loss = 2.8032  
2025-02-27 02:40:38.239  val_finetune_dtvu_steps_1/acc@01 = 0.4000  
2025-02-27 02:40:38.239  val_finetune_dtvu_steps_1/acc@05 = 0.7500  
2025-02-27 02:40:38.239  val_finetune_dtvu_steps_1/acc@10 = 0.7500  
2025-02-27 02:40:38.239  val_finetune_dtvu_steps_1/acc@20 = 0.9000  
2025-02-27 02:40:38.239  
  
2025-02-27 02:40:38.271  
  
2025-02-27 02:40:38.271  [VAL_FINETUNE_DTVU_STEPS_3] epoch_32  
2025-02-27 02:40:38.271  =============================================  
2025-02-27 02:40:38.271  val_finetune_dtvu_steps_3/loss = 3.0684  
2025-02-27 02:40:38.271  val_finetune_dtvu_steps_3/acc@01 = 0.3667  
2025-02-27 02:40:38.271  val_finetune_dtvu_steps_3/acc@05 = 0.7000  
2025-02-27 02:40:38.271  val_finetune_dtvu_steps_3/acc@10 = 0.7500  
2025-02-27 02:40:38.271  val_finetune_dtvu_steps_3/acc@20 = 0.8167  
2025-02-27 02:40:38.271  
  
2025-02-27 02:40:38.557  
  
2025-02-27 02:40:38.557  [TRN] epoch_33  
2025-02-27 02:40:38.557  =============================================  
2025-02-27 02:40:38.557  trn/loss = 2.4434  
2025-02-27 02:40:38.557  trn/acc@01 = 0.3802  
2025-02-27 02:40:38.573  trn/acc@05 = 0.6713  
2025-02-27 02:40:38.573  trn/acc@10 = 0.7960  
2025-02-27 02:40:38.573  trn/acc@20 = 0.8931  
2025-02-27 02:40:38.573  
  
2025-02-27 02:40:38.605  
  
2025-02-27 02:40:38.605  [VAL_FINETUNE_DTVU_STEPS_1] epoch_33  
2025-02-27 02:40:38.605  =============================================  
2025-02-27 02:40:38.605  val_finetune_dtvu_steps_1/loss = 2.8343  
2025-02-27 02:40:38.605  val_finetune_dtvu_steps_1/acc@01 = 0.3500  
2025-02-27 02:40:38.605  val_finetune_dtvu_steps_1/acc@05 = 0.6500  
2025-02-27 02:40:38.605  val_finetune_dtvu_steps_1/acc@10 = 0.8000  
2025-02-27 02:40:38.605  val_finetune_dtvu_steps_1/acc@20 = 0.9000  
2025-02-27 02:40:38.605  
  
2025-02-27 02:40:38.637  
  
2025-02-27 02:40:38.637  [VAL_FINETUNE_DTVU_STEPS_3] epoch_33  
2025-02-27 02:40:38.637  =============================================  
2025-02-27 02:40:38.637  val_finetune_dtvu_steps_3/loss = 2.9684  
2025-02-27 02:40:38.637  val_finetune_dtvu_steps_3/acc@01 = 0.3333  
2025-02-27 02:40:38.637  val_finetune_dtvu_steps_3/acc@05 = 0.6667  
2025-02-27 02:40:38.637  val_finetune_dtvu_steps_3/acc@10 = 0.7833  
2025-02-27 02:40:38.637  val_finetune_dtvu_steps_3/acc@20 = 0.8333  
2025-02-27 02:40:38.637  
  
2025-02-27 02:40:38.939  
  
2025-02-27 02:40:38.939  [TRN] epoch_34  
2025-02-27 02:40:38.939  =============================================  
2025-02-27 02:40:38.939  trn/loss = 2.5537  
2025-02-27 02:40:38.939  trn/acc@01 = 0.3474  
2025-02-27 02:40:38.939  trn/acc@05 = 0.6589  
2025-02-27 02:40:38.939  trn/acc@10 = 0.7853  
2025-02-27 02:40:38.939  trn/acc@20 = 0.8779  
2025-02-27 02:40:38.939  
  
2025-02-27 02:40:38.988  
  
2025-02-27 02:40:38.988  [VAL_FINETUNE_DTVU_STEPS_1] epoch_34  
2025-02-27 02:40:38.988  =============================================  
2025-02-27 02:40:38.988  val_finetune_dtvu_steps_1/loss = 2.8911  
2025-02-27 02:40:38.988  val_finetune_dtvu_steps_1/acc@01 = 0.3500  
2025-02-27 02:40:38.988  val_finetune_dtvu_steps_1/acc@05 = 0.6000  
2025-02-27 02:40:38.988  val_finetune_dtvu_steps_1/acc@10 = 0.7500  
2025-02-27 02:40:38.988  val_finetune_dtvu_steps_1/acc@20 = 0.8500  
2025-02-27 02:40:38.988  
  
2025-02-27 02:40:39.018  
  
2025-02-27 02:40:39.018  [VAL_FINETUNE_DTVU_STEPS_3] epoch_34  
2025-02-27 02:40:39.018  =============================================  
2025-02-27 02:40:39.018  val_finetune_dtvu_steps_3/loss = 3.0284  
2025-02-27 02:40:39.018  val_finetune_dtvu_steps_3/acc@01 = 0.3167  
2025-02-27 02:40:39.018  val_finetune_dtvu_steps_3/acc@05 = 0.6167  
2025-02-27 02:40:39.018  val_finetune_dtvu_steps_3/acc@10 = 0.7333  
2025-02-27 02:40:39.018  val_finetune_dtvu_steps_3/acc@20 = 0.8333  
2025-02-27 02:40:39.018  
  
2025-02-27 02:40:39.304  
  
2025-02-27 02:40:39.304  [TRN] epoch_35  
2025-02-27 02:40:39.304  =============================================  
2025-02-27 02:40:39.304  trn/loss = 2.4660  
2025-02-27 02:40:39.304  trn/acc@01 = 0.3762  
2025-02-27 02:40:39.304  trn/acc@05 = 0.6752  
2025-02-27 02:40:39.304  trn/acc@10 = 0.7980  
2025-02-27 02:40:39.304  trn/acc@20 = 0.8891  
2025-02-27 02:40:39.304  
  
2025-02-27 02:40:39.352  
  
2025-02-27 02:40:39.352  [VAL_FINETUNE_DTVU_STEPS_1] epoch_35  
2025-02-27 02:40:39.352  =============================================  
2025-02-27 02:40:39.352  val_finetune_dtvu_steps_1/loss = 2.9119  
2025-02-27 02:40:39.352  val_finetune_dtvu_steps_1/acc@01 = 0.3500  
2025-02-27 02:40:39.352  val_finetune_dtvu_steps_1/acc@05 = 0.6000  
2025-02-27 02:40:39.352  val_finetune_dtvu_steps_1/acc@10 = 0.7500  
2025-02-27 02:40:39.352  val_finetune_dtvu_steps_1/acc@20 = 0.8500  
2025-02-27 02:40:39.352  
  
2025-02-27 02:40:39.388  
  
2025-02-27 02:40:39.388  [VAL_FINETUNE_DTVU_STEPS_3] epoch_35  
2025-02-27 02:40:39.388  =============================================  
2025-02-27 02:40:39.388  val_finetune_dtvu_steps_3/loss = 3.0316  
2025-02-27 02:40:39.388  val_finetune_dtvu_steps_3/acc@01 = 0.3333  
2025-02-27 02:40:39.388  val_finetune_dtvu_steps_3/acc@05 = 0.6500  
2025-02-27 02:40:39.388  val_finetune_dtvu_steps_3/acc@10 = 0.7167  
2025-02-27 02:40:39.388  val_finetune_dtvu_steps_3/acc@20 = 0.8167  
2025-02-27 02:40:39.388  
  
2025-02-27 02:40:39.689  
  
2025-02-27 02:40:39.689  [TRN] epoch_36  
2025-02-27 02:40:39.689  =============================================  
2025-02-27 02:40:39.689  trn/loss = 2.4128  
2025-02-27 02:40:39.689  trn/acc@01 = 0.3467  
2025-02-27 02:40:39.689  trn/acc@05 = 0.6762  
2025-02-27 02:40:39.689  trn/acc@10 = 0.7886  
2025-02-27 02:40:39.689  trn/acc@20 = 0.9162  
2025-02-27 02:40:39.689  
  
2025-02-27 02:40:39.733  
  
2025-02-27 02:40:39.733  [VAL_FINETUNE_DTVU_STEPS_1] epoch_36  
2025-02-27 02:40:39.733  =============================================  
2025-02-27 02:40:39.733  val_finetune_dtvu_steps_1/loss = 2.8518  
2025-02-27 02:40:39.733  val_finetune_dtvu_steps_1/acc@01 = 0.3500  
2025-02-27 02:40:39.733  val_finetune_dtvu_steps_1/acc@05 = 0.6500  
2025-02-27 02:40:39.733  val_finetune_dtvu_steps_1/acc@10 = 0.8000  
2025-02-27 02:40:39.733  val_finetune_dtvu_steps_1/acc@20 = 0.8500  
2025-02-27 02:40:39.733  
  
2025-02-27 02:40:39.765  
  
2025-02-27 02:40:39.765  [VAL_FINETUNE_DTVU_STEPS_3] epoch_36  
2025-02-27 02:40:39.765  =============================================  
2025-02-27 02:40:39.765  val_finetune_dtvu_steps_3/loss = 2.9864  
2025-02-27 02:40:39.765  val_finetune_dtvu_steps_3/acc@01 = 0.2833  
2025-02-27 02:40:39.765  val_finetune_dtvu_steps_3/acc@05 = 0.6667  
2025-02-27 02:40:39.765  val_finetune_dtvu_steps_3/acc@10 = 0.7500  
2025-02-27 02:40:39.765  val_finetune_dtvu_steps_3/acc@20 = 0.8333  
2025-02-27 02:40:39.765  
  
2025-02-27 02:40:40.067  
  
2025-02-27 02:40:40.067  [TRN] epoch_37  
2025-02-27 02:40:40.067  =============================================  
2025-02-27 02:40:40.067  trn/loss = 2.4472  
2025-02-27 02:40:40.067  trn/acc@01 = 0.3851  
2025-02-27 02:40:40.067  trn/acc@05 = 0.6574  
2025-02-27 02:40:40.067  trn/acc@10 = 0.7638  
2025-02-27 02:40:40.067  trn/acc@20 = 0.9106  
2025-02-27 02:40:40.067  
  
2025-02-27 02:40:40.098  
  
2025-02-27 02:40:40.098  [VAL_FINETUNE_DTVU_STEPS_1] epoch_37  
2025-02-27 02:40:40.098  =============================================  
2025-02-27 02:40:40.098  val_finetune_dtvu_steps_1/loss = 2.8533  
2025-02-27 02:40:40.098  val_finetune_dtvu_steps_1/acc@01 = 0.3500  
2025-02-27 02:40:40.098  val_finetune_dtvu_steps_1/acc@05 = 0.6500  
2025-02-27 02:40:40.098  val_finetune_dtvu_steps_1/acc@10 = 0.8000  
2025-02-27 02:40:40.098  val_finetune_dtvu_steps_1/acc@20 = 0.8500  
2025-02-27 02:40:40.098  
  
2025-02-27 02:40:40.130  
  
2025-02-27 02:40:40.130  [VAL_FINETUNE_DTVU_STEPS_3] epoch_37  
2025-02-27 02:40:40.147  =============================================  
2025-02-27 02:40:40.147  val_finetune_dtvu_steps_3/loss = 2.9190  
2025-02-27 02:40:40.147  val_finetune_dtvu_steps_3/acc@01 = 0.3667  
2025-02-27 02:40:40.147  val_finetune_dtvu_steps_3/acc@05 = 0.6333  
2025-02-27 02:40:40.147  val_finetune_dtvu_steps_3/acc@10 = 0.7333  
2025-02-27 02:40:40.147  val_finetune_dtvu_steps_3/acc@20 = 0.8333  
2025-02-27 02:40:40.147  
  
2025-02-27 02:40:40.448  
  
2025-02-27 02:40:40.448  [TRN] epoch_38  
2025-02-27 02:40:40.448  =============================================  
2025-02-27 02:40:40.448  trn/loss = 2.4176  
2025-02-27 02:40:40.448  trn/acc@01 = 0.3396  
2025-02-27 02:40:40.448  trn/acc@05 = 0.7000  
2025-02-27 02:40:40.448  trn/acc@10 = 0.8229  
2025-02-27 02:40:40.448  trn/acc@20 = 0.9187  
2025-02-27 02:40:40.448  
  
2025-02-27 02:40:40.495  
  
2025-02-27 02:40:40.495  [VAL_FINETUNE_DTVU_STEPS_1] epoch_38  
2025-02-27 02:40:40.495  =============================================  
2025-02-27 02:40:40.495  val_finetune_dtvu_steps_1/loss = 2.7574  
2025-02-27 02:40:40.495  val_finetune_dtvu_steps_1/acc@01 = 0.3500  
2025-02-27 02:40:40.495  val_finetune_dtvu_steps_1/acc@05 = 0.6500  
2025-02-27 02:40:40.495  val_finetune_dtvu_steps_1/acc@10 = 0.8000  
2025-02-27 02:40:40.495  val_finetune_dtvu_steps_1/acc@20 = 0.8500  
2025-02-27 02:40:40.495  
  
2025-02-27 02:40:40.527  
  
2025-02-27 02:40:40.527  [VAL_FINETUNE_DTVU_STEPS_3] epoch_38  
2025-02-27 02:40:40.527  =============================================  
2025-02-27 02:40:40.527  val_finetune_dtvu_steps_3/loss = 2.9065  
2025-02-27 02:40:40.527  val_finetune_dtvu_steps_3/acc@01 = 0.3500  
2025-02-27 02:40:40.527  val_finetune_dtvu_steps_3/acc@05 = 0.6500  
2025-02-27 02:40:40.527  val_finetune_dtvu_steps_3/acc@10 = 0.7500  
2025-02-27 02:40:40.527  val_finetune_dtvu_steps_3/acc@20 = 0.8000  
2025-02-27 02:40:40.527  
  
2025-02-27 02:40:40.843  
  
2025-02-27 02:40:40.843  [TRN] epoch_39  
2025-02-27 02:40:40.843  =============================================  
2025-02-27 02:40:40.843  trn/loss = 2.2065  
2025-02-27 02:40:40.843  trn/acc@01 = 0.4366  
2025-02-27 02:40:40.843  trn/acc@05 = 0.7441  
2025-02-27 02:40:40.843  trn/acc@10 = 0.8280  
2025-02-27 02:40:40.843  trn/acc@20 = 0.9032  
2025-02-27 02:40:40.843  
  
2025-02-27 02:40:40.874  
  
2025-02-27 02:40:40.874  [VAL_FINETUNE_DTVU_STEPS_1] epoch_39  
2025-02-27 02:40:40.874  =============================================  
2025-02-27 02:40:40.874  val_finetune_dtvu_steps_1/loss = 2.8236  
2025-02-27 02:40:40.874  val_finetune_dtvu_steps_1/acc@01 = 0.4000  
2025-02-27 02:40:40.874  val_finetune_dtvu_steps_1/acc@05 = 0.7000  
2025-02-27 02:40:40.874  val_finetune_dtvu_steps_1/acc@10 = 0.8000  
2025-02-27 02:40:40.874  val_finetune_dtvu_steps_1/acc@20 = 0.8000  
2025-02-27 02:40:40.874  
  
2025-02-27 02:40:40.905  
  
2025-02-27 02:40:40.905  [VAL_FINETUNE_DTVU_STEPS_3] epoch_39  
2025-02-27 02:40:40.905  =============================================  
2025-02-27 02:40:40.905  val_finetune_dtvu_steps_3/loss = 2.7883  
2025-02-27 02:40:40.905  val_finetune_dtvu_steps_3/acc@01 = 0.4167  
2025-02-27 02:40:40.905  val_finetune_dtvu_steps_3/acc@05 = 0.7167  
2025-02-27 02:40:40.905  val_finetune_dtvu_steps_3/acc@10 = 0.8167  
2025-02-27 02:40:40.921  val_finetune_dtvu_steps_3/acc@20 = 0.8167  
2025-02-27 02:40:40.921  
  
2025-02-27 02:40:41.252  
  
2025-02-27 02:40:41.252  [TRN] epoch_40  
2025-02-27 02:40:41.252  =============================================  
2025-02-27 02:40:41.252  trn/loss = 2.2619  
2025-02-27 02:40:41.252  trn/acc@01 = 0.3920  
2025-02-27 02:40:41.252  trn/acc@05 = 0.7220  
2025-02-27 02:40:41.252  trn/acc@10 = 0.8340  
2025-02-27 02:40:41.252  trn/acc@20 = 0.9180  
2025-02-27 02:40:41.252  
  
2025-02-27 02:40:41.299  
  
2025-02-27 02:40:41.299  [VAL_FINETUNE_DTVU_STEPS_1] epoch_40  
2025-02-27 02:40:41.299  =============================================  
2025-02-27 02:40:41.299  val_finetune_dtvu_steps_1/loss = 2.9367  
2025-02-27 02:40:41.299  val_finetune_dtvu_steps_1/acc@01 = 0.3000  
2025-02-27 02:40:41.299  val_finetune_dtvu_steps_1/acc@05 = 0.6000  
2025-02-27 02:40:41.299  val_finetune_dtvu_steps_1/acc@10 = 0.7500  
2025-02-27 02:40:41.299  val_finetune_dtvu_steps_1/acc@20 = 0.7500  
2025-02-27 02:40:41.299  
  
2025-02-27 02:40:41.330  
  
2025-02-27 02:40:41.330  [VAL_FINETUNE_DTVU_STEPS_3] epoch_40  
2025-02-27 02:40:41.330  =============================================  
2025-02-27 02:40:41.330  val_finetune_dtvu_steps_3/loss = 2.9523  
2025-02-27 02:40:41.330  val_finetune_dtvu_steps_3/acc@01 = 0.3333  
2025-02-27 02:40:41.330  val_finetune_dtvu_steps_3/acc@05 = 0.6333  
2025-02-27 02:40:41.330  val_finetune_dtvu_steps_3/acc@10 = 0.7333  
2025-02-27 02:40:41.330  val_finetune_dtvu_steps_3/acc@20 = 0.8167  
2025-02-27 02:40:41.330  
  
2025-02-27 02:40:41.660  
  
2025-02-27 02:40:41.660  [TRN] epoch_41  
2025-02-27 02:40:41.660  =============================================  
2025-02-27 02:40:41.660  trn/loss = 2.3598  
2025-02-27 02:40:41.660  trn/acc@01 = 0.3790  
2025-02-27 02:40:41.660  trn/acc@05 = 0.6781  
2025-02-27 02:40:41.660  trn/acc@10 = 0.8095  
2025-02-27 02:40:41.660  trn/acc@20 = 0.9200  
2025-02-27 02:40:41.660  
  
2025-02-27 02:40:41.707  
  
2025-02-27 02:40:41.707  [VAL_FINETUNE_DTVU_STEPS_1] epoch_41  
2025-02-27 02:40:41.707  =============================================  
2025-02-27 02:40:41.707  val_finetune_dtvu_steps_1/loss = 3.0500  
2025-02-27 02:40:41.707  val_finetune_dtvu_steps_1/acc@01 = 0.3500  
2025-02-27 02:40:41.707  val_finetune_dtvu_steps_1/acc@05 = 0.6000  
2025-02-27 02:40:41.707  val_finetune_dtvu_steps_1/acc@10 = 0.7500  
2025-02-27 02:40:41.707  val_finetune_dtvu_steps_1/acc@20 = 0.8500  
2025-02-27 02:40:41.707  
  
2025-02-27 02:40:41.754  
  
2025-02-27 02:40:41.754  [VAL_FINETUNE_DTVU_STEPS_3] epoch_41  
2025-02-27 02:40:41.754  =============================================  
2025-02-27 02:40:41.754  val_finetune_dtvu_steps_3/loss = 3.0960  
2025-02-27 02:40:41.754  val_finetune_dtvu_steps_3/acc@01 = 0.3167  
2025-02-27 02:40:41.754  val_finetune_dtvu_steps_3/acc@05 = 0.6500  
2025-02-27 02:40:41.754  val_finetune_dtvu_steps_3/acc@10 = 0.7333  
2025-02-27 02:40:41.754  val_finetune_dtvu_steps_3/acc@20 = 0.8500  
2025-02-27 02:40:41.754  
  
2025-02-27 02:40:42.062  
  
2025-02-27 02:40:42.062  [TRN] epoch_42  
2025-02-27 02:40:42.062  =============================================  
2025-02-27 02:40:42.062  trn/loss = 2.2645  
2025-02-27 02:40:42.062  trn/acc@01 = 0.3758  
2025-02-27 02:40:42.062  trn/acc@05 = 0.7192  
2025-02-27 02:40:42.062  trn/acc@10 = 0.8404  
2025-02-27 02:40:42.062  trn/acc@20 = 0.9273  
2025-02-27 02:40:42.062  
  
2025-02-27 02:40:42.099  
  
2025-02-27 02:40:42.099  [VAL_FINETUNE_DTVU_STEPS_1] epoch_42  
2025-02-27 02:40:42.099  =============================================  
2025-02-27 02:40:42.099  val_finetune_dtvu_steps_1/loss = 2.9063  
2025-02-27 02:40:42.099  val_finetune_dtvu_steps_1/acc@01 = 0.3000  
2025-02-27 02:40:42.099  val_finetune_dtvu_steps_1/acc@05 = 0.7000  
2025-02-27 02:40:42.099  val_finetune_dtvu_steps_1/acc@10 = 0.7000  
2025-02-27 02:40:42.099  val_finetune_dtvu_steps_1/acc@20 = 0.9000  
2025-02-27 02:40:42.099  
  
2025-02-27 02:40:42.146  
  
2025-02-27 02:40:42.146  [VAL_FINETUNE_DTVU_STEPS_3] epoch_42  
2025-02-27 02:40:42.146  =============================================  
2025-02-27 02:40:42.146  val_finetune_dtvu_steps_3/loss = 2.9621  
2025-02-27 02:40:42.146  val_finetune_dtvu_steps_3/acc@01 = 0.3000  
2025-02-27 02:40:42.146  val_finetune_dtvu_steps_3/acc@05 = 0.6833  
2025-02-27 02:40:42.146  val_finetune_dtvu_steps_3/acc@10 = 0.7000  
2025-02-27 02:40:42.146  val_finetune_dtvu_steps_3/acc@20 = 0.8500  
2025-02-27 02:40:42.146  
  
2025-02-27 02:40:42.446  
  
2025-02-27 02:40:42.446  [TRN] epoch_43  
2025-02-27 02:40:42.446  =============================================  
2025-02-27 02:40:42.446  trn/loss = 2.2332  
2025-02-27 02:40:42.446  trn/acc@01 = 0.4081  
2025-02-27 02:40:42.446  trn/acc@05 = 0.7434  
2025-02-27 02:40:42.446  trn/acc@10 = 0.8384  
2025-02-27 02:40:42.446  trn/acc@20 = 0.9354  
2025-02-27 02:40:42.446  
  
2025-02-27 02:40:42.493  
  
2025-02-27 02:40:42.493  [VAL_FINETUNE_DTVU_STEPS_1] epoch_43  
2025-02-27 02:40:42.493  =============================================  
2025-02-27 02:40:42.493  val_finetune_dtvu_steps_1/loss = 2.8494  
2025-02-27 02:40:42.493  val_finetune_dtvu_steps_1/acc@01 = 0.4000  
2025-02-27 02:40:42.493  val_finetune_dtvu_steps_1/acc@05 = 0.7000  
2025-02-27 02:40:42.493  val_finetune_dtvu_steps_1/acc@10 = 0.8000  
2025-02-27 02:40:42.493  val_finetune_dtvu_steps_1/acc@20 = 0.8500  
2025-02-27 02:40:42.493  
  
2025-02-27 02:40:42.524  
  
2025-02-27 02:40:42.524  [VAL_FINETUNE_DTVU_STEPS_3] epoch_43  
2025-02-27 02:40:42.524  =============================================  
2025-02-27 02:40:42.524  val_finetune_dtvu_steps_3/loss = 2.8993  
2025-02-27 02:40:42.524  val_finetune_dtvu_steps_3/acc@01 = 0.3833  
2025-02-27 02:40:42.524  val_finetune_dtvu_steps_3/acc@05 = 0.7167  
2025-02-27 02:40:42.524  val_finetune_dtvu_steps_3/acc@10 = 0.7333  
2025-02-27 02:40:42.524  val_finetune_dtvu_steps_3/acc@20 = 0.8167  
2025-02-27 02:40:42.524  
  
2025-02-27 02:40:42.840  
  
2025-02-27 02:40:42.840  [TRN] epoch_44  
2025-02-27 02:40:42.840  =============================================  
2025-02-27 02:40:42.840  trn/loss = 2.1073  
2025-02-27 02:40:42.840  trn/acc@01 = 0.4269  
2025-02-27 02:40:42.840  trn/acc@05 = 0.7481  
2025-02-27 02:40:42.840  trn/acc@10 = 0.8500  
2025-02-27 02:40:42.840  trn/acc@20 = 0.9442  
2025-02-27 02:40:42.840  
  
2025-02-27 02:40:42.872  
  
2025-02-27 02:40:42.872  [VAL_FINETUNE_DTVU_STEPS_1] epoch_44  
2025-02-27 02:40:42.872  =============================================  
2025-02-27 02:40:42.872  val_finetune_dtvu_steps_1/loss = 2.9389  
2025-02-27 02:40:42.872  val_finetune_dtvu_steps_1/acc@01 = 0.3500  
2025-02-27 02:40:42.872  val_finetune_dtvu_steps_1/acc@05 = 0.6500  
2025-02-27 02:40:42.872  val_finetune_dtvu_steps_1/acc@10 = 0.7000  
2025-02-27 02:40:42.872  val_finetune_dtvu_steps_1/acc@20 = 0.8000  
2025-02-27 02:40:42.872  
  
2025-02-27 02:40:42.918  
  
2025-02-27 02:40:42.918  [VAL_FINETUNE_DTVU_STEPS_3] epoch_44  
2025-02-27 02:40:42.918  =============================================  
2025-02-27 02:40:42.918  val_finetune_dtvu_steps_3/loss = 2.9609  
2025-02-27 02:40:42.918  val_finetune_dtvu_steps_3/acc@01 = 0.3667  
2025-02-27 02:40:42.918  val_finetune_dtvu_steps_3/acc@05 = 0.6500  
2025-02-27 02:40:42.918  val_finetune_dtvu_steps_3/acc@10 = 0.7000  
2025-02-27 02:40:42.918  val_finetune_dtvu_steps_3/acc@20 = 0.7833  
2025-02-27 02:40:42.918  
  
2025-02-27 02:40:43.249  
  
2025-02-27 02:40:43.249  [TRN] epoch_45  
2025-02-27 02:40:43.249  =============================================  
2025-02-27 02:40:43.249  trn/loss = 2.0899  
2025-02-27 02:40:43.249  trn/acc@01 = 0.4540  
2025-02-27 02:40:43.249  trn/acc@05 = 0.7540  
2025-02-27 02:40:43.249  trn/acc@10 = 0.8620  
2025-02-27 02:40:43.249  trn/acc@20 = 0.9360  
2025-02-27 02:40:43.249  
  
2025-02-27 02:40:43.280  
  
2025-02-27 02:40:43.280  [VAL_FINETUNE_DTVU_STEPS_1] epoch_45  
2025-02-27 02:40:43.280  =============================================  
2025-02-27 02:40:43.280  val_finetune_dtvu_steps_1/loss = 2.9198  
2025-02-27 02:40:43.280  val_finetune_dtvu_steps_1/acc@01 = 0.3500  
2025-02-27 02:40:43.280  val_finetune_dtvu_steps_1/acc@05 = 0.5500  
2025-02-27 02:40:43.280  val_finetune_dtvu_steps_1/acc@10 = 0.8000  
2025-02-27 02:40:43.280  val_finetune_dtvu_steps_1/acc@20 = 0.8000  
2025-02-27 02:40:43.280  
  
2025-02-27 02:40:43.312  
  
2025-02-27 02:40:43.312  [VAL_FINETUNE_DTVU_STEPS_3] epoch_45  
2025-02-27 02:40:43.312  =============================================  
2025-02-27 02:40:43.312  val_finetune_dtvu_steps_3/loss = 3.0222  
2025-02-27 02:40:43.312  val_finetune_dtvu_steps_3/acc@01 = 0.3500  
2025-02-27 02:40:43.312  val_finetune_dtvu_steps_3/acc@05 = 0.6500  
2025-02-27 02:40:43.312  val_finetune_dtvu_steps_3/acc@10 = 0.7333  
2025-02-27 02:40:43.312  val_finetune_dtvu_steps_3/acc@20 = 0.7667  
2025-02-27 02:40:43.312  
  
2025-02-27 02:40:43.649  
  
2025-02-27 02:40:43.649  [TRN] epoch_46  
2025-02-27 02:40:43.649  =============================================  
2025-02-27 02:40:43.649  trn/loss = 2.1929  
2025-02-27 02:40:43.649  trn/acc@01 = 0.4271  
2025-02-27 02:40:43.649  trn/acc@05 = 0.7521  
2025-02-27 02:40:43.649  trn/acc@10 = 0.8667  
2025-02-27 02:40:43.649  trn/acc@20 = 0.9375  
2025-02-27 02:40:43.649  
  
2025-02-27 02:40:43.674  
  
2025-02-27 02:40:43.674  [VAL_FINETUNE_DTVU_STEPS_1] epoch_46  
2025-02-27 02:40:43.674  =============================================  
2025-02-27 02:40:43.674  val_finetune_dtvu_steps_1/loss = 2.6758  
2025-02-27 02:40:43.674  val_finetune_dtvu_steps_1/acc@01 = 0.3500  
2025-02-27 02:40:43.674  val_finetune_dtvu_steps_1/acc@05 = 0.7500  
2025-02-27 02:40:43.674  val_finetune_dtvu_steps_1/acc@10 = 0.8000  
2025-02-27 02:40:43.674  val_finetune_dtvu_steps_1/acc@20 = 0.8500  
2025-02-27 02:40:43.674  
  
2025-02-27 02:40:43.722  
  
2025-02-27 02:40:43.722  [VAL_FINETUNE_DTVU_STEPS_3] epoch_46  
2025-02-27 02:40:43.722  =============================================  
2025-02-27 02:40:43.722  val_finetune_dtvu_steps_3/loss = 2.8998  
2025-02-27 02:40:43.722  val_finetune_dtvu_steps_3/acc@01 = 0.3500  
2025-02-27 02:40:43.722  val_finetune_dtvu_steps_3/acc@05 = 0.6833  
2025-02-27 02:40:43.722  val_finetune_dtvu_steps_3/acc@10 = 0.7667  
2025-02-27 02:40:43.722  val_finetune_dtvu_steps_3/acc@20 = 0.8333  
2025-02-27 02:40:43.722  
  
2025-02-27 02:40:44.053  
  
2025-02-27 02:40:44.053  [TRN] epoch_47  
2025-02-27 02:40:44.053  =============================================  
2025-02-27 02:40:44.053  trn/loss = 2.0963  
2025-02-27 02:40:44.066  trn/acc@01 = 0.4479  
2025-02-27 02:40:44.066  trn/acc@05 = 0.7646  
2025-02-27 02:40:44.066  trn/acc@10 = 0.8625  
2025-02-27 02:40:44.066  trn/acc@20 = 0.9437  
2025-02-27 02:40:44.066  
  
2025-02-27 02:40:44.098  
  
2025-02-27 02:40:44.098  [VAL_FINETUNE_DTVU_STEPS_1] epoch_47  
2025-02-27 02:40:44.098  =============================================  
2025-02-27 02:40:44.098  val_finetune_dtvu_steps_1/loss = 2.8917  
2025-02-27 02:40:44.098  val_finetune_dtvu_steps_1/acc@01 = 0.3000  
2025-02-27 02:40:44.098  val_finetune_dtvu_steps_1/acc@05 = 0.6500  
2025-02-27 02:40:44.098  val_finetune_dtvu_steps_1/acc@10 = 0.7500  
2025-02-27 02:40:44.098  val_finetune_dtvu_steps_1/acc@20 = 0.7500  
2025-02-27 02:40:44.098  
  
2025-02-27 02:40:44.157  
  
2025-02-27 02:40:44.157  [VAL_FINETUNE_DTVU_STEPS_3] epoch_47  
2025-02-27 02:40:44.157  =============================================  
2025-02-27 02:40:44.157  val_finetune_dtvu_steps_3/loss = 2.9233  
2025-02-27 02:40:44.157  val_finetune_dtvu_steps_3/acc@01 = 0.3167  
2025-02-27 02:40:44.157  val_finetune_dtvu_steps_3/acc@05 = 0.6500  
2025-02-27 02:40:44.157  val_finetune_dtvu_steps_3/acc@10 = 0.7000  
2025-02-27 02:40:44.157  val_finetune_dtvu_steps_3/acc@20 = 0.7667  
2025-02-27 02:40:44.157  
  
2025-02-27 02:40:44.492  
  
2025-02-27 02:40:44.492  [TRN] epoch_48  
2025-02-27 02:40:44.492  =============================================  
2025-02-27 02:40:44.492  trn/loss = 2.1541  
2025-02-27 02:40:44.493  trn/acc@01 = 0.4040  
2025-02-27 02:40:44.493  trn/acc@05 = 0.7604  
2025-02-27 02:40:44.493  trn/acc@10 = 0.8574  
2025-02-27 02:40:44.493  trn/acc@20 = 0.9287  
2025-02-27 02:40:44.493  
  
2025-02-27 02:40:44.523  
  
2025-02-27 02:40:44.523  [VAL_FINETUNE_DTVU_STEPS_1] epoch_48  
2025-02-27 02:40:44.523  =============================================  
2025-02-27 02:40:44.523  val_finetune_dtvu_steps_1/loss = 3.0070  
2025-02-27 02:40:44.523  val_finetune_dtvu_steps_1/acc@01 = 0.3000  
2025-02-27 02:40:44.523  val_finetune_dtvu_steps_1/acc@05 = 0.7000  
2025-02-27 02:40:44.523  val_finetune_dtvu_steps_1/acc@10 = 0.7500  
2025-02-27 02:40:44.523  val_finetune_dtvu_steps_1/acc@20 = 0.8000  
2025-02-27 02:40:44.523  
  
2025-02-27 02:40:44.573  
  
2025-02-27 02:40:44.573  [VAL_FINETUNE_DTVU_STEPS_3] epoch_48  
2025-02-27 02:40:44.573  =============================================  
2025-02-27 02:40:44.573  val_finetune_dtvu_steps_3/loss = 3.1373  
2025-02-27 02:40:44.573  val_finetune_dtvu_steps_3/acc@01 = 0.3000  
2025-02-27 02:40:44.573  val_finetune_dtvu_steps_3/acc@05 = 0.6667  
2025-02-27 02:40:44.573  val_finetune_dtvu_steps_3/acc@10 = 0.7500  
2025-02-27 02:40:44.573  val_finetune_dtvu_steps_3/acc@20 = 0.7833  
2025-02-27 02:40:44.573  
  
2025-02-27 02:40:44.900  
  
2025-02-27 02:40:44.900  [TRN] epoch_49  
2025-02-27 02:40:44.900  =============================================  
2025-02-27 02:40:44.900  trn/loss = 2.1548  
2025-02-27 02:40:44.900  trn/acc@01 = 0.4299  
2025-02-27 02:40:44.900  trn/acc@05 = 0.7533  
2025-02-27 02:40:44.900  trn/acc@10 = 0.8673  
2025-02-27 02:40:44.900  trn/acc@20 = 0.9364  
2025-02-27 02:40:44.900  
  
2025-02-27 02:40:44.944  
  
2025-02-27 02:40:44.944  [VAL_FINETUNE_DTVU_STEPS_1] epoch_49  
2025-02-27 02:40:44.944  =============================================  
2025-02-27 02:40:44.944  val_finetune_dtvu_steps_1/loss = 3.1747  
2025-02-27 02:40:44.944  val_finetune_dtvu_steps_1/acc@01 = 0.3000  
2025-02-27 02:40:44.944  val_finetune_dtvu_steps_1/acc@05 = 0.6000  
2025-02-27 02:40:44.944  val_finetune_dtvu_steps_1/acc@10 = 0.6500  
2025-02-27 02:40:44.944  val_finetune_dtvu_steps_1/acc@20 = 0.8000  
2025-02-27 02:40:44.944  
  
2025-02-27 02:40:44.979  
  
2025-02-27 02:40:44.979  [VAL_FINETUNE_DTVU_STEPS_3] epoch_49  
2025-02-27 02:40:44.979  =============================================  
2025-02-27 02:40:44.979  val_finetune_dtvu_steps_3/loss = 3.2547  
2025-02-27 02:40:44.979  val_finetune_dtvu_steps_3/acc@01 = 0.3167  
2025-02-27 02:40:44.979  val_finetune_dtvu_steps_3/acc@05 = 0.6000  
2025-02-27 02:40:44.979  val_finetune_dtvu_steps_3/acc@10 = 0.7000  
2025-02-27 02:40:44.979  val_finetune_dtvu_steps_3/acc@20 = 0.7833  
2025-02-27 02:40:44.979  
  
2025-02-27 02:40:45.309  
  
2025-02-27 02:40:45.309  [TRN] epoch_50  
2025-02-27 02:40:45.309  =============================================  
2025-02-27 02:40:45.309  trn/loss = 1.9779  
2025-02-27 02:40:45.309  trn/acc@01 = 0.4434  
2025-02-27 02:40:45.309  trn/acc@05 = 0.7868  
2025-02-27 02:40:45.309  trn/acc@10 = 0.9019  
2025-02-27 02:40:45.309  trn/acc@20 = 0.9660  
2025-02-27 02:40:45.309  
  
2025-02-27 02:40:45.340  
  
2025-02-27 02:40:45.340  [VAL_FINETUNE_DTVU_STEPS_1] epoch_50  
2025-02-27 02:40:45.340  =============================================  
2025-02-27 02:40:45.340  val_finetune_dtvu_steps_1/loss = 2.8882  
2025-02-27 02:40:45.340  val_finetune_dtvu_steps_1/acc@01 = 0.3500  
2025-02-27 02:40:45.340  val_finetune_dtvu_steps_1/acc@05 = 0.6500  
2025-02-27 02:40:45.340  val_finetune_dtvu_steps_1/acc@10 = 0.7500  
2025-02-27 02:40:45.340  val_finetune_dtvu_steps_1/acc@20 = 0.8000  
2025-02-27 02:40:45.340  
  
2025-02-27 02:40:45.394  
  
2025-02-27 02:40:45.394  [VAL_FINETUNE_DTVU_STEPS_3] epoch_50  
2025-02-27 02:40:45.394  =============================================  
2025-02-27 02:40:45.394  val_finetune_dtvu_steps_3/loss = 3.0922  
2025-02-27 02:40:45.394  val_finetune_dtvu_steps_3/acc@01 = 0.3000  
2025-02-27 02:40:45.394  val_finetune_dtvu_steps_3/acc@05 = 0.6333  
2025-02-27 02:40:45.394  val_finetune_dtvu_steps_3/acc@10 = 0.7167  
2025-02-27 02:40:45.394  val_finetune_dtvu_steps_3/acc@20 = 0.7667  
2025-02-27 02:40:45.394  
  
2025-02-27 02:40:45.734  
  
2025-02-27 02:40:45.734  [TRN] epoch_51  
2025-02-27 02:40:45.734  =============================================  
2025-02-27 02:40:45.734  trn/loss = 2.1302  
2025-02-27 02:40:45.737  trn/acc@01 = 0.4128  
2025-02-27 02:40:45.737  trn/acc@05 = 0.7830  
2025-02-27 02:40:45.737  trn/acc@10 = 0.8936  
2025-02-27 02:40:45.737  trn/acc@20 = 0.9383  
2025-02-27 02:40:45.737  
  
2025-02-27 02:40:45.766  
  
2025-02-27 02:40:45.766  [VAL_FINETUNE_DTVU_STEPS_1] epoch_51  
2025-02-27 02:40:45.766  =============================================  
2025-02-27 02:40:45.766  val_finetune_dtvu_steps_1/loss = 3.0368  
2025-02-27 02:40:45.766  val_finetune_dtvu_steps_1/acc@01 = 0.3000  
2025-02-27 02:40:45.766  val_finetune_dtvu_steps_1/acc@05 = 0.6500  
2025-02-27 02:40:45.766  val_finetune_dtvu_steps_1/acc@10 = 0.6500  
2025-02-27 02:40:45.766  val_finetune_dtvu_steps_1/acc@20 = 0.8000  
2025-02-27 02:40:45.766  
  
2025-02-27 02:40:45.799  
  
2025-02-27 02:40:45.799  [VAL_FINETUNE_DTVU_STEPS_3] epoch_51  
2025-02-27 02:40:45.799  =============================================  
2025-02-27 02:40:45.799  val_finetune_dtvu_steps_3/loss = 3.0782  
2025-02-27 02:40:45.799  val_finetune_dtvu_steps_3/acc@01 = 0.2833  
2025-02-27 02:40:45.799  val_finetune_dtvu_steps_3/acc@05 = 0.6500  
2025-02-27 02:40:45.799  val_finetune_dtvu_steps_3/acc@10 = 0.7167  
2025-02-27 02:40:45.799  val_finetune_dtvu_steps_3/acc@20 = 0.7833  
2025-02-27 02:40:45.799  
  
2025-02-27 02:40:46.153  
  
2025-02-27 02:40:46.153  [TRN] epoch_52  
2025-02-27 02:40:46.153  =============================================  
2025-02-27 02:40:46.153  trn/loss = 2.0292  
2025-02-27 02:40:46.153  trn/acc@01 = 0.4654  
2025-02-27 02:40:46.153  trn/acc@05 = 0.7865  
2025-02-27 02:40:46.153  trn/acc@10 = 0.8769  
2025-02-27 02:40:46.153  trn/acc@20 = 0.9500  
2025-02-27 02:40:46.153  
  
2025-02-27 02:40:46.178  
  
2025-02-27 02:40:46.194  [VAL_FINETUNE_DTVU_STEPS_1] epoch_52  
2025-02-27 02:40:46.194  =============================================  
2025-02-27 02:40:46.194  val_finetune_dtvu_steps_1/loss = 2.9168  
2025-02-27 02:40:46.194  val_finetune_dtvu_steps_1/acc@01 = 0.4000  
2025-02-27 02:40:46.194  val_finetune_dtvu_steps_1/acc@05 = 0.6500  
2025-02-27 02:40:46.194  val_finetune_dtvu_steps_1/acc@10 = 0.7500  
2025-02-27 02:40:46.194  val_finetune_dtvu_steps_1/acc@20 = 0.7500  
2025-02-27 02:40:46.194  
  
2025-02-27 02:40:46.225  
  
2025-02-27 02:40:46.225  [VAL_FINETUNE_DTVU_STEPS_3] epoch_52  
2025-02-27 02:40:46.225  =============================================  
2025-02-27 02:40:46.225  val_finetune_dtvu_steps_3/loss = 3.1131  
2025-02-27 02:40:46.225  val_finetune_dtvu_steps_3/acc@01 = 0.3000  
2025-02-27 02:40:46.225  val_finetune_dtvu_steps_3/acc@05 = 0.6167  
2025-02-27 02:40:46.225  val_finetune_dtvu_steps_3/acc@10 = 0.7167  
2025-02-27 02:40:46.225  val_finetune_dtvu_steps_3/acc@20 = 0.7667  
2025-02-27 02:40:46.225  
  
2025-02-27 02:40:46.701  
  
2025-02-27 02:40:46.701  [TRN] epoch_53  
2025-02-27 02:40:46.701  =============================================  
2025-02-27 02:40:46.701  trn/loss = 1.9348  
2025-02-27 02:40:46.701  trn/acc@01 = 0.4869  
2025-02-27 02:40:46.701  trn/acc@05 = 0.7879  
2025-02-27 02:40:46.701  trn/acc@10 = 0.8828  
2025-02-27 02:40:46.701  trn/acc@20 = 0.9596  
2025-02-27 02:40:46.701  
  
2025-02-27 02:40:46.738  
  
2025-02-27 02:40:46.738  [VAL_FINETUNE_DTVU_STEPS_1] epoch_53  
2025-02-27 02:40:46.738  =============================================  
2025-02-27 02:40:46.738  val_finetune_dtvu_steps_1/loss = 3.2090  
2025-02-27 02:40:46.738  val_finetune_dtvu_steps_1/acc@01 = 0.3000  
2025-02-27 02:40:46.738  val_finetune_dtvu_steps_1/acc@05 = 0.5500  
2025-02-27 02:40:46.738  val_finetune_dtvu_steps_1/acc@10 = 0.7000  
2025-02-27 02:40:46.738  val_finetune_dtvu_steps_1/acc@20 = 0.8000  
2025-02-27 02:40:46.738  
  
2025-02-27 02:40:46.769  
  
2025-02-27 02:40:46.769  [VAL_FINETUNE_DTVU_STEPS_3] epoch_53  
2025-02-27 02:40:46.769  =============================================  
2025-02-27 02:40:46.769  val_finetune_dtvu_steps_3/loss = 3.2842  
2025-02-27 02:40:46.769  val_finetune_dtvu_steps_3/acc@01 = 0.2667  
2025-02-27 02:40:46.769  val_finetune_dtvu_steps_3/acc@05 = 0.5833  
2025-02-27 02:40:46.769  val_finetune_dtvu_steps_3/acc@10 = 0.6667  
2025-02-27 02:40:46.769  val_finetune_dtvu_steps_3/acc@20 = 0.7500  
2025-02-27 02:40:46.769  
  
2025-02-27 02:40:47.084  
  
2025-02-27 02:40:47.084  [TRN] epoch_54  
2025-02-27 02:40:47.084  =============================================  
2025-02-27 02:40:47.084  trn/loss = 1.9030  
2025-02-27 02:40:47.084  trn/acc@01 = 0.4774  
2025-02-27 02:40:47.084  trn/acc@05 = 0.8057  
2025-02-27 02:40:47.084  trn/acc@10 = 0.8887  
2025-02-27 02:40:47.084  trn/acc@20 = 0.9547  
2025-02-27 02:40:47.084  
  
2025-02-27 02:40:47.115  
  
2025-02-27 02:40:47.115  [VAL_FINETUNE_DTVU_STEPS_1] epoch_54  
2025-02-27 02:40:47.115  =============================================  
2025-02-27 02:40:47.115  val_finetune_dtvu_steps_1/loss = 3.2526  
2025-02-27 02:40:47.115  val_finetune_dtvu_steps_1/acc@01 = 0.3500  
2025-02-27 02:40:47.115  val_finetune_dtvu_steps_1/acc@05 = 0.6500  
2025-02-27 02:40:47.115  val_finetune_dtvu_steps_1/acc@10 = 0.7000  
2025-02-27 02:40:47.115  val_finetune_dtvu_steps_1/acc@20 = 0.7500  
2025-02-27 02:40:47.115  
  
2025-02-27 02:40:47.163  
  
2025-02-27 02:40:47.163  [VAL_FINETUNE_DTVU_STEPS_3] epoch_54  
2025-02-27 02:40:47.163  =============================================  
2025-02-27 02:40:47.163  val_finetune_dtvu_steps_3/loss = 3.3790  
2025-02-27 02:40:47.163  val_finetune_dtvu_steps_3/acc@01 = 0.3000  
2025-02-27 02:40:47.163  val_finetune_dtvu_steps_3/acc@05 = 0.6000  
2025-02-27 02:40:47.163  val_finetune_dtvu_steps_3/acc@10 = 0.6667  
2025-02-27 02:40:47.163  val_finetune_dtvu_steps_3/acc@20 = 0.7167  
2025-02-27 02:40:47.163  
  
2025-02-27 02:40:47.478  
  
2025-02-27 02:40:47.478  [TRN] epoch_55  
2025-02-27 02:40:47.478  =============================================  
2025-02-27 02:40:47.478  trn/loss = 1.9591  
2025-02-27 02:40:47.478  trn/acc@01 = 0.4544  
2025-02-27 02:40:47.478  trn/acc@05 = 0.8117  
2025-02-27 02:40:47.478  trn/acc@10 = 0.8971  
2025-02-27 02:40:47.478  trn/acc@20 = 0.9495  
2025-02-27 02:40:47.478  
  
2025-02-27 02:40:47.525  
  
2025-02-27 02:40:47.525  [VAL_FINETUNE_DTVU_STEPS_1] epoch_55  
2025-02-27 02:40:47.525  =============================================  
2025-02-27 02:40:47.525  val_finetune_dtvu_steps_1/loss = 3.5115  
2025-02-27 02:40:47.525  val_finetune_dtvu_steps_1/acc@01 = 0.2000  
2025-02-27 02:40:47.525  val_finetune_dtvu_steps_1/acc@05 = 0.5000  
2025-02-27 02:40:47.525  val_finetune_dtvu_steps_1/acc@10 = 0.5500  
2025-02-27 02:40:47.525  val_finetune_dtvu_steps_1/acc@20 = 0.7500  
2025-02-27 02:40:47.525  
  
2025-02-27 02:40:47.556  
  
2025-02-27 02:40:47.556  [VAL_FINETUNE_DTVU_STEPS_3] epoch_55  
2025-02-27 02:40:47.556  =============================================  
2025-02-27 02:40:47.556  val_finetune_dtvu_steps_3/loss = 3.5192  
2025-02-27 02:40:47.556  val_finetune_dtvu_steps_3/acc@01 = 0.2333  
2025-02-27 02:40:47.556  val_finetune_dtvu_steps_3/acc@05 = 0.5333  
2025-02-27 02:40:47.556  val_finetune_dtvu_steps_3/acc@10 = 0.6333  
2025-02-27 02:40:47.556  val_finetune_dtvu_steps_3/acc@20 = 0.6833  
2025-02-27 02:40:47.556  
  
2025-02-27 02:40:47.887  
  
2025-02-27 02:40:47.887  [TRN] epoch_56  
2025-02-27 02:40:47.887  =============================================  
2025-02-27 02:40:47.887  trn/loss = 1.9547  
2025-02-27 02:40:47.887  trn/acc@01 = 0.4755  
2025-02-27 02:40:47.887  trn/acc@05 = 0.8000  
2025-02-27 02:40:47.887  trn/acc@10 = 0.8857  
2025-02-27 02:40:47.887  trn/acc@20 = 0.9612  
2025-02-27 02:40:47.887  
  
2025-02-27 02:40:47.920  
  
2025-02-27 02:40:47.920  [VAL_FINETUNE_DTVU_STEPS_1] epoch_56  
2025-02-27 02:40:47.920  =============================================  
2025-02-27 02:40:47.920  val_finetune_dtvu_steps_1/loss = 3.2123  
2025-02-27 02:40:47.920  val_finetune_dtvu_steps_1/acc@01 = 0.3000  
2025-02-27 02:40:47.920  val_finetune_dtvu_steps_1/acc@05 = 0.6000  
2025-02-27 02:40:47.920  val_finetune_dtvu_steps_1/acc@10 = 0.6500  
2025-02-27 02:40:47.920  val_finetune_dtvu_steps_1/acc@20 = 0.7500  
2025-02-27 02:40:47.920  
  
2025-02-27 02:40:47.965  
  
2025-02-27 02:40:47.965  [VAL_FINETUNE_DTVU_STEPS_3] epoch_56  
2025-02-27 02:40:47.965  =============================================  
2025-02-27 02:40:47.965  val_finetune_dtvu_steps_3/loss = 3.2846  
2025-02-27 02:40:47.965  val_finetune_dtvu_steps_3/acc@01 = 0.2833  
2025-02-27 02:40:47.965  val_finetune_dtvu_steps_3/acc@05 = 0.6167  
2025-02-27 02:40:47.965  val_finetune_dtvu_steps_3/acc@10 = 0.6833  
2025-02-27 02:40:47.965  val_finetune_dtvu_steps_3/acc@20 = 0.7833  
2025-02-27 02:40:47.965  
  
2025-02-27 02:40:48.264  
  
2025-02-27 02:40:48.264  [TRN] epoch_57  
2025-02-27 02:40:48.264  =============================================  
2025-02-27 02:40:48.264  trn/loss = 1.9085  
2025-02-27 02:40:48.264  trn/acc@01 = 0.4755  
2025-02-27 02:40:48.264  trn/acc@05 = 0.8061  
2025-02-27 02:40:48.264  trn/acc@10 = 0.9061  
2025-02-27 02:40:48.264  trn/acc@20 = 0.9633  
2025-02-27 02:40:48.264  
  
2025-02-27 02:40:48.311  
  
2025-02-27 02:40:48.311  [VAL_FINETUNE_DTVU_STEPS_1] epoch_57  
2025-02-27 02:40:48.311  =============================================  
2025-02-27 02:40:48.311  val_finetune_dtvu_steps_1/loss = 3.2102  
2025-02-27 02:40:48.311  val_finetune_dtvu_steps_1/acc@01 = 0.3000  
2025-02-27 02:40:48.311  val_finetune_dtvu_steps_1/acc@05 = 0.5500  
2025-02-27 02:40:48.311  val_finetune_dtvu_steps_1/acc@10 = 0.6000  
2025-02-27 02:40:48.311  val_finetune_dtvu_steps_1/acc@20 = 0.7500  
2025-02-27 02:40:48.311  
  
2025-02-27 02:40:48.342  
  
2025-02-27 02:40:48.342  [VAL_FINETUNE_DTVU_STEPS_3] epoch_57  
2025-02-27 02:40:48.342  =============================================  
2025-02-27 02:40:48.342  val_finetune_dtvu_steps_3/loss = 3.4464  
2025-02-27 02:40:48.342  val_finetune_dtvu_steps_3/acc@01 = 0.2500  
2025-02-27 02:40:48.342  val_finetune_dtvu_steps_3/acc@05 = 0.5667  
2025-02-27 02:40:48.342  val_finetune_dtvu_steps_3/acc@10 = 0.6333  
2025-02-27 02:40:48.342  val_finetune_dtvu_steps_3/acc@20 = 0.7333  
2025-02-27 02:40:48.342  
  
2025-02-27 02:40:48.655  
  
2025-02-27 02:40:48.655  [TRN] epoch_58  
2025-02-27 02:40:48.655  =============================================  
2025-02-27 02:40:48.655  trn/loss = 1.8090  
2025-02-27 02:40:48.655  trn/acc@01 = 0.4622  
2025-02-27 02:40:48.655  trn/acc@05 = 0.8400  
2025-02-27 02:40:48.655  trn/acc@10 = 0.9222  
2025-02-27 02:40:48.655  trn/acc@20 = 0.9800  
2025-02-27 02:40:48.655  
  
2025-02-27 02:40:48.698  
  
2025-02-27 02:40:48.698  [VAL_FINETUNE_DTVU_STEPS_1] epoch_58  
2025-02-27 02:40:48.698  =============================================  
2025-02-27 02:40:48.698  val_finetune_dtvu_steps_1/loss = 3.5581  
2025-02-27 02:40:48.698  val_finetune_dtvu_steps_1/acc@01 = 0.3000  
2025-02-27 02:40:48.698  val_finetune_dtvu_steps_1/acc@05 = 0.5000  
2025-02-27 02:40:48.698  val_finetune_dtvu_steps_1/acc@10 = 0.6500  
2025-02-27 02:40:48.698  val_finetune_dtvu_steps_1/acc@20 = 0.7500  
2025-02-27 02:40:48.698  
  
2025-02-27 02:40:48.734  
  
2025-02-27 02:40:48.734  [VAL_FINETUNE_DTVU_STEPS_3] epoch_58  
2025-02-27 02:40:48.734  =============================================  
2025-02-27 02:40:48.734  val_finetune_dtvu_steps_3/loss = 3.5003  
2025-02-27 02:40:48.734  val_finetune_dtvu_steps_3/acc@01 = 0.2667  
2025-02-27 02:40:48.734  val_finetune_dtvu_steps_3/acc@05 = 0.6500  
2025-02-27 02:40:48.734  val_finetune_dtvu_steps_3/acc@10 = 0.7167  
2025-02-27 02:40:48.734  val_finetune_dtvu_steps_3/acc@20 = 0.7667  
2025-02-27 02:40:48.734  
  
2025-02-27 02:40:49.034  
  
2025-02-27 02:40:49.034  [TRN] epoch_59  
2025-02-27 02:40:49.034  =============================================  
2025-02-27 02:40:49.034  trn/loss = 1.8633  
2025-02-27 02:40:49.034  trn/acc@01 = 0.4463  
2025-02-27 02:40:49.034  trn/acc@05 = 0.8063  
2025-02-27 02:40:49.034  trn/acc@10 = 0.9221  
2025-02-27 02:40:49.034  trn/acc@20 = 0.9768  
2025-02-27 02:40:49.034  
  
2025-02-27 02:40:49.081  
  
2025-02-27 02:40:49.081  [VAL_FINETUNE_DTVU_STEPS_1] epoch_59  
2025-02-27 02:40:49.081  =============================================  
2025-02-27 02:40:49.081  val_finetune_dtvu_steps_1/loss = 3.3775  
2025-02-27 02:40:49.081  val_finetune_dtvu_steps_1/acc@01 = 0.3000  
2025-02-27 02:40:49.081  val_finetune_dtvu_steps_1/acc@05 = 0.6000  
2025-02-27 02:40:49.081  val_finetune_dtvu_steps_1/acc@10 = 0.6500  
2025-02-27 02:40:49.081  val_finetune_dtvu_steps_1/acc@20 = 0.7000  
2025-02-27 02:40:49.081  
  
2025-02-27 02:40:49.119  
  
2025-02-27 02:40:49.119  [VAL_FINETUNE_DTVU_STEPS_3] epoch_59  
2025-02-27 02:40:49.119  =============================================  
2025-02-27 02:40:49.119  val_finetune_dtvu_steps_3/loss = 3.4854  
2025-02-27 02:40:49.119  val_finetune_dtvu_steps_3/acc@01 = 0.3000  
2025-02-27 02:40:49.119  val_finetune_dtvu_steps_3/acc@05 = 0.5833  
2025-02-27 02:40:49.119  val_finetune_dtvu_steps_3/acc@10 = 0.6500  
2025-02-27 02:40:49.119  val_finetune_dtvu_steps_3/acc@20 = 0.7167  
2025-02-27 02:40:49.119  
  
2025-02-27 02:40:49.443  
  
2025-02-27 02:40:49.443  [TRN] epoch_60  
2025-02-27 02:40:49.443  =============================================  
2025-02-27 02:40:49.443  trn/loss = 1.8040  
2025-02-27 02:40:49.443  trn/acc@01 = 0.4833  
2025-02-27 02:40:49.443  trn/acc@05 = 0.8426  
2025-02-27 02:40:49.443  trn/acc@10 = 0.9481  
2025-02-27 02:40:49.443  trn/acc@20 = 0.9778  
2025-02-27 02:40:49.443  
  
2025-02-27 02:40:49.474  
  
2025-02-27 02:40:49.474  [VAL_FINETUNE_DTVU_STEPS_1] epoch_60  
2025-02-27 02:40:49.474  =============================================  
2025-02-27 02:40:49.474  val_finetune_dtvu_steps_1/loss = 3.4509  
2025-02-27 02:40:49.474  val_finetune_dtvu_steps_1/acc@01 = 0.2500  
2025-02-27 02:40:49.474  val_finetune_dtvu_steps_1/acc@05 = 0.5500  
2025-02-27 02:40:49.474  val_finetune_dtvu_steps_1/acc@10 = 0.6500  
2025-02-27 02:40:49.474  val_finetune_dtvu_steps_1/acc@20 = 0.7500  
2025-02-27 02:40:49.474  
  
2025-02-27 02:40:49.521  
  
2025-02-27 02:40:49.521  [VAL_FINETUNE_DTVU_STEPS_3] epoch_60  
2025-02-27 02:40:49.521  =============================================  
2025-02-27 02:40:49.521  val_finetune_dtvu_steps_3/loss = 3.4431  
2025-02-27 02:40:49.521  val_finetune_dtvu_steps_3/acc@01 = 0.2667  
2025-02-27 02:40:49.521  val_finetune_dtvu_steps_3/acc@05 = 0.6167  
2025-02-27 02:40:49.521  val_finetune_dtvu_steps_3/acc@10 = 0.6833  
2025-02-27 02:40:49.521  val_finetune_dtvu_steps_3/acc@20 = 0.7833  
2025-02-27 02:40:49.521  
  
2025-02-27 02:40:49.821  
  
2025-02-27 02:40:49.821  [TRN] epoch_61  
2025-02-27 02:40:49.821  =============================================  
2025-02-27 02:40:49.821  trn/loss = 1.8244  
2025-02-27 02:40:49.821  trn/acc@01 = 0.5087  
2025-02-27 02:40:49.821  trn/acc@05 = 0.8239  
2025-02-27 02:40:49.821  trn/acc@10 = 0.9109  
2025-02-27 02:40:49.821  trn/acc@20 = 0.9630  
2025-02-27 02:40:49.821  
  
2025-02-27 02:40:49.852  
  
2025-02-27 02:40:49.852  [VAL_FINETUNE_DTVU_STEPS_1] epoch_61  
2025-02-27 02:40:49.852  =============================================  
2025-02-27 02:40:49.852  val_finetune_dtvu_steps_1/loss = 3.4137  
2025-02-27 02:40:49.852  val_finetune_dtvu_steps_1/acc@01 = 0.2500  
2025-02-27 02:40:49.852  val_finetune_dtvu_steps_1/acc@05 = 0.5500  
2025-02-27 02:40:49.852  val_finetune_dtvu_steps_1/acc@10 = 0.6000  
2025-02-27 02:40:49.852  val_finetune_dtvu_steps_1/acc@20 = 0.7000  
2025-02-27 02:40:49.852  
  
2025-02-27 02:40:49.900  
  
2025-02-27 02:40:49.900  [VAL_FINETUNE_DTVU_STEPS_3] epoch_61  
2025-02-27 02:40:49.900  =============================================  
2025-02-27 02:40:49.900  val_finetune_dtvu_steps_3/loss = 3.4627  
2025-02-27 02:40:49.900  val_finetune_dtvu_steps_3/acc@01 = 0.2333  
2025-02-27 02:40:49.900  val_finetune_dtvu_steps_3/acc@05 = 0.5833  
2025-02-27 02:40:49.900  val_finetune_dtvu_steps_3/acc@10 = 0.7000  
2025-02-27 02:40:49.900  val_finetune_dtvu_steps_3/acc@20 = 0.7667  
2025-02-27 02:40:49.900  
  
2025-02-27 02:40:50.214  
  
2025-02-27 02:40:50.214  [TRN] epoch_62  
2025-02-27 02:40:50.214  =============================================  
2025-02-27 02:40:50.214  trn/loss = 1.7637  
2025-02-27 02:40:50.214  trn/acc@01 = 0.4863  
2025-02-27 02:40:50.214  trn/acc@05 = 0.8412  
2025-02-27 02:40:50.214  trn/acc@10 = 0.9353  
2025-02-27 02:40:50.214  trn/acc@20 = 0.9784  
2025-02-27 02:40:50.214  
  
2025-02-27 02:40:50.245  
  
2025-02-27 02:40:50.245  [VAL_FINETUNE_DTVU_STEPS_1] epoch_62  
2025-02-27 02:40:50.245  =============================================  
2025-02-27 02:40:50.245  val_finetune_dtvu_steps_1/loss = 3.3940  
2025-02-27 02:40:50.245  val_finetune_dtvu_steps_1/acc@01 = 0.3000  
2025-02-27 02:40:50.245  val_finetune_dtvu_steps_1/acc@05 = 0.5500  
2025-02-27 02:40:50.245  val_finetune_dtvu_steps_1/acc@10 = 0.6500  
2025-02-27 02:40:50.245  val_finetune_dtvu_steps_1/acc@20 = 0.8000  
2025-02-27 02:40:50.245  
  
2025-02-27 02:40:50.297  
  
2025-02-27 02:40:50.297  [VAL_FINETUNE_DTVU_STEPS_3] epoch_62  
2025-02-27 02:40:50.297  =============================================  
2025-02-27 02:40:50.297  val_finetune_dtvu_steps_3/loss = 3.4370  
2025-02-27 02:40:50.297  val_finetune_dtvu_steps_3/acc@01 = 0.2000  
2025-02-27 02:40:50.297  val_finetune_dtvu_steps_3/acc@05 = 0.6167  
2025-02-27 02:40:50.297  val_finetune_dtvu_steps_3/acc@10 = 0.6833  
2025-02-27 02:40:50.297  val_finetune_dtvu_steps_3/acc@20 = 0.8167  
2025-02-27 02:40:50.297  
  
2025-02-27 02:40:50.606  
  
2025-02-27 02:40:50.606  [TRN] epoch_63  
2025-02-27 02:40:50.606  =============================================  
2025-02-27 02:40:50.606  trn/loss = 1.7412  
2025-02-27 02:40:50.606  trn/acc@01 = 0.5260  
2025-02-27 02:40:50.606  trn/acc@05 = 0.8460  
2025-02-27 02:40:50.606  trn/acc@10 = 0.9220  
2025-02-27 02:40:50.606  trn/acc@20 = 0.9780  
2025-02-27 02:40:50.606  
  
2025-02-27 02:40:50.637  
  
2025-02-27 02:40:50.637  [VAL_FINETUNE_DTVU_STEPS_1] epoch_63  
2025-02-27 02:40:50.637  =============================================  
2025-02-27 02:40:50.637  val_finetune_dtvu_steps_1/loss = 3.4770  
2025-02-27 02:40:50.637  val_finetune_dtvu_steps_1/acc@01 = 0.2500  
2025-02-27 02:40:50.637  val_finetune_dtvu_steps_1/acc@05 = 0.5500  
2025-02-27 02:40:50.637  val_finetune_dtvu_steps_1/acc@10 = 0.6000  
2025-02-27 02:40:50.637  val_finetune_dtvu_steps_1/acc@20 = 0.7500  
2025-02-27 02:40:50.637  
  
2025-02-27 02:40:50.675  
  
2025-02-27 02:40:50.675  [VAL_FINETUNE_DTVU_STEPS_3] epoch_63  
2025-02-27 02:40:50.675  =============================================  
2025-02-27 02:40:50.675  val_finetune_dtvu_steps_3/loss = 3.6049  
2025-02-27 02:40:50.675  val_finetune_dtvu_steps_3/acc@01 = 0.2167  
2025-02-27 02:40:50.675  val_finetune_dtvu_steps_3/acc@05 = 0.5333  
2025-02-27 02:40:50.675  val_finetune_dtvu_steps_3/acc@10 = 0.6500  
2025-02-27 02:40:50.675  val_finetune_dtvu_steps_3/acc@20 = 0.7500  
2025-02-27 02:40:50.675  
  
