2025-02-27 02:39:59.060  
  
2025-02-27 02:39:59.060  [TRN] epoch_00  
2025-02-27 02:39:59.060  =============================================  
2025-02-27 02:39:59.060  trn/loss = 5.6700  
2025-02-27 02:39:59.060  trn/acc@01 = 0.0842  
2025-02-27 02:39:59.060  trn/acc@05 = 0.1982  
2025-02-27 02:39:59.060  trn/acc@10 = 0.2632  
2025-02-27 02:39:59.060  trn/acc@20 = 0.3298  
2025-02-27 02:39:59.060  
  
2025-02-27 02:39:59.107  
  
2025-02-27 02:39:59.107  [VAL_FINETUNE_DTVU_STEPS_1] epoch_00  
2025-02-27 02:39:59.107  =============================================  
2025-02-27 02:39:59.107  val_finetune_dtvu_steps_1/loss = 4.9399  
2025-02-27 02:39:59.107  val_finetune_dtvu_steps_1/acc@01 = 0.0500  
2025-02-27 02:39:59.107  val_finetune_dtvu_steps_1/acc@05 = 0.3000  
2025-02-27 02:39:59.107  val_finetune_dtvu_steps_1/acc@10 = 0.6000  
2025-02-27 02:39:59.107  val_finetune_dtvu_steps_1/acc@20 = 0.7500  
2025-02-27 02:39:59.107  
  
2025-02-27 02:39:59.165  
  
2025-02-27 02:39:59.165  [VAL_FINETUNE_DTVU_STEPS_3] epoch_00  
2025-02-27 02:39:59.165  =============================================  
2025-02-27 02:39:59.165  val_finetune_dtvu_steps_3/loss = 4.9348  
2025-02-27 02:39:59.165  val_finetune_dtvu_steps_3/acc@01 = 0.1167  
2025-02-27 02:39:59.165  val_finetune_dtvu_steps_3/acc@05 = 0.2833  
2025-02-27 02:39:59.165  val_finetune_dtvu_steps_3/acc@10 = 0.5333  
2025-02-27 02:39:59.165  val_finetune_dtvu_steps_3/acc@20 = 0.6667  
2025-02-27 02:39:59.165  
  
2025-02-27 02:39:59.553  
  
2025-02-27 02:39:59.553  [TRN] epoch_01  
2025-02-27 02:39:59.553  =============================================  
2025-02-27 02:39:59.553  trn/loss = 4.8745  
2025-02-27 02:39:59.553  trn/acc@01 = 0.1264  
2025-02-27 02:39:59.553  trn/acc@05 = 0.3623  
2025-02-27 02:39:59.553  trn/acc@10 = 0.4698  
2025-02-27 02:39:59.553  trn/acc@20 = 0.5566  
2025-02-27 02:39:59.553  
  
2025-02-27 02:39:59.675  
  
2025-02-27 02:39:59.675  [VAL_FINETUNE_DTVU_STEPS_1] epoch_01  
2025-02-27 02:39:59.675  =============================================  
2025-02-27 02:39:59.675  val_finetune_dtvu_steps_1/loss = 3.9745  
2025-02-27 02:39:59.675  val_finetune_dtvu_steps_1/acc@01 = 0.2500  
2025-02-27 02:39:59.675  val_finetune_dtvu_steps_1/acc@05 = 0.7000  
2025-02-27 02:39:59.675  val_finetune_dtvu_steps_1/acc@10 = 0.7500  
2025-02-27 02:39:59.675  val_finetune_dtvu_steps_1/acc@20 = 0.8000  
2025-02-27 02:39:59.675  
  
2025-02-27 02:39:59.773  
  
2025-02-27 02:39:59.773  [VAL_FINETUNE_DTVU_STEPS_3] epoch_01  
2025-02-27 02:39:59.773  =============================================  
2025-02-27 02:39:59.773  val_finetune_dtvu_steps_3/loss = 4.1396  
2025-02-27 02:39:59.773  val_finetune_dtvu_steps_3/acc@01 = 0.2333  
2025-02-27 02:39:59.773  val_finetune_dtvu_steps_3/acc@05 = 0.5833  
2025-02-27 02:39:59.773  val_finetune_dtvu_steps_3/acc@10 = 0.6833  
2025-02-27 02:39:59.773  val_finetune_dtvu_steps_3/acc@20 = 0.7167  
2025-02-27 02:39:59.773  
  
2025-02-27 02:40:00.174  
  
2025-02-27 02:40:00.174  [TRN] epoch_02  
2025-02-27 02:40:00.174  =============================================  
2025-02-27 02:40:00.174  trn/loss = 4.3920  
2025-02-27 02:40:00.174  trn/acc@01 = 0.1818  
2025-02-27 02:40:00.174  trn/acc@05 = 0.4303  
2025-02-27 02:40:00.174  trn/acc@10 = 0.5010  
2025-02-27 02:40:00.174  trn/acc@20 = 0.5899  
2025-02-27 02:40:00.174  
  
2025-02-27 02:40:00.209  
  
2025-02-27 02:40:00.209  [VAL_FINETUNE_DTVU_STEPS_1] epoch_02  
2025-02-27 02:40:00.209  =============================================  
2025-02-27 02:40:00.209  val_finetune_dtvu_steps_1/loss = 3.3728  
2025-02-27 02:40:00.209  val_finetune_dtvu_steps_1/acc@01 = 0.4000  
2025-02-27 02:40:00.209  val_finetune_dtvu_steps_1/acc@05 = 0.7500  
2025-02-27 02:40:00.209  val_finetune_dtvu_steps_1/acc@10 = 0.8000  
2025-02-27 02:40:00.209  val_finetune_dtvu_steps_1/acc@20 = 0.8000  
2025-02-27 02:40:00.209  
  
2025-02-27 02:40:00.257  
  
2025-02-27 02:40:00.259  [VAL_FINETUNE_DTVU_STEPS_3] epoch_02  
2025-02-27 02:40:00.259  =============================================  
2025-02-27 02:40:00.259  val_finetune_dtvu_steps_3/loss = 3.6080  
2025-02-27 02:40:00.259  val_finetune_dtvu_steps_3/acc@01 = 0.3833  
2025-02-27 02:40:00.259  val_finetune_dtvu_steps_3/acc@05 = 0.6333  
2025-02-27 02:40:00.259  val_finetune_dtvu_steps_3/acc@10 = 0.7500  
2025-02-27 02:40:00.260  val_finetune_dtvu_steps_3/acc@20 = 0.7833  
2025-02-27 02:40:00.260  
  
2025-02-27 02:40:00.575  
  
2025-02-27 02:40:00.575  [TRN] epoch_03  
2025-02-27 02:40:00.575  =============================================  
2025-02-27 02:40:00.591  trn/loss = 4.0131  
2025-02-27 02:40:00.591  trn/acc@01 = 0.2931  
2025-02-27 02:40:00.591  trn/acc@05 = 0.5050  
2025-02-27 02:40:00.591  trn/acc@10 = 0.5822  
2025-02-27 02:40:00.591  trn/acc@20 = 0.6475  
2025-02-27 02:40:00.591  
  
2025-02-27 02:40:00.625  
  
2025-02-27 02:40:00.625  [VAL_FINETUNE_DTVU_STEPS_1] epoch_03  
2025-02-27 02:40:00.625  =============================================  
2025-02-27 02:40:00.625  val_finetune_dtvu_steps_1/loss = 3.0592  
2025-02-27 02:40:00.625  val_finetune_dtvu_steps_1/acc@01 = 0.4000  
2025-02-27 02:40:00.625  val_finetune_dtvu_steps_1/acc@05 = 0.7500  
2025-02-27 02:40:00.625  val_finetune_dtvu_steps_1/acc@10 = 0.8000  
2025-02-27 02:40:00.625  val_finetune_dtvu_steps_1/acc@20 = 0.8000  
2025-02-27 02:40:00.625  
  
2025-02-27 02:40:00.666  
  
2025-02-27 02:40:00.666  [VAL_FINETUNE_DTVU_STEPS_3] epoch_03  
2025-02-27 02:40:00.666  =============================================  
2025-02-27 02:40:00.666  val_finetune_dtvu_steps_3/loss = 3.3466  
2025-02-27 02:40:00.666  val_finetune_dtvu_steps_3/acc@01 = 0.3833  
2025-02-27 02:40:00.666  val_finetune_dtvu_steps_3/acc@05 = 0.6833  
2025-02-27 02:40:00.666  val_finetune_dtvu_steps_3/acc@10 = 0.7500  
2025-02-27 02:40:00.666  val_finetune_dtvu_steps_3/acc@20 = 0.7833  
2025-02-27 02:40:00.666  
  
2025-02-27 02:40:01.030  
  
2025-02-27 02:40:01.030  [TRN] epoch_04  
2025-02-27 02:40:01.030  =============================================  
2025-02-27 02:40:01.030  trn/loss = 3.7556  
2025-02-27 02:40:01.030  trn/acc@01 = 0.2768  
2025-02-27 02:40:01.030  trn/acc@05 = 0.5495  
2025-02-27 02:40:01.030  trn/acc@10 = 0.6182  
2025-02-27 02:40:01.030  trn/acc@20 = 0.6970  
2025-02-27 02:40:01.030  
  
2025-02-27 02:40:01.111  
  
2025-02-27 02:40:01.111  [VAL_FINETUNE_DTVU_STEPS_1] epoch_04  
2025-02-27 02:40:01.111  =============================================  
2025-02-27 02:40:01.111  val_finetune_dtvu_steps_1/loss = 2.9648  
2025-02-27 02:40:01.111  val_finetune_dtvu_steps_1/acc@01 = 0.4000  
2025-02-27 02:40:01.111  val_finetune_dtvu_steps_1/acc@05 = 0.7500  
2025-02-27 02:40:01.111  val_finetune_dtvu_steps_1/acc@10 = 0.8000  
2025-02-27 02:40:01.111  val_finetune_dtvu_steps_1/acc@20 = 0.8500  
2025-02-27 02:40:01.113  
  
2025-02-27 02:40:01.171  
  
2025-02-27 02:40:01.171  [VAL_FINETUNE_DTVU_STEPS_3] epoch_04  
2025-02-27 02:40:01.171  =============================================  
2025-02-27 02:40:01.171  val_finetune_dtvu_steps_3/loss = 3.2036  
2025-02-27 02:40:01.171  val_finetune_dtvu_steps_3/acc@01 = 0.3833  
2025-02-27 02:40:01.171  val_finetune_dtvu_steps_3/acc@05 = 0.7000  
2025-02-27 02:40:01.171  val_finetune_dtvu_steps_3/acc@10 = 0.7667  
2025-02-27 02:40:01.171  val_finetune_dtvu_steps_3/acc@20 = 0.8167  
2025-02-27 02:40:01.171  
  
2025-02-27 02:40:01.548  
  
2025-02-27 02:40:01.548  [TRN] epoch_05  
2025-02-27 02:40:01.548  =============================================  
2025-02-27 02:40:01.548  trn/loss = 3.6523  
2025-02-27 02:40:01.548  trn/acc@01 = 0.2709  
2025-02-27 02:40:01.548  trn/acc@05 = 0.5691  
2025-02-27 02:40:01.548  trn/acc@10 = 0.6436  
2025-02-27 02:40:01.548  trn/acc@20 = 0.7109  
2025-02-27 02:40:01.548  
  
2025-02-27 02:40:01.583  
  
2025-02-27 02:40:01.583  [VAL_FINETUNE_DTVU_STEPS_1] epoch_05  
2025-02-27 02:40:01.583  =============================================  
2025-02-27 02:40:01.583  val_finetune_dtvu_steps_1/loss = 2.7903  
2025-02-27 02:40:01.583  val_finetune_dtvu_steps_1/acc@01 = 0.3500  
2025-02-27 02:40:01.583  val_finetune_dtvu_steps_1/acc@05 = 0.7500  
2025-02-27 02:40:01.583  val_finetune_dtvu_steps_1/acc@10 = 0.8500  
2025-02-27 02:40:01.583  val_finetune_dtvu_steps_1/acc@20 = 0.8500  
2025-02-27 02:40:01.583  
  
2025-02-27 02:40:01.651  
  
2025-02-27 02:40:01.651  [VAL_FINETUNE_DTVU_STEPS_3] epoch_05  
2025-02-27 02:40:01.651  =============================================  
2025-02-27 02:40:01.651  val_finetune_dtvu_steps_3/loss = 3.0511  
2025-02-27 02:40:01.651  val_finetune_dtvu_steps_3/acc@01 = 0.3667  
2025-02-27 02:40:01.651  val_finetune_dtvu_steps_3/acc@05 = 0.7167  
2025-02-27 02:40:01.651  val_finetune_dtvu_steps_3/acc@10 = 0.8000  
2025-02-27 02:40:01.651  val_finetune_dtvu_steps_3/acc@20 = 0.8167  
2025-02-27 02:40:01.651  
  
2025-02-27 02:40:02.084  
  
2025-02-27 02:40:02.084  [TRN] epoch_06  
2025-02-27 02:40:02.085  =============================================  
2025-02-27 02:40:02.085  trn/loss = 3.5856  
2025-02-27 02:40:02.085  trn/acc@01 = 0.2808  
2025-02-27 02:40:02.085  trn/acc@05 = 0.5475  
2025-02-27 02:40:02.086  trn/acc@10 = 0.6505  
2025-02-27 02:40:02.086  trn/acc@20 = 0.7192  
2025-02-27 02:40:02.086  
  
2025-02-27 02:40:02.143  
  
2025-02-27 02:40:02.143  [VAL_FINETUNE_DTVU_STEPS_1] epoch_06  
2025-02-27 02:40:02.143  =============================================  
2025-02-27 02:40:02.143  val_finetune_dtvu_steps_1/loss = 2.7983  
2025-02-27 02:40:02.143  val_finetune_dtvu_steps_1/acc@01 = 0.4000  
2025-02-27 02:40:02.143  val_finetune_dtvu_steps_1/acc@05 = 0.7500  
2025-02-27 02:40:02.144  val_finetune_dtvu_steps_1/acc@10 = 0.8000  
2025-02-27 02:40:02.144  val_finetune_dtvu_steps_1/acc@20 = 0.8500  
2025-02-27 02:40:02.144  
  
2025-02-27 02:40:02.186  
  
2025-02-27 02:40:02.187  [VAL_FINETUNE_DTVU_STEPS_3] epoch_06  
2025-02-27 02:40:02.187  =============================================  
2025-02-27 02:40:02.187  val_finetune_dtvu_steps_3/loss = 3.0737  
2025-02-27 02:40:02.187  val_finetune_dtvu_steps_3/acc@01 = 0.3833  
2025-02-27 02:40:02.187  val_finetune_dtvu_steps_3/acc@05 = 0.7167  
2025-02-27 02:40:02.187  val_finetune_dtvu_steps_3/acc@10 = 0.7833  
2025-02-27 02:40:02.187  val_finetune_dtvu_steps_3/acc@20 = 0.8000  
2025-02-27 02:40:02.187  
  
2025-02-27 02:40:02.534  
  
2025-02-27 02:40:02.534  [TRN] epoch_07  
2025-02-27 02:40:02.534  =============================================  
2025-02-27 02:40:02.535  trn/loss = 3.3212  
2025-02-27 02:40:02.535  trn/acc@01 = 0.2970  
2025-02-27 02:40:02.535  trn/acc@05 = 0.5941  
2025-02-27 02:40:02.535  trn/acc@10 = 0.6931  
2025-02-27 02:40:02.535  trn/acc@20 = 0.7901  
2025-02-27 02:40:02.535  
  
2025-02-27 02:40:02.577  
  
2025-02-27 02:40:02.577  [VAL_FINETUNE_DTVU_STEPS_1] epoch_07  
2025-02-27 02:40:02.577  =============================================  
2025-02-27 02:40:02.578  val_finetune_dtvu_steps_1/loss = 2.8025  
2025-02-27 02:40:02.578  val_finetune_dtvu_steps_1/acc@01 = 0.4500  
2025-02-27 02:40:02.578  val_finetune_dtvu_steps_1/acc@05 = 0.7500  
2025-02-27 02:40:02.578  val_finetune_dtvu_steps_1/acc@10 = 0.8500  
2025-02-27 02:40:02.578  val_finetune_dtvu_steps_1/acc@20 = 0.8500  
2025-02-27 02:40:02.578  
  
2025-02-27 02:40:02.617  
  
2025-02-27 02:40:02.617  [VAL_FINETUNE_DTVU_STEPS_3] epoch_07  
2025-02-27 02:40:02.618  =============================================  
2025-02-27 02:40:02.618  val_finetune_dtvu_steps_3/loss = 3.0712  
2025-02-27 02:40:02.618  val_finetune_dtvu_steps_3/acc@01 = 0.4000  
2025-02-27 02:40:02.618  val_finetune_dtvu_steps_3/acc@05 = 0.7167  
2025-02-27 02:40:02.618  val_finetune_dtvu_steps_3/acc@10 = 0.8000  
2025-02-27 02:40:02.618  val_finetune_dtvu_steps_3/acc@20 = 0.8167  
2025-02-27 02:40:02.618  
  
2025-02-27 02:40:02.968  
  
2025-02-27 02:40:02.968  [TRN] epoch_08  
2025-02-27 02:40:02.968  =============================================  
2025-02-27 02:40:02.968  trn/loss = 3.4185  
2025-02-27 02:40:02.968  trn/acc@01 = 0.2960  
2025-02-27 02:40:02.968  trn/acc@05 = 0.5580  
2025-02-27 02:40:02.969  trn/acc@10 = 0.6680  
2025-02-27 02:40:02.969  trn/acc@20 = 0.7860  
2025-02-27 02:40:02.969  
  
2025-02-27 02:40:03.007  
  
2025-02-27 02:40:03.007  [VAL_FINETUNE_DTVU_STEPS_1] epoch_08  
2025-02-27 02:40:03.007  =============================================  
2025-02-27 02:40:03.007  val_finetune_dtvu_steps_1/loss = 2.6773  
2025-02-27 02:40:03.007  val_finetune_dtvu_steps_1/acc@01 = 0.4500  
2025-02-27 02:40:03.007  val_finetune_dtvu_steps_1/acc@05 = 0.8500  
2025-02-27 02:40:03.007  val_finetune_dtvu_steps_1/acc@10 = 0.8500  
2025-02-27 02:40:03.007  val_finetune_dtvu_steps_1/acc@20 = 0.8500  
2025-02-27 02:40:03.007  
  
2025-02-27 02:40:03.050  
  
2025-02-27 02:40:03.050  [VAL_FINETUNE_DTVU_STEPS_3] epoch_08  
2025-02-27 02:40:03.050  =============================================  
2025-02-27 02:40:03.050  val_finetune_dtvu_steps_3/loss = 2.9627  
2025-02-27 02:40:03.050  val_finetune_dtvu_steps_3/acc@01 = 0.4000  
2025-02-27 02:40:03.050  val_finetune_dtvu_steps_3/acc@05 = 0.7500  
2025-02-27 02:40:03.050  val_finetune_dtvu_steps_3/acc@10 = 0.8000  
2025-02-27 02:40:03.051  val_finetune_dtvu_steps_3/acc@20 = 0.8167  
2025-02-27 02:40:03.051  
  
2025-02-27 02:40:03.359  
  
2025-02-27 02:40:03.359  [TRN] epoch_09  
2025-02-27 02:40:03.359  =============================================  
2025-02-27 02:40:03.359  trn/loss = 3.1975  
2025-02-27 02:40:03.359  trn/acc@01 = 0.2905  
2025-02-27 02:40:03.359  trn/acc@05 = 0.5811  
2025-02-27 02:40:03.359  trn/acc@10 = 0.7095  
2025-02-27 02:40:03.359  trn/acc@20 = 0.8400  
2025-02-27 02:40:03.359  
  
2025-02-27 02:40:03.405  
  
2025-02-27 02:40:03.405  [VAL_FINETUNE_DTVU_STEPS_1] epoch_09  
2025-02-27 02:40:03.405  =============================================  
2025-02-27 02:40:03.405  val_finetune_dtvu_steps_1/loss = 2.6721  
2025-02-27 02:40:03.406  val_finetune_dtvu_steps_1/acc@01 = 0.4500  
2025-02-27 02:40:03.406  val_finetune_dtvu_steps_1/acc@05 = 0.8000  
2025-02-27 02:40:03.406  val_finetune_dtvu_steps_1/acc@10 = 0.8500  
2025-02-27 02:40:03.406  val_finetune_dtvu_steps_1/acc@20 = 0.8500  
2025-02-27 02:40:03.406  
  
2025-02-27 02:40:03.449  
  
2025-02-27 02:40:03.449  [VAL_FINETUNE_DTVU_STEPS_3] epoch_09  
2025-02-27 02:40:03.450  =============================================  
2025-02-27 02:40:03.450  val_finetune_dtvu_steps_3/loss = 2.9850  
2025-02-27 02:40:03.450  val_finetune_dtvu_steps_3/acc@01 = 0.4000  
2025-02-27 02:40:03.450  val_finetune_dtvu_steps_3/acc@05 = 0.7333  
2025-02-27 02:40:03.450  val_finetune_dtvu_steps_3/acc@10 = 0.8000  
2025-02-27 02:40:03.450  val_finetune_dtvu_steps_3/acc@20 = 0.8500  
2025-02-27 02:40:03.450  
  
2025-02-27 02:40:03.778  
  
2025-02-27 02:40:03.778  [TRN] epoch_10  
2025-02-27 02:40:03.778  =============================================  
2025-02-27 02:40:03.778  trn/loss = 3.2577  
2025-02-27 02:40:03.778  trn/acc@01 = 0.2679  
2025-02-27 02:40:03.778  trn/acc@05 = 0.5642  
2025-02-27 02:40:03.778  trn/acc@10 = 0.6623  
2025-02-27 02:40:03.778  trn/acc@20 = 0.8113  
2025-02-27 02:40:03.778  
  
2025-02-27 02:40:03.826  
  
2025-02-27 02:40:03.826  [VAL_FINETUNE_DTVU_STEPS_1] epoch_10  
2025-02-27 02:40:03.826  =============================================  
2025-02-27 02:40:03.826  val_finetune_dtvu_steps_1/loss = 2.8524  
2025-02-27 02:40:03.826  val_finetune_dtvu_steps_1/acc@01 = 0.4000  
2025-02-27 02:40:03.826  val_finetune_dtvu_steps_1/acc@05 = 0.7500  
2025-02-27 02:40:03.826  val_finetune_dtvu_steps_1/acc@10 = 0.8000  
2025-02-27 02:40:03.826  val_finetune_dtvu_steps_1/acc@20 = 0.8500  
2025-02-27 02:40:03.826  
  
2025-02-27 02:40:03.858  
  
2025-02-27 02:40:03.858  [VAL_FINETUNE_DTVU_STEPS_3] epoch_10  
2025-02-27 02:40:03.858  =============================================  
2025-02-27 02:40:03.858  val_finetune_dtvu_steps_3/loss = 3.0054  
2025-02-27 02:40:03.858  val_finetune_dtvu_steps_3/acc@01 = 0.4000  
2025-02-27 02:40:03.858  val_finetune_dtvu_steps_3/acc@05 = 0.7167  
2025-02-27 02:40:03.858  val_finetune_dtvu_steps_3/acc@10 = 0.7833  
2025-02-27 02:40:03.858  val_finetune_dtvu_steps_3/acc@20 = 0.8167  
2025-02-27 02:40:03.858  
  
2025-02-27 02:40:04.207  
  
2025-02-27 02:40:04.207  [TRN] epoch_11  
2025-02-27 02:40:04.207  =============================================  
2025-02-27 02:40:04.207  trn/loss = 3.3272  
2025-02-27 02:40:04.207  trn/acc@01 = 0.3079  
2025-02-27 02:40:04.207  trn/acc@05 = 0.5303  
2025-02-27 02:40:04.207  trn/acc@10 = 0.6719  
2025-02-27 02:40:04.207  trn/acc@20 = 0.8202  
2025-02-27 02:40:04.207  
  
2025-02-27 02:40:04.255  
  
2025-02-27 02:40:04.255  [VAL_FINETUNE_DTVU_STEPS_1] epoch_11  
2025-02-27 02:40:04.255  =============================================  
2025-02-27 02:40:04.255  val_finetune_dtvu_steps_1/loss = 2.6667  
2025-02-27 02:40:04.255  val_finetune_dtvu_steps_1/acc@01 = 0.4500  
2025-02-27 02:40:04.255  val_finetune_dtvu_steps_1/acc@05 = 0.8000  
2025-02-27 02:40:04.255  val_finetune_dtvu_steps_1/acc@10 = 0.8500  
2025-02-27 02:40:04.255  val_finetune_dtvu_steps_1/acc@20 = 0.8500  
2025-02-27 02:40:04.255  
  
2025-02-27 02:40:04.287  
  
2025-02-27 02:40:04.287  [VAL_FINETUNE_DTVU_STEPS_3] epoch_11  
2025-02-27 02:40:04.287  =============================================  
2025-02-27 02:40:04.287  val_finetune_dtvu_steps_3/loss = 2.9474  
2025-02-27 02:40:04.287  val_finetune_dtvu_steps_3/acc@01 = 0.4000  
2025-02-27 02:40:04.287  val_finetune_dtvu_steps_3/acc@05 = 0.7167  
2025-02-27 02:40:04.287  val_finetune_dtvu_steps_3/acc@10 = 0.8000  
2025-02-27 02:40:04.287  val_finetune_dtvu_steps_3/acc@20 = 0.8167  
2025-02-27 02:40:04.287  
  
2025-02-27 02:40:04.636  
  
2025-02-27 02:40:04.636  [TRN] epoch_12  
2025-02-27 02:40:04.636  =============================================  
2025-02-27 02:40:04.636  trn/loss = 3.1568  
2025-02-27 02:40:04.636  trn/acc@01 = 0.3304  
2025-02-27 02:40:04.636  trn/acc@05 = 0.5913  
2025-02-27 02:40:04.636  trn/acc@10 = 0.7391  
2025-02-27 02:40:04.636  trn/acc@20 = 0.8370  
2025-02-27 02:40:04.636  
  
2025-02-27 02:40:04.668  
  
2025-02-27 02:40:04.668  [VAL_FINETUNE_DTVU_STEPS_1] epoch_12  
2025-02-27 02:40:04.668  =============================================  
2025-02-27 02:40:04.668  val_finetune_dtvu_steps_1/loss = 2.7416  
2025-02-27 02:40:04.668  val_finetune_dtvu_steps_1/acc@01 = 0.4000  
2025-02-27 02:40:04.668  val_finetune_dtvu_steps_1/acc@05 = 0.8000  
2025-02-27 02:40:04.668  val_finetune_dtvu_steps_1/acc@10 = 0.8500  
2025-02-27 02:40:04.668  val_finetune_dtvu_steps_1/acc@20 = 0.8500  
2025-02-27 02:40:04.668  
  
2025-02-27 02:40:04.716  
  
2025-02-27 02:40:04.716  [VAL_FINETUNE_DTVU_STEPS_3] epoch_12  
2025-02-27 02:40:04.716  =============================================  
2025-02-27 02:40:04.716  val_finetune_dtvu_steps_3/loss = 2.9871  
2025-02-27 02:40:04.716  val_finetune_dtvu_steps_3/acc@01 = 0.3833  
2025-02-27 02:40:04.716  val_finetune_dtvu_steps_3/acc@05 = 0.7167  
2025-02-27 02:40:04.716  val_finetune_dtvu_steps_3/acc@10 = 0.7833  
2025-02-27 02:40:04.716  val_finetune_dtvu_steps_3/acc@20 = 0.8167  
2025-02-27 02:40:04.716  
  
2025-02-27 02:40:05.066  
  
2025-02-27 02:40:05.066  [TRN] epoch_13  
2025-02-27 02:40:05.066  =============================================  
2025-02-27 02:40:05.066  trn/loss = 2.9496  
2025-02-27 02:40:05.066  trn/acc@01 = 0.3920  
2025-02-27 02:40:05.066  trn/acc@05 = 0.6080  
2025-02-27 02:40:05.066  trn/acc@10 = 0.7340  
2025-02-27 02:40:05.066  trn/acc@20 = 0.8460  
2025-02-27 02:40:05.066  
  
2025-02-27 02:40:05.098  
  
2025-02-27 02:40:05.098  [VAL_FINETUNE_DTVU_STEPS_1] epoch_13  
2025-02-27 02:40:05.098  =============================================  
2025-02-27 02:40:05.098  val_finetune_dtvu_steps_1/loss = 2.7288  
2025-02-27 02:40:05.098  val_finetune_dtvu_steps_1/acc@01 = 0.4500  
2025-02-27 02:40:05.098  val_finetune_dtvu_steps_1/acc@05 = 0.7500  
2025-02-27 02:40:05.098  val_finetune_dtvu_steps_1/acc@10 = 0.8500  
2025-02-27 02:40:05.098  val_finetune_dtvu_steps_1/acc@20 = 0.9000  
2025-02-27 02:40:05.098  
  
2025-02-27 02:40:05.146  
  
2025-02-27 02:40:05.146  [VAL_FINETUNE_DTVU_STEPS_3] epoch_13  
2025-02-27 02:40:05.146  =============================================  
2025-02-27 02:40:05.146  val_finetune_dtvu_steps_3/loss = 2.9788  
2025-02-27 02:40:05.146  val_finetune_dtvu_steps_3/acc@01 = 0.4000  
2025-02-27 02:40:05.146  val_finetune_dtvu_steps_3/acc@05 = 0.7167  
2025-02-27 02:40:05.146  val_finetune_dtvu_steps_3/acc@10 = 0.8000  
2025-02-27 02:40:05.146  val_finetune_dtvu_steps_3/acc@20 = 0.8500  
2025-02-27 02:40:05.146  
  
2025-02-27 02:40:05.498  
  
2025-02-27 02:40:05.498  [TRN] epoch_14  
2025-02-27 02:40:05.498  =============================================  
2025-02-27 02:40:05.498  trn/loss = 3.0783  
2025-02-27 02:40:05.498  trn/acc@01 = 0.3000  
2025-02-27 02:40:05.498  trn/acc@05 = 0.5760  
2025-02-27 02:40:05.498  trn/acc@10 = 0.7360  
2025-02-27 02:40:05.498  trn/acc@20 = 0.8720  
2025-02-27 02:40:05.498  
  
2025-02-27 02:40:05.529  
  
2025-02-27 02:40:05.529  [VAL_FINETUNE_DTVU_STEPS_1] epoch_14  
2025-02-27 02:40:05.529  =============================================  
2025-02-27 02:40:05.529  val_finetune_dtvu_steps_1/loss = 2.7319  
2025-02-27 02:40:05.529  val_finetune_dtvu_steps_1/acc@01 = 0.4000  
2025-02-27 02:40:05.529  val_finetune_dtvu_steps_1/acc@05 = 0.7500  
2025-02-27 02:40:05.529  val_finetune_dtvu_steps_1/acc@10 = 0.8500  
2025-02-27 02:40:05.529  val_finetune_dtvu_steps_1/acc@20 = 0.8500  
2025-02-27 02:40:05.529  
  
2025-02-27 02:40:05.576  
  
2025-02-27 02:40:05.576  [VAL_FINETUNE_DTVU_STEPS_3] epoch_14  
2025-02-27 02:40:05.576  =============================================  
2025-02-27 02:40:05.576  val_finetune_dtvu_steps_3/loss = 2.9417  
2025-02-27 02:40:05.576  val_finetune_dtvu_steps_3/acc@01 = 0.3833  
2025-02-27 02:40:05.576  val_finetune_dtvu_steps_3/acc@05 = 0.7000  
2025-02-27 02:40:05.576  val_finetune_dtvu_steps_3/acc@10 = 0.7833  
2025-02-27 02:40:05.576  val_finetune_dtvu_steps_3/acc@20 = 0.8167  
2025-02-27 02:40:05.576  
  
2025-02-27 02:40:05.895  
  
2025-02-27 02:40:05.895  [TRN] epoch_15  
2025-02-27 02:40:05.895  =============================================  
2025-02-27 02:40:05.895  trn/loss = 3.0755  
2025-02-27 02:40:05.895  trn/acc@01 = 0.3158  
2025-02-27 02:40:05.895  trn/acc@05 = 0.5874  
2025-02-27 02:40:05.895  trn/acc@10 = 0.7158  
2025-02-27 02:40:05.895  trn/acc@20 = 0.8295  
2025-02-27 02:40:05.895  
  
2025-02-27 02:40:05.943  
  
2025-02-27 02:40:05.943  [VAL_FINETUNE_DTVU_STEPS_1] epoch_15  
2025-02-27 02:40:05.943  =============================================  
2025-02-27 02:40:05.943  val_finetune_dtvu_steps_1/loss = 2.6393  
2025-02-27 02:40:05.943  val_finetune_dtvu_steps_1/acc@01 = 0.4000  
2025-02-27 02:40:05.943  val_finetune_dtvu_steps_1/acc@05 = 0.8500  
2025-02-27 02:40:05.943  val_finetune_dtvu_steps_1/acc@10 = 0.8500  
2025-02-27 02:40:05.943  val_finetune_dtvu_steps_1/acc@20 = 0.8500  
2025-02-27 02:40:05.943  
  
2025-02-27 02:40:05.975  
  
2025-02-27 02:40:05.975  [VAL_FINETUNE_DTVU_STEPS_3] epoch_15  
2025-02-27 02:40:05.975  =============================================  
2025-02-27 02:40:05.975  val_finetune_dtvu_steps_3/loss = 2.9165  
2025-02-27 02:40:05.975  val_finetune_dtvu_steps_3/acc@01 = 0.3833  
2025-02-27 02:40:05.975  val_finetune_dtvu_steps_3/acc@05 = 0.7500  
2025-02-27 02:40:05.975  val_finetune_dtvu_steps_3/acc@10 = 0.7833  
2025-02-27 02:40:05.975  val_finetune_dtvu_steps_3/acc@20 = 0.8167  
2025-02-27 02:40:05.975  
  
2025-02-27 02:40:06.292  
  
2025-02-27 02:40:06.292  [TRN] epoch_16  
2025-02-27 02:40:06.292  =============================================  
2025-02-27 02:40:06.292  trn/loss = 2.9091  
2025-02-27 02:40:06.292  trn/acc@01 = 0.2860  
2025-02-27 02:40:06.292  trn/acc@05 = 0.5920  
2025-02-27 02:40:06.292  trn/acc@10 = 0.7220  
2025-02-27 02:40:06.292  trn/acc@20 = 0.8780  
2025-02-27 02:40:06.292  
  
2025-02-27 02:40:06.324  
  
2025-02-27 02:40:06.324  [VAL_FINETUNE_DTVU_STEPS_1] epoch_16  
2025-02-27 02:40:06.324  =============================================  
2025-02-27 02:40:06.324  val_finetune_dtvu_steps_1/loss = 2.6086  
2025-02-27 02:40:06.324  val_finetune_dtvu_steps_1/acc@01 = 0.4000  
2025-02-27 02:40:06.324  val_finetune_dtvu_steps_1/acc@05 = 0.8500  
2025-02-27 02:40:06.324  val_finetune_dtvu_steps_1/acc@10 = 0.8500  
2025-02-27 02:40:06.324  val_finetune_dtvu_steps_1/acc@20 = 0.8500  
2025-02-27 02:40:06.324  
  
2025-02-27 02:40:06.372  
  
2025-02-27 02:40:06.372  [VAL_FINETUNE_DTVU_STEPS_3] epoch_16  
2025-02-27 02:40:06.372  =============================================  
2025-02-27 02:40:06.372  val_finetune_dtvu_steps_3/loss = 2.9358  
2025-02-27 02:40:06.372  val_finetune_dtvu_steps_3/acc@01 = 0.3833  
2025-02-27 02:40:06.372  val_finetune_dtvu_steps_3/acc@05 = 0.7667  
2025-02-27 02:40:06.372  val_finetune_dtvu_steps_3/acc@10 = 0.7833  
2025-02-27 02:40:06.372  val_finetune_dtvu_steps_3/acc@20 = 0.8000  
2025-02-27 02:40:06.372  
  
2025-02-27 02:40:06.690  
  
2025-02-27 02:40:06.690  [TRN] epoch_17  
2025-02-27 02:40:06.690  =============================================  
2025-02-27 02:40:06.690  trn/loss = 2.9391  
2025-02-27 02:40:06.690  trn/acc@01 = 0.3146  
2025-02-27 02:40:06.690  trn/acc@05 = 0.6208  
2025-02-27 02:40:06.690  trn/acc@10 = 0.7271  
2025-02-27 02:40:06.690  trn/acc@20 = 0.8438  
2025-02-27 02:40:06.690  
  
2025-02-27 02:40:06.733  
  
2025-02-27 02:40:06.733  [VAL_FINETUNE_DTVU_STEPS_1] epoch_17  
2025-02-27 02:40:06.733  =============================================  
2025-02-27 02:40:06.733  val_finetune_dtvu_steps_1/loss = 2.6111  
2025-02-27 02:40:06.733  val_finetune_dtvu_steps_1/acc@01 = 0.4000  
2025-02-27 02:40:06.733  val_finetune_dtvu_steps_1/acc@05 = 0.8500  
2025-02-27 02:40:06.733  val_finetune_dtvu_steps_1/acc@10 = 0.8500  
2025-02-27 02:40:06.733  val_finetune_dtvu_steps_1/acc@20 = 0.8500  
2025-02-27 02:40:06.733  
  
2025-02-27 02:40:06.770  
  
2025-02-27 02:40:06.770  [VAL_FINETUNE_DTVU_STEPS_3] epoch_17  
2025-02-27 02:40:06.770  =============================================  
2025-02-27 02:40:06.770  val_finetune_dtvu_steps_3/loss = 2.9283  
2025-02-27 02:40:06.770  val_finetune_dtvu_steps_3/acc@01 = 0.3833  
2025-02-27 02:40:06.770  val_finetune_dtvu_steps_3/acc@05 = 0.7500  
2025-02-27 02:40:06.770  val_finetune_dtvu_steps_3/acc@10 = 0.7833  
2025-02-27 02:40:06.770  val_finetune_dtvu_steps_3/acc@20 = 0.8167  
2025-02-27 02:40:06.770  
  
2025-02-27 02:40:07.072  
  
2025-02-27 02:40:07.072  [TRN] epoch_18  
2025-02-27 02:40:07.072  =============================================  
2025-02-27 02:40:07.072  trn/loss = 2.8237  
2025-02-27 02:40:07.072  trn/acc@01 = 0.3423  
2025-02-27 02:40:07.072  trn/acc@05 = 0.6154  
2025-02-27 02:40:07.072  trn/acc@10 = 0.7519  
2025-02-27 02:40:07.072  trn/acc@20 = 0.8731  
2025-02-27 02:40:07.072  
  
2025-02-27 02:40:07.104  
  
2025-02-27 02:40:07.104  [VAL_FINETUNE_DTVU_STEPS_1] epoch_18  
2025-02-27 02:40:07.104  =============================================  
2025-02-27 02:40:07.104  val_finetune_dtvu_steps_1/loss = 2.6476  
2025-02-27 02:40:07.104  val_finetune_dtvu_steps_1/acc@01 = 0.4000  
2025-02-27 02:40:07.104  val_finetune_dtvu_steps_1/acc@05 = 0.8000  
2025-02-27 02:40:07.104  val_finetune_dtvu_steps_1/acc@10 = 0.8500  
2025-02-27 02:40:07.120  val_finetune_dtvu_steps_1/acc@20 = 0.9000  
2025-02-27 02:40:07.120  
  
2025-02-27 02:40:07.154  
  
2025-02-27 02:40:07.154  [VAL_FINETUNE_DTVU_STEPS_3] epoch_18  
2025-02-27 02:40:07.154  =============================================  
2025-02-27 02:40:07.154  val_finetune_dtvu_steps_3/loss = 2.9257  
2025-02-27 02:40:07.154  val_finetune_dtvu_steps_3/acc@01 = 0.3833  
2025-02-27 02:40:07.154  val_finetune_dtvu_steps_3/acc@05 = 0.7167  
2025-02-27 02:40:07.154  val_finetune_dtvu_steps_3/acc@10 = 0.7667  
2025-02-27 02:40:07.154  val_finetune_dtvu_steps_3/acc@20 = 0.8333  
2025-02-27 02:40:07.154  
  
2025-02-27 02:40:07.469  
  
2025-02-27 02:40:07.469  [TRN] epoch_19  
2025-02-27 02:40:07.469  =============================================  
2025-02-27 02:40:07.469  trn/loss = 2.9200  
2025-02-27 02:40:07.469  trn/acc@01 = 0.2897  
2025-02-27 02:40:07.469  trn/acc@05 = 0.5981  
2025-02-27 02:40:07.469  trn/acc@10 = 0.7215  
2025-02-27 02:40:07.469  trn/acc@20 = 0.8617  
2025-02-27 02:40:07.469  
  
2025-02-27 02:40:07.517  
  
2025-02-27 02:40:07.517  [VAL_FINETUNE_DTVU_STEPS_1] epoch_19  
2025-02-27 02:40:07.517  =============================================  
2025-02-27 02:40:07.517  val_finetune_dtvu_steps_1/loss = 2.6496  
2025-02-27 02:40:07.517  val_finetune_dtvu_steps_1/acc@01 = 0.4000  
2025-02-27 02:40:07.517  val_finetune_dtvu_steps_1/acc@05 = 0.8000  
2025-02-27 02:40:07.517  val_finetune_dtvu_steps_1/acc@10 = 0.8500  
2025-02-27 02:40:07.517  val_finetune_dtvu_steps_1/acc@20 = 0.9000  
2025-02-27 02:40:07.517  
  
2025-02-27 02:40:07.565  
  
2025-02-27 02:40:07.565  [VAL_FINETUNE_DTVU_STEPS_3] epoch_19  
2025-02-27 02:40:07.565  =============================================  
2025-02-27 02:40:07.565  val_finetune_dtvu_steps_3/loss = 2.9205  
2025-02-27 02:40:07.565  val_finetune_dtvu_steps_3/acc@01 = 0.3833  
2025-02-27 02:40:07.565  val_finetune_dtvu_steps_3/acc@05 = 0.7500  
2025-02-27 02:40:07.565  val_finetune_dtvu_steps_3/acc@10 = 0.7833  
2025-02-27 02:40:07.565  val_finetune_dtvu_steps_3/acc@20 = 0.8333  
2025-02-27 02:40:07.565  
  
2025-02-27 02:40:07.884  
  
2025-02-27 02:40:07.884  [TRN] epoch_20  
2025-02-27 02:40:07.884  =============================================  
2025-02-27 02:40:07.884  trn/loss = 2.8397  
2025-02-27 02:40:07.884  trn/acc@01 = 0.3184  
2025-02-27 02:40:07.884  trn/acc@05 = 0.6245  
2025-02-27 02:40:07.884  trn/acc@10 = 0.7531  
2025-02-27 02:40:07.884  trn/acc@20 = 0.8714  
2025-02-27 02:40:07.884  
  
2025-02-27 02:40:07.918  
  
2025-02-27 02:40:07.918  [VAL_FINETUNE_DTVU_STEPS_1] epoch_20  
2025-02-27 02:40:07.918  =============================================  
2025-02-27 02:40:07.918  val_finetune_dtvu_steps_1/loss = 2.6355  
2025-02-27 02:40:07.918  val_finetune_dtvu_steps_1/acc@01 = 0.3500  
2025-02-27 02:40:07.918  val_finetune_dtvu_steps_1/acc@05 = 0.8000  
2025-02-27 02:40:07.918  val_finetune_dtvu_steps_1/acc@10 = 0.8500  
2025-02-27 02:40:07.918  val_finetune_dtvu_steps_1/acc@20 = 0.9000  
2025-02-27 02:40:07.918  
  
2025-02-27 02:40:07.963  
  
2025-02-27 02:40:07.963  [VAL_FINETUNE_DTVU_STEPS_3] epoch_20  
2025-02-27 02:40:07.963  =============================================  
2025-02-27 02:40:07.963  val_finetune_dtvu_steps_3/loss = 2.9889  
2025-02-27 02:40:07.963  val_finetune_dtvu_steps_3/acc@01 = 0.3667  
2025-02-27 02:40:07.963  val_finetune_dtvu_steps_3/acc@05 = 0.7333  
2025-02-27 02:40:07.963  val_finetune_dtvu_steps_3/acc@10 = 0.7833  
2025-02-27 02:40:07.963  val_finetune_dtvu_steps_3/acc@20 = 0.8500  
2025-02-27 02:40:07.963  
  
2025-02-27 02:40:08.281  
  
2025-02-27 02:40:08.281  [TRN] epoch_21  
2025-02-27 02:40:08.281  =============================================  
2025-02-27 02:40:08.281  trn/loss = 2.8504  
2025-02-27 02:40:08.281  trn/acc@01 = 0.3078  
2025-02-27 02:40:08.281  trn/acc@05 = 0.6314  
2025-02-27 02:40:08.281  trn/acc@10 = 0.7471  
2025-02-27 02:40:08.281  trn/acc@20 = 0.8686  
2025-02-27 02:40:08.281  
  
2025-02-27 02:40:08.313  
  
2025-02-27 02:40:08.313  [VAL_FINETUNE_DTVU_STEPS_1] epoch_21  
2025-02-27 02:40:08.313  =============================================  
2025-02-27 02:40:08.313  val_finetune_dtvu_steps_1/loss = 2.7195  
2025-02-27 02:40:08.313  val_finetune_dtvu_steps_1/acc@01 = 0.4500  
2025-02-27 02:40:08.313  val_finetune_dtvu_steps_1/acc@05 = 0.8000  
2025-02-27 02:40:08.313  val_finetune_dtvu_steps_1/acc@10 = 0.8500  
2025-02-27 02:40:08.313  val_finetune_dtvu_steps_1/acc@20 = 0.9000  
2025-02-27 02:40:08.313  
  
2025-02-27 02:40:08.361  
  
2025-02-27 02:40:08.361  [VAL_FINETUNE_DTVU_STEPS_3] epoch_21  
2025-02-27 02:40:08.361  =============================================  
2025-02-27 02:40:08.361  val_finetune_dtvu_steps_3/loss = 2.9504  
2025-02-27 02:40:08.361  val_finetune_dtvu_steps_3/acc@01 = 0.3667  
2025-02-27 02:40:08.361  val_finetune_dtvu_steps_3/acc@05 = 0.7000  
2025-02-27 02:40:08.361  val_finetune_dtvu_steps_3/acc@10 = 0.7667  
2025-02-27 02:40:08.361  val_finetune_dtvu_steps_3/acc@20 = 0.8333  
2025-02-27 02:40:08.361  
  
2025-02-27 02:40:08.680  
  
2025-02-27 02:40:08.680  [TRN] epoch_22  
2025-02-27 02:40:08.680  =============================================  
2025-02-27 02:40:08.680  trn/loss = 2.9132  
2025-02-27 02:40:08.680  trn/acc@01 = 0.3276  
2025-02-27 02:40:08.680  trn/acc@05 = 0.6038  
2025-02-27 02:40:08.680  trn/acc@10 = 0.7352  
2025-02-27 02:40:08.680  trn/acc@20 = 0.8571  
2025-02-27 02:40:08.680  
  
2025-02-27 02:40:08.727  
  
2025-02-27 02:40:08.727  [VAL_FINETUNE_DTVU_STEPS_1] epoch_22  
2025-02-27 02:40:08.727  =============================================  
2025-02-27 02:40:08.727  val_finetune_dtvu_steps_1/loss = 2.6906  
2025-02-27 02:40:08.727  val_finetune_dtvu_steps_1/acc@01 = 0.4000  
2025-02-27 02:40:08.727  val_finetune_dtvu_steps_1/acc@05 = 0.8000  
2025-02-27 02:40:08.727  val_finetune_dtvu_steps_1/acc@10 = 0.8500  
2025-02-27 02:40:08.727  val_finetune_dtvu_steps_1/acc@20 = 0.8500  
2025-02-27 02:40:08.727  
  
2025-02-27 02:40:08.759  
  
2025-02-27 02:40:08.759  [VAL_FINETUNE_DTVU_STEPS_3] epoch_22  
2025-02-27 02:40:08.759  =============================================  
2025-02-27 02:40:08.759  val_finetune_dtvu_steps_3/loss = 2.8602  
2025-02-27 02:40:08.759  val_finetune_dtvu_steps_3/acc@01 = 0.3833  
2025-02-27 02:40:08.759  val_finetune_dtvu_steps_3/acc@05 = 0.7500  
2025-02-27 02:40:08.759  val_finetune_dtvu_steps_3/acc@10 = 0.7833  
2025-02-27 02:40:08.759  val_finetune_dtvu_steps_3/acc@20 = 0.8000  
2025-02-27 02:40:08.759  
  
2025-02-27 02:40:09.107  
  
2025-02-27 02:40:09.107  [TRN] epoch_23  
2025-02-27 02:40:09.107  =============================================  
2025-02-27 02:40:09.107  trn/loss = 2.8477  
2025-02-27 02:40:09.107  trn/acc@01 = 0.3146  
2025-02-27 02:40:09.107  trn/acc@05 = 0.6155  
2025-02-27 02:40:09.107  trn/acc@10 = 0.7340  
2025-02-27 02:40:09.107  trn/acc@20 = 0.8660  
2025-02-27 02:40:09.107  
  
2025-02-27 02:40:09.139  
  
2025-02-27 02:40:09.139  [VAL_FINETUNE_DTVU_STEPS_1] epoch_23  
2025-02-27 02:40:09.139  =============================================  
2025-02-27 02:40:09.139  val_finetune_dtvu_steps_1/loss = 2.5674  
2025-02-27 02:40:09.139  val_finetune_dtvu_steps_1/acc@01 = 0.4500  
2025-02-27 02:40:09.139  val_finetune_dtvu_steps_1/acc@05 = 0.8500  
2025-02-27 02:40:09.139  val_finetune_dtvu_steps_1/acc@10 = 0.8500  
2025-02-27 02:40:09.139  val_finetune_dtvu_steps_1/acc@20 = 0.9000  
2025-02-27 02:40:09.139  
  
2025-02-27 02:40:09.171  
  
2025-02-27 02:40:09.171  [VAL_FINETUNE_DTVU_STEPS_3] epoch_23  
2025-02-27 02:40:09.171  =============================================  
2025-02-27 02:40:09.171  val_finetune_dtvu_steps_3/loss = 2.8742  
2025-02-27 02:40:09.171  val_finetune_dtvu_steps_3/acc@01 = 0.4167  
2025-02-27 02:40:09.171  val_finetune_dtvu_steps_3/acc@05 = 0.7833  
2025-02-27 02:40:09.171  val_finetune_dtvu_steps_3/acc@10 = 0.7833  
2025-02-27 02:40:09.171  val_finetune_dtvu_steps_3/acc@20 = 0.8333  
2025-02-27 02:40:09.171  
  
2025-02-27 02:40:09.522  
  
2025-02-27 02:40:09.522  [TRN] epoch_24  
2025-02-27 02:40:09.522  =============================================  
2025-02-27 02:40:09.522  trn/loss = 2.6872  
2025-02-27 02:40:09.522  trn/acc@01 = 0.3612  
2025-02-27 02:40:09.522  trn/acc@05 = 0.6485  
2025-02-27 02:40:09.522  trn/acc@10 = 0.7845  
2025-02-27 02:40:09.522  trn/acc@20 = 0.8816  
2025-02-27 02:40:09.522  
  
2025-02-27 02:40:09.557  
  
2025-02-27 02:40:09.557  [VAL_FINETUNE_DTVU_STEPS_1] epoch_24  
2025-02-27 02:40:09.557  =============================================  
2025-02-27 02:40:09.557  val_finetune_dtvu_steps_1/loss = 2.6528  
2025-02-27 02:40:09.557  val_finetune_dtvu_steps_1/acc@01 = 0.4000  
2025-02-27 02:40:09.557  val_finetune_dtvu_steps_1/acc@05 = 0.8000  
2025-02-27 02:40:09.557  val_finetune_dtvu_steps_1/acc@10 = 0.8500  
2025-02-27 02:40:09.557  val_finetune_dtvu_steps_1/acc@20 = 0.8500  
2025-02-27 02:40:09.557  
  
2025-02-27 02:40:09.586  
  
2025-02-27 02:40:09.586  [VAL_FINETUNE_DTVU_STEPS_3] epoch_24  
2025-02-27 02:40:09.586  =============================================  
2025-02-27 02:40:09.586  val_finetune_dtvu_steps_3/loss = 2.9091  
2025-02-27 02:40:09.586  val_finetune_dtvu_steps_3/acc@01 = 0.4000  
2025-02-27 02:40:09.586  val_finetune_dtvu_steps_3/acc@05 = 0.7167  
2025-02-27 02:40:09.586  val_finetune_dtvu_steps_3/acc@10 = 0.7833  
2025-02-27 02:40:09.586  val_finetune_dtvu_steps_3/acc@20 = 0.8000  
2025-02-27 02:40:09.586  
  
2025-02-27 02:40:09.937  
  
2025-02-27 02:40:09.937  [TRN] epoch_25  
2025-02-27 02:40:09.937  =============================================  
2025-02-27 02:40:09.937  trn/loss = 2.5465  
2025-02-27 02:40:09.937  trn/acc@01 = 0.3634  
2025-02-27 02:40:09.937  trn/acc@05 = 0.6860  
2025-02-27 02:40:09.937  trn/acc@10 = 0.7892  
2025-02-27 02:40:09.937  trn/acc@20 = 0.9054  
2025-02-27 02:40:09.937  
  
2025-02-27 02:40:09.969  
  
2025-02-27 02:40:09.969  [VAL_FINETUNE_DTVU_STEPS_1] epoch_25  
2025-02-27 02:40:09.969  =============================================  
2025-02-27 02:40:09.969  val_finetune_dtvu_steps_1/loss = 2.5273  
2025-02-27 02:40:09.969  val_finetune_dtvu_steps_1/acc@01 = 0.4000  
2025-02-27 02:40:09.969  val_finetune_dtvu_steps_1/acc@05 = 0.8500  
2025-02-27 02:40:09.969  val_finetune_dtvu_steps_1/acc@10 = 0.8500  
2025-02-27 02:40:09.969  val_finetune_dtvu_steps_1/acc@20 = 0.8500  
2025-02-27 02:40:09.969  
  
2025-02-27 02:40:10.001  
  
2025-02-27 02:40:10.001  [VAL_FINETUNE_DTVU_STEPS_3] epoch_25  
2025-02-27 02:40:10.001  =============================================  
2025-02-27 02:40:10.001  val_finetune_dtvu_steps_3/loss = 2.8744  
2025-02-27 02:40:10.001  val_finetune_dtvu_steps_3/acc@01 = 0.4000  
2025-02-27 02:40:10.001  val_finetune_dtvu_steps_3/acc@05 = 0.7500  
2025-02-27 02:40:10.001  val_finetune_dtvu_steps_3/acc@10 = 0.7833  
2025-02-27 02:40:10.001  val_finetune_dtvu_steps_3/acc@20 = 0.8000  
2025-02-27 02:40:10.001  
  
2025-02-27 02:40:10.333  
  
2025-02-27 02:40:10.333  [TRN] epoch_26  
2025-02-27 02:40:10.333  =============================================  
2025-02-27 02:40:10.333  trn/loss = 2.8405  
2025-02-27 02:40:10.333  trn/acc@01 = 0.3293  
2025-02-27 02:40:10.333  trn/acc@05 = 0.5980  
2025-02-27 02:40:10.333  trn/acc@10 = 0.7455  
2025-02-27 02:40:10.333  trn/acc@20 = 0.8525  
2025-02-27 02:40:10.333  
  
2025-02-27 02:40:10.365  
  
2025-02-27 02:40:10.365  [VAL_FINETUNE_DTVU_STEPS_1] epoch_26  
2025-02-27 02:40:10.365  =============================================  
2025-02-27 02:40:10.365  val_finetune_dtvu_steps_1/loss = 2.6176  
2025-02-27 02:40:10.365  val_finetune_dtvu_steps_1/acc@01 = 0.4000  
2025-02-27 02:40:10.365  val_finetune_dtvu_steps_1/acc@05 = 0.8000  
2025-02-27 02:40:10.365  val_finetune_dtvu_steps_1/acc@10 = 0.8500  
2025-02-27 02:40:10.365  val_finetune_dtvu_steps_1/acc@20 = 0.9000  
2025-02-27 02:40:10.365  
  
2025-02-27 02:40:10.396  
  
2025-02-27 02:40:10.396  [VAL_FINETUNE_DTVU_STEPS_3] epoch_26  
2025-02-27 02:40:10.396  =============================================  
2025-02-27 02:40:10.396  val_finetune_dtvu_steps_3/loss = 2.9041  
2025-02-27 02:40:10.396  val_finetune_dtvu_steps_3/acc@01 = 0.3833  
2025-02-27 02:40:10.396  val_finetune_dtvu_steps_3/acc@05 = 0.7167  
2025-02-27 02:40:10.396  val_finetune_dtvu_steps_3/acc@10 = 0.7667  
2025-02-27 02:40:10.396  val_finetune_dtvu_steps_3/acc@20 = 0.8167  
2025-02-27 02:40:10.396  
  
2025-02-27 02:40:10.731  
  
2025-02-27 02:40:10.731  [TRN] epoch_27  
2025-02-27 02:40:10.731  =============================================  
2025-02-27 02:40:10.731  trn/loss = 2.7236  
2025-02-27 02:40:10.731  trn/acc@01 = 0.3480  
2025-02-27 02:40:10.731  trn/acc@05 = 0.6400  
2025-02-27 02:40:10.731  trn/acc@10 = 0.7700  
2025-02-27 02:40:10.731  trn/acc@20 = 0.8540  
2025-02-27 02:40:10.731  
  
2025-02-27 02:40:10.766  
  
2025-02-27 02:40:10.766  [VAL_FINETUNE_DTVU_STEPS_1] epoch_27  
2025-02-27 02:40:10.766  =============================================  
2025-02-27 02:40:10.766  val_finetune_dtvu_steps_1/loss = 2.5756  
2025-02-27 02:40:10.766  val_finetune_dtvu_steps_1/acc@01 = 0.4000  
2025-02-27 02:40:10.766  val_finetune_dtvu_steps_1/acc@05 = 0.7500  
2025-02-27 02:40:10.766  val_finetune_dtvu_steps_1/acc@10 = 0.8500  
2025-02-27 02:40:10.766  val_finetune_dtvu_steps_1/acc@20 = 0.8500  
2025-02-27 02:40:10.766  
  
2025-02-27 02:40:10.802  
  
2025-02-27 02:40:10.802  [VAL_FINETUNE_DTVU_STEPS_3] epoch_27  
2025-02-27 02:40:10.804  =============================================  
2025-02-27 02:40:10.804  val_finetune_dtvu_steps_3/loss = 2.9077  
2025-02-27 02:40:10.804  val_finetune_dtvu_steps_3/acc@01 = 0.3833  
2025-02-27 02:40:10.804  val_finetune_dtvu_steps_3/acc@05 = 0.7000  
2025-02-27 02:40:10.804  val_finetune_dtvu_steps_3/acc@10 = 0.7667  
2025-02-27 02:40:10.804  val_finetune_dtvu_steps_3/acc@20 = 0.8000  
2025-02-27 02:40:10.804  
  
2025-02-27 02:40:11.134  
  
2025-02-27 02:40:11.134  [TRN] epoch_28  
2025-02-27 02:40:11.134  =============================================  
2025-02-27 02:40:11.134  trn/loss = 2.3804  
2025-02-27 02:40:11.134  trn/acc@01 = 0.4211  
2025-02-27 02:40:11.134  trn/acc@05 = 0.6926  
2025-02-27 02:40:11.134  trn/acc@10 = 0.7895  
2025-02-27 02:40:11.134  trn/acc@20 = 0.9011  
2025-02-27 02:40:11.134  
  
2025-02-27 02:40:11.165  
  
2025-02-27 02:40:11.165  [VAL_FINETUNE_DTVU_STEPS_1] epoch_28  
2025-02-27 02:40:11.165  =============================================  
2025-02-27 02:40:11.165  val_finetune_dtvu_steps_1/loss = 2.7939  
2025-02-27 02:40:11.165  val_finetune_dtvu_steps_1/acc@01 = 0.4000  
2025-02-27 02:40:11.165  val_finetune_dtvu_steps_1/acc@05 = 0.7500  
2025-02-27 02:40:11.165  val_finetune_dtvu_steps_1/acc@10 = 0.8500  
2025-02-27 02:40:11.165  val_finetune_dtvu_steps_1/acc@20 = 0.9000  
2025-02-27 02:40:11.165  
  
2025-02-27 02:40:11.213  
  
2025-02-27 02:40:11.213  [VAL_FINETUNE_DTVU_STEPS_3] epoch_28  
2025-02-27 02:40:11.213  =============================================  
2025-02-27 02:40:11.213  val_finetune_dtvu_steps_3/loss = 2.9214  
2025-02-27 02:40:11.213  val_finetune_dtvu_steps_3/acc@01 = 0.3833  
2025-02-27 02:40:11.213  val_finetune_dtvu_steps_3/acc@05 = 0.7333  
2025-02-27 02:40:11.213  val_finetune_dtvu_steps_3/acc@10 = 0.7833  
2025-02-27 02:40:11.213  val_finetune_dtvu_steps_3/acc@20 = 0.8333  
2025-02-27 02:40:11.213  
  
2025-02-27 02:40:11.527  
  
2025-02-27 02:40:11.527  [TRN] epoch_29  
2025-02-27 02:40:11.527  =============================================  
2025-02-27 02:40:11.527  trn/loss = 2.5830  
2025-02-27 02:40:11.527  trn/acc@01 = 0.3409  
2025-02-27 02:40:11.527  trn/acc@05 = 0.6455  
2025-02-27 02:40:11.527  trn/acc@10 = 0.7705  
2025-02-27 02:40:11.527  trn/acc@20 = 0.8864  
2025-02-27 02:40:11.527  
  
2025-02-27 02:40:11.574  
  
2025-02-27 02:40:11.574  [VAL_FINETUNE_DTVU_STEPS_1] epoch_29  
2025-02-27 02:40:11.574  =============================================  
2025-02-27 02:40:11.574  val_finetune_dtvu_steps_1/loss = 2.6358  
2025-02-27 02:40:11.574  val_finetune_dtvu_steps_1/acc@01 = 0.4000  
2025-02-27 02:40:11.574  val_finetune_dtvu_steps_1/acc@05 = 0.8000  
2025-02-27 02:40:11.574  val_finetune_dtvu_steps_1/acc@10 = 0.8500  
2025-02-27 02:40:11.574  val_finetune_dtvu_steps_1/acc@20 = 0.8500  
2025-02-27 02:40:11.574  
  
2025-02-27 02:40:11.611  
  
2025-02-27 02:40:11.611  [VAL_FINETUNE_DTVU_STEPS_3] epoch_29  
2025-02-27 02:40:11.611  =============================================  
2025-02-27 02:40:11.611  val_finetune_dtvu_steps_3/loss = 2.9224  
2025-02-27 02:40:11.611  val_finetune_dtvu_steps_3/acc@01 = 0.3833  
2025-02-27 02:40:11.611  val_finetune_dtvu_steps_3/acc@05 = 0.7333  
2025-02-27 02:40:11.611  val_finetune_dtvu_steps_3/acc@10 = 0.7500  
2025-02-27 02:40:11.611  val_finetune_dtvu_steps_3/acc@20 = 0.7833  
2025-02-27 02:40:11.611  
  
2025-02-27 02:40:11.921  
  
2025-02-27 02:40:11.921  [TRN] epoch_30  
2025-02-27 02:40:11.921  =============================================  
2025-02-27 02:40:11.921  trn/loss = 2.5718  
2025-02-27 02:40:11.921  trn/acc@01 = 0.3658  
2025-02-27 02:40:11.921  trn/acc@05 = 0.6486  
2025-02-27 02:40:11.921  trn/acc@10 = 0.7658  
2025-02-27 02:40:11.921  trn/acc@20 = 0.8883  
2025-02-27 02:40:11.921  
  
2025-02-27 02:40:11.966  
  
2025-02-27 02:40:11.966  [VAL_FINETUNE_DTVU_STEPS_1] epoch_30  
2025-02-27 02:40:11.966  =============================================  
2025-02-27 02:40:11.966  val_finetune_dtvu_steps_1/loss = 2.5957  
2025-02-27 02:40:11.966  val_finetune_dtvu_steps_1/acc@01 = 0.4500  
2025-02-27 02:40:11.966  val_finetune_dtvu_steps_1/acc@05 = 0.8500  
2025-02-27 02:40:11.966  val_finetune_dtvu_steps_1/acc@10 = 0.8500  
2025-02-27 02:40:11.966  val_finetune_dtvu_steps_1/acc@20 = 0.8500  
2025-02-27 02:40:11.966  
  
2025-02-27 02:40:12.007  
  
2025-02-27 02:40:12.007  [VAL_FINETUNE_DTVU_STEPS_3] epoch_30  
2025-02-27 02:40:12.007  =============================================  
2025-02-27 02:40:12.007  val_finetune_dtvu_steps_3/loss = 2.8493  
2025-02-27 02:40:12.007  val_finetune_dtvu_steps_3/acc@01 = 0.4167  
2025-02-27 02:40:12.007  val_finetune_dtvu_steps_3/acc@05 = 0.7333  
2025-02-27 02:40:12.007  val_finetune_dtvu_steps_3/acc@10 = 0.7667  
2025-02-27 02:40:12.007  val_finetune_dtvu_steps_3/acc@20 = 0.8000  
2025-02-27 02:40:12.007  
  
2025-02-27 02:40:12.331  
  
2025-02-27 02:40:12.331  [TRN] epoch_31  
2025-02-27 02:40:12.331  =============================================  
2025-02-27 02:40:12.331  trn/loss = 2.6244  
2025-02-27 02:40:12.331  trn/acc@01 = 0.3309  
2025-02-27 02:40:12.331  trn/acc@05 = 0.6455  
2025-02-27 02:40:12.331  trn/acc@10 = 0.7855  
2025-02-27 02:40:12.331  trn/acc@20 = 0.9036  
2025-02-27 02:40:12.331  
  
2025-02-27 02:40:12.378  
  
2025-02-27 02:40:12.378  [VAL_FINETUNE_DTVU_STEPS_1] epoch_31  
2025-02-27 02:40:12.378  =============================================  
2025-02-27 02:40:12.378  val_finetune_dtvu_steps_1/loss = 2.6117  
2025-02-27 02:40:12.378  val_finetune_dtvu_steps_1/acc@01 = 0.3500  
2025-02-27 02:40:12.378  val_finetune_dtvu_steps_1/acc@05 = 0.8500  
2025-02-27 02:40:12.378  val_finetune_dtvu_steps_1/acc@10 = 0.8500  
2025-02-27 02:40:12.378  val_finetune_dtvu_steps_1/acc@20 = 0.9000  
2025-02-27 02:40:12.378  
  
2025-02-27 02:40:12.417  
  
2025-02-27 02:40:12.417  [VAL_FINETUNE_DTVU_STEPS_3] epoch_31  
2025-02-27 02:40:12.417  =============================================  
2025-02-27 02:40:12.417  val_finetune_dtvu_steps_3/loss = 2.8805  
2025-02-27 02:40:12.417  val_finetune_dtvu_steps_3/acc@01 = 0.3667  
2025-02-27 02:40:12.417  val_finetune_dtvu_steps_3/acc@05 = 0.7167  
2025-02-27 02:40:12.417  val_finetune_dtvu_steps_3/acc@10 = 0.8000  
2025-02-27 02:40:12.417  val_finetune_dtvu_steps_3/acc@20 = 0.8167  
2025-02-27 02:40:12.417  
  
2025-02-27 02:40:12.741  
  
2025-02-27 02:40:12.741  [TRN] epoch_32  
2025-02-27 02:40:12.741  =============================================  
2025-02-27 02:40:12.741  trn/loss = 2.5597  
2025-02-27 02:40:12.741  trn/acc@01 = 0.3596  
2025-02-27 02:40:12.741  trn/acc@05 = 0.6532  
2025-02-27 02:40:12.741  trn/acc@10 = 0.7851  
2025-02-27 02:40:12.741  trn/acc@20 = 0.8702  
2025-02-27 02:40:12.741  
  
2025-02-27 02:40:12.771  
  
2025-02-27 02:40:12.771  [VAL_FINETUNE_DTVU_STEPS_1] epoch_32  
2025-02-27 02:40:12.771  =============================================  
2025-02-27 02:40:12.771  val_finetune_dtvu_steps_1/loss = 2.5577  
2025-02-27 02:40:12.771  val_finetune_dtvu_steps_1/acc@01 = 0.4000  
2025-02-27 02:40:12.771  val_finetune_dtvu_steps_1/acc@05 = 0.8500  
2025-02-27 02:40:12.771  val_finetune_dtvu_steps_1/acc@10 = 0.9000  
2025-02-27 02:40:12.771  val_finetune_dtvu_steps_1/acc@20 = 0.9000  
2025-02-27 02:40:12.771  
  
2025-02-27 02:40:12.825  
  
2025-02-27 02:40:12.825  [VAL_FINETUNE_DTVU_STEPS_3] epoch_32  
2025-02-27 02:40:12.825  =============================================  
2025-02-27 02:40:12.825  val_finetune_dtvu_steps_3/loss = 2.8522  
2025-02-27 02:40:12.825  val_finetune_dtvu_steps_3/acc@01 = 0.3500  
2025-02-27 02:40:12.825  val_finetune_dtvu_steps_3/acc@05 = 0.7500  
2025-02-27 02:40:12.825  val_finetune_dtvu_steps_3/acc@10 = 0.8167  
2025-02-27 02:40:12.825  val_finetune_dtvu_steps_3/acc@20 = 0.8167  
2025-02-27 02:40:12.825  
  
2025-02-27 02:40:13.174  
  
2025-02-27 02:40:13.174  [TRN] epoch_33  
2025-02-27 02:40:13.174  =============================================  
2025-02-27 02:40:13.174  trn/loss = 2.4993  
2025-02-27 02:40:13.174  trn/acc@01 = 0.3767  
2025-02-27 02:40:13.174  trn/acc@05 = 0.6641  
2025-02-27 02:40:13.174  trn/acc@10 = 0.8000  
2025-02-27 02:40:13.174  trn/acc@20 = 0.9068  
2025-02-27 02:40:13.174  
  
2025-02-27 02:40:13.213  
  
2025-02-27 02:40:13.213  [VAL_FINETUNE_DTVU_STEPS_1] epoch_33  
2025-02-27 02:40:13.213  =============================================  
2025-02-27 02:40:13.213  val_finetune_dtvu_steps_1/loss = 2.6599  
2025-02-27 02:40:13.213  val_finetune_dtvu_steps_1/acc@01 = 0.4000  
2025-02-27 02:40:13.213  val_finetune_dtvu_steps_1/acc@05 = 0.7500  
2025-02-27 02:40:13.213  val_finetune_dtvu_steps_1/acc@10 = 0.9000  
2025-02-27 02:40:13.213  val_finetune_dtvu_steps_1/acc@20 = 0.9000  
2025-02-27 02:40:13.213  
  
2025-02-27 02:40:13.257  
  
2025-02-27 02:40:13.257  [VAL_FINETUNE_DTVU_STEPS_3] epoch_33  
2025-02-27 02:40:13.257  =============================================  
2025-02-27 02:40:13.257  val_finetune_dtvu_steps_3/loss = 2.8435  
2025-02-27 02:40:13.257  val_finetune_dtvu_steps_3/acc@01 = 0.4333  
2025-02-27 02:40:13.257  val_finetune_dtvu_steps_3/acc@05 = 0.7167  
2025-02-27 02:40:13.257  val_finetune_dtvu_steps_3/acc@10 = 0.7833  
2025-02-27 02:40:13.257  val_finetune_dtvu_steps_3/acc@20 = 0.8167  
2025-02-27 02:40:13.257  
  
2025-02-27 02:40:13.590  
  
2025-02-27 02:40:13.590  [TRN] epoch_34  
2025-02-27 02:40:13.590  =============================================  
2025-02-27 02:40:13.590  trn/loss = 2.4628  
2025-02-27 02:40:13.590  trn/acc@01 = 0.3838  
2025-02-27 02:40:13.590  trn/acc@05 = 0.6626  
2025-02-27 02:40:13.590  trn/acc@10 = 0.7859  
2025-02-27 02:40:13.590  trn/acc@20 = 0.9172  
2025-02-27 02:40:13.590  
  
2025-02-27 02:40:13.621  
  
2025-02-27 02:40:13.621  [VAL_FINETUNE_DTVU_STEPS_1] epoch_34  
2025-02-27 02:40:13.621  =============================================  
2025-02-27 02:40:13.621  val_finetune_dtvu_steps_1/loss = 2.7123  
2025-02-27 02:40:13.621  val_finetune_dtvu_steps_1/acc@01 = 0.3500  
2025-02-27 02:40:13.621  val_finetune_dtvu_steps_1/acc@05 = 0.8000  
2025-02-27 02:40:13.621  val_finetune_dtvu_steps_1/acc@10 = 0.9000  
2025-02-27 02:40:13.621  val_finetune_dtvu_steps_1/acc@20 = 0.9000  
2025-02-27 02:40:13.621  
  
2025-02-27 02:40:13.669  
  
2025-02-27 02:40:13.679  [VAL_FINETUNE_DTVU_STEPS_3] epoch_34  
2025-02-27 02:40:13.679  =============================================  
2025-02-27 02:40:13.679  val_finetune_dtvu_steps_3/loss = 2.8928  
2025-02-27 02:40:13.679  val_finetune_dtvu_steps_3/acc@01 = 0.3667  
2025-02-27 02:40:13.679  val_finetune_dtvu_steps_3/acc@05 = 0.7500  
2025-02-27 02:40:13.679  val_finetune_dtvu_steps_3/acc@10 = 0.7833  
2025-02-27 02:40:13.679  val_finetune_dtvu_steps_3/acc@20 = 0.8000  
2025-02-27 02:40:13.679  
  
2025-02-27 02:40:14.017  
  
2025-02-27 02:40:14.032  [TRN] epoch_35  
2025-02-27 02:40:14.032  =============================================  
2025-02-27 02:40:14.032  trn/loss = 2.5784  
2025-02-27 02:40:14.032  trn/acc@01 = 0.3179  
2025-02-27 02:40:14.032  trn/acc@05 = 0.6779  
2025-02-27 02:40:14.032  trn/acc@10 = 0.8000  
2025-02-27 02:40:14.032  trn/acc@20 = 0.9242  
2025-02-27 02:40:14.032  
  
2025-02-27 02:40:14.064  
  
2025-02-27 02:40:14.064  [VAL_FINETUNE_DTVU_STEPS_1] epoch_35  
2025-02-27 02:40:14.064  =============================================  
2025-02-27 02:40:14.064  val_finetune_dtvu_steps_1/loss = 2.5203  
2025-02-27 02:40:14.064  val_finetune_dtvu_steps_1/acc@01 = 0.3500  
2025-02-27 02:40:14.064  val_finetune_dtvu_steps_1/acc@05 = 0.8500  
2025-02-27 02:40:14.064  val_finetune_dtvu_steps_1/acc@10 = 0.8500  
2025-02-27 02:40:14.064  val_finetune_dtvu_steps_1/acc@20 = 0.9000  
2025-02-27 02:40:14.064  
  
2025-02-27 02:40:14.095  
  
2025-02-27 02:40:14.095  [VAL_FINETUNE_DTVU_STEPS_3] epoch_35  
2025-02-27 02:40:14.095  =============================================  
2025-02-27 02:40:14.095  val_finetune_dtvu_steps_3/loss = 2.7261  
2025-02-27 02:40:14.095  val_finetune_dtvu_steps_3/acc@01 = 0.4000  
2025-02-27 02:40:14.095  val_finetune_dtvu_steps_3/acc@05 = 0.7667  
2025-02-27 02:40:14.095  val_finetune_dtvu_steps_3/acc@10 = 0.8000  
2025-02-27 02:40:14.095  val_finetune_dtvu_steps_3/acc@20 = 0.8167  
2025-02-27 02:40:14.095  
  
2025-02-27 02:40:14.442  
  
2025-02-27 02:40:14.458  [TRN] epoch_36  
2025-02-27 02:40:14.458  =============================================  
2025-02-27 02:40:14.458  trn/loss = 2.4744  
2025-02-27 02:40:14.458  trn/acc@01 = 0.3624  
2025-02-27 02:40:14.458  trn/acc@05 = 0.7050  
2025-02-27 02:40:14.458  trn/acc@10 = 0.8079  
2025-02-27 02:40:14.458  trn/acc@20 = 0.9188  
2025-02-27 02:40:14.458  
  
2025-02-27 02:40:14.492  
  
2025-02-27 02:40:14.492  [VAL_FINETUNE_DTVU_STEPS_1] epoch_36  
2025-02-27 02:40:14.492  =============================================  
2025-02-27 02:40:14.492  val_finetune_dtvu_steps_1/loss = 2.4693  
2025-02-27 02:40:14.492  val_finetune_dtvu_steps_1/acc@01 = 0.4500  
2025-02-27 02:40:14.492  val_finetune_dtvu_steps_1/acc@05 = 0.8500  
2025-02-27 02:40:14.492  val_finetune_dtvu_steps_1/acc@10 = 0.9000  
2025-02-27 02:40:14.492  val_finetune_dtvu_steps_1/acc@20 = 0.9000  
2025-02-27 02:40:14.492  
  
2025-02-27 02:40:14.522  
  
2025-02-27 02:40:14.522  [VAL_FINETUNE_DTVU_STEPS_3] epoch_36  
2025-02-27 02:40:14.522  =============================================  
2025-02-27 02:40:14.522  val_finetune_dtvu_steps_3/loss = 2.9017  
2025-02-27 02:40:14.522  val_finetune_dtvu_steps_3/acc@01 = 0.3833  
2025-02-27 02:40:14.522  val_finetune_dtvu_steps_3/acc@05 = 0.7333  
2025-02-27 02:40:14.522  val_finetune_dtvu_steps_3/acc@10 = 0.7833  
2025-02-27 02:40:14.522  val_finetune_dtvu_steps_3/acc@20 = 0.8000  
2025-02-27 02:40:14.522  
  
2025-02-27 02:40:14.870  
  
2025-02-27 02:40:14.870  [TRN] epoch_37  
2025-02-27 02:40:14.870  =============================================  
2025-02-27 02:40:14.870  trn/loss = 2.2518  
2025-02-27 02:40:14.870  trn/acc@01 = 0.4275  
2025-02-27 02:40:14.870  trn/acc@05 = 0.7137  
2025-02-27 02:40:14.870  trn/acc@10 = 0.8176  
2025-02-27 02:40:14.870  trn/acc@20 = 0.9216  
2025-02-27 02:40:14.870  
  
2025-02-27 02:40:14.909  
  
2025-02-27 02:40:14.909  [VAL_FINETUNE_DTVU_STEPS_1] epoch_37  
2025-02-27 02:40:14.909  =============================================  
2025-02-27 02:40:14.909  val_finetune_dtvu_steps_1/loss = 2.6372  
2025-02-27 02:40:14.909  val_finetune_dtvu_steps_1/acc@01 = 0.3500  
2025-02-27 02:40:14.909  val_finetune_dtvu_steps_1/acc@05 = 0.8500  
2025-02-27 02:40:14.909  val_finetune_dtvu_steps_1/acc@10 = 0.9000  
2025-02-27 02:40:14.909  val_finetune_dtvu_steps_1/acc@20 = 0.9000  
2025-02-27 02:40:14.909  
  
2025-02-27 02:40:14.947  
  
2025-02-27 02:40:14.947  [VAL_FINETUNE_DTVU_STEPS_3] epoch_37  
2025-02-27 02:40:14.947  =============================================  
2025-02-27 02:40:14.947  val_finetune_dtvu_steps_3/loss = 2.8293  
2025-02-27 02:40:14.947  val_finetune_dtvu_steps_3/acc@01 = 0.4000  
2025-02-27 02:40:14.947  val_finetune_dtvu_steps_3/acc@05 = 0.7667  
2025-02-27 02:40:14.947  val_finetune_dtvu_steps_3/acc@10 = 0.7833  
2025-02-27 02:40:14.947  val_finetune_dtvu_steps_3/acc@20 = 0.8167  
2025-02-27 02:40:14.947  
  
2025-02-27 02:40:15.310  
  
2025-02-27 02:40:15.310  [TRN] epoch_38  
2025-02-27 02:40:15.310  =============================================  
2025-02-27 02:40:15.310  trn/loss = 2.3381  
2025-02-27 02:40:15.310  trn/acc@01 = 0.3838  
2025-02-27 02:40:15.310  trn/acc@05 = 0.7414  
2025-02-27 02:40:15.310  trn/acc@10 = 0.8424  
2025-02-27 02:40:15.310  trn/acc@20 = 0.9434  
2025-02-27 02:40:15.310  
  
2025-02-27 02:40:15.342  
  
2025-02-27 02:40:15.342  [VAL_FINETUNE_DTVU_STEPS_1] epoch_38  
2025-02-27 02:40:15.342  =============================================  
2025-02-27 02:40:15.342  val_finetune_dtvu_steps_1/loss = 2.4372  
2025-02-27 02:40:15.342  val_finetune_dtvu_steps_1/acc@01 = 0.4000  
2025-02-27 02:40:15.342  val_finetune_dtvu_steps_1/acc@05 = 0.8000  
2025-02-27 02:40:15.342  val_finetune_dtvu_steps_1/acc@10 = 0.9000  
2025-02-27 02:40:15.342  val_finetune_dtvu_steps_1/acc@20 = 0.9000  
2025-02-27 02:40:15.342  
  
2025-02-27 02:40:15.386  
  
2025-02-27 02:40:15.388  [VAL_FINETUNE_DTVU_STEPS_3] epoch_38  
2025-02-27 02:40:15.388  =============================================  
2025-02-27 02:40:15.388  val_finetune_dtvu_steps_3/loss = 2.7403  
2025-02-27 02:40:15.388  val_finetune_dtvu_steps_3/acc@01 = 0.4000  
2025-02-27 02:40:15.388  val_finetune_dtvu_steps_3/acc@05 = 0.7333  
2025-02-27 02:40:15.388  val_finetune_dtvu_steps_3/acc@10 = 0.7833  
2025-02-27 02:40:15.388  val_finetune_dtvu_steps_3/acc@20 = 0.8167  
2025-02-27 02:40:15.388  
  
2025-02-27 02:40:15.729  
  
2025-02-27 02:40:15.729  [TRN] epoch_39  
2025-02-27 02:40:15.729  =============================================  
2025-02-27 02:40:15.729  trn/loss = 2.3284  
2025-02-27 02:40:15.729  trn/acc@01 = 0.4088  
2025-02-27 02:40:15.729  trn/acc@05 = 0.7150  
2025-02-27 02:40:15.729  trn/acc@10 = 0.8248  
2025-02-27 02:40:15.729  trn/acc@20 = 0.9239  
2025-02-27 02:40:15.729  
  
2025-02-27 02:40:15.768  
  
2025-02-27 02:40:15.768  [VAL_FINETUNE_DTVU_STEPS_1] epoch_39  
2025-02-27 02:40:15.768  =============================================  
2025-02-27 02:40:15.768  val_finetune_dtvu_steps_1/loss = 2.6464  
2025-02-27 02:40:15.768  val_finetune_dtvu_steps_1/acc@01 = 0.4000  
2025-02-27 02:40:15.768  val_finetune_dtvu_steps_1/acc@05 = 0.8000  
2025-02-27 02:40:15.768  val_finetune_dtvu_steps_1/acc@10 = 0.9000  
2025-02-27 02:40:15.768  val_finetune_dtvu_steps_1/acc@20 = 0.9000  
2025-02-27 02:40:15.768  
  
2025-02-27 02:40:15.797  
  
2025-02-27 02:40:15.797  [VAL_FINETUNE_DTVU_STEPS_3] epoch_39  
2025-02-27 02:40:15.797  =============================================  
2025-02-27 02:40:15.797  val_finetune_dtvu_steps_3/loss = 2.7964  
2025-02-27 02:40:15.797  val_finetune_dtvu_steps_3/acc@01 = 0.4333  
2025-02-27 02:40:15.797  val_finetune_dtvu_steps_3/acc@05 = 0.7333  
2025-02-27 02:40:15.797  val_finetune_dtvu_steps_3/acc@10 = 0.8000  
2025-02-27 02:40:15.797  val_finetune_dtvu_steps_3/acc@20 = 0.8000  
2025-02-27 02:40:15.797  
  
2025-02-27 02:40:16.155  
  
2025-02-27 02:40:16.155  [TRN] epoch_40  
2025-02-27 02:40:16.155  =============================================  
2025-02-27 02:40:16.162  trn/loss = 2.4131  
2025-02-27 02:40:16.162  trn/acc@01 = 0.3424  
2025-02-27 02:40:16.162  trn/acc@05 = 0.7153  
2025-02-27 02:40:16.162  trn/acc@10 = 0.8373  
2025-02-27 02:40:16.162  trn/acc@20 = 0.9441  
2025-02-27 02:40:16.162  
  
2025-02-27 02:40:16.199  
  
2025-02-27 02:40:16.199  [VAL_FINETUNE_DTVU_STEPS_1] epoch_40  
2025-02-27 02:40:16.199  =============================================  
2025-02-27 02:40:16.199  val_finetune_dtvu_steps_1/loss = 2.5037  
2025-02-27 02:40:16.199  val_finetune_dtvu_steps_1/acc@01 = 0.3500  
2025-02-27 02:40:16.199  val_finetune_dtvu_steps_1/acc@05 = 0.8500  
2025-02-27 02:40:16.199  val_finetune_dtvu_steps_1/acc@10 = 0.9000  
2025-02-27 02:40:16.199  val_finetune_dtvu_steps_1/acc@20 = 0.9000  
2025-02-27 02:40:16.199  
  
2025-02-27 02:40:16.234  
  
2025-02-27 02:40:16.234  [VAL_FINETUNE_DTVU_STEPS_3] epoch_40  
2025-02-27 02:40:16.234  =============================================  
2025-02-27 02:40:16.234  val_finetune_dtvu_steps_3/loss = 2.6367  
2025-02-27 02:40:16.234  val_finetune_dtvu_steps_3/acc@01 = 0.4000  
2025-02-27 02:40:16.234  val_finetune_dtvu_steps_3/acc@05 = 0.7667  
2025-02-27 02:40:16.234  val_finetune_dtvu_steps_3/acc@10 = 0.7833  
2025-02-27 02:40:16.234  val_finetune_dtvu_steps_3/acc@20 = 0.8333  
2025-02-27 02:40:16.234  
  
2025-02-27 02:40:16.747  
  
2025-02-27 02:40:16.747  [TRN] epoch_41  
2025-02-27 02:40:16.747  =============================================  
2025-02-27 02:40:16.747  trn/loss = 2.3339  
2025-02-27 02:40:16.747  trn/acc@01 = 0.3817  
2025-02-27 02:40:16.747  trn/acc@05 = 0.7266  
2025-02-27 02:40:16.747  trn/acc@10 = 0.8477  
2025-02-27 02:40:16.747  trn/acc@20 = 0.9303  
2025-02-27 02:40:16.747  
  
2025-02-27 02:40:16.797  
  
2025-02-27 02:40:16.799  [VAL_FINETUNE_DTVU_STEPS_1] epoch_41  
2025-02-27 02:40:16.799  =============================================  
2025-02-27 02:40:16.799  val_finetune_dtvu_steps_1/loss = 2.2814  
2025-02-27 02:40:16.799  val_finetune_dtvu_steps_1/acc@01 = 0.4500  
2025-02-27 02:40:16.799  val_finetune_dtvu_steps_1/acc@05 = 0.8500  
2025-02-27 02:40:16.799  val_finetune_dtvu_steps_1/acc@10 = 0.9000  
2025-02-27 02:40:16.799  val_finetune_dtvu_steps_1/acc@20 = 0.9000  
2025-02-27 02:40:16.799  
  
2025-02-27 02:40:16.849  
  
2025-02-27 02:40:16.849  [VAL_FINETUNE_DTVU_STEPS_3] epoch_41  
2025-02-27 02:40:16.849  =============================================  
2025-02-27 02:40:16.849  val_finetune_dtvu_steps_3/loss = 2.5890  
2025-02-27 02:40:16.849  val_finetune_dtvu_steps_3/acc@01 = 0.4333  
2025-02-27 02:40:16.849  val_finetune_dtvu_steps_3/acc@05 = 0.7667  
2025-02-27 02:40:16.849  val_finetune_dtvu_steps_3/acc@10 = 0.8333  
2025-02-27 02:40:16.849  val_finetune_dtvu_steps_3/acc@20 = 0.8333  
2025-02-27 02:40:16.849  
  
2025-02-27 02:40:17.196  
  
2025-02-27 02:40:17.196  [TRN] epoch_42  
2025-02-27 02:40:17.196  =============================================  
2025-02-27 02:40:17.196  trn/loss = 2.2542  
2025-02-27 02:40:17.196  trn/acc@01 = 0.3935  
2025-02-27 02:40:17.198  trn/acc@05 = 0.7283  
2025-02-27 02:40:17.198  trn/acc@10 = 0.8478  
2025-02-27 02:40:17.198  trn/acc@20 = 0.9587  
2025-02-27 02:40:17.198  
  
2025-02-27 02:40:17.237  
  
2025-02-27 02:40:17.237  [VAL_FINETUNE_DTVU_STEPS_1] epoch_42  
2025-02-27 02:40:17.237  =============================================  
2025-02-27 02:40:17.237  val_finetune_dtvu_steps_1/loss = 2.7326  
2025-02-27 02:40:17.237  val_finetune_dtvu_steps_1/acc@01 = 0.3000  
2025-02-27 02:40:17.237  val_finetune_dtvu_steps_1/acc@05 = 0.8000  
2025-02-27 02:40:17.237  val_finetune_dtvu_steps_1/acc@10 = 0.8500  
2025-02-27 02:40:17.237  val_finetune_dtvu_steps_1/acc@20 = 0.9000  
2025-02-27 02:40:17.237  
  
2025-02-27 02:40:17.269  
  
2025-02-27 02:40:17.269  [VAL_FINETUNE_DTVU_STEPS_3] epoch_42  
2025-02-27 02:40:17.269  =============================================  
2025-02-27 02:40:17.269  val_finetune_dtvu_steps_3/loss = 2.8315  
2025-02-27 02:40:17.269  val_finetune_dtvu_steps_3/acc@01 = 0.3500  
2025-02-27 02:40:17.269  val_finetune_dtvu_steps_3/acc@05 = 0.7500  
2025-02-27 02:40:17.269  val_finetune_dtvu_steps_3/acc@10 = 0.7667  
2025-02-27 02:40:17.269  val_finetune_dtvu_steps_3/acc@20 = 0.8167  
2025-02-27 02:40:17.269  
  
2025-02-27 02:40:17.598  
  
2025-02-27 02:40:17.598  [TRN] epoch_43  
2025-02-27 02:40:17.598  =============================================  
2025-02-27 02:40:17.598  trn/loss = 2.1900  
2025-02-27 02:40:17.598  trn/acc@01 = 0.4318  
2025-02-27 02:40:17.598  trn/acc@05 = 0.7626  
2025-02-27 02:40:17.598  trn/acc@10 = 0.8748  
2025-02-27 02:40:17.598  trn/acc@20 = 0.9346  
2025-02-27 02:40:17.598  
  
2025-02-27 02:40:17.629  
  
2025-02-27 02:40:17.629  [VAL_FINETUNE_DTVU_STEPS_1] epoch_43  
2025-02-27 02:40:17.629  =============================================  
2025-02-27 02:40:17.629  val_finetune_dtvu_steps_1/loss = 2.6069  
2025-02-27 02:40:17.629  val_finetune_dtvu_steps_1/acc@01 = 0.4500  
2025-02-27 02:40:17.629  val_finetune_dtvu_steps_1/acc@05 = 0.7500  
2025-02-27 02:40:17.629  val_finetune_dtvu_steps_1/acc@10 = 0.8000  
2025-02-27 02:40:17.629  val_finetune_dtvu_steps_1/acc@20 = 0.9000  
2025-02-27 02:40:17.629  
  
2025-02-27 02:40:17.680  
  
2025-02-27 02:40:17.680  [VAL_FINETUNE_DTVU_STEPS_3] epoch_43  
2025-02-27 02:40:17.680  =============================================  
2025-02-27 02:40:17.680  val_finetune_dtvu_steps_3/loss = 2.7443  
2025-02-27 02:40:17.680  val_finetune_dtvu_steps_3/acc@01 = 0.4500  
2025-02-27 02:40:17.680  val_finetune_dtvu_steps_3/acc@05 = 0.7167  
2025-02-27 02:40:17.680  val_finetune_dtvu_steps_3/acc@10 = 0.7500  
2025-02-27 02:40:17.680  val_finetune_dtvu_steps_3/acc@20 = 0.8167  
2025-02-27 02:40:17.680  
  
2025-02-27 02:40:18.024  
  
2025-02-27 02:40:18.024  [TRN] epoch_44  
2025-02-27 02:40:18.024  =============================================  
2025-02-27 02:40:18.024  trn/loss = 2.2223  
2025-02-27 02:40:18.024  trn/acc@01 = 0.3767  
2025-02-27 02:40:18.024  trn/acc@05 = 0.7534  
2025-02-27 02:40:18.024  trn/acc@10 = 0.8660  
2025-02-27 02:40:18.024  trn/acc@20 = 0.9515  
2025-02-27 02:40:18.024  
  
2025-02-27 02:40:18.063  
  
2025-02-27 02:40:18.063  [VAL_FINETUNE_DTVU_STEPS_1] epoch_44  
2025-02-27 02:40:18.063  =============================================  
2025-02-27 02:40:18.063  val_finetune_dtvu_steps_1/loss = 2.5733  
2025-02-27 02:40:18.063  val_finetune_dtvu_steps_1/acc@01 = 0.4000  
2025-02-27 02:40:18.063  val_finetune_dtvu_steps_1/acc@05 = 0.8500  
2025-02-27 02:40:18.063  val_finetune_dtvu_steps_1/acc@10 = 0.8500  
2025-02-27 02:40:18.063  val_finetune_dtvu_steps_1/acc@20 = 0.9000  
2025-02-27 02:40:18.063  
  
2025-02-27 02:40:18.103  
  
2025-02-27 02:40:18.103  [VAL_FINETUNE_DTVU_STEPS_3] epoch_44  
2025-02-27 02:40:18.103  =============================================  
2025-02-27 02:40:18.103  val_finetune_dtvu_steps_3/loss = 2.7143  
2025-02-27 02:40:18.103  val_finetune_dtvu_steps_3/acc@01 = 0.4333  
2025-02-27 02:40:18.103  val_finetune_dtvu_steps_3/acc@05 = 0.7667  
2025-02-27 02:40:18.103  val_finetune_dtvu_steps_3/acc@10 = 0.8000  
2025-02-27 02:40:18.103  val_finetune_dtvu_steps_3/acc@20 = 0.8333  
2025-02-27 02:40:18.103  
  
2025-02-27 02:40:18.468  
  
2025-02-27 02:40:18.468  [TRN] epoch_45  
2025-02-27 02:40:18.468  =============================================  
2025-02-27 02:40:18.468  trn/loss = 2.1541  
2025-02-27 02:40:18.468  trn/acc@01 = 0.4462  
2025-02-27 02:40:18.468  trn/acc@05 = 0.7615  
2025-02-27 02:40:18.468  trn/acc@10 = 0.8692  
2025-02-27 02:40:18.468  trn/acc@20 = 0.9462  
2025-02-27 02:40:18.468  
  
2025-02-27 02:40:18.515  
  
2025-02-27 02:40:18.515  [VAL_FINETUNE_DTVU_STEPS_1] epoch_45  
2025-02-27 02:40:18.515  =============================================  
2025-02-27 02:40:18.515  val_finetune_dtvu_steps_1/loss = 2.3740  
2025-02-27 02:40:18.515  val_finetune_dtvu_steps_1/acc@01 = 0.5500  
2025-02-27 02:40:18.515  val_finetune_dtvu_steps_1/acc@05 = 0.8500  
2025-02-27 02:40:18.515  val_finetune_dtvu_steps_1/acc@10 = 0.9000  
2025-02-27 02:40:18.515  val_finetune_dtvu_steps_1/acc@20 = 0.9000  
2025-02-27 02:40:18.515  
  
2025-02-27 02:40:18.571  
  
2025-02-27 02:40:18.571  [VAL_FINETUNE_DTVU_STEPS_3] epoch_45  
2025-02-27 02:40:18.571  =============================================  
2025-02-27 02:40:18.571  val_finetune_dtvu_steps_3/loss = 2.7215  
2025-02-27 02:40:18.571  val_finetune_dtvu_steps_3/acc@01 = 0.4333  
2025-02-27 02:40:18.571  val_finetune_dtvu_steps_3/acc@05 = 0.7167  
2025-02-27 02:40:18.571  val_finetune_dtvu_steps_3/acc@10 = 0.8167  
2025-02-27 02:40:18.571  val_finetune_dtvu_steps_3/acc@20 = 0.8333  
2025-02-27 02:40:18.571  
  
2025-02-27 02:40:18.921  
  
2025-02-27 02:40:18.921  [TRN] epoch_46  
2025-02-27 02:40:18.921  =============================================  
2025-02-27 02:40:18.921  trn/loss = 2.1541  
2025-02-27 02:40:18.921  trn/acc@01 = 0.4214  
2025-02-27 02:40:18.921  trn/acc@05 = 0.7571  
2025-02-27 02:40:18.921  trn/acc@10 = 0.8821  
2025-02-27 02:40:18.921  trn/acc@20 = 0.9571  
2025-02-27 02:40:18.921  
  
2025-02-27 02:40:18.963  
  
2025-02-27 02:40:18.963  [VAL_FINETUNE_DTVU_STEPS_1] epoch_46  
2025-02-27 02:40:18.963  =============================================  
2025-02-27 02:40:18.963  val_finetune_dtvu_steps_1/loss = 2.6552  
2025-02-27 02:40:18.963  val_finetune_dtvu_steps_1/acc@01 = 0.3500  
2025-02-27 02:40:18.963  val_finetune_dtvu_steps_1/acc@05 = 0.7000  
2025-02-27 02:40:18.963  val_finetune_dtvu_steps_1/acc@10 = 0.9000  
2025-02-27 02:40:18.963  val_finetune_dtvu_steps_1/acc@20 = 0.9000  
2025-02-27 02:40:18.963  
  
2025-02-27 02:40:19.003  
  
2025-02-27 02:40:19.003  [VAL_FINETUNE_DTVU_STEPS_3] epoch_46  
2025-02-27 02:40:19.003  =============================================  
2025-02-27 02:40:19.003  val_finetune_dtvu_steps_3/loss = 2.8311  
2025-02-27 02:40:19.003  val_finetune_dtvu_steps_3/acc@01 = 0.3833  
2025-02-27 02:40:19.003  val_finetune_dtvu_steps_3/acc@05 = 0.7000  
2025-02-27 02:40:19.003  val_finetune_dtvu_steps_3/acc@10 = 0.7667  
2025-02-27 02:40:19.003  val_finetune_dtvu_steps_3/acc@20 = 0.8333  
2025-02-27 02:40:19.003  
  
2025-02-27 02:40:19.332  
  
2025-02-27 02:40:19.348  [TRN] epoch_47  
2025-02-27 02:40:19.348  =============================================  
2025-02-27 02:40:19.348  trn/loss = 2.0812  
2025-02-27 02:40:19.348  trn/acc@01 = 0.4340  
2025-02-27 02:40:19.348  trn/acc@05 = 0.7660  
2025-02-27 02:40:19.348  trn/acc@10 = 0.8872  
2025-02-27 02:40:19.348  trn/acc@20 = 0.9660  
2025-02-27 02:40:19.348  
  
2025-02-27 02:40:19.382  
  
2025-02-27 02:40:19.382  [VAL_FINETUNE_DTVU_STEPS_1] epoch_47  
2025-02-27 02:40:19.382  =============================================  
2025-02-27 02:40:19.382  val_finetune_dtvu_steps_1/loss = 2.5199  
2025-02-27 02:40:19.382  val_finetune_dtvu_steps_1/acc@01 = 0.4000  
2025-02-27 02:40:19.382  val_finetune_dtvu_steps_1/acc@05 = 0.8000  
2025-02-27 02:40:19.382  val_finetune_dtvu_steps_1/acc@10 = 0.8500  
2025-02-27 02:40:19.382  val_finetune_dtvu_steps_1/acc@20 = 0.9000  
2025-02-27 02:40:19.382  
  
2025-02-27 02:40:19.427  
  
2025-02-27 02:40:19.427  [VAL_FINETUNE_DTVU_STEPS_3] epoch_47  
2025-02-27 02:40:19.427  =============================================  
2025-02-27 02:40:19.427  val_finetune_dtvu_steps_3/loss = 2.8029  
2025-02-27 02:40:19.427  val_finetune_dtvu_steps_3/acc@01 = 0.4333  
2025-02-27 02:40:19.427  val_finetune_dtvu_steps_3/acc@05 = 0.7333  
2025-02-27 02:40:19.427  val_finetune_dtvu_steps_3/acc@10 = 0.8000  
2025-02-27 02:40:19.427  val_finetune_dtvu_steps_3/acc@20 = 0.8333  
2025-02-27 02:40:19.427  
  
2025-02-27 02:40:19.774  
  
2025-02-27 02:40:19.774  [TRN] epoch_48  
2025-02-27 02:40:19.774  =============================================  
2025-02-27 02:40:19.774  trn/loss = 2.0463  
2025-02-27 02:40:19.774  trn/acc@01 = 0.4477  
2025-02-27 02:40:19.774  trn/acc@05 = 0.7725  
2025-02-27 02:40:19.774  trn/acc@10 = 0.8936  
2025-02-27 02:40:19.774  trn/acc@20 = 0.9633  
2025-02-27 02:40:19.774  
  
2025-02-27 02:40:19.823  
  
2025-02-27 02:40:19.823  [VAL_FINETUNE_DTVU_STEPS_1] epoch_48  
2025-02-27 02:40:19.823  =============================================  
2025-02-27 02:40:19.823  val_finetune_dtvu_steps_1/loss = 2.6499  
2025-02-27 02:40:19.823  val_finetune_dtvu_steps_1/acc@01 = 0.4000  
2025-02-27 02:40:19.823  val_finetune_dtvu_steps_1/acc@05 = 0.7500  
2025-02-27 02:40:19.823  val_finetune_dtvu_steps_1/acc@10 = 0.8500  
2025-02-27 02:40:19.823  val_finetune_dtvu_steps_1/acc@20 = 0.9000  
2025-02-27 02:40:19.823  
  
2025-02-27 02:40:19.867  
  
2025-02-27 02:40:19.867  [VAL_FINETUNE_DTVU_STEPS_3] epoch_48  
2025-02-27 02:40:19.867  =============================================  
2025-02-27 02:40:19.867  val_finetune_dtvu_steps_3/loss = 2.8201  
2025-02-27 02:40:19.867  val_finetune_dtvu_steps_3/acc@01 = 0.4333  
2025-02-27 02:40:19.867  val_finetune_dtvu_steps_3/acc@05 = 0.7333  
2025-02-27 02:40:19.867  val_finetune_dtvu_steps_3/acc@10 = 0.7667  
2025-02-27 02:40:19.867  val_finetune_dtvu_steps_3/acc@20 = 0.8333  
2025-02-27 02:40:19.867  
  
2025-02-27 02:40:20.207  
  
2025-02-27 02:40:20.207  [TRN] epoch_49  
2025-02-27 02:40:20.207  =============================================  
2025-02-27 02:40:20.207  trn/loss = 2.0722  
2025-02-27 02:40:20.207  trn/acc@01 = 0.4326  
2025-02-27 02:40:20.207  trn/acc@05 = 0.7674  
2025-02-27 02:40:20.207  trn/acc@10 = 0.8848  
2025-02-27 02:40:20.207  trn/acc@20 = 0.9587  
2025-02-27 02:40:20.207  
  
2025-02-27 02:40:20.246  
  
2025-02-27 02:40:20.246  [VAL_FINETUNE_DTVU_STEPS_1] epoch_49  
2025-02-27 02:40:20.246  =============================================  
2025-02-27 02:40:20.246  val_finetune_dtvu_steps_1/loss = 2.3720  
2025-02-27 02:40:20.246  val_finetune_dtvu_steps_1/acc@01 = 0.5000  
2025-02-27 02:40:20.246  val_finetune_dtvu_steps_1/acc@05 = 0.7500  
2025-02-27 02:40:20.246  val_finetune_dtvu_steps_1/acc@10 = 0.9000  
2025-02-27 02:40:20.246  val_finetune_dtvu_steps_1/acc@20 = 0.9000  
2025-02-27 02:40:20.246  
  
2025-02-27 02:40:20.283  
  
2025-02-27 02:40:20.283  [VAL_FINETUNE_DTVU_STEPS_3] epoch_49  
2025-02-27 02:40:20.283  =============================================  
2025-02-27 02:40:20.283  val_finetune_dtvu_steps_3/loss = 2.7623  
2025-02-27 02:40:20.283  val_finetune_dtvu_steps_3/acc@01 = 0.4500  
2025-02-27 02:40:20.283  val_finetune_dtvu_steps_3/acc@05 = 0.7000  
2025-02-27 02:40:20.283  val_finetune_dtvu_steps_3/acc@10 = 0.7667  
2025-02-27 02:40:20.283  val_finetune_dtvu_steps_3/acc@20 = 0.8500  
2025-02-27 02:40:20.283  
  
2025-02-27 02:40:20.575  
  
2025-02-27 02:40:20.575  [TRN] epoch_50  
2025-02-27 02:40:20.575  =============================================  
2025-02-27 02:40:20.575  trn/loss = 2.0132  
2025-02-27 02:40:20.575  trn/acc@01 = 0.4706  
2025-02-27 02:40:20.575  trn/acc@05 = 0.7843  
2025-02-27 02:40:20.575  trn/acc@10 = 0.9000  
2025-02-27 02:40:20.575  trn/acc@20 = 0.9667  
2025-02-27 02:40:20.575  
  
2025-02-27 02:40:20.622  
  
2025-02-27 02:40:20.622  [VAL_FINETUNE_DTVU_STEPS_1] epoch_50  
2025-02-27 02:40:20.622  =============================================  
2025-02-27 02:40:20.622  val_finetune_dtvu_steps_1/loss = 2.7783  
2025-02-27 02:40:20.622  val_finetune_dtvu_steps_1/acc@01 = 0.4000  
2025-02-27 02:40:20.622  val_finetune_dtvu_steps_1/acc@05 = 0.7500  
2025-02-27 02:40:20.622  val_finetune_dtvu_steps_1/acc@10 = 0.8500  
2025-02-27 02:40:20.622  val_finetune_dtvu_steps_1/acc@20 = 0.9000  
2025-02-27 02:40:20.622  
  
2025-02-27 02:40:20.665  
  
2025-02-27 02:40:20.665  [VAL_FINETUNE_DTVU_STEPS_3] epoch_50  
2025-02-27 02:40:20.665  =============================================  
2025-02-27 02:40:20.665  val_finetune_dtvu_steps_3/loss = 2.9275  
2025-02-27 02:40:20.665  val_finetune_dtvu_steps_3/acc@01 = 0.4333  
2025-02-27 02:40:20.665  val_finetune_dtvu_steps_3/acc@05 = 0.6833  
2025-02-27 02:40:20.665  val_finetune_dtvu_steps_3/acc@10 = 0.7667  
2025-02-27 02:40:20.665  val_finetune_dtvu_steps_3/acc@20 = 0.8167  
2025-02-27 02:40:20.665  
  
2025-02-27 02:40:20.953  
  
2025-02-27 02:40:20.953  [TRN] epoch_51  
2025-02-27 02:40:20.953  =============================================  
2025-02-27 02:40:20.955  trn/loss = 1.9739  
2025-02-27 02:40:20.955  trn/acc@01 = 0.4593  
2025-02-27 02:40:20.955  trn/acc@05 = 0.7889  
2025-02-27 02:40:20.955  trn/acc@10 = 0.8944  
2025-02-27 02:40:20.955  trn/acc@20 = 0.9722  
2025-02-27 02:40:20.955  
  
2025-02-27 02:40:20.984  
  
2025-02-27 02:40:20.984  [VAL_FINETUNE_DTVU_STEPS_1] epoch_51  
2025-02-27 02:40:20.984  =============================================  
2025-02-27 02:40:20.984  val_finetune_dtvu_steps_1/loss = 2.5753  
2025-02-27 02:40:20.984  val_finetune_dtvu_steps_1/acc@01 = 0.5000  
2025-02-27 02:40:20.984  val_finetune_dtvu_steps_1/acc@05 = 0.7500  
2025-02-27 02:40:20.984  val_finetune_dtvu_steps_1/acc@10 = 0.9000  
2025-02-27 02:40:20.984  val_finetune_dtvu_steps_1/acc@20 = 0.9000  
2025-02-27 02:40:20.984  
  
2025-02-27 02:40:21.033  
  
2025-02-27 02:40:21.033  [VAL_FINETUNE_DTVU_STEPS_3] epoch_51  
2025-02-27 02:40:21.033  =============================================  
2025-02-27 02:40:21.033  val_finetune_dtvu_steps_3/loss = 2.8337  
2025-02-27 02:40:21.033  val_finetune_dtvu_steps_3/acc@01 = 0.4333  
2025-02-27 02:40:21.033  val_finetune_dtvu_steps_3/acc@05 = 0.7000  
2025-02-27 02:40:21.033  val_finetune_dtvu_steps_3/acc@10 = 0.8000  
2025-02-27 02:40:21.033  val_finetune_dtvu_steps_3/acc@20 = 0.8500  
2025-02-27 02:40:21.033  
  
2025-02-27 02:40:21.315  
  
2025-02-27 02:40:21.315  [TRN] epoch_52  
2025-02-27 02:40:21.330  =============================================  
2025-02-27 02:40:21.330  trn/loss = 2.0109  
2025-02-27 02:40:21.330  trn/acc@01 = 0.4673  
2025-02-27 02:40:21.330  trn/acc@05 = 0.8000  
2025-02-27 02:40:21.330  trn/acc@10 = 0.9028  
2025-02-27 02:40:21.330  trn/acc@20 = 0.9757  
2025-02-27 02:40:21.330  
  
2025-02-27 02:40:21.365  
  
2025-02-27 02:40:21.365  [VAL_FINETUNE_DTVU_STEPS_1] epoch_52  
2025-02-27 02:40:21.365  =============================================  
2025-02-27 02:40:21.365  val_finetune_dtvu_steps_1/loss = 2.6828  
2025-02-27 02:40:21.365  val_finetune_dtvu_steps_1/acc@01 = 0.4000  
2025-02-27 02:40:21.365  val_finetune_dtvu_steps_1/acc@05 = 0.7500  
2025-02-27 02:40:21.365  val_finetune_dtvu_steps_1/acc@10 = 0.8500  
2025-02-27 02:40:21.365  val_finetune_dtvu_steps_1/acc@20 = 0.8500  
2025-02-27 02:40:21.365  
  
2025-02-27 02:40:21.410  
  
2025-02-27 02:40:21.410  [VAL_FINETUNE_DTVU_STEPS_3] epoch_52  
2025-02-27 02:40:21.410  =============================================  
2025-02-27 02:40:21.410  val_finetune_dtvu_steps_3/loss = 2.8415  
2025-02-27 02:40:21.410  val_finetune_dtvu_steps_3/acc@01 = 0.4333  
2025-02-27 02:40:21.410  val_finetune_dtvu_steps_3/acc@05 = 0.7167  
2025-02-27 02:40:21.410  val_finetune_dtvu_steps_3/acc@10 = 0.7833  
2025-02-27 02:40:21.410  val_finetune_dtvu_steps_3/acc@20 = 0.8167  
2025-02-27 02:40:21.410  
  
2025-02-27 02:40:21.677  
  
2025-02-27 02:40:21.677  [TRN] epoch_53  
2025-02-27 02:40:21.677  =============================================  
2025-02-27 02:40:21.677  trn/loss = 1.9560  
2025-02-27 02:40:21.677  trn/acc@01 = 0.4830  
2025-02-27 02:40:21.677  trn/acc@05 = 0.8106  
2025-02-27 02:40:21.677  trn/acc@10 = 0.9149  
2025-02-27 02:40:21.677  trn/acc@20 = 0.9617  
2025-02-27 02:40:21.677  
  
2025-02-27 02:40:21.721  
  
2025-02-27 02:40:21.721  [VAL_FINETUNE_DTVU_STEPS_1] epoch_53  
2025-02-27 02:40:21.721  =============================================  
2025-02-27 02:40:21.721  val_finetune_dtvu_steps_1/loss = 2.7330  
2025-02-27 02:40:21.721  val_finetune_dtvu_steps_1/acc@01 = 0.4000  
2025-02-27 02:40:21.721  val_finetune_dtvu_steps_1/acc@05 = 0.8000  
2025-02-27 02:40:21.721  val_finetune_dtvu_steps_1/acc@10 = 0.8500  
2025-02-27 02:40:21.721  val_finetune_dtvu_steps_1/acc@20 = 0.9000  
2025-02-27 02:40:21.721  
  
2025-02-27 02:40:21.756  
  
2025-02-27 02:40:21.756  [VAL_FINETUNE_DTVU_STEPS_3] epoch_53  
2025-02-27 02:40:21.756  =============================================  
2025-02-27 02:40:21.756  val_finetune_dtvu_steps_3/loss = 2.9920  
2025-02-27 02:40:21.756  val_finetune_dtvu_steps_3/acc@01 = 0.3667  
2025-02-27 02:40:21.756  val_finetune_dtvu_steps_3/acc@05 = 0.7333  
2025-02-27 02:40:21.756  val_finetune_dtvu_steps_3/acc@10 = 0.7667  
2025-02-27 02:40:21.756  val_finetune_dtvu_steps_3/acc@20 = 0.8167  
2025-02-27 02:40:21.756  
  
2025-02-27 02:40:22.038  
  
2025-02-27 02:40:22.038  [TRN] epoch_54  
2025-02-27 02:40:22.038  =============================================  
2025-02-27 02:40:22.038  trn/loss = 2.0615  
2025-02-27 02:40:22.038  trn/acc@01 = 0.4535  
2025-02-27 02:40:22.038  trn/acc@05 = 0.7663  
2025-02-27 02:40:22.038  trn/acc@10 = 0.9010  
2025-02-27 02:40:22.038  trn/acc@20 = 0.9644  
2025-02-27 02:40:22.038  
  
2025-02-27 02:40:22.084  
  
2025-02-27 02:40:22.084  [VAL_FINETUNE_DTVU_STEPS_1] epoch_54  
2025-02-27 02:40:22.084  =============================================  
2025-02-27 02:40:22.084  val_finetune_dtvu_steps_1/loss = 2.6417  
2025-02-27 02:40:22.084  val_finetune_dtvu_steps_1/acc@01 = 0.4000  
2025-02-27 02:40:22.084  val_finetune_dtvu_steps_1/acc@05 = 0.7000  
2025-02-27 02:40:22.086  val_finetune_dtvu_steps_1/acc@10 = 0.8500  
2025-02-27 02:40:22.086  val_finetune_dtvu_steps_1/acc@20 = 0.9000  
2025-02-27 02:40:22.086  
  
2025-02-27 02:40:22.121  
  
2025-02-27 02:40:22.121  [VAL_FINETUNE_DTVU_STEPS_3] epoch_54  
2025-02-27 02:40:22.121  =============================================  
2025-02-27 02:40:22.121  val_finetune_dtvu_steps_3/loss = 2.7915  
2025-02-27 02:40:22.121  val_finetune_dtvu_steps_3/acc@01 = 0.4333  
2025-02-27 02:40:22.121  val_finetune_dtvu_steps_3/acc@05 = 0.7000  
2025-02-27 02:40:22.121  val_finetune_dtvu_steps_3/acc@10 = 0.8000  
2025-02-27 02:40:22.121  val_finetune_dtvu_steps_3/acc@20 = 0.8500  
2025-02-27 02:40:22.121  
  
2025-02-27 02:40:22.399  
  
2025-02-27 02:40:22.399  [TRN] epoch_55  
2025-02-27 02:40:22.399  =============================================  
2025-02-27 02:40:22.399  trn/loss = 2.0554  
2025-02-27 02:40:22.399  trn/acc@01 = 0.4318  
2025-02-27 02:40:22.399  trn/acc@05 = 0.8091  
2025-02-27 02:40:22.399  trn/acc@10 = 0.9136  
2025-02-27 02:40:22.399  trn/acc@20 = 0.9682  
2025-02-27 02:40:22.399  
  
2025-02-27 02:40:22.430  
  
2025-02-27 02:40:22.430  [VAL_FINETUNE_DTVU_STEPS_1] epoch_55  
2025-02-27 02:40:22.430  =============================================  
2025-02-27 02:40:22.430  val_finetune_dtvu_steps_1/loss = 2.6510  
2025-02-27 02:40:22.430  val_finetune_dtvu_steps_1/acc@01 = 0.4500  
2025-02-27 02:40:22.430  val_finetune_dtvu_steps_1/acc@05 = 0.7000  
2025-02-27 02:40:22.430  val_finetune_dtvu_steps_1/acc@10 = 0.8500  
2025-02-27 02:40:22.430  val_finetune_dtvu_steps_1/acc@20 = 0.8500  
2025-02-27 02:40:22.430  
  
2025-02-27 02:40:22.482  
  
2025-02-27 02:40:22.482  [VAL_FINETUNE_DTVU_STEPS_3] epoch_55  
2025-02-27 02:40:22.482  =============================================  
2025-02-27 02:40:22.482  val_finetune_dtvu_steps_3/loss = 3.0169  
2025-02-27 02:40:22.482  val_finetune_dtvu_steps_3/acc@01 = 0.4000  
2025-02-27 02:40:22.482  val_finetune_dtvu_steps_3/acc@05 = 0.6667  
2025-02-27 02:40:22.482  val_finetune_dtvu_steps_3/acc@10 = 0.7833  
2025-02-27 02:40:22.482  val_finetune_dtvu_steps_3/acc@20 = 0.8167  
2025-02-27 02:40:22.482  
  
2025-02-27 02:40:22.766  
  
2025-02-27 02:40:22.766  [TRN] epoch_56  
2025-02-27 02:40:22.766  =============================================  
2025-02-27 02:40:22.766  trn/loss = 1.9294  
2025-02-27 02:40:22.766  trn/acc@01 = 0.4717  
2025-02-27 02:40:22.766  trn/acc@05 = 0.8043  
2025-02-27 02:40:22.766  trn/acc@10 = 0.9022  
2025-02-27 02:40:22.766  trn/acc@20 = 0.9630  
2025-02-27 02:40:22.766  
  
2025-02-27 02:40:22.808  
  
2025-02-27 02:40:22.808  [VAL_FINETUNE_DTVU_STEPS_1] epoch_56  
2025-02-27 02:40:22.808  =============================================  
2025-02-27 02:40:22.808  val_finetune_dtvu_steps_1/loss = 2.5815  
2025-02-27 02:40:22.808  val_finetune_dtvu_steps_1/acc@01 = 0.4000  
2025-02-27 02:40:22.808  val_finetune_dtvu_steps_1/acc@05 = 0.7500  
2025-02-27 02:40:22.808  val_finetune_dtvu_steps_1/acc@10 = 0.8500  
2025-02-27 02:40:22.808  val_finetune_dtvu_steps_1/acc@20 = 0.8500  
2025-02-27 02:40:22.808  
  
2025-02-27 02:40:22.839  
  
2025-02-27 02:40:22.839  [VAL_FINETUNE_DTVU_STEPS_3] epoch_56  
2025-02-27 02:40:22.839  =============================================  
2025-02-27 02:40:22.839  val_finetune_dtvu_steps_3/loss = 2.8764  
2025-02-27 02:40:22.839  val_finetune_dtvu_steps_3/acc@01 = 0.4000  
2025-02-27 02:40:22.839  val_finetune_dtvu_steps_3/acc@05 = 0.7333  
2025-02-27 02:40:22.839  val_finetune_dtvu_steps_3/acc@10 = 0.7833  
2025-02-27 02:40:22.839  val_finetune_dtvu_steps_3/acc@20 = 0.8167  
2025-02-27 02:40:22.855  
  
2025-02-27 02:40:23.129  
  
2025-02-27 02:40:23.129  [TRN] epoch_57  
2025-02-27 02:40:23.129  =============================================  
2025-02-27 02:40:23.129  trn/loss = 1.8219  
2025-02-27 02:40:23.129  trn/acc@01 = 0.5083  
2025-02-27 02:40:23.129  trn/acc@05 = 0.8417  
2025-02-27 02:40:23.129  trn/acc@10 = 0.9333  
2025-02-27 02:40:23.129  trn/acc@20 = 0.9750  
2025-02-27 02:40:23.129  
  
2025-02-27 02:40:23.167  
  
2025-02-27 02:40:23.167  [VAL_FINETUNE_DTVU_STEPS_1] epoch_57  
2025-02-27 02:40:23.167  =============================================  
2025-02-27 02:40:23.167  val_finetune_dtvu_steps_1/loss = 2.5383  
2025-02-27 02:40:23.167  val_finetune_dtvu_steps_1/acc@01 = 0.4000  
2025-02-27 02:40:23.170  val_finetune_dtvu_steps_1/acc@05 = 0.8500  
2025-02-27 02:40:23.170  val_finetune_dtvu_steps_1/acc@10 = 0.8500  
2025-02-27 02:40:23.170  val_finetune_dtvu_steps_1/acc@20 = 0.8500  
2025-02-27 02:40:23.170  
  
2025-02-27 02:40:23.201  
  
2025-02-27 02:40:23.201  [VAL_FINETUNE_DTVU_STEPS_3] epoch_57  
2025-02-27 02:40:23.201  =============================================  
2025-02-27 02:40:23.201  val_finetune_dtvu_steps_3/loss = 2.8165  
2025-02-27 02:40:23.201  val_finetune_dtvu_steps_3/acc@01 = 0.4500  
2025-02-27 02:40:23.201  val_finetune_dtvu_steps_3/acc@05 = 0.7333  
2025-02-27 02:40:23.201  val_finetune_dtvu_steps_3/acc@10 = 0.7333  
2025-02-27 02:40:23.201  val_finetune_dtvu_steps_3/acc@20 = 0.7833  
2025-02-27 02:40:23.201  
  
2025-02-27 02:40:23.483  
  
2025-02-27 02:40:23.483  [TRN] epoch_58  
2025-02-27 02:40:23.483  =============================================  
2025-02-27 02:40:23.483  trn/loss = 1.7427  
2025-02-27 02:40:23.483  trn/acc@01 = 0.5152  
2025-02-27 02:40:23.483  trn/acc@05 = 0.8283  
2025-02-27 02:40:23.483  trn/acc@10 = 0.9394  
2025-02-27 02:40:23.483  trn/acc@20 = 0.9939  
2025-02-27 02:40:23.483  
  
2025-02-27 02:40:23.514  
  
2025-02-27 02:40:23.514  [VAL_FINETUNE_DTVU_STEPS_1] epoch_58  
2025-02-27 02:40:23.514  =============================================  
2025-02-27 02:40:23.514  val_finetune_dtvu_steps_1/loss = 2.6020  
2025-02-27 02:40:23.514  val_finetune_dtvu_steps_1/acc@01 = 0.4500  
2025-02-27 02:40:23.514  val_finetune_dtvu_steps_1/acc@05 = 0.7500  
2025-02-27 02:40:23.514  val_finetune_dtvu_steps_1/acc@10 = 0.8500  
2025-02-27 02:40:23.514  val_finetune_dtvu_steps_1/acc@20 = 0.9000  
2025-02-27 02:40:23.514  
  
2025-02-27 02:40:23.545  
  
2025-02-27 02:40:23.545  [VAL_FINETUNE_DTVU_STEPS_3] epoch_58  
2025-02-27 02:40:23.545  =============================================  
2025-02-27 02:40:23.545  val_finetune_dtvu_steps_3/loss = 3.0324  
2025-02-27 02:40:23.545  val_finetune_dtvu_steps_3/acc@01 = 0.4333  
2025-02-27 02:40:23.545  val_finetune_dtvu_steps_3/acc@05 = 0.6833  
2025-02-27 02:40:23.545  val_finetune_dtvu_steps_3/acc@10 = 0.7500  
2025-02-27 02:40:23.545  val_finetune_dtvu_steps_3/acc@20 = 0.8333  
2025-02-27 02:40:23.545  
  
2025-02-27 02:40:23.843  
  
2025-02-27 02:40:23.843  [TRN] epoch_59  
2025-02-27 02:40:23.843  =============================================  
2025-02-27 02:40:23.843  trn/loss = 1.9916  
2025-02-27 02:40:23.843  trn/acc@01 = 0.4460  
2025-02-27 02:40:23.843  trn/acc@05 = 0.8080  
2025-02-27 02:40:23.843  trn/acc@10 = 0.9060  
2025-02-27 02:40:23.843  trn/acc@20 = 0.9600  
2025-02-27 02:40:23.843  
  
2025-02-27 02:40:23.878  
  
2025-02-27 02:40:23.878  [VAL_FINETUNE_DTVU_STEPS_1] epoch_59  
2025-02-27 02:40:23.878  =============================================  
2025-02-27 02:40:23.878  val_finetune_dtvu_steps_1/loss = 2.5453  
2025-02-27 02:40:23.878  val_finetune_dtvu_steps_1/acc@01 = 0.4500  
2025-02-27 02:40:23.878  val_finetune_dtvu_steps_1/acc@05 = 0.8500  
2025-02-27 02:40:23.878  val_finetune_dtvu_steps_1/acc@10 = 0.8500  
2025-02-27 02:40:23.878  val_finetune_dtvu_steps_1/acc@20 = 0.8500  
2025-02-27 02:40:23.878  
  
2025-02-27 02:40:23.922  
  
2025-02-27 02:40:23.922  [VAL_FINETUNE_DTVU_STEPS_3] epoch_59  
2025-02-27 02:40:23.922  =============================================  
2025-02-27 02:40:23.922  val_finetune_dtvu_steps_3/loss = 2.8822  
2025-02-27 02:40:23.922  val_finetune_dtvu_steps_3/acc@01 = 0.3833  
2025-02-27 02:40:23.922  val_finetune_dtvu_steps_3/acc@05 = 0.7333  
2025-02-27 02:40:23.922  val_finetune_dtvu_steps_3/acc@10 = 0.8000  
2025-02-27 02:40:23.922  val_finetune_dtvu_steps_3/acc@20 = 0.8333  
2025-02-27 02:40:23.922  
  
2025-02-27 02:40:24.205  
  
2025-02-27 02:40:24.205  [TRN] epoch_60  
2025-02-27 02:40:24.205  =============================================  
2025-02-27 02:40:24.205  trn/loss = 1.7635  
2025-02-27 02:40:24.205  trn/acc@01 = 0.5118  
2025-02-27 02:40:24.205  trn/acc@05 = 0.8412  
2025-02-27 02:40:24.205  trn/acc@10 = 0.9255  
2025-02-27 02:40:24.205  trn/acc@20 = 0.9608  
2025-02-27 02:40:24.205  
  
2025-02-27 02:40:24.247  
  
2025-02-27 02:40:24.247  [VAL_FINETUNE_DTVU_STEPS_1] epoch_60  
2025-02-27 02:40:24.247  =============================================  
2025-02-27 02:40:24.247  val_finetune_dtvu_steps_1/loss = 2.6345  
2025-02-27 02:40:24.247  val_finetune_dtvu_steps_1/acc@01 = 0.3500  
2025-02-27 02:40:24.247  val_finetune_dtvu_steps_1/acc@05 = 0.8500  
2025-02-27 02:40:24.247  val_finetune_dtvu_steps_1/acc@10 = 0.8500  
2025-02-27 02:40:24.247  val_finetune_dtvu_steps_1/acc@20 = 0.8500  
2025-02-27 02:40:24.247  
  
2025-02-27 02:40:24.284  
  
2025-02-27 02:40:24.284  [VAL_FINETUNE_DTVU_STEPS_3] epoch_60  
2025-02-27 02:40:24.284  =============================================  
2025-02-27 02:40:24.284  val_finetune_dtvu_steps_3/loss = 2.9259  
2025-02-27 02:40:24.284  val_finetune_dtvu_steps_3/acc@01 = 0.3833  
2025-02-27 02:40:24.284  val_finetune_dtvu_steps_3/acc@05 = 0.7167  
2025-02-27 02:40:24.284  val_finetune_dtvu_steps_3/acc@10 = 0.7833  
2025-02-27 02:40:24.284  val_finetune_dtvu_steps_3/acc@20 = 0.8167  
2025-02-27 02:40:24.284  
  
2025-02-27 02:40:24.551  
  
2025-02-27 02:40:24.551  [TRN] epoch_61  
2025-02-27 02:40:24.551  =============================================  
2025-02-27 02:40:24.551  trn/loss = 1.7640  
2025-02-27 02:40:24.551  trn/acc@01 = 0.4884  
2025-02-27 02:40:24.551  trn/acc@05 = 0.8463  
2025-02-27 02:40:24.551  trn/acc@10 = 0.9305  
2025-02-27 02:40:24.551  trn/acc@20 = 0.9811  
2025-02-27 02:40:24.551  
  
2025-02-27 02:40:24.582  
  
2025-02-27 02:40:24.582  [VAL_FINETUNE_DTVU_STEPS_1] epoch_61  
2025-02-27 02:40:24.582  =============================================  
2025-02-27 02:40:24.582  val_finetune_dtvu_steps_1/loss = 2.9078  
2025-02-27 02:40:24.582  val_finetune_dtvu_steps_1/acc@01 = 0.4000  
2025-02-27 02:40:24.582  val_finetune_dtvu_steps_1/acc@05 = 0.8000  
2025-02-27 02:40:24.582  val_finetune_dtvu_steps_1/acc@10 = 0.8000  
2025-02-27 02:40:24.582  val_finetune_dtvu_steps_1/acc@20 = 0.8500  
2025-02-27 02:40:24.582  
  
2025-02-27 02:40:24.629  
  
2025-02-27 02:40:24.629  [VAL_FINETUNE_DTVU_STEPS_3] epoch_61  
2025-02-27 02:40:24.629  =============================================  
2025-02-27 02:40:24.629  val_finetune_dtvu_steps_3/loss = 2.9753  
2025-02-27 02:40:24.629  val_finetune_dtvu_steps_3/acc@01 = 0.4500  
2025-02-27 02:40:24.629  val_finetune_dtvu_steps_3/acc@05 = 0.7167  
2025-02-27 02:40:24.629  val_finetune_dtvu_steps_3/acc@10 = 0.7667  
2025-02-27 02:40:24.629  val_finetune_dtvu_steps_3/acc@20 = 0.8000  
2025-02-27 02:40:24.629  
  
2025-02-27 02:40:24.916  
  
2025-02-27 02:40:24.916  [TRN] epoch_62  
2025-02-27 02:40:24.916  =============================================  
2025-02-27 02:40:24.916  trn/loss = 1.6796  
2025-02-27 02:40:24.916  trn/acc@01 = 0.5238  
2025-02-27 02:40:24.916  trn/acc@05 = 0.8629  
2025-02-27 02:40:24.916  trn/acc@10 = 0.9371  
2025-02-27 02:40:24.916  trn/acc@20 = 0.9924  
2025-02-27 02:40:24.916  
  
2025-02-27 02:40:24.943  
  
2025-02-27 02:40:24.959  [VAL_FINETUNE_DTVU_STEPS_1] epoch_62  
2025-02-27 02:40:24.959  =============================================  
2025-02-27 02:40:24.959  val_finetune_dtvu_steps_1/loss = 2.8075  
2025-02-27 02:40:24.959  val_finetune_dtvu_steps_1/acc@01 = 0.3500  
2025-02-27 02:40:24.959  val_finetune_dtvu_steps_1/acc@05 = 0.8000  
2025-02-27 02:40:24.959  val_finetune_dtvu_steps_1/acc@10 = 0.8000  
2025-02-27 02:40:24.959  val_finetune_dtvu_steps_1/acc@20 = 0.8500  
2025-02-27 02:40:24.959  
  
2025-02-27 02:40:25.004  
  
2025-02-27 02:40:25.006  [VAL_FINETUNE_DTVU_STEPS_3] epoch_62  
2025-02-27 02:40:25.006  =============================================  
2025-02-27 02:40:25.006  val_finetune_dtvu_steps_3/loss = 3.1210  
2025-02-27 02:40:25.006  val_finetune_dtvu_steps_3/acc@01 = 0.3833  
2025-02-27 02:40:25.006  val_finetune_dtvu_steps_3/acc@05 = 0.7167  
2025-02-27 02:40:25.006  val_finetune_dtvu_steps_3/acc@10 = 0.7333  
2025-02-27 02:40:25.006  val_finetune_dtvu_steps_3/acc@20 = 0.8167  
2025-02-27 02:40:25.006  
  
2025-02-27 02:40:25.273  
  
2025-02-27 02:40:25.273  [TRN] epoch_63  
2025-02-27 02:40:25.273  =============================================  
2025-02-27 02:40:25.273  trn/loss = 1.7509  
2025-02-27 02:40:25.273  trn/acc@01 = 0.5100  
2025-02-27 02:40:25.273  trn/acc@05 = 0.8440  
2025-02-27 02:40:25.273  trn/acc@10 = 0.9280  
2025-02-27 02:40:25.273  trn/acc@20 = 0.9880  
2025-02-27 02:40:25.273  
  
2025-02-27 02:40:25.320  
  
2025-02-27 02:40:25.320  [VAL_FINETUNE_DTVU_STEPS_1] epoch_63  
2025-02-27 02:40:25.320  =============================================  
2025-02-27 02:40:25.320  val_finetune_dtvu_steps_1/loss = 2.7961  
2025-02-27 02:40:25.320  val_finetune_dtvu_steps_1/acc@01 = 0.4000  
2025-02-27 02:40:25.320  val_finetune_dtvu_steps_1/acc@05 = 0.6500  
2025-02-27 02:40:25.320  val_finetune_dtvu_steps_1/acc@10 = 0.9000  
2025-02-27 02:40:25.320  val_finetune_dtvu_steps_1/acc@20 = 0.9000  
2025-02-27 02:40:25.320  
  
2025-02-27 02:40:25.352  
  
2025-02-27 02:40:25.352  [VAL_FINETUNE_DTVU_STEPS_3] epoch_63  
2025-02-27 02:40:25.352  =============================================  
2025-02-27 02:40:25.352  val_finetune_dtvu_steps_3/loss = 3.1062  
2025-02-27 02:40:25.352  val_finetune_dtvu_steps_3/acc@01 = 0.3500  
2025-02-27 02:40:25.352  val_finetune_dtvu_steps_3/acc@05 = 0.6500  
2025-02-27 02:40:25.352  val_finetune_dtvu_steps_3/acc@10 = 0.8000  
2025-02-27 02:40:25.352  val_finetune_dtvu_steps_3/acc@20 = 0.8167  
2025-02-27 02:40:25.352  
  
