2025-02-26 23:06:38.312  
  
2025-02-26 23:06:38.312  [TRN] epoch_00  
2025-02-26 23:06:38.312  =============================================  
2025-02-26 23:06:38.312  trn/loss = 5.7681  
2025-02-26 23:06:38.312  trn/acc@01 = 0.0755  
2025-02-26 23:06:38.312  trn/acc@05 = 0.1714  
2025-02-26 23:06:38.312  trn/acc@10 = 0.2163  
2025-02-26 23:06:38.312  trn/acc@20 = 0.2551  
2025-02-26 23:06:38.312  
  
2025-02-26 23:06:38.353  
  
2025-02-26 23:06:38.353  [VAL_FINETUNE_DTVU_STEPS_1] epoch_00  
2025-02-26 23:06:38.353  =============================================  
2025-02-26 23:06:38.354  val_finetune_dtvu_steps_1/loss = 5.0761  
2025-02-26 23:06:38.354  val_finetune_dtvu_steps_1/acc@01 = 0.0500  
2025-02-26 23:06:38.354  val_finetune_dtvu_steps_1/acc@05 = 0.3000  
2025-02-26 23:06:38.362  val_finetune_dtvu_steps_1/acc@10 = 0.4000  
2025-02-26 23:06:38.362  val_finetune_dtvu_steps_1/acc@20 = 0.5000  
2025-02-26 23:06:38.362  
  
2025-02-26 23:06:38.393  
  
2025-02-26 23:06:38.393  [VAL_FINETUNE_DTVU_STEPS_3] epoch_00  
2025-02-26 23:06:38.393  =============================================  
2025-02-26 23:06:38.393  val_finetune_dtvu_steps_3/loss = 5.1183  
2025-02-26 23:06:38.393  val_finetune_dtvu_steps_3/acc@01 = 0.1000  
2025-02-26 23:06:38.393  val_finetune_dtvu_steps_3/acc@05 = 0.3000  
2025-02-26 23:06:38.402  val_finetune_dtvu_steps_3/acc@10 = 0.3500  
2025-02-26 23:06:38.402  val_finetune_dtvu_steps_3/acc@20 = 0.4167  
2025-02-26 23:06:38.402  
  
2025-02-26 23:06:38.743  
  
2025-02-26 23:06:38.748  [TRN] epoch_01  
2025-02-26 23:06:38.748  =============================================  
2025-02-26 23:06:38.748  trn/loss = 4.9320  
2025-02-26 23:06:38.748  trn/acc@01 = 0.1213  
2025-02-26 23:06:38.748  trn/acc@05 = 0.3043  
2025-02-26 23:06:38.748  trn/acc@10 = 0.4255  
2025-02-26 23:06:38.748  trn/acc@20 = 0.5213  
2025-02-26 23:06:38.748  
  
2025-02-26 23:06:38.782  
  
2025-02-26 23:06:38.782  [VAL_FINETUNE_DTVU_STEPS_1] epoch_01  
2025-02-26 23:06:38.782  =============================================  
2025-02-26 23:06:38.782  val_finetune_dtvu_steps_1/loss = 4.1193  
2025-02-26 23:06:38.782  val_finetune_dtvu_steps_1/acc@01 = 0.2500  
2025-02-26 23:06:38.792  val_finetune_dtvu_steps_1/acc@05 = 0.4000  
2025-02-26 23:06:38.792  val_finetune_dtvu_steps_1/acc@10 = 0.6000  
2025-02-26 23:06:38.792  val_finetune_dtvu_steps_1/acc@20 = 0.7000  
2025-02-26 23:06:38.792  
  
2025-02-26 23:06:38.834  
  
2025-02-26 23:06:38.834  [VAL_FINETUNE_DTVU_STEPS_3] epoch_01  
2025-02-26 23:06:38.834  =============================================  
2025-02-26 23:06:38.834  val_finetune_dtvu_steps_3/loss = 4.3187  
2025-02-26 23:06:38.834  val_finetune_dtvu_steps_3/acc@01 = 0.2667  
2025-02-26 23:06:38.834  val_finetune_dtvu_steps_3/acc@05 = 0.4167  
2025-02-26 23:06:38.834  val_finetune_dtvu_steps_3/acc@10 = 0.5333  
2025-02-26 23:06:38.834  val_finetune_dtvu_steps_3/acc@20 = 0.5833  
2025-02-26 23:06:38.834  
  
2025-02-26 23:06:39.167  
  
2025-02-26 23:06:39.167  [TRN] epoch_02  
2025-02-26 23:06:39.167  =============================================  
2025-02-26 23:06:39.167  trn/loss = 4.3119  
2025-02-26 23:06:39.167  trn/acc@01 = 0.2472  
2025-02-26 23:06:39.167  trn/acc@05 = 0.4340  
2025-02-26 23:06:39.167  trn/acc@10 = 0.5245  
2025-02-26 23:06:39.167  trn/acc@20 = 0.6132  
2025-02-26 23:06:39.167  
  
2025-02-26 23:06:39.203  
  
2025-02-26 23:06:39.203  [VAL_FINETUNE_DTVU_STEPS_1] epoch_02  
2025-02-26 23:06:39.203  =============================================  
2025-02-26 23:06:39.203  val_finetune_dtvu_steps_1/loss = 3.5026  
2025-02-26 23:06:39.203  val_finetune_dtvu_steps_1/acc@01 = 0.3000  
2025-02-26 23:06:39.203  val_finetune_dtvu_steps_1/acc@05 = 0.6500  
2025-02-26 23:06:39.208  val_finetune_dtvu_steps_1/acc@10 = 0.7000  
2025-02-26 23:06:39.208  val_finetune_dtvu_steps_1/acc@20 = 0.8000  
2025-02-26 23:06:39.208  
  
2025-02-26 23:06:39.244  
  
2025-02-26 23:06:39.244  [VAL_FINETUNE_DTVU_STEPS_3] epoch_02  
2025-02-26 23:06:39.244  =============================================  
2025-02-26 23:06:39.244  val_finetune_dtvu_steps_3/loss = 3.8242  
2025-02-26 23:06:39.244  val_finetune_dtvu_steps_3/acc@01 = 0.3167  
2025-02-26 23:06:39.244  val_finetune_dtvu_steps_3/acc@05 = 0.5500  
2025-02-26 23:06:39.244  val_finetune_dtvu_steps_3/acc@10 = 0.5833  
2025-02-26 23:06:39.244  val_finetune_dtvu_steps_3/acc@20 = 0.6500  
2025-02-26 23:06:39.244  
  
2025-02-26 23:06:39.593  
  
2025-02-26 23:06:39.593  [TRN] epoch_03  
2025-02-26 23:06:39.593  =============================================  
2025-02-26 23:06:39.593  trn/loss = 3.9475  
2025-02-26 23:06:39.593  trn/acc@01 = 0.2722  
2025-02-26 23:06:39.593  trn/acc@05 = 0.5134  
2025-02-26 23:06:39.593  trn/acc@10 = 0.5649  
2025-02-26 23:06:39.593  trn/acc@20 = 0.6351  
2025-02-26 23:06:39.593  
  
2025-02-26 23:06:39.633  
  
2025-02-26 23:06:39.633  [VAL_FINETUNE_DTVU_STEPS_1] epoch_03  
2025-02-26 23:06:39.633  =============================================  
2025-02-26 23:06:39.633  val_finetune_dtvu_steps_1/loss = 3.2400  
2025-02-26 23:06:39.633  val_finetune_dtvu_steps_1/acc@01 = 0.3000  
2025-02-26 23:06:39.633  val_finetune_dtvu_steps_1/acc@05 = 0.7000  
2025-02-26 23:06:39.633  val_finetune_dtvu_steps_1/acc@10 = 0.7500  
2025-02-26 23:06:39.633  val_finetune_dtvu_steps_1/acc@20 = 0.8500  
2025-02-26 23:06:39.633  
  
2025-02-26 23:06:39.672  
  
2025-02-26 23:06:39.672  [VAL_FINETUNE_DTVU_STEPS_3] epoch_03  
2025-02-26 23:06:39.672  =============================================  
2025-02-26 23:06:39.672  val_finetune_dtvu_steps_3/loss = 3.6712  
2025-02-26 23:06:39.672  val_finetune_dtvu_steps_3/acc@01 = 0.3167  
2025-02-26 23:06:39.672  val_finetune_dtvu_steps_3/acc@05 = 0.5833  
2025-02-26 23:06:39.672  val_finetune_dtvu_steps_3/acc@10 = 0.6000  
2025-02-26 23:06:39.672  val_finetune_dtvu_steps_3/acc@20 = 0.7000  
2025-02-26 23:06:39.672  
  
2025-02-26 23:06:40.026  
  
2025-02-26 23:06:40.026  [TRN] epoch_04  
2025-02-26 23:06:40.026  =============================================  
2025-02-26 23:06:40.026  trn/loss = 3.8194  
2025-02-26 23:06:40.029  trn/acc@01 = 0.2785  
2025-02-26 23:06:40.029  trn/acc@05 = 0.5290  
2025-02-26 23:06:40.029  trn/acc@10 = 0.6187  
2025-02-26 23:06:40.029  trn/acc@20 = 0.6822  
2025-02-26 23:06:40.029  
  
2025-02-26 23:06:40.063  
  
2025-02-26 23:06:40.063  [VAL_FINETUNE_DTVU_STEPS_1] epoch_04  
2025-02-26 23:06:40.063  =============================================  
2025-02-26 23:06:40.063  val_finetune_dtvu_steps_1/loss = 3.0314  
2025-02-26 23:06:40.063  val_finetune_dtvu_steps_1/acc@01 = 0.3000  
2025-02-26 23:06:40.063  val_finetune_dtvu_steps_1/acc@05 = 0.7500  
2025-02-26 23:06:40.063  val_finetune_dtvu_steps_1/acc@10 = 0.8000  
2025-02-26 23:06:40.063  val_finetune_dtvu_steps_1/acc@20 = 0.8500  
2025-02-26 23:06:40.063  
  
2025-02-26 23:06:40.108  
  
2025-02-26 23:06:40.108  [VAL_FINETUNE_DTVU_STEPS_3] epoch_04  
2025-02-26 23:06:40.108  =============================================  
2025-02-26 23:06:40.108  val_finetune_dtvu_steps_3/loss = 3.4884  
2025-02-26 23:06:40.108  val_finetune_dtvu_steps_3/acc@01 = 0.2667  
2025-02-26 23:06:40.108  val_finetune_dtvu_steps_3/acc@05 = 0.6000  
2025-02-26 23:06:40.108  val_finetune_dtvu_steps_3/acc@10 = 0.6167  
2025-02-26 23:06:40.108  val_finetune_dtvu_steps_3/acc@20 = 0.7333  
2025-02-26 23:06:40.108  
  
2025-02-26 23:06:40.443  
  
2025-02-26 23:06:40.443  [TRN] epoch_05  
2025-02-26 23:06:40.443  =============================================  
2025-02-26 23:06:40.443  trn/loss = 3.6944  
2025-02-26 23:06:40.443  trn/acc@01 = 0.2674  
2025-02-26 23:06:40.443  trn/acc@05 = 0.5478  
2025-02-26 23:06:40.443  trn/acc@10 = 0.6435  
2025-02-26 23:06:40.443  trn/acc@20 = 0.7457  
2025-02-26 23:06:40.443  
  
2025-02-26 23:06:40.483  
  
2025-02-26 23:06:40.488  [VAL_FINETUNE_DTVU_STEPS_1] epoch_05  
2025-02-26 23:06:40.488  =============================================  
2025-02-26 23:06:40.488  val_finetune_dtvu_steps_1/loss = 2.8271  
2025-02-26 23:06:40.488  val_finetune_dtvu_steps_1/acc@01 = 0.3000  
2025-02-26 23:06:40.488  val_finetune_dtvu_steps_1/acc@05 = 0.8000  
2025-02-26 23:06:40.488  val_finetune_dtvu_steps_1/acc@10 = 0.9000  
2025-02-26 23:06:40.488  val_finetune_dtvu_steps_1/acc@20 = 0.9000  
2025-02-26 23:06:40.488  
  
2025-02-26 23:06:40.526  
  
2025-02-26 23:06:40.526  [VAL_FINETUNE_DTVU_STEPS_3] epoch_05  
2025-02-26 23:06:40.526  =============================================  
2025-02-26 23:06:40.526  val_finetune_dtvu_steps_3/loss = 3.3065  
2025-02-26 23:06:40.526  val_finetune_dtvu_steps_3/acc@01 = 0.3167  
2025-02-26 23:06:40.526  val_finetune_dtvu_steps_3/acc@05 = 0.6167  
2025-02-26 23:06:40.526  val_finetune_dtvu_steps_3/acc@10 = 0.7500  
2025-02-26 23:06:40.526  val_finetune_dtvu_steps_3/acc@20 = 0.8167  
2025-02-26 23:06:40.526  
  
2025-02-26 23:06:40.882  
  
2025-02-26 23:06:40.882  [TRN] epoch_06  
2025-02-26 23:06:40.882  =============================================  
2025-02-26 23:06:40.882  trn/loss = 3.5113  
2025-02-26 23:06:40.882  trn/acc@01 = 0.2557  
2025-02-26 23:06:40.883  trn/acc@05 = 0.5918  
2025-02-26 23:06:40.883  trn/acc@10 = 0.6763  
2025-02-26 23:06:40.883  trn/acc@20 = 0.7361  
2025-02-26 23:06:40.883  
  
2025-02-26 23:06:40.923  
  
2025-02-26 23:06:40.923  [VAL_FINETUNE_DTVU_STEPS_1] epoch_06  
2025-02-26 23:06:40.923  =============================================  
2025-02-26 23:06:40.923  val_finetune_dtvu_steps_1/loss = 2.6555  
2025-02-26 23:06:40.923  val_finetune_dtvu_steps_1/acc@01 = 0.3000  
2025-02-26 23:06:40.923  val_finetune_dtvu_steps_1/acc@05 = 0.8500  
2025-02-26 23:06:40.923  val_finetune_dtvu_steps_1/acc@10 = 0.9000  
2025-02-26 23:06:40.923  val_finetune_dtvu_steps_1/acc@20 = 0.9000  
2025-02-26 23:06:40.923  
  
2025-02-26 23:06:40.962  
  
2025-02-26 23:06:40.962  [VAL_FINETUNE_DTVU_STEPS_3] epoch_06  
2025-02-26 23:06:40.962  =============================================  
2025-02-26 23:06:40.963  val_finetune_dtvu_steps_3/loss = 3.2009  
2025-02-26 23:06:40.963  val_finetune_dtvu_steps_3/acc@01 = 0.3167  
2025-02-26 23:06:40.963  val_finetune_dtvu_steps_3/acc@05 = 0.6667  
2025-02-26 23:06:40.963  val_finetune_dtvu_steps_3/acc@10 = 0.7667  
2025-02-26 23:06:40.963  val_finetune_dtvu_steps_3/acc@20 = 0.8167  
2025-02-26 23:06:40.963  
  
2025-02-26 23:06:41.313  
  
2025-02-26 23:06:41.313  [TRN] epoch_07  
2025-02-26 23:06:41.313  =============================================  
2025-02-26 23:06:41.313  trn/loss = 3.3024  
2025-02-26 23:06:41.313  trn/acc@01 = 0.2679  
2025-02-26 23:06:41.313  trn/acc@05 = 0.5839  
2025-02-26 23:06:41.313  trn/acc@10 = 0.7143  
2025-02-26 23:06:41.313  trn/acc@20 = 0.7821  
2025-02-26 23:06:41.313  
  
2025-02-26 23:06:41.356  
  
2025-02-26 23:06:41.356  [VAL_FINETUNE_DTVU_STEPS_1] epoch_07  
2025-02-26 23:06:41.356  =============================================  
2025-02-26 23:06:41.356  val_finetune_dtvu_steps_1/loss = 2.5869  
2025-02-26 23:06:41.356  val_finetune_dtvu_steps_1/acc@01 = 0.3500  
2025-02-26 23:06:41.356  val_finetune_dtvu_steps_1/acc@05 = 0.7500  
2025-02-26 23:06:41.356  val_finetune_dtvu_steps_1/acc@10 = 0.9000  
2025-02-26 23:06:41.358  val_finetune_dtvu_steps_1/acc@20 = 0.9500  
2025-02-26 23:06:41.358  
  
2025-02-26 23:06:41.393  
  
2025-02-26 23:06:41.393  [VAL_FINETUNE_DTVU_STEPS_3] epoch_07  
2025-02-26 23:06:41.393  =============================================  
2025-02-26 23:06:41.393  val_finetune_dtvu_steps_3/loss = 3.2018  
2025-02-26 23:06:41.393  val_finetune_dtvu_steps_3/acc@01 = 0.3333  
2025-02-26 23:06:41.393  val_finetune_dtvu_steps_3/acc@05 = 0.6333  
2025-02-26 23:06:41.393  val_finetune_dtvu_steps_3/acc@10 = 0.7333  
2025-02-26 23:06:41.393  val_finetune_dtvu_steps_3/acc@20 = 0.8333  
2025-02-26 23:06:41.393  
  
2025-02-26 23:06:41.726  
  
2025-02-26 23:06:41.726  [TRN] epoch_08  
2025-02-26 23:06:41.726  =============================================  
2025-02-26 23:06:41.726  trn/loss = 3.2969  
2025-02-26 23:06:41.726  trn/acc@01 = 0.2505  
2025-02-26 23:06:41.726  trn/acc@05 = 0.5748  
2025-02-26 23:06:41.726  trn/acc@10 = 0.7204  
2025-02-26 23:06:41.726  trn/acc@20 = 0.8078  
2025-02-26 23:06:41.726  
  
2025-02-26 23:06:41.763  
  
2025-02-26 23:06:41.763  [VAL_FINETUNE_DTVU_STEPS_1] epoch_08  
2025-02-26 23:06:41.763  =============================================  
2025-02-26 23:06:41.763  val_finetune_dtvu_steps_1/loss = 2.4666  
2025-02-26 23:06:41.763  val_finetune_dtvu_steps_1/acc@01 = 0.3500  
2025-02-26 23:06:41.763  val_finetune_dtvu_steps_1/acc@05 = 0.8000  
2025-02-26 23:06:41.763  val_finetune_dtvu_steps_1/acc@10 = 0.9000  
2025-02-26 23:06:41.763  val_finetune_dtvu_steps_1/acc@20 = 0.9500  
2025-02-26 23:06:41.763  
  
2025-02-26 23:06:41.804  
  
2025-02-26 23:06:41.804  [VAL_FINETUNE_DTVU_STEPS_3] epoch_08  
2025-02-26 23:06:41.804  =============================================  
2025-02-26 23:06:41.804  val_finetune_dtvu_steps_3/loss = 3.0483  
2025-02-26 23:06:41.804  val_finetune_dtvu_steps_3/acc@01 = 0.3333  
2025-02-26 23:06:41.804  val_finetune_dtvu_steps_3/acc@05 = 0.6500  
2025-02-26 23:06:41.804  val_finetune_dtvu_steps_3/acc@10 = 0.7667  
2025-02-26 23:06:41.804  val_finetune_dtvu_steps_3/acc@20 = 0.8333  
2025-02-26 23:06:41.804  
  
2025-02-26 23:06:42.163  
  
2025-02-26 23:06:42.163  [TRN] epoch_09  
2025-02-26 23:06:42.163  =============================================  
2025-02-26 23:06:42.163  trn/loss = 3.2503  
2025-02-26 23:06:42.163  trn/acc@01 = 0.2731  
2025-02-26 23:06:42.163  trn/acc@05 = 0.5957  
2025-02-26 23:06:42.163  trn/acc@10 = 0.7183  
2025-02-26 23:06:42.163  trn/acc@20 = 0.8215  
2025-02-26 23:06:42.163  
  
2025-02-26 23:06:42.205  
  
2025-02-26 23:06:42.205  [VAL_FINETUNE_DTVU_STEPS_1] epoch_09  
2025-02-26 23:06:42.205  =============================================  
2025-02-26 23:06:42.205  val_finetune_dtvu_steps_1/loss = 2.4976  
2025-02-26 23:06:42.205  val_finetune_dtvu_steps_1/acc@01 = 0.3500  
2025-02-26 23:06:42.205  val_finetune_dtvu_steps_1/acc@05 = 0.7500  
2025-02-26 23:06:42.205  val_finetune_dtvu_steps_1/acc@10 = 0.9500  
2025-02-26 23:06:42.205  val_finetune_dtvu_steps_1/acc@20 = 1.0000  
2025-02-26 23:06:42.205  
  
2025-02-26 23:06:42.254  
  
2025-02-26 23:06:42.254  [VAL_FINETUNE_DTVU_STEPS_3] epoch_09  
2025-02-26 23:06:42.254  =============================================  
2025-02-26 23:06:42.254  val_finetune_dtvu_steps_3/loss = 3.0023  
2025-02-26 23:06:42.254  val_finetune_dtvu_steps_3/acc@01 = 0.3333  
2025-02-26 23:06:42.254  val_finetune_dtvu_steps_3/acc@05 = 0.6667  
2025-02-26 23:06:42.254  val_finetune_dtvu_steps_3/acc@10 = 0.7833  
2025-02-26 23:06:42.254  val_finetune_dtvu_steps_3/acc@20 = 0.8667  
2025-02-26 23:06:42.254  
  
2025-02-26 23:06:42.584  
  
2025-02-26 23:06:42.584  [TRN] epoch_10  
2025-02-26 23:06:42.584  =============================================  
2025-02-26 23:06:42.584  trn/loss = 3.2563  
2025-02-26 23:06:42.584  trn/acc@01 = 0.2755  
2025-02-26 23:06:42.584  trn/acc@05 = 0.5755  
2025-02-26 23:06:42.584  trn/acc@10 = 0.7170  
2025-02-26 23:06:42.584  trn/acc@20 = 0.8170  
2025-02-26 23:06:42.584  
  
2025-02-26 23:06:42.623  
  
2025-02-26 23:06:42.623  [VAL_FINETUNE_DTVU_STEPS_1] epoch_10  
2025-02-26 23:06:42.623  =============================================  
2025-02-26 23:06:42.623  val_finetune_dtvu_steps_1/loss = 2.4387  
2025-02-26 23:06:42.623  val_finetune_dtvu_steps_1/acc@01 = 0.3500  
2025-02-26 23:06:42.623  val_finetune_dtvu_steps_1/acc@05 = 0.8000  
2025-02-26 23:06:42.623  val_finetune_dtvu_steps_1/acc@10 = 0.9000  
2025-02-26 23:06:42.623  val_finetune_dtvu_steps_1/acc@20 = 0.9500  
2025-02-26 23:06:42.623  
  
2025-02-26 23:06:42.663  
  
2025-02-26 23:06:42.663  [VAL_FINETUNE_DTVU_STEPS_3] epoch_10  
2025-02-26 23:06:42.663  =============================================  
2025-02-26 23:06:42.663  val_finetune_dtvu_steps_3/loss = 2.9820  
2025-02-26 23:06:42.663  val_finetune_dtvu_steps_3/acc@01 = 0.3333  
2025-02-26 23:06:42.663  val_finetune_dtvu_steps_3/acc@05 = 0.6500  
2025-02-26 23:06:42.663  val_finetune_dtvu_steps_3/acc@10 = 0.7667  
2025-02-26 23:06:42.663  val_finetune_dtvu_steps_3/acc@20 = 0.8333  
2025-02-26 23:06:42.663  
  
2025-02-26 23:06:43.002  
  
2025-02-26 23:06:43.002  [TRN] epoch_11  
2025-02-26 23:06:43.002  =============================================  
2025-02-26 23:06:43.002  trn/loss = 3.2077  
2025-02-26 23:06:43.002  trn/acc@01 = 0.2731  
2025-02-26 23:06:43.002  trn/acc@05 = 0.5538  
2025-02-26 23:06:43.002  trn/acc@10 = 0.6923  
2025-02-26 23:06:43.002  trn/acc@20 = 0.8288  
2025-02-26 23:06:43.002  
  
2025-02-26 23:06:43.058  
  
2025-02-26 23:06:43.058  [VAL_FINETUNE_DTVU_STEPS_1] epoch_11  
2025-02-26 23:06:43.058  =============================================  
2025-02-26 23:06:43.058  val_finetune_dtvu_steps_1/loss = 2.5226  
2025-02-26 23:06:43.058  val_finetune_dtvu_steps_1/acc@01 = 0.3000  
2025-02-26 23:06:43.058  val_finetune_dtvu_steps_1/acc@05 = 0.8500  
2025-02-26 23:06:43.058  val_finetune_dtvu_steps_1/acc@10 = 0.8500  
2025-02-26 23:06:43.058  val_finetune_dtvu_steps_1/acc@20 = 0.9500  
2025-02-26 23:06:43.058  
  
2025-02-26 23:06:43.113  
  
2025-02-26 23:06:43.113  [VAL_FINETUNE_DTVU_STEPS_3] epoch_11  
2025-02-26 23:06:43.113  =============================================  
2025-02-26 23:06:43.113  val_finetune_dtvu_steps_3/loss = 3.0010  
2025-02-26 23:06:43.113  val_finetune_dtvu_steps_3/acc@01 = 0.3167  
2025-02-26 23:06:43.113  val_finetune_dtvu_steps_3/acc@05 = 0.7000  
2025-02-26 23:06:43.113  val_finetune_dtvu_steps_3/acc@10 = 0.7500  
2025-02-26 23:06:43.113  val_finetune_dtvu_steps_3/acc@20 = 0.8500  
2025-02-26 23:06:43.113  
  
2025-02-26 23:06:43.457  
  
2025-02-26 23:06:43.457  [TRN] epoch_12  
2025-02-26 23:06:43.457  =============================================  
2025-02-26 23:06:43.457  trn/loss = 3.1512  
2025-02-26 23:06:43.457  trn/acc@01 = 0.2989  
2025-02-26 23:06:43.457  trn/acc@05 = 0.5811  
2025-02-26 23:06:43.457  trn/acc@10 = 0.7284  
2025-02-26 23:06:43.457  trn/acc@20 = 0.8316  
2025-02-26 23:06:43.457  
  
2025-02-26 23:06:43.492  
  
2025-02-26 23:06:43.492  [VAL_FINETUNE_DTVU_STEPS_1] epoch_12  
2025-02-26 23:06:43.492  =============================================  
2025-02-26 23:06:43.492  val_finetune_dtvu_steps_1/loss = 2.4097  
2025-02-26 23:06:43.492  val_finetune_dtvu_steps_1/acc@01 = 0.3500  
2025-02-26 23:06:43.492  val_finetune_dtvu_steps_1/acc@05 = 0.8500  
2025-02-26 23:06:43.492  val_finetune_dtvu_steps_1/acc@10 = 0.9000  
2025-02-26 23:06:43.492  val_finetune_dtvu_steps_1/acc@20 = 0.9500  
2025-02-26 23:06:43.498  
  
2025-02-26 23:06:43.533  
  
2025-02-26 23:06:43.533  [VAL_FINETUNE_DTVU_STEPS_3] epoch_12  
2025-02-26 23:06:43.533  =============================================  
2025-02-26 23:06:43.533  val_finetune_dtvu_steps_3/loss = 2.9478  
2025-02-26 23:06:43.533  val_finetune_dtvu_steps_3/acc@01 = 0.3333  
2025-02-26 23:06:43.533  val_finetune_dtvu_steps_3/acc@05 = 0.6667  
2025-02-26 23:06:43.533  val_finetune_dtvu_steps_3/acc@10 = 0.7500  
2025-02-26 23:06:43.533  val_finetune_dtvu_steps_3/acc@20 = 0.8667  
2025-02-26 23:06:43.533  
  
2025-02-26 23:06:43.883  
  
2025-02-26 23:06:43.883  [TRN] epoch_13  
2025-02-26 23:06:43.883  =============================================  
2025-02-26 23:06:43.883  trn/loss = 3.0621  
2025-02-26 23:06:43.883  trn/acc@01 = 0.2717  
2025-02-26 23:06:43.883  trn/acc@05 = 0.5962  
2025-02-26 23:06:43.883  trn/acc@10 = 0.7264  
2025-02-26 23:06:43.883  trn/acc@20 = 0.8472  
2025-02-26 23:06:43.883  
  
2025-02-26 23:06:43.922  
  
2025-02-26 23:06:43.922  [VAL_FINETUNE_DTVU_STEPS_1] epoch_13  
2025-02-26 23:06:43.922  =============================================  
2025-02-26 23:06:43.922  val_finetune_dtvu_steps_1/loss = 2.3864  
2025-02-26 23:06:43.922  val_finetune_dtvu_steps_1/acc@01 = 0.3500  
2025-02-26 23:06:43.922  val_finetune_dtvu_steps_1/acc@05 = 0.8000  
2025-02-26 23:06:43.927  val_finetune_dtvu_steps_1/acc@10 = 0.9000  
2025-02-26 23:06:43.927  val_finetune_dtvu_steps_1/acc@20 = 0.9000  
2025-02-26 23:06:43.927  
  
2025-02-26 23:06:43.974  
  
2025-02-26 23:06:43.974  [VAL_FINETUNE_DTVU_STEPS_3] epoch_13  
2025-02-26 23:06:43.974  =============================================  
2025-02-26 23:06:43.974  val_finetune_dtvu_steps_3/loss = 2.9043  
2025-02-26 23:06:43.974  val_finetune_dtvu_steps_3/acc@01 = 0.3333  
2025-02-26 23:06:43.974  val_finetune_dtvu_steps_3/acc@05 = 0.6500  
2025-02-26 23:06:43.974  val_finetune_dtvu_steps_3/acc@10 = 0.7667  
2025-02-26 23:06:43.974  val_finetune_dtvu_steps_3/acc@20 = 0.8500  
2025-02-26 23:06:43.974  
  
2025-02-26 23:06:44.332  
  
2025-02-26 23:06:44.332  [TRN] epoch_14  
2025-02-26 23:06:44.332  =============================================  
2025-02-26 23:06:44.333  trn/loss = 2.9880  
2025-02-26 23:06:44.333  trn/acc@01 = 0.2948  
2025-02-26 23:06:44.333  trn/acc@05 = 0.6124  
2025-02-26 23:06:44.333  trn/acc@10 = 0.7278  
2025-02-26 23:06:44.333  trn/acc@20 = 0.8268  
2025-02-26 23:06:44.333  
  
2025-02-26 23:06:44.372  
  
2025-02-26 23:06:44.372  [VAL_FINETUNE_DTVU_STEPS_1] epoch_14  
2025-02-26 23:06:44.372  =============================================  
2025-02-26 23:06:44.372  val_finetune_dtvu_steps_1/loss = 2.4310  
2025-02-26 23:06:44.372  val_finetune_dtvu_steps_1/acc@01 = 0.3000  
2025-02-26 23:06:44.372  val_finetune_dtvu_steps_1/acc@05 = 0.8000  
2025-02-26 23:06:44.372  val_finetune_dtvu_steps_1/acc@10 = 0.9000  
2025-02-26 23:06:44.372  val_finetune_dtvu_steps_1/acc@20 = 1.0000  
2025-02-26 23:06:44.372  
  
2025-02-26 23:06:44.404  
  
2025-02-26 23:06:44.404  [VAL_FINETUNE_DTVU_STEPS_3] epoch_14  
2025-02-26 23:06:44.404  =============================================  
2025-02-26 23:06:44.404  val_finetune_dtvu_steps_3/loss = 2.9212  
2025-02-26 23:06:44.404  val_finetune_dtvu_steps_3/acc@01 = 0.3167  
2025-02-26 23:06:44.411  val_finetune_dtvu_steps_3/acc@05 = 0.6333  
2025-02-26 23:06:44.411  val_finetune_dtvu_steps_3/acc@10 = 0.7667  
2025-02-26 23:06:44.411  val_finetune_dtvu_steps_3/acc@20 = 0.8500  
2025-02-26 23:06:44.411  
  
2025-02-26 23:06:44.759  
  
2025-02-26 23:06:44.759  [TRN] epoch_15  
2025-02-26 23:06:44.759  =============================================  
2025-02-26 23:06:44.759  trn/loss = 3.0189  
2025-02-26 23:06:44.762  trn/acc@01 = 0.2909  
2025-02-26 23:06:44.762  trn/acc@05 = 0.6061  
2025-02-26 23:06:44.762  trn/acc@10 = 0.7475  
2025-02-26 23:06:44.762  trn/acc@20 = 0.8545  
2025-02-26 23:06:44.762  
  
2025-02-26 23:06:44.796  
  
2025-02-26 23:06:44.796  [VAL_FINETUNE_DTVU_STEPS_1] epoch_15  
2025-02-26 23:06:44.796  =============================================  
2025-02-26 23:06:44.796  val_finetune_dtvu_steps_1/loss = 2.2833  
2025-02-26 23:06:44.796  val_finetune_dtvu_steps_1/acc@01 = 0.3500  
2025-02-26 23:06:44.796  val_finetune_dtvu_steps_1/acc@05 = 0.8500  
2025-02-26 23:06:44.796  val_finetune_dtvu_steps_1/acc@10 = 0.9000  
2025-02-26 23:06:44.796  val_finetune_dtvu_steps_1/acc@20 = 1.0000  
2025-02-26 23:06:44.796  
  
2025-02-26 23:06:44.836  
  
2025-02-26 23:06:44.836  [VAL_FINETUNE_DTVU_STEPS_3] epoch_15  
2025-02-26 23:06:44.836  =============================================  
2025-02-26 23:06:44.836  val_finetune_dtvu_steps_3/loss = 2.8169  
2025-02-26 23:06:44.836  val_finetune_dtvu_steps_3/acc@01 = 0.3333  
2025-02-26 23:06:44.836  val_finetune_dtvu_steps_3/acc@05 = 0.7000  
2025-02-26 23:06:44.836  val_finetune_dtvu_steps_3/acc@10 = 0.7667  
2025-02-26 23:06:44.836  val_finetune_dtvu_steps_3/acc@20 = 0.9000  
2025-02-26 23:06:44.836  
  
2025-02-26 23:06:45.182  
  
2025-02-26 23:06:45.183  [TRN] epoch_16  
2025-02-26 23:06:45.183  =============================================  
2025-02-26 23:06:45.183  trn/loss = 2.9130  
2025-02-26 23:06:45.183  trn/acc@01 = 0.3152  
2025-02-26 23:06:45.183  trn/acc@05 = 0.6202  
2025-02-26 23:06:45.183  trn/acc@10 = 0.7434  
2025-02-26 23:06:45.183  trn/acc@20 = 0.8646  
2025-02-26 23:06:45.183  
  
2025-02-26 23:06:45.219  
  
2025-02-26 23:06:45.219  [VAL_FINETUNE_DTVU_STEPS_1] epoch_16  
2025-02-26 23:06:45.219  =============================================  
2025-02-26 23:06:45.219  val_finetune_dtvu_steps_1/loss = 2.3276  
2025-02-26 23:06:45.219  val_finetune_dtvu_steps_1/acc@01 = 0.3000  
2025-02-26 23:06:45.219  val_finetune_dtvu_steps_1/acc@05 = 0.8500  
2025-02-26 23:06:45.219  val_finetune_dtvu_steps_1/acc@10 = 0.9000  
2025-02-26 23:06:45.219  val_finetune_dtvu_steps_1/acc@20 = 0.9500  
2025-02-26 23:06:45.219  
  
2025-02-26 23:06:45.254  
  
2025-02-26 23:06:45.254  [VAL_FINETUNE_DTVU_STEPS_3] epoch_16  
2025-02-26 23:06:45.254  =============================================  
2025-02-26 23:06:45.254  val_finetune_dtvu_steps_3/loss = 2.8330  
2025-02-26 23:06:45.254  val_finetune_dtvu_steps_3/acc@01 = 0.3167  
2025-02-26 23:06:45.254  val_finetune_dtvu_steps_3/acc@05 = 0.7000  
2025-02-26 23:06:45.254  val_finetune_dtvu_steps_3/acc@10 = 0.7667  
2025-02-26 23:06:45.254  val_finetune_dtvu_steps_3/acc@20 = 0.9000  
2025-02-26 23:06:45.254  
  
2025-02-26 23:06:45.603  
  
2025-02-26 23:06:45.603  [TRN] epoch_17  
2025-02-26 23:06:45.603  =============================================  
2025-02-26 23:06:45.603  trn/loss = 2.9219  
2025-02-26 23:06:45.603  trn/acc@01 = 0.2870  
2025-02-26 23:06:45.603  trn/acc@05 = 0.6000  
2025-02-26 23:06:45.603  trn/acc@10 = 0.7426  
2025-02-26 23:06:45.603  trn/acc@20 = 0.8704  
2025-02-26 23:06:45.603  
  
2025-02-26 23:06:45.633  
  
2025-02-26 23:06:45.633  [VAL_FINETUNE_DTVU_STEPS_1] epoch_17  
2025-02-26 23:06:45.633  =============================================  
2025-02-26 23:06:45.633  val_finetune_dtvu_steps_1/loss = 2.2889  
2025-02-26 23:06:45.633  val_finetune_dtvu_steps_1/acc@01 = 0.3500  
2025-02-26 23:06:45.633  val_finetune_dtvu_steps_1/acc@05 = 0.8000  
2025-02-26 23:06:45.633  val_finetune_dtvu_steps_1/acc@10 = 0.9000  
2025-02-26 23:06:45.633  val_finetune_dtvu_steps_1/acc@20 = 0.9500  
2025-02-26 23:06:45.642  
  
2025-02-26 23:06:45.682  
  
2025-02-26 23:06:45.682  [VAL_FINETUNE_DTVU_STEPS_3] epoch_17  
2025-02-26 23:06:45.682  =============================================  
2025-02-26 23:06:45.682  val_finetune_dtvu_steps_3/loss = 2.8474  
2025-02-26 23:06:45.682  val_finetune_dtvu_steps_3/acc@01 = 0.3333  
2025-02-26 23:06:45.682  val_finetune_dtvu_steps_3/acc@05 = 0.6500  
2025-02-26 23:06:45.682  val_finetune_dtvu_steps_3/acc@10 = 0.7667  
2025-02-26 23:06:45.683  val_finetune_dtvu_steps_3/acc@20 = 0.9000  
2025-02-26 23:06:45.683  
  
2025-02-26 23:06:46.024  
  
2025-02-26 23:06:46.028  [TRN] epoch_18  
2025-02-26 23:06:46.028  =============================================  
2025-02-26 23:06:46.028  trn/loss = 2.7766  
2025-02-26 23:06:46.028  trn/acc@01 = 0.3179  
2025-02-26 23:06:46.028  trn/acc@05 = 0.6339  
2025-02-26 23:06:46.028  trn/acc@10 = 0.7554  
2025-02-26 23:06:46.028  trn/acc@20 = 0.8839  
2025-02-26 23:06:46.028  
  
2025-02-26 23:06:46.064  
  
2025-02-26 23:06:46.064  [VAL_FINETUNE_DTVU_STEPS_1] epoch_18  
2025-02-26 23:06:46.064  =============================================  
2025-02-26 23:06:46.064  val_finetune_dtvu_steps_1/loss = 2.2654  
2025-02-26 23:06:46.064  val_finetune_dtvu_steps_1/acc@01 = 0.3000  
2025-02-26 23:06:46.064  val_finetune_dtvu_steps_1/acc@05 = 0.9000  
2025-02-26 23:06:46.064  val_finetune_dtvu_steps_1/acc@10 = 0.9000  
2025-02-26 23:06:46.064  val_finetune_dtvu_steps_1/acc@20 = 0.9500  
2025-02-26 23:06:46.064  
  
2025-02-26 23:06:46.094  
  
2025-02-26 23:06:46.102  [VAL_FINETUNE_DTVU_STEPS_3] epoch_18  
2025-02-26 23:06:46.102  =============================================  
2025-02-26 23:06:46.102  val_finetune_dtvu_steps_3/loss = 2.8147  
2025-02-26 23:06:46.102  val_finetune_dtvu_steps_3/acc@01 = 0.3333  
2025-02-26 23:06:46.102  val_finetune_dtvu_steps_3/acc@05 = 0.6667  
2025-02-26 23:06:46.102  val_finetune_dtvu_steps_3/acc@10 = 0.8000  
2025-02-26 23:06:46.102  val_finetune_dtvu_steps_3/acc@20 = 0.9000  
2025-02-26 23:06:46.102  
  
2025-02-26 23:06:46.433  
  
2025-02-26 23:06:46.433  [TRN] epoch_19  
2025-02-26 23:06:46.442  =============================================  
2025-02-26 23:06:46.442  trn/loss = 2.8650  
2025-02-26 23:06:46.442  trn/acc@01 = 0.3176  
2025-02-26 23:06:46.442  trn/acc@05 = 0.6118  
2025-02-26 23:06:46.442  trn/acc@10 = 0.7431  
2025-02-26 23:06:46.442  trn/acc@20 = 0.8647  
2025-02-26 23:06:46.442  
  
2025-02-26 23:06:46.481  
  
2025-02-26 23:06:46.481  [VAL_FINETUNE_DTVU_STEPS_1] epoch_19  
2025-02-26 23:06:46.481  =============================================  
2025-02-26 23:06:46.481  val_finetune_dtvu_steps_1/loss = 2.2600  
2025-02-26 23:06:46.481  val_finetune_dtvu_steps_1/acc@01 = 0.3500  
2025-02-26 23:06:46.481  val_finetune_dtvu_steps_1/acc@05 = 0.9000  
2025-02-26 23:06:46.481  val_finetune_dtvu_steps_1/acc@10 = 0.9500  
2025-02-26 23:06:46.481  val_finetune_dtvu_steps_1/acc@20 = 1.0000  
2025-02-26 23:06:46.481  
  
2025-02-26 23:06:46.514  
  
2025-02-26 23:06:46.514  [VAL_FINETUNE_DTVU_STEPS_3] epoch_19  
2025-02-26 23:06:46.514  =============================================  
2025-02-26 23:06:46.514  val_finetune_dtvu_steps_3/loss = 2.8037  
2025-02-26 23:06:46.514  val_finetune_dtvu_steps_3/acc@01 = 0.3167  
2025-02-26 23:06:46.514  val_finetune_dtvu_steps_3/acc@05 = 0.7000  
2025-02-26 23:06:46.514  val_finetune_dtvu_steps_3/acc@10 = 0.8333  
2025-02-26 23:06:46.514  val_finetune_dtvu_steps_3/acc@20 = 0.8833  
2025-02-26 23:06:46.514  
  
2025-02-26 23:06:46.862  
  
2025-02-26 23:06:46.862  [TRN] epoch_20  
2025-02-26 23:06:46.862  =============================================  
2025-02-26 23:06:46.862  trn/loss = 2.8902  
2025-02-26 23:06:46.862  trn/acc@01 = 0.2893  
2025-02-26 23:06:46.862  trn/acc@05 = 0.5864  
2025-02-26 23:06:46.862  trn/acc@10 = 0.7301  
2025-02-26 23:06:46.862  trn/acc@20 = 0.8583  
2025-02-26 23:06:46.862  
  
2025-02-26 23:06:46.899  
  
2025-02-26 23:06:46.899  [VAL_FINETUNE_DTVU_STEPS_1] epoch_20  
2025-02-26 23:06:46.899  =============================================  
2025-02-26 23:06:46.899  val_finetune_dtvu_steps_1/loss = 2.2497  
2025-02-26 23:06:46.899  val_finetune_dtvu_steps_1/acc@01 = 0.3500  
2025-02-26 23:06:46.899  val_finetune_dtvu_steps_1/acc@05 = 0.8500  
2025-02-26 23:06:46.899  val_finetune_dtvu_steps_1/acc@10 = 0.9500  
2025-02-26 23:06:46.899  val_finetune_dtvu_steps_1/acc@20 = 1.0000  
2025-02-26 23:06:46.899  
  
2025-02-26 23:06:46.935  
  
2025-02-26 23:06:46.935  [VAL_FINETUNE_DTVU_STEPS_3] epoch_20  
2025-02-26 23:06:46.942  =============================================  
2025-02-26 23:06:46.942  val_finetune_dtvu_steps_3/loss = 2.7603  
2025-02-26 23:06:46.942  val_finetune_dtvu_steps_3/acc@01 = 0.3000  
2025-02-26 23:06:46.942  val_finetune_dtvu_steps_3/acc@05 = 0.7000  
2025-02-26 23:06:46.942  val_finetune_dtvu_steps_3/acc@10 = 0.8333  
2025-02-26 23:06:46.942  val_finetune_dtvu_steps_3/acc@20 = 0.9000  
2025-02-26 23:06:46.942  
  
2025-02-26 23:06:47.263  
  
2025-02-26 23:06:47.263  [TRN] epoch_21  
2025-02-26 23:06:47.263  =============================================  
2025-02-26 23:06:47.264  trn/loss = 2.8250  
2025-02-26 23:06:47.264  trn/acc@01 = 0.2826  
2025-02-26 23:06:47.264  trn/acc@05 = 0.6294  
2025-02-26 23:06:47.264  trn/acc@10 = 0.7743  
2025-02-26 23:06:47.264  trn/acc@20 = 0.8716  
2025-02-26 23:06:47.264  
  
2025-02-26 23:06:47.295  
  
2025-02-26 23:06:47.295  [VAL_FINETUNE_DTVU_STEPS_1] epoch_21  
2025-02-26 23:06:47.295  =============================================  
2025-02-26 23:06:47.295  val_finetune_dtvu_steps_1/loss = 2.2459  
2025-02-26 23:06:47.295  val_finetune_dtvu_steps_1/acc@01 = 0.4000  
2025-02-26 23:06:47.302  val_finetune_dtvu_steps_1/acc@05 = 0.9000  
2025-02-26 23:06:47.302  val_finetune_dtvu_steps_1/acc@10 = 0.9500  
2025-02-26 23:06:47.302  val_finetune_dtvu_steps_1/acc@20 = 1.0000  
2025-02-26 23:06:47.302  
  
2025-02-26 23:06:47.344  
  
2025-02-26 23:06:47.344  [VAL_FINETUNE_DTVU_STEPS_3] epoch_21  
2025-02-26 23:06:47.344  =============================================  
2025-02-26 23:06:47.344  val_finetune_dtvu_steps_3/loss = 2.7844  
2025-02-26 23:06:47.344  val_finetune_dtvu_steps_3/acc@01 = 0.3000  
2025-02-26 23:06:47.344  val_finetune_dtvu_steps_3/acc@05 = 0.7167  
2025-02-26 23:06:47.344  val_finetune_dtvu_steps_3/acc@10 = 0.8333  
2025-02-26 23:06:47.344  val_finetune_dtvu_steps_3/acc@20 = 0.8500  
2025-02-26 23:06:47.344  
  
2025-02-26 23:06:47.681  
  
2025-02-26 23:06:47.681  [TRN] epoch_22  
2025-02-26 23:06:47.682  =============================================  
2025-02-26 23:06:47.682  trn/loss = 2.8544  
2025-02-26 23:06:47.682  trn/acc@01 = 0.3204  
2025-02-26 23:06:47.682  trn/acc@05 = 0.6245  
2025-02-26 23:06:47.682  trn/acc@10 = 0.7510  
2025-02-26 23:06:47.682  trn/acc@20 = 0.8653  
2025-02-26 23:06:47.682  
  
2025-02-26 23:06:47.718  
  
2025-02-26 23:06:47.718  [VAL_FINETUNE_DTVU_STEPS_1] epoch_22  
2025-02-26 23:06:47.718  =============================================  
2025-02-26 23:06:47.718  val_finetune_dtvu_steps_1/loss = 2.2326  
2025-02-26 23:06:47.718  val_finetune_dtvu_steps_1/acc@01 = 0.3000  
2025-02-26 23:06:47.718  val_finetune_dtvu_steps_1/acc@05 = 0.8500  
2025-02-26 23:06:47.718  val_finetune_dtvu_steps_1/acc@10 = 0.9500  
2025-02-26 23:06:47.718  val_finetune_dtvu_steps_1/acc@20 = 1.0000  
2025-02-26 23:06:47.718  
  
2025-02-26 23:06:47.754  
  
2025-02-26 23:06:47.754  [VAL_FINETUNE_DTVU_STEPS_3] epoch_22  
2025-02-26 23:06:47.754  =============================================  
2025-02-26 23:06:47.754  val_finetune_dtvu_steps_3/loss = 2.8336  
2025-02-26 23:06:47.754  val_finetune_dtvu_steps_3/acc@01 = 0.2833  
2025-02-26 23:06:47.754  val_finetune_dtvu_steps_3/acc@05 = 0.6833  
2025-02-26 23:06:47.754  val_finetune_dtvu_steps_3/acc@10 = 0.7833  
2025-02-26 23:06:47.754  val_finetune_dtvu_steps_3/acc@20 = 0.8833  
2025-02-26 23:06:47.754  
  
2025-02-26 23:06:48.064  
  
2025-02-26 23:06:48.072  [TRN] epoch_23  
2025-02-26 23:06:48.072  =============================================  
2025-02-26 23:06:48.072  trn/loss = 2.7609  
2025-02-26 23:06:48.072  trn/acc@01 = 0.3222  
2025-02-26 23:06:48.072  trn/acc@05 = 0.6267  
2025-02-26 23:06:48.072  trn/acc@10 = 0.7600  
2025-02-26 23:06:48.072  trn/acc@20 = 0.8622  
2025-02-26 23:06:48.072  
  
2025-02-26 23:06:48.113  
  
2025-02-26 23:06:48.113  [VAL_FINETUNE_DTVU_STEPS_1] epoch_23  
2025-02-26 23:06:48.113  =============================================  
2025-02-26 23:06:48.113  val_finetune_dtvu_steps_1/loss = 2.2729  
2025-02-26 23:06:48.113  val_finetune_dtvu_steps_1/acc@01 = 0.2500  
2025-02-26 23:06:48.113  val_finetune_dtvu_steps_1/acc@05 = 0.8000  
2025-02-26 23:06:48.113  val_finetune_dtvu_steps_1/acc@10 = 0.9000  
2025-02-26 23:06:48.113  val_finetune_dtvu_steps_1/acc@20 = 1.0000  
2025-02-26 23:06:48.113  
  
2025-02-26 23:06:48.153  
  
2025-02-26 23:06:48.153  [VAL_FINETUNE_DTVU_STEPS_3] epoch_23  
2025-02-26 23:06:48.153  =============================================  
2025-02-26 23:06:48.153  val_finetune_dtvu_steps_3/loss = 2.8091  
2025-02-26 23:06:48.153  val_finetune_dtvu_steps_3/acc@01 = 0.2833  
2025-02-26 23:06:48.153  val_finetune_dtvu_steps_3/acc@05 = 0.6333  
2025-02-26 23:06:48.153  val_finetune_dtvu_steps_3/acc@10 = 0.7333  
2025-02-26 23:06:48.153  val_finetune_dtvu_steps_3/acc@20 = 0.9333  
2025-02-26 23:06:48.153  
  
2025-02-26 23:06:48.482  
  
2025-02-26 23:06:48.482  [TRN] epoch_24  
2025-02-26 23:06:48.482  =============================================  
2025-02-26 23:06:48.482  trn/loss = 2.6897  
2025-02-26 23:06:48.482  trn/acc@01 = 0.3423  
2025-02-26 23:06:48.482  trn/acc@05 = 0.6495  
2025-02-26 23:06:48.482  trn/acc@10 = 0.7691  
2025-02-26 23:06:48.482  trn/acc@20 = 0.8701  
2025-02-26 23:06:48.482  
  
2025-02-26 23:06:48.519  
  
2025-02-26 23:06:48.519  [VAL_FINETUNE_DTVU_STEPS_1] epoch_24  
2025-02-26 23:06:48.519  =============================================  
2025-02-26 23:06:48.519  val_finetune_dtvu_steps_1/loss = 2.2562  
2025-02-26 23:06:48.519  val_finetune_dtvu_steps_1/acc@01 = 0.3000  
2025-02-26 23:06:48.520  val_finetune_dtvu_steps_1/acc@05 = 0.7500  
2025-02-26 23:06:48.520  val_finetune_dtvu_steps_1/acc@10 = 0.9500  
2025-02-26 23:06:48.520  val_finetune_dtvu_steps_1/acc@20 = 1.0000  
2025-02-26 23:06:48.520  
  
2025-02-26 23:06:48.563  
  
2025-02-26 23:06:48.563  [VAL_FINETUNE_DTVU_STEPS_3] epoch_24  
2025-02-26 23:06:48.563  =============================================  
2025-02-26 23:06:48.563  val_finetune_dtvu_steps_3/loss = 2.8626  
2025-02-26 23:06:48.564  val_finetune_dtvu_steps_3/acc@01 = 0.2667  
2025-02-26 23:06:48.564  val_finetune_dtvu_steps_3/acc@05 = 0.6000  
2025-02-26 23:06:48.564  val_finetune_dtvu_steps_3/acc@10 = 0.7667  
2025-02-26 23:06:48.564  val_finetune_dtvu_steps_3/acc@20 = 0.9167  
2025-02-26 23:06:48.564  
  
2025-02-26 23:06:48.895  
  
2025-02-26 23:06:48.895  [TRN] epoch_25  
2025-02-26 23:06:48.895  =============================================  
2025-02-26 23:06:48.895  trn/loss = 2.7063  
2025-02-26 23:06:48.896  trn/acc@01 = 0.3364  
2025-02-26 23:06:48.896  trn/acc@05 = 0.6131  
2025-02-26 23:06:48.896  trn/acc@10 = 0.7776  
2025-02-26 23:06:48.896  trn/acc@20 = 0.8692  
2025-02-26 23:06:48.896  
  
2025-02-26 23:06:48.931  
  
2025-02-26 23:06:48.931  [VAL_FINETUNE_DTVU_STEPS_1] epoch_25  
2025-02-26 23:06:48.931  =============================================  
2025-02-26 23:06:48.931  val_finetune_dtvu_steps_1/loss = 2.2872  
2025-02-26 23:06:48.931  val_finetune_dtvu_steps_1/acc@01 = 0.3500  
2025-02-26 23:06:48.931  val_finetune_dtvu_steps_1/acc@05 = 0.8000  
2025-02-26 23:06:48.931  val_finetune_dtvu_steps_1/acc@10 = 0.9500  
2025-02-26 23:06:48.931  val_finetune_dtvu_steps_1/acc@20 = 1.0000  
2025-02-26 23:06:48.932  
  
2025-02-26 23:06:48.970  
  
2025-02-26 23:06:48.970  [VAL_FINETUNE_DTVU_STEPS_3] epoch_25  
2025-02-26 23:06:48.972  =============================================  
2025-02-26 23:06:48.972  val_finetune_dtvu_steps_3/loss = 2.8102  
2025-02-26 23:06:48.972  val_finetune_dtvu_steps_3/acc@01 = 0.2833  
2025-02-26 23:06:48.972  val_finetune_dtvu_steps_3/acc@05 = 0.6833  
2025-02-26 23:06:48.972  val_finetune_dtvu_steps_3/acc@10 = 0.8333  
2025-02-26 23:06:48.972  val_finetune_dtvu_steps_3/acc@20 = 0.9000  
2025-02-26 23:06:48.972  
  
2025-02-26 23:06:49.309  
  
2025-02-26 23:06:49.309  [TRN] epoch_26  
2025-02-26 23:06:49.309  =============================================  
2025-02-26 23:06:49.310  trn/loss = 2.6102  
2025-02-26 23:06:49.310  trn/acc@01 = 0.3802  
2025-02-26 23:06:49.310  trn/acc@05 = 0.6484  
2025-02-26 23:06:49.310  trn/acc@10 = 0.7582  
2025-02-26 23:06:49.310  trn/acc@20 = 0.8615  
2025-02-26 23:06:49.311  
  
2025-02-26 23:06:49.346  
  
2025-02-26 23:06:49.347  [VAL_FINETUNE_DTVU_STEPS_1] epoch_26  
2025-02-26 23:06:49.347  =============================================  
2025-02-26 23:06:49.347  val_finetune_dtvu_steps_1/loss = 2.2049  
2025-02-26 23:06:49.347  val_finetune_dtvu_steps_1/acc@01 = 0.3000  
2025-02-26 23:06:49.347  val_finetune_dtvu_steps_1/acc@05 = 0.8500  
2025-02-26 23:06:49.347  val_finetune_dtvu_steps_1/acc@10 = 0.9500  
2025-02-26 23:06:49.347  val_finetune_dtvu_steps_1/acc@20 = 1.0000  
2025-02-26 23:06:49.347  
  
2025-02-26 23:06:49.387  
  
2025-02-26 23:06:49.387  [VAL_FINETUNE_DTVU_STEPS_3] epoch_26  
2025-02-26 23:06:49.388  =============================================  
2025-02-26 23:06:49.388  val_finetune_dtvu_steps_3/loss = 2.8346  
2025-02-26 23:06:49.388  val_finetune_dtvu_steps_3/acc@01 = 0.2500  
2025-02-26 23:06:49.388  val_finetune_dtvu_steps_3/acc@05 = 0.6667  
2025-02-26 23:06:49.388  val_finetune_dtvu_steps_3/acc@10 = 0.8167  
2025-02-26 23:06:49.388  val_finetune_dtvu_steps_3/acc@20 = 0.9167  
2025-02-26 23:06:49.388  
  
2025-02-26 23:06:49.737  
  
2025-02-26 23:06:49.738  [TRN] epoch_27  
2025-02-26 23:06:49.738  =============================================  
2025-02-26 23:06:49.738  trn/loss = 2.6918  
2025-02-26 23:06:49.738  trn/acc@01 = 0.3267  
2025-02-26 23:06:49.738  trn/acc@05 = 0.6040  
2025-02-26 23:06:49.739  trn/acc@10 = 0.7327  
2025-02-26 23:06:49.739  trn/acc@20 = 0.8475  
2025-02-26 23:06:49.739  
  
2025-02-26 23:06:49.774  
  
2025-02-26 23:06:49.774  [VAL_FINETUNE_DTVU_STEPS_1] epoch_27  
2025-02-26 23:06:49.774  =============================================  
2025-02-26 23:06:49.774  val_finetune_dtvu_steps_1/loss = 2.3042  
2025-02-26 23:06:49.774  val_finetune_dtvu_steps_1/acc@01 = 0.3000  
2025-02-26 23:06:49.775  val_finetune_dtvu_steps_1/acc@05 = 0.8000  
2025-02-26 23:06:49.775  val_finetune_dtvu_steps_1/acc@10 = 0.9500  
2025-02-26 23:06:49.775  val_finetune_dtvu_steps_1/acc@20 = 1.0000  
2025-02-26 23:06:49.775  
  
2025-02-26 23:06:49.812  
  
2025-02-26 23:06:49.812  [VAL_FINETUNE_DTVU_STEPS_3] epoch_27  
2025-02-26 23:06:49.812  =============================================  
2025-02-26 23:06:49.813  val_finetune_dtvu_steps_3/loss = 2.8795  
2025-02-26 23:06:49.813  val_finetune_dtvu_steps_3/acc@01 = 0.2667  
2025-02-26 23:06:49.813  val_finetune_dtvu_steps_3/acc@05 = 0.6167  
2025-02-26 23:06:49.813  val_finetune_dtvu_steps_3/acc@10 = 0.8333  
2025-02-26 23:06:49.813  val_finetune_dtvu_steps_3/acc@20 = 0.9000  
2025-02-26 23:06:49.813  
  
2025-02-26 23:06:50.134  
  
2025-02-26 23:06:50.134  [TRN] epoch_28  
2025-02-26 23:06:50.134  =============================================  
2025-02-26 23:06:50.134  trn/loss = 2.5004  
2025-02-26 23:06:50.135  trn/acc@01 = 0.3802  
2025-02-26 23:06:50.135  trn/acc@05 = 0.6931  
2025-02-26 23:06:50.135  trn/acc@10 = 0.8099  
2025-02-26 23:06:50.135  trn/acc@20 = 0.9030  
2025-02-26 23:06:50.135  
  
2025-02-26 23:06:50.170  
  
2025-02-26 23:06:50.170  [VAL_FINETUNE_DTVU_STEPS_1] epoch_28  
2025-02-26 23:06:50.170  =============================================  
2025-02-26 23:06:50.170  val_finetune_dtvu_steps_1/loss = 2.3515  
2025-02-26 23:06:50.170  val_finetune_dtvu_steps_1/acc@01 = 0.2500  
2025-02-26 23:06:50.170  val_finetune_dtvu_steps_1/acc@05 = 0.8500  
2025-02-26 23:06:50.170  val_finetune_dtvu_steps_1/acc@10 = 0.9000  
2025-02-26 23:06:50.170  val_finetune_dtvu_steps_1/acc@20 = 1.0000  
2025-02-26 23:06:50.172  
  
2025-02-26 23:06:50.207  
  
2025-02-26 23:06:50.207  [VAL_FINETUNE_DTVU_STEPS_3] epoch_28  
2025-02-26 23:06:50.207  =============================================  
2025-02-26 23:06:50.207  val_finetune_dtvu_steps_3/loss = 2.9026  
2025-02-26 23:06:50.207  val_finetune_dtvu_steps_3/acc@01 = 0.2500  
2025-02-26 23:06:50.207  val_finetune_dtvu_steps_3/acc@05 = 0.6667  
2025-02-26 23:06:50.207  val_finetune_dtvu_steps_3/acc@10 = 0.8000  
2025-02-26 23:06:50.207  val_finetune_dtvu_steps_3/acc@20 = 0.9000  
2025-02-26 23:06:50.207  
  
2025-02-26 23:06:50.536  
  
2025-02-26 23:06:50.536  [TRN] epoch_29  
2025-02-26 23:06:50.536  =============================================  
2025-02-26 23:06:50.537  trn/loss = 2.5919  
2025-02-26 23:06:50.537  trn/acc@01 = 0.3404  
2025-02-26 23:06:50.537  trn/acc@05 = 0.6577  
2025-02-26 23:06:50.537  trn/acc@10 = 0.7904  
2025-02-26 23:06:50.537  trn/acc@20 = 0.8827  
2025-02-26 23:06:50.537  
  
2025-02-26 23:06:50.575  
  
2025-02-26 23:06:50.575  [VAL_FINETUNE_DTVU_STEPS_1] epoch_29  
2025-02-26 23:06:50.575  =============================================  
2025-02-26 23:06:50.576  val_finetune_dtvu_steps_1/loss = 2.2525  
2025-02-26 23:06:50.576  val_finetune_dtvu_steps_1/acc@01 = 0.3000  
2025-02-26 23:06:50.576  val_finetune_dtvu_steps_1/acc@05 = 0.8500  
2025-02-26 23:06:50.576  val_finetune_dtvu_steps_1/acc@10 = 0.9500  
2025-02-26 23:06:50.576  val_finetune_dtvu_steps_1/acc@20 = 1.0000  
2025-02-26 23:06:50.576  
  
2025-02-26 23:06:50.613  
  
2025-02-26 23:06:50.613  [VAL_FINETUNE_DTVU_STEPS_3] epoch_29  
2025-02-26 23:06:50.613  =============================================  
2025-02-26 23:06:50.614  val_finetune_dtvu_steps_3/loss = 2.8213  
2025-02-26 23:06:50.614  val_finetune_dtvu_steps_3/acc@01 = 0.3000  
2025-02-26 23:06:50.614  val_finetune_dtvu_steps_3/acc@05 = 0.6833  
2025-02-26 23:06:50.614  val_finetune_dtvu_steps_3/acc@10 = 0.8000  
2025-02-26 23:06:50.614  val_finetune_dtvu_steps_3/acc@20 = 0.9000  
2025-02-26 23:06:50.614  
  
2025-02-26 23:06:50.947  
  
2025-02-26 23:06:50.947  [TRN] epoch_30  
2025-02-26 23:06:50.947  =============================================  
2025-02-26 23:06:50.947  trn/loss = 2.6486  
2025-02-26 23:06:50.948  trn/acc@01 = 0.2961  
2025-02-26 23:06:50.948  trn/acc@05 = 0.6490  
2025-02-26 23:06:50.948  trn/acc@10 = 0.7745  
2025-02-26 23:06:50.948  trn/acc@20 = 0.8725  
2025-02-26 23:06:50.948  
  
2025-02-26 23:06:50.984  
  
2025-02-26 23:06:50.984  [VAL_FINETUNE_DTVU_STEPS_1] epoch_30  
2025-02-26 23:06:50.984  =============================================  
2025-02-26 23:06:50.984  val_finetune_dtvu_steps_1/loss = 2.1828  
2025-02-26 23:06:50.984  val_finetune_dtvu_steps_1/acc@01 = 0.3500  
2025-02-26 23:06:50.984  val_finetune_dtvu_steps_1/acc@05 = 0.8500  
2025-02-26 23:06:50.984  val_finetune_dtvu_steps_1/acc@10 = 0.9500  
2025-02-26 23:06:50.984  val_finetune_dtvu_steps_1/acc@20 = 1.0000  
2025-02-26 23:06:50.984  
  
2025-02-26 23:06:51.022  
  
2025-02-26 23:06:51.022  [VAL_FINETUNE_DTVU_STEPS_3] epoch_30  
2025-02-26 23:06:51.022  =============================================  
2025-02-26 23:06:51.022  val_finetune_dtvu_steps_3/loss = 2.8881  
2025-02-26 23:06:51.022  val_finetune_dtvu_steps_3/acc@01 = 0.2833  
2025-02-26 23:06:51.022  val_finetune_dtvu_steps_3/acc@05 = 0.6500  
2025-02-26 23:06:51.022  val_finetune_dtvu_steps_3/acc@10 = 0.8000  
2025-02-26 23:06:51.022  val_finetune_dtvu_steps_3/acc@20 = 0.8833  
2025-02-26 23:06:51.022  
  
2025-02-26 23:06:51.347  
  
2025-02-26 23:06:51.347  [TRN] epoch_31  
2025-02-26 23:06:51.347  =============================================  
2025-02-26 23:06:51.347  trn/loss = 2.5767  
2025-02-26 23:06:51.347  trn/acc@01 = 0.3580  
2025-02-26 23:06:51.347  trn/acc@05 = 0.6900  
2025-02-26 23:06:51.348  trn/acc@10 = 0.7720  
2025-02-26 23:06:51.348  trn/acc@20 = 0.8720  
2025-02-26 23:06:51.348  
  
2025-02-26 23:06:51.383  
  
2025-02-26 23:06:51.383  [VAL_FINETUNE_DTVU_STEPS_1] epoch_31  
2025-02-26 23:06:51.383  =============================================  
2025-02-26 23:06:51.383  val_finetune_dtvu_steps_1/loss = 2.3449  
2025-02-26 23:06:51.384  val_finetune_dtvu_steps_1/acc@01 = 0.3000  
2025-02-26 23:06:51.384  val_finetune_dtvu_steps_1/acc@05 = 0.7500  
2025-02-26 23:06:51.384  val_finetune_dtvu_steps_1/acc@10 = 0.9500  
2025-02-26 23:06:51.384  val_finetune_dtvu_steps_1/acc@20 = 1.0000  
2025-02-26 23:06:51.384  
  
2025-02-26 23:06:51.422  
  
2025-02-26 23:06:51.422  [VAL_FINETUNE_DTVU_STEPS_3] epoch_31  
2025-02-26 23:06:51.422  =============================================  
2025-02-26 23:06:51.422  val_finetune_dtvu_steps_3/loss = 3.0091  
2025-02-26 23:06:51.422  val_finetune_dtvu_steps_3/acc@01 = 0.2667  
2025-02-26 23:06:51.423  val_finetune_dtvu_steps_3/acc@05 = 0.5833  
2025-02-26 23:06:51.423  val_finetune_dtvu_steps_3/acc@10 = 0.8000  
2025-02-26 23:06:51.423  val_finetune_dtvu_steps_3/acc@20 = 0.8500  
2025-02-26 23:06:51.423  
  
2025-02-26 23:06:51.735  
  
2025-02-26 23:06:51.735  [TRN] epoch_32  
2025-02-26 23:06:51.735  =============================================  
2025-02-26 23:06:51.735  trn/loss = 2.5717  
2025-02-26 23:06:51.735  trn/acc@01 = 0.3417  
2025-02-26 23:06:51.735  trn/acc@05 = 0.6641  
2025-02-26 23:06:51.735  trn/acc@10 = 0.7650  
2025-02-26 23:06:51.735  trn/acc@20 = 0.8718  
2025-02-26 23:06:51.737  
  
2025-02-26 23:06:51.772  
  
2025-02-26 23:06:51.773  [VAL_FINETUNE_DTVU_STEPS_1] epoch_32  
2025-02-26 23:06:51.773  =============================================  
2025-02-26 23:06:51.773  val_finetune_dtvu_steps_1/loss = 2.2751  
2025-02-26 23:06:51.773  val_finetune_dtvu_steps_1/acc@01 = 0.4000  
2025-02-26 23:06:51.773  val_finetune_dtvu_steps_1/acc@05 = 0.8000  
2025-02-26 23:06:51.773  val_finetune_dtvu_steps_1/acc@10 = 0.9500  
2025-02-26 23:06:51.773  val_finetune_dtvu_steps_1/acc@20 = 1.0000  
2025-02-26 23:06:51.773  
  
2025-02-26 23:06:51.804  
  
2025-02-26 23:06:51.812  [VAL_FINETUNE_DTVU_STEPS_3] epoch_32  
2025-02-26 23:06:51.812  =============================================  
2025-02-26 23:06:51.812  val_finetune_dtvu_steps_3/loss = 2.8882  
2025-02-26 23:06:51.812  val_finetune_dtvu_steps_3/acc@01 = 0.3000  
2025-02-26 23:06:51.812  val_finetune_dtvu_steps_3/acc@05 = 0.6000  
2025-02-26 23:06:51.812  val_finetune_dtvu_steps_3/acc@10 = 0.7833  
2025-02-26 23:06:51.812  val_finetune_dtvu_steps_3/acc@20 = 0.8833  
2025-02-26 23:06:51.812  
  
2025-02-26 23:06:52.152  
  
2025-02-26 23:06:52.152  [TRN] epoch_33  
2025-02-26 23:06:52.152  =============================================  
2025-02-26 23:06:52.152  trn/loss = 2.5266  
2025-02-26 23:06:52.152  trn/acc@01 = 0.3765  
2025-02-26 23:06:52.152  trn/acc@05 = 0.7118  
2025-02-26 23:06:52.152  trn/acc@10 = 0.8078  
2025-02-26 23:06:52.153  trn/acc@20 = 0.9039  
2025-02-26 23:06:52.153  
  
2025-02-26 23:06:52.194  
  
2025-02-26 23:06:52.194  [VAL_FINETUNE_DTVU_STEPS_1] epoch_33  
2025-02-26 23:06:52.194  =============================================  
2025-02-26 23:06:52.194  val_finetune_dtvu_steps_1/loss = 2.3186  
2025-02-26 23:06:52.194  val_finetune_dtvu_steps_1/acc@01 = 0.4000  
2025-02-26 23:06:52.194  val_finetune_dtvu_steps_1/acc@05 = 0.9000  
2025-02-26 23:06:52.194  val_finetune_dtvu_steps_1/acc@10 = 0.9000  
2025-02-26 23:06:52.194  val_finetune_dtvu_steps_1/acc@20 = 1.0000  
2025-02-26 23:06:52.194  
  
2025-02-26 23:06:52.240  
  
2025-02-26 23:06:52.240  [VAL_FINETUNE_DTVU_STEPS_3] epoch_33  
2025-02-26 23:06:52.240  =============================================  
2025-02-26 23:06:52.240  val_finetune_dtvu_steps_3/loss = 2.9955  
2025-02-26 23:06:52.240  val_finetune_dtvu_steps_3/acc@01 = 0.3167  
2025-02-26 23:06:52.240  val_finetune_dtvu_steps_3/acc@05 = 0.6500  
2025-02-26 23:06:52.240  val_finetune_dtvu_steps_3/acc@10 = 0.7833  
2025-02-26 23:06:52.240  val_finetune_dtvu_steps_3/acc@20 = 0.8833  
2025-02-26 23:06:52.240  
  
2025-02-26 23:06:52.583  
  
2025-02-26 23:06:52.583  [TRN] epoch_34  
2025-02-26 23:06:52.583  =============================================  
2025-02-26 23:06:52.583  trn/loss = 2.4389  
2025-02-26 23:06:52.583  trn/acc@01 = 0.3366  
2025-02-26 23:06:52.583  trn/acc@05 = 0.7030  
2025-02-26 23:06:52.583  trn/acc@10 = 0.8000  
2025-02-26 23:06:52.583  trn/acc@20 = 0.9228  
2025-02-26 23:06:52.583  
  
2025-02-26 23:06:52.620  
  
2025-02-26 23:06:52.620  [VAL_FINETUNE_DTVU_STEPS_1] epoch_34  
2025-02-26 23:06:52.620  =============================================  
2025-02-26 23:06:52.620  val_finetune_dtvu_steps_1/loss = 2.2519  
2025-02-26 23:06:52.620  val_finetune_dtvu_steps_1/acc@01 = 0.3500  
2025-02-26 23:06:52.620  val_finetune_dtvu_steps_1/acc@05 = 0.8500  
2025-02-26 23:06:52.620  val_finetune_dtvu_steps_1/acc@10 = 0.9000  
2025-02-26 23:06:52.620  val_finetune_dtvu_steps_1/acc@20 = 1.0000  
2025-02-26 23:06:52.620  
  
2025-02-26 23:06:52.663  
  
2025-02-26 23:06:52.663  [VAL_FINETUNE_DTVU_STEPS_3] epoch_34  
2025-02-26 23:06:52.663  =============================================  
2025-02-26 23:06:52.663  val_finetune_dtvu_steps_3/loss = 2.9675  
2025-02-26 23:06:52.663  val_finetune_dtvu_steps_3/acc@01 = 0.3167  
2025-02-26 23:06:52.663  val_finetune_dtvu_steps_3/acc@05 = 0.6333  
2025-02-26 23:06:52.663  val_finetune_dtvu_steps_3/acc@10 = 0.7500  
2025-02-26 23:06:52.663  val_finetune_dtvu_steps_3/acc@20 = 0.8833  
2025-02-26 23:06:52.663  
  
2025-02-26 23:06:53.003  
  
2025-02-26 23:06:53.004  [TRN] epoch_35  
2025-02-26 23:06:53.004  =============================================  
2025-02-26 23:06:53.004  trn/loss = 2.5203  
2025-02-26 23:06:53.004  trn/acc@01 = 0.3636  
2025-02-26 23:06:53.004  trn/acc@05 = 0.6788  
2025-02-26 23:06:53.004  trn/acc@10 = 0.8000  
2025-02-26 23:06:53.004  trn/acc@20 = 0.9111  
2025-02-26 23:06:53.004  
  
2025-02-26 23:06:53.046  
  
2025-02-26 23:06:53.046  [VAL_FINETUNE_DTVU_STEPS_1] epoch_35  
2025-02-26 23:06:53.046  =============================================  
2025-02-26 23:06:53.046  val_finetune_dtvu_steps_1/loss = 2.2762  
2025-02-26 23:06:53.046  val_finetune_dtvu_steps_1/acc@01 = 0.3500  
2025-02-26 23:06:53.046  val_finetune_dtvu_steps_1/acc@05 = 0.8500  
2025-02-26 23:06:53.046  val_finetune_dtvu_steps_1/acc@10 = 0.9500  
2025-02-26 23:06:53.046  val_finetune_dtvu_steps_1/acc@20 = 1.0000  
2025-02-26 23:06:53.046  
  
2025-02-26 23:06:53.093  
  
2025-02-26 23:06:53.093  [VAL_FINETUNE_DTVU_STEPS_3] epoch_35  
2025-02-26 23:06:53.093  =============================================  
2025-02-26 23:06:53.093  val_finetune_dtvu_steps_3/loss = 2.9393  
2025-02-26 23:06:53.093  val_finetune_dtvu_steps_3/acc@01 = 0.3000  
2025-02-26 23:06:53.093  val_finetune_dtvu_steps_3/acc@05 = 0.6333  
2025-02-26 23:06:53.093  val_finetune_dtvu_steps_3/acc@10 = 0.8000  
2025-02-26 23:06:53.093  val_finetune_dtvu_steps_3/acc@20 = 0.8500  
2025-02-26 23:06:53.093  
  
2025-02-26 23:06:53.453  
  
2025-02-26 23:06:53.462  [TRN] epoch_36  
2025-02-26 23:06:53.462  =============================================  
2025-02-26 23:06:53.462  trn/loss = 2.3561  
2025-02-26 23:06:53.462  trn/acc@01 = 0.4000  
2025-02-26 23:06:53.462  trn/acc@05 = 0.7137  
2025-02-26 23:06:53.462  trn/acc@10 = 0.8059  
2025-02-26 23:06:53.462  trn/acc@20 = 0.9078  
2025-02-26 23:06:53.462  
  
2025-02-26 23:06:53.494  
  
2025-02-26 23:06:53.494  [VAL_FINETUNE_DTVU_STEPS_1] epoch_36  
2025-02-26 23:06:53.494  =============================================  
2025-02-26 23:06:53.494  val_finetune_dtvu_steps_1/loss = 2.1434  
2025-02-26 23:06:53.494  val_finetune_dtvu_steps_1/acc@01 = 0.4000  
2025-02-26 23:06:53.494  val_finetune_dtvu_steps_1/acc@05 = 0.9000  
2025-02-26 23:06:53.494  val_finetune_dtvu_steps_1/acc@10 = 0.9500  
2025-02-26 23:06:53.494  val_finetune_dtvu_steps_1/acc@20 = 1.0000  
2025-02-26 23:06:53.494  
  
2025-02-26 23:06:53.534  
  
2025-02-26 23:06:53.534  [VAL_FINETUNE_DTVU_STEPS_3] epoch_36  
2025-02-26 23:06:53.534  =============================================  
2025-02-26 23:06:53.534  val_finetune_dtvu_steps_3/loss = 2.9499  
2025-02-26 23:06:53.534  val_finetune_dtvu_steps_3/acc@01 = 0.3000  
2025-02-26 23:06:53.534  val_finetune_dtvu_steps_3/acc@05 = 0.7000  
2025-02-26 23:06:53.534  val_finetune_dtvu_steps_3/acc@10 = 0.8167  
2025-02-26 23:06:53.534  val_finetune_dtvu_steps_3/acc@20 = 0.9000  
2025-02-26 23:06:53.534  
  
2025-02-26 23:06:53.875  
  
2025-02-26 23:06:53.875  [TRN] epoch_37  
2025-02-26 23:06:53.875  =============================================  
2025-02-26 23:06:53.875  trn/loss = 2.3303  
2025-02-26 23:06:53.875  trn/acc@01 = 0.3728  
2025-02-26 23:06:53.875  trn/acc@05 = 0.7301  
2025-02-26 23:06:53.875  trn/acc@10 = 0.8272  
2025-02-26 23:06:53.875  trn/acc@20 = 0.9417  
2025-02-26 23:06:53.875  
  
2025-02-26 23:06:53.914  
  
2025-02-26 23:06:53.914  [VAL_FINETUNE_DTVU_STEPS_1] epoch_37  
2025-02-26 23:06:53.914  =============================================  
2025-02-26 23:06:53.914  val_finetune_dtvu_steps_1/loss = 2.2251  
2025-02-26 23:06:53.914  val_finetune_dtvu_steps_1/acc@01 = 0.3500  
2025-02-26 23:06:53.914  val_finetune_dtvu_steps_1/acc@05 = 0.8500  
2025-02-26 23:06:53.914  val_finetune_dtvu_steps_1/acc@10 = 0.9500  
2025-02-26 23:06:53.914  val_finetune_dtvu_steps_1/acc@20 = 0.9500  
2025-02-26 23:06:53.914  
  
2025-02-26 23:06:53.957  
  
2025-02-26 23:06:53.957  [VAL_FINETUNE_DTVU_STEPS_3] epoch_37  
2025-02-26 23:06:53.957  =============================================  
2025-02-26 23:06:53.957  val_finetune_dtvu_steps_3/loss = 2.9735  
2025-02-26 23:06:53.957  val_finetune_dtvu_steps_3/acc@01 = 0.2667  
2025-02-26 23:06:53.957  val_finetune_dtvu_steps_3/acc@05 = 0.6333  
2025-02-26 23:06:53.957  val_finetune_dtvu_steps_3/acc@10 = 0.7667  
2025-02-26 23:06:53.957  val_finetune_dtvu_steps_3/acc@20 = 0.8667  
2025-02-26 23:06:53.957  
  
2025-02-26 23:06:54.323  
  
2025-02-26 23:06:54.323  [TRN] epoch_38  
2025-02-26 23:06:54.323  =============================================  
2025-02-26 23:06:54.323  trn/loss = 2.3161  
2025-02-26 23:06:54.323  trn/acc@01 = 0.3878  
2025-02-26 23:06:54.323  trn/acc@05 = 0.7339  
2025-02-26 23:06:54.323  trn/acc@10 = 0.8296  
2025-02-26 23:06:54.323  trn/acc@20 = 0.9304  
2025-02-26 23:06:54.323  
  
2025-02-26 23:06:54.373  
  
2025-02-26 23:06:54.373  [VAL_FINETUNE_DTVU_STEPS_1] epoch_38  
2025-02-26 23:06:54.373  =============================================  
2025-02-26 23:06:54.373  val_finetune_dtvu_steps_1/loss = 2.2004  
2025-02-26 23:06:54.373  val_finetune_dtvu_steps_1/acc@01 = 0.4000  
2025-02-26 23:06:54.373  val_finetune_dtvu_steps_1/acc@05 = 0.8500  
2025-02-26 23:06:54.373  val_finetune_dtvu_steps_1/acc@10 = 0.9000  
2025-02-26 23:06:54.373  val_finetune_dtvu_steps_1/acc@20 = 0.9500  
2025-02-26 23:06:54.373  
  
2025-02-26 23:06:54.414  
  
2025-02-26 23:06:54.414  [VAL_FINETUNE_DTVU_STEPS_3] epoch_38  
2025-02-26 23:06:54.414  =============================================  
2025-02-26 23:06:54.414  val_finetune_dtvu_steps_3/loss = 2.8745  
2025-02-26 23:06:54.414  val_finetune_dtvu_steps_3/acc@01 = 0.3333  
2025-02-26 23:06:54.414  val_finetune_dtvu_steps_3/acc@05 = 0.6667  
2025-02-26 23:06:54.414  val_finetune_dtvu_steps_3/acc@10 = 0.8167  
2025-02-26 23:06:54.414  val_finetune_dtvu_steps_3/acc@20 = 0.8667  
2025-02-26 23:06:54.414  
  
2025-02-26 23:06:54.762  
  
2025-02-26 23:06:54.762  [TRN] epoch_39  
2025-02-26 23:06:54.762  =============================================  
2025-02-26 23:06:54.762  trn/loss = 2.2088  
2025-02-26 23:06:54.762  trn/acc@01 = 0.3924  
2025-02-26 23:06:54.762  trn/acc@05 = 0.7276  
2025-02-26 23:06:54.762  trn/acc@10 = 0.8438  
2025-02-26 23:06:54.762  trn/acc@20 = 0.9486  
2025-02-26 23:06:54.762  
  
2025-02-26 23:06:54.807  
  
2025-02-26 23:06:54.807  [VAL_FINETUNE_DTVU_STEPS_1] epoch_39  
2025-02-26 23:06:54.807  =============================================  
2025-02-26 23:06:54.807  val_finetune_dtvu_steps_1/loss = 2.3197  
2025-02-26 23:06:54.807  val_finetune_dtvu_steps_1/acc@01 = 0.3500  
2025-02-26 23:06:54.807  val_finetune_dtvu_steps_1/acc@05 = 0.9000  
2025-02-26 23:06:54.807  val_finetune_dtvu_steps_1/acc@10 = 0.9500  
2025-02-26 23:06:54.807  val_finetune_dtvu_steps_1/acc@20 = 0.9500  
2025-02-26 23:06:54.807  
  
2025-02-26 23:06:54.843  
  
2025-02-26 23:06:54.843  [VAL_FINETUNE_DTVU_STEPS_3] epoch_39  
2025-02-26 23:06:54.843  =============================================  
2025-02-26 23:06:54.843  val_finetune_dtvu_steps_3/loss = 3.0621  
2025-02-26 23:06:54.843  val_finetune_dtvu_steps_3/acc@01 = 0.3167  
2025-02-26 23:06:54.843  val_finetune_dtvu_steps_3/acc@05 = 0.6333  
2025-02-26 23:06:54.843  val_finetune_dtvu_steps_3/acc@10 = 0.7500  
2025-02-26 23:06:54.843  val_finetune_dtvu_steps_3/acc@20 = 0.8833  
2025-02-26 23:06:54.843  
  
2025-02-26 23:06:55.204  
  
2025-02-26 23:06:55.204  [TRN] epoch_40  
2025-02-26 23:06:55.204  =============================================  
2025-02-26 23:06:55.204  trn/loss = 2.2488  
2025-02-26 23:06:55.204  trn/acc@01 = 0.4167  
2025-02-26 23:06:55.204  trn/acc@05 = 0.7537  
2025-02-26 23:06:55.204  trn/acc@10 = 0.8630  
2025-02-26 23:06:55.204  trn/acc@20 = 0.9444  
2025-02-26 23:06:55.204  
  
2025-02-26 23:06:55.252  
  
2025-02-26 23:06:55.252  [VAL_FINETUNE_DTVU_STEPS_1] epoch_40  
2025-02-26 23:06:55.253  =============================================  
2025-02-26 23:06:55.253  val_finetune_dtvu_steps_1/loss = 2.4064  
2025-02-26 23:06:55.253  val_finetune_dtvu_steps_1/acc@01 = 0.3500  
2025-02-26 23:06:55.253  val_finetune_dtvu_steps_1/acc@05 = 0.8500  
2025-02-26 23:06:55.253  val_finetune_dtvu_steps_1/acc@10 = 0.8500  
2025-02-26 23:06:55.253  val_finetune_dtvu_steps_1/acc@20 = 0.9500  
2025-02-26 23:06:55.253  
  
2025-02-26 23:06:55.302  
  
2025-02-26 23:06:55.302  [VAL_FINETUNE_DTVU_STEPS_3] epoch_40  
2025-02-26 23:06:55.302  =============================================  
2025-02-26 23:06:55.302  val_finetune_dtvu_steps_3/loss = 3.1311  
2025-02-26 23:06:55.302  val_finetune_dtvu_steps_3/acc@01 = 0.3000  
2025-02-26 23:06:55.302  val_finetune_dtvu_steps_3/acc@05 = 0.5667  
2025-02-26 23:06:55.302  val_finetune_dtvu_steps_3/acc@10 = 0.7000  
2025-02-26 23:06:55.302  val_finetune_dtvu_steps_3/acc@20 = 0.8667  
2025-02-26 23:06:55.302  
  
2025-02-26 23:06:55.683  
  
2025-02-26 23:06:55.683  [TRN] epoch_41  
2025-02-26 23:06:55.683  =============================================  
2025-02-26 23:06:55.683  trn/loss = 2.1059  
2025-02-26 23:06:55.683  trn/acc@01 = 0.4339  
2025-02-26 23:06:55.683  trn/acc@05 = 0.7661  
2025-02-26 23:06:55.683  trn/acc@10 = 0.8857  
2025-02-26 23:06:55.683  trn/acc@20 = 0.9429  
2025-02-26 23:06:55.683  
  
2025-02-26 23:06:55.734  
  
2025-02-26 23:06:55.734  [VAL_FINETUNE_DTVU_STEPS_1] epoch_41  
2025-02-26 23:06:55.734  =============================================  
2025-02-26 23:06:55.739  val_finetune_dtvu_steps_1/loss = 2.2699  
2025-02-26 23:06:55.739  val_finetune_dtvu_steps_1/acc@01 = 0.3500  
2025-02-26 23:06:55.739  val_finetune_dtvu_steps_1/acc@05 = 0.8500  
2025-02-26 23:06:55.739  val_finetune_dtvu_steps_1/acc@10 = 0.9500  
2025-02-26 23:06:55.739  val_finetune_dtvu_steps_1/acc@20 = 0.9500  
2025-02-26 23:06:55.739  
  
2025-02-26 23:06:55.794  
  
2025-02-26 23:06:55.794  [VAL_FINETUNE_DTVU_STEPS_3] epoch_41  
2025-02-26 23:06:55.794  =============================================  
2025-02-26 23:06:55.794  val_finetune_dtvu_steps_3/loss = 2.9924  
2025-02-26 23:06:55.794  val_finetune_dtvu_steps_3/acc@01 = 0.3000  
2025-02-26 23:06:55.794  val_finetune_dtvu_steps_3/acc@05 = 0.6333  
2025-02-26 23:06:55.794  val_finetune_dtvu_steps_3/acc@10 = 0.7667  
2025-02-26 23:06:55.794  val_finetune_dtvu_steps_3/acc@20 = 0.8833  
2025-02-26 23:06:55.794  
  
2025-02-26 23:06:56.162  
  
2025-02-26 23:06:56.162  [TRN] epoch_42  
2025-02-26 23:06:56.162  =============================================  
2025-02-26 23:06:56.162  trn/loss = 2.1986  
2025-02-26 23:06:56.162  trn/acc@01 = 0.4000  
2025-02-26 23:06:56.163  trn/acc@05 = 0.7379  
2025-02-26 23:06:56.163  trn/acc@10 = 0.8447  
2025-02-26 23:06:56.163  trn/acc@20 = 0.9340  
2025-02-26 23:06:56.163  
  
2025-02-26 23:06:56.193  
  
2025-02-26 23:06:56.193  [VAL_FINETUNE_DTVU_STEPS_1] epoch_42  
2025-02-26 23:06:56.193  =============================================  
2025-02-26 23:06:56.193  val_finetune_dtvu_steps_1/loss = 2.0373  
2025-02-26 23:06:56.193  val_finetune_dtvu_steps_1/acc@01 = 0.3500  
2025-02-26 23:06:56.193  val_finetune_dtvu_steps_1/acc@05 = 0.9000  
2025-02-26 23:06:56.193  val_finetune_dtvu_steps_1/acc@10 = 0.9000  
2025-02-26 23:06:56.193  val_finetune_dtvu_steps_1/acc@20 = 1.0000  
2025-02-26 23:06:56.193  
  
2025-02-26 23:06:56.233  
  
2025-02-26 23:06:56.233  [VAL_FINETUNE_DTVU_STEPS_3] epoch_42  
2025-02-26 23:06:56.233  =============================================  
2025-02-26 23:06:56.233  val_finetune_dtvu_steps_3/loss = 2.8890  
2025-02-26 23:06:56.233  val_finetune_dtvu_steps_3/acc@01 = 0.3167  
2025-02-26 23:06:56.233  val_finetune_dtvu_steps_3/acc@05 = 0.6667  
2025-02-26 23:06:56.233  val_finetune_dtvu_steps_3/acc@10 = 0.7667  
2025-02-26 23:06:56.233  val_finetune_dtvu_steps_3/acc@20 = 0.8500  
2025-02-26 23:06:56.233  
  
2025-02-26 23:06:56.588  
  
2025-02-26 23:06:56.588  [TRN] epoch_43  
2025-02-26 23:06:56.588  =============================================  
2025-02-26 23:06:56.588  trn/loss = 2.1116  
2025-02-26 23:06:56.588  trn/acc@01 = 0.4298  
2025-02-26 23:06:56.588  trn/acc@05 = 0.7830  
2025-02-26 23:06:56.588  trn/acc@10 = 0.8745  
2025-02-26 23:06:56.588  trn/acc@20 = 0.9404  
2025-02-26 23:06:56.588  
  
2025-02-26 23:06:56.623  
  
2025-02-26 23:06:56.623  [VAL_FINETUNE_DTVU_STEPS_1] epoch_43  
2025-02-26 23:06:56.623  =============================================  
2025-02-26 23:06:56.623  val_finetune_dtvu_steps_1/loss = 2.3893  
2025-02-26 23:06:56.623  val_finetune_dtvu_steps_1/acc@01 = 0.3000  
2025-02-26 23:06:56.623  val_finetune_dtvu_steps_1/acc@05 = 0.7500  
2025-02-26 23:06:56.623  val_finetune_dtvu_steps_1/acc@10 = 0.8500  
2025-02-26 23:06:56.623  val_finetune_dtvu_steps_1/acc@20 = 0.9500  
2025-02-26 23:06:56.623  
  
2025-02-26 23:06:56.663  
  
2025-02-26 23:06:56.663  [VAL_FINETUNE_DTVU_STEPS_3] epoch_43  
2025-02-26 23:06:56.663  =============================================  
2025-02-26 23:06:56.663  val_finetune_dtvu_steps_3/loss = 3.1512  
2025-02-26 23:06:56.663  val_finetune_dtvu_steps_3/acc@01 = 0.2333  
2025-02-26 23:06:56.663  val_finetune_dtvu_steps_3/acc@05 = 0.6000  
2025-02-26 23:06:56.663  val_finetune_dtvu_steps_3/acc@10 = 0.7500  
2025-02-26 23:06:56.663  val_finetune_dtvu_steps_3/acc@20 = 0.8167  
2025-02-26 23:06:56.663  
  
2025-02-26 23:06:57.025  
  
2025-02-26 23:06:57.025  [TRN] epoch_44  
2025-02-26 23:06:57.025  =============================================  
2025-02-26 23:06:57.025  trn/loss = 2.0604  
2025-02-26 23:06:57.025  trn/acc@01 = 0.4642  
2025-02-26 23:06:57.025  trn/acc@05 = 0.7679  
2025-02-26 23:06:57.025  trn/acc@10 = 0.8623  
2025-02-26 23:06:57.025  trn/acc@20 = 0.9415  
2025-02-26 23:06:57.025  
  
2025-02-26 23:06:57.063  
  
2025-02-26 23:06:57.063  [VAL_FINETUNE_DTVU_STEPS_1] epoch_44  
2025-02-26 23:06:57.063  =============================================  
2025-02-26 23:06:57.063  val_finetune_dtvu_steps_1/loss = 2.2629  
2025-02-26 23:06:57.063  val_finetune_dtvu_steps_1/acc@01 = 0.4500  
2025-02-26 23:06:57.063  val_finetune_dtvu_steps_1/acc@05 = 0.8500  
2025-02-26 23:06:57.063  val_finetune_dtvu_steps_1/acc@10 = 0.9500  
2025-02-26 23:06:57.063  val_finetune_dtvu_steps_1/acc@20 = 0.9500  
2025-02-26 23:06:57.063  
  
2025-02-26 23:06:57.103  
  
2025-02-26 23:06:57.103  [VAL_FINETUNE_DTVU_STEPS_3] epoch_44  
2025-02-26 23:06:57.103  =============================================  
2025-02-26 23:06:57.103  val_finetune_dtvu_steps_3/loss = 3.0619  
2025-02-26 23:06:57.103  val_finetune_dtvu_steps_3/acc@01 = 0.3167  
2025-02-26 23:06:57.103  val_finetune_dtvu_steps_3/acc@05 = 0.6000  
2025-02-26 23:06:57.103  val_finetune_dtvu_steps_3/acc@10 = 0.7667  
2025-02-26 23:06:57.103  val_finetune_dtvu_steps_3/acc@20 = 0.8500  
2025-02-26 23:06:57.103  
  
2025-02-26 23:06:57.479  
  
2025-02-26 23:06:57.479  [TRN] epoch_45  
2025-02-26 23:06:57.479  =============================================  
2025-02-26 23:06:57.479  trn/loss = 2.1457  
2025-02-26 23:06:57.479  trn/acc@01 = 0.4380  
2025-02-26 23:06:57.479  trn/acc@05 = 0.7580  
2025-02-26 23:06:57.479  trn/acc@10 = 0.8640  
2025-02-26 23:06:57.479  trn/acc@20 = 0.9300  
2025-02-26 23:06:57.479  
  
2025-02-26 23:06:57.523  
  
2025-02-26 23:06:57.523  [VAL_FINETUNE_DTVU_STEPS_1] epoch_45  
2025-02-26 23:06:57.523  =============================================  
2025-02-26 23:06:57.523  val_finetune_dtvu_steps_1/loss = 2.3578  
2025-02-26 23:06:57.523  val_finetune_dtvu_steps_1/acc@01 = 0.4500  
2025-02-26 23:06:57.523  val_finetune_dtvu_steps_1/acc@05 = 0.8000  
2025-02-26 23:06:57.523  val_finetune_dtvu_steps_1/acc@10 = 0.9000  
2025-02-26 23:06:57.523  val_finetune_dtvu_steps_1/acc@20 = 0.9500  
2025-02-26 23:06:57.523  
  
2025-02-26 23:06:57.564  
  
2025-02-26 23:06:57.564  [VAL_FINETUNE_DTVU_STEPS_3] epoch_45  
2025-02-26 23:06:57.564  =============================================  
2025-02-26 23:06:57.564  val_finetune_dtvu_steps_3/loss = 3.0443  
2025-02-26 23:06:57.564  val_finetune_dtvu_steps_3/acc@01 = 0.3500  
2025-02-26 23:06:57.564  val_finetune_dtvu_steps_3/acc@05 = 0.6000  
2025-02-26 23:06:57.564  val_finetune_dtvu_steps_3/acc@10 = 0.8000  
2025-02-26 23:06:57.564  val_finetune_dtvu_steps_3/acc@20 = 0.8500  
2025-02-26 23:06:57.564  
  
2025-02-26 23:06:57.958  
  
2025-02-26 23:06:57.958  [TRN] epoch_46  
2025-02-26 23:06:57.958  =============================================  
2025-02-26 23:06:57.958  trn/loss = 2.1546  
2025-02-26 23:06:57.958  trn/acc@01 = 0.4523  
2025-02-26 23:06:57.958  trn/acc@05 = 0.7784  
2025-02-26 23:06:57.958  trn/acc@10 = 0.8703  
2025-02-26 23:06:57.958  trn/acc@20 = 0.9369  
2025-02-26 23:06:57.958  
  
2025-02-26 23:06:58.003  
  
2025-02-26 23:06:58.003  [VAL_FINETUNE_DTVU_STEPS_1] epoch_46  
2025-02-26 23:06:58.003  =============================================  
2025-02-26 23:06:58.003  val_finetune_dtvu_steps_1/loss = 2.4426  
2025-02-26 23:06:58.003  val_finetune_dtvu_steps_1/acc@01 = 0.3500  
2025-02-26 23:06:58.003  val_finetune_dtvu_steps_1/acc@05 = 0.8000  
2025-02-26 23:06:58.003  val_finetune_dtvu_steps_1/acc@10 = 0.8500  
2025-02-26 23:06:58.003  val_finetune_dtvu_steps_1/acc@20 = 0.9500  
2025-02-26 23:06:58.003  
  
2025-02-26 23:06:58.059  
  
2025-02-26 23:06:58.059  [VAL_FINETUNE_DTVU_STEPS_3] epoch_46  
2025-02-26 23:06:58.059  =============================================  
2025-02-26 23:06:58.059  val_finetune_dtvu_steps_3/loss = 3.2424  
2025-02-26 23:06:58.059  val_finetune_dtvu_steps_3/acc@01 = 0.2500  
2025-02-26 23:06:58.059  val_finetune_dtvu_steps_3/acc@05 = 0.5833  
2025-02-26 23:06:58.059  val_finetune_dtvu_steps_3/acc@10 = 0.7667  
2025-02-26 23:06:58.059  val_finetune_dtvu_steps_3/acc@20 = 0.8167  
2025-02-26 23:06:58.059  
  
2025-02-26 23:06:58.420  
  
2025-02-26 23:06:58.420  [TRN] epoch_47  
2025-02-26 23:06:58.420  =============================================  
2025-02-26 23:06:58.420  trn/loss = 2.0450  
2025-02-26 23:06:58.420  trn/acc@01 = 0.4264  
2025-02-26 23:06:58.420  trn/acc@05 = 0.7736  
2025-02-26 23:06:58.420  trn/acc@10 = 0.8981  
2025-02-26 23:06:58.420  trn/acc@20 = 0.9604  
2025-02-26 23:06:58.422  
  
2025-02-26 23:06:58.464  
  
2025-02-26 23:06:58.464  [VAL_FINETUNE_DTVU_STEPS_1] epoch_47  
2025-02-26 23:06:58.464  =============================================  
2025-02-26 23:06:58.464  val_finetune_dtvu_steps_1/loss = 2.4189  
2025-02-26 23:06:58.464  val_finetune_dtvu_steps_1/acc@01 = 0.3500  
2025-02-26 23:06:58.464  val_finetune_dtvu_steps_1/acc@05 = 0.7000  
2025-02-26 23:06:58.464  val_finetune_dtvu_steps_1/acc@10 = 0.9000  
2025-02-26 23:06:58.464  val_finetune_dtvu_steps_1/acc@20 = 0.9500  
2025-02-26 23:06:58.464  
  
2025-02-26 23:06:58.504  
  
2025-02-26 23:06:58.504  [VAL_FINETUNE_DTVU_STEPS_3] epoch_47  
2025-02-26 23:06:58.504  =============================================  
2025-02-26 23:06:58.504  val_finetune_dtvu_steps_3/loss = 3.1436  
2025-02-26 23:06:58.504  val_finetune_dtvu_steps_3/acc@01 = 0.2833  
2025-02-26 23:06:58.504  val_finetune_dtvu_steps_3/acc@05 = 0.5833  
2025-02-26 23:06:58.504  val_finetune_dtvu_steps_3/acc@10 = 0.7167  
2025-02-26 23:06:58.504  val_finetune_dtvu_steps_3/acc@20 = 0.8333  
2025-02-26 23:06:58.504  
  
2025-02-26 23:06:58.836  
  
2025-02-26 23:06:58.836  [TRN] epoch_48  
2025-02-26 23:06:58.836  =============================================  
2025-02-26 23:06:58.836  trn/loss = 1.9815  
2025-02-26 23:06:58.836  trn/acc@01 = 0.4880  
2025-02-26 23:06:58.836  trn/acc@05 = 0.7880  
2025-02-26 23:06:58.836  trn/acc@10 = 0.8620  
2025-02-26 23:06:58.836  trn/acc@20 = 0.9400  
2025-02-26 23:06:58.836  
  
2025-02-26 23:06:58.872  
  
2025-02-26 23:06:58.872  [VAL_FINETUNE_DTVU_STEPS_1] epoch_48  
2025-02-26 23:06:58.872  =============================================  
2025-02-26 23:06:58.872  val_finetune_dtvu_steps_1/loss = 2.5597  
2025-02-26 23:06:58.872  val_finetune_dtvu_steps_1/acc@01 = 0.2000  
2025-02-26 23:06:58.872  val_finetune_dtvu_steps_1/acc@05 = 0.8000  
2025-02-26 23:06:58.872  val_finetune_dtvu_steps_1/acc@10 = 0.8000  
2025-02-26 23:06:58.872  val_finetune_dtvu_steps_1/acc@20 = 1.0000  
2025-02-26 23:06:58.872  
  
2025-02-26 23:06:58.923  
  
2025-02-26 23:06:58.923  [VAL_FINETUNE_DTVU_STEPS_3] epoch_48  
2025-02-26 23:06:58.923  =============================================  
2025-02-26 23:06:58.923  val_finetune_dtvu_steps_3/loss = 3.2854  
2025-02-26 23:06:58.923  val_finetune_dtvu_steps_3/acc@01 = 0.2333  
2025-02-26 23:06:58.923  val_finetune_dtvu_steps_3/acc@05 = 0.5500  
2025-02-26 23:06:58.923  val_finetune_dtvu_steps_3/acc@10 = 0.7000  
2025-02-26 23:06:58.923  val_finetune_dtvu_steps_3/acc@20 = 0.8667  
2025-02-26 23:06:58.923  
  
2025-02-26 23:06:59.266  
  
2025-02-26 23:06:59.266  [TRN] epoch_49  
2025-02-26 23:06:59.266  =============================================  
2025-02-26 23:06:59.266  trn/loss = 2.1539  
2025-02-26 23:06:59.266  trn/acc@01 = 0.4418  
2025-02-26 23:06:59.266  trn/acc@05 = 0.7824  
2025-02-26 23:06:59.266  trn/acc@10 = 0.8659  
2025-02-26 23:06:59.266  trn/acc@20 = 0.9451  
2025-02-26 23:06:59.266  
  
2025-02-26 23:06:59.303  
  
2025-02-26 23:06:59.303  [VAL_FINETUNE_DTVU_STEPS_1] epoch_49  
2025-02-26 23:06:59.303  =============================================  
2025-02-26 23:06:59.303  val_finetune_dtvu_steps_1/loss = 2.3613  
2025-02-26 23:06:59.303  val_finetune_dtvu_steps_1/acc@01 = 0.3000  
2025-02-26 23:06:59.303  val_finetune_dtvu_steps_1/acc@05 = 0.8000  
2025-02-26 23:06:59.303  val_finetune_dtvu_steps_1/acc@10 = 0.8500  
2025-02-26 23:06:59.303  val_finetune_dtvu_steps_1/acc@20 = 1.0000  
2025-02-26 23:06:59.303  
  
2025-02-26 23:06:59.342  
  
2025-02-26 23:06:59.342  [VAL_FINETUNE_DTVU_STEPS_3] epoch_49  
2025-02-26 23:06:59.342  =============================================  
2025-02-26 23:06:59.342  val_finetune_dtvu_steps_3/loss = 3.0920  
2025-02-26 23:06:59.342  val_finetune_dtvu_steps_3/acc@01 = 0.3000  
2025-02-26 23:06:59.342  val_finetune_dtvu_steps_3/acc@05 = 0.6000  
2025-02-26 23:06:59.342  val_finetune_dtvu_steps_3/acc@10 = 0.7333  
2025-02-26 23:06:59.342  val_finetune_dtvu_steps_3/acc@20 = 0.8667  
2025-02-26 23:06:59.342  
  
