2025-02-26 22:26:34.962  
  
2025-02-26 22:26:34.962  [TRN] epoch_00  
2025-02-26 22:26:34.962  =============================================  
2025-02-26 22:26:34.962  trn/loss = 5.8933  
2025-02-26 22:26:34.962  trn/acc@01 = 0.0286  
2025-02-26 22:26:34.971  trn/acc@05 = 0.1005  
2025-02-26 22:26:34.971  trn/acc@10 = 0.1510  
2025-02-26 22:26:34.971  trn/acc@20 = 0.2270  
2025-02-26 22:26:34.971  
  
2025-02-26 22:26:35.034  
  
2025-02-26 22:26:35.034  [VAL_FINETUNE_DTVU_STEPS_1] epoch_00  
2025-02-26 22:26:35.034  =============================================  
2025-02-26 22:26:35.034  val_finetune_dtvu_steps_1/loss = 4.8796  
2025-02-26 22:26:35.034  val_finetune_dtvu_steps_1/acc@01 = 0.1125  
2025-02-26 22:26:35.034  val_finetune_dtvu_steps_1/acc@05 = 0.3250  
2025-02-26 22:26:35.042  val_finetune_dtvu_steps_1/acc@10 = 0.4250  
2025-02-26 22:26:35.042  val_finetune_dtvu_steps_1/acc@20 = 0.5375  
2025-02-26 22:26:35.042  
  
2025-02-26 22:26:35.152  
  
2025-02-26 22:26:35.152  [VAL_FINETUNE_DTVU_STEPS_3] epoch_00  
2025-02-26 22:26:35.152  =============================================  
2025-02-26 22:26:35.152  val_finetune_dtvu_steps_3/loss = 4.8456  
2025-02-26 22:26:35.152  val_finetune_dtvu_steps_3/acc@01 = 0.1042  
2025-02-26 22:26:35.152  val_finetune_dtvu_steps_3/acc@05 = 0.3375  
2025-02-26 22:26:35.152  val_finetune_dtvu_steps_3/acc@10 = 0.4292  
2025-02-26 22:26:35.152  val_finetune_dtvu_steps_3/acc@20 = 0.5625  
2025-02-26 22:26:35.159  
  
2025-02-26 22:26:35.820  
  
2025-02-26 22:26:35.820  [TRN] epoch_01  
2025-02-26 22:26:35.820  =============================================  
2025-02-26 22:26:35.820  trn/loss = 4.6859  
2025-02-26 22:26:35.820  trn/acc@01 = 0.1346  
2025-02-26 22:26:35.820  trn/acc@05 = 0.3511  
2025-02-26 22:26:35.820  trn/acc@10 = 0.4527  
2025-02-26 22:26:35.820  trn/acc@20 = 0.5250  
2025-02-26 22:26:35.820  
  
2025-02-26 22:26:35.888  
  
2025-02-26 22:26:35.888  [VAL_FINETUNE_DTVU_STEPS_1] epoch_01  
2025-02-26 22:26:35.888  =============================================  
2025-02-26 22:26:35.888  val_finetune_dtvu_steps_1/loss = 4.3058  
2025-02-26 22:26:35.888  val_finetune_dtvu_steps_1/acc@01 = 0.2375  
2025-02-26 22:26:35.888  val_finetune_dtvu_steps_1/acc@05 = 0.4750  
2025-02-26 22:26:35.888  val_finetune_dtvu_steps_1/acc@10 = 0.5500  
2025-02-26 22:26:35.888  val_finetune_dtvu_steps_1/acc@20 = 0.5875  
2025-02-26 22:26:35.888  
  
2025-02-26 22:26:35.970  
  
2025-02-26 22:26:35.974  [VAL_FINETUNE_DTVU_STEPS_3] epoch_01  
2025-02-26 22:26:35.974  =============================================  
2025-02-26 22:26:35.974  val_finetune_dtvu_steps_3/loss = 4.4740  
2025-02-26 22:26:35.974  val_finetune_dtvu_steps_3/acc@01 = 0.2000  
2025-02-26 22:26:35.974  val_finetune_dtvu_steps_3/acc@05 = 0.4458  
2025-02-26 22:26:35.974  val_finetune_dtvu_steps_3/acc@10 = 0.5000  
2025-02-26 22:26:35.974  val_finetune_dtvu_steps_3/acc@20 = 0.5625  
2025-02-26 22:26:35.974  
  
2025-02-26 22:26:36.612  
  
2025-02-26 22:26:36.612  [TRN] epoch_02  
2025-02-26 22:26:36.612  =============================================  
2025-02-26 22:26:36.612  trn/loss = 4.2221  
2025-02-26 22:26:36.612  trn/acc@01 = 0.2033  
2025-02-26 22:26:36.612  trn/acc@05 = 0.4863  
2025-02-26 22:26:36.612  trn/acc@10 = 0.5519  
2025-02-26 22:26:36.612  trn/acc@20 = 0.6142  
2025-02-26 22:26:36.612  
  
2025-02-26 22:26:36.693  
  
2025-02-26 22:26:36.693  [VAL_FINETUNE_DTVU_STEPS_1] epoch_02  
2025-02-26 22:26:36.700  =============================================  
2025-02-26 22:26:36.700  val_finetune_dtvu_steps_1/loss = 3.7771  
2025-02-26 22:26:36.700  val_finetune_dtvu_steps_1/acc@01 = 0.2625  
2025-02-26 22:26:36.700  val_finetune_dtvu_steps_1/acc@05 = 0.6000  
2025-02-26 22:26:36.700  val_finetune_dtvu_steps_1/acc@10 = 0.6500  
2025-02-26 22:26:36.700  val_finetune_dtvu_steps_1/acc@20 = 0.6500  
2025-02-26 22:26:36.700  
  
2025-02-26 22:26:36.820  
  
2025-02-26 22:26:36.820  [VAL_FINETUNE_DTVU_STEPS_3] epoch_02  
2025-02-26 22:26:36.820  =============================================  
2025-02-26 22:26:36.820  val_finetune_dtvu_steps_3/loss = 3.9062  
2025-02-26 22:26:36.820  val_finetune_dtvu_steps_3/acc@01 = 0.2500  
2025-02-26 22:26:36.820  val_finetune_dtvu_steps_3/acc@05 = 0.5542  
2025-02-26 22:26:36.820  val_finetune_dtvu_steps_3/acc@10 = 0.6375  
2025-02-26 22:26:36.820  val_finetune_dtvu_steps_3/acc@20 = 0.6833  
2025-02-26 22:26:36.820  
  
2025-02-26 22:26:37.504  
  
2025-02-26 22:26:37.504  [TRN] epoch_03  
2025-02-26 22:26:37.504  =============================================  
2025-02-26 22:26:37.504  trn/loss = 3.9774  
2025-02-26 22:26:37.504  trn/acc@01 = 0.2376  
2025-02-26 22:26:37.504  trn/acc@05 = 0.5268  
2025-02-26 22:26:37.504  trn/acc@10 = 0.5938  
2025-02-26 22:26:37.504  trn/acc@20 = 0.6515  
2025-02-26 22:26:37.504  
  
2025-02-26 22:26:37.570  
  
2025-02-26 22:26:37.570  [VAL_FINETUNE_DTVU_STEPS_1] epoch_03  
2025-02-26 22:26:37.570  =============================================  
2025-02-26 22:26:37.570  val_finetune_dtvu_steps_1/loss = 3.8422  
2025-02-26 22:26:37.570  val_finetune_dtvu_steps_1/acc@01 = 0.2500  
2025-02-26 22:26:37.570  val_finetune_dtvu_steps_1/acc@05 = 0.5875  
2025-02-26 22:26:37.570  val_finetune_dtvu_steps_1/acc@10 = 0.6500  
2025-02-26 22:26:37.570  val_finetune_dtvu_steps_1/acc@20 = 0.7000  
2025-02-26 22:26:37.570  
  
2025-02-26 22:26:37.676  
  
2025-02-26 22:26:37.676  [VAL_FINETUNE_DTVU_STEPS_3] epoch_03  
2025-02-26 22:26:37.676  =============================================  
2025-02-26 22:26:37.676  val_finetune_dtvu_steps_3/loss = 3.9646  
2025-02-26 22:26:37.676  val_finetune_dtvu_steps_3/acc@01 = 0.2458  
2025-02-26 22:26:37.676  val_finetune_dtvu_steps_3/acc@05 = 0.5667  
2025-02-26 22:26:37.676  val_finetune_dtvu_steps_3/acc@10 = 0.6625  
2025-02-26 22:26:37.676  val_finetune_dtvu_steps_3/acc@20 = 0.7000  
2025-02-26 22:26:37.676  
  
2025-02-26 22:26:38.635  
  
2025-02-26 22:26:38.635  [TRN] epoch_04  
2025-02-26 22:26:38.635  =============================================  
2025-02-26 22:26:38.635  trn/loss = 3.8703  
2025-02-26 22:26:38.635  trn/acc@01 = 0.2313  
2025-02-26 22:26:38.635  trn/acc@05 = 0.5336  
2025-02-26 22:26:38.635  trn/acc@10 = 0.6182  
2025-02-26 22:26:38.637  trn/acc@20 = 0.6869  
2025-02-26 22:26:38.637  
  
2025-02-26 22:26:38.700  
  
2025-02-26 22:26:38.700  [VAL_FINETUNE_DTVU_STEPS_1] epoch_04  
2025-02-26 22:26:38.700  =============================================  
2025-02-26 22:26:38.700  val_finetune_dtvu_steps_1/loss = 3.6842  
2025-02-26 22:26:38.700  val_finetune_dtvu_steps_1/acc@01 = 0.2625  
2025-02-26 22:26:38.700  val_finetune_dtvu_steps_1/acc@05 = 0.5750  
2025-02-26 22:26:38.700  val_finetune_dtvu_steps_1/acc@10 = 0.6250  
2025-02-26 22:26:38.700  val_finetune_dtvu_steps_1/acc@20 = 0.6875  
2025-02-26 22:26:38.700  
  
2025-02-26 22:26:38.781  
  
2025-02-26 22:26:38.781  [VAL_FINETUNE_DTVU_STEPS_3] epoch_04  
2025-02-26 22:26:38.781  =============================================  
2025-02-26 22:26:38.781  val_finetune_dtvu_steps_3/loss = 3.6107  
2025-02-26 22:26:38.781  val_finetune_dtvu_steps_3/acc@01 = 0.2792  
2025-02-26 22:26:38.789  val_finetune_dtvu_steps_3/acc@05 = 0.5792  
2025-02-26 22:26:38.789  val_finetune_dtvu_steps_3/acc@10 = 0.6667  
2025-02-26 22:26:38.789  val_finetune_dtvu_steps_3/acc@20 = 0.7292  
2025-02-26 22:26:38.789  
  
2025-02-26 22:26:39.381  
  
2025-02-26 22:26:39.381  [TRN] epoch_05  
2025-02-26 22:26:39.381  =============================================  
2025-02-26 22:26:39.381  trn/loss = 3.5535  
2025-02-26 22:26:39.381  trn/acc@01 = 0.2630  
2025-02-26 22:26:39.381  trn/acc@05 = 0.5821  
2025-02-26 22:26:39.381  trn/acc@10 = 0.6723  
2025-02-26 22:26:39.381  trn/acc@20 = 0.7413  
2025-02-26 22:26:39.381  
  
2025-02-26 22:26:39.461  
  
2025-02-26 22:26:39.461  [VAL_FINETUNE_DTVU_STEPS_1] epoch_05  
2025-02-26 22:26:39.461  =============================================  
2025-02-26 22:26:39.461  val_finetune_dtvu_steps_1/loss = 3.5836  
2025-02-26 22:26:39.470  val_finetune_dtvu_steps_1/acc@01 = 0.2750  
2025-02-26 22:26:39.470  val_finetune_dtvu_steps_1/acc@05 = 0.6250  
2025-02-26 22:26:39.470  val_finetune_dtvu_steps_1/acc@10 = 0.6625  
2025-02-26 22:26:39.470  val_finetune_dtvu_steps_1/acc@20 = 0.7375  
2025-02-26 22:26:39.470  
  
2025-02-26 22:26:39.554  
  
2025-02-26 22:26:39.554  [VAL_FINETUNE_DTVU_STEPS_3] epoch_05  
2025-02-26 22:26:39.554  =============================================  
2025-02-26 22:26:39.554  val_finetune_dtvu_steps_3/loss = 3.5757  
2025-02-26 22:26:39.554  val_finetune_dtvu_steps_3/acc@01 = 0.2917  
2025-02-26 22:26:39.554  val_finetune_dtvu_steps_3/acc@05 = 0.6125  
2025-02-26 22:26:39.554  val_finetune_dtvu_steps_3/acc@10 = 0.6583  
2025-02-26 22:26:39.554  val_finetune_dtvu_steps_3/acc@20 = 0.7458  
2025-02-26 22:26:39.554  
  
2025-02-26 22:26:40.210  
  
2025-02-26 22:26:40.210  [TRN] epoch_06  
2025-02-26 22:26:40.210  =============================================  
2025-02-26 22:26:40.210  trn/loss = 3.5256  
2025-02-26 22:26:40.210  trn/acc@01 = 0.2325  
2025-02-26 22:26:40.210  trn/acc@05 = 0.5830  
2025-02-26 22:26:40.210  trn/acc@10 = 0.6799  
2025-02-26 22:26:40.210  trn/acc@20 = 0.7500  
2025-02-26 22:26:40.210  
  
2025-02-26 22:26:40.291  
  
2025-02-26 22:26:40.291  [VAL_FINETUNE_DTVU_STEPS_1] epoch_06  
2025-02-26 22:26:40.291  =============================================  
2025-02-26 22:26:40.291  val_finetune_dtvu_steps_1/loss = 3.4987  
2025-02-26 22:26:40.291  val_finetune_dtvu_steps_1/acc@01 = 0.2625  
2025-02-26 22:26:40.291  val_finetune_dtvu_steps_1/acc@05 = 0.6250  
2025-02-26 22:26:40.291  val_finetune_dtvu_steps_1/acc@10 = 0.7000  
2025-02-26 22:26:40.291  val_finetune_dtvu_steps_1/acc@20 = 0.7125  
2025-02-26 22:26:40.291  
  
2025-02-26 22:26:40.371  
  
2025-02-26 22:26:40.371  [VAL_FINETUNE_DTVU_STEPS_3] epoch_06  
2025-02-26 22:26:40.371  =============================================  
2025-02-26 22:26:40.371  val_finetune_dtvu_steps_3/loss = 3.5315  
2025-02-26 22:26:40.371  val_finetune_dtvu_steps_3/acc@01 = 0.2792  
2025-02-26 22:26:40.371  val_finetune_dtvu_steps_3/acc@05 = 0.6167  
2025-02-26 22:26:40.371  val_finetune_dtvu_steps_3/acc@10 = 0.7000  
2025-02-26 22:26:40.371  val_finetune_dtvu_steps_3/acc@20 = 0.7292  
2025-02-26 22:26:40.371  
  
2025-02-26 22:26:41.062  
  
2025-02-26 22:26:41.062  [TRN] epoch_07  
2025-02-26 22:26:41.062  =============================================  
2025-02-26 22:26:41.062  trn/loss = 3.4667  
2025-02-26 22:26:41.062  trn/acc@01 = 0.2348  
2025-02-26 22:26:41.062  trn/acc@05 = 0.5879  
2025-02-26 22:26:41.062  trn/acc@10 = 0.6817  
2025-02-26 22:26:41.062  trn/acc@20 = 0.7460  
2025-02-26 22:26:41.062  
  
2025-02-26 22:26:41.141  
  
2025-02-26 22:26:41.141  [VAL_FINETUNE_DTVU_STEPS_1] epoch_07  
2025-02-26 22:26:41.141  =============================================  
2025-02-26 22:26:41.141  val_finetune_dtvu_steps_1/loss = 3.3913  
2025-02-26 22:26:41.141  val_finetune_dtvu_steps_1/acc@01 = 0.2750  
2025-02-26 22:26:41.141  val_finetune_dtvu_steps_1/acc@05 = 0.6500  
2025-02-26 22:26:41.141  val_finetune_dtvu_steps_1/acc@10 = 0.6875  
2025-02-26 22:26:41.141  val_finetune_dtvu_steps_1/acc@20 = 0.7500  
2025-02-26 22:26:41.141  
  
2025-02-26 22:26:41.231  
  
2025-02-26 22:26:41.231  [VAL_FINETUNE_DTVU_STEPS_3] epoch_07  
2025-02-26 22:26:41.231  =============================================  
2025-02-26 22:26:41.234  val_finetune_dtvu_steps_3/loss = 3.4684  
2025-02-26 22:26:41.234  val_finetune_dtvu_steps_3/acc@01 = 0.2750  
2025-02-26 22:26:41.234  val_finetune_dtvu_steps_3/acc@05 = 0.6417  
2025-02-26 22:26:41.234  val_finetune_dtvu_steps_3/acc@10 = 0.6750  
2025-02-26 22:26:41.234  val_finetune_dtvu_steps_3/acc@20 = 0.7500  
2025-02-26 22:26:41.234  
  
2025-02-26 22:26:41.911  
  
2025-02-26 22:26:41.911  [TRN] epoch_08  
2025-02-26 22:26:41.911  =============================================  
2025-02-26 22:26:41.911  trn/loss = 3.4157  
2025-02-26 22:26:41.911  trn/acc@01 = 0.2461  
2025-02-26 22:26:41.911  trn/acc@05 = 0.6029  
2025-02-26 22:26:41.911  trn/acc@10 = 0.6898  
2025-02-26 22:26:41.911  trn/acc@20 = 0.7699  
2025-02-26 22:26:41.911  
  
2025-02-26 22:26:41.994  
  
2025-02-26 22:26:41.994  [VAL_FINETUNE_DTVU_STEPS_1] epoch_08  
2025-02-26 22:26:41.994  =============================================  
2025-02-26 22:26:41.994  val_finetune_dtvu_steps_1/loss = 3.3772  
2025-02-26 22:26:41.994  val_finetune_dtvu_steps_1/acc@01 = 0.2625  
2025-02-26 22:26:41.994  val_finetune_dtvu_steps_1/acc@05 = 0.6250  
2025-02-26 22:26:41.994  val_finetune_dtvu_steps_1/acc@10 = 0.7250  
2025-02-26 22:26:41.994  val_finetune_dtvu_steps_1/acc@20 = 0.7625  
2025-02-26 22:26:41.994  
  
2025-02-26 22:26:42.090  
  
2025-02-26 22:26:42.090  [VAL_FINETUNE_DTVU_STEPS_3] epoch_08  
2025-02-26 22:26:42.090  =============================================  
2025-02-26 22:26:42.090  val_finetune_dtvu_steps_3/loss = 3.4044  
2025-02-26 22:26:42.090  val_finetune_dtvu_steps_3/acc@01 = 0.3042  
2025-02-26 22:26:42.090  val_finetune_dtvu_steps_3/acc@05 = 0.6167  
2025-02-26 22:26:42.090  val_finetune_dtvu_steps_3/acc@10 = 0.7208  
2025-02-26 22:26:42.090  val_finetune_dtvu_steps_3/acc@20 = 0.7667  
2025-02-26 22:26:42.090  
  
2025-02-26 22:26:42.661  
  
2025-02-26 22:26:42.661  [TRN] epoch_09  
2025-02-26 22:26:42.661  =============================================  
2025-02-26 22:26:42.661  trn/loss = 3.2732  
2025-02-26 22:26:42.661  trn/acc@01 = 0.2747  
2025-02-26 22:26:42.661  trn/acc@05 = 0.6280  
2025-02-26 22:26:42.661  trn/acc@10 = 0.7226  
2025-02-26 22:26:42.661  trn/acc@20 = 0.7962  
2025-02-26 22:26:42.661  
  
2025-02-26 22:26:42.721  
  
2025-02-26 22:26:42.721  [VAL_FINETUNE_DTVU_STEPS_1] epoch_09  
2025-02-26 22:26:42.721  =============================================  
2025-02-26 22:26:42.721  val_finetune_dtvu_steps_1/loss = 3.3099  
2025-02-26 22:26:42.721  val_finetune_dtvu_steps_1/acc@01 = 0.3125  
2025-02-26 22:26:42.721  val_finetune_dtvu_steps_1/acc@05 = 0.6500  
2025-02-26 22:26:42.721  val_finetune_dtvu_steps_1/acc@10 = 0.7250  
2025-02-26 22:26:42.721  val_finetune_dtvu_steps_1/acc@20 = 0.7625  
2025-02-26 22:26:42.721  
  
2025-02-26 22:26:42.791  
  
2025-02-26 22:26:42.791  [VAL_FINETUNE_DTVU_STEPS_3] epoch_09  
2025-02-26 22:26:42.791  =============================================  
2025-02-26 22:26:42.791  val_finetune_dtvu_steps_3/loss = 3.3287  
2025-02-26 22:26:42.791  val_finetune_dtvu_steps_3/acc@01 = 0.3417  
2025-02-26 22:26:42.791  val_finetune_dtvu_steps_3/acc@05 = 0.6250  
2025-02-26 22:26:42.791  val_finetune_dtvu_steps_3/acc@10 = 0.7208  
2025-02-26 22:26:42.791  val_finetune_dtvu_steps_3/acc@20 = 0.7708  
2025-02-26 22:26:42.791  
  
2025-02-26 22:26:43.355  
  
2025-02-26 22:26:43.355  [TRN] epoch_10  
2025-02-26 22:26:43.355  =============================================  
2025-02-26 22:26:43.355  trn/loss = 3.3074  
2025-02-26 22:26:43.355  trn/acc@01 = 0.2561  
2025-02-26 22:26:43.355  trn/acc@05 = 0.5953  
2025-02-26 22:26:43.355  trn/acc@10 = 0.7118  
2025-02-26 22:26:43.355  trn/acc@20 = 0.7976  
2025-02-26 22:26:43.355  
  
2025-02-26 22:26:43.416  
  
2025-02-26 22:26:43.416  [VAL_FINETUNE_DTVU_STEPS_1] epoch_10  
2025-02-26 22:26:43.416  =============================================  
2025-02-26 22:26:43.416  val_finetune_dtvu_steps_1/loss = 3.3913  
2025-02-26 22:26:43.416  val_finetune_dtvu_steps_1/acc@01 = 0.2625  
2025-02-26 22:26:43.416  val_finetune_dtvu_steps_1/acc@05 = 0.6375  
2025-02-26 22:26:43.416  val_finetune_dtvu_steps_1/acc@10 = 0.7125  
2025-02-26 22:26:43.416  val_finetune_dtvu_steps_1/acc@20 = 0.7875  
2025-02-26 22:26:43.416  
  
2025-02-26 22:26:43.489  
  
2025-02-26 22:26:43.489  [VAL_FINETUNE_DTVU_STEPS_3] epoch_10  
2025-02-26 22:26:43.489  =============================================  
2025-02-26 22:26:43.490  val_finetune_dtvu_steps_3/loss = 3.4163  
2025-02-26 22:26:43.490  val_finetune_dtvu_steps_3/acc@01 = 0.2792  
2025-02-26 22:26:43.491  val_finetune_dtvu_steps_3/acc@05 = 0.6000  
2025-02-26 22:26:43.491  val_finetune_dtvu_steps_3/acc@10 = 0.7000  
2025-02-26 22:26:43.497  val_finetune_dtvu_steps_3/acc@20 = 0.7958  
2025-02-26 22:26:43.497  
  
2025-02-26 22:26:44.064  
  
2025-02-26 22:26:44.064  [TRN] epoch_11  
2025-02-26 22:26:44.064  =============================================  
2025-02-26 22:26:44.064  trn/loss = 3.2863  
2025-02-26 22:26:44.064  trn/acc@01 = 0.2644  
2025-02-26 22:26:44.064  trn/acc@05 = 0.6034  
2025-02-26 22:26:44.064  trn/acc@10 = 0.7245  
2025-02-26 22:26:44.064  trn/acc@20 = 0.7995  
2025-02-26 22:26:44.064  
  
2025-02-26 22:26:44.120  
  
2025-02-26 22:26:44.120  [VAL_FINETUNE_DTVU_STEPS_1] epoch_11  
2025-02-26 22:26:44.120  =============================================  
2025-02-26 22:26:44.120  val_finetune_dtvu_steps_1/loss = 3.3178  
2025-02-26 22:26:44.120  val_finetune_dtvu_steps_1/acc@01 = 0.2625  
2025-02-26 22:26:44.120  val_finetune_dtvu_steps_1/acc@05 = 0.6125  
2025-02-26 22:26:44.120  val_finetune_dtvu_steps_1/acc@10 = 0.7375  
2025-02-26 22:26:44.120  val_finetune_dtvu_steps_1/acc@20 = 0.8125  
2025-02-26 22:26:44.120  
  
2025-02-26 22:26:44.191  
  
2025-02-26 22:26:44.191  [VAL_FINETUNE_DTVU_STEPS_3] epoch_11  
2025-02-26 22:26:44.191  =============================================  
2025-02-26 22:26:44.191  val_finetune_dtvu_steps_3/loss = 3.3648  
2025-02-26 22:26:44.191  val_finetune_dtvu_steps_3/acc@01 = 0.2833  
2025-02-26 22:26:44.191  val_finetune_dtvu_steps_3/acc@05 = 0.6042  
2025-02-26 22:26:44.191  val_finetune_dtvu_steps_3/acc@10 = 0.7250  
2025-02-26 22:26:44.191  val_finetune_dtvu_steps_3/acc@20 = 0.7792  
2025-02-26 22:26:44.191  
  
2025-02-26 22:26:44.740  
  
2025-02-26 22:26:44.740  [TRN] epoch_12  
2025-02-26 22:26:44.740  =============================================  
2025-02-26 22:26:44.740  trn/loss = 3.2559  
2025-02-26 22:26:44.740  trn/acc@01 = 0.2495  
2025-02-26 22:26:44.740  trn/acc@05 = 0.6058  
2025-02-26 22:26:44.740  trn/acc@10 = 0.7211  
2025-02-26 22:26:44.740  trn/acc@20 = 0.8126  
2025-02-26 22:26:44.740  
  
2025-02-26 22:26:44.800  
  
2025-02-26 22:26:44.800  [VAL_FINETUNE_DTVU_STEPS_1] epoch_12  
2025-02-26 22:26:44.800  =============================================  
2025-02-26 22:26:44.800  val_finetune_dtvu_steps_1/loss = 3.2555  
2025-02-26 22:26:44.800  val_finetune_dtvu_steps_1/acc@01 = 0.3000  
2025-02-26 22:26:44.800  val_finetune_dtvu_steps_1/acc@05 = 0.6250  
2025-02-26 22:26:44.800  val_finetune_dtvu_steps_1/acc@10 = 0.7625  
2025-02-26 22:26:44.800  val_finetune_dtvu_steps_1/acc@20 = 0.8125  
2025-02-26 22:26:44.800  
  
2025-02-26 22:26:44.873  
  
2025-02-26 22:26:44.873  [VAL_FINETUNE_DTVU_STEPS_3] epoch_12  
2025-02-26 22:26:44.873  =============================================  
2025-02-26 22:26:44.873  val_finetune_dtvu_steps_3/loss = 3.3341  
2025-02-26 22:26:44.873  val_finetune_dtvu_steps_3/acc@01 = 0.2833  
2025-02-26 22:26:44.873  val_finetune_dtvu_steps_3/acc@05 = 0.6250  
2025-02-26 22:26:44.873  val_finetune_dtvu_steps_3/acc@10 = 0.7333  
2025-02-26 22:26:44.873  val_finetune_dtvu_steps_3/acc@20 = 0.7917  
2025-02-26 22:26:44.873  
  
2025-02-26 22:26:45.440  
  
2025-02-26 22:26:45.440  [TRN] epoch_13  
2025-02-26 22:26:45.440  =============================================  
2025-02-26 22:26:45.440  trn/loss = 3.2112  
2025-02-26 22:26:45.440  trn/acc@01 = 0.2458  
2025-02-26 22:26:45.440  trn/acc@05 = 0.5981  
2025-02-26 22:26:45.440  trn/acc@10 = 0.7156  
2025-02-26 22:26:45.440  trn/acc@20 = 0.8113  
2025-02-26 22:26:45.440  
  
2025-02-26 22:26:45.502  
  
2025-02-26 22:26:45.502  [VAL_FINETUNE_DTVU_STEPS_1] epoch_13  
2025-02-26 22:26:45.502  =============================================  
2025-02-26 22:26:45.502  val_finetune_dtvu_steps_1/loss = 3.3634  
2025-02-26 22:26:45.502  val_finetune_dtvu_steps_1/acc@01 = 0.2750  
2025-02-26 22:26:45.502  val_finetune_dtvu_steps_1/acc@05 = 0.6250  
2025-02-26 22:26:45.502  val_finetune_dtvu_steps_1/acc@10 = 0.7500  
2025-02-26 22:26:45.502  val_finetune_dtvu_steps_1/acc@20 = 0.7875  
2025-02-26 22:26:45.502  
  
2025-02-26 22:26:45.580  
  
2025-02-26 22:26:45.580  [VAL_FINETUNE_DTVU_STEPS_3] epoch_13  
2025-02-26 22:26:45.581  =============================================  
2025-02-26 22:26:45.581  val_finetune_dtvu_steps_3/loss = 3.4203  
2025-02-26 22:26:45.581  val_finetune_dtvu_steps_3/acc@01 = 0.2708  
2025-02-26 22:26:45.581  val_finetune_dtvu_steps_3/acc@05 = 0.5958  
2025-02-26 22:26:45.581  val_finetune_dtvu_steps_3/acc@10 = 0.7333  
2025-02-26 22:26:45.581  val_finetune_dtvu_steps_3/acc@20 = 0.7708  
2025-02-26 22:26:45.581  
  
2025-02-26 22:26:46.194  
  
2025-02-26 22:26:46.194  [TRN] epoch_14  
2025-02-26 22:26:46.194  =============================================  
2025-02-26 22:26:46.194  trn/loss = 3.1399  
2025-02-26 22:26:46.194  trn/acc@01 = 0.2861  
2025-02-26 22:26:46.194  trn/acc@05 = 0.6124  
2025-02-26 22:26:46.196  trn/acc@10 = 0.7366  
2025-02-26 22:26:46.196  trn/acc@20 = 0.8196  
2025-02-26 22:26:46.196  
  
2025-02-26 22:26:46.254  
  
2025-02-26 22:26:46.254  [VAL_FINETUNE_DTVU_STEPS_1] epoch_14  
2025-02-26 22:26:46.254  =============================================  
2025-02-26 22:26:46.254  val_finetune_dtvu_steps_1/loss = 3.3968  
2025-02-26 22:26:46.254  val_finetune_dtvu_steps_1/acc@01 = 0.2750  
2025-02-26 22:26:46.254  val_finetune_dtvu_steps_1/acc@05 = 0.6250  
2025-02-26 22:26:46.254  val_finetune_dtvu_steps_1/acc@10 = 0.7500  
2025-02-26 22:26:46.254  val_finetune_dtvu_steps_1/acc@20 = 0.8000  
2025-02-26 22:26:46.254  
  
2025-02-26 22:26:46.321  
  
2025-02-26 22:26:46.321  [VAL_FINETUNE_DTVU_STEPS_3] epoch_14  
2025-02-26 22:26:46.321  =============================================  
2025-02-26 22:26:46.321  val_finetune_dtvu_steps_3/loss = 3.4858  
2025-02-26 22:26:46.321  val_finetune_dtvu_steps_3/acc@01 = 0.2625  
2025-02-26 22:26:46.321  val_finetune_dtvu_steps_3/acc@05 = 0.5917  
2025-02-26 22:26:46.321  val_finetune_dtvu_steps_3/acc@10 = 0.7250  
2025-02-26 22:26:46.321  val_finetune_dtvu_steps_3/acc@20 = 0.7750  
2025-02-26 22:26:46.321  
  
2025-02-26 22:26:46.939  
  
2025-02-26 22:26:46.939  [TRN] epoch_15  
2025-02-26 22:26:46.940  =============================================  
2025-02-26 22:26:46.940  trn/loss = 3.1796  
2025-02-26 22:26:46.940  trn/acc@01 = 0.2788  
2025-02-26 22:26:46.940  trn/acc@05 = 0.6096  
2025-02-26 22:26:46.940  trn/acc@10 = 0.7177  
2025-02-26 22:26:46.940  trn/acc@20 = 0.8217  
2025-02-26 22:26:46.940  
  
2025-02-26 22:26:46.996  
  
2025-02-26 22:26:46.996  [VAL_FINETUNE_DTVU_STEPS_1] epoch_15  
2025-02-26 22:26:46.996  =============================================  
2025-02-26 22:26:46.996  val_finetune_dtvu_steps_1/loss = 3.4365  
2025-02-26 22:26:46.996  val_finetune_dtvu_steps_1/acc@01 = 0.2375  
2025-02-26 22:26:46.996  val_finetune_dtvu_steps_1/acc@05 = 0.6250  
2025-02-26 22:26:46.996  val_finetune_dtvu_steps_1/acc@10 = 0.7000  
2025-02-26 22:26:46.996  val_finetune_dtvu_steps_1/acc@20 = 0.7875  
2025-02-26 22:26:46.996  
  
2025-02-26 22:26:47.060  
  
2025-02-26 22:26:47.060  [VAL_FINETUNE_DTVU_STEPS_3] epoch_15  
2025-02-26 22:26:47.060  =============================================  
2025-02-26 22:26:47.060  val_finetune_dtvu_steps_3/loss = 3.4333  
2025-02-26 22:26:47.060  val_finetune_dtvu_steps_3/acc@01 = 0.2708  
2025-02-26 22:26:47.060  val_finetune_dtvu_steps_3/acc@05 = 0.6125  
2025-02-26 22:26:47.060  val_finetune_dtvu_steps_3/acc@10 = 0.6958  
2025-02-26 22:26:47.060  val_finetune_dtvu_steps_3/acc@20 = 0.7708  
2025-02-26 22:26:47.060  
  
2025-02-26 22:26:47.600  
  
2025-02-26 22:26:47.600  [TRN] epoch_16  
2025-02-26 22:26:47.600  =============================================  
2025-02-26 22:26:47.600  trn/loss = 3.1218  
2025-02-26 22:26:47.600  trn/acc@01 = 0.2924  
2025-02-26 22:26:47.600  trn/acc@05 = 0.6354  
2025-02-26 22:26:47.600  trn/acc@10 = 0.7328  
2025-02-26 22:26:47.600  trn/acc@20 = 0.8066  
2025-02-26 22:26:47.600  
  
2025-02-26 22:26:47.651  
  
2025-02-26 22:26:47.651  [VAL_FINETUNE_DTVU_STEPS_1] epoch_16  
2025-02-26 22:26:47.651  =============================================  
2025-02-26 22:26:47.659  val_finetune_dtvu_steps_1/loss = 3.1978  
2025-02-26 22:26:47.659  val_finetune_dtvu_steps_1/acc@01 = 0.3000  
2025-02-26 22:26:47.659  val_finetune_dtvu_steps_1/acc@05 = 0.6500  
2025-02-26 22:26:47.659  val_finetune_dtvu_steps_1/acc@10 = 0.7500  
2025-02-26 22:26:47.659  val_finetune_dtvu_steps_1/acc@20 = 0.8375  
2025-02-26 22:26:47.659  
  
2025-02-26 22:26:47.722  
  
2025-02-26 22:26:47.722  [VAL_FINETUNE_DTVU_STEPS_3] epoch_16  
2025-02-26 22:26:47.722  =============================================  
2025-02-26 22:26:47.722  val_finetune_dtvu_steps_3/loss = 3.2672  
2025-02-26 22:26:47.722  val_finetune_dtvu_steps_3/acc@01 = 0.3042  
2025-02-26 22:26:47.722  val_finetune_dtvu_steps_3/acc@05 = 0.6083  
2025-02-26 22:26:47.722  val_finetune_dtvu_steps_3/acc@10 = 0.7208  
2025-02-26 22:26:47.722  val_finetune_dtvu_steps_3/acc@20 = 0.8208  
2025-02-26 22:26:47.722  
  
2025-02-26 22:26:48.286  
  
2025-02-26 22:26:48.286  [TRN] epoch_17  
2025-02-26 22:26:48.287  =============================================  
2025-02-26 22:26:48.287  trn/loss = 2.9951  
2025-02-26 22:26:48.287  trn/acc@01 = 0.2894  
2025-02-26 22:26:48.287  trn/acc@05 = 0.6296  
2025-02-26 22:26:48.287  trn/acc@10 = 0.7486  
2025-02-26 22:26:48.287  trn/acc@20 = 0.8435  
2025-02-26 22:26:48.287  
  
2025-02-26 22:26:48.341  
  
2025-02-26 22:26:48.341  [VAL_FINETUNE_DTVU_STEPS_1] epoch_17  
2025-02-26 22:26:48.342  =============================================  
2025-02-26 22:26:48.342  val_finetune_dtvu_steps_1/loss = 3.2732  
2025-02-26 22:26:48.342  val_finetune_dtvu_steps_1/acc@01 = 0.2625  
2025-02-26 22:26:48.342  val_finetune_dtvu_steps_1/acc@05 = 0.6375  
2025-02-26 22:26:48.342  val_finetune_dtvu_steps_1/acc@10 = 0.7500  
2025-02-26 22:26:48.342  val_finetune_dtvu_steps_1/acc@20 = 0.8250  
2025-02-26 22:26:48.342  
  
2025-02-26 22:26:48.407  
  
2025-02-26 22:26:48.408  [VAL_FINETUNE_DTVU_STEPS_3] epoch_17  
2025-02-26 22:26:48.408  =============================================  
2025-02-26 22:26:48.408  val_finetune_dtvu_steps_3/loss = 3.3459  
2025-02-26 22:26:48.408  val_finetune_dtvu_steps_3/acc@01 = 0.2958  
2025-02-26 22:26:48.408  val_finetune_dtvu_steps_3/acc@05 = 0.5875  
2025-02-26 22:26:48.408  val_finetune_dtvu_steps_3/acc@10 = 0.7333  
2025-02-26 22:26:48.408  val_finetune_dtvu_steps_3/acc@20 = 0.8083  
2025-02-26 22:26:48.408  
  
2025-02-26 22:26:48.993  
  
2025-02-26 22:26:48.993  [TRN] epoch_18  
2025-02-26 22:26:48.994  =============================================  
2025-02-26 22:26:48.994  trn/loss = 3.0641  
2025-02-26 22:26:48.994  trn/acc@01 = 0.2728  
2025-02-26 22:26:48.994  trn/acc@05 = 0.6228  
2025-02-26 22:26:48.994  trn/acc@10 = 0.7393  
2025-02-26 22:26:48.995  trn/acc@20 = 0.8424  
2025-02-26 22:26:48.995  
  
2025-02-26 22:26:49.052  
  
2025-02-26 22:26:49.052  [VAL_FINETUNE_DTVU_STEPS_1] epoch_18  
2025-02-26 22:26:49.052  =============================================  
2025-02-26 22:26:49.052  val_finetune_dtvu_steps_1/loss = 3.2883  
2025-02-26 22:26:49.052  val_finetune_dtvu_steps_1/acc@01 = 0.2625  
2025-02-26 22:26:49.052  val_finetune_dtvu_steps_1/acc@05 = 0.6500  
2025-02-26 22:26:49.052  val_finetune_dtvu_steps_1/acc@10 = 0.7500  
2025-02-26 22:26:49.052  val_finetune_dtvu_steps_1/acc@20 = 0.8250  
2025-02-26 22:26:49.052  
  
2025-02-26 22:26:49.118  
  
2025-02-26 22:26:49.118  [VAL_FINETUNE_DTVU_STEPS_3] epoch_18  
2025-02-26 22:26:49.119  =============================================  
2025-02-26 22:26:49.119  val_finetune_dtvu_steps_3/loss = 3.3238  
2025-02-26 22:26:49.119  val_finetune_dtvu_steps_3/acc@01 = 0.2542  
2025-02-26 22:26:49.119  val_finetune_dtvu_steps_3/acc@05 = 0.6042  
2025-02-26 22:26:49.119  val_finetune_dtvu_steps_3/acc@10 = 0.7375  
2025-02-26 22:26:49.120  val_finetune_dtvu_steps_3/acc@20 = 0.8000  
2025-02-26 22:26:49.120  
  
2025-02-26 22:26:49.834  
  
2025-02-26 22:26:49.834  [TRN] epoch_19  
2025-02-26 22:26:49.834  =============================================  
2025-02-26 22:26:49.834  trn/loss = 3.0807  
2025-02-26 22:26:49.834  trn/acc@01 = 0.2750  
2025-02-26 22:26:49.834  trn/acc@05 = 0.6279  
2025-02-26 22:26:49.834  trn/acc@10 = 0.7431  
2025-02-26 22:26:49.834  trn/acc@20 = 0.8353  
2025-02-26 22:26:49.834  
  
2025-02-26 22:26:49.893  
  
2025-02-26 22:26:49.893  [VAL_FINETUNE_DTVU_STEPS_1] epoch_19  
2025-02-26 22:26:49.893  =============================================  
2025-02-26 22:26:49.894  val_finetune_dtvu_steps_1/loss = 3.2035  
2025-02-26 22:26:49.894  val_finetune_dtvu_steps_1/acc@01 = 0.2625  
2025-02-26 22:26:49.894  val_finetune_dtvu_steps_1/acc@05 = 0.6375  
2025-02-26 22:26:49.894  val_finetune_dtvu_steps_1/acc@10 = 0.7750  
2025-02-26 22:26:49.894  val_finetune_dtvu_steps_1/acc@20 = 0.8375  
2025-02-26 22:26:49.894  
  
2025-02-26 22:26:49.959  
  
2025-02-26 22:26:49.959  [VAL_FINETUNE_DTVU_STEPS_3] epoch_19  
2025-02-26 22:26:49.959  =============================================  
2025-02-26 22:26:49.960  val_finetune_dtvu_steps_3/loss = 3.2387  
2025-02-26 22:26:49.960  val_finetune_dtvu_steps_3/acc@01 = 0.2917  
2025-02-26 22:26:49.960  val_finetune_dtvu_steps_3/acc@05 = 0.6333  
2025-02-26 22:26:49.960  val_finetune_dtvu_steps_3/acc@10 = 0.7417  
2025-02-26 22:26:49.960  val_finetune_dtvu_steps_3/acc@20 = 0.8208  
2025-02-26 22:26:49.960  
  
2025-02-26 22:26:50.502  
  
2025-02-26 22:26:50.502  [TRN] epoch_20  
2025-02-26 22:26:50.502  =============================================  
2025-02-26 22:26:50.502  trn/loss = 3.0809  
2025-02-26 22:26:50.502  trn/acc@01 = 0.2714  
2025-02-26 22:26:50.502  trn/acc@05 = 0.6282  
2025-02-26 22:26:50.502  trn/acc@10 = 0.7461  
2025-02-26 22:26:50.502  trn/acc@20 = 0.8277  
2025-02-26 22:26:50.503  
  
2025-02-26 22:26:50.560  
  
2025-02-26 22:26:50.560  [VAL_FINETUNE_DTVU_STEPS_1] epoch_20  
2025-02-26 22:26:50.560  =============================================  
2025-02-26 22:26:50.560  val_finetune_dtvu_steps_1/loss = 3.1845  
2025-02-26 22:26:50.560  val_finetune_dtvu_steps_1/acc@01 = 0.3125  
2025-02-26 22:26:50.560  val_finetune_dtvu_steps_1/acc@05 = 0.6750  
2025-02-26 22:26:50.561  val_finetune_dtvu_steps_1/acc@10 = 0.7500  
2025-02-26 22:26:50.561  val_finetune_dtvu_steps_1/acc@20 = 0.8250  
2025-02-26 22:26:50.561  
  
2025-02-26 22:26:50.634  
  
2025-02-26 22:26:50.634  [VAL_FINETUNE_DTVU_STEPS_3] epoch_20  
2025-02-26 22:26:50.635  =============================================  
2025-02-26 22:26:50.635  val_finetune_dtvu_steps_3/loss = 3.2751  
2025-02-26 22:26:50.635  val_finetune_dtvu_steps_3/acc@01 = 0.3083  
2025-02-26 22:26:50.635  val_finetune_dtvu_steps_3/acc@05 = 0.6542  
2025-02-26 22:26:50.635  val_finetune_dtvu_steps_3/acc@10 = 0.7208  
2025-02-26 22:26:50.635  val_finetune_dtvu_steps_3/acc@20 = 0.7958  
2025-02-26 22:26:50.636  
  
2025-02-26 22:26:51.229  
  
2025-02-26 22:26:51.230  [TRN] epoch_21  
2025-02-26 22:26:51.230  =============================================  
2025-02-26 22:26:51.230  trn/loss = 3.0756  
2025-02-26 22:26:51.230  trn/acc@01 = 0.2633  
2025-02-26 22:26:51.230  trn/acc@05 = 0.6156  
2025-02-26 22:26:51.230  trn/acc@10 = 0.7344  
2025-02-26 22:26:51.230  trn/acc@20 = 0.8312  
2025-02-26 22:26:51.230  
  
2025-02-26 22:26:51.281  
  
2025-02-26 22:26:51.281  [VAL_FINETUNE_DTVU_STEPS_1] epoch_21  
2025-02-26 22:26:51.281  =============================================  
2025-02-26 22:26:51.286  val_finetune_dtvu_steps_1/loss = 3.1696  
2025-02-26 22:26:51.286  val_finetune_dtvu_steps_1/acc@01 = 0.2750  
2025-02-26 22:26:51.286  val_finetune_dtvu_steps_1/acc@05 = 0.6500  
2025-02-26 22:26:51.286  val_finetune_dtvu_steps_1/acc@10 = 0.7625  
2025-02-26 22:26:51.286  val_finetune_dtvu_steps_1/acc@20 = 0.8375  
2025-02-26 22:26:51.286  
  
2025-02-26 22:26:51.350  
  
2025-02-26 22:26:51.350  [VAL_FINETUNE_DTVU_STEPS_3] epoch_21  
2025-02-26 22:26:51.350  =============================================  
2025-02-26 22:26:51.350  val_finetune_dtvu_steps_3/loss = 3.1599  
2025-02-26 22:26:51.350  val_finetune_dtvu_steps_3/acc@01 = 0.2833  
2025-02-26 22:26:51.350  val_finetune_dtvu_steps_3/acc@05 = 0.6417  
2025-02-26 22:26:51.350  val_finetune_dtvu_steps_3/acc@10 = 0.7542  
2025-02-26 22:26:51.350  val_finetune_dtvu_steps_3/acc@20 = 0.8292  
2025-02-26 22:26:51.350  
  
2025-02-26 22:26:51.900  
  
2025-02-26 22:26:51.900  [TRN] epoch_22  
2025-02-26 22:26:51.900  =============================================  
2025-02-26 22:26:51.900  trn/loss = 2.9655  
2025-02-26 22:26:51.903  trn/acc@01 = 0.2888  
2025-02-26 22:26:51.903  trn/acc@05 = 0.6337  
2025-02-26 22:26:51.903  trn/acc@10 = 0.7398  
2025-02-26 22:26:51.903  trn/acc@20 = 0.8480  
2025-02-26 22:26:51.903  
  
2025-02-26 22:26:51.960  
  
2025-02-26 22:26:51.960  [VAL_FINETUNE_DTVU_STEPS_1] epoch_22  
2025-02-26 22:26:51.960  =============================================  
2025-02-26 22:26:51.960  val_finetune_dtvu_steps_1/loss = 3.2637  
2025-02-26 22:26:51.960  val_finetune_dtvu_steps_1/acc@01 = 0.2750  
2025-02-26 22:26:51.960  val_finetune_dtvu_steps_1/acc@05 = 0.6125  
2025-02-26 22:26:51.961  val_finetune_dtvu_steps_1/acc@10 = 0.7625  
2025-02-26 22:26:51.961  val_finetune_dtvu_steps_1/acc@20 = 0.8125  
2025-02-26 22:26:51.961  
  
2025-02-26 22:26:52.029  
  
2025-02-26 22:26:52.030  [VAL_FINETUNE_DTVU_STEPS_3] epoch_22  
2025-02-26 22:26:52.030  =============================================  
2025-02-26 22:26:52.030  val_finetune_dtvu_steps_3/loss = 3.2124  
2025-02-26 22:26:52.030  val_finetune_dtvu_steps_3/acc@01 = 0.3000  
2025-02-26 22:26:52.030  val_finetune_dtvu_steps_3/acc@05 = 0.6208  
2025-02-26 22:26:52.030  val_finetune_dtvu_steps_3/acc@10 = 0.7500  
2025-02-26 22:26:52.030  val_finetune_dtvu_steps_3/acc@20 = 0.8292  
2025-02-26 22:26:52.030  
  
2025-02-26 22:26:52.554  
  
2025-02-26 22:26:52.554  [TRN] epoch_23  
2025-02-26 22:26:52.554  =============================================  
2025-02-26 22:26:52.554  trn/loss = 3.1721  
2025-02-26 22:26:52.554  trn/acc@01 = 0.2511  
2025-02-26 22:26:52.554  trn/acc@05 = 0.5839  
2025-02-26 22:26:52.554  trn/acc@10 = 0.7011  
2025-02-26 22:26:52.554  trn/acc@20 = 0.8072  
2025-02-26 22:26:52.554  
  
2025-02-26 22:26:52.611  
  
2025-02-26 22:26:52.611  [VAL_FINETUNE_DTVU_STEPS_1] epoch_23  
2025-02-26 22:26:52.611  =============================================  
2025-02-26 22:26:52.611  val_finetune_dtvu_steps_1/loss = 3.2525  
2025-02-26 22:26:52.611  val_finetune_dtvu_steps_1/acc@01 = 0.2875  
2025-02-26 22:26:52.611  val_finetune_dtvu_steps_1/acc@05 = 0.6125  
2025-02-26 22:26:52.611  val_finetune_dtvu_steps_1/acc@10 = 0.7375  
2025-02-26 22:26:52.611  val_finetune_dtvu_steps_1/acc@20 = 0.8375  
2025-02-26 22:26:52.611  
  
2025-02-26 22:26:52.674  
  
2025-02-26 22:26:52.674  [VAL_FINETUNE_DTVU_STEPS_3] epoch_23  
2025-02-26 22:26:52.674  =============================================  
2025-02-26 22:26:52.674  val_finetune_dtvu_steps_3/loss = 3.3324  
2025-02-26 22:26:52.674  val_finetune_dtvu_steps_3/acc@01 = 0.3042  
2025-02-26 22:26:52.674  val_finetune_dtvu_steps_3/acc@05 = 0.5917  
2025-02-26 22:26:52.674  val_finetune_dtvu_steps_3/acc@10 = 0.7000  
2025-02-26 22:26:52.674  val_finetune_dtvu_steps_3/acc@20 = 0.8000  
2025-02-26 22:26:52.674  
  
2025-02-26 22:26:53.211  
  
2025-02-26 22:26:53.211  [TRN] epoch_24  
2025-02-26 22:26:53.211  =============================================  
2025-02-26 22:26:53.211  trn/loss = 3.0213  
2025-02-26 22:26:53.211  trn/acc@01 = 0.2799  
2025-02-26 22:26:53.211  trn/acc@05 = 0.6237  
2025-02-26 22:26:53.211  trn/acc@10 = 0.7448  
2025-02-26 22:26:53.211  trn/acc@20 = 0.8309  
2025-02-26 22:26:53.211  
  
2025-02-26 22:26:53.270  
  
2025-02-26 22:26:53.270  [VAL_FINETUNE_DTVU_STEPS_1] epoch_24  
2025-02-26 22:26:53.270  =============================================  
2025-02-26 22:26:53.270  val_finetune_dtvu_steps_1/loss = 3.3467  
2025-02-26 22:26:53.270  val_finetune_dtvu_steps_1/acc@01 = 0.2375  
2025-02-26 22:26:53.270  val_finetune_dtvu_steps_1/acc@05 = 0.5875  
2025-02-26 22:26:53.270  val_finetune_dtvu_steps_1/acc@10 = 0.7500  
2025-02-26 22:26:53.270  val_finetune_dtvu_steps_1/acc@20 = 0.8000  
2025-02-26 22:26:53.270  
  
2025-02-26 22:26:53.334  
  
2025-02-26 22:26:53.334  [VAL_FINETUNE_DTVU_STEPS_3] epoch_24  
2025-02-26 22:26:53.334  =============================================  
2025-02-26 22:26:53.334  val_finetune_dtvu_steps_3/loss = 3.3435  
2025-02-26 22:26:53.334  val_finetune_dtvu_steps_3/acc@01 = 0.2833  
2025-02-26 22:26:53.334  val_finetune_dtvu_steps_3/acc@05 = 0.5833  
2025-02-26 22:26:53.334  val_finetune_dtvu_steps_3/acc@10 = 0.7292  
2025-02-26 22:26:53.334  val_finetune_dtvu_steps_3/acc@20 = 0.8042  
2025-02-26 22:26:53.334  
  
2025-02-26 22:26:53.883  
  
2025-02-26 22:26:53.883  [TRN] epoch_25  
2025-02-26 22:26:53.883  =============================================  
2025-02-26 22:26:53.883  trn/loss = 3.0552  
2025-02-26 22:26:53.883  trn/acc@01 = 0.2715  
2025-02-26 22:26:53.883  trn/acc@05 = 0.6079  
2025-02-26 22:26:53.883  trn/acc@10 = 0.7276  
2025-02-26 22:26:53.883  trn/acc@20 = 0.8271  
2025-02-26 22:26:53.883  
  
2025-02-26 22:26:53.941  
  
2025-02-26 22:26:53.941  [VAL_FINETUNE_DTVU_STEPS_1] epoch_25  
2025-02-26 22:26:53.941  =============================================  
2025-02-26 22:26:53.941  val_finetune_dtvu_steps_1/loss = 3.1811  
2025-02-26 22:26:53.941  val_finetune_dtvu_steps_1/acc@01 = 0.2375  
2025-02-26 22:26:53.941  val_finetune_dtvu_steps_1/acc@05 = 0.6375  
2025-02-26 22:26:53.941  val_finetune_dtvu_steps_1/acc@10 = 0.7750  
2025-02-26 22:26:53.941  val_finetune_dtvu_steps_1/acc@20 = 0.8375  
2025-02-26 22:26:53.941  
  
2025-02-26 22:26:54.000  
  
2025-02-26 22:26:54.000  [VAL_FINETUNE_DTVU_STEPS_3] epoch_25  
2025-02-26 22:26:54.000  =============================================  
2025-02-26 22:26:54.000  val_finetune_dtvu_steps_3/loss = 3.2517  
2025-02-26 22:26:54.000  val_finetune_dtvu_steps_3/acc@01 = 0.2917  
2025-02-26 22:26:54.000  val_finetune_dtvu_steps_3/acc@05 = 0.6417  
2025-02-26 22:26:54.000  val_finetune_dtvu_steps_3/acc@10 = 0.7625  
2025-02-26 22:26:54.000  val_finetune_dtvu_steps_3/acc@20 = 0.8250  
2025-02-26 22:26:54.000  
  
2025-02-26 22:26:54.535  
  
2025-02-26 22:26:54.535  [TRN] epoch_26  
2025-02-26 22:26:54.535  =============================================  
2025-02-26 22:26:54.535  trn/loss = 2.7599  
2025-02-26 22:26:54.535  trn/acc@01 = 0.3516  
2025-02-26 22:26:54.535  trn/acc@05 = 0.6610  
2025-02-26 22:26:54.535  trn/acc@10 = 0.7698  
2025-02-26 22:26:54.535  trn/acc@20 = 0.8533  
2025-02-26 22:26:54.535  
  
2025-02-26 22:26:54.594  
  
2025-02-26 22:26:54.594  [VAL_FINETUNE_DTVU_STEPS_1] epoch_26  
2025-02-26 22:26:54.594  =============================================  
2025-02-26 22:26:54.594  val_finetune_dtvu_steps_1/loss = 3.3795  
2025-02-26 22:26:54.594  val_finetune_dtvu_steps_1/acc@01 = 0.2250  
2025-02-26 22:26:54.594  val_finetune_dtvu_steps_1/acc@05 = 0.6750  
2025-02-26 22:26:54.594  val_finetune_dtvu_steps_1/acc@10 = 0.7500  
2025-02-26 22:26:54.594  val_finetune_dtvu_steps_1/acc@20 = 0.8375  
2025-02-26 22:26:54.594  
  
2025-02-26 22:26:54.657  
  
2025-02-26 22:26:54.657  [VAL_FINETUNE_DTVU_STEPS_3] epoch_26  
2025-02-26 22:26:54.657  =============================================  
2025-02-26 22:26:54.657  val_finetune_dtvu_steps_3/loss = 3.5234  
2025-02-26 22:26:54.657  val_finetune_dtvu_steps_3/acc@01 = 0.2708  
2025-02-26 22:26:54.657  val_finetune_dtvu_steps_3/acc@05 = 0.6000  
2025-02-26 22:26:54.657  val_finetune_dtvu_steps_3/acc@10 = 0.7250  
2025-02-26 22:26:54.657  val_finetune_dtvu_steps_3/acc@20 = 0.8167  
2025-02-26 22:26:54.657  
  
2025-02-26 22:26:55.196  
  
2025-02-26 22:26:55.196  [TRN] epoch_27  
2025-02-26 22:26:55.196  =============================================  
2025-02-26 22:26:55.196  trn/loss = 3.0443  
2025-02-26 22:26:55.196  trn/acc@01 = 0.2802  
2025-02-26 22:26:55.196  trn/acc@05 = 0.6223  
2025-02-26 22:26:55.196  trn/acc@10 = 0.7619  
2025-02-26 22:26:55.196  trn/acc@20 = 0.8505  
2025-02-26 22:26:55.196  
  
2025-02-26 22:26:55.250  
  
2025-02-26 22:26:55.250  [VAL_FINETUNE_DTVU_STEPS_1] epoch_27  
2025-02-26 22:26:55.250  =============================================  
2025-02-26 22:26:55.250  val_finetune_dtvu_steps_1/loss = 3.1182  
2025-02-26 22:26:55.250  val_finetune_dtvu_steps_1/acc@01 = 0.2875  
2025-02-26 22:26:55.250  val_finetune_dtvu_steps_1/acc@05 = 0.6500  
2025-02-26 22:26:55.250  val_finetune_dtvu_steps_1/acc@10 = 0.7750  
2025-02-26 22:26:55.250  val_finetune_dtvu_steps_1/acc@20 = 0.8250  
2025-02-26 22:26:55.250  
  
2025-02-26 22:26:55.311  
  
2025-02-26 22:26:55.319  [VAL_FINETUNE_DTVU_STEPS_3] epoch_27  
2025-02-26 22:26:55.319  =============================================  
2025-02-26 22:26:55.319  val_finetune_dtvu_steps_3/loss = 3.2205  
2025-02-26 22:26:55.319  val_finetune_dtvu_steps_3/acc@01 = 0.2917  
2025-02-26 22:26:55.319  val_finetune_dtvu_steps_3/acc@05 = 0.6208  
2025-02-26 22:26:55.319  val_finetune_dtvu_steps_3/acc@10 = 0.7542  
2025-02-26 22:26:55.319  val_finetune_dtvu_steps_3/acc@20 = 0.8125  
2025-02-26 22:26:55.319  
  
2025-02-26 22:26:55.862  
  
2025-02-26 22:26:55.862  [TRN] epoch_28  
2025-02-26 22:26:55.865  =============================================  
2025-02-26 22:26:55.865  trn/loss = 2.8530  
2025-02-26 22:26:55.865  trn/acc@01 = 0.3262  
2025-02-26 22:26:55.865  trn/acc@05 = 0.6530  
2025-02-26 22:26:55.865  trn/acc@10 = 0.7639  
2025-02-26 22:26:55.865  trn/acc@20 = 0.8441  
2025-02-26 22:26:55.865  
  
2025-02-26 22:26:55.920  
  
2025-02-26 22:26:55.920  [VAL_FINETUNE_DTVU_STEPS_1] epoch_28  
2025-02-26 22:26:55.920  =============================================  
2025-02-26 22:26:55.920  val_finetune_dtvu_steps_1/loss = 3.1370  
2025-02-26 22:26:55.920  val_finetune_dtvu_steps_1/acc@01 = 0.2875  
2025-02-26 22:26:55.920  val_finetune_dtvu_steps_1/acc@05 = 0.6250  
2025-02-26 22:26:55.920  val_finetune_dtvu_steps_1/acc@10 = 0.7625  
2025-02-26 22:26:55.920  val_finetune_dtvu_steps_1/acc@20 = 0.8500  
2025-02-26 22:26:55.920  
  
2025-02-26 22:26:55.980  
  
2025-02-26 22:26:55.980  [VAL_FINETUNE_DTVU_STEPS_3] epoch_28  
2025-02-26 22:26:55.980  =============================================  
2025-02-26 22:26:55.980  val_finetune_dtvu_steps_3/loss = 3.2560  
2025-02-26 22:26:55.980  val_finetune_dtvu_steps_3/acc@01 = 0.2833  
2025-02-26 22:26:55.980  val_finetune_dtvu_steps_3/acc@05 = 0.6250  
2025-02-26 22:26:55.980  val_finetune_dtvu_steps_3/acc@10 = 0.7333  
2025-02-26 22:26:55.980  val_finetune_dtvu_steps_3/acc@20 = 0.8292  
2025-02-26 22:26:55.980  
  
2025-02-26 22:26:56.530  
  
2025-02-26 22:26:56.530  [TRN] epoch_29  
2025-02-26 22:26:56.530  =============================================  
2025-02-26 22:26:56.530  trn/loss = 3.0033  
2025-02-26 22:26:56.530  trn/acc@01 = 0.2721  
2025-02-26 22:26:56.530  trn/acc@05 = 0.6178  
2025-02-26 22:26:56.530  trn/acc@10 = 0.7389  
2025-02-26 22:26:56.530  trn/acc@20 = 0.8558  
2025-02-26 22:26:56.530  
  
2025-02-26 22:26:56.597  
  
2025-02-26 22:26:56.597  [VAL_FINETUNE_DTVU_STEPS_1] epoch_29  
2025-02-26 22:26:56.597  =============================================  
2025-02-26 22:26:56.597  val_finetune_dtvu_steps_1/loss = 3.1365  
2025-02-26 22:26:56.597  val_finetune_dtvu_steps_1/acc@01 = 0.2875  
2025-02-26 22:26:56.597  val_finetune_dtvu_steps_1/acc@05 = 0.6500  
2025-02-26 22:26:56.597  val_finetune_dtvu_steps_1/acc@10 = 0.7875  
2025-02-26 22:26:56.597  val_finetune_dtvu_steps_1/acc@20 = 0.8375  
2025-02-26 22:26:56.597  
  
2025-02-26 22:26:56.671  
  
2025-02-26 22:26:56.671  [VAL_FINETUNE_DTVU_STEPS_3] epoch_29  
2025-02-26 22:26:56.671  =============================================  
2025-02-26 22:26:56.671  val_finetune_dtvu_steps_3/loss = 3.2271  
2025-02-26 22:26:56.671  val_finetune_dtvu_steps_3/acc@01 = 0.2958  
2025-02-26 22:26:56.671  val_finetune_dtvu_steps_3/acc@05 = 0.6375  
2025-02-26 22:26:56.671  val_finetune_dtvu_steps_3/acc@10 = 0.7667  
2025-02-26 22:26:56.671  val_finetune_dtvu_steps_3/acc@20 = 0.8292  
2025-02-26 22:26:56.671  
  
2025-02-26 22:26:57.240  
  
2025-02-26 22:26:57.240  [TRN] epoch_30  
2025-02-26 22:26:57.240  =============================================  
2025-02-26 22:26:57.240  trn/loss = 2.8837  
2025-02-26 22:26:57.240  trn/acc@01 = 0.3054  
2025-02-26 22:26:57.243  trn/acc@05 = 0.6471  
2025-02-26 22:26:57.243  trn/acc@10 = 0.7549  
2025-02-26 22:26:57.243  trn/acc@20 = 0.8461  
2025-02-26 22:26:57.243  
  
2025-02-26 22:26:57.297  
  
2025-02-26 22:26:57.297  [VAL_FINETUNE_DTVU_STEPS_1] epoch_30  
2025-02-26 22:26:57.297  =============================================  
2025-02-26 22:26:57.297  val_finetune_dtvu_steps_1/loss = 3.1825  
2025-02-26 22:26:57.297  val_finetune_dtvu_steps_1/acc@01 = 0.2625  
2025-02-26 22:26:57.297  val_finetune_dtvu_steps_1/acc@05 = 0.6500  
2025-02-26 22:26:57.297  val_finetune_dtvu_steps_1/acc@10 = 0.8000  
2025-02-26 22:26:57.299  val_finetune_dtvu_steps_1/acc@20 = 0.8500  
2025-02-26 22:26:57.299  
  
2025-02-26 22:26:57.361  
  
2025-02-26 22:26:57.361  [VAL_FINETUNE_DTVU_STEPS_3] epoch_30  
2025-02-26 22:26:57.361  =============================================  
2025-02-26 22:26:57.361  val_finetune_dtvu_steps_3/loss = 3.2360  
2025-02-26 22:26:57.361  val_finetune_dtvu_steps_3/acc@01 = 0.2875  
2025-02-26 22:26:57.361  val_finetune_dtvu_steps_3/acc@05 = 0.6333  
2025-02-26 22:26:57.361  val_finetune_dtvu_steps_3/acc@10 = 0.7542  
2025-02-26 22:26:57.361  val_finetune_dtvu_steps_3/acc@20 = 0.8333  
2025-02-26 22:26:57.361  
  
2025-02-26 22:26:57.911  
  
2025-02-26 22:26:57.911  [TRN] epoch_31  
2025-02-26 22:26:57.911  =============================================  
2025-02-26 22:26:57.912  trn/loss = 2.8637  
2025-02-26 22:26:57.912  trn/acc@01 = 0.3180  
2025-02-26 22:26:57.912  trn/acc@05 = 0.6510  
2025-02-26 22:26:57.912  trn/acc@10 = 0.7705  
2025-02-26 22:26:57.912  trn/acc@20 = 0.8530  
2025-02-26 22:26:57.912  
  
2025-02-26 22:26:57.965  
  
2025-02-26 22:26:57.965  [VAL_FINETUNE_DTVU_STEPS_1] epoch_31  
2025-02-26 22:26:57.965  =============================================  
2025-02-26 22:26:57.966  val_finetune_dtvu_steps_1/loss = 3.2219  
2025-02-26 22:26:57.966  val_finetune_dtvu_steps_1/acc@01 = 0.2500  
2025-02-26 22:26:57.966  val_finetune_dtvu_steps_1/acc@05 = 0.6125  
2025-02-26 22:26:57.966  val_finetune_dtvu_steps_1/acc@10 = 0.7500  
2025-02-26 22:26:57.966  val_finetune_dtvu_steps_1/acc@20 = 0.8375  
2025-02-26 22:26:57.966  
  
2025-02-26 22:26:58.030  
  
2025-02-26 22:26:58.030  [VAL_FINETUNE_DTVU_STEPS_3] epoch_31  
2025-02-26 22:26:58.030  =============================================  
2025-02-26 22:26:58.030  val_finetune_dtvu_steps_3/loss = 3.2639  
2025-02-26 22:26:58.030  val_finetune_dtvu_steps_3/acc@01 = 0.2833  
2025-02-26 22:26:58.030  val_finetune_dtvu_steps_3/acc@05 = 0.6042  
2025-02-26 22:26:58.030  val_finetune_dtvu_steps_3/acc@10 = 0.7375  
2025-02-26 22:26:58.030  val_finetune_dtvu_steps_3/acc@20 = 0.8167  
2025-02-26 22:26:58.030  
  
2025-02-26 22:26:58.584  
  
2025-02-26 22:26:58.584  [TRN] epoch_32  
2025-02-26 22:26:58.584  =============================================  
2025-02-26 22:26:58.584  trn/loss = 2.8730  
2025-02-26 22:26:58.584  trn/acc@01 = 0.2976  
2025-02-26 22:26:58.584  trn/acc@05 = 0.6471  
2025-02-26 22:26:58.584  trn/acc@10 = 0.7704  
2025-02-26 22:26:58.584  trn/acc@20 = 0.8578  
2025-02-26 22:26:58.584  
  
2025-02-26 22:26:58.641  
  
2025-02-26 22:26:58.641  [VAL_FINETUNE_DTVU_STEPS_1] epoch_32  
2025-02-26 22:26:58.641  =============================================  
2025-02-26 22:26:58.641  val_finetune_dtvu_steps_1/loss = 3.1715  
2025-02-26 22:26:58.641  val_finetune_dtvu_steps_1/acc@01 = 0.2625  
2025-02-26 22:26:58.641  val_finetune_dtvu_steps_1/acc@05 = 0.6625  
2025-02-26 22:26:58.641  val_finetune_dtvu_steps_1/acc@10 = 0.7875  
2025-02-26 22:26:58.641  val_finetune_dtvu_steps_1/acc@20 = 0.8375  
2025-02-26 22:26:58.641  
  
2025-02-26 22:26:58.703  
  
2025-02-26 22:26:58.703  [VAL_FINETUNE_DTVU_STEPS_3] epoch_32  
2025-02-26 22:26:58.703  =============================================  
2025-02-26 22:26:58.703  val_finetune_dtvu_steps_3/loss = 3.2134  
2025-02-26 22:26:58.703  val_finetune_dtvu_steps_3/acc@01 = 0.2833  
2025-02-26 22:26:58.703  val_finetune_dtvu_steps_3/acc@05 = 0.6292  
2025-02-26 22:26:58.703  val_finetune_dtvu_steps_3/acc@10 = 0.7375  
2025-02-26 22:26:58.703  val_finetune_dtvu_steps_3/acc@20 = 0.8250  
2025-02-26 22:26:58.703  
  
2025-02-26 22:26:59.262  
  
2025-02-26 22:26:59.262  [TRN] epoch_33  
2025-02-26 22:26:59.262  =============================================  
2025-02-26 22:26:59.262  trn/loss = 2.6707  
2025-02-26 22:26:59.262  trn/acc@01 = 0.3495  
2025-02-26 22:26:59.262  trn/acc@05 = 0.6868  
2025-02-26 22:26:59.262  trn/acc@10 = 0.7873  
2025-02-26 22:26:59.262  trn/acc@20 = 0.8603  
2025-02-26 22:26:59.262  
  
2025-02-26 22:26:59.320  
  
2025-02-26 22:26:59.320  [VAL_FINETUNE_DTVU_STEPS_1] epoch_33  
2025-02-26 22:26:59.321  =============================================  
2025-02-26 22:26:59.321  val_finetune_dtvu_steps_1/loss = 3.0836  
2025-02-26 22:26:59.321  val_finetune_dtvu_steps_1/acc@01 = 0.3250  
2025-02-26 22:26:59.321  val_finetune_dtvu_steps_1/acc@05 = 0.6750  
2025-02-26 22:26:59.321  val_finetune_dtvu_steps_1/acc@10 = 0.7750  
2025-02-26 22:26:59.321  val_finetune_dtvu_steps_1/acc@20 = 0.8500  
2025-02-26 22:26:59.321  
  
2025-02-26 22:26:59.393  
  
2025-02-26 22:26:59.393  [VAL_FINETUNE_DTVU_STEPS_3] epoch_33  
2025-02-26 22:26:59.393  =============================================  
2025-02-26 22:26:59.393  val_finetune_dtvu_steps_3/loss = 3.1498  
2025-02-26 22:26:59.393  val_finetune_dtvu_steps_3/acc@01 = 0.3208  
2025-02-26 22:26:59.393  val_finetune_dtvu_steps_3/acc@05 = 0.6583  
2025-02-26 22:26:59.393  val_finetune_dtvu_steps_3/acc@10 = 0.7667  
2025-02-26 22:26:59.393  val_finetune_dtvu_steps_3/acc@20 = 0.8250  
2025-02-26 22:26:59.393  
  
2025-02-26 22:26:59.930  
  
2025-02-26 22:26:59.930  [TRN] epoch_34  
2025-02-26 22:26:59.930  =============================================  
2025-02-26 22:26:59.930  trn/loss = 2.7700  
2025-02-26 22:26:59.930  trn/acc@01 = 0.3153  
2025-02-26 22:26:59.930  trn/acc@05 = 0.6752  
2025-02-26 22:26:59.930  trn/acc@10 = 0.7792  
2025-02-26 22:26:59.930  trn/acc@20 = 0.8698  
2025-02-26 22:26:59.930  
  
2025-02-26 22:26:59.993  
  
2025-02-26 22:26:59.993  [VAL_FINETUNE_DTVU_STEPS_1] epoch_34  
2025-02-26 22:26:59.993  =============================================  
2025-02-26 22:26:59.993  val_finetune_dtvu_steps_1/loss = 3.0814  
2025-02-26 22:26:59.993  val_finetune_dtvu_steps_1/acc@01 = 0.2500  
2025-02-26 22:26:59.993  val_finetune_dtvu_steps_1/acc@05 = 0.6625  
2025-02-26 22:26:59.993  val_finetune_dtvu_steps_1/acc@10 = 0.7875  
2025-02-26 22:26:59.993  val_finetune_dtvu_steps_1/acc@20 = 0.8500  
2025-02-26 22:26:59.993  
  
2025-02-26 22:27:00.060  
  
2025-02-26 22:27:00.060  [VAL_FINETUNE_DTVU_STEPS_3] epoch_34  
2025-02-26 22:27:00.060  =============================================  
2025-02-26 22:27:00.060  val_finetune_dtvu_steps_3/loss = 3.1468  
2025-02-26 22:27:00.060  val_finetune_dtvu_steps_3/acc@01 = 0.2917  
2025-02-26 22:27:00.060  val_finetune_dtvu_steps_3/acc@05 = 0.6542  
2025-02-26 22:27:00.060  val_finetune_dtvu_steps_3/acc@10 = 0.7792  
2025-02-26 22:27:00.060  val_finetune_dtvu_steps_3/acc@20 = 0.8250  
2025-02-26 22:27:00.060  
  
2025-02-26 22:27:00.609  
  
2025-02-26 22:27:00.609  [TRN] epoch_35  
2025-02-26 22:27:00.609  =============================================  
2025-02-26 22:27:00.609  trn/loss = 2.7735  
2025-02-26 22:27:00.609  trn/acc@01 = 0.2944  
2025-02-26 22:27:00.609  trn/acc@05 = 0.6581  
2025-02-26 22:27:00.609  trn/acc@10 = 0.7884  
2025-02-26 22:27:00.609  trn/acc@20 = 0.8768  
2025-02-26 22:27:00.609  
  
2025-02-26 22:27:00.669  
  
2025-02-26 22:27:00.669  [VAL_FINETUNE_DTVU_STEPS_1] epoch_35  
2025-02-26 22:27:00.669  =============================================  
2025-02-26 22:27:00.669  val_finetune_dtvu_steps_1/loss = 3.1074  
2025-02-26 22:27:00.669  val_finetune_dtvu_steps_1/acc@01 = 0.3125  
2025-02-26 22:27:00.669  val_finetune_dtvu_steps_1/acc@05 = 0.6625  
2025-02-26 22:27:00.669  val_finetune_dtvu_steps_1/acc@10 = 0.7875  
2025-02-26 22:27:00.669  val_finetune_dtvu_steps_1/acc@20 = 0.8625  
2025-02-26 22:27:00.669  
  
2025-02-26 22:27:00.733  
  
2025-02-26 22:27:00.733  [VAL_FINETUNE_DTVU_STEPS_3] epoch_35  
2025-02-26 22:27:00.733  =============================================  
2025-02-26 22:27:00.733  val_finetune_dtvu_steps_3/loss = 3.1899  
2025-02-26 22:27:00.733  val_finetune_dtvu_steps_3/acc@01 = 0.3083  
2025-02-26 22:27:00.733  val_finetune_dtvu_steps_3/acc@05 = 0.6292  
2025-02-26 22:27:00.733  val_finetune_dtvu_steps_3/acc@10 = 0.7500  
2025-02-26 22:27:00.733  val_finetune_dtvu_steps_3/acc@20 = 0.8208  
2025-02-26 22:27:00.733  
  
2025-02-26 22:27:01.281  
  
2025-02-26 22:27:01.281  [TRN] epoch_36  
2025-02-26 22:27:01.281  =============================================  
2025-02-26 22:27:01.281  trn/loss = 2.7659  
2025-02-26 22:27:01.281  trn/acc@01 = 0.3260  
2025-02-26 22:27:01.281  trn/acc@05 = 0.6578  
2025-02-26 22:27:01.281  trn/acc@10 = 0.7725  
2025-02-26 22:27:01.281  trn/acc@20 = 0.8779  
2025-02-26 22:27:01.281  
  
2025-02-26 22:27:01.332  
  
2025-02-26 22:27:01.332  [VAL_FINETUNE_DTVU_STEPS_1] epoch_36  
2025-02-26 22:27:01.332  =============================================  
2025-02-26 22:27:01.332  val_finetune_dtvu_steps_1/loss = 3.0515  
2025-02-26 22:27:01.332  val_finetune_dtvu_steps_1/acc@01 = 0.2875  
2025-02-26 22:27:01.332  val_finetune_dtvu_steps_1/acc@05 = 0.6750  
2025-02-26 22:27:01.339  val_finetune_dtvu_steps_1/acc@10 = 0.7750  
2025-02-26 22:27:01.339  val_finetune_dtvu_steps_1/acc@20 = 0.8625  
2025-02-26 22:27:01.339  
  
2025-02-26 22:27:01.400  
  
2025-02-26 22:27:01.400  [VAL_FINETUNE_DTVU_STEPS_3] epoch_36  
2025-02-26 22:27:01.400  =============================================  
2025-02-26 22:27:01.400  val_finetune_dtvu_steps_3/loss = 3.1525  
2025-02-26 22:27:01.400  val_finetune_dtvu_steps_3/acc@01 = 0.2958  
2025-02-26 22:27:01.400  val_finetune_dtvu_steps_3/acc@05 = 0.6208  
2025-02-26 22:27:01.400  val_finetune_dtvu_steps_3/acc@10 = 0.7458  
2025-02-26 22:27:01.400  val_finetune_dtvu_steps_3/acc@20 = 0.8417  
2025-02-26 22:27:01.400  
  
2025-02-26 22:27:01.947  
  
2025-02-26 22:27:01.947  [TRN] epoch_37  
2025-02-26 22:27:01.947  =============================================  
2025-02-26 22:27:01.947  trn/loss = 2.8163  
2025-02-26 22:27:01.947  trn/acc@01 = 0.2879  
2025-02-26 22:27:01.947  trn/acc@05 = 0.6675  
2025-02-26 22:27:01.947  trn/acc@10 = 0.7806  
2025-02-26 22:27:01.947  trn/acc@20 = 0.8786  
2025-02-26 22:27:01.949  
  
2025-02-26 22:27:02.000  
  
2025-02-26 22:27:02.000  [VAL_FINETUNE_DTVU_STEPS_1] epoch_37  
2025-02-26 22:27:02.000  =============================================  
2025-02-26 22:27:02.000  val_finetune_dtvu_steps_1/loss = 3.1668  
2025-02-26 22:27:02.000  val_finetune_dtvu_steps_1/acc@01 = 0.2500  
2025-02-26 22:27:02.000  val_finetune_dtvu_steps_1/acc@05 = 0.6500  
2025-02-26 22:27:02.000  val_finetune_dtvu_steps_1/acc@10 = 0.7875  
2025-02-26 22:27:02.000  val_finetune_dtvu_steps_1/acc@20 = 0.8625  
2025-02-26 22:27:02.000  
  
2025-02-26 22:27:02.071  
  
2025-02-26 22:27:02.071  [VAL_FINETUNE_DTVU_STEPS_3] epoch_37  
2025-02-26 22:27:02.071  =============================================  
2025-02-26 22:27:02.071  val_finetune_dtvu_steps_3/loss = 3.2237  
2025-02-26 22:27:02.071  val_finetune_dtvu_steps_3/acc@01 = 0.3042  
2025-02-26 22:27:02.071  val_finetune_dtvu_steps_3/acc@05 = 0.6500  
2025-02-26 22:27:02.071  val_finetune_dtvu_steps_3/acc@10 = 0.7667  
2025-02-26 22:27:02.071  val_finetune_dtvu_steps_3/acc@20 = 0.8333  
2025-02-26 22:27:02.071  
  
2025-02-26 22:27:02.647  
  
2025-02-26 22:27:02.647  [TRN] epoch_38  
2025-02-26 22:27:02.647  =============================================  
2025-02-26 22:27:02.647  trn/loss = 2.8294  
2025-02-26 22:27:02.647  trn/acc@01 = 0.2952  
2025-02-26 22:27:02.647  trn/acc@05 = 0.6635  
2025-02-26 22:27:02.647  trn/acc@10 = 0.7778  
2025-02-26 22:27:02.647  trn/acc@20 = 0.8830  
2025-02-26 22:27:02.649  
  
2025-02-26 22:27:02.710  
  
2025-02-26 22:27:02.710  [VAL_FINETUNE_DTVU_STEPS_1] epoch_38  
2025-02-26 22:27:02.710  =============================================  
2025-02-26 22:27:02.710  val_finetune_dtvu_steps_1/loss = 3.2188  
2025-02-26 22:27:02.710  val_finetune_dtvu_steps_1/acc@01 = 0.2500  
2025-02-26 22:27:02.710  val_finetune_dtvu_steps_1/acc@05 = 0.6625  
2025-02-26 22:27:02.710  val_finetune_dtvu_steps_1/acc@10 = 0.7875  
2025-02-26 22:27:02.711  val_finetune_dtvu_steps_1/acc@20 = 0.8625  
2025-02-26 22:27:02.711  
  
2025-02-26 22:27:02.771  
  
2025-02-26 22:27:02.771  [VAL_FINETUNE_DTVU_STEPS_3] epoch_38  
2025-02-26 22:27:02.771  =============================================  
2025-02-26 22:27:02.771  val_finetune_dtvu_steps_3/loss = 3.1789  
2025-02-26 22:27:02.771  val_finetune_dtvu_steps_3/acc@01 = 0.3000  
2025-02-26 22:27:02.771  val_finetune_dtvu_steps_3/acc@05 = 0.6708  
2025-02-26 22:27:02.771  val_finetune_dtvu_steps_3/acc@10 = 0.7750  
2025-02-26 22:27:02.771  val_finetune_dtvu_steps_3/acc@20 = 0.8375  
2025-02-26 22:27:02.771  
  
2025-02-26 22:27:03.333  
  
2025-02-26 22:27:03.333  [TRN] epoch_39  
2025-02-26 22:27:03.333  =============================================  
2025-02-26 22:27:03.333  trn/loss = 2.8117  
2025-02-26 22:27:03.333  trn/acc@01 = 0.2900  
2025-02-26 22:27:03.333  trn/acc@05 = 0.6610  
2025-02-26 22:27:03.333  trn/acc@10 = 0.7905  
2025-02-26 22:27:03.333  trn/acc@20 = 0.8752  
2025-02-26 22:27:03.333  
  
2025-02-26 22:27:03.393  
  
2025-02-26 22:27:03.393  [VAL_FINETUNE_DTVU_STEPS_1] epoch_39  
2025-02-26 22:27:03.393  =============================================  
2025-02-26 22:27:03.393  val_finetune_dtvu_steps_1/loss = 3.1573  
2025-02-26 22:27:03.393  val_finetune_dtvu_steps_1/acc@01 = 0.3250  
2025-02-26 22:27:03.393  val_finetune_dtvu_steps_1/acc@05 = 0.6250  
2025-02-26 22:27:03.393  val_finetune_dtvu_steps_1/acc@10 = 0.7625  
2025-02-26 22:27:03.393  val_finetune_dtvu_steps_1/acc@20 = 0.8625  
2025-02-26 22:27:03.395  
  
2025-02-26 22:27:03.460  
  
2025-02-26 22:27:03.460  [VAL_FINETUNE_DTVU_STEPS_3] epoch_39  
2025-02-26 22:27:03.460  =============================================  
2025-02-26 22:27:03.460  val_finetune_dtvu_steps_3/loss = 3.1968  
2025-02-26 22:27:03.460  val_finetune_dtvu_steps_3/acc@01 = 0.3167  
2025-02-26 22:27:03.460  val_finetune_dtvu_steps_3/acc@05 = 0.6250  
2025-02-26 22:27:03.460  val_finetune_dtvu_steps_3/acc@10 = 0.7375  
2025-02-26 22:27:03.460  val_finetune_dtvu_steps_3/acc@20 = 0.8417  
2025-02-26 22:27:03.461  
  
