2025-02-27 02:40:51.055  
  
2025-02-27 02:40:51.056  [TRN] epoch_00  
2025-02-27 02:40:51.056  =============================================  
2025-02-27 02:40:51.056  trn/loss = 5.7711  
2025-02-27 02:40:51.056  trn/acc@01 = 0.0451  
2025-02-27 02:40:51.056  trn/acc@05 = 0.1941  
2025-02-27 02:40:51.056  trn/acc@10 = 0.2353  
2025-02-27 02:40:51.056  trn/acc@20 = 0.2824  
2025-02-27 02:40:51.056  
  
2025-02-27 02:40:51.091  
  
2025-02-27 02:40:51.091  [VAL_FINETUNE_DTVU_STEPS_1] epoch_00  
2025-02-27 02:40:51.091  =============================================  
2025-02-27 02:40:51.091  val_finetune_dtvu_steps_1/loss = 4.6792  
2025-02-27 02:40:51.091  val_finetune_dtvu_steps_1/acc@01 = 0.1000  
2025-02-27 02:40:51.091  val_finetune_dtvu_steps_1/acc@05 = 0.4000  
2025-02-27 02:40:51.099  val_finetune_dtvu_steps_1/acc@10 = 0.6000  
2025-02-27 02:40:51.099  val_finetune_dtvu_steps_1/acc@20 = 0.7000  
2025-02-27 02:40:51.099  
  
2025-02-27 02:40:51.137  
  
2025-02-27 02:40:51.137  [VAL_FINETUNE_DTVU_STEPS_3] epoch_00  
2025-02-27 02:40:51.138  =============================================  
2025-02-27 02:40:51.138  val_finetune_dtvu_steps_3/loss = 4.8543  
2025-02-27 02:40:51.138  val_finetune_dtvu_steps_3/acc@01 = 0.0500  
2025-02-27 02:40:51.138  val_finetune_dtvu_steps_3/acc@05 = 0.3333  
2025-02-27 02:40:51.138  val_finetune_dtvu_steps_3/acc@10 = 0.5167  
2025-02-27 02:40:51.138  val_finetune_dtvu_steps_3/acc@20 = 0.6167  
2025-02-27 02:40:51.138  
  
2025-02-27 02:40:51.466  
  
2025-02-27 02:40:51.466  [TRN] epoch_01  
2025-02-27 02:40:51.467  =============================================  
2025-02-27 02:40:51.467  trn/loss = 4.9639  
2025-02-27 02:40:51.467  trn/acc@01 = 0.1096  
2025-02-27 02:40:51.467  trn/acc@05 = 0.2939  
2025-02-27 02:40:51.467  trn/acc@10 = 0.4104  
2025-02-27 02:40:51.467  trn/acc@20 = 0.5130  
2025-02-27 02:40:51.467  
  
2025-02-27 02:40:51.505  
  
2025-02-27 02:40:51.505  [VAL_FINETUNE_DTVU_STEPS_1] epoch_01  
2025-02-27 02:40:51.505  =============================================  
2025-02-27 02:40:51.505  val_finetune_dtvu_steps_1/loss = 3.9132  
2025-02-27 02:40:51.505  val_finetune_dtvu_steps_1/acc@01 = 0.2500  
2025-02-27 02:40:51.506  val_finetune_dtvu_steps_1/acc@05 = 0.4000  
2025-02-27 02:40:51.506  val_finetune_dtvu_steps_1/acc@10 = 0.7000  
2025-02-27 02:40:51.506  val_finetune_dtvu_steps_1/acc@20 = 0.7500  
2025-02-27 02:40:51.506  
  
2025-02-27 02:40:51.551  
  
2025-02-27 02:40:51.552  [VAL_FINETUNE_DTVU_STEPS_3] epoch_01  
2025-02-27 02:40:51.552  =============================================  
2025-02-27 02:40:51.552  val_finetune_dtvu_steps_3/loss = 4.1553  
2025-02-27 02:40:51.552  val_finetune_dtvu_steps_3/acc@01 = 0.2167  
2025-02-27 02:40:51.552  val_finetune_dtvu_steps_3/acc@05 = 0.3333  
2025-02-27 02:40:51.552  val_finetune_dtvu_steps_3/acc@10 = 0.6667  
2025-02-27 02:40:51.552  val_finetune_dtvu_steps_3/acc@20 = 0.7167  
2025-02-27 02:40:51.552  
  
2025-02-27 02:40:51.861  
  
2025-02-27 02:40:51.862  [TRN] epoch_02  
2025-02-27 02:40:51.862  =============================================  
2025-02-27 02:40:51.862  trn/loss = 4.2942  
2025-02-27 02:40:51.862  trn/acc@01 = 0.2283  
2025-02-27 02:40:51.862  trn/acc@05 = 0.3939  
2025-02-27 02:40:51.862  trn/acc@10 = 0.5030  
2025-02-27 02:40:51.862  trn/acc@20 = 0.5859  
2025-02-27 02:40:51.862  
  
2025-02-27 02:40:51.897  
  
2025-02-27 02:40:51.897  [VAL_FINETUNE_DTVU_STEPS_1] epoch_02  
2025-02-27 02:40:51.897  =============================================  
2025-02-27 02:40:51.898  val_finetune_dtvu_steps_1/loss = 3.6193  
2025-02-27 02:40:51.898  val_finetune_dtvu_steps_1/acc@01 = 0.3000  
2025-02-27 02:40:51.898  val_finetune_dtvu_steps_1/acc@05 = 0.5500  
2025-02-27 02:40:51.898  val_finetune_dtvu_steps_1/acc@10 = 0.7000  
2025-02-27 02:40:51.898  val_finetune_dtvu_steps_1/acc@20 = 0.7500  
2025-02-27 02:40:51.898  
  
2025-02-27 02:40:51.934  
  
2025-02-27 02:40:51.935  [VAL_FINETUNE_DTVU_STEPS_3] epoch_02  
2025-02-27 02:40:51.935  =============================================  
2025-02-27 02:40:51.935  val_finetune_dtvu_steps_3/loss = 3.7956  
2025-02-27 02:40:51.935  val_finetune_dtvu_steps_3/acc@01 = 0.2667  
2025-02-27 02:40:51.935  val_finetune_dtvu_steps_3/acc@05 = 0.5667  
2025-02-27 02:40:51.935  val_finetune_dtvu_steps_3/acc@10 = 0.6667  
2025-02-27 02:40:51.935  val_finetune_dtvu_steps_3/acc@20 = 0.7667  
2025-02-27 02:40:51.935  
  
2025-02-27 02:40:52.250  
  
2025-02-27 02:40:52.250  [TRN] epoch_03  
2025-02-27 02:40:52.251  =============================================  
2025-02-27 02:40:52.251  trn/loss = 3.9167  
2025-02-27 02:40:52.251  trn/acc@01 = 0.2596  
2025-02-27 02:40:52.251  trn/acc@05 = 0.5077  
2025-02-27 02:40:52.251  trn/acc@10 = 0.5577  
2025-02-27 02:40:52.251  trn/acc@20 = 0.6385  
2025-02-27 02:40:52.251  
  
2025-02-27 02:40:52.294  
  
2025-02-27 02:40:52.294  [VAL_FINETUNE_DTVU_STEPS_1] epoch_03  
2025-02-27 02:40:52.294  =============================================  
2025-02-27 02:40:52.294  val_finetune_dtvu_steps_1/loss = 3.3208  
2025-02-27 02:40:52.294  val_finetune_dtvu_steps_1/acc@01 = 0.3500  
2025-02-27 02:40:52.294  val_finetune_dtvu_steps_1/acc@05 = 0.7000  
2025-02-27 02:40:52.294  val_finetune_dtvu_steps_1/acc@10 = 0.7500  
2025-02-27 02:40:52.294  val_finetune_dtvu_steps_1/acc@20 = 0.7500  
2025-02-27 02:40:52.294  
  
2025-02-27 02:40:52.339  
  
2025-02-27 02:40:52.339  [VAL_FINETUNE_DTVU_STEPS_3] epoch_03  
2025-02-27 02:40:52.339  =============================================  
2025-02-27 02:40:52.339  val_finetune_dtvu_steps_3/loss = 3.5474  
2025-02-27 02:40:52.340  val_finetune_dtvu_steps_3/acc@01 = 0.3500  
2025-02-27 02:40:52.340  val_finetune_dtvu_steps_3/acc@05 = 0.6333  
2025-02-27 02:40:52.340  val_finetune_dtvu_steps_3/acc@10 = 0.7333  
2025-02-27 02:40:52.340  val_finetune_dtvu_steps_3/acc@20 = 0.7667  
2025-02-27 02:40:52.340  
  
2025-02-27 02:40:52.653  
  
2025-02-27 02:40:52.653  [TRN] epoch_04  
2025-02-27 02:40:52.654  =============================================  
2025-02-27 02:40:52.654  trn/loss = 3.7442  
2025-02-27 02:40:52.654  trn/acc@01 = 0.2816  
2025-02-27 02:40:52.654  trn/acc@05 = 0.5367  
2025-02-27 02:40:52.654  trn/acc@10 = 0.6184  
2025-02-27 02:40:52.654  trn/acc@20 = 0.6959  
2025-02-27 02:40:52.654  
  
2025-02-27 02:40:52.690  
  
2025-02-27 02:40:52.691  [VAL_FINETUNE_DTVU_STEPS_1] epoch_04  
2025-02-27 02:40:52.691  =============================================  
2025-02-27 02:40:52.691  val_finetune_dtvu_steps_1/loss = 3.0587  
2025-02-27 02:40:52.691  val_finetune_dtvu_steps_1/acc@01 = 0.4000  
2025-02-27 02:40:52.691  val_finetune_dtvu_steps_1/acc@05 = 0.8000  
2025-02-27 02:40:52.691  val_finetune_dtvu_steps_1/acc@10 = 0.8500  
2025-02-27 02:40:52.691  val_finetune_dtvu_steps_1/acc@20 = 0.8500  
2025-02-27 02:40:52.691  
  
2025-02-27 02:40:52.728  
  
2025-02-27 02:40:52.729  [VAL_FINETUNE_DTVU_STEPS_3] epoch_04  
2025-02-27 02:40:52.729  =============================================  
2025-02-27 02:40:52.729  val_finetune_dtvu_steps_3/loss = 3.3785  
2025-02-27 02:40:52.729  val_finetune_dtvu_steps_3/acc@01 = 0.3833  
2025-02-27 02:40:52.729  val_finetune_dtvu_steps_3/acc@05 = 0.7000  
2025-02-27 02:40:52.729  val_finetune_dtvu_steps_3/acc@10 = 0.7667  
2025-02-27 02:40:52.729  val_finetune_dtvu_steps_3/acc@20 = 0.7667  
2025-02-27 02:40:52.729  
  
2025-02-27 02:40:53.055  
  
2025-02-27 02:40:53.055  [TRN] epoch_05  
2025-02-27 02:40:53.055  =============================================  
2025-02-27 02:40:53.055  trn/loss = 3.6299  
2025-02-27 02:40:53.055  trn/acc@01 = 0.2830  
2025-02-27 02:40:53.055  trn/acc@05 = 0.5717  
2025-02-27 02:40:53.055  trn/acc@10 = 0.6491  
2025-02-27 02:40:53.055  trn/acc@20 = 0.7340  
2025-02-27 02:40:53.055  
  
2025-02-27 02:40:53.089  
  
2025-02-27 02:40:53.090  [VAL_FINETUNE_DTVU_STEPS_1] epoch_05  
2025-02-27 02:40:53.090  =============================================  
2025-02-27 02:40:53.090  val_finetune_dtvu_steps_1/loss = 2.9272  
2025-02-27 02:40:53.090  val_finetune_dtvu_steps_1/acc@01 = 0.3500  
2025-02-27 02:40:53.090  val_finetune_dtvu_steps_1/acc@05 = 0.8000  
2025-02-27 02:40:53.090  val_finetune_dtvu_steps_1/acc@10 = 0.8500  
2025-02-27 02:40:53.090  val_finetune_dtvu_steps_1/acc@20 = 0.8500  
2025-02-27 02:40:53.090  
  
2025-02-27 02:40:53.130  
  
2025-02-27 02:40:53.131  [VAL_FINETUNE_DTVU_STEPS_3] epoch_05  
2025-02-27 02:40:53.131  =============================================  
2025-02-27 02:40:53.131  val_finetune_dtvu_steps_3/loss = 3.1984  
2025-02-27 02:40:53.131  val_finetune_dtvu_steps_3/acc@01 = 0.3500  
2025-02-27 02:40:53.131  val_finetune_dtvu_steps_3/acc@05 = 0.7333  
2025-02-27 02:40:53.131  val_finetune_dtvu_steps_3/acc@10 = 0.7667  
2025-02-27 02:40:53.131  val_finetune_dtvu_steps_3/acc@20 = 0.7667  
2025-02-27 02:40:53.131  
  
2025-02-27 02:40:53.439  
  
2025-02-27 02:40:53.439  [TRN] epoch_06  
2025-02-27 02:40:53.440  =============================================  
2025-02-27 02:40:53.440  trn/loss = 3.6533  
2025-02-27 02:40:53.440  trn/acc@01 = 0.2780  
2025-02-27 02:40:53.440  trn/acc@05 = 0.5540  
2025-02-27 02:40:53.440  trn/acc@10 = 0.6360  
2025-02-27 02:40:53.440  trn/acc@20 = 0.7360  
2025-02-27 02:40:53.440  
  
2025-02-27 02:40:53.475  
  
2025-02-27 02:40:53.476  [VAL_FINETUNE_DTVU_STEPS_1] epoch_06  
2025-02-27 02:40:53.476  =============================================  
2025-02-27 02:40:53.476  val_finetune_dtvu_steps_1/loss = 2.9901  
2025-02-27 02:40:53.476  val_finetune_dtvu_steps_1/acc@01 = 0.4000  
2025-02-27 02:40:53.476  val_finetune_dtvu_steps_1/acc@05 = 0.8000  
2025-02-27 02:40:53.477  val_finetune_dtvu_steps_1/acc@10 = 0.8500  
2025-02-27 02:40:53.477  val_finetune_dtvu_steps_1/acc@20 = 0.8500  
2025-02-27 02:40:53.477  
  
2025-02-27 02:40:53.515  
  
2025-02-27 02:40:53.515  [VAL_FINETUNE_DTVU_STEPS_3] epoch_06  
2025-02-27 02:40:53.515  =============================================  
2025-02-27 02:40:53.515  val_finetune_dtvu_steps_3/loss = 3.1746  
2025-02-27 02:40:53.515  val_finetune_dtvu_steps_3/acc@01 = 0.3833  
2025-02-27 02:40:53.515  val_finetune_dtvu_steps_3/acc@05 = 0.7000  
2025-02-27 02:40:53.515  val_finetune_dtvu_steps_3/acc@10 = 0.7667  
2025-02-27 02:40:53.515  val_finetune_dtvu_steps_3/acc@20 = 0.7667  
2025-02-27 02:40:53.515  
  
2025-02-27 02:40:53.840  
  
2025-02-27 02:40:53.840  [TRN] epoch_07  
2025-02-27 02:40:53.840  =============================================  
2025-02-27 02:40:53.840  trn/loss = 3.4542  
2025-02-27 02:40:53.840  trn/acc@01 = 0.2840  
2025-02-27 02:40:53.840  trn/acc@05 = 0.5529  
2025-02-27 02:40:53.840  trn/acc@10 = 0.6739  
2025-02-27 02:40:53.840  trn/acc@20 = 0.7630  
2025-02-27 02:40:53.840  
  
2025-02-27 02:40:53.887  
  
2025-02-27 02:40:53.887  [VAL_FINETUNE_DTVU_STEPS_1] epoch_07  
2025-02-27 02:40:53.887  =============================================  
2025-02-27 02:40:53.887  val_finetune_dtvu_steps_1/loss = 2.8263  
2025-02-27 02:40:53.887  val_finetune_dtvu_steps_1/acc@01 = 0.4000  
2025-02-27 02:40:53.887  val_finetune_dtvu_steps_1/acc@05 = 0.8000  
2025-02-27 02:40:53.887  val_finetune_dtvu_steps_1/acc@10 = 0.8500  
2025-02-27 02:40:53.887  val_finetune_dtvu_steps_1/acc@20 = 0.8500  
2025-02-27 02:40:53.887  
  
2025-02-27 02:40:53.918  
  
2025-02-27 02:40:53.918  [VAL_FINETUNE_DTVU_STEPS_3] epoch_07  
2025-02-27 02:40:53.918  =============================================  
2025-02-27 02:40:53.918  val_finetune_dtvu_steps_3/loss = 3.0352  
2025-02-27 02:40:53.918  val_finetune_dtvu_steps_3/acc@01 = 0.3833  
2025-02-27 02:40:53.918  val_finetune_dtvu_steps_3/acc@05 = 0.7333  
2025-02-27 02:40:53.918  val_finetune_dtvu_steps_3/acc@10 = 0.8000  
2025-02-27 02:40:53.918  val_finetune_dtvu_steps_3/acc@20 = 0.8000  
2025-02-27 02:40:53.918  
  
2025-02-27 02:40:54.259  
  
2025-02-27 02:40:54.259  [TRN] epoch_08  
2025-02-27 02:40:54.259  =============================================  
2025-02-27 02:40:54.259  trn/loss = 3.3339  
2025-02-27 02:40:54.259  trn/acc@01 = 0.2835  
2025-02-27 02:40:54.259  trn/acc@05 = 0.5767  
2025-02-27 02:40:54.259  trn/acc@10 = 0.6835  
2025-02-27 02:40:54.259  trn/acc@20 = 0.8000  
2025-02-27 02:40:54.259  
  
2025-02-27 02:40:54.295  
  
2025-02-27 02:40:54.295  [VAL_FINETUNE_DTVU_STEPS_1] epoch_08  
2025-02-27 02:40:54.295  =============================================  
2025-02-27 02:40:54.295  val_finetune_dtvu_steps_1/loss = 2.8012  
2025-02-27 02:40:54.295  val_finetune_dtvu_steps_1/acc@01 = 0.4000  
2025-02-27 02:40:54.297  val_finetune_dtvu_steps_1/acc@05 = 0.8000  
2025-02-27 02:40:54.297  val_finetune_dtvu_steps_1/acc@10 = 0.8500  
2025-02-27 02:40:54.297  val_finetune_dtvu_steps_1/acc@20 = 0.8500  
2025-02-27 02:40:54.297  
  
2025-02-27 02:40:54.328  
  
2025-02-27 02:40:54.328  [VAL_FINETUNE_DTVU_STEPS_3] epoch_08  
2025-02-27 02:40:54.328  =============================================  
2025-02-27 02:40:54.328  val_finetune_dtvu_steps_3/loss = 2.9701  
2025-02-27 02:40:54.328  val_finetune_dtvu_steps_3/acc@01 = 0.3833  
2025-02-27 02:40:54.328  val_finetune_dtvu_steps_3/acc@05 = 0.7500  
2025-02-27 02:40:54.328  val_finetune_dtvu_steps_3/acc@10 = 0.8000  
2025-02-27 02:40:54.328  val_finetune_dtvu_steps_3/acc@20 = 0.8333  
2025-02-27 02:40:54.328  
  
2025-02-27 02:40:54.644  
  
2025-02-27 02:40:54.644  [TRN] epoch_09  
2025-02-27 02:40:54.644  =============================================  
2025-02-27 02:40:54.644  trn/loss = 3.2687  
2025-02-27 02:40:54.644  trn/acc@01 = 0.2835  
2025-02-27 02:40:54.644  trn/acc@05 = 0.6000  
2025-02-27 02:40:54.644  trn/acc@10 = 0.7126  
2025-02-27 02:40:54.644  trn/acc@20 = 0.8078  
2025-02-27 02:40:54.644  
  
2025-02-27 02:40:54.691  
  
2025-02-27 02:40:54.691  [VAL_FINETUNE_DTVU_STEPS_1] epoch_09  
2025-02-27 02:40:54.691  =============================================  
2025-02-27 02:40:54.691  val_finetune_dtvu_steps_1/loss = 2.7255  
2025-02-27 02:40:54.691  val_finetune_dtvu_steps_1/acc@01 = 0.4000  
2025-02-27 02:40:54.691  val_finetune_dtvu_steps_1/acc@05 = 0.8500  
2025-02-27 02:40:54.691  val_finetune_dtvu_steps_1/acc@10 = 0.8500  
2025-02-27 02:40:54.691  val_finetune_dtvu_steps_1/acc@20 = 0.9000  
2025-02-27 02:40:54.691  
  
2025-02-27 02:40:54.722  
  
2025-02-27 02:40:54.722  [VAL_FINETUNE_DTVU_STEPS_3] epoch_09  
2025-02-27 02:40:54.722  =============================================  
2025-02-27 02:40:54.722  val_finetune_dtvu_steps_3/loss = 2.8980  
2025-02-27 02:40:54.722  val_finetune_dtvu_steps_3/acc@01 = 0.3833  
2025-02-27 02:40:54.722  val_finetune_dtvu_steps_3/acc@05 = 0.7500  
2025-02-27 02:40:54.722  val_finetune_dtvu_steps_3/acc@10 = 0.8000  
2025-02-27 02:40:54.722  val_finetune_dtvu_steps_3/acc@20 = 0.8333  
2025-02-27 02:40:54.722  
  
2025-02-27 02:40:55.063  
  
2025-02-27 02:40:55.063  [TRN] epoch_10  
2025-02-27 02:40:55.063  =============================================  
2025-02-27 02:40:55.063  trn/loss = 3.2580  
2025-02-27 02:40:55.063  trn/acc@01 = 0.2667  
2025-02-27 02:40:55.063  trn/acc@05 = 0.5573  
2025-02-27 02:40:55.063  trn/acc@10 = 0.7094  
2025-02-27 02:40:55.063  trn/acc@20 = 0.8205  
2025-02-27 02:40:55.063  
  
2025-02-27 02:40:55.097  
  
2025-02-27 02:40:55.097  [VAL_FINETUNE_DTVU_STEPS_1] epoch_10  
2025-02-27 02:40:55.097  =============================================  
2025-02-27 02:40:55.097  val_finetune_dtvu_steps_1/loss = 2.7285  
2025-02-27 02:40:55.097  val_finetune_dtvu_steps_1/acc@01 = 0.4000  
2025-02-27 02:40:55.097  val_finetune_dtvu_steps_1/acc@05 = 0.7500  
2025-02-27 02:40:55.097  val_finetune_dtvu_steps_1/acc@10 = 0.8000  
2025-02-27 02:40:55.097  val_finetune_dtvu_steps_1/acc@20 = 0.9000  
2025-02-27 02:40:55.097  
  
2025-02-27 02:40:55.129  
  
2025-02-27 02:40:55.129  [VAL_FINETUNE_DTVU_STEPS_3] epoch_10  
2025-02-27 02:40:55.129  =============================================  
2025-02-27 02:40:55.129  val_finetune_dtvu_steps_3/loss = 2.9948  
2025-02-27 02:40:55.129  val_finetune_dtvu_steps_3/acc@01 = 0.3833  
2025-02-27 02:40:55.129  val_finetune_dtvu_steps_3/acc@05 = 0.7000  
2025-02-27 02:40:55.129  val_finetune_dtvu_steps_3/acc@10 = 0.7667  
2025-02-27 02:40:55.129  val_finetune_dtvu_steps_3/acc@20 = 0.8500  
2025-02-27 02:40:55.129  
  
2025-02-27 02:40:55.460  
  
2025-02-27 02:40:55.460  [TRN] epoch_11  
2025-02-27 02:40:55.460  =============================================  
2025-02-27 02:40:55.460  trn/loss = 3.0865  
2025-02-27 02:40:55.460  trn/acc@01 = 0.2920  
2025-02-27 02:40:55.460  trn/acc@05 = 0.5880  
2025-02-27 02:40:55.460  trn/acc@10 = 0.7140  
2025-02-27 02:40:55.460  trn/acc@20 = 0.8400  
2025-02-27 02:40:55.460  
  
2025-02-27 02:40:55.491  
  
2025-02-27 02:40:55.491  [VAL_FINETUNE_DTVU_STEPS_1] epoch_11  
2025-02-27 02:40:55.491  =============================================  
2025-02-27 02:40:55.491  val_finetune_dtvu_steps_1/loss = 2.6980  
2025-02-27 02:40:55.491  val_finetune_dtvu_steps_1/acc@01 = 0.4000  
2025-02-27 02:40:55.491  val_finetune_dtvu_steps_1/acc@05 = 0.8000  
2025-02-27 02:40:55.491  val_finetune_dtvu_steps_1/acc@10 = 0.8000  
2025-02-27 02:40:55.491  val_finetune_dtvu_steps_1/acc@20 = 0.9000  
2025-02-27 02:40:55.491  
  
2025-02-27 02:40:55.523  
  
2025-02-27 02:40:55.523  [VAL_FINETUNE_DTVU_STEPS_3] epoch_11  
2025-02-27 02:40:55.523  =============================================  
2025-02-27 02:40:55.523  val_finetune_dtvu_steps_3/loss = 2.8987  
2025-02-27 02:40:55.523  val_finetune_dtvu_steps_3/acc@01 = 0.3833  
2025-02-27 02:40:55.523  val_finetune_dtvu_steps_3/acc@05 = 0.7333  
2025-02-27 02:40:55.523  val_finetune_dtvu_steps_3/acc@10 = 0.7833  
2025-02-27 02:40:55.523  val_finetune_dtvu_steps_3/acc@20 = 0.8833  
2025-02-27 02:40:55.523  
  
2025-02-27 02:40:55.855  
  
2025-02-27 02:40:55.855  [TRN] epoch_12  
2025-02-27 02:40:55.855  =============================================  
2025-02-27 02:40:55.855  trn/loss = 3.3284  
2025-02-27 02:40:55.855  trn/acc@01 = 0.2711  
2025-02-27 02:40:55.855  trn/acc@05 = 0.5089  
2025-02-27 02:40:55.855  trn/acc@10 = 0.6422  
2025-02-27 02:40:55.855  trn/acc@20 = 0.8067  
2025-02-27 02:40:55.855  
  
2025-02-27 02:40:55.887  
  
2025-02-27 02:40:55.887  [VAL_FINETUNE_DTVU_STEPS_1] epoch_12  
2025-02-27 02:40:55.887  =============================================  
2025-02-27 02:40:55.887  val_finetune_dtvu_steps_1/loss = 2.8542  
2025-02-27 02:40:55.887  val_finetune_dtvu_steps_1/acc@01 = 0.4000  
2025-02-27 02:40:55.887  val_finetune_dtvu_steps_1/acc@05 = 0.8000  
2025-02-27 02:40:55.887  val_finetune_dtvu_steps_1/acc@10 = 0.8000  
2025-02-27 02:40:55.887  val_finetune_dtvu_steps_1/acc@20 = 0.9000  
2025-02-27 02:40:55.887  
  
2025-02-27 02:40:55.934  
  
2025-02-27 02:40:55.934  [VAL_FINETUNE_DTVU_STEPS_3] epoch_12  
2025-02-27 02:40:55.934  =============================================  
2025-02-27 02:40:55.934  val_finetune_dtvu_steps_3/loss = 3.0179  
2025-02-27 02:40:55.934  val_finetune_dtvu_steps_3/acc@01 = 0.3833  
2025-02-27 02:40:55.934  val_finetune_dtvu_steps_3/acc@05 = 0.7667  
2025-02-27 02:40:55.934  val_finetune_dtvu_steps_3/acc@10 = 0.7667  
2025-02-27 02:40:55.934  val_finetune_dtvu_steps_3/acc@20 = 0.8333  
2025-02-27 02:40:55.934  
  
2025-02-27 02:40:56.266  
  
2025-02-27 02:40:56.266  [TRN] epoch_13  
2025-02-27 02:40:56.266  =============================================  
2025-02-27 02:40:56.266  trn/loss = 3.0779  
2025-02-27 02:40:56.266  trn/acc@01 = 0.2980  
2025-02-27 02:40:56.266  trn/acc@05 = 0.5840  
2025-02-27 02:40:56.266  trn/acc@10 = 0.7260  
2025-02-27 02:40:56.266  trn/acc@20 = 0.8620  
2025-02-27 02:40:56.266  
  
2025-02-27 02:40:56.303  
  
2025-02-27 02:40:56.303  [VAL_FINETUNE_DTVU_STEPS_1] epoch_13  
2025-02-27 02:40:56.303  =============================================  
2025-02-27 02:40:56.303  val_finetune_dtvu_steps_1/loss = 2.6851  
2025-02-27 02:40:56.303  val_finetune_dtvu_steps_1/acc@01 = 0.4000  
2025-02-27 02:40:56.303  val_finetune_dtvu_steps_1/acc@05 = 0.8000  
2025-02-27 02:40:56.303  val_finetune_dtvu_steps_1/acc@10 = 0.8500  
2025-02-27 02:40:56.303  val_finetune_dtvu_steps_1/acc@20 = 0.9000  
2025-02-27 02:40:56.303  
  
2025-02-27 02:40:56.346  
  
2025-02-27 02:40:56.346  [VAL_FINETUNE_DTVU_STEPS_3] epoch_13  
2025-02-27 02:40:56.346  =============================================  
2025-02-27 02:40:56.346  val_finetune_dtvu_steps_3/loss = 2.8630  
2025-02-27 02:40:56.346  val_finetune_dtvu_steps_3/acc@01 = 0.3833  
2025-02-27 02:40:56.346  val_finetune_dtvu_steps_3/acc@05 = 0.7667  
2025-02-27 02:40:56.346  val_finetune_dtvu_steps_3/acc@10 = 0.8000  
2025-02-27 02:40:56.346  val_finetune_dtvu_steps_3/acc@20 = 0.8333  
2025-02-27 02:40:56.346  
  
2025-02-27 02:40:56.678  
  
2025-02-27 02:40:56.678  [TRN] epoch_14  
2025-02-27 02:40:56.678  =============================================  
2025-02-27 02:40:56.678  trn/loss = 3.1974  
2025-02-27 02:40:56.678  trn/acc@01 = 0.2804  
2025-02-27 02:40:56.678  trn/acc@05 = 0.5255  
2025-02-27 02:40:56.678  trn/acc@10 = 0.6784  
2025-02-27 02:40:56.678  trn/acc@20 = 0.8431  
2025-02-27 02:40:56.678  
  
2025-02-27 02:40:56.716  
  
2025-02-27 02:40:56.716  [VAL_FINETUNE_DTVU_STEPS_1] epoch_14  
2025-02-27 02:40:56.716  =============================================  
2025-02-27 02:40:56.716  val_finetune_dtvu_steps_1/loss = 2.7616  
2025-02-27 02:40:56.716  val_finetune_dtvu_steps_1/acc@01 = 0.4000  
2025-02-27 02:40:56.716  val_finetune_dtvu_steps_1/acc@05 = 0.8000  
2025-02-27 02:40:56.716  val_finetune_dtvu_steps_1/acc@10 = 0.8500  
2025-02-27 02:40:56.716  val_finetune_dtvu_steps_1/acc@20 = 0.9000  
2025-02-27 02:40:56.716  
  
2025-02-27 02:40:56.757  
  
2025-02-27 02:40:56.757  [VAL_FINETUNE_DTVU_STEPS_3] epoch_14  
2025-02-27 02:40:56.757  =============================================  
2025-02-27 02:40:56.757  val_finetune_dtvu_steps_3/loss = 2.9161  
2025-02-27 02:40:56.757  val_finetune_dtvu_steps_3/acc@01 = 0.3833  
2025-02-27 02:40:56.757  val_finetune_dtvu_steps_3/acc@05 = 0.7167  
2025-02-27 02:40:56.757  val_finetune_dtvu_steps_3/acc@10 = 0.7833  
2025-02-27 02:40:56.757  val_finetune_dtvu_steps_3/acc@20 = 0.8333  
2025-02-27 02:40:56.757  
  
2025-02-27 02:40:57.089  
  
2025-02-27 02:40:57.089  [TRN] epoch_15  
2025-02-27 02:40:57.089  =============================================  
2025-02-27 02:40:57.089  trn/loss = 2.9768  
2025-02-27 02:40:57.089  trn/acc@01 = 0.2947  
2025-02-27 02:40:57.089  trn/acc@05 = 0.6042  
2025-02-27 02:40:57.089  trn/acc@10 = 0.7221  
2025-02-27 02:40:57.089  trn/acc@20 = 0.8484  
2025-02-27 02:40:57.089  
  
2025-02-27 02:40:57.136  
  
2025-02-27 02:40:57.136  [VAL_FINETUNE_DTVU_STEPS_1] epoch_15  
2025-02-27 02:40:57.136  =============================================  
2025-02-27 02:40:57.136  val_finetune_dtvu_steps_1/loss = 2.6437  
2025-02-27 02:40:57.136  val_finetune_dtvu_steps_1/acc@01 = 0.4000  
2025-02-27 02:40:57.136  val_finetune_dtvu_steps_1/acc@05 = 0.8500  
2025-02-27 02:40:57.136  val_finetune_dtvu_steps_1/acc@10 = 0.8500  
2025-02-27 02:40:57.136  val_finetune_dtvu_steps_1/acc@20 = 0.8500  
2025-02-27 02:40:57.136  
  
2025-02-27 02:40:57.168  
  
2025-02-27 02:40:57.168  [VAL_FINETUNE_DTVU_STEPS_3] epoch_15  
2025-02-27 02:40:57.168  =============================================  
2025-02-27 02:40:57.168  val_finetune_dtvu_steps_3/loss = 2.8671  
2025-02-27 02:40:57.168  val_finetune_dtvu_steps_3/acc@01 = 0.3833  
2025-02-27 02:40:57.168  val_finetune_dtvu_steps_3/acc@05 = 0.7500  
2025-02-27 02:40:57.168  val_finetune_dtvu_steps_3/acc@10 = 0.8000  
2025-02-27 02:40:57.168  val_finetune_dtvu_steps_3/acc@20 = 0.8000  
2025-02-27 02:40:57.168  
  
2025-02-27 02:40:57.518  
  
2025-02-27 02:40:57.518  [TRN] epoch_16  
2025-02-27 02:40:57.518  =============================================  
2025-02-27 02:40:57.518  trn/loss = 3.0234  
2025-02-27 02:40:57.518  trn/acc@01 = 0.2747  
2025-02-27 02:40:57.518  trn/acc@05 = 0.5802  
2025-02-27 02:40:57.518  trn/acc@10 = 0.7209  
2025-02-27 02:40:57.518  trn/acc@20 = 0.8462  
2025-02-27 02:40:57.518  
  
2025-02-27 02:40:57.549  
  
2025-02-27 02:40:57.549  [VAL_FINETUNE_DTVU_STEPS_1] epoch_16  
2025-02-27 02:40:57.549  =============================================  
2025-02-27 02:40:57.549  val_finetune_dtvu_steps_1/loss = 2.7917  
2025-02-27 02:40:57.549  val_finetune_dtvu_steps_1/acc@01 = 0.4000  
2025-02-27 02:40:57.549  val_finetune_dtvu_steps_1/acc@05 = 0.8000  
2025-02-27 02:40:57.549  val_finetune_dtvu_steps_1/acc@10 = 0.8500  
2025-02-27 02:40:57.549  val_finetune_dtvu_steps_1/acc@20 = 0.8500  
2025-02-27 02:40:57.549  
  
2025-02-27 02:40:57.597  
  
2025-02-27 02:40:57.597  [VAL_FINETUNE_DTVU_STEPS_3] epoch_16  
2025-02-27 02:40:57.597  =============================================  
2025-02-27 02:40:57.597  val_finetune_dtvu_steps_3/loss = 2.9166  
2025-02-27 02:40:57.597  val_finetune_dtvu_steps_3/acc@01 = 0.3833  
2025-02-27 02:40:57.597  val_finetune_dtvu_steps_3/acc@05 = 0.7333  
2025-02-27 02:40:57.597  val_finetune_dtvu_steps_3/acc@10 = 0.7833  
2025-02-27 02:40:57.597  val_finetune_dtvu_steps_3/acc@20 = 0.8000  
2025-02-27 02:40:57.597  
  
2025-02-27 02:40:57.917  
  
2025-02-27 02:40:57.917  [TRN] epoch_17  
2025-02-27 02:40:57.917  =============================================  
2025-02-27 02:40:57.917  trn/loss = 2.9709  
2025-02-27 02:40:57.917  trn/acc@01 = 0.2973  
2025-02-27 02:40:57.917  trn/acc@05 = 0.5856  
2025-02-27 02:40:57.917  trn/acc@10 = 0.7261  
2025-02-27 02:40:57.917  trn/acc@20 = 0.8450  
2025-02-27 02:40:57.917  
  
2025-02-27 02:40:57.948  
  
2025-02-27 02:40:57.948  [VAL_FINETUNE_DTVU_STEPS_1] epoch_17  
2025-02-27 02:40:57.948  =============================================  
2025-02-27 02:40:57.948  val_finetune_dtvu_steps_1/loss = 2.7405  
2025-02-27 02:40:57.948  val_finetune_dtvu_steps_1/acc@01 = 0.4000  
2025-02-27 02:40:57.948  val_finetune_dtvu_steps_1/acc@05 = 0.8000  
2025-02-27 02:40:57.948  val_finetune_dtvu_steps_1/acc@10 = 0.8500  
2025-02-27 02:40:57.948  val_finetune_dtvu_steps_1/acc@20 = 0.8500  
2025-02-27 02:40:57.948  
  
2025-02-27 02:40:57.986  
  
2025-02-27 02:40:57.986  [VAL_FINETUNE_DTVU_STEPS_3] epoch_17  
2025-02-27 02:40:57.986  =============================================  
2025-02-27 02:40:57.986  val_finetune_dtvu_steps_3/loss = 2.9029  
2025-02-27 02:40:57.986  val_finetune_dtvu_steps_3/acc@01 = 0.3833  
2025-02-27 02:40:57.986  val_finetune_dtvu_steps_3/acc@05 = 0.7333  
2025-02-27 02:40:57.986  val_finetune_dtvu_steps_3/acc@10 = 0.8000  
2025-02-27 02:40:57.986  val_finetune_dtvu_steps_3/acc@20 = 0.8000  
2025-02-27 02:40:57.986  
  
2025-02-27 02:40:58.332  
  
2025-02-27 02:40:58.332  [TRN] epoch_18  
2025-02-27 02:40:58.332  =============================================  
2025-02-27 02:40:58.332  trn/loss = 2.8954  
2025-02-27 02:40:58.332  trn/acc@01 = 0.3250  
2025-02-27 02:40:58.332  trn/acc@05 = 0.6154  
2025-02-27 02:40:58.332  trn/acc@10 = 0.7577  
2025-02-27 02:40:58.332  trn/acc@20 = 0.8788  
2025-02-27 02:40:58.332  
  
2025-02-27 02:40:58.364  
  
2025-02-27 02:40:58.364  [VAL_FINETUNE_DTVU_STEPS_1] epoch_18  
2025-02-27 02:40:58.364  =============================================  
2025-02-27 02:40:58.364  val_finetune_dtvu_steps_1/loss = 2.7310  
2025-02-27 02:40:58.364  val_finetune_dtvu_steps_1/acc@01 = 0.4000  
2025-02-27 02:40:58.364  val_finetune_dtvu_steps_1/acc@05 = 0.8000  
2025-02-27 02:40:58.364  val_finetune_dtvu_steps_1/acc@10 = 0.8500  
2025-02-27 02:40:58.364  val_finetune_dtvu_steps_1/acc@20 = 0.8500  
2025-02-27 02:40:58.364  
  
2025-02-27 02:40:58.412  
  
2025-02-27 02:40:58.412  [VAL_FINETUNE_DTVU_STEPS_3] epoch_18  
2025-02-27 02:40:58.412  =============================================  
2025-02-27 02:40:58.412  val_finetune_dtvu_steps_3/loss = 2.9237  
2025-02-27 02:40:58.412  val_finetune_dtvu_steps_3/acc@01 = 0.3833  
2025-02-27 02:40:58.412  val_finetune_dtvu_steps_3/acc@05 = 0.7167  
2025-02-27 02:40:58.412  val_finetune_dtvu_steps_3/acc@10 = 0.7833  
2025-02-27 02:40:58.412  val_finetune_dtvu_steps_3/acc@20 = 0.8167  
2025-02-27 02:40:58.412  
  
2025-02-27 02:40:58.730  
  
2025-02-27 02:40:58.730  [TRN] epoch_19  
2025-02-27 02:40:58.730  =============================================  
2025-02-27 02:40:58.730  trn/loss = 2.8528  
2025-02-27 02:40:58.730  trn/acc@01 = 0.3243  
2025-02-27 02:40:58.730  trn/acc@05 = 0.6252  
2025-02-27 02:40:58.730  trn/acc@10 = 0.7405  
2025-02-27 02:40:58.740  trn/acc@20 = 0.8775  
2025-02-27 02:40:58.740  
  
2025-02-27 02:40:58.762  
  
2025-02-27 02:40:58.762  [VAL_FINETUNE_DTVU_STEPS_1] epoch_19  
2025-02-27 02:40:58.762  =============================================  
2025-02-27 02:40:58.762  val_finetune_dtvu_steps_1/loss = 2.7461  
2025-02-27 02:40:58.762  val_finetune_dtvu_steps_1/acc@01 = 0.4000  
2025-02-27 02:40:58.762  val_finetune_dtvu_steps_1/acc@05 = 0.7500  
2025-02-27 02:40:58.762  val_finetune_dtvu_steps_1/acc@10 = 0.8000  
2025-02-27 02:40:58.762  val_finetune_dtvu_steps_1/acc@20 = 0.8500  
2025-02-27 02:40:58.762  
  
2025-02-27 02:40:58.810  
  
2025-02-27 02:40:58.810  [VAL_FINETUNE_DTVU_STEPS_3] epoch_19  
2025-02-27 02:40:58.810  =============================================  
2025-02-27 02:40:58.810  val_finetune_dtvu_steps_3/loss = 2.8775  
2025-02-27 02:40:58.810  val_finetune_dtvu_steps_3/acc@01 = 0.3833  
2025-02-27 02:40:58.810  val_finetune_dtvu_steps_3/acc@05 = 0.7500  
2025-02-27 02:40:58.810  val_finetune_dtvu_steps_3/acc@10 = 0.7667  
2025-02-27 02:40:58.810  val_finetune_dtvu_steps_3/acc@20 = 0.8333  
2025-02-27 02:40:58.810  
  
2025-02-27 02:40:59.160  
  
2025-02-27 02:40:59.160  [TRN] epoch_20  
2025-02-27 02:40:59.160  =============================================  
2025-02-27 02:40:59.160  trn/loss = 3.0146  
2025-02-27 02:40:59.160  trn/acc@01 = 0.2933  
2025-02-27 02:40:59.160  trn/acc@05 = 0.5752  
2025-02-27 02:40:59.160  trn/acc@10 = 0.7314  
2025-02-27 02:40:59.160  trn/acc@20 = 0.8438  
2025-02-27 02:40:59.160  
  
2025-02-27 02:40:59.208  
  
2025-02-27 02:40:59.208  [VAL_FINETUNE_DTVU_STEPS_1] epoch_20  
2025-02-27 02:40:59.208  =============================================  
2025-02-27 02:40:59.208  val_finetune_dtvu_steps_1/loss = 2.7714  
2025-02-27 02:40:59.208  val_finetune_dtvu_steps_1/acc@01 = 0.4500  
2025-02-27 02:40:59.208  val_finetune_dtvu_steps_1/acc@05 = 0.7500  
2025-02-27 02:40:59.208  val_finetune_dtvu_steps_1/acc@10 = 0.8000  
2025-02-27 02:40:59.208  val_finetune_dtvu_steps_1/acc@20 = 0.8500  
2025-02-27 02:40:59.208  
  
2025-02-27 02:40:59.255  
  
2025-02-27 02:40:59.255  [VAL_FINETUNE_DTVU_STEPS_3] epoch_20  
2025-02-27 02:40:59.255  =============================================  
2025-02-27 02:40:59.255  val_finetune_dtvu_steps_3/loss = 2.9238  
2025-02-27 02:40:59.255  val_finetune_dtvu_steps_3/acc@01 = 0.3833  
2025-02-27 02:40:59.255  val_finetune_dtvu_steps_3/acc@05 = 0.7500  
2025-02-27 02:40:59.255  val_finetune_dtvu_steps_3/acc@10 = 0.7667  
2025-02-27 02:40:59.255  val_finetune_dtvu_steps_3/acc@20 = 0.8333  
2025-02-27 02:40:59.255  
  
2025-02-27 02:40:59.608  
  
2025-02-27 02:40:59.608  [TRN] epoch_21  
2025-02-27 02:40:59.608  =============================================  
2025-02-27 02:40:59.608  trn/loss = 2.9489  
2025-02-27 02:40:59.608  trn/acc@01 = 0.3041  
2025-02-27 02:40:59.608  trn/acc@05 = 0.5878  
2025-02-27 02:40:59.608  trn/acc@10 = 0.7204  
2025-02-27 02:40:59.608  trn/acc@20 = 0.8510  
2025-02-27 02:40:59.608  
  
2025-02-27 02:40:59.637  
  
2025-02-27 02:40:59.637  [VAL_FINETUNE_DTVU_STEPS_1] epoch_21  
2025-02-27 02:40:59.637  =============================================  
2025-02-27 02:40:59.637  val_finetune_dtvu_steps_1/loss = 2.7856  
2025-02-27 02:40:59.637  val_finetune_dtvu_steps_1/acc@01 = 0.4000  
2025-02-27 02:40:59.637  val_finetune_dtvu_steps_1/acc@05 = 0.7500  
2025-02-27 02:40:59.637  val_finetune_dtvu_steps_1/acc@10 = 0.8500  
2025-02-27 02:40:59.637  val_finetune_dtvu_steps_1/acc@20 = 0.8500  
2025-02-27 02:40:59.637  
  
2025-02-27 02:40:59.685  
  
2025-02-27 02:40:59.685  [VAL_FINETUNE_DTVU_STEPS_3] epoch_21  
2025-02-27 02:40:59.685  =============================================  
2025-02-27 02:40:59.685  val_finetune_dtvu_steps_3/loss = 2.9263  
2025-02-27 02:40:59.685  val_finetune_dtvu_steps_3/acc@01 = 0.3833  
2025-02-27 02:40:59.685  val_finetune_dtvu_steps_3/acc@05 = 0.7167  
2025-02-27 02:40:59.685  val_finetune_dtvu_steps_3/acc@10 = 0.7833  
2025-02-27 02:40:59.685  val_finetune_dtvu_steps_3/acc@20 = 0.8000  
2025-02-27 02:40:59.685  
  
2025-02-27 02:41:00.019  
  
2025-02-27 02:41:00.019  [TRN] epoch_22  
2025-02-27 02:41:00.019  =============================================  
2025-02-27 02:41:00.019  trn/loss = 2.8067  
2025-02-27 02:41:00.019  trn/acc@01 = 0.3000  
2025-02-27 02:41:00.019  trn/acc@05 = 0.6094  
2025-02-27 02:41:00.019  trn/acc@10 = 0.7547  
2025-02-27 02:41:00.019  trn/acc@20 = 0.8679  
2025-02-27 02:41:00.019  
  
2025-02-27 02:41:00.051  
  
2025-02-27 02:41:00.051  [VAL_FINETUNE_DTVU_STEPS_1] epoch_22  
2025-02-27 02:41:00.051  =============================================  
2025-02-27 02:41:00.051  val_finetune_dtvu_steps_1/loss = 2.6140  
2025-02-27 02:41:00.051  val_finetune_dtvu_steps_1/acc@01 = 0.4000  
2025-02-27 02:41:00.051  val_finetune_dtvu_steps_1/acc@05 = 0.7500  
2025-02-27 02:41:00.051  val_finetune_dtvu_steps_1/acc@10 = 0.8500  
2025-02-27 02:41:00.051  val_finetune_dtvu_steps_1/acc@20 = 0.9000  
2025-02-27 02:41:00.051  
  
2025-02-27 02:41:00.108  
  
2025-02-27 02:41:00.108  [VAL_FINETUNE_DTVU_STEPS_3] epoch_22  
2025-02-27 02:41:00.108  =============================================  
2025-02-27 02:41:00.108  val_finetune_dtvu_steps_3/loss = 2.8159  
2025-02-27 02:41:00.108  val_finetune_dtvu_steps_3/acc@01 = 0.3833  
2025-02-27 02:41:00.108  val_finetune_dtvu_steps_3/acc@05 = 0.7167  
2025-02-27 02:41:00.108  val_finetune_dtvu_steps_3/acc@10 = 0.7833  
2025-02-27 02:41:00.108  val_finetune_dtvu_steps_3/acc@20 = 0.8333  
2025-02-27 02:41:00.108  
  
2025-02-27 02:41:00.463  
  
2025-02-27 02:41:00.463  [TRN] epoch_23  
2025-02-27 02:41:00.463  =============================================  
2025-02-27 02:41:00.463  trn/loss = 2.7997  
2025-02-27 02:41:00.463  trn/acc@01 = 0.3030  
2025-02-27 02:41:00.463  trn/acc@05 = 0.6101  
2025-02-27 02:41:00.463  trn/acc@10 = 0.7515  
2025-02-27 02:41:00.463  trn/acc@20 = 0.8646  
2025-02-27 02:41:00.463  
  
2025-02-27 02:41:00.495  
  
2025-02-27 02:41:00.495  [VAL_FINETUNE_DTVU_STEPS_1] epoch_23  
2025-02-27 02:41:00.495  =============================================  
2025-02-27 02:41:00.495  val_finetune_dtvu_steps_1/loss = 2.7142  
2025-02-27 02:41:00.495  val_finetune_dtvu_steps_1/acc@01 = 0.4000  
2025-02-27 02:41:00.495  val_finetune_dtvu_steps_1/acc@05 = 0.7500  
2025-02-27 02:41:00.495  val_finetune_dtvu_steps_1/acc@10 = 0.8000  
2025-02-27 02:41:00.495  val_finetune_dtvu_steps_1/acc@20 = 0.8500  
2025-02-27 02:41:00.495  
  
2025-02-27 02:41:00.543  
  
2025-02-27 02:41:00.543  [VAL_FINETUNE_DTVU_STEPS_3] epoch_23  
2025-02-27 02:41:00.543  =============================================  
2025-02-27 02:41:00.543  val_finetune_dtvu_steps_3/loss = 2.8688  
2025-02-27 02:41:00.543  val_finetune_dtvu_steps_3/acc@01 = 0.3833  
2025-02-27 02:41:00.543  val_finetune_dtvu_steps_3/acc@05 = 0.7167  
2025-02-27 02:41:00.543  val_finetune_dtvu_steps_3/acc@10 = 0.7667  
2025-02-27 02:41:00.543  val_finetune_dtvu_steps_3/acc@20 = 0.8000  
2025-02-27 02:41:00.543  
  
2025-02-27 02:41:00.891  
  
2025-02-27 02:41:00.891  [TRN] epoch_24  
2025-02-27 02:41:00.891  =============================================  
2025-02-27 02:41:00.891  trn/loss = 2.8458  
2025-02-27 02:41:00.891  trn/acc@01 = 0.2917  
2025-02-27 02:41:00.891  trn/acc@05 = 0.5979  
2025-02-27 02:41:00.891  trn/acc@10 = 0.7146  
2025-02-27 02:41:00.891  trn/acc@20 = 0.8542  
2025-02-27 02:41:00.891  
  
2025-02-27 02:41:00.939  
  
2025-02-27 02:41:00.939  [VAL_FINETUNE_DTVU_STEPS_1] epoch_24  
2025-02-27 02:41:00.939  =============================================  
2025-02-27 02:41:00.939  val_finetune_dtvu_steps_1/loss = 2.7099  
2025-02-27 02:41:00.939  val_finetune_dtvu_steps_1/acc@01 = 0.4000  
2025-02-27 02:41:00.939  val_finetune_dtvu_steps_1/acc@05 = 0.7000  
2025-02-27 02:41:00.939  val_finetune_dtvu_steps_1/acc@10 = 0.8000  
2025-02-27 02:41:00.939  val_finetune_dtvu_steps_1/acc@20 = 0.8500  
2025-02-27 02:41:00.939  
  
2025-02-27 02:41:00.970  
  
2025-02-27 02:41:00.970  [VAL_FINETUNE_DTVU_STEPS_3] epoch_24  
2025-02-27 02:41:00.970  =============================================  
2025-02-27 02:41:00.970  val_finetune_dtvu_steps_3/loss = 2.8801  
2025-02-27 02:41:00.970  val_finetune_dtvu_steps_3/acc@01 = 0.3333  
2025-02-27 02:41:00.970  val_finetune_dtvu_steps_3/acc@05 = 0.7000  
2025-02-27 02:41:00.970  val_finetune_dtvu_steps_3/acc@10 = 0.7667  
2025-02-27 02:41:00.970  val_finetune_dtvu_steps_3/acc@20 = 0.8167  
2025-02-27 02:41:00.970  
  
2025-02-27 02:41:01.291  
  
2025-02-27 02:41:01.291  [TRN] epoch_25  
2025-02-27 02:41:01.291  =============================================  
2025-02-27 02:41:01.291  trn/loss = 2.7036  
2025-02-27 02:41:01.291  trn/acc@01 = 0.3778  
2025-02-27 02:41:01.291  trn/acc@05 = 0.6378  
2025-02-27 02:41:01.291  trn/acc@10 = 0.7378  
2025-02-27 02:41:01.291  trn/acc@20 = 0.8733  
2025-02-27 02:41:01.291  
  
2025-02-27 02:41:01.326  
  
2025-02-27 02:41:01.326  [VAL_FINETUNE_DTVU_STEPS_1] epoch_25  
2025-02-27 02:41:01.326  =============================================  
2025-02-27 02:41:01.326  val_finetune_dtvu_steps_1/loss = 2.6003  
2025-02-27 02:41:01.326  val_finetune_dtvu_steps_1/acc@01 = 0.4500  
2025-02-27 02:41:01.326  val_finetune_dtvu_steps_1/acc@05 = 0.8500  
2025-02-27 02:41:01.326  val_finetune_dtvu_steps_1/acc@10 = 0.8500  
2025-02-27 02:41:01.326  val_finetune_dtvu_steps_1/acc@20 = 0.8500  
2025-02-27 02:41:01.326  
  
2025-02-27 02:41:01.373  
  
2025-02-27 02:41:01.373  [VAL_FINETUNE_DTVU_STEPS_3] epoch_25  
2025-02-27 02:41:01.373  =============================================  
2025-02-27 02:41:01.373  val_finetune_dtvu_steps_3/loss = 2.8535  
2025-02-27 02:41:01.373  val_finetune_dtvu_steps_3/acc@01 = 0.3667  
2025-02-27 02:41:01.373  val_finetune_dtvu_steps_3/acc@05 = 0.7500  
2025-02-27 02:41:01.373  val_finetune_dtvu_steps_3/acc@10 = 0.7833  
2025-02-27 02:41:01.373  val_finetune_dtvu_steps_3/acc@20 = 0.7833  
2025-02-27 02:41:01.378  
  
2025-02-27 02:41:01.917  
  
2025-02-27 02:41:01.917  [TRN] epoch_26  
2025-02-27 02:41:01.917  =============================================  
2025-02-27 02:41:01.917  trn/loss = 2.8177  
2025-02-27 02:41:01.917  trn/acc@01 = 0.2876  
2025-02-27 02:41:01.917  trn/acc@05 = 0.6229  
2025-02-27 02:41:01.917  trn/acc@10 = 0.7619  
2025-02-27 02:41:01.917  trn/acc@20 = 0.8648  
2025-02-27 02:41:01.917  
  
2025-02-27 02:41:01.962  
  
2025-02-27 02:41:01.962  [VAL_FINETUNE_DTVU_STEPS_1] epoch_26  
2025-02-27 02:41:01.962  =============================================  
2025-02-27 02:41:01.962  val_finetune_dtvu_steps_1/loss = 2.7493  
2025-02-27 02:41:01.962  val_finetune_dtvu_steps_1/acc@01 = 0.4000  
2025-02-27 02:41:01.962  val_finetune_dtvu_steps_1/acc@05 = 0.8000  
2025-02-27 02:41:01.962  val_finetune_dtvu_steps_1/acc@10 = 0.8500  
2025-02-27 02:41:01.962  val_finetune_dtvu_steps_1/acc@20 = 0.8500  
2025-02-27 02:41:01.962  
  
2025-02-27 02:41:02.012  
  
2025-02-27 02:41:02.012  [VAL_FINETUNE_DTVU_STEPS_3] epoch_26  
2025-02-27 02:41:02.012  =============================================  
2025-02-27 02:41:02.012  val_finetune_dtvu_steps_3/loss = 2.8710  
2025-02-27 02:41:02.012  val_finetune_dtvu_steps_3/acc@01 = 0.3833  
2025-02-27 02:41:02.012  val_finetune_dtvu_steps_3/acc@05 = 0.7333  
2025-02-27 02:41:02.012  val_finetune_dtvu_steps_3/acc@10 = 0.7833  
2025-02-27 02:41:02.012  val_finetune_dtvu_steps_3/acc@20 = 0.8167  
2025-02-27 02:41:02.012  
  
2025-02-27 02:41:02.353  
  
2025-02-27 02:41:02.353  [TRN] epoch_27  
2025-02-27 02:41:02.354  =============================================  
2025-02-27 02:41:02.354  trn/loss = 2.6718  
2025-02-27 02:41:02.354  trn/acc@01 = 0.3192  
2025-02-27 02:41:02.354  trn/acc@05 = 0.6423  
2025-02-27 02:41:02.354  trn/acc@10 = 0.7577  
2025-02-27 02:41:02.354  trn/acc@20 = 0.8692  
2025-02-27 02:41:02.354  
  
2025-02-27 02:41:02.383  
  
2025-02-27 02:41:02.383  [VAL_FINETUNE_DTVU_STEPS_1] epoch_27  
2025-02-27 02:41:02.383  =============================================  
2025-02-27 02:41:02.383  val_finetune_dtvu_steps_1/loss = 2.7112  
2025-02-27 02:41:02.383  val_finetune_dtvu_steps_1/acc@01 = 0.4500  
2025-02-27 02:41:02.383  val_finetune_dtvu_steps_1/acc@05 = 0.7500  
2025-02-27 02:41:02.383  val_finetune_dtvu_steps_1/acc@10 = 0.8500  
2025-02-27 02:41:02.383  val_finetune_dtvu_steps_1/acc@20 = 0.8500  
2025-02-27 02:41:02.383  
  
2025-02-27 02:41:02.448  
  
2025-02-27 02:41:02.448  [VAL_FINETUNE_DTVU_STEPS_3] epoch_27  
2025-02-27 02:41:02.448  =============================================  
2025-02-27 02:41:02.448  val_finetune_dtvu_steps_3/loss = 2.9048  
2025-02-27 02:41:02.448  val_finetune_dtvu_steps_3/acc@01 = 0.4000  
2025-02-27 02:41:02.448  val_finetune_dtvu_steps_3/acc@05 = 0.7167  
2025-02-27 02:41:02.449  val_finetune_dtvu_steps_3/acc@10 = 0.7833  
2025-02-27 02:41:02.449  val_finetune_dtvu_steps_3/acc@20 = 0.8167  
2025-02-27 02:41:02.449  
  
2025-02-27 02:41:02.776  
  
2025-02-27 02:41:02.776  [TRN] epoch_28  
2025-02-27 02:41:02.776  =============================================  
2025-02-27 02:41:02.776  trn/loss = 2.7464  
2025-02-27 02:41:02.776  trn/acc@01 = 0.3143  
2025-02-27 02:41:02.776  trn/acc@05 = 0.6020  
2025-02-27 02:41:02.776  trn/acc@10 = 0.7449  
2025-02-27 02:41:02.776  trn/acc@20 = 0.8551  
2025-02-27 02:41:02.776  
  
2025-02-27 02:41:02.810  
  
2025-02-27 02:41:02.810  [VAL_FINETUNE_DTVU_STEPS_1] epoch_28  
2025-02-27 02:41:02.810  =============================================  
2025-02-27 02:41:02.810  val_finetune_dtvu_steps_1/loss = 2.7529  
2025-02-27 02:41:02.810  val_finetune_dtvu_steps_1/acc@01 = 0.3000  
2025-02-27 02:41:02.810  val_finetune_dtvu_steps_1/acc@05 = 0.6500  
2025-02-27 02:41:02.810  val_finetune_dtvu_steps_1/acc@10 = 0.8500  
2025-02-27 02:41:02.810  val_finetune_dtvu_steps_1/acc@20 = 0.8500  
2025-02-27 02:41:02.810  
  
2025-02-27 02:41:02.855  
  
2025-02-27 02:41:02.855  [VAL_FINETUNE_DTVU_STEPS_3] epoch_28  
2025-02-27 02:41:02.855  =============================================  
2025-02-27 02:41:02.855  val_finetune_dtvu_steps_3/loss = 2.9315  
2025-02-27 02:41:02.855  val_finetune_dtvu_steps_3/acc@01 = 0.3000  
2025-02-27 02:41:02.855  val_finetune_dtvu_steps_3/acc@05 = 0.6833  
2025-02-27 02:41:02.855  val_finetune_dtvu_steps_3/acc@10 = 0.8000  
2025-02-27 02:41:02.855  val_finetune_dtvu_steps_3/acc@20 = 0.8167  
2025-02-27 02:41:02.855  
  
2025-02-27 02:41:03.173  
  
2025-02-27 02:41:03.173  [TRN] epoch_29  
2025-02-27 02:41:03.173  =============================================  
2025-02-27 02:41:03.173  trn/loss = 2.8763  
2025-02-27 02:41:03.173  trn/acc@01 = 0.3068  
2025-02-27 02:41:03.173  trn/acc@05 = 0.6045  
2025-02-27 02:41:03.173  trn/acc@10 = 0.7386  
2025-02-27 02:41:03.173  trn/acc@20 = 0.8682  
2025-02-27 02:41:03.173  
  
2025-02-27 02:41:03.221  
  
2025-02-27 02:41:03.221  [VAL_FINETUNE_DTVU_STEPS_1] epoch_29  
2025-02-27 02:41:03.221  =============================================  
2025-02-27 02:41:03.221  val_finetune_dtvu_steps_1/loss = 2.7071  
2025-02-27 02:41:03.221  val_finetune_dtvu_steps_1/acc@01 = 0.4000  
2025-02-27 02:41:03.221  val_finetune_dtvu_steps_1/acc@05 = 0.8000  
2025-02-27 02:41:03.221  val_finetune_dtvu_steps_1/acc@10 = 0.8500  
2025-02-27 02:41:03.221  val_finetune_dtvu_steps_1/acc@20 = 0.9000  
2025-02-27 02:41:03.221  
  
2025-02-27 02:41:03.252  
  
2025-02-27 02:41:03.252  [VAL_FINETUNE_DTVU_STEPS_3] epoch_29  
2025-02-27 02:41:03.252  =============================================  
2025-02-27 02:41:03.252  val_finetune_dtvu_steps_3/loss = 2.8989  
2025-02-27 02:41:03.252  val_finetune_dtvu_steps_3/acc@01 = 0.3833  
2025-02-27 02:41:03.252  val_finetune_dtvu_steps_3/acc@05 = 0.7667  
2025-02-27 02:41:03.252  val_finetune_dtvu_steps_3/acc@10 = 0.8000  
2025-02-27 02:41:03.252  val_finetune_dtvu_steps_3/acc@20 = 0.8500  
2025-02-27 02:41:03.252  
  
2025-02-27 02:41:03.570  
  
2025-02-27 02:41:03.570  [TRN] epoch_30  
2025-02-27 02:41:03.570  =============================================  
2025-02-27 02:41:03.570  trn/loss = 2.7656  
2025-02-27 02:41:03.570  trn/acc@01 = 0.3196  
2025-02-27 02:41:03.570  trn/acc@05 = 0.6309  
2025-02-27 02:41:03.570  trn/acc@10 = 0.7526  
2025-02-27 02:41:03.570  trn/acc@20 = 0.8598  
2025-02-27 02:41:03.570  
  
2025-02-27 02:41:03.614  
  
2025-02-27 02:41:03.614  [VAL_FINETUNE_DTVU_STEPS_1] epoch_30  
2025-02-27 02:41:03.614  =============================================  
2025-02-27 02:41:03.614  val_finetune_dtvu_steps_1/loss = 2.6864  
2025-02-27 02:41:03.614  val_finetune_dtvu_steps_1/acc@01 = 0.4000  
2025-02-27 02:41:03.614  val_finetune_dtvu_steps_1/acc@05 = 0.7000  
2025-02-27 02:41:03.614  val_finetune_dtvu_steps_1/acc@10 = 0.8500  
2025-02-27 02:41:03.614  val_finetune_dtvu_steps_1/acc@20 = 0.9000  
2025-02-27 02:41:03.614  
  
2025-02-27 02:41:03.650  
  
2025-02-27 02:41:03.650  [VAL_FINETUNE_DTVU_STEPS_3] epoch_30  
2025-02-27 02:41:03.650  =============================================  
2025-02-27 02:41:03.650  val_finetune_dtvu_steps_3/loss = 2.8788  
2025-02-27 02:41:03.650  val_finetune_dtvu_steps_3/acc@01 = 0.4000  
2025-02-27 02:41:03.650  val_finetune_dtvu_steps_3/acc@05 = 0.7000  
2025-02-27 02:41:03.650  val_finetune_dtvu_steps_3/acc@10 = 0.7833  
2025-02-27 02:41:03.650  val_finetune_dtvu_steps_3/acc@20 = 0.8833  
2025-02-27 02:41:03.650  
  
2025-02-27 02:41:03.968  
  
2025-02-27 02:41:03.968  [TRN] epoch_31  
2025-02-27 02:41:03.968  =============================================  
2025-02-27 02:41:03.968  trn/loss = 2.6505  
2025-02-27 02:41:03.968  trn/acc@01 = 0.3143  
2025-02-27 02:41:03.968  trn/acc@05 = 0.6321  
2025-02-27 02:41:03.968  trn/acc@10 = 0.7768  
2025-02-27 02:41:03.968  trn/acc@20 = 0.8839  
2025-02-27 02:41:03.968  
  
2025-02-27 02:41:04.000  
  
2025-02-27 02:41:04.000  [VAL_FINETUNE_DTVU_STEPS_1] epoch_31  
2025-02-27 02:41:04.000  =============================================  
2025-02-27 02:41:04.000  val_finetune_dtvu_steps_1/loss = 2.5848  
2025-02-27 02:41:04.000  val_finetune_dtvu_steps_1/acc@01 = 0.4000  
2025-02-27 02:41:04.000  val_finetune_dtvu_steps_1/acc@05 = 0.8000  
2025-02-27 02:41:04.000  val_finetune_dtvu_steps_1/acc@10 = 0.8500  
2025-02-27 02:41:04.000  val_finetune_dtvu_steps_1/acc@20 = 0.9000  
2025-02-27 02:41:04.000  
  
2025-02-27 02:41:04.048  
  
2025-02-27 02:41:04.048  [VAL_FINETUNE_DTVU_STEPS_3] epoch_31  
2025-02-27 02:41:04.048  =============================================  
2025-02-27 02:41:04.048  val_finetune_dtvu_steps_3/loss = 2.7188  
2025-02-27 02:41:04.048  val_finetune_dtvu_steps_3/acc@01 = 0.4333  
2025-02-27 02:41:04.048  val_finetune_dtvu_steps_3/acc@05 = 0.7500  
2025-02-27 02:41:04.048  val_finetune_dtvu_steps_3/acc@10 = 0.8333  
2025-02-27 02:41:04.048  val_finetune_dtvu_steps_3/acc@20 = 0.8667  
2025-02-27 02:41:04.048  
  
2025-02-27 02:41:04.349  
  
2025-02-27 02:41:04.349  [TRN] epoch_32  
2025-02-27 02:41:04.349  =============================================  
2025-02-27 02:41:04.349  trn/loss = 2.6655  
2025-02-27 02:41:04.349  trn/acc@01 = 0.3333  
2025-02-27 02:41:04.349  trn/acc@05 = 0.6375  
2025-02-27 02:41:04.349  trn/acc@10 = 0.7688  
2025-02-27 02:41:04.349  trn/acc@20 = 0.8458  
2025-02-27 02:41:04.349  
  
2025-02-27 02:41:04.397  
  
2025-02-27 02:41:04.397  [VAL_FINETUNE_DTVU_STEPS_1] epoch_32  
2025-02-27 02:41:04.397  =============================================  
2025-02-27 02:41:04.397  val_finetune_dtvu_steps_1/loss = 2.6510  
2025-02-27 02:41:04.397  val_finetune_dtvu_steps_1/acc@01 = 0.3500  
2025-02-27 02:41:04.397  val_finetune_dtvu_steps_1/acc@05 = 0.8000  
2025-02-27 02:41:04.397  val_finetune_dtvu_steps_1/acc@10 = 0.8500  
2025-02-27 02:41:04.397  val_finetune_dtvu_steps_1/acc@20 = 0.9000  
2025-02-27 02:41:04.397  
  
2025-02-27 02:41:04.444  
  
2025-02-27 02:41:04.444  [VAL_FINETUNE_DTVU_STEPS_3] epoch_32  
2025-02-27 02:41:04.444  =============================================  
2025-02-27 02:41:04.444  val_finetune_dtvu_steps_3/loss = 2.8016  
2025-02-27 02:41:04.444  val_finetune_dtvu_steps_3/acc@01 = 0.4167  
2025-02-27 02:41:04.444  val_finetune_dtvu_steps_3/acc@05 = 0.7333  
2025-02-27 02:41:04.444  val_finetune_dtvu_steps_3/acc@10 = 0.7833  
2025-02-27 02:41:04.444  val_finetune_dtvu_steps_3/acc@20 = 0.8833  
2025-02-27 02:41:04.444  
  
2025-02-27 02:41:04.763  
  
2025-02-27 02:41:04.763  [TRN] epoch_33  
2025-02-27 02:41:04.763  =============================================  
2025-02-27 02:41:04.763  trn/loss = 2.4137  
2025-02-27 02:41:04.763  trn/acc@01 = 0.3891  
2025-02-27 02:41:04.763  trn/acc@05 = 0.6717  
2025-02-27 02:41:04.763  trn/acc@10 = 0.7630  
2025-02-27 02:41:04.763  trn/acc@20 = 0.8935  
2025-02-27 02:41:04.763  
  
2025-02-27 02:41:04.795  
  
2025-02-27 02:41:04.795  [VAL_FINETUNE_DTVU_STEPS_1] epoch_33  
2025-02-27 02:41:04.795  =============================================  
2025-02-27 02:41:04.795  val_finetune_dtvu_steps_1/loss = 2.5367  
2025-02-27 02:41:04.795  val_finetune_dtvu_steps_1/acc@01 = 0.3500  
2025-02-27 02:41:04.795  val_finetune_dtvu_steps_1/acc@05 = 0.8000  
2025-02-27 02:41:04.795  val_finetune_dtvu_steps_1/acc@10 = 0.8500  
2025-02-27 02:41:04.795  val_finetune_dtvu_steps_1/acc@20 = 0.9000  
2025-02-27 02:41:04.795  
  
2025-02-27 02:41:04.827  
  
2025-02-27 02:41:04.827  [VAL_FINETUNE_DTVU_STEPS_3] epoch_33  
2025-02-27 02:41:04.827  =============================================  
2025-02-27 02:41:04.827  val_finetune_dtvu_steps_3/loss = 2.6956  
2025-02-27 02:41:04.827  val_finetune_dtvu_steps_3/acc@01 = 0.4167  
2025-02-27 02:41:04.843  val_finetune_dtvu_steps_3/acc@05 = 0.7667  
2025-02-27 02:41:04.843  val_finetune_dtvu_steps_3/acc@10 = 0.8000  
2025-02-27 02:41:04.843  val_finetune_dtvu_steps_3/acc@20 = 0.8667  
2025-02-27 02:41:04.843  
  
2025-02-27 02:41:05.129  
  
2025-02-27 02:41:05.129  [TRN] epoch_34  
2025-02-27 02:41:05.129  =============================================  
2025-02-27 02:41:05.129  trn/loss = 2.5168  
2025-02-27 02:41:05.129  trn/acc@01 = 0.3759  
2025-02-27 02:41:05.129  trn/acc@05 = 0.6704  
2025-02-27 02:41:05.129  trn/acc@10 = 0.7759  
2025-02-27 02:41:05.129  trn/acc@20 = 0.8926  
2025-02-27 02:41:05.129  
  
2025-02-27 02:41:05.176  
  
2025-02-27 02:41:05.176  [VAL_FINETUNE_DTVU_STEPS_1] epoch_34  
2025-02-27 02:41:05.176  =============================================  
2025-02-27 02:41:05.176  val_finetune_dtvu_steps_1/loss = 2.8210  
2025-02-27 02:41:05.176  val_finetune_dtvu_steps_1/acc@01 = 0.3500  
2025-02-27 02:41:05.176  val_finetune_dtvu_steps_1/acc@05 = 0.7000  
2025-02-27 02:41:05.176  val_finetune_dtvu_steps_1/acc@10 = 0.8000  
2025-02-27 02:41:05.176  val_finetune_dtvu_steps_1/acc@20 = 0.8500  
2025-02-27 02:41:05.176  
  
2025-02-27 02:41:05.213  
  
2025-02-27 02:41:05.213  [VAL_FINETUNE_DTVU_STEPS_3] epoch_34  
2025-02-27 02:41:05.213  =============================================  
2025-02-27 02:41:05.213  val_finetune_dtvu_steps_3/loss = 2.9489  
2025-02-27 02:41:05.213  val_finetune_dtvu_steps_3/acc@01 = 0.3500  
2025-02-27 02:41:05.213  val_finetune_dtvu_steps_3/acc@05 = 0.7333  
2025-02-27 02:41:05.213  val_finetune_dtvu_steps_3/acc@10 = 0.7667  
2025-02-27 02:41:05.213  val_finetune_dtvu_steps_3/acc@20 = 0.7833  
2025-02-27 02:41:05.213  
  
2025-02-27 02:41:05.514  
  
2025-02-27 02:41:05.514  [TRN] epoch_35  
2025-02-27 02:41:05.514  =============================================  
2025-02-27 02:41:05.514  trn/loss = 2.5102  
2025-02-27 02:41:05.514  trn/acc@01 = 0.3611  
2025-02-27 02:41:05.514  trn/acc@05 = 0.6685  
2025-02-27 02:41:05.514  trn/acc@10 = 0.7833  
2025-02-27 02:41:05.514  trn/acc@20 = 0.8815  
2025-02-27 02:41:05.514  
  
2025-02-27 02:41:05.542  
  
2025-02-27 02:41:05.542  [VAL_FINETUNE_DTVU_STEPS_1] epoch_35  
2025-02-27 02:41:05.542  =============================================  
2025-02-27 02:41:05.542  val_finetune_dtvu_steps_1/loss = 2.6234  
2025-02-27 02:41:05.542  val_finetune_dtvu_steps_1/acc@01 = 0.3500  
2025-02-27 02:41:05.542  val_finetune_dtvu_steps_1/acc@05 = 0.7500  
2025-02-27 02:41:05.542  val_finetune_dtvu_steps_1/acc@10 = 0.8500  
2025-02-27 02:41:05.542  val_finetune_dtvu_steps_1/acc@20 = 0.8500  
2025-02-27 02:41:05.542  
  
2025-02-27 02:41:05.590  
  
2025-02-27 02:41:05.590  [VAL_FINETUNE_DTVU_STEPS_3] epoch_35  
2025-02-27 02:41:05.590  =============================================  
2025-02-27 02:41:05.590  val_finetune_dtvu_steps_3/loss = 2.7379  
2025-02-27 02:41:05.590  val_finetune_dtvu_steps_3/acc@01 = 0.4167  
2025-02-27 02:41:05.590  val_finetune_dtvu_steps_3/acc@05 = 0.7500  
2025-02-27 02:41:05.590  val_finetune_dtvu_steps_3/acc@10 = 0.8000  
2025-02-27 02:41:05.590  val_finetune_dtvu_steps_3/acc@20 = 0.8500  
2025-02-27 02:41:05.590  
  
2025-02-27 02:41:05.876  
  
2025-02-27 02:41:05.876  [TRN] epoch_36  
2025-02-27 02:41:05.876  =============================================  
2025-02-27 02:41:05.876  trn/loss = 2.3885  
2025-02-27 02:41:05.876  trn/acc@01 = 0.3616  
2025-02-27 02:41:05.876  trn/acc@05 = 0.7051  
2025-02-27 02:41:05.876  trn/acc@10 = 0.7899  
2025-02-27 02:41:05.876  trn/acc@20 = 0.8889  
2025-02-27 02:41:05.876  
  
2025-02-27 02:41:05.914  
  
2025-02-27 02:41:05.914  [VAL_FINETUNE_DTVU_STEPS_1] epoch_36  
2025-02-27 02:41:05.914  =============================================  
2025-02-27 02:41:05.914  val_finetune_dtvu_steps_1/loss = 2.5639  
2025-02-27 02:41:05.914  val_finetune_dtvu_steps_1/acc@01 = 0.4000  
2025-02-27 02:41:05.914  val_finetune_dtvu_steps_1/acc@05 = 0.8000  
2025-02-27 02:41:05.914  val_finetune_dtvu_steps_1/acc@10 = 0.8500  
2025-02-27 02:41:05.914  val_finetune_dtvu_steps_1/acc@20 = 0.9000  
2025-02-27 02:41:05.914  
  
2025-02-27 02:41:05.940  
  
2025-02-27 02:41:05.940  [VAL_FINETUNE_DTVU_STEPS_3] epoch_36  
2025-02-27 02:41:05.940  =============================================  
2025-02-27 02:41:05.940  val_finetune_dtvu_steps_3/loss = 2.7086  
2025-02-27 02:41:05.940  val_finetune_dtvu_steps_3/acc@01 = 0.4167  
2025-02-27 02:41:05.940  val_finetune_dtvu_steps_3/acc@05 = 0.7667  
2025-02-27 02:41:05.940  val_finetune_dtvu_steps_3/acc@10 = 0.7833  
2025-02-27 02:41:05.940  val_finetune_dtvu_steps_3/acc@20 = 0.8667  
2025-02-27 02:41:05.940  
  
2025-02-27 02:41:06.258  
  
2025-02-27 02:41:06.258  [TRN] epoch_37  
2025-02-27 02:41:06.258  =============================================  
2025-02-27 02:41:06.258  trn/loss = 2.4321  
2025-02-27 02:41:06.258  trn/acc@01 = 0.3564  
2025-02-27 02:41:06.258  trn/acc@05 = 0.7010  
2025-02-27 02:41:06.258  trn/acc@10 = 0.7901  
2025-02-27 02:41:06.258  trn/acc@20 = 0.8832  
2025-02-27 02:41:06.258  
  
2025-02-27 02:41:06.290  
  
2025-02-27 02:41:06.290  [VAL_FINETUNE_DTVU_STEPS_1] epoch_37  
2025-02-27 02:41:06.290  =============================================  
2025-02-27 02:41:06.290  val_finetune_dtvu_steps_1/loss = 2.5674  
2025-02-27 02:41:06.290  val_finetune_dtvu_steps_1/acc@01 = 0.4500  
2025-02-27 02:41:06.290  val_finetune_dtvu_steps_1/acc@05 = 0.7500  
2025-02-27 02:41:06.290  val_finetune_dtvu_steps_1/acc@10 = 0.8500  
2025-02-27 02:41:06.290  val_finetune_dtvu_steps_1/acc@20 = 0.9000  
2025-02-27 02:41:06.290  
  
2025-02-27 02:41:06.322  
  
2025-02-27 02:41:06.322  [VAL_FINETUNE_DTVU_STEPS_3] epoch_37  
2025-02-27 02:41:06.322  =============================================  
2025-02-27 02:41:06.322  val_finetune_dtvu_steps_3/loss = 2.8112  
2025-02-27 02:41:06.322  val_finetune_dtvu_steps_3/acc@01 = 0.4333  
2025-02-27 02:41:06.322  val_finetune_dtvu_steps_3/acc@05 = 0.7500  
2025-02-27 02:41:06.322  val_finetune_dtvu_steps_3/acc@10 = 0.7833  
2025-02-27 02:41:06.322  val_finetune_dtvu_steps_3/acc@20 = 0.8667  
2025-02-27 02:41:06.337  
  
2025-02-27 02:41:06.614  
  
2025-02-27 02:41:06.614  [TRN] epoch_38  
2025-02-27 02:41:06.614  =============================================  
2025-02-27 02:41:06.614  trn/loss = 2.3146  
2025-02-27 02:41:06.614  trn/acc@01 = 0.4093  
2025-02-27 02:41:06.614  trn/acc@05 = 0.6963  
2025-02-27 02:41:06.614  trn/acc@10 = 0.8056  
2025-02-27 02:41:06.614  trn/acc@20 = 0.9185  
2025-02-27 02:41:06.614  
  
2025-02-27 02:41:06.655  
  
2025-02-27 02:41:06.655  [VAL_FINETUNE_DTVU_STEPS_1] epoch_38  
2025-02-27 02:41:06.655  =============================================  
2025-02-27 02:41:06.655  val_finetune_dtvu_steps_1/loss = 2.5355  
2025-02-27 02:41:06.655  val_finetune_dtvu_steps_1/acc@01 = 0.4000  
2025-02-27 02:41:06.655  val_finetune_dtvu_steps_1/acc@05 = 0.8000  
2025-02-27 02:41:06.655  val_finetune_dtvu_steps_1/acc@10 = 0.8500  
2025-02-27 02:41:06.655  val_finetune_dtvu_steps_1/acc@20 = 0.9000  
2025-02-27 02:41:06.655  
  
2025-02-27 02:41:06.703  
  
2025-02-27 02:41:06.703  [VAL_FINETUNE_DTVU_STEPS_3] epoch_38  
2025-02-27 02:41:06.703  =============================================  
2025-02-27 02:41:06.703  val_finetune_dtvu_steps_3/loss = 2.6736  
2025-02-27 02:41:06.703  val_finetune_dtvu_steps_3/acc@01 = 0.4333  
2025-02-27 02:41:06.703  val_finetune_dtvu_steps_3/acc@05 = 0.7667  
2025-02-27 02:41:06.703  val_finetune_dtvu_steps_3/acc@10 = 0.8000  
2025-02-27 02:41:06.703  val_finetune_dtvu_steps_3/acc@20 = 0.8667  
2025-02-27 02:41:06.703  
  
2025-02-27 02:41:06.987  
  
2025-02-27 02:41:06.987  [TRN] epoch_39  
2025-02-27 02:41:06.987  =============================================  
2025-02-27 02:41:06.987  trn/loss = 2.3869  
2025-02-27 02:41:06.987  trn/acc@01 = 0.3732  
2025-02-27 02:41:06.987  trn/acc@05 = 0.6845  
2025-02-27 02:41:06.987  trn/acc@10 = 0.7938  
2025-02-27 02:41:06.987  trn/acc@20 = 0.9093  
2025-02-27 02:41:06.987  
  
2025-02-27 02:41:07.029  
  
2025-02-27 02:41:07.029  [VAL_FINETUNE_DTVU_STEPS_1] epoch_39  
2025-02-27 02:41:07.029  =============================================  
2025-02-27 02:41:07.029  val_finetune_dtvu_steps_1/loss = 2.5342  
2025-02-27 02:41:07.029  val_finetune_dtvu_steps_1/acc@01 = 0.4000  
2025-02-27 02:41:07.029  val_finetune_dtvu_steps_1/acc@05 = 0.7500  
2025-02-27 02:41:07.035  val_finetune_dtvu_steps_1/acc@10 = 0.9000  
2025-02-27 02:41:07.035  val_finetune_dtvu_steps_1/acc@20 = 0.9000  
2025-02-27 02:41:07.035  
  
2025-02-27 02:41:07.070  
  
2025-02-27 02:41:07.070  [VAL_FINETUNE_DTVU_STEPS_3] epoch_39  
2025-02-27 02:41:07.070  =============================================  
2025-02-27 02:41:07.070  val_finetune_dtvu_steps_3/loss = 2.7481  
2025-02-27 02:41:07.070  val_finetune_dtvu_steps_3/acc@01 = 0.4333  
2025-02-27 02:41:07.070  val_finetune_dtvu_steps_3/acc@05 = 0.7333  
2025-02-27 02:41:07.070  val_finetune_dtvu_steps_3/acc@10 = 0.8167  
2025-02-27 02:41:07.070  val_finetune_dtvu_steps_3/acc@20 = 0.8667  
2025-02-27 02:41:07.070  
  
2025-02-27 02:41:07.354  
  
2025-02-27 02:41:07.354  [TRN] epoch_40  
2025-02-27 02:41:07.354  =============================================  
2025-02-27 02:41:07.354  trn/loss = 2.2728  
2025-02-27 02:41:07.354  trn/acc@01 = 0.3752  
2025-02-27 02:41:07.354  trn/acc@05 = 0.7105  
2025-02-27 02:41:07.354  trn/acc@10 = 0.8152  
2025-02-27 02:41:07.355  trn/acc@20 = 0.9162  
2025-02-27 02:41:07.355  
  
2025-02-27 02:41:07.393  
  
2025-02-27 02:41:07.393  [VAL_FINETUNE_DTVU_STEPS_1] epoch_40  
2025-02-27 02:41:07.393  =============================================  
2025-02-27 02:41:07.393  val_finetune_dtvu_steps_1/loss = 2.6963  
2025-02-27 02:41:07.393  val_finetune_dtvu_steps_1/acc@01 = 0.3000  
2025-02-27 02:41:07.393  val_finetune_dtvu_steps_1/acc@05 = 0.7000  
2025-02-27 02:41:07.393  val_finetune_dtvu_steps_1/acc@10 = 0.7500  
2025-02-27 02:41:07.393  val_finetune_dtvu_steps_1/acc@20 = 0.9000  
2025-02-27 02:41:07.393  
  
2025-02-27 02:41:07.433  
  
2025-02-27 02:41:07.433  [VAL_FINETUNE_DTVU_STEPS_3] epoch_40  
2025-02-27 02:41:07.433  =============================================  
2025-02-27 02:41:07.433  val_finetune_dtvu_steps_3/loss = 2.8052  
2025-02-27 02:41:07.433  val_finetune_dtvu_steps_3/acc@01 = 0.3833  
2025-02-27 02:41:07.433  val_finetune_dtvu_steps_3/acc@05 = 0.7667  
2025-02-27 02:41:07.434  val_finetune_dtvu_steps_3/acc@10 = 0.8000  
2025-02-27 02:41:07.434  val_finetune_dtvu_steps_3/acc@20 = 0.8500  
2025-02-27 02:41:07.434  
  
2025-02-27 02:41:07.739  
  
2025-02-27 02:41:07.739  [TRN] epoch_41  
2025-02-27 02:41:07.739  =============================================  
2025-02-27 02:41:07.739  trn/loss = 2.2380  
2025-02-27 02:41:07.739  trn/acc@01 = 0.4220  
2025-02-27 02:41:07.739  trn/acc@05 = 0.7626  
2025-02-27 02:41:07.739  trn/acc@10 = 0.8374  
2025-02-27 02:41:07.739  trn/acc@20 = 0.9143  
2025-02-27 02:41:07.739  
  
2025-02-27 02:41:07.771  
  
2025-02-27 02:41:07.771  [VAL_FINETUNE_DTVU_STEPS_1] epoch_41  
2025-02-27 02:41:07.771  =============================================  
2025-02-27 02:41:07.771  val_finetune_dtvu_steps_1/loss = 2.5671  
2025-02-27 02:41:07.771  val_finetune_dtvu_steps_1/acc@01 = 0.4500  
2025-02-27 02:41:07.771  val_finetune_dtvu_steps_1/acc@05 = 0.7000  
2025-02-27 02:41:07.771  val_finetune_dtvu_steps_1/acc@10 = 0.9000  
2025-02-27 02:41:07.771  val_finetune_dtvu_steps_1/acc@20 = 0.9000  
2025-02-27 02:41:07.771  
  
2025-02-27 02:41:07.815  
  
2025-02-27 02:41:07.815  [VAL_FINETUNE_DTVU_STEPS_3] epoch_41  
2025-02-27 02:41:07.815  =============================================  
2025-02-27 02:41:07.815  val_finetune_dtvu_steps_3/loss = 2.6652  
2025-02-27 02:41:07.815  val_finetune_dtvu_steps_3/acc@01 = 0.4500  
2025-02-27 02:41:07.815  val_finetune_dtvu_steps_3/acc@05 = 0.7333  
2025-02-27 02:41:07.815  val_finetune_dtvu_steps_3/acc@10 = 0.8667  
2025-02-27 02:41:07.815  val_finetune_dtvu_steps_3/acc@20 = 0.8667  
2025-02-27 02:41:07.815  
  
2025-02-27 02:41:08.120  
  
2025-02-27 02:41:08.120  [TRN] epoch_42  
2025-02-27 02:41:08.120  =============================================  
2025-02-27 02:41:08.120  trn/loss = 2.1836  
2025-02-27 02:41:08.120  trn/acc@01 = 0.4227  
2025-02-27 02:41:08.120  trn/acc@05 = 0.7361  
2025-02-27 02:41:08.120  trn/acc@10 = 0.8433  
2025-02-27 02:41:08.120  trn/acc@20 = 0.9258  
2025-02-27 02:41:08.120  
  
2025-02-27 02:41:08.150  
  
2025-02-27 02:41:08.150  [VAL_FINETUNE_DTVU_STEPS_1] epoch_42  
2025-02-27 02:41:08.150  =============================================  
2025-02-27 02:41:08.150  val_finetune_dtvu_steps_1/loss = 2.5454  
2025-02-27 02:41:08.150  val_finetune_dtvu_steps_1/acc@01 = 0.3500  
2025-02-27 02:41:08.150  val_finetune_dtvu_steps_1/acc@05 = 0.7000  
2025-02-27 02:41:08.150  val_finetune_dtvu_steps_1/acc@10 = 0.9000  
2025-02-27 02:41:08.150  val_finetune_dtvu_steps_1/acc@20 = 0.9000  
2025-02-27 02:41:08.150  
  
2025-02-27 02:41:08.193  
  
2025-02-27 02:41:08.193  [VAL_FINETUNE_DTVU_STEPS_3] epoch_42  
2025-02-27 02:41:08.193  =============================================  
2025-02-27 02:41:08.193  val_finetune_dtvu_steps_3/loss = 2.7003  
2025-02-27 02:41:08.193  val_finetune_dtvu_steps_3/acc@01 = 0.4333  
2025-02-27 02:41:08.193  val_finetune_dtvu_steps_3/acc@05 = 0.7167  
2025-02-27 02:41:08.193  val_finetune_dtvu_steps_3/acc@10 = 0.8667  
2025-02-27 02:41:08.193  val_finetune_dtvu_steps_3/acc@20 = 0.8667  
2025-02-27 02:41:08.193  
  
2025-02-27 02:41:08.523  
  
2025-02-27 02:41:08.523  [TRN] epoch_43  
2025-02-27 02:41:08.523  =============================================  
2025-02-27 02:41:08.523  trn/loss = 2.2181  
2025-02-27 02:41:08.523  trn/acc@01 = 0.4250  
2025-02-27 02:41:08.523  trn/acc@05 = 0.7308  
2025-02-27 02:41:08.523  trn/acc@10 = 0.8327  
2025-02-27 02:41:08.523  trn/acc@20 = 0.9327  
2025-02-27 02:41:08.523  
  
2025-02-27 02:41:08.570  
  
2025-02-27 02:41:08.570  [VAL_FINETUNE_DTVU_STEPS_1] epoch_43  
2025-02-27 02:41:08.570  =============================================  
2025-02-27 02:41:08.570  val_finetune_dtvu_steps_1/loss = 2.6172  
2025-02-27 02:41:08.570  val_finetune_dtvu_steps_1/acc@01 = 0.3000  
2025-02-27 02:41:08.570  val_finetune_dtvu_steps_1/acc@05 = 0.8500  
2025-02-27 02:41:08.570  val_finetune_dtvu_steps_1/acc@10 = 0.9000  
2025-02-27 02:41:08.570  val_finetune_dtvu_steps_1/acc@20 = 0.9000  
2025-02-27 02:41:08.570  
  
2025-02-27 02:41:08.601  
  
2025-02-27 02:41:08.601  [VAL_FINETUNE_DTVU_STEPS_3] epoch_43  
2025-02-27 02:41:08.601  =============================================  
2025-02-27 02:41:08.601  val_finetune_dtvu_steps_3/loss = 2.7791  
2025-02-27 02:41:08.601  val_finetune_dtvu_steps_3/acc@01 = 0.4000  
2025-02-27 02:41:08.601  val_finetune_dtvu_steps_3/acc@05 = 0.8000  
2025-02-27 02:41:08.601  val_finetune_dtvu_steps_3/acc@10 = 0.8667  
2025-02-27 02:41:08.601  val_finetune_dtvu_steps_3/acc@20 = 0.8667  
2025-02-27 02:41:08.601  
  
2025-02-27 02:41:08.934  
  
2025-02-27 02:41:08.934  [TRN] epoch_44  
2025-02-27 02:41:08.934  =============================================  
2025-02-27 02:41:08.934  trn/loss = 2.1580  
2025-02-27 02:41:08.934  trn/acc@01 = 0.3765  
2025-02-27 02:41:08.934  trn/acc@05 = 0.7314  
2025-02-27 02:41:08.934  trn/acc@10 = 0.8373  
2025-02-27 02:41:08.934  trn/acc@20 = 0.9314  
2025-02-27 02:41:08.934  
  
2025-02-27 02:41:08.962  
  
2025-02-27 02:41:08.962  [VAL_FINETUNE_DTVU_STEPS_1] epoch_44  
2025-02-27 02:41:08.962  =============================================  
2025-02-27 02:41:08.962  val_finetune_dtvu_steps_1/loss = 2.5919  
2025-02-27 02:41:08.962  val_finetune_dtvu_steps_1/acc@01 = 0.4500  
2025-02-27 02:41:08.962  val_finetune_dtvu_steps_1/acc@05 = 0.8000  
2025-02-27 02:41:08.962  val_finetune_dtvu_steps_1/acc@10 = 0.8000  
2025-02-27 02:41:08.962  val_finetune_dtvu_steps_1/acc@20 = 0.9000  
2025-02-27 02:41:08.962  
  
2025-02-27 02:41:09.015  
  
2025-02-27 02:41:09.015  [VAL_FINETUNE_DTVU_STEPS_3] epoch_44  
2025-02-27 02:41:09.015  =============================================  
2025-02-27 02:41:09.015  val_finetune_dtvu_steps_3/loss = 2.8193  
2025-02-27 02:41:09.015  val_finetune_dtvu_steps_3/acc@01 = 0.3833  
2025-02-27 02:41:09.015  val_finetune_dtvu_steps_3/acc@05 = 0.7500  
2025-02-27 02:41:09.015  val_finetune_dtvu_steps_3/acc@10 = 0.8167  
2025-02-27 02:41:09.015  val_finetune_dtvu_steps_3/acc@20 = 0.8667  
2025-02-27 02:41:09.015  
  
2025-02-27 02:41:09.353  
  
2025-02-27 02:41:09.353  [TRN] epoch_45  
2025-02-27 02:41:09.353  =============================================  
2025-02-27 02:41:09.353  trn/loss = 2.1932  
2025-02-27 02:41:09.353  trn/acc@01 = 0.3835  
2025-02-27 02:41:09.353  trn/acc@05 = 0.7711  
2025-02-27 02:41:09.353  trn/acc@10 = 0.8495  
2025-02-27 02:41:09.353  trn/acc@20 = 0.9505  
2025-02-27 02:41:09.353  
  
2025-02-27 02:41:09.401  
  
2025-02-27 02:41:09.401  [VAL_FINETUNE_DTVU_STEPS_1] epoch_45  
2025-02-27 02:41:09.401  =============================================  
2025-02-27 02:41:09.401  val_finetune_dtvu_steps_1/loss = 2.3950  
2025-02-27 02:41:09.401  val_finetune_dtvu_steps_1/acc@01 = 0.4500  
2025-02-27 02:41:09.401  val_finetune_dtvu_steps_1/acc@05 = 0.7500  
2025-02-27 02:41:09.401  val_finetune_dtvu_steps_1/acc@10 = 0.8500  
2025-02-27 02:41:09.401  val_finetune_dtvu_steps_1/acc@20 = 0.9000  
2025-02-27 02:41:09.401  
  
2025-02-27 02:41:09.442  
  
2025-02-27 02:41:09.442  [VAL_FINETUNE_DTVU_STEPS_3] epoch_45  
2025-02-27 02:41:09.442  =============================================  
2025-02-27 02:41:09.442  val_finetune_dtvu_steps_3/loss = 2.6884  
2025-02-27 02:41:09.442  val_finetune_dtvu_steps_3/acc@01 = 0.4500  
2025-02-27 02:41:09.442  val_finetune_dtvu_steps_3/acc@05 = 0.7333  
2025-02-27 02:41:09.442  val_finetune_dtvu_steps_3/acc@10 = 0.8000  
2025-02-27 02:41:09.442  val_finetune_dtvu_steps_3/acc@20 = 0.8500  
2025-02-27 02:41:09.442  
  
2025-02-27 02:41:09.766  
  
2025-02-27 02:41:09.766  [TRN] epoch_46  
2025-02-27 02:41:09.766  =============================================  
2025-02-27 02:41:09.766  trn/loss = 2.3241  
2025-02-27 02:41:09.766  trn/acc@01 = 0.3688  
2025-02-27 02:41:09.766  trn/acc@05 = 0.7193  
2025-02-27 02:41:09.766  trn/acc@10 = 0.8312  
2025-02-27 02:41:09.766  trn/acc@20 = 0.9321  
2025-02-27 02:41:09.766  
  
2025-02-27 02:41:09.797  
  
2025-02-27 02:41:09.797  [VAL_FINETUNE_DTVU_STEPS_1] epoch_46  
2025-02-27 02:41:09.797  =============================================  
2025-02-27 02:41:09.797  val_finetune_dtvu_steps_1/loss = 2.5240  
2025-02-27 02:41:09.797  val_finetune_dtvu_steps_1/acc@01 = 0.5000  
2025-02-27 02:41:09.797  val_finetune_dtvu_steps_1/acc@05 = 0.8000  
2025-02-27 02:41:09.797  val_finetune_dtvu_steps_1/acc@10 = 0.8500  
2025-02-27 02:41:09.797  val_finetune_dtvu_steps_1/acc@20 = 0.9000  
2025-02-27 02:41:09.797  
  
2025-02-27 02:41:09.943  
  
2025-02-27 02:41:09.944  [VAL_FINETUNE_DTVU_STEPS_3] epoch_46  
2025-02-27 02:41:09.944  =============================================  
2025-02-27 02:41:09.945  val_finetune_dtvu_steps_3/loss = 2.7905  
2025-02-27 02:41:09.947  val_finetune_dtvu_steps_3/acc@01 = 0.4167  
2025-02-27 02:41:09.954  val_finetune_dtvu_steps_3/acc@05 = 0.7167  
2025-02-27 02:41:09.971  val_finetune_dtvu_steps_3/acc@10 = 0.8167  
2025-02-27 02:41:09.984  val_finetune_dtvu_steps_3/acc@20 = 0.8667  
2025-02-27 02:41:09.994  
  
2025-02-27 02:41:10.368  
  
2025-02-27 02:41:10.368  [TRN] epoch_47  
2025-02-27 02:41:10.368  =============================================  
2025-02-27 02:41:10.368  trn/loss = 2.2101  
2025-02-27 02:41:10.368  trn/acc@01 = 0.4204  
2025-02-27 02:41:10.368  trn/acc@05 = 0.7224  
2025-02-27 02:41:10.368  trn/acc@10 = 0.8327  
2025-02-27 02:41:10.368  trn/acc@20 = 0.9102  
2025-02-27 02:41:10.368  
  
2025-02-27 02:41:10.406  
  
2025-02-27 02:41:10.406  [VAL_FINETUNE_DTVU_STEPS_1] epoch_47  
2025-02-27 02:41:10.406  =============================================  
2025-02-27 02:41:10.406  val_finetune_dtvu_steps_1/loss = 2.6632  
2025-02-27 02:41:10.406  val_finetune_dtvu_steps_1/acc@01 = 0.4000  
2025-02-27 02:41:10.406  val_finetune_dtvu_steps_1/acc@05 = 0.7500  
2025-02-27 02:41:10.406  val_finetune_dtvu_steps_1/acc@10 = 0.8500  
2025-02-27 02:41:10.406  val_finetune_dtvu_steps_1/acc@20 = 0.9000  
2025-02-27 02:41:10.406  
  
2025-02-27 02:41:10.455  
  
2025-02-27 02:41:10.456  [VAL_FINETUNE_DTVU_STEPS_3] epoch_47  
2025-02-27 02:41:10.456  =============================================  
2025-02-27 02:41:10.456  val_finetune_dtvu_steps_3/loss = 2.8185  
2025-02-27 02:41:10.456  val_finetune_dtvu_steps_3/acc@01 = 0.4000  
2025-02-27 02:41:10.456  val_finetune_dtvu_steps_3/acc@05 = 0.7500  
2025-02-27 02:41:10.456  val_finetune_dtvu_steps_3/acc@10 = 0.8167  
2025-02-27 02:41:10.456  val_finetune_dtvu_steps_3/acc@20 = 0.8500  
2025-02-27 02:41:10.456  
  
2025-02-27 02:41:10.767  
  
2025-02-27 02:41:10.767  [TRN] epoch_48  
2025-02-27 02:41:10.767  =============================================  
2025-02-27 02:41:10.767  trn/loss = 2.1374  
2025-02-27 02:41:10.767  trn/acc@01 = 0.4190  
2025-02-27 02:41:10.767  trn/acc@05 = 0.7581  
2025-02-27 02:41:10.767  trn/acc@10 = 0.8800  
2025-02-27 02:41:10.767  trn/acc@20 = 0.9467  
2025-02-27 02:41:10.767  
  
2025-02-27 02:41:10.814  
  
2025-02-27 02:41:10.814  [VAL_FINETUNE_DTVU_STEPS_1] epoch_48  
2025-02-27 02:41:10.814  =============================================  
2025-02-27 02:41:10.814  val_finetune_dtvu_steps_1/loss = 2.6214  
2025-02-27 02:41:10.814  val_finetune_dtvu_steps_1/acc@01 = 0.4500  
2025-02-27 02:41:10.814  val_finetune_dtvu_steps_1/acc@05 = 0.6500  
2025-02-27 02:41:10.814  val_finetune_dtvu_steps_1/acc@10 = 0.8500  
2025-02-27 02:41:10.814  val_finetune_dtvu_steps_1/acc@20 = 0.9000  
2025-02-27 02:41:10.814  
  
2025-02-27 02:41:10.846  
  
2025-02-27 02:41:10.846  [VAL_FINETUNE_DTVU_STEPS_3] epoch_48  
2025-02-27 02:41:10.846  =============================================  
2025-02-27 02:41:10.846  val_finetune_dtvu_steps_3/loss = 2.7948  
2025-02-27 02:41:10.846  val_finetune_dtvu_steps_3/acc@01 = 0.4000  
2025-02-27 02:41:10.846  val_finetune_dtvu_steps_3/acc@05 = 0.7000  
2025-02-27 02:41:10.846  val_finetune_dtvu_steps_3/acc@10 = 0.8000  
2025-02-27 02:41:10.846  val_finetune_dtvu_steps_3/acc@20 = 0.8667  
2025-02-27 02:41:10.846  
  
2025-02-27 02:41:11.164  
  
2025-02-27 02:41:11.164  [TRN] epoch_49  
2025-02-27 02:41:11.164  =============================================  
2025-02-27 02:41:11.164  trn/loss = 2.0453  
2025-02-27 02:41:11.164  trn/acc@01 = 0.4424  
2025-02-27 02:41:11.164  trn/acc@05 = 0.7939  
2025-02-27 02:41:11.164  trn/acc@10 = 0.8586  
2025-02-27 02:41:11.164  trn/acc@20 = 0.9394  
2025-02-27 02:41:11.164  
  
2025-02-27 02:41:11.195  
  
2025-02-27 02:41:11.195  [VAL_FINETUNE_DTVU_STEPS_1] epoch_49  
2025-02-27 02:41:11.195  =============================================  
2025-02-27 02:41:11.195  val_finetune_dtvu_steps_1/loss = 2.7414  
2025-02-27 02:41:11.195  val_finetune_dtvu_steps_1/acc@01 = 0.4000  
2025-02-27 02:41:11.195  val_finetune_dtvu_steps_1/acc@05 = 0.6000  
2025-02-27 02:41:11.195  val_finetune_dtvu_steps_1/acc@10 = 0.8000  
2025-02-27 02:41:11.195  val_finetune_dtvu_steps_1/acc@20 = 0.9000  
2025-02-27 02:41:11.195  
  
2025-02-27 02:41:11.245  
  
2025-02-27 02:41:11.245  [VAL_FINETUNE_DTVU_STEPS_3] epoch_49  
2025-02-27 02:41:11.245  =============================================  
2025-02-27 02:41:11.245  val_finetune_dtvu_steps_3/loss = 2.7940  
2025-02-27 02:41:11.245  val_finetune_dtvu_steps_3/acc@01 = 0.3833  
2025-02-27 02:41:11.245  val_finetune_dtvu_steps_3/acc@05 = 0.6833  
2025-02-27 02:41:11.245  val_finetune_dtvu_steps_3/acc@10 = 0.7500  
2025-02-27 02:41:11.245  val_finetune_dtvu_steps_3/acc@20 = 0.8833  
2025-02-27 02:41:11.245  
  
2025-02-27 02:41:11.545  
  
2025-02-27 02:41:11.545  [TRN] epoch_50  
2025-02-27 02:41:11.545  =============================================  
2025-02-27 02:41:11.545  trn/loss = 2.1293  
2025-02-27 02:41:11.545  trn/acc@01 = 0.4044  
2025-02-27 02:41:11.545  trn/acc@05 = 0.7644  
2025-02-27 02:41:11.545  trn/acc@10 = 0.8578  
2025-02-27 02:41:11.545  trn/acc@20 = 0.9444  
2025-02-27 02:41:11.545  
  
2025-02-27 02:41:11.577  
  
2025-02-27 02:41:11.577  [VAL_FINETUNE_DTVU_STEPS_1] epoch_50  
2025-02-27 02:41:11.577  =============================================  
2025-02-27 02:41:11.577  val_finetune_dtvu_steps_1/loss = 2.9394  
2025-02-27 02:41:11.577  val_finetune_dtvu_steps_1/acc@01 = 0.4000  
2025-02-27 02:41:11.592  val_finetune_dtvu_steps_1/acc@05 = 0.7000  
2025-02-27 02:41:11.592  val_finetune_dtvu_steps_1/acc@10 = 0.7500  
2025-02-27 02:41:11.592  val_finetune_dtvu_steps_1/acc@20 = 0.8000  
2025-02-27 02:41:11.592  
  
2025-02-27 02:41:11.625  
  
2025-02-27 02:41:11.625  [VAL_FINETUNE_DTVU_STEPS_3] epoch_50  
2025-02-27 02:41:11.625  =============================================  
2025-02-27 02:41:11.625  val_finetune_dtvu_steps_3/loss = 2.9435  
2025-02-27 02:41:11.625  val_finetune_dtvu_steps_3/acc@01 = 0.3667  
2025-02-27 02:41:11.625  val_finetune_dtvu_steps_3/acc@05 = 0.6833  
2025-02-27 02:41:11.625  val_finetune_dtvu_steps_3/acc@10 = 0.7000  
2025-02-27 02:41:11.625  val_finetune_dtvu_steps_3/acc@20 = 0.8333  
2025-02-27 02:41:11.625  
  
2025-02-27 02:41:11.963  
  
2025-02-27 02:41:11.963  [TRN] epoch_51  
2025-02-27 02:41:11.963  =============================================  
2025-02-27 02:41:11.963  trn/loss = 1.9533  
2025-02-27 02:41:11.963  trn/acc@01 = 0.4895  
2025-02-27 02:41:11.963  trn/acc@05 = 0.7924  
2025-02-27 02:41:11.963  trn/acc@10 = 0.8952  
2025-02-27 02:41:11.963  trn/acc@20 = 0.9543  
2025-02-27 02:41:11.963  
  
2025-02-27 02:41:12.014  
  
2025-02-27 02:41:12.014  [VAL_FINETUNE_DTVU_STEPS_1] epoch_51  
2025-02-27 02:41:12.014  =============================================  
2025-02-27 02:41:12.014  val_finetune_dtvu_steps_1/loss = 2.8043  
2025-02-27 02:41:12.014  val_finetune_dtvu_steps_1/acc@01 = 0.4000  
2025-02-27 02:41:12.014  val_finetune_dtvu_steps_1/acc@05 = 0.6500  
2025-02-27 02:41:12.014  val_finetune_dtvu_steps_1/acc@10 = 0.8000  
2025-02-27 02:41:12.014  val_finetune_dtvu_steps_1/acc@20 = 0.9000  
2025-02-27 02:41:12.014  
  
2025-02-27 02:41:12.054  
  
2025-02-27 02:41:12.054  [VAL_FINETUNE_DTVU_STEPS_3] epoch_51  
2025-02-27 02:41:12.054  =============================================  
2025-02-27 02:41:12.054  val_finetune_dtvu_steps_3/loss = 2.8629  
2025-02-27 02:41:12.054  val_finetune_dtvu_steps_3/acc@01 = 0.3500  
2025-02-27 02:41:12.054  val_finetune_dtvu_steps_3/acc@05 = 0.7000  
2025-02-27 02:41:12.054  val_finetune_dtvu_steps_3/acc@10 = 0.8167  
2025-02-27 02:41:12.054  val_finetune_dtvu_steps_3/acc@20 = 0.8667  
2025-02-27 02:41:12.054  
  
2025-02-27 02:41:12.374  
  
2025-02-27 02:41:12.374  [TRN] epoch_52  
2025-02-27 02:41:12.374  =============================================  
2025-02-27 02:41:12.374  trn/loss = 1.9361  
2025-02-27 02:41:12.374  trn/acc@01 = 0.4561  
2025-02-27 02:41:12.374  trn/acc@05 = 0.7925  
2025-02-27 02:41:12.374  trn/acc@10 = 0.8860  
2025-02-27 02:41:12.374  trn/acc@20 = 0.9626  
2025-02-27 02:41:12.374  
  
2025-02-27 02:41:12.422  
  
2025-02-27 02:41:12.422  [VAL_FINETUNE_DTVU_STEPS_1] epoch_52  
2025-02-27 02:41:12.422  =============================================  
2025-02-27 02:41:12.422  val_finetune_dtvu_steps_1/loss = 2.7135  
2025-02-27 02:41:12.422  val_finetune_dtvu_steps_1/acc@01 = 0.4000  
2025-02-27 02:41:12.422  val_finetune_dtvu_steps_1/acc@05 = 0.7000  
2025-02-27 02:41:12.422  val_finetune_dtvu_steps_1/acc@10 = 0.7500  
2025-02-27 02:41:12.422  val_finetune_dtvu_steps_1/acc@20 = 0.8500  
2025-02-27 02:41:12.422  
  
2025-02-27 02:41:12.464  
  
2025-02-27 02:41:12.464  [VAL_FINETUNE_DTVU_STEPS_3] epoch_52  
2025-02-27 02:41:12.464  =============================================  
2025-02-27 02:41:12.464  val_finetune_dtvu_steps_3/loss = 2.8103  
2025-02-27 02:41:12.464  val_finetune_dtvu_steps_3/acc@01 = 0.4000  
2025-02-27 02:41:12.464  val_finetune_dtvu_steps_3/acc@05 = 0.7333  
2025-02-27 02:41:12.464  val_finetune_dtvu_steps_3/acc@10 = 0.7667  
2025-02-27 02:41:12.464  val_finetune_dtvu_steps_3/acc@20 = 0.8333  
2025-02-27 02:41:12.464  
  
2025-02-27 02:41:12.772  
  
2025-02-27 02:41:12.772  [TRN] epoch_53  
2025-02-27 02:41:12.773  =============================================  
2025-02-27 02:41:12.773  trn/loss = 2.0052  
2025-02-27 02:41:12.773  trn/acc@01 = 0.4491  
2025-02-27 02:41:12.773  trn/acc@05 = 0.7774  
2025-02-27 02:41:12.773  trn/acc@10 = 0.8868  
2025-02-27 02:41:12.773  trn/acc@20 = 0.9566  
2025-02-27 02:41:12.773  
  
2025-02-27 02:41:12.811  
  
2025-02-27 02:41:12.812  [VAL_FINETUNE_DTVU_STEPS_1] epoch_53  
2025-02-27 02:41:12.812  =============================================  
2025-02-27 02:41:12.812  val_finetune_dtvu_steps_1/loss = 2.6990  
2025-02-27 02:41:12.812  val_finetune_dtvu_steps_1/acc@01 = 0.4000  
2025-02-27 02:41:12.812  val_finetune_dtvu_steps_1/acc@05 = 0.7500  
2025-02-27 02:41:12.812  val_finetune_dtvu_steps_1/acc@10 = 0.8000  
2025-02-27 02:41:12.812  val_finetune_dtvu_steps_1/acc@20 = 0.9000  
2025-02-27 02:41:12.812  
  
2025-02-27 02:41:12.842  
  
2025-02-27 02:41:12.851  [VAL_FINETUNE_DTVU_STEPS_3] epoch_53  
2025-02-27 02:41:12.851  =============================================  
2025-02-27 02:41:12.851  val_finetune_dtvu_steps_3/loss = 2.7632  
2025-02-27 02:41:12.851  val_finetune_dtvu_steps_3/acc@01 = 0.4333  
2025-02-27 02:41:12.851  val_finetune_dtvu_steps_3/acc@05 = 0.7333  
2025-02-27 02:41:12.852  val_finetune_dtvu_steps_3/acc@10 = 0.8000  
2025-02-27 02:41:12.852  val_finetune_dtvu_steps_3/acc@20 = 0.8667  
2025-02-27 02:41:12.852  
  
2025-02-27 02:41:13.155  
  
2025-02-27 02:41:13.155  [TRN] epoch_54  
2025-02-27 02:41:13.155  =============================================  
2025-02-27 02:41:13.155  trn/loss = 1.9737  
2025-02-27 02:41:13.155  trn/acc@01 = 0.4545  
2025-02-27 02:41:13.155  trn/acc@05 = 0.7891  
2025-02-27 02:41:13.155  trn/acc@10 = 0.8691  
2025-02-27 02:41:13.155  trn/acc@20 = 0.9545  
2025-02-27 02:41:13.155  
  
2025-02-27 02:41:13.199  
  
2025-02-27 02:41:13.200  [VAL_FINETUNE_DTVU_STEPS_1] epoch_54  
2025-02-27 02:41:13.200  =============================================  
2025-02-27 02:41:13.200  val_finetune_dtvu_steps_1/loss = 2.6268  
2025-02-27 02:41:13.200  val_finetune_dtvu_steps_1/acc@01 = 0.4000  
2025-02-27 02:41:13.200  val_finetune_dtvu_steps_1/acc@05 = 0.7000  
2025-02-27 02:41:13.200  val_finetune_dtvu_steps_1/acc@10 = 0.8000  
2025-02-27 02:41:13.200  val_finetune_dtvu_steps_1/acc@20 = 0.9000  
2025-02-27 02:41:13.200  
  
2025-02-27 02:41:13.240  
  
2025-02-27 02:41:13.240  [VAL_FINETUNE_DTVU_STEPS_3] epoch_54  
2025-02-27 02:41:13.240  =============================================  
2025-02-27 02:41:13.240  val_finetune_dtvu_steps_3/loss = 2.8404  
2025-02-27 02:41:13.241  val_finetune_dtvu_steps_3/acc@01 = 0.4000  
2025-02-27 02:41:13.241  val_finetune_dtvu_steps_3/acc@05 = 0.7667  
2025-02-27 02:41:13.241  val_finetune_dtvu_steps_3/acc@10 = 0.8000  
2025-02-27 02:41:13.241  val_finetune_dtvu_steps_3/acc@20 = 0.8500  
2025-02-27 02:41:13.241  
  
2025-02-27 02:41:13.552  
  
2025-02-27 02:41:13.552  [TRN] epoch_55  
2025-02-27 02:41:13.552  =============================================  
2025-02-27 02:41:13.552  trn/loss = 1.8633  
2025-02-27 02:41:13.552  trn/acc@01 = 0.5010  
2025-02-27 02:41:13.552  trn/acc@05 = 0.8114  
2025-02-27 02:41:13.552  trn/acc@10 = 0.8914  
2025-02-27 02:41:13.552  trn/acc@20 = 0.9676  
2025-02-27 02:41:13.553  
  
2025-02-27 02:41:13.589  
  
2025-02-27 02:41:13.589  [VAL_FINETUNE_DTVU_STEPS_1] epoch_55  
2025-02-27 02:41:13.589  =============================================  
2025-02-27 02:41:13.589  val_finetune_dtvu_steps_1/loss = 2.6427  
2025-02-27 02:41:13.589  val_finetune_dtvu_steps_1/acc@01 = 0.4500  
2025-02-27 02:41:13.590  val_finetune_dtvu_steps_1/acc@05 = 0.7000  
2025-02-27 02:41:13.590  val_finetune_dtvu_steps_1/acc@10 = 0.8000  
2025-02-27 02:41:13.590  val_finetune_dtvu_steps_1/acc@20 = 0.8000  
2025-02-27 02:41:13.590  
  
2025-02-27 02:41:13.632  
  
2025-02-27 02:41:13.632  [VAL_FINETUNE_DTVU_STEPS_3] epoch_55  
2025-02-27 02:41:13.632  =============================================  
2025-02-27 02:41:13.632  val_finetune_dtvu_steps_3/loss = 2.7184  
2025-02-27 02:41:13.632  val_finetune_dtvu_steps_3/acc@01 = 0.4167  
2025-02-27 02:41:13.632  val_finetune_dtvu_steps_3/acc@05 = 0.7667  
2025-02-27 02:41:13.632  val_finetune_dtvu_steps_3/acc@10 = 0.8167  
2025-02-27 02:41:13.632  val_finetune_dtvu_steps_3/acc@20 = 0.8167  
2025-02-27 02:41:13.633  
  
2025-02-27 02:41:13.944  
  
2025-02-27 02:41:13.944  [TRN] epoch_56  
2025-02-27 02:41:13.944  =============================================  
2025-02-27 02:41:13.944  trn/loss = 1.8927  
2025-02-27 02:41:13.945  trn/acc@01 = 0.4554  
2025-02-27 02:41:13.945  trn/acc@05 = 0.8143  
2025-02-27 02:41:13.945  trn/acc@10 = 0.9000  
2025-02-27 02:41:13.945  trn/acc@20 = 0.9679  
2025-02-27 02:41:13.945  
  
2025-02-27 02:41:13.985  
  
2025-02-27 02:41:13.985  [VAL_FINETUNE_DTVU_STEPS_1] epoch_56  
2025-02-27 02:41:13.985  =============================================  
2025-02-27 02:41:13.986  val_finetune_dtvu_steps_1/loss = 2.6034  
2025-02-27 02:41:13.986  val_finetune_dtvu_steps_1/acc@01 = 0.5000  
2025-02-27 02:41:13.986  val_finetune_dtvu_steps_1/acc@05 = 0.7500  
2025-02-27 02:41:13.986  val_finetune_dtvu_steps_1/acc@10 = 0.8000  
2025-02-27 02:41:13.986  val_finetune_dtvu_steps_1/acc@20 = 0.9000  
2025-02-27 02:41:13.986  
  
2025-02-27 02:41:14.026  
  
2025-02-27 02:41:14.026  [VAL_FINETUNE_DTVU_STEPS_3] epoch_56  
2025-02-27 02:41:14.026  =============================================  
2025-02-27 02:41:14.026  val_finetune_dtvu_steps_3/loss = 2.8021  
2025-02-27 02:41:14.026  val_finetune_dtvu_steps_3/acc@01 = 0.3667  
2025-02-27 02:41:14.026  val_finetune_dtvu_steps_3/acc@05 = 0.7333  
2025-02-27 02:41:14.026  val_finetune_dtvu_steps_3/acc@10 = 0.8000  
2025-02-27 02:41:14.027  val_finetune_dtvu_steps_3/acc@20 = 0.8500  
2025-02-27 02:41:14.027  
  
2025-02-27 02:41:14.334  
  
2025-02-27 02:41:14.334  [TRN] epoch_57  
2025-02-27 02:41:14.334  =============================================  
2025-02-27 02:41:14.334  trn/loss = 1.7910  
2025-02-27 02:41:14.335  trn/acc@01 = 0.5106  
2025-02-27 02:41:14.335  trn/acc@05 = 0.8149  
2025-02-27 02:41:14.335  trn/acc@10 = 0.9085  
2025-02-27 02:41:14.335  trn/acc@20 = 0.9745  
2025-02-27 02:41:14.335  
  
2025-02-27 02:41:14.374  
  
2025-02-27 02:41:14.374  [VAL_FINETUNE_DTVU_STEPS_1] epoch_57  
2025-02-27 02:41:14.374  =============================================  
2025-02-27 02:41:14.374  val_finetune_dtvu_steps_1/loss = 2.7672  
2025-02-27 02:41:14.374  val_finetune_dtvu_steps_1/acc@01 = 0.3500  
2025-02-27 02:41:14.374  val_finetune_dtvu_steps_1/acc@05 = 0.7000  
2025-02-27 02:41:14.375  val_finetune_dtvu_steps_1/acc@10 = 0.8000  
2025-02-27 02:41:14.375  val_finetune_dtvu_steps_1/acc@20 = 0.9000  
2025-02-27 02:41:14.375  
  
2025-02-27 02:41:14.409  
  
2025-02-27 02:41:14.409  [VAL_FINETUNE_DTVU_STEPS_3] epoch_57  
2025-02-27 02:41:14.409  =============================================  
2025-02-27 02:41:14.409  val_finetune_dtvu_steps_3/loss = 2.8869  
2025-02-27 02:41:14.409  val_finetune_dtvu_steps_3/acc@01 = 0.4000  
2025-02-27 02:41:14.409  val_finetune_dtvu_steps_3/acc@05 = 0.7500  
2025-02-27 02:41:14.409  val_finetune_dtvu_steps_3/acc@10 = 0.8000  
2025-02-27 02:41:14.409  val_finetune_dtvu_steps_3/acc@20 = 0.8500  
2025-02-27 02:41:14.409  
  
2025-02-27 02:41:14.751  
  
2025-02-27 02:41:14.751  [TRN] epoch_58  
2025-02-27 02:41:14.751  =============================================  
2025-02-27 02:41:14.751  trn/loss = 1.9330  
2025-02-27 02:41:14.751  trn/acc@01 = 0.4641  
2025-02-27 02:41:14.751  trn/acc@05 = 0.8097  
2025-02-27 02:41:14.751  trn/acc@10 = 0.8990  
2025-02-27 02:41:14.751  trn/acc@20 = 0.9728  
2025-02-27 02:41:14.751  
  
2025-02-27 02:41:14.793  
  
2025-02-27 02:41:14.793  [VAL_FINETUNE_DTVU_STEPS_1] epoch_58  
2025-02-27 02:41:14.793  =============================================  
2025-02-27 02:41:14.793  val_finetune_dtvu_steps_1/loss = 2.6209  
2025-02-27 02:41:14.793  val_finetune_dtvu_steps_1/acc@01 = 0.5000  
2025-02-27 02:41:14.793  val_finetune_dtvu_steps_1/acc@05 = 0.7000  
2025-02-27 02:41:14.793  val_finetune_dtvu_steps_1/acc@10 = 0.8000  
2025-02-27 02:41:14.793  val_finetune_dtvu_steps_1/acc@20 = 0.9000  
2025-02-27 02:41:14.793  
  
2025-02-27 02:41:14.843  
  
2025-02-27 02:41:14.843  [VAL_FINETUNE_DTVU_STEPS_3] epoch_58  
2025-02-27 02:41:14.843  =============================================  
2025-02-27 02:41:14.843  val_finetune_dtvu_steps_3/loss = 2.7392  
2025-02-27 02:41:14.843  val_finetune_dtvu_steps_3/acc@01 = 0.3833  
2025-02-27 02:41:14.843  val_finetune_dtvu_steps_3/acc@05 = 0.7167  
2025-02-27 02:41:14.843  val_finetune_dtvu_steps_3/acc@10 = 0.8167  
2025-02-27 02:41:14.843  val_finetune_dtvu_steps_3/acc@20 = 0.8500  
2025-02-27 02:41:14.843  
  
2025-02-27 02:41:15.184  
  
2025-02-27 02:41:15.184  [TRN] epoch_59  
2025-02-27 02:41:15.184  =============================================  
2025-02-27 02:41:15.184  trn/loss = 1.8345  
2025-02-27 02:41:15.184  trn/acc@01 = 0.5028  
2025-02-27 02:41:15.184  trn/acc@05 = 0.7776  
2025-02-27 02:41:15.184  trn/acc@10 = 0.8953  
2025-02-27 02:41:15.184  trn/acc@20 = 0.9533  
2025-02-27 02:41:15.184  
  
2025-02-27 02:41:15.224  
  
2025-02-27 02:41:15.224  [VAL_FINETUNE_DTVU_STEPS_1] epoch_59  
2025-02-27 02:41:15.224  =============================================  
2025-02-27 02:41:15.224  val_finetune_dtvu_steps_1/loss = 2.6051  
2025-02-27 02:41:15.224  val_finetune_dtvu_steps_1/acc@01 = 0.4500  
2025-02-27 02:41:15.224  val_finetune_dtvu_steps_1/acc@05 = 0.6500  
2025-02-27 02:41:15.224  val_finetune_dtvu_steps_1/acc@10 = 0.7500  
2025-02-27 02:41:15.224  val_finetune_dtvu_steps_1/acc@20 = 0.9000  
2025-02-27 02:41:15.224  
  
2025-02-27 02:41:15.268  
  
2025-02-27 02:41:15.268  [VAL_FINETUNE_DTVU_STEPS_3] epoch_59  
2025-02-27 02:41:15.268  =============================================  
2025-02-27 02:41:15.268  val_finetune_dtvu_steps_3/loss = 2.8128  
2025-02-27 02:41:15.268  val_finetune_dtvu_steps_3/acc@01 = 0.3833  
2025-02-27 02:41:15.268  val_finetune_dtvu_steps_3/acc@05 = 0.6333  
2025-02-27 02:41:15.268  val_finetune_dtvu_steps_3/acc@10 = 0.7667  
2025-02-27 02:41:15.268  val_finetune_dtvu_steps_3/acc@20 = 0.8500  
2025-02-27 02:41:15.268  
  
2025-02-27 02:41:15.621  
  
2025-02-27 02:41:15.621  [TRN] epoch_60  
2025-02-27 02:41:15.621  =============================================  
2025-02-27 02:41:15.621  trn/loss = 1.8689  
2025-02-27 02:41:15.621  trn/acc@01 = 0.4946  
2025-02-27 02:41:15.621  trn/acc@05 = 0.8129  
2025-02-27 02:41:15.621  trn/acc@10 = 0.8925  
2025-02-27 02:41:15.621  trn/acc@20 = 0.9656  
2025-02-27 02:41:15.621  
  
2025-02-27 02:41:15.682  
  
2025-02-27 02:41:15.682  [VAL_FINETUNE_DTVU_STEPS_1] epoch_60  
2025-02-27 02:41:15.682  =============================================  
2025-02-27 02:41:15.682  val_finetune_dtvu_steps_1/loss = 2.9822  
2025-02-27 02:41:15.682  val_finetune_dtvu_steps_1/acc@01 = 0.3000  
2025-02-27 02:41:15.682  val_finetune_dtvu_steps_1/acc@05 = 0.6500  
2025-02-27 02:41:15.682  val_finetune_dtvu_steps_1/acc@10 = 0.7000  
2025-02-27 02:41:15.683  val_finetune_dtvu_steps_1/acc@20 = 0.7500  
2025-02-27 02:41:15.683  
  
2025-02-27 02:41:15.730  
  
2025-02-27 02:41:15.730  [VAL_FINETUNE_DTVU_STEPS_3] epoch_60  
2025-02-27 02:41:15.731  =============================================  
2025-02-27 02:41:15.731  val_finetune_dtvu_steps_3/loss = 3.0811  
2025-02-27 02:41:15.731  val_finetune_dtvu_steps_3/acc@01 = 0.3500  
2025-02-27 02:41:15.731  val_finetune_dtvu_steps_3/acc@05 = 0.6167  
2025-02-27 02:41:15.731  val_finetune_dtvu_steps_3/acc@10 = 0.7333  
2025-02-27 02:41:15.731  val_finetune_dtvu_steps_3/acc@20 = 0.7667  
2025-02-27 02:41:15.731  
  
2025-02-27 02:41:16.021  
  
2025-02-27 02:41:16.021  [TRN] epoch_61  
2025-02-27 02:41:16.021  =============================================  
2025-02-27 02:41:16.021  trn/loss = 1.7336  
2025-02-27 02:41:16.021  trn/acc@01 = 0.4961  
2025-02-27 02:41:16.021  trn/acc@05 = 0.8510  
2025-02-27 02:41:16.021  trn/acc@10 = 0.9235  
2025-02-27 02:41:16.021  trn/acc@20 = 0.9725  
2025-02-27 02:41:16.021  
  
2025-02-27 02:41:16.069  
  
2025-02-27 02:41:16.069  [VAL_FINETUNE_DTVU_STEPS_1] epoch_61  
2025-02-27 02:41:16.069  =============================================  
2025-02-27 02:41:16.069  val_finetune_dtvu_steps_1/loss = 2.6938  
2025-02-27 02:41:16.069  val_finetune_dtvu_steps_1/acc@01 = 0.4000  
2025-02-27 02:41:16.069  val_finetune_dtvu_steps_1/acc@05 = 0.7000  
2025-02-27 02:41:16.069  val_finetune_dtvu_steps_1/acc@10 = 0.8500  
2025-02-27 02:41:16.069  val_finetune_dtvu_steps_1/acc@20 = 0.8500  
2025-02-27 02:41:16.069  
  
2025-02-27 02:41:16.102  
  
2025-02-27 02:41:16.102  [VAL_FINETUNE_DTVU_STEPS_3] epoch_61  
2025-02-27 02:41:16.102  =============================================  
2025-02-27 02:41:16.102  val_finetune_dtvu_steps_3/loss = 2.7443  
2025-02-27 02:41:16.102  val_finetune_dtvu_steps_3/acc@01 = 0.4167  
2025-02-27 02:41:16.102  val_finetune_dtvu_steps_3/acc@05 = 0.7333  
2025-02-27 02:41:16.102  val_finetune_dtvu_steps_3/acc@10 = 0.8000  
2025-02-27 02:41:16.102  val_finetune_dtvu_steps_3/acc@20 = 0.8167  
2025-02-27 02:41:16.102  
  
2025-02-27 02:41:16.384  
  
2025-02-27 02:41:16.384  [TRN] epoch_62  
2025-02-27 02:41:16.384  =============================================  
2025-02-27 02:41:16.384  trn/loss = 1.7554  
2025-02-27 02:41:16.384  trn/acc@01 = 0.5022  
2025-02-27 02:41:16.384  trn/acc@05 = 0.8478  
2025-02-27 02:41:16.384  trn/acc@10 = 0.9283  
2025-02-27 02:41:16.384  trn/acc@20 = 0.9739  
2025-02-27 02:41:16.384  
  
2025-02-27 02:41:16.422  
  
2025-02-27 02:41:16.422  [VAL_FINETUNE_DTVU_STEPS_1] epoch_62  
2025-02-27 02:41:16.422  =============================================  
2025-02-27 02:41:16.422  val_finetune_dtvu_steps_1/loss = 2.8276  
2025-02-27 02:41:16.422  val_finetune_dtvu_steps_1/acc@01 = 0.4500  
2025-02-27 02:41:16.422  val_finetune_dtvu_steps_1/acc@05 = 0.7000  
2025-02-27 02:41:16.422  val_finetune_dtvu_steps_1/acc@10 = 0.7500  
2025-02-27 02:41:16.422  val_finetune_dtvu_steps_1/acc@20 = 0.8000  
2025-02-27 02:41:16.422  
  
2025-02-27 02:41:16.463  
  
2025-02-27 02:41:16.463  [VAL_FINETUNE_DTVU_STEPS_3] epoch_62  
2025-02-27 02:41:16.463  =============================================  
2025-02-27 02:41:16.463  val_finetune_dtvu_steps_3/loss = 2.8465  
2025-02-27 02:41:16.463  val_finetune_dtvu_steps_3/acc@01 = 0.4167  
2025-02-27 02:41:16.463  val_finetune_dtvu_steps_3/acc@05 = 0.6833  
2025-02-27 02:41:16.463  val_finetune_dtvu_steps_3/acc@10 = 0.7667  
2025-02-27 02:41:16.463  val_finetune_dtvu_steps_3/acc@20 = 0.8167  
2025-02-27 02:41:16.463  
  
2025-02-27 02:41:16.747  
  
2025-02-27 02:41:16.747  [TRN] epoch_63  
2025-02-27 02:41:16.747  =============================================  
2025-02-27 02:41:16.747  trn/loss = 1.6342  
2025-02-27 02:41:16.747  trn/acc@01 = 0.5140  
2025-02-27 02:41:16.747  trn/acc@05 = 0.8617  
2025-02-27 02:41:16.747  trn/acc@10 = 0.9383  
2025-02-27 02:41:16.747  trn/acc@20 = 0.9869  
2025-02-27 02:41:16.747  
  
2025-02-27 02:41:16.795  
  
2025-02-27 02:41:16.795  [VAL_FINETUNE_DTVU_STEPS_1] epoch_63  
2025-02-27 02:41:16.795  =============================================  
2025-02-27 02:41:16.795  val_finetune_dtvu_steps_1/loss = 2.6238  
2025-02-27 02:41:16.795  val_finetune_dtvu_steps_1/acc@01 = 0.4000  
2025-02-27 02:41:16.795  val_finetune_dtvu_steps_1/acc@05 = 0.7000  
2025-02-27 02:41:16.795  val_finetune_dtvu_steps_1/acc@10 = 0.8500  
2025-02-27 02:41:16.795  val_finetune_dtvu_steps_1/acc@20 = 0.9000  
2025-02-27 02:41:16.795  
  
2025-02-27 02:41:16.831  
  
2025-02-27 02:41:16.831  [VAL_FINETUNE_DTVU_STEPS_3] epoch_63  
2025-02-27 02:41:16.831  =============================================  
2025-02-27 02:41:16.831  val_finetune_dtvu_steps_3/loss = 2.8693  
2025-02-27 02:41:16.831  val_finetune_dtvu_steps_3/acc@01 = 0.3833  
2025-02-27 02:41:16.831  val_finetune_dtvu_steps_3/acc@05 = 0.7167  
2025-02-27 02:41:16.831  val_finetune_dtvu_steps_3/acc@10 = 0.7667  
2025-02-27 02:41:16.831  val_finetune_dtvu_steps_3/acc@20 = 0.8333  
2025-02-27 02:41:16.831  
  
