2025-02-26 23:06:59.737  
  
2025-02-26 23:06:59.737  [TRN] epoch_00  
2025-02-26 23:06:59.737  =============================================  
2025-02-26 23:06:59.737  trn/loss = 5.9396  
2025-02-26 23:06:59.737  trn/acc@01 = 0.0480  
2025-02-26 23:06:59.737  trn/acc@05 = 0.1286  
2025-02-26 23:06:59.737  trn/acc@10 = 0.1724  
2025-02-26 23:06:59.737  trn/acc@20 = 0.2194  
2025-02-26 23:06:59.737  
  
2025-02-26 23:06:59.773  
  
2025-02-26 23:06:59.773  [VAL_FINETUNE_DTVU_STEPS_1] epoch_00  
2025-02-26 23:06:59.773  =============================================  
2025-02-26 23:06:59.773  val_finetune_dtvu_steps_1/loss = 5.2844  
2025-02-26 23:06:59.773  val_finetune_dtvu_steps_1/acc@01 = 0.1000  
2025-02-26 23:06:59.773  val_finetune_dtvu_steps_1/acc@05 = 0.2250  
2025-02-26 23:06:59.784  val_finetune_dtvu_steps_1/acc@10 = 0.3000  
2025-02-26 23:06:59.784  val_finetune_dtvu_steps_1/acc@20 = 0.4500  
2025-02-26 23:06:59.784  
  
2025-02-26 23:06:59.830  
  
2025-02-26 23:06:59.830  [VAL_FINETUNE_DTVU_STEPS_3] epoch_00  
2025-02-26 23:06:59.830  =============================================  
2025-02-26 23:06:59.830  val_finetune_dtvu_steps_3/loss = 5.4141  
2025-02-26 23:06:59.830  val_finetune_dtvu_steps_3/acc@01 = 0.0917  
2025-02-26 23:06:59.830  val_finetune_dtvu_steps_3/acc@05 = 0.1750  
2025-02-26 23:06:59.830  val_finetune_dtvu_steps_3/acc@10 = 0.2750  
2025-02-26 23:06:59.830  val_finetune_dtvu_steps_3/acc@20 = 0.4333  
2025-02-26 23:06:59.830  
  
2025-02-26 23:07:00.163  
  
2025-02-26 23:07:00.163  [TRN] epoch_01  
2025-02-26 23:07:00.163  =============================================  
2025-02-26 23:07:00.163  trn/loss = 5.0678  
2025-02-26 23:07:00.163  trn/acc@01 = 0.1128  
2025-02-26 23:07:00.163  trn/acc@05 = 0.2777  
2025-02-26 23:07:00.163  trn/acc@10 = 0.3777  
2025-02-26 23:07:00.163  trn/acc@20 = 0.4840  
2025-02-26 23:07:00.163  
  
2025-02-26 23:07:00.203  
  
2025-02-26 23:07:00.203  [VAL_FINETUNE_DTVU_STEPS_1] epoch_01  
2025-02-26 23:07:00.203  =============================================  
2025-02-26 23:07:00.203  val_finetune_dtvu_steps_1/loss = 4.6530  
2025-02-26 23:07:00.203  val_finetune_dtvu_steps_1/acc@01 = 0.2000  
2025-02-26 23:07:00.203  val_finetune_dtvu_steps_1/acc@05 = 0.3000  
2025-02-26 23:07:00.203  val_finetune_dtvu_steps_1/acc@10 = 0.4250  
2025-02-26 23:07:00.203  val_finetune_dtvu_steps_1/acc@20 = 0.5250  
2025-02-26 23:07:00.203  
  
2025-02-26 23:07:00.246  
  
2025-02-26 23:07:00.246  [VAL_FINETUNE_DTVU_STEPS_3] epoch_01  
2025-02-26 23:07:00.246  =============================================  
2025-02-26 23:07:00.246  val_finetune_dtvu_steps_3/loss = 4.8630  
2025-02-26 23:07:00.246  val_finetune_dtvu_steps_3/acc@01 = 0.1667  
2025-02-26 23:07:00.246  val_finetune_dtvu_steps_3/acc@05 = 0.2750  
2025-02-26 23:07:00.246  val_finetune_dtvu_steps_3/acc@10 = 0.4000  
2025-02-26 23:07:00.246  val_finetune_dtvu_steps_3/acc@20 = 0.5000  
2025-02-26 23:07:00.246  
  
2025-02-26 23:07:00.594  
  
2025-02-26 23:07:00.594  [TRN] epoch_02  
2025-02-26 23:07:00.594  =============================================  
2025-02-26 23:07:00.594  trn/loss = 4.4720  
2025-02-26 23:07:00.594  trn/acc@01 = 0.2047  
2025-02-26 23:07:00.594  trn/acc@05 = 0.4075  
2025-02-26 23:07:00.594  trn/acc@10 = 0.5009  
2025-02-26 23:07:00.594  trn/acc@20 = 0.5774  
2025-02-26 23:07:00.594  
  
2025-02-26 23:07:00.634  
  
2025-02-26 23:07:00.634  [VAL_FINETUNE_DTVU_STEPS_1] epoch_02  
2025-02-26 23:07:00.634  =============================================  
2025-02-26 23:07:00.634  val_finetune_dtvu_steps_1/loss = 4.1603  
2025-02-26 23:07:00.634  val_finetune_dtvu_steps_1/acc@01 = 0.2500  
2025-02-26 23:07:00.634  val_finetune_dtvu_steps_1/acc@05 = 0.5250  
2025-02-26 23:07:00.634  val_finetune_dtvu_steps_1/acc@10 = 0.5500  
2025-02-26 23:07:00.634  val_finetune_dtvu_steps_1/acc@20 = 0.6000  
2025-02-26 23:07:00.634  
  
2025-02-26 23:07:00.680  
  
2025-02-26 23:07:00.682  [VAL_FINETUNE_DTVU_STEPS_3] epoch_02  
2025-02-26 23:07:00.682  =============================================  
2025-02-26 23:07:00.682  val_finetune_dtvu_steps_3/loss = 4.4031  
2025-02-26 23:07:00.682  val_finetune_dtvu_steps_3/acc@01 = 0.2250  
2025-02-26 23:07:00.682  val_finetune_dtvu_steps_3/acc@05 = 0.4750  
2025-02-26 23:07:00.682  val_finetune_dtvu_steps_3/acc@10 = 0.4917  
2025-02-26 23:07:00.682  val_finetune_dtvu_steps_3/acc@20 = 0.5583  
2025-02-26 23:07:00.683  
  
2025-02-26 23:07:01.072  
  
2025-02-26 23:07:01.072  [TRN] epoch_03  
2025-02-26 23:07:01.072  =============================================  
2025-02-26 23:07:01.073  trn/loss = 4.0127  
2025-02-26 23:07:01.073  trn/acc@01 = 0.2907  
2025-02-26 23:07:01.073  trn/acc@05 = 0.5175  
2025-02-26 23:07:01.073  trn/acc@10 = 0.5680  
2025-02-26 23:07:01.073  trn/acc@20 = 0.6258  
2025-02-26 23:07:01.073  
  
2025-02-26 23:07:01.113  
  
2025-02-26 23:07:01.113  [VAL_FINETUNE_DTVU_STEPS_1] epoch_03  
2025-02-26 23:07:01.113  =============================================  
2025-02-26 23:07:01.113  val_finetune_dtvu_steps_1/loss = 3.8779  
2025-02-26 23:07:01.113  val_finetune_dtvu_steps_1/acc@01 = 0.3250  
2025-02-26 23:07:01.113  val_finetune_dtvu_steps_1/acc@05 = 0.5250  
2025-02-26 23:07:01.113  val_finetune_dtvu_steps_1/acc@10 = 0.5500  
2025-02-26 23:07:01.113  val_finetune_dtvu_steps_1/acc@20 = 0.6000  
2025-02-26 23:07:01.113  
  
2025-02-26 23:07:01.157  
  
2025-02-26 23:07:01.157  [VAL_FINETUNE_DTVU_STEPS_3] epoch_03  
2025-02-26 23:07:01.157  =============================================  
2025-02-26 23:07:01.157  val_finetune_dtvu_steps_3/loss = 4.1027  
2025-02-26 23:07:01.157  val_finetune_dtvu_steps_3/acc@01 = 0.2833  
2025-02-26 23:07:01.157  val_finetune_dtvu_steps_3/acc@05 = 0.5000  
2025-02-26 23:07:01.157  val_finetune_dtvu_steps_3/acc@10 = 0.5250  
2025-02-26 23:07:01.157  val_finetune_dtvu_steps_3/acc@20 = 0.5917  
2025-02-26 23:07:01.157  
  
2025-02-26 23:07:01.613  
  
2025-02-26 23:07:01.613  [TRN] epoch_04  
2025-02-26 23:07:01.613  =============================================  
2025-02-26 23:07:01.613  trn/loss = 3.5068  
2025-02-26 23:07:01.613  trn/acc@01 = 0.3346  
2025-02-26 23:07:01.613  trn/acc@05 = 0.6234  
2025-02-26 23:07:01.613  trn/acc@10 = 0.6682  
2025-02-26 23:07:01.613  trn/acc@20 = 0.7206  
2025-02-26 23:07:01.613  
  
2025-02-26 23:07:01.667  
  
2025-02-26 23:07:01.667  [VAL_FINETUNE_DTVU_STEPS_1] epoch_04  
2025-02-26 23:07:01.667  =============================================  
2025-02-26 23:07:01.667  val_finetune_dtvu_steps_1/loss = 3.7692  
2025-02-26 23:07:01.667  val_finetune_dtvu_steps_1/acc@01 = 0.3250  
2025-02-26 23:07:01.667  val_finetune_dtvu_steps_1/acc@05 = 0.5750  
2025-02-26 23:07:01.667  val_finetune_dtvu_steps_1/acc@10 = 0.6000  
2025-02-26 23:07:01.667  val_finetune_dtvu_steps_1/acc@20 = 0.6500  
2025-02-26 23:07:01.667  
  
2025-02-26 23:07:01.715  
  
2025-02-26 23:07:01.722  [VAL_FINETUNE_DTVU_STEPS_3] epoch_04  
2025-02-26 23:07:01.722  =============================================  
2025-02-26 23:07:01.722  val_finetune_dtvu_steps_3/loss = 3.9881  
2025-02-26 23:07:01.722  val_finetune_dtvu_steps_3/acc@01 = 0.2750  
2025-02-26 23:07:01.722  val_finetune_dtvu_steps_3/acc@05 = 0.5417  
2025-02-26 23:07:01.723  val_finetune_dtvu_steps_3/acc@10 = 0.5750  
2025-02-26 23:07:01.723  val_finetune_dtvu_steps_3/acc@20 = 0.6167  
2025-02-26 23:07:01.723  
  
2025-02-26 23:07:02.093  
  
2025-02-26 23:07:02.094  [TRN] epoch_05  
2025-02-26 23:07:02.094  =============================================  
2025-02-26 23:07:02.094  trn/loss = 3.4014  
2025-02-26 23:07:02.094  trn/acc@01 = 0.3098  
2025-02-26 23:07:02.094  trn/acc@05 = 0.6185  
2025-02-26 23:07:02.094  trn/acc@10 = 0.6630  
2025-02-26 23:07:02.094  trn/acc@20 = 0.7185  
2025-02-26 23:07:02.094  
  
2025-02-26 23:07:02.143  
  
2025-02-26 23:07:02.143  [VAL_FINETUNE_DTVU_STEPS_1] epoch_05  
2025-02-26 23:07:02.143  =============================================  
2025-02-26 23:07:02.143  val_finetune_dtvu_steps_1/loss = 3.6448  
2025-02-26 23:07:02.143  val_finetune_dtvu_steps_1/acc@01 = 0.3250  
2025-02-26 23:07:02.143  val_finetune_dtvu_steps_1/acc@05 = 0.5750  
2025-02-26 23:07:02.143  val_finetune_dtvu_steps_1/acc@10 = 0.6000  
2025-02-26 23:07:02.143  val_finetune_dtvu_steps_1/acc@20 = 0.6750  
2025-02-26 23:07:02.143  
  
2025-02-26 23:07:02.203  
  
2025-02-26 23:07:02.203  [VAL_FINETUNE_DTVU_STEPS_3] epoch_05  
2025-02-26 23:07:02.203  =============================================  
2025-02-26 23:07:02.203  val_finetune_dtvu_steps_3/loss = 3.8683  
2025-02-26 23:07:02.203  val_finetune_dtvu_steps_3/acc@01 = 0.2833  
2025-02-26 23:07:02.203  val_finetune_dtvu_steps_3/acc@05 = 0.5667  
2025-02-26 23:07:02.203  val_finetune_dtvu_steps_3/acc@10 = 0.6000  
2025-02-26 23:07:02.203  val_finetune_dtvu_steps_3/acc@20 = 0.6583  
2025-02-26 23:07:02.203  
  
2025-02-26 23:07:02.655  
  
2025-02-26 23:07:02.655  [TRN] epoch_06  
2025-02-26 23:07:02.655  =============================================  
2025-02-26 23:07:02.655  trn/loss = 3.3838  
2025-02-26 23:07:02.655  trn/acc@01 = 0.3082  
2025-02-26 23:07:02.655  trn/acc@05 = 0.6216  
2025-02-26 23:07:02.655  trn/acc@10 = 0.6773  
2025-02-26 23:07:02.655  trn/acc@20 = 0.7433  
2025-02-26 23:07:02.655  
  
2025-02-26 23:07:02.704  
  
2025-02-26 23:07:02.704  [VAL_FINETUNE_DTVU_STEPS_1] epoch_06  
2025-02-26 23:07:02.704  =============================================  
2025-02-26 23:07:02.704  val_finetune_dtvu_steps_1/loss = 3.4199  
2025-02-26 23:07:02.704  val_finetune_dtvu_steps_1/acc@01 = 0.3500  
2025-02-26 23:07:02.704  val_finetune_dtvu_steps_1/acc@05 = 0.6000  
2025-02-26 23:07:02.704  val_finetune_dtvu_steps_1/acc@10 = 0.6500  
2025-02-26 23:07:02.704  val_finetune_dtvu_steps_1/acc@20 = 0.7250  
2025-02-26 23:07:02.704  
  
2025-02-26 23:07:02.773  
  
2025-02-26 23:07:02.773  [VAL_FINETUNE_DTVU_STEPS_3] epoch_06  
2025-02-26 23:07:02.773  =============================================  
2025-02-26 23:07:02.773  val_finetune_dtvu_steps_3/loss = 3.6483  
2025-02-26 23:07:02.773  val_finetune_dtvu_steps_3/acc@01 = 0.2833  
2025-02-26 23:07:02.773  val_finetune_dtvu_steps_3/acc@05 = 0.5917  
2025-02-26 23:07:02.773  val_finetune_dtvu_steps_3/acc@10 = 0.6583  
2025-02-26 23:07:02.773  val_finetune_dtvu_steps_3/acc@20 = 0.6917  
2025-02-26 23:07:02.773  
  
2025-02-26 23:07:03.274  
  
2025-02-26 23:07:03.274  [TRN] epoch_07  
2025-02-26 23:07:03.274  =============================================  
2025-02-26 23:07:03.274  trn/loss = 3.2960  
2025-02-26 23:07:03.274  trn/acc@01 = 0.2812  
2025-02-26 23:07:03.274  trn/acc@05 = 0.6312  
2025-02-26 23:07:03.274  trn/acc@10 = 0.7179  
2025-02-26 23:07:03.274  trn/acc@20 = 0.7750  
2025-02-26 23:07:03.274  
  
2025-02-26 23:07:03.335  
  
2025-02-26 23:07:03.335  [VAL_FINETUNE_DTVU_STEPS_1] epoch_07  
2025-02-26 23:07:03.335  =============================================  
2025-02-26 23:07:03.335  val_finetune_dtvu_steps_1/loss = 3.3616  
2025-02-26 23:07:03.335  val_finetune_dtvu_steps_1/acc@01 = 0.3750  
2025-02-26 23:07:03.335  val_finetune_dtvu_steps_1/acc@05 = 0.6250  
2025-02-26 23:07:03.335  val_finetune_dtvu_steps_1/acc@10 = 0.6750  
2025-02-26 23:07:03.335  val_finetune_dtvu_steps_1/acc@20 = 0.7750  
2025-02-26 23:07:03.335  
  
2025-02-26 23:07:03.384  
  
2025-02-26 23:07:03.384  [VAL_FINETUNE_DTVU_STEPS_3] epoch_07  
2025-02-26 23:07:03.384  =============================================  
2025-02-26 23:07:03.392  val_finetune_dtvu_steps_3/loss = 3.6102  
2025-02-26 23:07:03.392  val_finetune_dtvu_steps_3/acc@01 = 0.3250  
2025-02-26 23:07:03.392  val_finetune_dtvu_steps_3/acc@05 = 0.6000  
2025-02-26 23:07:03.392  val_finetune_dtvu_steps_3/acc@10 = 0.6667  
2025-02-26 23:07:03.392  val_finetune_dtvu_steps_3/acc@20 = 0.7333  
2025-02-26 23:07:03.392  
  
2025-02-26 23:07:03.849  
  
2025-02-26 23:07:03.849  [TRN] epoch_08  
2025-02-26 23:07:03.849  =============================================  
2025-02-26 23:07:03.849  trn/loss = 3.0991  
2025-02-26 23:07:03.849  trn/acc@01 = 0.2961  
2025-02-26 23:07:03.849  trn/acc@05 = 0.6689  
2025-02-26 23:07:03.849  trn/acc@10 = 0.7505  
2025-02-26 23:07:03.849  trn/acc@20 = 0.8155  
2025-02-26 23:07:03.849  
  
2025-02-26 23:07:03.892  
  
2025-02-26 23:07:03.892  [VAL_FINETUNE_DTVU_STEPS_1] epoch_08  
2025-02-26 23:07:03.892  =============================================  
2025-02-26 23:07:03.892  val_finetune_dtvu_steps_1/loss = 3.2883  
2025-02-26 23:07:03.892  val_finetune_dtvu_steps_1/acc@01 = 0.3250  
2025-02-26 23:07:03.892  val_finetune_dtvu_steps_1/acc@05 = 0.6500  
2025-02-26 23:07:03.892  val_finetune_dtvu_steps_1/acc@10 = 0.7250  
2025-02-26 23:07:03.892  val_finetune_dtvu_steps_1/acc@20 = 0.7750  
2025-02-26 23:07:03.892  
  
2025-02-26 23:07:03.976  
  
2025-02-26 23:07:03.976  [VAL_FINETUNE_DTVU_STEPS_3] epoch_08  
2025-02-26 23:07:03.976  =============================================  
2025-02-26 23:07:03.976  val_finetune_dtvu_steps_3/loss = 3.5406  
2025-02-26 23:07:03.976  val_finetune_dtvu_steps_3/acc@01 = 0.3167  
2025-02-26 23:07:03.976  val_finetune_dtvu_steps_3/acc@05 = 0.6250  
2025-02-26 23:07:03.976  val_finetune_dtvu_steps_3/acc@10 = 0.6917  
2025-02-26 23:07:03.976  val_finetune_dtvu_steps_3/acc@20 = 0.7333  
2025-02-26 23:07:03.976  
  
2025-02-26 23:07:04.432  
  
2025-02-26 23:07:04.433  [TRN] epoch_09  
2025-02-26 23:07:04.433  =============================================  
2025-02-26 23:07:04.433  trn/loss = 3.1326  
2025-02-26 23:07:04.433  trn/acc@01 = 0.2839  
2025-02-26 23:07:04.434  trn/acc@05 = 0.6376  
2025-02-26 23:07:04.434  trn/acc@10 = 0.7183  
2025-02-26 23:07:04.434  trn/acc@20 = 0.7978  
2025-02-26 23:07:04.434  
  
2025-02-26 23:07:04.483  
  
2025-02-26 23:07:04.483  [VAL_FINETUNE_DTVU_STEPS_1] epoch_09  
2025-02-26 23:07:04.483  =============================================  
2025-02-26 23:07:04.483  val_finetune_dtvu_steps_1/loss = 3.2573  
2025-02-26 23:07:04.483  val_finetune_dtvu_steps_1/acc@01 = 0.3750  
2025-02-26 23:07:04.483  val_finetune_dtvu_steps_1/acc@05 = 0.6250  
2025-02-26 23:07:04.483  val_finetune_dtvu_steps_1/acc@10 = 0.7250  
2025-02-26 23:07:04.483  val_finetune_dtvu_steps_1/acc@20 = 0.7750  
2025-02-26 23:07:04.483  
  
2025-02-26 23:07:04.533  
  
2025-02-26 23:07:04.533  [VAL_FINETUNE_DTVU_STEPS_3] epoch_09  
2025-02-26 23:07:04.533  =============================================  
2025-02-26 23:07:04.536  val_finetune_dtvu_steps_3/loss = 3.5042  
2025-02-26 23:07:04.536  val_finetune_dtvu_steps_3/acc@01 = 0.3250  
2025-02-26 23:07:04.536  val_finetune_dtvu_steps_3/acc@05 = 0.5917  
2025-02-26 23:07:04.536  val_finetune_dtvu_steps_3/acc@10 = 0.7000  
2025-02-26 23:07:04.536  val_finetune_dtvu_steps_3/acc@20 = 0.7333  
2025-02-26 23:07:04.536  
  
2025-02-26 23:07:05.003  
  
2025-02-26 23:07:05.003  [TRN] epoch_10  
2025-02-26 23:07:05.003  =============================================  
2025-02-26 23:07:05.003  trn/loss = 3.0320  
2025-02-26 23:07:05.003  trn/acc@01 = 0.2962  
2025-02-26 23:07:05.003  trn/acc@05 = 0.6698  
2025-02-26 23:07:05.003  trn/acc@10 = 0.7689  
2025-02-26 23:07:05.003  trn/acc@20 = 0.8311  
2025-02-26 23:07:05.003  
  
2025-02-26 23:07:05.084  
  
2025-02-26 23:07:05.084  [VAL_FINETUNE_DTVU_STEPS_1] epoch_10  
2025-02-26 23:07:05.084  =============================================  
2025-02-26 23:07:05.084  val_finetune_dtvu_steps_1/loss = 3.2659  
2025-02-26 23:07:05.084  val_finetune_dtvu_steps_1/acc@01 = 0.3000  
2025-02-26 23:07:05.084  val_finetune_dtvu_steps_1/acc@05 = 0.6250  
2025-02-26 23:07:05.084  val_finetune_dtvu_steps_1/acc@10 = 0.7000  
2025-02-26 23:07:05.084  val_finetune_dtvu_steps_1/acc@20 = 0.7750  
2025-02-26 23:07:05.084  
  
2025-02-26 23:07:05.137  
  
2025-02-26 23:07:05.137  [VAL_FINETUNE_DTVU_STEPS_3] epoch_10  
2025-02-26 23:07:05.137  =============================================  
2025-02-26 23:07:05.137  val_finetune_dtvu_steps_3/loss = 3.5223  
2025-02-26 23:07:05.137  val_finetune_dtvu_steps_3/acc@01 = 0.2750  
2025-02-26 23:07:05.137  val_finetune_dtvu_steps_3/acc@05 = 0.5917  
2025-02-26 23:07:05.137  val_finetune_dtvu_steps_3/acc@10 = 0.7083  
2025-02-26 23:07:05.137  val_finetune_dtvu_steps_3/acc@20 = 0.7333  
2025-02-26 23:07:05.137  
  
2025-02-26 23:07:05.623  
  
2025-02-26 23:07:05.623  [TRN] epoch_11  
2025-02-26 23:07:05.623  =============================================  
2025-02-26 23:07:05.623  trn/loss = 2.8988  
2025-02-26 23:07:05.623  trn/acc@01 = 0.3212  
2025-02-26 23:07:05.623  trn/acc@05 = 0.6865  
2025-02-26 23:07:05.632  trn/acc@10 = 0.7692  
2025-02-26 23:07:05.632  trn/acc@20 = 0.8462  
2025-02-26 23:07:05.632  
  
2025-02-26 23:07:05.676  
  
2025-02-26 23:07:05.676  [VAL_FINETUNE_DTVU_STEPS_1] epoch_11  
2025-02-26 23:07:05.676  =============================================  
2025-02-26 23:07:05.682  val_finetune_dtvu_steps_1/loss = 3.1402  
2025-02-26 23:07:05.682  val_finetune_dtvu_steps_1/acc@01 = 0.3250  
2025-02-26 23:07:05.682  val_finetune_dtvu_steps_1/acc@05 = 0.6250  
2025-02-26 23:07:05.682  val_finetune_dtvu_steps_1/acc@10 = 0.7750  
2025-02-26 23:07:05.682  val_finetune_dtvu_steps_1/acc@20 = 0.8000  
2025-02-26 23:07:05.683  
  
2025-02-26 23:07:05.734  
  
2025-02-26 23:07:05.734  [VAL_FINETUNE_DTVU_STEPS_3] epoch_11  
2025-02-26 23:07:05.734  =============================================  
2025-02-26 23:07:05.734  val_finetune_dtvu_steps_3/loss = 3.4449  
2025-02-26 23:07:05.734  val_finetune_dtvu_steps_3/acc@01 = 0.2833  
2025-02-26 23:07:05.734  val_finetune_dtvu_steps_3/acc@05 = 0.6000  
2025-02-26 23:07:05.734  val_finetune_dtvu_steps_3/acc@10 = 0.7250  
2025-02-26 23:07:05.734  val_finetune_dtvu_steps_3/acc@20 = 0.7500  
2025-02-26 23:07:05.734  
  
2025-02-26 23:07:06.203  
  
2025-02-26 23:07:06.203  [TRN] epoch_12  
2025-02-26 23:07:06.204  =============================================  
2025-02-26 23:07:06.204  trn/loss = 2.8936  
2025-02-26 23:07:06.204  trn/acc@01 = 0.3137  
2025-02-26 23:07:06.204  trn/acc@05 = 0.6621  
2025-02-26 23:07:06.204  trn/acc@10 = 0.7800  
2025-02-26 23:07:06.204  trn/acc@20 = 0.8474  
2025-02-26 23:07:06.204  
  
2025-02-26 23:07:06.252  
  
2025-02-26 23:07:06.252  [VAL_FINETUNE_DTVU_STEPS_1] epoch_12  
2025-02-26 23:07:06.252  =============================================  
2025-02-26 23:07:06.253  val_finetune_dtvu_steps_1/loss = 3.1424  
2025-02-26 23:07:06.253  val_finetune_dtvu_steps_1/acc@01 = 0.3000  
2025-02-26 23:07:06.253  val_finetune_dtvu_steps_1/acc@05 = 0.6250  
2025-02-26 23:07:06.253  val_finetune_dtvu_steps_1/acc@10 = 0.8000  
2025-02-26 23:07:06.253  val_finetune_dtvu_steps_1/acc@20 = 0.8250  
2025-02-26 23:07:06.253  
  
2025-02-26 23:07:06.296  
  
2025-02-26 23:07:06.296  [VAL_FINETUNE_DTVU_STEPS_3] epoch_12  
2025-02-26 23:07:06.296  =============================================  
2025-02-26 23:07:06.296  val_finetune_dtvu_steps_3/loss = 3.4345  
2025-02-26 23:07:06.296  val_finetune_dtvu_steps_3/acc@01 = 0.2750  
2025-02-26 23:07:06.296  val_finetune_dtvu_steps_3/acc@05 = 0.5917  
2025-02-26 23:07:06.296  val_finetune_dtvu_steps_3/acc@10 = 0.7333  
2025-02-26 23:07:06.296  val_finetune_dtvu_steps_3/acc@20 = 0.7583  
2025-02-26 23:07:06.296  
  
2025-02-26 23:07:06.765  
  
2025-02-26 23:07:06.769  [TRN] epoch_13  
2025-02-26 23:07:06.769  =============================================  
2025-02-26 23:07:06.769  trn/loss = 2.8826  
2025-02-26 23:07:06.769  trn/acc@01 = 0.2906  
2025-02-26 23:07:06.769  trn/acc@05 = 0.6670  
2025-02-26 23:07:06.769  trn/acc@10 = 0.7698  
2025-02-26 23:07:06.769  trn/acc@20 = 0.8528  
2025-02-26 23:07:06.769  
  
2025-02-26 23:07:06.824  
  
2025-02-26 23:07:06.824  [VAL_FINETUNE_DTVU_STEPS_1] epoch_13  
2025-02-26 23:07:06.824  =============================================  
2025-02-26 23:07:06.824  val_finetune_dtvu_steps_1/loss = 3.0678  
2025-02-26 23:07:06.824  val_finetune_dtvu_steps_1/acc@01 = 0.3500  
2025-02-26 23:07:06.824  val_finetune_dtvu_steps_1/acc@05 = 0.6500  
2025-02-26 23:07:06.824  val_finetune_dtvu_steps_1/acc@10 = 0.7500  
2025-02-26 23:07:06.824  val_finetune_dtvu_steps_1/acc@20 = 0.8000  
2025-02-26 23:07:06.824  
  
2025-02-26 23:07:06.870  
  
2025-02-26 23:07:06.870  [VAL_FINETUNE_DTVU_STEPS_3] epoch_13  
2025-02-26 23:07:06.870  =============================================  
2025-02-26 23:07:06.870  val_finetune_dtvu_steps_3/loss = 3.3174  
2025-02-26 23:07:06.872  val_finetune_dtvu_steps_3/acc@01 = 0.3583  
2025-02-26 23:07:06.872  val_finetune_dtvu_steps_3/acc@05 = 0.6000  
2025-02-26 23:07:06.872  val_finetune_dtvu_steps_3/acc@10 = 0.7250  
2025-02-26 23:07:06.872  val_finetune_dtvu_steps_3/acc@20 = 0.7667  
2025-02-26 23:07:06.872  
  
2025-02-26 23:07:07.334  
  
2025-02-26 23:07:07.334  [TRN] epoch_14  
2025-02-26 23:07:07.338  =============================================  
2025-02-26 23:07:07.338  trn/loss = 2.7319  
2025-02-26 23:07:07.338  trn/acc@01 = 0.3021  
2025-02-26 23:07:07.338  trn/acc@05 = 0.6742  
2025-02-26 23:07:07.338  trn/acc@10 = 0.7856  
2025-02-26 23:07:07.338  trn/acc@20 = 0.8794  
2025-02-26 23:07:07.338  
  
2025-02-26 23:07:07.397  
  
2025-02-26 23:07:07.397  [VAL_FINETUNE_DTVU_STEPS_1] epoch_14  
2025-02-26 23:07:07.397  =============================================  
2025-02-26 23:07:07.397  val_finetune_dtvu_steps_1/loss = 3.0933  
2025-02-26 23:07:07.397  val_finetune_dtvu_steps_1/acc@01 = 0.3250  
2025-02-26 23:07:07.397  val_finetune_dtvu_steps_1/acc@05 = 0.6250  
2025-02-26 23:07:07.397  val_finetune_dtvu_steps_1/acc@10 = 0.7500  
2025-02-26 23:07:07.397  val_finetune_dtvu_steps_1/acc@20 = 0.8000  
2025-02-26 23:07:07.397  
  
2025-02-26 23:07:07.483  
  
2025-02-26 23:07:07.484  [VAL_FINETUNE_DTVU_STEPS_3] epoch_14  
2025-02-26 23:07:07.484  =============================================  
2025-02-26 23:07:07.484  val_finetune_dtvu_steps_3/loss = 3.3976  
2025-02-26 23:07:07.484  val_finetune_dtvu_steps_3/acc@01 = 0.2833  
2025-02-26 23:07:07.484  val_finetune_dtvu_steps_3/acc@05 = 0.5833  
2025-02-26 23:07:07.484  val_finetune_dtvu_steps_3/acc@10 = 0.7250  
2025-02-26 23:07:07.484  val_finetune_dtvu_steps_3/acc@20 = 0.7667  
2025-02-26 23:07:07.484  
  
2025-02-26 23:07:07.987  
  
2025-02-26 23:07:07.987  [TRN] epoch_15  
2025-02-26 23:07:07.987  =============================================  
2025-02-26 23:07:07.987  trn/loss = 2.6583  
2025-02-26 23:07:07.987  trn/acc@01 = 0.3465  
2025-02-26 23:07:07.987  trn/acc@05 = 0.6818  
2025-02-26 23:07:07.992  trn/acc@10 = 0.7949  
2025-02-26 23:07:07.992  trn/acc@20 = 0.8899  
2025-02-26 23:07:07.992  
  
2025-02-26 23:07:08.046  
  
2025-02-26 23:07:08.046  [VAL_FINETUNE_DTVU_STEPS_1] epoch_15  
2025-02-26 23:07:08.046  =============================================  
2025-02-26 23:07:08.046  val_finetune_dtvu_steps_1/loss = 3.1497  
2025-02-26 23:07:08.046  val_finetune_dtvu_steps_1/acc@01 = 0.2750  
2025-02-26 23:07:08.046  val_finetune_dtvu_steps_1/acc@05 = 0.6250  
2025-02-26 23:07:08.046  val_finetune_dtvu_steps_1/acc@10 = 0.7750  
2025-02-26 23:07:08.046  val_finetune_dtvu_steps_1/acc@20 = 0.8000  
2025-02-26 23:07:08.046  
  
2025-02-26 23:07:08.098  
  
2025-02-26 23:07:08.098  [VAL_FINETUNE_DTVU_STEPS_3] epoch_15  
2025-02-26 23:07:08.098  =============================================  
2025-02-26 23:07:08.098  val_finetune_dtvu_steps_3/loss = 3.4114  
2025-02-26 23:07:08.098  val_finetune_dtvu_steps_3/acc@01 = 0.2667  
2025-02-26 23:07:08.098  val_finetune_dtvu_steps_3/acc@05 = 0.6000  
2025-02-26 23:07:08.098  val_finetune_dtvu_steps_3/acc@10 = 0.7333  
2025-02-26 23:07:08.098  val_finetune_dtvu_steps_3/acc@20 = 0.7750  
2025-02-26 23:07:08.098  
  
2025-02-26 23:07:08.603  
  
2025-02-26 23:07:08.603  [TRN] epoch_16  
2025-02-26 23:07:08.603  =============================================  
2025-02-26 23:07:08.603  trn/loss = 2.6674  
2025-02-26 23:07:08.603  trn/acc@01 = 0.3556  
2025-02-26 23:07:08.603  trn/acc@05 = 0.6939  
2025-02-26 23:07:08.603  trn/acc@10 = 0.8061  
2025-02-26 23:07:08.603  trn/acc@20 = 0.8818  
2025-02-26 23:07:08.603  
  
2025-02-26 23:07:08.662  
  
2025-02-26 23:07:08.662  [VAL_FINETUNE_DTVU_STEPS_1] epoch_16  
2025-02-26 23:07:08.662  =============================================  
2025-02-26 23:07:08.662  val_finetune_dtvu_steps_1/loss = 3.1828  
2025-02-26 23:07:08.662  val_finetune_dtvu_steps_1/acc@01 = 0.2500  
2025-02-26 23:07:08.663  val_finetune_dtvu_steps_1/acc@05 = 0.6750  
2025-02-26 23:07:08.663  val_finetune_dtvu_steps_1/acc@10 = 0.7500  
2025-02-26 23:07:08.663  val_finetune_dtvu_steps_1/acc@20 = 0.8000  
2025-02-26 23:07:08.663  
  
2025-02-26 23:07:08.728  
  
2025-02-26 23:07:08.728  [VAL_FINETUNE_DTVU_STEPS_3] epoch_16  
2025-02-26 23:07:08.728  =============================================  
2025-02-26 23:07:08.728  val_finetune_dtvu_steps_3/loss = 3.4101  
2025-02-26 23:07:08.728  val_finetune_dtvu_steps_3/acc@01 = 0.2750  
2025-02-26 23:07:08.728  val_finetune_dtvu_steps_3/acc@05 = 0.6000  
2025-02-26 23:07:08.728  val_finetune_dtvu_steps_3/acc@10 = 0.7167  
2025-02-26 23:07:08.728  val_finetune_dtvu_steps_3/acc@20 = 0.7583  
2025-02-26 23:07:08.728  
  
2025-02-26 23:07:09.223  
  
2025-02-26 23:07:09.223  [TRN] epoch_17  
2025-02-26 23:07:09.223  =============================================  
2025-02-26 23:07:09.223  trn/loss = 2.6871  
2025-02-26 23:07:09.223  trn/acc@01 = 0.3250  
2025-02-26 23:07:09.223  trn/acc@05 = 0.6750  
2025-02-26 23:07:09.223  trn/acc@10 = 0.7944  
2025-02-26 23:07:09.223  trn/acc@20 = 0.8731  
2025-02-26 23:07:09.223  
  
2025-02-26 23:07:09.273  
  
2025-02-26 23:07:09.273  [VAL_FINETUNE_DTVU_STEPS_1] epoch_17  
2025-02-26 23:07:09.273  =============================================  
2025-02-26 23:07:09.273  val_finetune_dtvu_steps_1/loss = 3.0704  
2025-02-26 23:07:09.273  val_finetune_dtvu_steps_1/acc@01 = 0.2750  
2025-02-26 23:07:09.273  val_finetune_dtvu_steps_1/acc@05 = 0.6750  
2025-02-26 23:07:09.273  val_finetune_dtvu_steps_1/acc@10 = 0.7500  
2025-02-26 23:07:09.273  val_finetune_dtvu_steps_1/acc@20 = 0.8000  
2025-02-26 23:07:09.273  
  
2025-02-26 23:07:09.317  
  
2025-02-26 23:07:09.317  [VAL_FINETUNE_DTVU_STEPS_3] epoch_17  
2025-02-26 23:07:09.317  =============================================  
2025-02-26 23:07:09.317  val_finetune_dtvu_steps_3/loss = 3.3572  
2025-02-26 23:07:09.317  val_finetune_dtvu_steps_3/acc@01 = 0.2917  
2025-02-26 23:07:09.317  val_finetune_dtvu_steps_3/acc@05 = 0.6083  
2025-02-26 23:07:09.322  val_finetune_dtvu_steps_3/acc@10 = 0.7250  
2025-02-26 23:07:09.322  val_finetune_dtvu_steps_3/acc@20 = 0.7667  
2025-02-26 23:07:09.322  
  
2025-02-26 23:07:09.804  
  
2025-02-26 23:07:09.812  [TRN] epoch_18  
2025-02-26 23:07:09.812  =============================================  
2025-02-26 23:07:09.812  trn/loss = 2.6562  
2025-02-26 23:07:09.812  trn/acc@01 = 0.3161  
2025-02-26 23:07:09.812  trn/acc@05 = 0.6616  
2025-02-26 23:07:09.813  trn/acc@10 = 0.7821  
2025-02-26 23:07:09.813  trn/acc@20 = 0.8795  
2025-02-26 23:07:09.813  
  
2025-02-26 23:07:09.867  
  
2025-02-26 23:07:09.867  [VAL_FINETUNE_DTVU_STEPS_1] epoch_18  
2025-02-26 23:07:09.867  =============================================  
2025-02-26 23:07:09.867  val_finetune_dtvu_steps_1/loss = 3.0065  
2025-02-26 23:07:09.867  val_finetune_dtvu_steps_1/acc@01 = 0.3250  
2025-02-26 23:07:09.867  val_finetune_dtvu_steps_1/acc@05 = 0.7000  
2025-02-26 23:07:09.867  val_finetune_dtvu_steps_1/acc@10 = 0.7500  
2025-02-26 23:07:09.867  val_finetune_dtvu_steps_1/acc@20 = 0.8000  
2025-02-26 23:07:09.867  
  
2025-02-26 23:07:09.927  
  
2025-02-26 23:07:09.927  [VAL_FINETUNE_DTVU_STEPS_3] epoch_18  
2025-02-26 23:07:09.927  =============================================  
2025-02-26 23:07:09.927  val_finetune_dtvu_steps_3/loss = 3.2678  
2025-02-26 23:07:09.927  val_finetune_dtvu_steps_3/acc@01 = 0.3167  
2025-02-26 23:07:09.927  val_finetune_dtvu_steps_3/acc@05 = 0.6167  
2025-02-26 23:07:09.927  val_finetune_dtvu_steps_3/acc@10 = 0.7167  
2025-02-26 23:07:09.927  val_finetune_dtvu_steps_3/acc@20 = 0.7917  
2025-02-26 23:07:09.927  
  
2025-02-26 23:07:10.389  
  
2025-02-26 23:07:10.389  [TRN] epoch_19  
2025-02-26 23:07:10.389  =============================================  
2025-02-26 23:07:10.389  trn/loss = 2.6664  
2025-02-26 23:07:10.389  trn/acc@01 = 0.3216  
2025-02-26 23:07:10.389  trn/acc@05 = 0.6676  
2025-02-26 23:07:10.389  trn/acc@10 = 0.7745  
2025-02-26 23:07:10.389  trn/acc@20 = 0.8696  
2025-02-26 23:07:10.389  
  
2025-02-26 23:07:10.422  
  
2025-02-26 23:07:10.432  [VAL_FINETUNE_DTVU_STEPS_1] epoch_19  
2025-02-26 23:07:10.432  =============================================  
2025-02-26 23:07:10.432  val_finetune_dtvu_steps_1/loss = 3.0413  
2025-02-26 23:07:10.432  val_finetune_dtvu_steps_1/acc@01 = 0.3000  
2025-02-26 23:07:10.432  val_finetune_dtvu_steps_1/acc@05 = 0.6250  
2025-02-26 23:07:10.432  val_finetune_dtvu_steps_1/acc@10 = 0.7750  
2025-02-26 23:07:10.432  val_finetune_dtvu_steps_1/acc@20 = 0.8250  
2025-02-26 23:07:10.432  
  
2025-02-26 23:07:10.493  
  
2025-02-26 23:07:10.493  [VAL_FINETUNE_DTVU_STEPS_3] epoch_19  
2025-02-26 23:07:10.493  =============================================  
2025-02-26 23:07:10.493  val_finetune_dtvu_steps_3/loss = 3.2906  
2025-02-26 23:07:10.493  val_finetune_dtvu_steps_3/acc@01 = 0.2833  
2025-02-26 23:07:10.493  val_finetune_dtvu_steps_3/acc@05 = 0.6000  
2025-02-26 23:07:10.493  val_finetune_dtvu_steps_3/acc@10 = 0.7333  
2025-02-26 23:07:10.493  val_finetune_dtvu_steps_3/acc@20 = 0.7917  
2025-02-26 23:07:10.493  
  
2025-02-26 23:07:10.946  
  
2025-02-26 23:07:10.946  [TRN] epoch_20  
2025-02-26 23:07:10.946  =============================================  
2025-02-26 23:07:10.946  trn/loss = 2.6735  
2025-02-26 23:07:10.946  trn/acc@01 = 0.3010  
2025-02-26 23:07:10.946  trn/acc@05 = 0.6806  
2025-02-26 23:07:10.946  trn/acc@10 = 0.7961  
2025-02-26 23:07:10.946  trn/acc@20 = 0.8883  
2025-02-26 23:07:10.946  
  
2025-02-26 23:07:10.994  
  
2025-02-26 23:07:10.994  [VAL_FINETUNE_DTVU_STEPS_1] epoch_20  
2025-02-26 23:07:10.994  =============================================  
2025-02-26 23:07:10.994  val_finetune_dtvu_steps_1/loss = 3.0226  
2025-02-26 23:07:10.994  val_finetune_dtvu_steps_1/acc@01 = 0.3250  
2025-02-26 23:07:10.994  val_finetune_dtvu_steps_1/acc@05 = 0.6750  
2025-02-26 23:07:10.994  val_finetune_dtvu_steps_1/acc@10 = 0.7500  
2025-02-26 23:07:10.994  val_finetune_dtvu_steps_1/acc@20 = 0.8000  
2025-02-26 23:07:10.994  
  
2025-02-26 23:07:11.056  
  
2025-02-26 23:07:11.062  [VAL_FINETUNE_DTVU_STEPS_3] epoch_20  
2025-02-26 23:07:11.062  =============================================  
2025-02-26 23:07:11.062  val_finetune_dtvu_steps_3/loss = 3.3082  
2025-02-26 23:07:11.062  val_finetune_dtvu_steps_3/acc@01 = 0.3417  
2025-02-26 23:07:11.062  val_finetune_dtvu_steps_3/acc@05 = 0.6083  
2025-02-26 23:07:11.062  val_finetune_dtvu_steps_3/acc@10 = 0.7250  
2025-02-26 23:07:11.063  val_finetune_dtvu_steps_3/acc@20 = 0.7917  
2025-02-26 23:07:11.063  
  
2025-02-26 23:07:11.723  
  
2025-02-26 23:07:11.723  [TRN] epoch_21  
2025-02-26 23:07:11.723  =============================================  
2025-02-26 23:07:11.723  trn/loss = 2.6165  
2025-02-26 23:07:11.723  trn/acc@01 = 0.3083  
2025-02-26 23:07:11.723  trn/acc@05 = 0.6881  
2025-02-26 23:07:11.723  trn/acc@10 = 0.7954  
2025-02-26 23:07:11.723  trn/acc@20 = 0.8936  
2025-02-26 23:07:11.723  
  
2025-02-26 23:07:11.776  
  
2025-02-26 23:07:11.783  [VAL_FINETUNE_DTVU_STEPS_1] epoch_21  
2025-02-26 23:07:11.783  =============================================  
2025-02-26 23:07:11.783  val_finetune_dtvu_steps_1/loss = 3.0091  
2025-02-26 23:07:11.783  val_finetune_dtvu_steps_1/acc@01 = 0.3500  
2025-02-26 23:07:11.783  val_finetune_dtvu_steps_1/acc@05 = 0.6750  
2025-02-26 23:07:11.783  val_finetune_dtvu_steps_1/acc@10 = 0.7500  
2025-02-26 23:07:11.783  val_finetune_dtvu_steps_1/acc@20 = 0.8000  
2025-02-26 23:07:11.783  
  
2025-02-26 23:07:11.839  
  
2025-02-26 23:07:11.839  [VAL_FINETUNE_DTVU_STEPS_3] epoch_21  
2025-02-26 23:07:11.839  =============================================  
2025-02-26 23:07:11.839  val_finetune_dtvu_steps_3/loss = 3.2950  
2025-02-26 23:07:11.839  val_finetune_dtvu_steps_3/acc@01 = 0.3083  
2025-02-26 23:07:11.839  val_finetune_dtvu_steps_3/acc@05 = 0.6250  
2025-02-26 23:07:11.839  val_finetune_dtvu_steps_3/acc@10 = 0.7000  
2025-02-26 23:07:11.839  val_finetune_dtvu_steps_3/acc@20 = 0.7917  
2025-02-26 23:07:11.839  
  
2025-02-26 23:07:12.365  
  
2025-02-26 23:07:12.365  [TRN] epoch_22  
2025-02-26 23:07:12.366  =============================================  
2025-02-26 23:07:12.366  trn/loss = 2.6184  
2025-02-26 23:07:12.366  trn/acc@01 = 0.3194  
2025-02-26 23:07:12.366  trn/acc@05 = 0.6796  
2025-02-26 23:07:12.366  trn/acc@10 = 0.7969  
2025-02-26 23:07:12.366  trn/acc@20 = 0.8806  
2025-02-26 23:07:12.366  
  
2025-02-26 23:07:12.412  
  
2025-02-26 23:07:12.413  [VAL_FINETUNE_DTVU_STEPS_1] epoch_22  
2025-02-26 23:07:12.413  =============================================  
2025-02-26 23:07:12.413  val_finetune_dtvu_steps_1/loss = 3.0034  
2025-02-26 23:07:12.413  val_finetune_dtvu_steps_1/acc@01 = 0.3500  
2025-02-26 23:07:12.413  val_finetune_dtvu_steps_1/acc@05 = 0.6500  
2025-02-26 23:07:12.413  val_finetune_dtvu_steps_1/acc@10 = 0.7750  
2025-02-26 23:07:12.413  val_finetune_dtvu_steps_1/acc@20 = 0.8000  
2025-02-26 23:07:12.413  
  
2025-02-26 23:07:12.464  
  
2025-02-26 23:07:12.465  [VAL_FINETUNE_DTVU_STEPS_3] epoch_22  
2025-02-26 23:07:12.465  =============================================  
2025-02-26 23:07:12.465  val_finetune_dtvu_steps_3/loss = 3.2777  
2025-02-26 23:07:12.465  val_finetune_dtvu_steps_3/acc@01 = 0.3083  
2025-02-26 23:07:12.465  val_finetune_dtvu_steps_3/acc@05 = 0.6083  
2025-02-26 23:07:12.465  val_finetune_dtvu_steps_3/acc@10 = 0.7333  
2025-02-26 23:07:12.465  val_finetune_dtvu_steps_3/acc@20 = 0.7917  
2025-02-26 23:07:12.465  
  
2025-02-26 23:07:12.854  
  
2025-02-26 23:07:12.854  [TRN] epoch_23  
2025-02-26 23:07:12.854  =============================================  
2025-02-26 23:07:12.854  trn/loss = 2.6651  
2025-02-26 23:07:12.854  trn/acc@01 = 0.3100  
2025-02-26 23:07:12.861  trn/acc@05 = 0.6700  
2025-02-26 23:07:12.861  trn/acc@10 = 0.7889  
2025-02-26 23:07:12.861  trn/acc@20 = 0.8822  
2025-02-26 23:07:12.861  
  
2025-02-26 23:07:12.909  
  
2025-02-26 23:07:12.909  [VAL_FINETUNE_DTVU_STEPS_1] epoch_23  
2025-02-26 23:07:12.912  =============================================  
2025-02-26 23:07:12.912  val_finetune_dtvu_steps_1/loss = 2.9634  
2025-02-26 23:07:12.912  val_finetune_dtvu_steps_1/acc@01 = 0.3500  
2025-02-26 23:07:12.912  val_finetune_dtvu_steps_1/acc@05 = 0.6500  
2025-02-26 23:07:12.912  val_finetune_dtvu_steps_1/acc@10 = 0.7750  
2025-02-26 23:07:12.912  val_finetune_dtvu_steps_1/acc@20 = 0.8250  
2025-02-26 23:07:12.913  
  
2025-02-26 23:07:13.003  
  
2025-02-26 23:07:13.003  [VAL_FINETUNE_DTVU_STEPS_3] epoch_23  
2025-02-26 23:07:13.004  =============================================  
2025-02-26 23:07:13.004  val_finetune_dtvu_steps_3/loss = 3.2768  
2025-02-26 23:07:13.004  val_finetune_dtvu_steps_3/acc@01 = 0.3583  
2025-02-26 23:07:13.004  val_finetune_dtvu_steps_3/acc@05 = 0.6083  
2025-02-26 23:07:13.004  val_finetune_dtvu_steps_3/acc@10 = 0.7333  
2025-02-26 23:07:13.004  val_finetune_dtvu_steps_3/acc@20 = 0.7917  
2025-02-26 23:07:13.004  
  
2025-02-26 23:07:13.470  
  
2025-02-26 23:07:13.471  [TRN] epoch_24  
2025-02-26 23:07:13.471  =============================================  
2025-02-26 23:07:13.472  trn/loss = 2.5224  
2025-02-26 23:07:13.472  trn/acc@01 = 0.3485  
2025-02-26 23:07:13.472  trn/acc@05 = 0.6979  
2025-02-26 23:07:13.472  trn/acc@10 = 0.8021  
2025-02-26 23:07:13.472  trn/acc@20 = 0.8835  
2025-02-26 23:07:13.472  
  
2025-02-26 23:07:13.553  
  
2025-02-26 23:07:13.553  [VAL_FINETUNE_DTVU_STEPS_1] epoch_24  
2025-02-26 23:07:13.553  =============================================  
2025-02-26 23:07:13.553  val_finetune_dtvu_steps_1/loss = 3.0108  
2025-02-26 23:07:13.553  val_finetune_dtvu_steps_1/acc@01 = 0.3500  
2025-02-26 23:07:13.553  val_finetune_dtvu_steps_1/acc@05 = 0.6500  
2025-02-26 23:07:13.553  val_finetune_dtvu_steps_1/acc@10 = 0.7750  
2025-02-26 23:07:13.553  val_finetune_dtvu_steps_1/acc@20 = 0.8250  
2025-02-26 23:07:13.553  
  
2025-02-26 23:07:13.627  
  
2025-02-26 23:07:13.627  [VAL_FINETUNE_DTVU_STEPS_3] epoch_24  
2025-02-26 23:07:13.627  =============================================  
2025-02-26 23:07:13.627  val_finetune_dtvu_steps_3/loss = 3.3177  
2025-02-26 23:07:13.627  val_finetune_dtvu_steps_3/acc@01 = 0.2917  
2025-02-26 23:07:13.627  val_finetune_dtvu_steps_3/acc@05 = 0.6167  
2025-02-26 23:07:13.627  val_finetune_dtvu_steps_3/acc@10 = 0.7583  
2025-02-26 23:07:13.627  val_finetune_dtvu_steps_3/acc@20 = 0.7917  
2025-02-26 23:07:13.627  
  
2025-02-26 23:07:14.124  
  
2025-02-26 23:07:14.124  [TRN] epoch_25  
2025-02-26 23:07:14.124  =============================================  
2025-02-26 23:07:14.124  trn/loss = 2.4848  
2025-02-26 23:07:14.124  trn/acc@01 = 0.3477  
2025-02-26 23:07:14.124  trn/acc@05 = 0.7093  
2025-02-26 23:07:14.124  trn/acc@10 = 0.7991  
2025-02-26 23:07:14.124  trn/acc@20 = 0.8804  
2025-02-26 23:07:14.124  
  
2025-02-26 23:07:14.173  
  
2025-02-26 23:07:14.173  [VAL_FINETUNE_DTVU_STEPS_1] epoch_25  
2025-02-26 23:07:14.173  =============================================  
2025-02-26 23:07:14.173  val_finetune_dtvu_steps_1/loss = 2.9055  
2025-02-26 23:07:14.173  val_finetune_dtvu_steps_1/acc@01 = 0.3000  
2025-02-26 23:07:14.173  val_finetune_dtvu_steps_1/acc@05 = 0.7000  
2025-02-26 23:07:14.173  val_finetune_dtvu_steps_1/acc@10 = 0.7750  
2025-02-26 23:07:14.173  val_finetune_dtvu_steps_1/acc@20 = 0.8250  
2025-02-26 23:07:14.173  
  
2025-02-26 23:07:14.217  
  
2025-02-26 23:07:14.217  [VAL_FINETUNE_DTVU_STEPS_3] epoch_25  
2025-02-26 23:07:14.217  =============================================  
2025-02-26 23:07:14.217  val_finetune_dtvu_steps_3/loss = 3.2422  
2025-02-26 23:07:14.217  val_finetune_dtvu_steps_3/acc@01 = 0.3083  
2025-02-26 23:07:14.217  val_finetune_dtvu_steps_3/acc@05 = 0.6417  
2025-02-26 23:07:14.217  val_finetune_dtvu_steps_3/acc@10 = 0.7250  
2025-02-26 23:07:14.217  val_finetune_dtvu_steps_3/acc@20 = 0.7917  
2025-02-26 23:07:14.217  
  
2025-02-26 23:07:14.715  
  
2025-02-26 23:07:14.715  [TRN] epoch_26  
2025-02-26 23:07:14.715  =============================================  
2025-02-26 23:07:14.716  trn/loss = 2.3373  
2025-02-26 23:07:14.716  trn/acc@01 = 0.4165  
2025-02-26 23:07:14.716  trn/acc@05 = 0.7308  
2025-02-26 23:07:14.716  trn/acc@10 = 0.8154  
2025-02-26 23:07:14.716  trn/acc@20 = 0.8923  
2025-02-26 23:07:14.716  
  
2025-02-26 23:07:14.769  
  
2025-02-26 23:07:14.769  [VAL_FINETUNE_DTVU_STEPS_1] epoch_26  
2025-02-26 23:07:14.769  =============================================  
2025-02-26 23:07:14.769  val_finetune_dtvu_steps_1/loss = 2.9403  
2025-02-26 23:07:14.769  val_finetune_dtvu_steps_1/acc@01 = 0.3250  
2025-02-26 23:07:14.769  val_finetune_dtvu_steps_1/acc@05 = 0.7000  
2025-02-26 23:07:14.769  val_finetune_dtvu_steps_1/acc@10 = 0.8000  
2025-02-26 23:07:14.769  val_finetune_dtvu_steps_1/acc@20 = 0.8000  
2025-02-26 23:07:14.769  
  
2025-02-26 23:07:14.817  
  
2025-02-26 23:07:14.817  [VAL_FINETUNE_DTVU_STEPS_3] epoch_26  
2025-02-26 23:07:14.817  =============================================  
2025-02-26 23:07:14.817  val_finetune_dtvu_steps_3/loss = 3.3196  
2025-02-26 23:07:14.817  val_finetune_dtvu_steps_3/acc@01 = 0.2833  
2025-02-26 23:07:14.817  val_finetune_dtvu_steps_3/acc@05 = 0.6167  
2025-02-26 23:07:14.817  val_finetune_dtvu_steps_3/acc@10 = 0.7583  
2025-02-26 23:07:14.817  val_finetune_dtvu_steps_3/acc@20 = 0.7833  
2025-02-26 23:07:14.817  
  
2025-02-26 23:07:15.335  
  
2025-02-26 23:07:15.335  [TRN] epoch_27  
2025-02-26 23:07:15.343  =============================================  
2025-02-26 23:07:15.343  trn/loss = 2.4382  
2025-02-26 23:07:15.343  trn/acc@01 = 0.3485  
2025-02-26 23:07:15.343  trn/acc@05 = 0.7366  
2025-02-26 23:07:15.343  trn/acc@10 = 0.8238  
2025-02-26 23:07:15.343  trn/acc@20 = 0.8970  
2025-02-26 23:07:15.343  
  
2025-02-26 23:07:15.404  
  
2025-02-26 23:07:15.404  [VAL_FINETUNE_DTVU_STEPS_1] epoch_27  
2025-02-26 23:07:15.405  =============================================  
2025-02-26 23:07:15.405  val_finetune_dtvu_steps_1/loss = 2.9414  
2025-02-26 23:07:15.405  val_finetune_dtvu_steps_1/acc@01 = 0.3250  
2025-02-26 23:07:15.405  val_finetune_dtvu_steps_1/acc@05 = 0.7000  
2025-02-26 23:07:15.405  val_finetune_dtvu_steps_1/acc@10 = 0.7750  
2025-02-26 23:07:15.405  val_finetune_dtvu_steps_1/acc@20 = 0.8250  
2025-02-26 23:07:15.405  
  
2025-02-26 23:07:15.453  
  
2025-02-26 23:07:15.453  [VAL_FINETUNE_DTVU_STEPS_3] epoch_27  
2025-02-26 23:07:15.453  =============================================  
2025-02-26 23:07:15.453  val_finetune_dtvu_steps_3/loss = 3.2666  
2025-02-26 23:07:15.453  val_finetune_dtvu_steps_3/acc@01 = 0.2917  
2025-02-26 23:07:15.453  val_finetune_dtvu_steps_3/acc@05 = 0.6417  
2025-02-26 23:07:15.453  val_finetune_dtvu_steps_3/acc@10 = 0.7417  
2025-02-26 23:07:15.453  val_finetune_dtvu_steps_3/acc@20 = 0.7833  
2025-02-26 23:07:15.453  
  
2025-02-26 23:07:15.935  
  
2025-02-26 23:07:15.937  [TRN] epoch_28  
2025-02-26 23:07:15.937  =============================================  
2025-02-26 23:07:15.937  trn/loss = 2.3417  
2025-02-26 23:07:15.937  trn/acc@01 = 0.3891  
2025-02-26 23:07:15.937  trn/acc@05 = 0.7158  
2025-02-26 23:07:15.937  trn/acc@10 = 0.8198  
2025-02-26 23:07:15.937  trn/acc@20 = 0.9059  
2025-02-26 23:07:15.937  
  
2025-02-26 23:07:15.977  
  
2025-02-26 23:07:15.977  [VAL_FINETUNE_DTVU_STEPS_1] epoch_28  
2025-02-26 23:07:15.977  =============================================  
2025-02-26 23:07:15.977  val_finetune_dtvu_steps_1/loss = 3.0007  
2025-02-26 23:07:15.977  val_finetune_dtvu_steps_1/acc@01 = 0.3500  
2025-02-26 23:07:15.977  val_finetune_dtvu_steps_1/acc@05 = 0.6500  
2025-02-26 23:07:15.977  val_finetune_dtvu_steps_1/acc@10 = 0.7500  
2025-02-26 23:07:15.977  val_finetune_dtvu_steps_1/acc@20 = 0.8250  
2025-02-26 23:07:15.977  
  
2025-02-26 23:07:16.034  
  
2025-02-26 23:07:16.034  [VAL_FINETUNE_DTVU_STEPS_3] epoch_28  
2025-02-26 23:07:16.034  =============================================  
2025-02-26 23:07:16.034  val_finetune_dtvu_steps_3/loss = 3.3805  
2025-02-26 23:07:16.034  val_finetune_dtvu_steps_3/acc@01 = 0.3167  
2025-02-26 23:07:16.034  val_finetune_dtvu_steps_3/acc@05 = 0.6083  
2025-02-26 23:07:16.035  val_finetune_dtvu_steps_3/acc@10 = 0.7167  
2025-02-26 23:07:16.035  val_finetune_dtvu_steps_3/acc@20 = 0.7917  
2025-02-26 23:07:16.035  
  
2025-02-26 23:07:16.514  
  
2025-02-26 23:07:16.522  [TRN] epoch_29  
2025-02-26 23:07:16.523  =============================================  
2025-02-26 23:07:16.523  trn/loss = 2.3637  
2025-02-26 23:07:16.523  trn/acc@01 = 0.3404  
2025-02-26 23:07:16.523  trn/acc@05 = 0.7385  
2025-02-26 23:07:16.523  trn/acc@10 = 0.8346  
2025-02-26 23:07:16.523  trn/acc@20 = 0.9125  
2025-02-26 23:07:16.523  
  
2025-02-26 23:07:16.580  
  
2025-02-26 23:07:16.580  [VAL_FINETUNE_DTVU_STEPS_1] epoch_29  
2025-02-26 23:07:16.580  =============================================  
2025-02-26 23:07:16.580  val_finetune_dtvu_steps_1/loss = 2.8569  
2025-02-26 23:07:16.580  val_finetune_dtvu_steps_1/acc@01 = 0.3000  
2025-02-26 23:07:16.582  val_finetune_dtvu_steps_1/acc@05 = 0.6500  
2025-02-26 23:07:16.582  val_finetune_dtvu_steps_1/acc@10 = 0.7750  
2025-02-26 23:07:16.582  val_finetune_dtvu_steps_1/acc@20 = 0.8500  
2025-02-26 23:07:16.582  
  
2025-02-26 23:07:16.653  
  
2025-02-26 23:07:16.653  [VAL_FINETUNE_DTVU_STEPS_3] epoch_29  
2025-02-26 23:07:16.653  =============================================  
2025-02-26 23:07:16.653  val_finetune_dtvu_steps_3/loss = 3.2042  
2025-02-26 23:07:16.653  val_finetune_dtvu_steps_3/acc@01 = 0.3083  
2025-02-26 23:07:16.653  val_finetune_dtvu_steps_3/acc@05 = 0.6333  
2025-02-26 23:07:16.653  val_finetune_dtvu_steps_3/acc@10 = 0.7583  
2025-02-26 23:07:16.653  val_finetune_dtvu_steps_3/acc@20 = 0.8083  
2025-02-26 23:07:16.653  
  
2025-02-26 23:07:17.162  
  
2025-02-26 23:07:17.162  [TRN] epoch_30  
2025-02-26 23:07:17.162  =============================================  
2025-02-26 23:07:17.162  trn/loss = 2.3658  
2025-02-26 23:07:17.162  trn/acc@01 = 0.3676  
2025-02-26 23:07:17.162  trn/acc@05 = 0.7520  
2025-02-26 23:07:17.162  trn/acc@10 = 0.8510  
2025-02-26 23:07:17.162  trn/acc@20 = 0.9245  
2025-02-26 23:07:17.162  
  
2025-02-26 23:07:17.208  
  
2025-02-26 23:07:17.208  [VAL_FINETUNE_DTVU_STEPS_1] epoch_30  
2025-02-26 23:07:17.208  =============================================  
2025-02-26 23:07:17.208  val_finetune_dtvu_steps_1/loss = 2.8883  
2025-02-26 23:07:17.208  val_finetune_dtvu_steps_1/acc@01 = 0.3000  
2025-02-26 23:07:17.208  val_finetune_dtvu_steps_1/acc@05 = 0.7250  
2025-02-26 23:07:17.208  val_finetune_dtvu_steps_1/acc@10 = 0.8000  
2025-02-26 23:07:17.208  val_finetune_dtvu_steps_1/acc@20 = 0.8500  
2025-02-26 23:07:17.208  
  
2025-02-26 23:07:17.262  
  
2025-02-26 23:07:17.262  [VAL_FINETUNE_DTVU_STEPS_3] epoch_30  
2025-02-26 23:07:17.262  =============================================  
2025-02-26 23:07:17.262  val_finetune_dtvu_steps_3/loss = 3.2247  
2025-02-26 23:07:17.262  val_finetune_dtvu_steps_3/acc@01 = 0.3083  
2025-02-26 23:07:17.262  val_finetune_dtvu_steps_3/acc@05 = 0.6667  
2025-02-26 23:07:17.262  val_finetune_dtvu_steps_3/acc@10 = 0.7500  
2025-02-26 23:07:17.262  val_finetune_dtvu_steps_3/acc@20 = 0.8167  
2025-02-26 23:07:17.270  
  
2025-02-26 23:07:17.815  
  
2025-02-26 23:07:17.815  [TRN] epoch_31  
2025-02-26 23:07:17.815  =============================================  
2025-02-26 23:07:17.815  trn/loss = 2.3153  
2025-02-26 23:07:17.815  trn/acc@01 = 0.3890  
2025-02-26 23:07:17.815  trn/acc@05 = 0.7280  
2025-02-26 23:07:17.815  trn/acc@10 = 0.8380  
2025-02-26 23:07:17.822  trn/acc@20 = 0.9140  
2025-02-26 23:07:17.822  
  
2025-02-26 23:07:17.862  
  
2025-02-26 23:07:17.872  [VAL_FINETUNE_DTVU_STEPS_1] epoch_31  
2025-02-26 23:07:17.872  =============================================  
2025-02-26 23:07:17.872  val_finetune_dtvu_steps_1/loss = 2.8792  
2025-02-26 23:07:17.872  val_finetune_dtvu_steps_1/acc@01 = 0.3750  
2025-02-26 23:07:17.872  val_finetune_dtvu_steps_1/acc@05 = 0.7250  
2025-02-26 23:07:17.872  val_finetune_dtvu_steps_1/acc@10 = 0.8000  
2025-02-26 23:07:17.872  val_finetune_dtvu_steps_1/acc@20 = 0.8250  
2025-02-26 23:07:17.872  
  
2025-02-26 23:07:17.923  
  
2025-02-26 23:07:17.923  [VAL_FINETUNE_DTVU_STEPS_3] epoch_31  
2025-02-26 23:07:17.923  =============================================  
2025-02-26 23:07:17.923  val_finetune_dtvu_steps_3/loss = 3.2683  
2025-02-26 23:07:17.923  val_finetune_dtvu_steps_3/acc@01 = 0.3167  
2025-02-26 23:07:17.923  val_finetune_dtvu_steps_3/acc@05 = 0.6417  
2025-02-26 23:07:17.923  val_finetune_dtvu_steps_3/acc@10 = 0.7417  
2025-02-26 23:07:17.923  val_finetune_dtvu_steps_3/acc@20 = 0.7917  
2025-02-26 23:07:17.923  
  
2025-02-26 23:07:18.373  
  
2025-02-26 23:07:18.373  [TRN] epoch_32  
2025-02-26 23:07:18.373  =============================================  
2025-02-26 23:07:18.373  trn/loss = 2.3624  
2025-02-26 23:07:18.373  trn/acc@01 = 0.3621  
2025-02-26 23:07:18.373  trn/acc@05 = 0.7476  
2025-02-26 23:07:18.373  trn/acc@10 = 0.8417  
2025-02-26 23:07:18.373  trn/acc@20 = 0.9107  
2025-02-26 23:07:18.373  
  
2025-02-26 23:07:18.414  
  
2025-02-26 23:07:18.414  [VAL_FINETUNE_DTVU_STEPS_1] epoch_32  
2025-02-26 23:07:18.414  =============================================  
2025-02-26 23:07:18.414  val_finetune_dtvu_steps_1/loss = 2.8477  
2025-02-26 23:07:18.414  val_finetune_dtvu_steps_1/acc@01 = 0.3250  
2025-02-26 23:07:18.414  val_finetune_dtvu_steps_1/acc@05 = 0.7250  
2025-02-26 23:07:18.414  val_finetune_dtvu_steps_1/acc@10 = 0.8000  
2025-02-26 23:07:18.414  val_finetune_dtvu_steps_1/acc@20 = 0.8500  
2025-02-26 23:07:18.414  
  
2025-02-26 23:07:18.495  
  
2025-02-26 23:07:18.495  [VAL_FINETUNE_DTVU_STEPS_3] epoch_32  
2025-02-26 23:07:18.495  =============================================  
2025-02-26 23:07:18.495  val_finetune_dtvu_steps_3/loss = 3.1822  
2025-02-26 23:07:18.495  val_finetune_dtvu_steps_3/acc@01 = 0.3500  
2025-02-26 23:07:18.495  val_finetune_dtvu_steps_3/acc@05 = 0.6667  
2025-02-26 23:07:18.495  val_finetune_dtvu_steps_3/acc@10 = 0.7667  
2025-02-26 23:07:18.495  val_finetune_dtvu_steps_3/acc@20 = 0.8167  
2025-02-26 23:07:18.495  
  
2025-02-26 23:07:18.948  
  
2025-02-26 23:07:18.949  [TRN] epoch_33  
2025-02-26 23:07:18.949  =============================================  
2025-02-26 23:07:18.949  trn/loss = 2.1082  
2025-02-26 23:07:18.950  trn/acc@01 = 0.4235  
2025-02-26 23:07:18.950  trn/acc@05 = 0.7755  
2025-02-26 23:07:18.950  trn/acc@10 = 0.8569  
2025-02-26 23:07:18.950  trn/acc@20 = 0.9176  
2025-02-26 23:07:18.950  
  
2025-02-26 23:07:19.006  
  
2025-02-26 23:07:19.008  [VAL_FINETUNE_DTVU_STEPS_1] epoch_33  
2025-02-26 23:07:19.008  =============================================  
2025-02-26 23:07:19.008  val_finetune_dtvu_steps_1/loss = 2.8637  
2025-02-26 23:07:19.008  val_finetune_dtvu_steps_1/acc@01 = 0.3000  
2025-02-26 23:07:19.008  val_finetune_dtvu_steps_1/acc@05 = 0.7250  
2025-02-26 23:07:19.008  val_finetune_dtvu_steps_1/acc@10 = 0.8000  
2025-02-26 23:07:19.008  val_finetune_dtvu_steps_1/acc@20 = 0.8000  
2025-02-26 23:07:19.008  
  
2025-02-26 23:07:19.067  
  
2025-02-26 23:07:19.068  [VAL_FINETUNE_DTVU_STEPS_3] epoch_33  
2025-02-26 23:07:19.068  =============================================  
2025-02-26 23:07:19.068  val_finetune_dtvu_steps_3/loss = 3.2334  
2025-02-26 23:07:19.068  val_finetune_dtvu_steps_3/acc@01 = 0.2667  
2025-02-26 23:07:19.068  val_finetune_dtvu_steps_3/acc@05 = 0.6667  
2025-02-26 23:07:19.068  val_finetune_dtvu_steps_3/acc@10 = 0.7417  
2025-02-26 23:07:19.068  val_finetune_dtvu_steps_3/acc@20 = 0.8000  
2025-02-26 23:07:19.068  
  
2025-02-26 23:07:19.516  
  
2025-02-26 23:07:19.516  [TRN] epoch_34  
2025-02-26 23:07:19.516  =============================================  
2025-02-26 23:07:19.516  trn/loss = 2.2804  
2025-02-26 23:07:19.516  trn/acc@01 = 0.3743  
2025-02-26 23:07:19.516  trn/acc@05 = 0.7535  
2025-02-26 23:07:19.516  trn/acc@10 = 0.8594  
2025-02-26 23:07:19.516  trn/acc@20 = 0.9267  
2025-02-26 23:07:19.516  
  
2025-02-26 23:07:19.573  
  
2025-02-26 23:07:19.573  [VAL_FINETUNE_DTVU_STEPS_1] epoch_34  
2025-02-26 23:07:19.573  =============================================  
2025-02-26 23:07:19.579  val_finetune_dtvu_steps_1/loss = 2.8260  
2025-02-26 23:07:19.579  val_finetune_dtvu_steps_1/acc@01 = 0.3750  
2025-02-26 23:07:19.579  val_finetune_dtvu_steps_1/acc@05 = 0.7000  
2025-02-26 23:07:19.579  val_finetune_dtvu_steps_1/acc@10 = 0.8000  
2025-02-26 23:07:19.579  val_finetune_dtvu_steps_1/acc@20 = 0.8500  
2025-02-26 23:07:19.579  
  
2025-02-26 23:07:19.624  
  
2025-02-26 23:07:19.624  [VAL_FINETUNE_DTVU_STEPS_3] epoch_34  
2025-02-26 23:07:19.624  =============================================  
2025-02-26 23:07:19.624  val_finetune_dtvu_steps_3/loss = 3.2025  
2025-02-26 23:07:19.624  val_finetune_dtvu_steps_3/acc@01 = 0.3417  
2025-02-26 23:07:19.624  val_finetune_dtvu_steps_3/acc@05 = 0.6667  
2025-02-26 23:07:19.624  val_finetune_dtvu_steps_3/acc@10 = 0.7417  
2025-02-26 23:07:19.624  val_finetune_dtvu_steps_3/acc@20 = 0.8167  
2025-02-26 23:07:19.624  
  
2025-02-26 23:07:20.117  
  
2025-02-26 23:07:20.118  [TRN] epoch_35  
2025-02-26 23:07:20.118  =============================================  
2025-02-26 23:07:20.118  trn/loss = 2.0621  
2025-02-26 23:07:20.118  trn/acc@01 = 0.3859  
2025-02-26 23:07:20.118  trn/acc@05 = 0.7828  
2025-02-26 23:07:20.118  trn/acc@10 = 0.8697  
2025-02-26 23:07:20.118  trn/acc@20 = 0.9424  
2025-02-26 23:07:20.118  
  
2025-02-26 23:07:20.170  
  
2025-02-26 23:07:20.171  [VAL_FINETUNE_DTVU_STEPS_1] epoch_35  
2025-02-26 23:07:20.171  =============================================  
2025-02-26 23:07:20.171  val_finetune_dtvu_steps_1/loss = 2.7789  
2025-02-26 23:07:20.171  val_finetune_dtvu_steps_1/acc@01 = 0.3750  
2025-02-26 23:07:20.172  val_finetune_dtvu_steps_1/acc@05 = 0.7250  
2025-02-26 23:07:20.172  val_finetune_dtvu_steps_1/acc@10 = 0.7750  
2025-02-26 23:07:20.172  val_finetune_dtvu_steps_1/acc@20 = 0.8500  
2025-02-26 23:07:20.172  
  
2025-02-26 23:07:20.216  
  
2025-02-26 23:07:20.216  [VAL_FINETUNE_DTVU_STEPS_3] epoch_35  
2025-02-26 23:07:20.216  =============================================  
2025-02-26 23:07:20.216  val_finetune_dtvu_steps_3/loss = 3.1371  
2025-02-26 23:07:20.216  val_finetune_dtvu_steps_3/acc@01 = 0.3833  
2025-02-26 23:07:20.216  val_finetune_dtvu_steps_3/acc@05 = 0.6583  
2025-02-26 23:07:20.216  val_finetune_dtvu_steps_3/acc@10 = 0.7250  
2025-02-26 23:07:20.216  val_finetune_dtvu_steps_3/acc@20 = 0.8083  
2025-02-26 23:07:20.216  
  
2025-02-26 23:07:20.675  
  
2025-02-26 23:07:20.676  [TRN] epoch_36  
2025-02-26 23:07:20.676  =============================================  
2025-02-26 23:07:20.676  trn/loss = 2.1479  
2025-02-26 23:07:20.676  trn/acc@01 = 0.4157  
2025-02-26 23:07:20.676  trn/acc@05 = 0.7627  
2025-02-26 23:07:20.676  trn/acc@10 = 0.8618  
2025-02-26 23:07:20.676  trn/acc@20 = 0.9373  
2025-02-26 23:07:20.676  
  
2025-02-26 23:07:20.726  
  
2025-02-26 23:07:20.726  [VAL_FINETUNE_DTVU_STEPS_1] epoch_36  
2025-02-26 23:07:20.726  =============================================  
2025-02-26 23:07:20.727  val_finetune_dtvu_steps_1/loss = 2.9748  
2025-02-26 23:07:20.727  val_finetune_dtvu_steps_1/acc@01 = 0.3750  
2025-02-26 23:07:20.727  val_finetune_dtvu_steps_1/acc@05 = 0.6750  
2025-02-26 23:07:20.727  val_finetune_dtvu_steps_1/acc@10 = 0.7750  
2025-02-26 23:07:20.727  val_finetune_dtvu_steps_1/acc@20 = 0.8250  
2025-02-26 23:07:20.727  
  
2025-02-26 23:07:20.778  
  
2025-02-26 23:07:20.780  [VAL_FINETUNE_DTVU_STEPS_3] epoch_36  
2025-02-26 23:07:20.780  =============================================  
2025-02-26 23:07:20.780  val_finetune_dtvu_steps_3/loss = 3.2456  
2025-02-26 23:07:20.780  val_finetune_dtvu_steps_3/acc@01 = 0.3500  
2025-02-26 23:07:20.780  val_finetune_dtvu_steps_3/acc@05 = 0.6417  
2025-02-26 23:07:20.780  val_finetune_dtvu_steps_3/acc@10 = 0.7417  
2025-02-26 23:07:20.780  val_finetune_dtvu_steps_3/acc@20 = 0.8250  
2025-02-26 23:07:20.780  
  
2025-02-26 23:07:21.186  
  
2025-02-26 23:07:21.186  [TRN] epoch_37  
2025-02-26 23:07:21.186  =============================================  
2025-02-26 23:07:21.186  trn/loss = 2.1873  
2025-02-26 23:07:21.186  trn/acc@01 = 0.3796  
2025-02-26 23:07:21.186  trn/acc@05 = 0.7806  
2025-02-26 23:07:21.186  trn/acc@10 = 0.8670  
2025-02-26 23:07:21.186  trn/acc@20 = 0.9466  
2025-02-26 23:07:21.186  
  
2025-02-26 23:07:21.232  
  
2025-02-26 23:07:21.232  [VAL_FINETUNE_DTVU_STEPS_1] epoch_37  
2025-02-26 23:07:21.232  =============================================  
2025-02-26 23:07:21.233  val_finetune_dtvu_steps_1/loss = 2.8468  
2025-02-26 23:07:21.233  val_finetune_dtvu_steps_1/acc@01 = 0.4000  
2025-02-26 23:07:21.233  val_finetune_dtvu_steps_1/acc@05 = 0.7000  
2025-02-26 23:07:21.233  val_finetune_dtvu_steps_1/acc@10 = 0.7750  
2025-02-26 23:07:21.233  val_finetune_dtvu_steps_1/acc@20 = 0.8500  
2025-02-26 23:07:21.233  
  
2025-02-26 23:07:21.278  
  
2025-02-26 23:07:21.278  [VAL_FINETUNE_DTVU_STEPS_3] epoch_37  
2025-02-26 23:07:21.278  =============================================  
2025-02-26 23:07:21.278  val_finetune_dtvu_steps_3/loss = 3.2324  
2025-02-26 23:07:21.278  val_finetune_dtvu_steps_3/acc@01 = 0.3583  
2025-02-26 23:07:21.278  val_finetune_dtvu_steps_3/acc@05 = 0.6417  
2025-02-26 23:07:21.278  val_finetune_dtvu_steps_3/acc@10 = 0.7333  
2025-02-26 23:07:21.278  val_finetune_dtvu_steps_3/acc@20 = 0.8083  
2025-02-26 23:07:21.278  
  
2025-02-26 23:07:21.771  
  
2025-02-26 23:07:21.771  [TRN] epoch_38  
2025-02-26 23:07:21.771  =============================================  
2025-02-26 23:07:21.771  trn/loss = 2.1305  
2025-02-26 23:07:21.771  trn/acc@01 = 0.3983  
2025-02-26 23:07:21.771  trn/acc@05 = 0.8026  
2025-02-26 23:07:21.772  trn/acc@10 = 0.8687  
2025-02-26 23:07:21.772  trn/acc@20 = 0.9365  
2025-02-26 23:07:21.772  
  
2025-02-26 23:07:21.819  
  
2025-02-26 23:07:21.819  [VAL_FINETUNE_DTVU_STEPS_1] epoch_38  
2025-02-26 23:07:21.819  =============================================  
2025-02-26 23:07:21.819  val_finetune_dtvu_steps_1/loss = 3.0050  
2025-02-26 23:07:21.819  val_finetune_dtvu_steps_1/acc@01 = 0.3250  
2025-02-26 23:07:21.819  val_finetune_dtvu_steps_1/acc@05 = 0.7250  
2025-02-26 23:07:21.819  val_finetune_dtvu_steps_1/acc@10 = 0.7750  
2025-02-26 23:07:21.820  val_finetune_dtvu_steps_1/acc@20 = 0.8000  
2025-02-26 23:07:21.820  
  
2025-02-26 23:07:21.863  
  
2025-02-26 23:07:21.863  [VAL_FINETUNE_DTVU_STEPS_3] epoch_38  
2025-02-26 23:07:21.863  =============================================  
2025-02-26 23:07:21.863  val_finetune_dtvu_steps_3/loss = 3.3612  
2025-02-26 23:07:21.863  val_finetune_dtvu_steps_3/acc@01 = 0.3583  
2025-02-26 23:07:21.863  val_finetune_dtvu_steps_3/acc@05 = 0.6583  
2025-02-26 23:07:21.863  val_finetune_dtvu_steps_3/acc@10 = 0.7167  
2025-02-26 23:07:21.863  val_finetune_dtvu_steps_3/acc@20 = 0.7917  
2025-02-26 23:07:21.863  
  
2025-02-26 23:07:22.254  
  
2025-02-26 23:07:22.255  [TRN] epoch_39  
2025-02-26 23:07:22.255  =============================================  
2025-02-26 23:07:22.255  trn/loss = 2.1593  
2025-02-26 23:07:22.255  trn/acc@01 = 0.3905  
2025-02-26 23:07:22.255  trn/acc@05 = 0.7686  
2025-02-26 23:07:22.255  trn/acc@10 = 0.8695  
2025-02-26 23:07:22.255  trn/acc@20 = 0.9390  
2025-02-26 23:07:22.255  
  
2025-02-26 23:07:22.303  
  
2025-02-26 23:07:22.303  [VAL_FINETUNE_DTVU_STEPS_1] epoch_39  
2025-02-26 23:07:22.303  =============================================  
2025-02-26 23:07:22.303  val_finetune_dtvu_steps_1/loss = 2.9836  
2025-02-26 23:07:22.303  val_finetune_dtvu_steps_1/acc@01 = 0.3000  
2025-02-26 23:07:22.304  val_finetune_dtvu_steps_1/acc@05 = 0.7250  
2025-02-26 23:07:22.304  val_finetune_dtvu_steps_1/acc@10 = 0.7750  
2025-02-26 23:07:22.304  val_finetune_dtvu_steps_1/acc@20 = 0.8000  
2025-02-26 23:07:22.304  
  
2025-02-26 23:07:22.353  
  
2025-02-26 23:07:22.353  [VAL_FINETUNE_DTVU_STEPS_3] epoch_39  
2025-02-26 23:07:22.353  =============================================  
2025-02-26 23:07:22.353  val_finetune_dtvu_steps_3/loss = 3.2540  
2025-02-26 23:07:22.353  val_finetune_dtvu_steps_3/acc@01 = 0.3500  
2025-02-26 23:07:22.353  val_finetune_dtvu_steps_3/acc@05 = 0.6583  
2025-02-26 23:07:22.353  val_finetune_dtvu_steps_3/acc@10 = 0.7417  
2025-02-26 23:07:22.353  val_finetune_dtvu_steps_3/acc@20 = 0.7750  
2025-02-26 23:07:22.353  
  
2025-02-26 23:07:22.792  
  
2025-02-26 23:07:22.793  [TRN] epoch_40  
2025-02-26 23:07:22.793  =============================================  
2025-02-26 23:07:22.793  trn/loss = 2.0402  
2025-02-26 23:07:22.793  trn/acc@01 = 0.4278  
2025-02-26 23:07:22.793  trn/acc@05 = 0.7935  
2025-02-26 23:07:22.793  trn/acc@10 = 0.8815  
2025-02-26 23:07:22.793  trn/acc@20 = 0.9380  
2025-02-26 23:07:22.793  
  
2025-02-26 23:07:22.834  
  
2025-02-26 23:07:22.834  [VAL_FINETUNE_DTVU_STEPS_1] epoch_40  
2025-02-26 23:07:22.835  =============================================  
2025-02-26 23:07:22.835  val_finetune_dtvu_steps_1/loss = 2.9130  
2025-02-26 23:07:22.835  val_finetune_dtvu_steps_1/acc@01 = 0.3250  
2025-02-26 23:07:22.835  val_finetune_dtvu_steps_1/acc@05 = 0.6750  
2025-02-26 23:07:22.835  val_finetune_dtvu_steps_1/acc@10 = 0.7750  
2025-02-26 23:07:22.835  val_finetune_dtvu_steps_1/acc@20 = 0.8000  
2025-02-26 23:07:22.835  
  
2025-02-26 23:07:22.876  
  
2025-02-26 23:07:22.876  [VAL_FINETUNE_DTVU_STEPS_3] epoch_40  
2025-02-26 23:07:22.876  =============================================  
2025-02-26 23:07:22.876  val_finetune_dtvu_steps_3/loss = 3.2375  
2025-02-26 23:07:22.876  val_finetune_dtvu_steps_3/acc@01 = 0.3250  
2025-02-26 23:07:22.876  val_finetune_dtvu_steps_3/acc@05 = 0.6417  
2025-02-26 23:07:22.876  val_finetune_dtvu_steps_3/acc@10 = 0.7583  
2025-02-26 23:07:22.876  val_finetune_dtvu_steps_3/acc@20 = 0.8083  
2025-02-26 23:07:22.876  
  
2025-02-26 23:07:23.367  
  
2025-02-26 23:07:23.368  [TRN] epoch_41  
2025-02-26 23:07:23.368  =============================================  
2025-02-26 23:07:23.368  trn/loss = 2.0564  
2025-02-26 23:07:23.368  trn/acc@01 = 0.4518  
2025-02-26 23:07:23.369  trn/acc@05 = 0.7875  
2025-02-26 23:07:23.369  trn/acc@10 = 0.8705  
2025-02-26 23:07:23.369  trn/acc@20 = 0.9384  
2025-02-26 23:07:23.369  
  
2025-02-26 23:07:23.420  
  
2025-02-26 23:07:23.420  [VAL_FINETUNE_DTVU_STEPS_1] epoch_41  
2025-02-26 23:07:23.420  =============================================  
2025-02-26 23:07:23.420  val_finetune_dtvu_steps_1/loss = 2.8594  
2025-02-26 23:07:23.420  val_finetune_dtvu_steps_1/acc@01 = 0.2750  
2025-02-26 23:07:23.420  val_finetune_dtvu_steps_1/acc@05 = 0.7250  
2025-02-26 23:07:23.420  val_finetune_dtvu_steps_1/acc@10 = 0.7750  
2025-02-26 23:07:23.420  val_finetune_dtvu_steps_1/acc@20 = 0.8000  
2025-02-26 23:07:23.420  
  
2025-02-26 23:07:23.470  
  
2025-02-26 23:07:23.470  [VAL_FINETUNE_DTVU_STEPS_3] epoch_41  
2025-02-26 23:07:23.470  =============================================  
2025-02-26 23:07:23.470  val_finetune_dtvu_steps_3/loss = 3.1797  
2025-02-26 23:07:23.471  val_finetune_dtvu_steps_3/acc@01 = 0.3083  
2025-02-26 23:07:23.471  val_finetune_dtvu_steps_3/acc@05 = 0.6750  
2025-02-26 23:07:23.471  val_finetune_dtvu_steps_3/acc@10 = 0.7583  
2025-02-26 23:07:23.471  val_finetune_dtvu_steps_3/acc@20 = 0.8083  
2025-02-26 23:07:23.471  
  
2025-02-26 23:07:23.920  
  
2025-02-26 23:07:23.921  [TRN] epoch_42  
2025-02-26 23:07:23.921  =============================================  
2025-02-26 23:07:23.921  trn/loss = 1.9746  
2025-02-26 23:07:23.921  trn/acc@01 = 0.4680  
2025-02-26 23:07:23.921  trn/acc@05 = 0.8000  
2025-02-26 23:07:23.922  trn/acc@10 = 0.8864  
2025-02-26 23:07:23.922  trn/acc@20 = 0.9515  
2025-02-26 23:07:23.922  
  
2025-02-26 23:07:23.964  
  
2025-02-26 23:07:23.964  [VAL_FINETUNE_DTVU_STEPS_1] epoch_42  
2025-02-26 23:07:23.964  =============================================  
2025-02-26 23:07:23.964  val_finetune_dtvu_steps_1/loss = 2.9057  
2025-02-26 23:07:23.964  val_finetune_dtvu_steps_1/acc@01 = 0.3500  
2025-02-26 23:07:23.964  val_finetune_dtvu_steps_1/acc@05 = 0.6750  
2025-02-26 23:07:23.964  val_finetune_dtvu_steps_1/acc@10 = 0.7500  
2025-02-26 23:07:23.964  val_finetune_dtvu_steps_1/acc@20 = 0.8000  
2025-02-26 23:07:23.964  
  
2025-02-26 23:07:24.011  
  
2025-02-26 23:07:24.011  [VAL_FINETUNE_DTVU_STEPS_3] epoch_42  
2025-02-26 23:07:24.011  =============================================  
2025-02-26 23:07:24.012  val_finetune_dtvu_steps_3/loss = 3.2096  
2025-02-26 23:07:24.012  val_finetune_dtvu_steps_3/acc@01 = 0.3583  
2025-02-26 23:07:24.012  val_finetune_dtvu_steps_3/acc@05 = 0.6417  
2025-02-26 23:07:24.012  val_finetune_dtvu_steps_3/acc@10 = 0.7417  
2025-02-26 23:07:24.013  val_finetune_dtvu_steps_3/acc@20 = 0.8167  
2025-02-26 23:07:24.013  
  
2025-02-26 23:07:24.431  
  
2025-02-26 23:07:24.431  [TRN] epoch_43  
2025-02-26 23:07:24.431  =============================================  
2025-02-26 23:07:24.431  trn/loss = 1.8919  
2025-02-26 23:07:24.431  trn/acc@01 = 0.4447  
2025-02-26 23:07:24.431  trn/acc@05 = 0.8149  
2025-02-26 23:07:24.431  trn/acc@10 = 0.8989  
2025-02-26 23:07:24.431  trn/acc@20 = 0.9511  
2025-02-26 23:07:24.432  
  
2025-02-26 23:07:24.479  
  
2025-02-26 23:07:24.479  [VAL_FINETUNE_DTVU_STEPS_1] epoch_43  
2025-02-26 23:07:24.479  =============================================  
2025-02-26 23:07:24.479  val_finetune_dtvu_steps_1/loss = 2.8281  
2025-02-26 23:07:24.480  val_finetune_dtvu_steps_1/acc@01 = 0.3250  
2025-02-26 23:07:24.480  val_finetune_dtvu_steps_1/acc@05 = 0.7250  
2025-02-26 23:07:24.480  val_finetune_dtvu_steps_1/acc@10 = 0.7750  
2025-02-26 23:07:24.480  val_finetune_dtvu_steps_1/acc@20 = 0.8250  
2025-02-26 23:07:24.480  
  
2025-02-26 23:07:24.526  
  
2025-02-26 23:07:24.526  [VAL_FINETUNE_DTVU_STEPS_3] epoch_43  
2025-02-26 23:07:24.526  =============================================  
2025-02-26 23:07:24.526  val_finetune_dtvu_steps_3/loss = 3.2227  
2025-02-26 23:07:24.526  val_finetune_dtvu_steps_3/acc@01 = 0.2917  
2025-02-26 23:07:24.526  val_finetune_dtvu_steps_3/acc@05 = 0.6500  
2025-02-26 23:07:24.526  val_finetune_dtvu_steps_3/acc@10 = 0.7500  
2025-02-26 23:07:24.526  val_finetune_dtvu_steps_3/acc@20 = 0.8333  
2025-02-26 23:07:24.526  
  
2025-02-26 23:07:25.042  
  
2025-02-26 23:07:25.043  [TRN] epoch_44  
2025-02-26 23:07:25.043  =============================================  
2025-02-26 23:07:25.043  trn/loss = 1.9255  
2025-02-26 23:07:25.043  trn/acc@01 = 0.4594  
2025-02-26 23:07:25.043  trn/acc@05 = 0.8019  
2025-02-26 23:07:25.043  trn/acc@10 = 0.8868  
2025-02-26 23:07:25.044  trn/acc@20 = 0.9425  
2025-02-26 23:07:25.044  
  
2025-02-26 23:07:25.088  
  
2025-02-26 23:07:25.088  [VAL_FINETUNE_DTVU_STEPS_1] epoch_44  
2025-02-26 23:07:25.088  =============================================  
2025-02-26 23:07:25.088  val_finetune_dtvu_steps_1/loss = 2.9366  
2025-02-26 23:07:25.088  val_finetune_dtvu_steps_1/acc@01 = 0.2500  
2025-02-26 23:07:25.088  val_finetune_dtvu_steps_1/acc@05 = 0.7000  
2025-02-26 23:07:25.088  val_finetune_dtvu_steps_1/acc@10 = 0.8000  
2025-02-26 23:07:25.088  val_finetune_dtvu_steps_1/acc@20 = 0.8500  
2025-02-26 23:07:25.088  
  
2025-02-26 23:07:25.143  
  
2025-02-26 23:07:25.143  [VAL_FINETUNE_DTVU_STEPS_3] epoch_44  
2025-02-26 23:07:25.143  =============================================  
2025-02-26 23:07:25.143  val_finetune_dtvu_steps_3/loss = 3.3090  
2025-02-26 23:07:25.143  val_finetune_dtvu_steps_3/acc@01 = 0.3167  
2025-02-26 23:07:25.143  val_finetune_dtvu_steps_3/acc@05 = 0.6417  
2025-02-26 23:07:25.143  val_finetune_dtvu_steps_3/acc@10 = 0.7667  
2025-02-26 23:07:25.143  val_finetune_dtvu_steps_3/acc@20 = 0.8083  
2025-02-26 23:07:25.143  
  
2025-02-26 23:07:25.583  
  
2025-02-26 23:07:25.583  [TRN] epoch_45  
2025-02-26 23:07:25.583  =============================================  
2025-02-26 23:07:25.583  trn/loss = 1.9638  
2025-02-26 23:07:25.592  trn/acc@01 = 0.4430  
2025-02-26 23:07:25.592  trn/acc@05 = 0.8080  
2025-02-26 23:07:25.592  trn/acc@10 = 0.8960  
2025-02-26 23:07:25.592  trn/acc@20 = 0.9490  
2025-02-26 23:07:25.593  
  
2025-02-26 23:07:25.635  
  
2025-02-26 23:07:25.635  [VAL_FINETUNE_DTVU_STEPS_1] epoch_45  
2025-02-26 23:07:25.635  =============================================  
2025-02-26 23:07:25.635  val_finetune_dtvu_steps_1/loss = 2.8026  
2025-02-26 23:07:25.635  val_finetune_dtvu_steps_1/acc@01 = 0.3000  
2025-02-26 23:07:25.635  val_finetune_dtvu_steps_1/acc@05 = 0.7250  
2025-02-26 23:07:25.635  val_finetune_dtvu_steps_1/acc@10 = 0.8000  
2025-02-26 23:07:25.635  val_finetune_dtvu_steps_1/acc@20 = 0.8000  
2025-02-26 23:07:25.635  
  
2025-02-26 23:07:25.683  
  
2025-02-26 23:07:25.683  [VAL_FINETUNE_DTVU_STEPS_3] epoch_45  
2025-02-26 23:07:25.683  =============================================  
2025-02-26 23:07:25.683  val_finetune_dtvu_steps_3/loss = 3.1850  
2025-02-26 23:07:25.684  val_finetune_dtvu_steps_3/acc@01 = 0.3250  
2025-02-26 23:07:25.684  val_finetune_dtvu_steps_3/acc@05 = 0.6583  
2025-02-26 23:07:25.684  val_finetune_dtvu_steps_3/acc@10 = 0.7667  
2025-02-26 23:07:25.684  val_finetune_dtvu_steps_3/acc@20 = 0.8167  
2025-02-26 23:07:25.684  
  
2025-02-26 23:07:26.077  
  
2025-02-26 23:07:26.077  [TRN] epoch_46  
2025-02-26 23:07:26.077  =============================================  
2025-02-26 23:07:26.077  trn/loss = 1.9444  
2025-02-26 23:07:26.077  trn/acc@01 = 0.4532  
2025-02-26 23:07:26.077  trn/acc@05 = 0.8306  
2025-02-26 23:07:26.077  trn/acc@10 = 0.9063  
2025-02-26 23:07:26.077  trn/acc@20 = 0.9559  
2025-02-26 23:07:26.077  
  
2025-02-26 23:07:26.180  
  
2025-02-26 23:07:26.183  [VAL_FINETUNE_DTVU_STEPS_1] epoch_46  
2025-02-26 23:07:26.183  =============================================  
2025-02-26 23:07:26.185  val_finetune_dtvu_steps_1/loss = 2.8164  
2025-02-26 23:07:26.185  val_finetune_dtvu_steps_1/acc@01 = 0.3250  
2025-02-26 23:07:26.187  val_finetune_dtvu_steps_1/acc@05 = 0.7250  
2025-02-26 23:07:26.187  val_finetune_dtvu_steps_1/acc@10 = 0.8000  
2025-02-26 23:07:26.189  val_finetune_dtvu_steps_1/acc@20 = 0.8250  
2025-02-26 23:07:26.191  
  
2025-02-26 23:07:26.290  
  
2025-02-26 23:07:26.291  [VAL_FINETUNE_DTVU_STEPS_3] epoch_46  
2025-02-26 23:07:26.293  =============================================  
2025-02-26 23:07:26.294  val_finetune_dtvu_steps_3/loss = 3.2669  
2025-02-26 23:07:26.294  val_finetune_dtvu_steps_3/acc@01 = 0.3083  
2025-02-26 23:07:26.295  val_finetune_dtvu_steps_3/acc@05 = 0.6583  
2025-02-26 23:07:26.295  val_finetune_dtvu_steps_3/acc@10 = 0.7583  
2025-02-26 23:07:26.297  val_finetune_dtvu_steps_3/acc@20 = 0.8083  
2025-02-26 23:07:26.297  
  
2025-02-26 23:07:26.812  
  
2025-02-26 23:07:26.814  [TRN] epoch_47  
2025-02-26 23:07:26.814  =============================================  
2025-02-26 23:07:26.814  trn/loss = 1.9844  
2025-02-26 23:07:26.814  trn/acc@01 = 0.4377  
2025-02-26 23:07:26.814  trn/acc@05 = 0.8170  
2025-02-26 23:07:26.814  trn/acc@10 = 0.9028  
2025-02-26 23:07:26.814  trn/acc@20 = 0.9670  
2025-02-26 23:07:26.814  
  
2025-02-26 23:07:26.856  
  
2025-02-26 23:07:26.856  [VAL_FINETUNE_DTVU_STEPS_1] epoch_47  
2025-02-26 23:07:26.856  =============================================  
2025-02-26 23:07:26.858  val_finetune_dtvu_steps_1/loss = 2.9585  
2025-02-26 23:07:26.858  val_finetune_dtvu_steps_1/acc@01 = 0.3250  
2025-02-26 23:07:26.858  val_finetune_dtvu_steps_1/acc@05 = 0.7250  
2025-02-26 23:07:26.858  val_finetune_dtvu_steps_1/acc@10 = 0.8000  
2025-02-26 23:07:26.858  val_finetune_dtvu_steps_1/acc@20 = 0.8000  
2025-02-26 23:07:26.858  
  
2025-02-26 23:07:26.933  
  
2025-02-26 23:07:26.933  [VAL_FINETUNE_DTVU_STEPS_3] epoch_47  
2025-02-26 23:07:26.933  =============================================  
2025-02-26 23:07:26.933  val_finetune_dtvu_steps_3/loss = 3.3017  
2025-02-26 23:07:26.933  val_finetune_dtvu_steps_3/acc@01 = 0.3417  
2025-02-26 23:07:26.933  val_finetune_dtvu_steps_3/acc@05 = 0.6667  
2025-02-26 23:07:26.933  val_finetune_dtvu_steps_3/acc@10 = 0.7667  
2025-02-26 23:07:26.933  val_finetune_dtvu_steps_3/acc@20 = 0.8083  
2025-02-26 23:07:26.933  
  
2025-02-26 23:07:27.395  
  
2025-02-26 23:07:27.395  [TRN] epoch_48  
2025-02-26 23:07:27.395  =============================================  
2025-02-26 23:07:27.395  trn/loss = 1.7064  
2025-02-26 23:07:27.395  trn/acc@01 = 0.5310  
2025-02-26 23:07:27.395  trn/acc@05 = 0.8440  
2025-02-26 23:07:27.395  trn/acc@10 = 0.9070  
2025-02-26 23:07:27.395  trn/acc@20 = 0.9620  
2025-02-26 23:07:27.395  
  
2025-02-26 23:07:27.482  
  
2025-02-26 23:07:27.482  [VAL_FINETUNE_DTVU_STEPS_1] epoch_48  
2025-02-26 23:07:27.483  =============================================  
2025-02-26 23:07:27.483  val_finetune_dtvu_steps_1/loss = 2.9552  
2025-02-26 23:07:27.483  val_finetune_dtvu_steps_1/acc@01 = 0.3250  
2025-02-26 23:07:27.483  val_finetune_dtvu_steps_1/acc@05 = 0.7500  
2025-02-26 23:07:27.483  val_finetune_dtvu_steps_1/acc@10 = 0.8000  
2025-02-26 23:07:27.483  val_finetune_dtvu_steps_1/acc@20 = 0.8000  
2025-02-26 23:07:27.483  
  
2025-02-26 23:07:27.556  
  
2025-02-26 23:07:27.556  [VAL_FINETUNE_DTVU_STEPS_3] epoch_48  
2025-02-26 23:07:27.556  =============================================  
2025-02-26 23:07:27.556  val_finetune_dtvu_steps_3/loss = 3.3288  
2025-02-26 23:07:27.556  val_finetune_dtvu_steps_3/acc@01 = 0.3000  
2025-02-26 23:07:27.556  val_finetune_dtvu_steps_3/acc@05 = 0.6417  
2025-02-26 23:07:27.556  val_finetune_dtvu_steps_3/acc@10 = 0.7583  
2025-02-26 23:07:27.556  val_finetune_dtvu_steps_3/acc@20 = 0.8167  
2025-02-26 23:07:27.556  
  
2025-02-26 23:07:28.128  
  
2025-02-26 23:07:28.129  [TRN] epoch_49  
2025-02-26 23:07:28.129  =============================================  
2025-02-26 23:07:28.129  trn/loss = 1.7537  
2025-02-26 23:07:28.129  trn/acc@01 = 0.5143  
2025-02-26 23:07:28.130  trn/acc@05 = 0.8429  
2025-02-26 23:07:28.130  trn/acc@10 = 0.9055  
2025-02-26 23:07:28.130  trn/acc@20 = 0.9582  
2025-02-26 23:07:28.130  
  
2025-02-26 23:07:28.204  
  
2025-02-26 23:07:28.204  [VAL_FINETUNE_DTVU_STEPS_1] epoch_49  
2025-02-26 23:07:28.211  =============================================  
2025-02-26 23:07:28.211  val_finetune_dtvu_steps_1/loss = 2.9656  
2025-02-26 23:07:28.212  val_finetune_dtvu_steps_1/acc@01 = 0.2500  
2025-02-26 23:07:28.212  val_finetune_dtvu_steps_1/acc@05 = 0.7250  
2025-02-26 23:07:28.212  val_finetune_dtvu_steps_1/acc@10 = 0.8000  
2025-02-26 23:07:28.212  val_finetune_dtvu_steps_1/acc@20 = 0.8000  
2025-02-26 23:07:28.213  
  
2025-02-26 23:07:28.302  
  
2025-02-26 23:07:28.303  [VAL_FINETUNE_DTVU_STEPS_3] epoch_49  
2025-02-26 23:07:28.303  =============================================  
2025-02-26 23:07:28.304  val_finetune_dtvu_steps_3/loss = 3.3116  
2025-02-26 23:07:28.304  val_finetune_dtvu_steps_3/acc@01 = 0.2917  
2025-02-26 23:07:28.304  val_finetune_dtvu_steps_3/acc@05 = 0.6500  
2025-02-26 23:07:28.304  val_finetune_dtvu_steps_3/acc@10 = 0.7500  
2025-02-26 23:07:28.304  val_finetune_dtvu_steps_3/acc@20 = 0.8000  
2025-02-26 23:07:28.304  
  
