2025-02-27 02:45:04.955  
  
2025-02-27 02:45:04.955  [TRN] epoch_00  
2025-02-27 02:45:04.955  =============================================  
2025-02-27 02:45:04.955  trn/loss = 5.7341  
2025-02-27 02:45:04.955  trn/acc@01 = 0.0965  
2025-02-27 02:45:04.955  trn/acc@05 = 0.1789  
2025-02-27 02:45:04.955  trn/acc@10 = 0.2140  
2025-02-27 02:45:04.955  trn/acc@20 = 0.2754  
2025-02-27 02:45:04.955  
  
2025-02-27 02:45:04.991  
  
2025-02-27 02:45:04.991  [VAL_FINETUNE_DTVU_STEPS_1] epoch_00  
2025-02-27 02:45:04.991  =============================================  
2025-02-27 02:45:04.991  val_finetune_dtvu_steps_1/loss = 5.1329  
2025-02-27 02:45:04.991  val_finetune_dtvu_steps_1/acc@01 = 0.0500  
2025-02-27 02:45:04.991  val_finetune_dtvu_steps_1/acc@05 = 0.3500  
2025-02-27 02:45:04.991  val_finetune_dtvu_steps_1/acc@10 = 0.5500  
2025-02-27 02:45:04.991  val_finetune_dtvu_steps_1/acc@20 = 0.7000  
2025-02-27 02:45:04.991  
  
2025-02-27 02:45:05.042  
  
2025-02-27 02:45:05.042  [VAL_FINETUNE_DTVU_STEPS_3] epoch_00  
2025-02-27 02:45:05.042  =============================================  
2025-02-27 02:45:05.042  val_finetune_dtvu_steps_3/loss = 5.0584  
2025-02-27 02:45:05.042  val_finetune_dtvu_steps_3/acc@01 = 0.1167  
2025-02-27 02:45:05.042  val_finetune_dtvu_steps_3/acc@05 = 0.3167  
2025-02-27 02:45:05.042  val_finetune_dtvu_steps_3/acc@10 = 0.5000  
2025-02-27 02:45:05.042  val_finetune_dtvu_steps_3/acc@20 = 0.6667  
2025-02-27 02:45:05.042  
  
2025-02-27 02:45:05.385  
  
2025-02-27 02:45:05.385  [TRN] epoch_01  
2025-02-27 02:45:05.385  =============================================  
2025-02-27 02:45:05.385  trn/loss = 5.0645  
2025-02-27 02:45:05.385  trn/acc@01 = 0.0981  
2025-02-27 02:45:05.385  trn/acc@05 = 0.2925  
2025-02-27 02:45:05.385  trn/acc@10 = 0.4000  
2025-02-27 02:45:05.385  trn/acc@20 = 0.5189  
2025-02-27 02:45:05.385  
  
2025-02-27 02:45:05.416  
  
2025-02-27 02:45:05.416  [VAL_FINETUNE_DTVU_STEPS_1] epoch_01  
2025-02-27 02:45:05.416  =============================================  
2025-02-27 02:45:05.416  val_finetune_dtvu_steps_1/loss = 4.4891  
2025-02-27 02:45:05.416  val_finetune_dtvu_steps_1/acc@01 = 0.0500  
2025-02-27 02:45:05.416  val_finetune_dtvu_steps_1/acc@05 = 0.4500  
2025-02-27 02:45:05.416  val_finetune_dtvu_steps_1/acc@10 = 0.6500  
2025-02-27 02:45:05.416  val_finetune_dtvu_steps_1/acc@20 = 0.7500  
2025-02-27 02:45:05.416  
  
2025-02-27 02:45:05.463  
  
2025-02-27 02:45:05.463  [VAL_FINETUNE_DTVU_STEPS_3] epoch_01  
2025-02-27 02:45:05.463  =============================================  
2025-02-27 02:45:05.463  val_finetune_dtvu_steps_3/loss = 4.5076  
2025-02-27 02:45:05.463  val_finetune_dtvu_steps_3/acc@01 = 0.1167  
2025-02-27 02:45:05.463  val_finetune_dtvu_steps_3/acc@05 = 0.4167  
2025-02-27 02:45:05.463  val_finetune_dtvu_steps_3/acc@10 = 0.6000  
2025-02-27 02:45:05.463  val_finetune_dtvu_steps_3/acc@20 = 0.6833  
2025-02-27 02:45:05.463  
  
2025-02-27 02:45:05.790  
  
2025-02-27 02:45:05.790  [TRN] epoch_02  
2025-02-27 02:45:05.790  =============================================  
2025-02-27 02:45:05.790  trn/loss = 4.6775  
2025-02-27 02:45:05.790  trn/acc@01 = 0.0949  
2025-02-27 02:45:05.790  trn/acc@05 = 0.3333  
2025-02-27 02:45:05.790  trn/acc@10 = 0.4687  
2025-02-27 02:45:05.790  trn/acc@20 = 0.5475  
2025-02-27 02:45:05.790  
  
2025-02-27 02:45:05.821  
  
2025-02-27 02:45:05.821  [VAL_FINETUNE_DTVU_STEPS_1] epoch_02  
2025-02-27 02:45:05.821  =============================================  
2025-02-27 02:45:05.821  val_finetune_dtvu_steps_1/loss = 4.2233  
2025-02-27 02:45:05.821  val_finetune_dtvu_steps_1/acc@01 = 0.0500  
2025-02-27 02:45:05.821  val_finetune_dtvu_steps_1/acc@05 = 0.4000  
2025-02-27 02:45:05.821  val_finetune_dtvu_steps_1/acc@10 = 0.7000  
2025-02-27 02:45:05.821  val_finetune_dtvu_steps_1/acc@20 = 0.7500  
2025-02-27 02:45:05.821  
  
2025-02-27 02:45:05.868  
  
2025-02-27 02:45:05.868  [VAL_FINETUNE_DTVU_STEPS_3] epoch_02  
2025-02-27 02:45:05.868  =============================================  
2025-02-27 02:45:05.868  val_finetune_dtvu_steps_3/loss = 4.3237  
2025-02-27 02:45:05.868  val_finetune_dtvu_steps_3/acc@01 = 0.1167  
2025-02-27 02:45:05.868  val_finetune_dtvu_steps_3/acc@05 = 0.3500  
2025-02-27 02:45:05.868  val_finetune_dtvu_steps_3/acc@10 = 0.6500  
2025-02-27 02:45:05.868  val_finetune_dtvu_steps_3/acc@20 = 0.7167  
2025-02-27 02:45:05.868  
  
2025-02-27 02:45:06.225  
  
2025-02-27 02:45:06.225  [TRN] epoch_03  
2025-02-27 02:45:06.225  =============================================  
2025-02-27 02:45:06.225  trn/loss = 4.4778  
2025-02-27 02:45:06.225  trn/acc@01 = 0.1663  
2025-02-27 02:45:06.225  trn/acc@05 = 0.3505  
2025-02-27 02:45:06.225  trn/acc@10 = 0.4772  
2025-02-27 02:45:06.225  trn/acc@20 = 0.5564  
2025-02-27 02:45:06.225  
  
2025-02-27 02:45:06.257  
  
2025-02-27 02:45:06.257  [VAL_FINETUNE_DTVU_STEPS_1] epoch_03  
2025-02-27 02:45:06.257  =============================================  
2025-02-27 02:45:06.257  val_finetune_dtvu_steps_1/loss = 4.0345  
2025-02-27 02:45:06.257  val_finetune_dtvu_steps_1/acc@01 = 0.2500  
2025-02-27 02:45:06.257  val_finetune_dtvu_steps_1/acc@05 = 0.4000  
2025-02-27 02:45:06.257  val_finetune_dtvu_steps_1/acc@10 = 0.6500  
2025-02-27 02:45:06.257  val_finetune_dtvu_steps_1/acc@20 = 0.7500  
2025-02-27 02:45:06.257  
  
2025-02-27 02:45:06.303  
  
2025-02-27 02:45:06.303  [VAL_FINETUNE_DTVU_STEPS_3] epoch_03  
2025-02-27 02:45:06.303  =============================================  
2025-02-27 02:45:06.303  val_finetune_dtvu_steps_3/loss = 4.1892  
2025-02-27 02:45:06.303  val_finetune_dtvu_steps_3/acc@01 = 0.2167  
2025-02-27 02:45:06.303  val_finetune_dtvu_steps_3/acc@05 = 0.3500  
2025-02-27 02:45:06.303  val_finetune_dtvu_steps_3/acc@10 = 0.6000  
2025-02-27 02:45:06.303  val_finetune_dtvu_steps_3/acc@20 = 0.7167  
2025-02-27 02:45:06.303  
  
2025-02-27 02:45:06.675  
  
2025-02-27 02:45:06.675  [TRN] epoch_04  
2025-02-27 02:45:06.675  =============================================  
2025-02-27 02:45:06.675  trn/loss = 4.2832  
2025-02-27 02:45:06.675  trn/acc@01 = 0.2040  
2025-02-27 02:45:06.675  trn/acc@05 = 0.3576  
2025-02-27 02:45:06.675  trn/acc@10 = 0.4909  
2025-02-27 02:45:06.675  trn/acc@20 = 0.6202  
2025-02-27 02:45:06.675  
  
2025-02-27 02:45:06.720  
  
2025-02-27 02:45:06.720  [VAL_FINETUNE_DTVU_STEPS_1] epoch_04  
2025-02-27 02:45:06.720  =============================================  
2025-02-27 02:45:06.720  val_finetune_dtvu_steps_1/loss = 3.8015  
2025-02-27 02:45:06.720  val_finetune_dtvu_steps_1/acc@01 = 0.2500  
2025-02-27 02:45:06.720  val_finetune_dtvu_steps_1/acc@05 = 0.6000  
2025-02-27 02:45:06.720  val_finetune_dtvu_steps_1/acc@10 = 0.8000  
2025-02-27 02:45:06.720  val_finetune_dtvu_steps_1/acc@20 = 0.8000  
2025-02-27 02:45:06.720  
  
2025-02-27 02:45:06.763  
  
2025-02-27 02:45:06.763  [VAL_FINETUNE_DTVU_STEPS_3] epoch_04  
2025-02-27 02:45:06.763  =============================================  
2025-02-27 02:45:06.763  val_finetune_dtvu_steps_3/loss = 3.9563  
2025-02-27 02:45:06.763  val_finetune_dtvu_steps_3/acc@01 = 0.2167  
2025-02-27 02:45:06.763  val_finetune_dtvu_steps_3/acc@05 = 0.5167  
2025-02-27 02:45:06.763  val_finetune_dtvu_steps_3/acc@10 = 0.7167  
2025-02-27 02:45:06.763  val_finetune_dtvu_steps_3/acc@20 = 0.7500  
2025-02-27 02:45:06.767  
  
2025-02-27 02:45:07.132  
  
2025-02-27 02:45:07.132  [TRN] epoch_05  
2025-02-27 02:45:07.132  =============================================  
2025-02-27 02:45:07.132  trn/loss = 4.1425  
2025-02-27 02:45:07.132  trn/acc@01 = 0.2182  
2025-02-27 02:45:07.132  trn/acc@05 = 0.4018  
2025-02-27 02:45:07.132  trn/acc@10 = 0.5309  
2025-02-27 02:45:07.132  trn/acc@20 = 0.6364  
2025-02-27 02:45:07.132  
  
2025-02-27 02:45:07.163  
  
2025-02-27 02:45:07.163  [VAL_FINETUNE_DTVU_STEPS_1] epoch_05  
2025-02-27 02:45:07.179  =============================================  
2025-02-27 02:45:07.179  val_finetune_dtvu_steps_1/loss = 3.6601  
2025-02-27 02:45:07.179  val_finetune_dtvu_steps_1/acc@01 = 0.3000  
2025-02-27 02:45:07.179  val_finetune_dtvu_steps_1/acc@05 = 0.7000  
2025-02-27 02:45:07.179  val_finetune_dtvu_steps_1/acc@10 = 0.8000  
2025-02-27 02:45:07.179  val_finetune_dtvu_steps_1/acc@20 = 0.8000  
2025-02-27 02:45:07.179  
  
2025-02-27 02:45:07.209  
  
2025-02-27 02:45:07.209  [VAL_FINETUNE_DTVU_STEPS_3] epoch_05  
2025-02-27 02:45:07.209  =============================================  
2025-02-27 02:45:07.209  val_finetune_dtvu_steps_3/loss = 3.8035  
2025-02-27 02:45:07.209  val_finetune_dtvu_steps_3/acc@01 = 0.2500  
2025-02-27 02:45:07.209  val_finetune_dtvu_steps_3/acc@05 = 0.6167  
2025-02-27 02:45:07.209  val_finetune_dtvu_steps_3/acc@10 = 0.7500  
2025-02-27 02:45:07.209  val_finetune_dtvu_steps_3/acc@20 = 0.7500  
2025-02-27 02:45:07.209  
  
2025-02-27 02:45:07.583  
  
2025-02-27 02:45:07.583  [TRN] epoch_06  
2025-02-27 02:45:07.583  =============================================  
2025-02-27 02:45:07.583  trn/loss = 4.0390  
2025-02-27 02:45:07.583  trn/acc@01 = 0.2162  
2025-02-27 02:45:07.583  trn/acc@05 = 0.4646  
2025-02-27 02:45:07.583  trn/acc@10 = 0.5434  
2025-02-27 02:45:07.583  trn/acc@20 = 0.6364  
2025-02-27 02:45:07.583  
  
2025-02-27 02:45:07.619  
  
2025-02-27 02:45:07.619  [VAL_FINETUNE_DTVU_STEPS_1] epoch_06  
2025-02-27 02:45:07.619  =============================================  
2025-02-27 02:45:07.619  val_finetune_dtvu_steps_1/loss = 3.5721  
2025-02-27 02:45:07.619  val_finetune_dtvu_steps_1/acc@01 = 0.3500  
2025-02-27 02:45:07.619  val_finetune_dtvu_steps_1/acc@05 = 0.6500  
2025-02-27 02:45:07.619  val_finetune_dtvu_steps_1/acc@10 = 0.8000  
2025-02-27 02:45:07.619  val_finetune_dtvu_steps_1/acc@20 = 0.8000  
2025-02-27 02:45:07.619  
  
2025-02-27 02:45:07.667  
  
2025-02-27 02:45:07.667  [VAL_FINETUNE_DTVU_STEPS_3] epoch_06  
2025-02-27 02:45:07.667  =============================================  
2025-02-27 02:45:07.667  val_finetune_dtvu_steps_3/loss = 3.7204  
2025-02-27 02:45:07.667  val_finetune_dtvu_steps_3/acc@01 = 0.3333  
2025-02-27 02:45:07.667  val_finetune_dtvu_steps_3/acc@05 = 0.5833  
2025-02-27 02:45:07.667  val_finetune_dtvu_steps_3/acc@10 = 0.7500  
2025-02-27 02:45:07.667  val_finetune_dtvu_steps_3/acc@20 = 0.7833  
2025-02-27 02:45:07.667  
  
2025-02-27 02:45:08.013  
  
2025-02-27 02:45:08.013  [TRN] epoch_07  
2025-02-27 02:45:08.013  =============================================  
2025-02-27 02:45:08.013  trn/loss = 4.1181  
2025-02-27 02:45:08.013  trn/acc@01 = 0.2218  
2025-02-27 02:45:08.013  trn/acc@05 = 0.4317  
2025-02-27 02:45:08.013  trn/acc@10 = 0.4931  
2025-02-27 02:45:08.013  trn/acc@20 = 0.5980  
2025-02-27 02:45:08.013  
  
2025-02-27 02:45:08.059  
  
2025-02-27 02:45:08.059  [VAL_FINETUNE_DTVU_STEPS_1] epoch_07  
2025-02-27 02:45:08.059  =============================================  
2025-02-27 02:45:08.059  val_finetune_dtvu_steps_1/loss = 3.5540  
2025-02-27 02:45:08.059  val_finetune_dtvu_steps_1/acc@01 = 0.3500  
2025-02-27 02:45:08.059  val_finetune_dtvu_steps_1/acc@05 = 0.6500  
2025-02-27 02:45:08.059  val_finetune_dtvu_steps_1/acc@10 = 0.8000  
2025-02-27 02:45:08.059  val_finetune_dtvu_steps_1/acc@20 = 0.8000  
2025-02-27 02:45:08.059  
  
2025-02-27 02:45:08.092  
  
2025-02-27 02:45:08.092  [VAL_FINETUNE_DTVU_STEPS_3] epoch_07  
2025-02-27 02:45:08.092  =============================================  
2025-02-27 02:45:08.107  val_finetune_dtvu_steps_3/loss = 3.7069  
2025-02-27 02:45:08.107  val_finetune_dtvu_steps_3/acc@01 = 0.3333  
2025-02-27 02:45:08.107  val_finetune_dtvu_steps_3/acc@05 = 0.6167  
2025-02-27 02:45:08.107  val_finetune_dtvu_steps_3/acc@10 = 0.7500  
2025-02-27 02:45:08.107  val_finetune_dtvu_steps_3/acc@20 = 0.7833  
2025-02-27 02:45:08.107  
  
2025-02-27 02:45:08.459  
  
2025-02-27 02:45:08.459  [TRN] epoch_08  
2025-02-27 02:45:08.459  =============================================  
2025-02-27 02:45:08.459  trn/loss = 3.9975  
2025-02-27 02:45:08.459  trn/acc@01 = 0.2580  
2025-02-27 02:45:08.459  trn/acc@05 = 0.4820  
2025-02-27 02:45:08.459  trn/acc@10 = 0.5660  
2025-02-27 02:45:08.459  trn/acc@20 = 0.6380  
2025-02-27 02:45:08.459  
  
2025-02-27 02:45:08.485  
  
2025-02-27 02:45:08.501  [VAL_FINETUNE_DTVU_STEPS_1] epoch_08  
2025-02-27 02:45:08.501  =============================================  
2025-02-27 02:45:08.501  val_finetune_dtvu_steps_1/loss = 3.1617  
2025-02-27 02:45:08.501  val_finetune_dtvu_steps_1/acc@01 = 0.3500  
2025-02-27 02:45:08.501  val_finetune_dtvu_steps_1/acc@05 = 0.7500  
2025-02-27 02:45:08.501  val_finetune_dtvu_steps_1/acc@10 = 0.8000  
2025-02-27 02:45:08.501  val_finetune_dtvu_steps_1/acc@20 = 0.8500  
2025-02-27 02:45:08.501  
  
2025-02-27 02:45:08.534  
  
2025-02-27 02:45:08.534  [VAL_FINETUNE_DTVU_STEPS_3] epoch_08  
2025-02-27 02:45:08.534  =============================================  
2025-02-27 02:45:08.534  val_finetune_dtvu_steps_3/loss = 3.4129  
2025-02-27 02:45:08.534  val_finetune_dtvu_steps_3/acc@01 = 0.3333  
2025-02-27 02:45:08.534  val_finetune_dtvu_steps_3/acc@05 = 0.7000  
2025-02-27 02:45:08.534  val_finetune_dtvu_steps_3/acc@10 = 0.7500  
2025-02-27 02:45:08.534  val_finetune_dtvu_steps_3/acc@20 = 0.8000  
2025-02-27 02:45:08.534  
  
2025-02-27 02:45:08.879  
  
2025-02-27 02:45:08.879  [TRN] epoch_09  
2025-02-27 02:45:08.879  =============================================  
2025-02-27 02:45:08.879  trn/loss = 3.8329  
2025-02-27 02:45:08.879  trn/acc@01 = 0.2653  
2025-02-27 02:45:08.879  trn/acc@05 = 0.5074  
2025-02-27 02:45:08.879  trn/acc@10 = 0.5663  
2025-02-27 02:45:08.879  trn/acc@20 = 0.6442  
2025-02-27 02:45:08.879  
  
2025-02-27 02:45:08.912  
  
2025-02-27 02:45:08.912  [VAL_FINETUNE_DTVU_STEPS_1] epoch_09  
2025-02-27 02:45:08.912  =============================================  
2025-02-27 02:45:08.912  val_finetune_dtvu_steps_1/loss = 3.0198  
2025-02-27 02:45:08.912  val_finetune_dtvu_steps_1/acc@01 = 0.4000  
2025-02-27 02:45:08.912  val_finetune_dtvu_steps_1/acc@05 = 0.8000  
2025-02-27 02:45:08.912  val_finetune_dtvu_steps_1/acc@10 = 0.8000  
2025-02-27 02:45:08.912  val_finetune_dtvu_steps_1/acc@20 = 0.8500  
2025-02-27 02:45:08.912  
  
2025-02-27 02:45:08.963  
  
2025-02-27 02:45:08.963  [VAL_FINETUNE_DTVU_STEPS_3] epoch_09  
2025-02-27 02:45:08.963  =============================================  
2025-02-27 02:45:08.963  val_finetune_dtvu_steps_3/loss = 3.2365  
2025-02-27 02:45:08.963  val_finetune_dtvu_steps_3/acc@01 = 0.3833  
2025-02-27 02:45:08.963  val_finetune_dtvu_steps_3/acc@05 = 0.7333  
2025-02-27 02:45:08.963  val_finetune_dtvu_steps_3/acc@10 = 0.7833  
2025-02-27 02:45:08.963  val_finetune_dtvu_steps_3/acc@20 = 0.8000  
2025-02-27 02:45:08.963  
  
2025-02-27 02:45:09.289  
  
2025-02-27 02:45:09.289  [TRN] epoch_10  
2025-02-27 02:45:09.289  =============================================  
2025-02-27 02:45:09.289  trn/loss = 3.6238  
2025-02-27 02:45:09.289  trn/acc@01 = 0.2774  
2025-02-27 02:45:09.289  trn/acc@05 = 0.5377  
2025-02-27 02:45:09.289  trn/acc@10 = 0.6377  
2025-02-27 02:45:09.289  trn/acc@20 = 0.7245  
2025-02-27 02:45:09.289  
  
2025-02-27 02:45:09.344  
  
2025-02-27 02:45:09.344  [VAL_FINETUNE_DTVU_STEPS_1] epoch_10  
2025-02-27 02:45:09.344  =============================================  
2025-02-27 02:45:09.344  val_finetune_dtvu_steps_1/loss = 2.8800  
2025-02-27 02:45:09.344  val_finetune_dtvu_steps_1/acc@01 = 0.4500  
2025-02-27 02:45:09.344  val_finetune_dtvu_steps_1/acc@05 = 0.8000  
2025-02-27 02:45:09.344  val_finetune_dtvu_steps_1/acc@10 = 0.8500  
2025-02-27 02:45:09.344  val_finetune_dtvu_steps_1/acc@20 = 0.8500  
2025-02-27 02:45:09.344  
  
2025-02-27 02:45:09.368  
  
2025-02-27 02:45:09.368  [VAL_FINETUNE_DTVU_STEPS_3] epoch_10  
2025-02-27 02:45:09.368  =============================================  
2025-02-27 02:45:09.384  val_finetune_dtvu_steps_3/loss = 3.0508  
2025-02-27 02:45:09.384  val_finetune_dtvu_steps_3/acc@01 = 0.4000  
2025-02-27 02:45:09.384  val_finetune_dtvu_steps_3/acc@05 = 0.7333  
2025-02-27 02:45:09.384  val_finetune_dtvu_steps_3/acc@10 = 0.8000  
2025-02-27 02:45:09.384  val_finetune_dtvu_steps_3/acc@20 = 0.8000  
2025-02-27 02:45:09.384  
  
2025-02-27 02:45:09.741  
  
2025-02-27 02:45:09.741  [TRN] epoch_11  
2025-02-27 02:45:09.741  =============================================  
2025-02-27 02:45:09.741  trn/loss = 3.5659  
2025-02-27 02:45:09.741  trn/acc@01 = 0.3056  
2025-02-27 02:45:09.743  trn/acc@05 = 0.5461  
2025-02-27 02:45:09.743  trn/acc@10 = 0.6449  
2025-02-27 02:45:09.743  trn/acc@20 = 0.7191  
2025-02-27 02:45:09.743  
  
2025-02-27 02:45:09.789  
  
2025-02-27 02:45:09.789  [VAL_FINETUNE_DTVU_STEPS_1] epoch_11  
2025-02-27 02:45:09.789  =============================================  
2025-02-27 02:45:09.789  val_finetune_dtvu_steps_1/loss = 2.8453  
2025-02-27 02:45:09.789  val_finetune_dtvu_steps_1/acc@01 = 0.4500  
2025-02-27 02:45:09.789  val_finetune_dtvu_steps_1/acc@05 = 0.8000  
2025-02-27 02:45:09.789  val_finetune_dtvu_steps_1/acc@10 = 0.8000  
2025-02-27 02:45:09.789  val_finetune_dtvu_steps_1/acc@20 = 0.8500  
2025-02-27 02:45:09.789  
  
2025-02-27 02:45:09.828  
  
2025-02-27 02:45:09.828  [VAL_FINETUNE_DTVU_STEPS_3] epoch_11  
2025-02-27 02:45:09.828  =============================================  
2025-02-27 02:45:09.828  val_finetune_dtvu_steps_3/loss = 3.1238  
2025-02-27 02:45:09.829  val_finetune_dtvu_steps_3/acc@01 = 0.3667  
2025-02-27 02:45:09.829  val_finetune_dtvu_steps_3/acc@05 = 0.7500  
2025-02-27 02:45:09.829  val_finetune_dtvu_steps_3/acc@10 = 0.7833  
2025-02-27 02:45:09.829  val_finetune_dtvu_steps_3/acc@20 = 0.8000  
2025-02-27 02:45:09.829  
  
2025-02-27 02:45:10.165  
  
2025-02-27 02:45:10.165  [TRN] epoch_12  
2025-02-27 02:45:10.165  =============================================  
2025-02-27 02:45:10.165  trn/loss = 3.5511  
2025-02-27 02:45:10.165  trn/acc@01 = 0.2891  
2025-02-27 02:45:10.165  trn/acc@05 = 0.5435  
2025-02-27 02:45:10.165  trn/acc@10 = 0.6457  
2025-02-27 02:45:10.165  trn/acc@20 = 0.7587  
2025-02-27 02:45:10.165  
  
2025-02-27 02:45:10.205  
  
2025-02-27 02:45:10.205  [VAL_FINETUNE_DTVU_STEPS_1] epoch_12  
2025-02-27 02:45:10.205  =============================================  
2025-02-27 02:45:10.205  val_finetune_dtvu_steps_1/loss = 2.8348  
2025-02-27 02:45:10.205  val_finetune_dtvu_steps_1/acc@01 = 0.4500  
2025-02-27 02:45:10.205  val_finetune_dtvu_steps_1/acc@05 = 0.7500  
2025-02-27 02:45:10.205  val_finetune_dtvu_steps_1/acc@10 = 0.8000  
2025-02-27 02:45:10.205  val_finetune_dtvu_steps_1/acc@20 = 0.8500  
2025-02-27 02:45:10.205  
  
2025-02-27 02:45:10.249  
  
2025-02-27 02:45:10.249  [VAL_FINETUNE_DTVU_STEPS_3] epoch_12  
2025-02-27 02:45:10.249  =============================================  
2025-02-27 02:45:10.249  val_finetune_dtvu_steps_3/loss = 3.1168  
2025-02-27 02:45:10.249  val_finetune_dtvu_steps_3/acc@01 = 0.4000  
2025-02-27 02:45:10.249  val_finetune_dtvu_steps_3/acc@05 = 0.6833  
2025-02-27 02:45:10.249  val_finetune_dtvu_steps_3/acc@10 = 0.7833  
2025-02-27 02:45:10.249  val_finetune_dtvu_steps_3/acc@20 = 0.8000  
2025-02-27 02:45:10.249  
  
2025-02-27 02:45:10.590  
  
2025-02-27 02:45:10.590  [TRN] epoch_13  
2025-02-27 02:45:10.590  =============================================  
2025-02-27 02:45:10.590  trn/loss = 3.2635  
2025-02-27 02:45:10.590  trn/acc@01 = 0.3600  
2025-02-27 02:45:10.605  trn/acc@05 = 0.6180  
2025-02-27 02:45:10.605  trn/acc@10 = 0.7240  
2025-02-27 02:45:10.605  trn/acc@20 = 0.7980  
2025-02-27 02:45:10.605  
  
2025-02-27 02:45:10.641  
  
2025-02-27 02:45:10.641  [VAL_FINETUNE_DTVU_STEPS_1] epoch_13  
2025-02-27 02:45:10.641  =============================================  
2025-02-27 02:45:10.641  val_finetune_dtvu_steps_1/loss = 2.8074  
2025-02-27 02:45:10.641  val_finetune_dtvu_steps_1/acc@01 = 0.4500  
2025-02-27 02:45:10.641  val_finetune_dtvu_steps_1/acc@05 = 0.8000  
2025-02-27 02:45:10.641  val_finetune_dtvu_steps_1/acc@10 = 0.8000  
2025-02-27 02:45:10.641  val_finetune_dtvu_steps_1/acc@20 = 0.8500  
2025-02-27 02:45:10.641  
  
2025-02-27 02:45:10.668  
  
2025-02-27 02:45:10.668  [VAL_FINETUNE_DTVU_STEPS_3] epoch_13  
2025-02-27 02:45:10.668  =============================================  
2025-02-27 02:45:10.668  val_finetune_dtvu_steps_3/loss = 3.0832  
2025-02-27 02:45:10.668  val_finetune_dtvu_steps_3/acc@01 = 0.4000  
2025-02-27 02:45:10.668  val_finetune_dtvu_steps_3/acc@05 = 0.7333  
2025-02-27 02:45:10.684  val_finetune_dtvu_steps_3/acc@10 = 0.7833  
2025-02-27 02:45:10.684  val_finetune_dtvu_steps_3/acc@20 = 0.8000  
2025-02-27 02:45:10.684  
  
2025-02-27 02:45:11.031  
  
2025-02-27 02:45:11.031  [TRN] epoch_14  
2025-02-27 02:45:11.031  =============================================  
2025-02-27 02:45:11.031  trn/loss = 3.4684  
2025-02-27 02:45:11.031  trn/acc@01 = 0.2660  
2025-02-27 02:45:11.031  trn/acc@05 = 0.5680  
2025-02-27 02:45:11.031  trn/acc@10 = 0.6820  
2025-02-27 02:45:11.031  trn/acc@20 = 0.7680  
2025-02-27 02:45:11.031  
  
2025-02-27 02:45:11.063  
  
2025-02-27 02:45:11.063  [VAL_FINETUNE_DTVU_STEPS_1] epoch_14  
2025-02-27 02:45:11.063  =============================================  
2025-02-27 02:45:11.063  val_finetune_dtvu_steps_1/loss = 2.7951  
2025-02-27 02:45:11.063  val_finetune_dtvu_steps_1/acc@01 = 0.4500  
2025-02-27 02:45:11.063  val_finetune_dtvu_steps_1/acc@05 = 0.8000  
2025-02-27 02:45:11.063  val_finetune_dtvu_steps_1/acc@10 = 0.8000  
2025-02-27 02:45:11.063  val_finetune_dtvu_steps_1/acc@20 = 0.8500  
2025-02-27 02:45:11.063  
  
2025-02-27 02:45:11.112  
  
2025-02-27 02:45:11.112  [VAL_FINETUNE_DTVU_STEPS_3] epoch_14  
2025-02-27 02:45:11.112  =============================================  
2025-02-27 02:45:11.112  val_finetune_dtvu_steps_3/loss = 3.0585  
2025-02-27 02:45:11.112  val_finetune_dtvu_steps_3/acc@01 = 0.4000  
2025-02-27 02:45:11.112  val_finetune_dtvu_steps_3/acc@05 = 0.7333  
2025-02-27 02:45:11.112  val_finetune_dtvu_steps_3/acc@10 = 0.7833  
2025-02-27 02:45:11.112  val_finetune_dtvu_steps_3/acc@20 = 0.8000  
2025-02-27 02:45:11.112  
  
2025-02-27 02:45:11.461  
  
2025-02-27 02:45:11.461  [TRN] epoch_15  
2025-02-27 02:45:11.461  =============================================  
2025-02-27 02:45:11.461  trn/loss = 3.2739  
2025-02-27 02:45:11.461  trn/acc@01 = 0.2863  
2025-02-27 02:45:11.461  trn/acc@05 = 0.6147  
2025-02-27 02:45:11.461  trn/acc@10 = 0.7053  
2025-02-27 02:45:11.461  trn/acc@20 = 0.7811  
2025-02-27 02:45:11.461  
  
2025-02-27 02:45:11.490  
  
2025-02-27 02:45:11.504  [VAL_FINETUNE_DTVU_STEPS_1] epoch_15  
2025-02-27 02:45:11.504  =============================================  
2025-02-27 02:45:11.504  val_finetune_dtvu_steps_1/loss = 2.7812  
2025-02-27 02:45:11.504  val_finetune_dtvu_steps_1/acc@01 = 0.4500  
2025-02-27 02:45:11.504  val_finetune_dtvu_steps_1/acc@05 = 0.8000  
2025-02-27 02:45:11.504  val_finetune_dtvu_steps_1/acc@10 = 0.8000  
2025-02-27 02:45:11.504  val_finetune_dtvu_steps_1/acc@20 = 0.8500  
2025-02-27 02:45:11.504  
  
2025-02-27 02:45:11.535  
  
2025-02-27 02:45:11.535  [VAL_FINETUNE_DTVU_STEPS_3] epoch_15  
2025-02-27 02:45:11.535  =============================================  
2025-02-27 02:45:11.535  val_finetune_dtvu_steps_3/loss = 3.0516  
2025-02-27 02:45:11.535  val_finetune_dtvu_steps_3/acc@01 = 0.4000  
2025-02-27 02:45:11.535  val_finetune_dtvu_steps_3/acc@05 = 0.7333  
2025-02-27 02:45:11.535  val_finetune_dtvu_steps_3/acc@10 = 0.7833  
2025-02-27 02:45:11.535  val_finetune_dtvu_steps_3/acc@20 = 0.8167  
2025-02-27 02:45:11.535  
  
2025-02-27 02:45:11.882  
  
2025-02-27 02:45:11.882  [TRN] epoch_16  
2025-02-27 02:45:11.882  =============================================  
2025-02-27 02:45:11.882  trn/loss = 3.2876  
2025-02-27 02:45:11.882  trn/acc@01 = 0.3140  
2025-02-27 02:45:11.882  trn/acc@05 = 0.5700  
2025-02-27 02:45:11.882  trn/acc@10 = 0.6900  
2025-02-27 02:45:11.882  trn/acc@20 = 0.8140  
2025-02-27 02:45:11.882  
  
2025-02-27 02:45:11.923  
  
2025-02-27 02:45:11.923  [VAL_FINETUNE_DTVU_STEPS_1] epoch_16  
2025-02-27 02:45:11.923  =============================================  
2025-02-27 02:45:11.923  val_finetune_dtvu_steps_1/loss = 2.7759  
2025-02-27 02:45:11.923  val_finetune_dtvu_steps_1/acc@01 = 0.4000  
2025-02-27 02:45:11.923  val_finetune_dtvu_steps_1/acc@05 = 0.8000  
2025-02-27 02:45:11.923  val_finetune_dtvu_steps_1/acc@10 = 0.8500  
2025-02-27 02:45:11.923  val_finetune_dtvu_steps_1/acc@20 = 0.8500  
2025-02-27 02:45:11.923  
  
2025-02-27 02:45:11.962  
  
2025-02-27 02:45:11.962  [VAL_FINETUNE_DTVU_STEPS_3] epoch_16  
2025-02-27 02:45:11.962  =============================================  
2025-02-27 02:45:11.962  val_finetune_dtvu_steps_3/loss = 3.0752  
2025-02-27 02:45:11.962  val_finetune_dtvu_steps_3/acc@01 = 0.3833  
2025-02-27 02:45:11.962  val_finetune_dtvu_steps_3/acc@05 = 0.7167  
2025-02-27 02:45:11.962  val_finetune_dtvu_steps_3/acc@10 = 0.7833  
2025-02-27 02:45:11.962  val_finetune_dtvu_steps_3/acc@20 = 0.8333  
2025-02-27 02:45:11.962  
  
2025-02-27 02:45:12.290  
  
2025-02-27 02:45:12.290  [TRN] epoch_17  
2025-02-27 02:45:12.290  =============================================  
2025-02-27 02:45:12.290  trn/loss = 3.2120  
2025-02-27 02:45:12.290  trn/acc@01 = 0.3167  
2025-02-27 02:45:12.290  trn/acc@05 = 0.6229  
2025-02-27 02:45:12.290  trn/acc@10 = 0.7292  
2025-02-27 02:45:12.290  trn/acc@20 = 0.8271  
2025-02-27 02:45:12.290  
  
2025-02-27 02:45:12.322  
  
2025-02-27 02:45:12.322  [VAL_FINETUNE_DTVU_STEPS_1] epoch_17  
2025-02-27 02:45:12.322  =============================================  
2025-02-27 02:45:12.322  val_finetune_dtvu_steps_1/loss = 2.6791  
2025-02-27 02:45:12.322  val_finetune_dtvu_steps_1/acc@01 = 0.3500  
2025-02-27 02:45:12.322  val_finetune_dtvu_steps_1/acc@05 = 0.8000  
2025-02-27 02:45:12.322  val_finetune_dtvu_steps_1/acc@10 = 0.8500  
2025-02-27 02:45:12.322  val_finetune_dtvu_steps_1/acc@20 = 0.8500  
2025-02-27 02:45:12.322  
  
2025-02-27 02:45:12.362  
  
2025-02-27 02:45:12.362  [VAL_FINETUNE_DTVU_STEPS_3] epoch_17  
2025-02-27 02:45:12.362  =============================================  
2025-02-27 02:45:12.362  val_finetune_dtvu_steps_3/loss = 3.0160  
2025-02-27 02:45:12.362  val_finetune_dtvu_steps_3/acc@01 = 0.3667  
2025-02-27 02:45:12.369  val_finetune_dtvu_steps_3/acc@05 = 0.7333  
2025-02-27 02:45:12.369  val_finetune_dtvu_steps_3/acc@10 = 0.7833  
2025-02-27 02:45:12.369  val_finetune_dtvu_steps_3/acc@20 = 0.8000  
2025-02-27 02:45:12.369  
  
2025-02-27 02:45:12.699  
  
2025-02-27 02:45:12.699  [TRN] epoch_18  
2025-02-27 02:45:12.699  =============================================  
2025-02-27 02:45:12.699  trn/loss = 3.1355  
2025-02-27 02:45:12.699  trn/acc@01 = 0.3385  
2025-02-27 02:45:12.699  trn/acc@05 = 0.5885  
2025-02-27 02:45:12.699  trn/acc@10 = 0.7269  
2025-02-27 02:45:12.699  trn/acc@20 = 0.8327  
2025-02-27 02:45:12.699  
  
2025-02-27 02:45:12.741  
  
2025-02-27 02:45:12.741  [VAL_FINETUNE_DTVU_STEPS_1] epoch_18  
2025-02-27 02:45:12.741  =============================================  
2025-02-27 02:45:12.741  val_finetune_dtvu_steps_1/loss = 2.7224  
2025-02-27 02:45:12.741  val_finetune_dtvu_steps_1/acc@01 = 0.3500  
2025-02-27 02:45:12.741  val_finetune_dtvu_steps_1/acc@05 = 0.8000  
2025-02-27 02:45:12.741  val_finetune_dtvu_steps_1/acc@10 = 0.8000  
2025-02-27 02:45:12.741  val_finetune_dtvu_steps_1/acc@20 = 0.8500  
2025-02-27 02:45:12.741  
  
2025-02-27 02:45:12.781  
  
2025-02-27 02:45:12.781  [VAL_FINETUNE_DTVU_STEPS_3] epoch_18  
2025-02-27 02:45:12.781  =============================================  
2025-02-27 02:45:12.781  val_finetune_dtvu_steps_3/loss = 2.9894  
2025-02-27 02:45:12.781  val_finetune_dtvu_steps_3/acc@01 = 0.3667  
2025-02-27 02:45:12.781  val_finetune_dtvu_steps_3/acc@05 = 0.7000  
2025-02-27 02:45:12.781  val_finetune_dtvu_steps_3/acc@10 = 0.7667  
2025-02-27 02:45:12.781  val_finetune_dtvu_steps_3/acc@20 = 0.8333  
2025-02-27 02:45:12.781  
  
2025-02-27 02:45:13.091  
  
2025-02-27 02:45:13.091  [TRN] epoch_19  
2025-02-27 02:45:13.091  =============================================  
2025-02-27 02:45:13.091  trn/loss = 3.1265  
2025-02-27 02:45:13.091  trn/acc@01 = 0.3009  
2025-02-27 02:45:13.091  trn/acc@05 = 0.5776  
2025-02-27 02:45:13.091  trn/acc@10 = 0.7234  
2025-02-27 02:45:13.091  trn/acc@20 = 0.8467  
2025-02-27 02:45:13.091  
  
2025-02-27 02:45:13.123  
  
2025-02-27 02:45:13.123  [VAL_FINETUNE_DTVU_STEPS_1] epoch_19  
2025-02-27 02:45:13.123  =============================================  
2025-02-27 02:45:13.123  val_finetune_dtvu_steps_1/loss = 2.7536  
2025-02-27 02:45:13.123  val_finetune_dtvu_steps_1/acc@01 = 0.4000  
2025-02-27 02:45:13.123  val_finetune_dtvu_steps_1/acc@05 = 0.8000  
2025-02-27 02:45:13.123  val_finetune_dtvu_steps_1/acc@10 = 0.8500  
2025-02-27 02:45:13.123  val_finetune_dtvu_steps_1/acc@20 = 0.8500  
2025-02-27 02:45:13.123  
  
2025-02-27 02:45:13.162  
  
2025-02-27 02:45:13.162  [VAL_FINETUNE_DTVU_STEPS_3] epoch_19  
2025-02-27 02:45:13.162  =============================================  
2025-02-27 02:45:13.162  val_finetune_dtvu_steps_3/loss = 2.9806  
2025-02-27 02:45:13.162  val_finetune_dtvu_steps_3/acc@01 = 0.3833  
2025-02-27 02:45:13.162  val_finetune_dtvu_steps_3/acc@05 = 0.7167  
2025-02-27 02:45:13.170  val_finetune_dtvu_steps_3/acc@10 = 0.7833  
2025-02-27 02:45:13.170  val_finetune_dtvu_steps_3/acc@20 = 0.8167  
2025-02-27 02:45:13.170  
  
2025-02-27 02:45:13.501  
  
2025-02-27 02:45:13.501  [TRN] epoch_20  
2025-02-27 02:45:13.501  =============================================  
2025-02-27 02:45:13.501  trn/loss = 3.0263  
2025-02-27 02:45:13.501  trn/acc@01 = 0.3000  
2025-02-27 02:45:13.501  trn/acc@05 = 0.5878  
2025-02-27 02:45:13.501  trn/acc@10 = 0.7184  
2025-02-27 02:45:13.501  trn/acc@20 = 0.8490  
2025-02-27 02:45:13.501  
  
2025-02-27 02:45:13.531  
  
2025-02-27 02:45:13.531  [VAL_FINETUNE_DTVU_STEPS_1] epoch_20  
2025-02-27 02:45:13.531  =============================================  
2025-02-27 02:45:13.531  val_finetune_dtvu_steps_1/loss = 2.7520  
2025-02-27 02:45:13.531  val_finetune_dtvu_steps_1/acc@01 = 0.4000  
2025-02-27 02:45:13.531  val_finetune_dtvu_steps_1/acc@05 = 0.7500  
2025-02-27 02:45:13.531  val_finetune_dtvu_steps_1/acc@10 = 0.8000  
2025-02-27 02:45:13.531  val_finetune_dtvu_steps_1/acc@20 = 0.8500  
2025-02-27 02:45:13.531  
  
2025-02-27 02:45:13.582  
  
2025-02-27 02:45:13.582  [VAL_FINETUNE_DTVU_STEPS_3] epoch_20  
2025-02-27 02:45:13.582  =============================================  
2025-02-27 02:45:13.582  val_finetune_dtvu_steps_3/loss = 2.9924  
2025-02-27 02:45:13.582  val_finetune_dtvu_steps_3/acc@01 = 0.3833  
2025-02-27 02:45:13.582  val_finetune_dtvu_steps_3/acc@05 = 0.7167  
2025-02-27 02:45:13.582  val_finetune_dtvu_steps_3/acc@10 = 0.7667  
2025-02-27 02:45:13.582  val_finetune_dtvu_steps_3/acc@20 = 0.8000  
2025-02-27 02:45:13.582  
  
2025-02-27 02:45:13.908  
  
2025-02-27 02:45:13.908  [TRN] epoch_21  
2025-02-27 02:45:13.908  =============================================  
2025-02-27 02:45:13.908  trn/loss = 3.0851  
2025-02-27 02:45:13.908  trn/acc@01 = 0.3176  
2025-02-27 02:45:13.908  trn/acc@05 = 0.5902  
2025-02-27 02:45:13.908  trn/acc@10 = 0.7294  
2025-02-27 02:45:13.908  trn/acc@20 = 0.8451  
2025-02-27 02:45:13.924  
  
2025-02-27 02:45:13.959  
  
2025-02-27 02:45:13.959  [VAL_FINETUNE_DTVU_STEPS_1] epoch_21  
2025-02-27 02:45:13.959  =============================================  
2025-02-27 02:45:13.959  val_finetune_dtvu_steps_1/loss = 2.7551  
2025-02-27 02:45:13.959  val_finetune_dtvu_steps_1/acc@01 = 0.3500  
2025-02-27 02:45:13.959  val_finetune_dtvu_steps_1/acc@05 = 0.7500  
2025-02-27 02:45:13.959  val_finetune_dtvu_steps_1/acc@10 = 0.8000  
2025-02-27 02:45:13.959  val_finetune_dtvu_steps_1/acc@20 = 0.8500  
2025-02-27 02:45:13.959  
  
2025-02-27 02:45:13.986  
  
2025-02-27 02:45:13.986  [VAL_FINETUNE_DTVU_STEPS_3] epoch_21  
2025-02-27 02:45:13.986  =============================================  
2025-02-27 02:45:13.986  val_finetune_dtvu_steps_3/loss = 3.0011  
2025-02-27 02:45:13.986  val_finetune_dtvu_steps_3/acc@01 = 0.3667  
2025-02-27 02:45:13.986  val_finetune_dtvu_steps_3/acc@05 = 0.7000  
2025-02-27 02:45:13.986  val_finetune_dtvu_steps_3/acc@10 = 0.7667  
2025-02-27 02:45:13.986  val_finetune_dtvu_steps_3/acc@20 = 0.8000  
2025-02-27 02:45:13.986  
  
2025-02-27 02:45:14.332  
  
2025-02-27 02:45:14.332  [TRN] epoch_22  
2025-02-27 02:45:14.332  =============================================  
2025-02-27 02:45:14.332  trn/loss = 3.1445  
2025-02-27 02:45:14.332  trn/acc@01 = 0.3067  
2025-02-27 02:45:14.332  trn/acc@05 = 0.5676  
2025-02-27 02:45:14.332  trn/acc@10 = 0.7276  
2025-02-27 02:45:14.332  trn/acc@20 = 0.8552  
2025-02-27 02:45:14.332  
  
2025-02-27 02:45:14.364  
  
2025-02-27 02:45:14.364  [VAL_FINETUNE_DTVU_STEPS_1] epoch_22  
2025-02-27 02:45:14.364  =============================================  
2025-02-27 02:45:14.364  val_finetune_dtvu_steps_1/loss = 2.7415  
2025-02-27 02:45:14.364  val_finetune_dtvu_steps_1/acc@01 = 0.4000  
2025-02-27 02:45:14.364  val_finetune_dtvu_steps_1/acc@05 = 0.8000  
2025-02-27 02:45:14.364  val_finetune_dtvu_steps_1/acc@10 = 0.8000  
2025-02-27 02:45:14.364  val_finetune_dtvu_steps_1/acc@20 = 0.8500  
2025-02-27 02:45:14.364  
  
2025-02-27 02:45:14.411  
  
2025-02-27 02:45:14.411  [VAL_FINETUNE_DTVU_STEPS_3] epoch_22  
2025-02-27 02:45:14.411  =============================================  
2025-02-27 02:45:14.411  val_finetune_dtvu_steps_3/loss = 2.9687  
2025-02-27 02:45:14.411  val_finetune_dtvu_steps_3/acc@01 = 0.3833  
2025-02-27 02:45:14.411  val_finetune_dtvu_steps_3/acc@05 = 0.7167  
2025-02-27 02:45:14.411  val_finetune_dtvu_steps_3/acc@10 = 0.7667  
2025-02-27 02:45:14.411  val_finetune_dtvu_steps_3/acc@20 = 0.8000  
2025-02-27 02:45:14.411  
  
2025-02-27 02:45:14.741  
  
2025-02-27 02:45:14.741  [TRN] epoch_23  
2025-02-27 02:45:14.741  =============================================  
2025-02-27 02:45:14.741  trn/loss = 3.1485  
2025-02-27 02:45:14.741  trn/acc@01 = 0.2816  
2025-02-27 02:45:14.741  trn/acc@05 = 0.5825  
2025-02-27 02:45:14.741  trn/acc@10 = 0.7010  
2025-02-27 02:45:14.741  trn/acc@20 = 0.8427  
2025-02-27 02:45:14.741  
  
2025-02-27 02:45:14.772  
  
2025-02-27 02:45:14.772  [VAL_FINETUNE_DTVU_STEPS_1] epoch_23  
2025-02-27 02:45:14.772  =============================================  
2025-02-27 02:45:14.772  val_finetune_dtvu_steps_1/loss = 2.7384  
2025-02-27 02:45:14.772  val_finetune_dtvu_steps_1/acc@01 = 0.4000  
2025-02-27 02:45:14.772  val_finetune_dtvu_steps_1/acc@05 = 0.8000  
2025-02-27 02:45:14.772  val_finetune_dtvu_steps_1/acc@10 = 0.8000  
2025-02-27 02:45:14.772  val_finetune_dtvu_steps_1/acc@20 = 0.8500  
2025-02-27 02:45:14.772  
  
2025-02-27 02:45:14.819  
  
2025-02-27 02:45:14.819  [VAL_FINETUNE_DTVU_STEPS_3] epoch_23  
2025-02-27 02:45:14.819  =============================================  
2025-02-27 02:45:14.819  val_finetune_dtvu_steps_3/loss = 2.9651  
2025-02-27 02:45:14.819  val_finetune_dtvu_steps_3/acc@01 = 0.3833  
2025-02-27 02:45:14.819  val_finetune_dtvu_steps_3/acc@05 = 0.7167  
2025-02-27 02:45:14.819  val_finetune_dtvu_steps_3/acc@10 = 0.7667  
2025-02-27 02:45:14.819  val_finetune_dtvu_steps_3/acc@20 = 0.8000  
2025-02-27 02:45:14.819  
  
2025-02-27 02:45:15.150  
  
2025-02-27 02:45:15.150  [TRN] epoch_24  
2025-02-27 02:45:15.150  =============================================  
2025-02-27 02:45:15.150  trn/loss = 3.1253  
2025-02-27 02:45:15.150  trn/acc@01 = 0.2990  
2025-02-27 02:45:15.150  trn/acc@05 = 0.6058  
2025-02-27 02:45:15.150  trn/acc@10 = 0.7515  
2025-02-27 02:45:15.150  trn/acc@20 = 0.8660  
2025-02-27 02:45:15.150  
  
2025-02-27 02:45:15.197  
  
2025-02-27 02:45:15.197  [VAL_FINETUNE_DTVU_STEPS_1] epoch_24  
2025-02-27 02:45:15.197  =============================================  
2025-02-27 02:45:15.197  val_finetune_dtvu_steps_1/loss = 2.7321  
2025-02-27 02:45:15.197  val_finetune_dtvu_steps_1/acc@01 = 0.4000  
2025-02-27 02:45:15.197  val_finetune_dtvu_steps_1/acc@05 = 0.8000  
2025-02-27 02:45:15.197  val_finetune_dtvu_steps_1/acc@10 = 0.8500  
2025-02-27 02:45:15.197  val_finetune_dtvu_steps_1/acc@20 = 0.8500  
2025-02-27 02:45:15.197  
  
2025-02-27 02:45:15.238  
  
2025-02-27 02:45:15.238  [VAL_FINETUNE_DTVU_STEPS_3] epoch_24  
2025-02-27 02:45:15.238  =============================================  
2025-02-27 02:45:15.238  val_finetune_dtvu_steps_3/loss = 3.0218  
2025-02-27 02:45:15.238  val_finetune_dtvu_steps_3/acc@01 = 0.3833  
2025-02-27 02:45:15.238  val_finetune_dtvu_steps_3/acc@05 = 0.7167  
2025-02-27 02:45:15.238  val_finetune_dtvu_steps_3/acc@10 = 0.7833  
2025-02-27 02:45:15.238  val_finetune_dtvu_steps_3/acc@20 = 0.7833  
2025-02-27 02:45:15.238  
  
2025-02-27 02:45:15.565  
  
2025-02-27 02:45:15.565  [TRN] epoch_25  
2025-02-27 02:45:15.565  =============================================  
2025-02-27 02:45:15.565  trn/loss = 3.0504  
2025-02-27 02:45:15.565  trn/acc@01 = 0.2968  
2025-02-27 02:45:15.565  trn/acc@05 = 0.5828  
2025-02-27 02:45:15.565  trn/acc@10 = 0.7376  
2025-02-27 02:45:15.565  trn/acc@20 = 0.8409  
2025-02-27 02:45:15.565  
  
2025-02-27 02:45:15.589  
  
2025-02-27 02:45:15.589  [VAL_FINETUNE_DTVU_STEPS_1] epoch_25  
2025-02-27 02:45:15.589  =============================================  
2025-02-27 02:45:15.589  val_finetune_dtvu_steps_1/loss = 2.8027  
2025-02-27 02:45:15.589  val_finetune_dtvu_steps_1/acc@01 = 0.3500  
2025-02-27 02:45:15.589  val_finetune_dtvu_steps_1/acc@05 = 0.7500  
2025-02-27 02:45:15.589  val_finetune_dtvu_steps_1/acc@10 = 0.8500  
2025-02-27 02:45:15.589  val_finetune_dtvu_steps_1/acc@20 = 0.8500  
2025-02-27 02:45:15.589  
  
2025-02-27 02:45:15.640  
  
2025-02-27 02:45:15.640  [VAL_FINETUNE_DTVU_STEPS_3] epoch_25  
2025-02-27 02:45:15.640  =============================================  
2025-02-27 02:45:15.640  val_finetune_dtvu_steps_3/loss = 3.0114  
2025-02-27 02:45:15.640  val_finetune_dtvu_steps_3/acc@01 = 0.3667  
2025-02-27 02:45:15.640  val_finetune_dtvu_steps_3/acc@05 = 0.7333  
2025-02-27 02:45:15.640  val_finetune_dtvu_steps_3/acc@10 = 0.7833  
2025-02-27 02:45:15.640  val_finetune_dtvu_steps_3/acc@20 = 0.8000  
2025-02-27 02:45:15.640  
  
2025-02-27 02:45:15.967  
  
2025-02-27 02:45:15.967  [TRN] epoch_26  
2025-02-27 02:45:15.967  =============================================  
2025-02-27 02:45:15.967  trn/loss = 2.9825  
2025-02-27 02:45:15.967  trn/acc@01 = 0.3131  
2025-02-27 02:45:15.967  trn/acc@05 = 0.5838  
2025-02-27 02:45:15.967  trn/acc@10 = 0.7374  
2025-02-27 02:45:15.967  trn/acc@20 = 0.8707  
2025-02-27 02:45:15.967  
  
2025-02-27 02:45:15.999  
  
2025-02-27 02:45:15.999  [VAL_FINETUNE_DTVU_STEPS_1] epoch_26  
2025-02-27 02:45:15.999  =============================================  
2025-02-27 02:45:15.999  val_finetune_dtvu_steps_1/loss = 2.7134  
2025-02-27 02:45:15.999  val_finetune_dtvu_steps_1/acc@01 = 0.3500  
2025-02-27 02:45:15.999  val_finetune_dtvu_steps_1/acc@05 = 0.8000  
2025-02-27 02:45:15.999  val_finetune_dtvu_steps_1/acc@10 = 0.8500  
2025-02-27 02:45:15.999  val_finetune_dtvu_steps_1/acc@20 = 0.8500  
2025-02-27 02:45:15.999  
  
2025-02-27 02:45:16.046  
  
2025-02-27 02:45:16.046  [VAL_FINETUNE_DTVU_STEPS_3] epoch_26  
2025-02-27 02:45:16.046  =============================================  
2025-02-27 02:45:16.046  val_finetune_dtvu_steps_3/loss = 2.9953  
2025-02-27 02:45:16.046  val_finetune_dtvu_steps_3/acc@01 = 0.3667  
2025-02-27 02:45:16.046  val_finetune_dtvu_steps_3/acc@05 = 0.7500  
2025-02-27 02:45:16.046  val_finetune_dtvu_steps_3/acc@10 = 0.7833  
2025-02-27 02:45:16.046  val_finetune_dtvu_steps_3/acc@20 = 0.8000  
2025-02-27 02:45:16.046  
  
2025-02-27 02:45:16.375  
  
2025-02-27 02:45:16.375  [TRN] epoch_27  
2025-02-27 02:45:16.375  =============================================  
2025-02-27 02:45:16.375  trn/loss = 3.0214  
2025-02-27 02:45:16.375  trn/acc@01 = 0.3140  
2025-02-27 02:45:16.375  trn/acc@05 = 0.5940  
2025-02-27 02:45:16.375  trn/acc@10 = 0.7380  
2025-02-27 02:45:16.375  trn/acc@20 = 0.8640  
2025-02-27 02:45:16.375  
  
2025-02-27 02:45:16.420  
  
2025-02-27 02:45:16.420  [VAL_FINETUNE_DTVU_STEPS_1] epoch_27  
2025-02-27 02:45:16.420  =============================================  
2025-02-27 02:45:16.420  val_finetune_dtvu_steps_1/loss = 2.6682  
2025-02-27 02:45:16.420  val_finetune_dtvu_steps_1/acc@01 = 0.3500  
2025-02-27 02:45:16.420  val_finetune_dtvu_steps_1/acc@05 = 0.7500  
2025-02-27 02:45:16.420  val_finetune_dtvu_steps_1/acc@10 = 0.8500  
2025-02-27 02:45:16.420  val_finetune_dtvu_steps_1/acc@20 = 0.8500  
2025-02-27 02:45:16.420  
  
2025-02-27 02:45:16.454  
  
2025-02-27 02:45:16.454  [VAL_FINETUNE_DTVU_STEPS_3] epoch_27  
2025-02-27 02:45:16.454  =============================================  
2025-02-27 02:45:16.454  val_finetune_dtvu_steps_3/loss = 2.9757  
2025-02-27 02:45:16.454  val_finetune_dtvu_steps_3/acc@01 = 0.3667  
2025-02-27 02:45:16.454  val_finetune_dtvu_steps_3/acc@05 = 0.7333  
2025-02-27 02:45:16.454  val_finetune_dtvu_steps_3/acc@10 = 0.7833  
2025-02-27 02:45:16.454  val_finetune_dtvu_steps_3/acc@20 = 0.8000  
2025-02-27 02:45:16.454  
  
2025-02-27 02:45:16.783  
  
2025-02-27 02:45:16.783  [TRN] epoch_28  
2025-02-27 02:45:16.783  =============================================  
2025-02-27 02:45:16.783  trn/loss = 2.9133  
2025-02-27 02:45:16.783  trn/acc@01 = 0.3558  
2025-02-27 02:45:16.783  trn/acc@05 = 0.6126  
2025-02-27 02:45:16.783  trn/acc@10 = 0.7326  
2025-02-27 02:45:16.783  trn/acc@20 = 0.8568  
2025-02-27 02:45:16.783  
  
2025-02-27 02:45:16.814  
  
2025-02-27 02:45:16.814  [VAL_FINETUNE_DTVU_STEPS_1] epoch_28  
2025-02-27 02:45:16.814  =============================================  
2025-02-27 02:45:16.814  val_finetune_dtvu_steps_1/loss = 2.7031  
2025-02-27 02:45:16.814  val_finetune_dtvu_steps_1/acc@01 = 0.4000  
2025-02-27 02:45:16.814  val_finetune_dtvu_steps_1/acc@05 = 0.7500  
2025-02-27 02:45:16.814  val_finetune_dtvu_steps_1/acc@10 = 0.8500  
2025-02-27 02:45:16.830  val_finetune_dtvu_steps_1/acc@20 = 0.8500  
2025-02-27 02:45:16.830  
  
2025-02-27 02:45:16.866  
  
2025-02-27 02:45:16.866  [VAL_FINETUNE_DTVU_STEPS_3] epoch_28  
2025-02-27 02:45:16.866  =============================================  
2025-02-27 02:45:16.866  val_finetune_dtvu_steps_3/loss = 2.9650  
2025-02-27 02:45:16.866  val_finetune_dtvu_steps_3/acc@01 = 0.3833  
2025-02-27 02:45:16.866  val_finetune_dtvu_steps_3/acc@05 = 0.7333  
2025-02-27 02:45:16.866  val_finetune_dtvu_steps_3/acc@10 = 0.7833  
2025-02-27 02:45:16.866  val_finetune_dtvu_steps_3/acc@20 = 0.8000  
2025-02-27 02:45:16.866  
  
2025-02-27 02:45:17.208  
  
2025-02-27 02:45:17.209  [TRN] epoch_29  
2025-02-27 02:45:17.209  =============================================  
2025-02-27 02:45:17.209  trn/loss = 3.0014  
2025-02-27 02:45:17.209  trn/acc@01 = 0.3068  
2025-02-27 02:45:17.209  trn/acc@05 = 0.6159  
2025-02-27 02:45:17.209  trn/acc@10 = 0.7341  
2025-02-27 02:45:17.209  trn/acc@20 = 0.8636  
2025-02-27 02:45:17.209  
  
2025-02-27 02:45:17.239  
  
2025-02-27 02:45:17.239  [VAL_FINETUNE_DTVU_STEPS_1] epoch_29  
2025-02-27 02:45:17.239  =============================================  
2025-02-27 02:45:17.239  val_finetune_dtvu_steps_1/loss = 2.6890  
2025-02-27 02:45:17.239  val_finetune_dtvu_steps_1/acc@01 = 0.4000  
2025-02-27 02:45:17.239  val_finetune_dtvu_steps_1/acc@05 = 0.8000  
2025-02-27 02:45:17.239  val_finetune_dtvu_steps_1/acc@10 = 0.8500  
2025-02-27 02:45:17.239  val_finetune_dtvu_steps_1/acc@20 = 0.8500  
2025-02-27 02:45:17.239  
  
2025-02-27 02:45:17.271  
  
2025-02-27 02:45:17.271  [VAL_FINETUNE_DTVU_STEPS_3] epoch_29  
2025-02-27 02:45:17.271  =============================================  
2025-02-27 02:45:17.271  val_finetune_dtvu_steps_3/loss = 2.9214  
2025-02-27 02:45:17.271  val_finetune_dtvu_steps_3/acc@01 = 0.3833  
2025-02-27 02:45:17.271  val_finetune_dtvu_steps_3/acc@05 = 0.7167  
2025-02-27 02:45:17.271  val_finetune_dtvu_steps_3/acc@10 = 0.7833  
2025-02-27 02:45:17.271  val_finetune_dtvu_steps_3/acc@20 = 0.8000  
2025-02-27 02:45:17.271  
  
2025-02-27 02:45:17.624  
  
2025-02-27 02:45:17.624  [TRN] epoch_30  
2025-02-27 02:45:17.624  =============================================  
2025-02-27 02:45:17.624  trn/loss = 2.8511  
2025-02-27 02:45:17.624  trn/acc@01 = 0.3495  
2025-02-27 02:45:17.624  trn/acc@05 = 0.6108  
2025-02-27 02:45:17.624  trn/acc@10 = 0.7279  
2025-02-27 02:45:17.624  trn/acc@20 = 0.8685  
2025-02-27 02:45:17.624  
  
2025-02-27 02:45:17.666  
  
2025-02-27 02:45:17.666  [VAL_FINETUNE_DTVU_STEPS_1] epoch_30  
2025-02-27 02:45:17.666  =============================================  
2025-02-27 02:45:17.666  val_finetune_dtvu_steps_1/loss = 2.6658  
2025-02-27 02:45:17.666  val_finetune_dtvu_steps_1/acc@01 = 0.4000  
2025-02-27 02:45:17.666  val_finetune_dtvu_steps_1/acc@05 = 0.8000  
2025-02-27 02:45:17.666  val_finetune_dtvu_steps_1/acc@10 = 0.8500  
2025-02-27 02:45:17.666  val_finetune_dtvu_steps_1/acc@20 = 0.8500  
2025-02-27 02:45:17.666  
  
2025-02-27 02:45:17.695  
  
2025-02-27 02:45:17.695  [VAL_FINETUNE_DTVU_STEPS_3] epoch_30  
2025-02-27 02:45:17.695  =============================================  
2025-02-27 02:45:17.695  val_finetune_dtvu_steps_3/loss = 2.9043  
2025-02-27 02:45:17.695  val_finetune_dtvu_steps_3/acc@01 = 0.3833  
2025-02-27 02:45:17.695  val_finetune_dtvu_steps_3/acc@05 = 0.7333  
2025-02-27 02:45:17.695  val_finetune_dtvu_steps_3/acc@10 = 0.7833  
2025-02-27 02:45:17.695  val_finetune_dtvu_steps_3/acc@20 = 0.8000  
2025-02-27 02:45:17.695  
  
2025-02-27 02:45:18.050  
  
2025-02-27 02:45:18.050  [TRN] epoch_31  
2025-02-27 02:45:18.050  =============================================  
2025-02-27 02:45:18.050  trn/loss = 2.9388  
2025-02-27 02:45:18.050  trn/acc@01 = 0.3000  
2025-02-27 02:45:18.050  trn/acc@05 = 0.5927  
2025-02-27 02:45:18.050  trn/acc@10 = 0.7382  
2025-02-27 02:45:18.050  trn/acc@20 = 0.8618  
2025-02-27 02:45:18.050  
  
2025-02-27 02:45:18.073  
  
2025-02-27 02:45:18.073  [VAL_FINETUNE_DTVU_STEPS_1] epoch_31  
2025-02-27 02:45:18.073  =============================================  
2025-02-27 02:45:18.073  val_finetune_dtvu_steps_1/loss = 2.6646  
2025-02-27 02:45:18.073  val_finetune_dtvu_steps_1/acc@01 = 0.4000  
2025-02-27 02:45:18.073  val_finetune_dtvu_steps_1/acc@05 = 0.8000  
2025-02-27 02:45:18.073  val_finetune_dtvu_steps_1/acc@10 = 0.8500  
2025-02-27 02:45:18.073  val_finetune_dtvu_steps_1/acc@20 = 0.8500  
2025-02-27 02:45:18.073  
  
2025-02-27 02:45:18.120  
  
2025-02-27 02:45:18.120  [VAL_FINETUNE_DTVU_STEPS_3] epoch_31  
2025-02-27 02:45:18.120  =============================================  
2025-02-27 02:45:18.120  val_finetune_dtvu_steps_3/loss = 2.9065  
2025-02-27 02:45:18.120  val_finetune_dtvu_steps_3/acc@01 = 0.3833  
2025-02-27 02:45:18.120  val_finetune_dtvu_steps_3/acc@05 = 0.7333  
2025-02-27 02:45:18.120  val_finetune_dtvu_steps_3/acc@10 = 0.7833  
2025-02-27 02:45:18.120  val_finetune_dtvu_steps_3/acc@20 = 0.8000  
2025-02-27 02:45:18.120  
  
2025-02-27 02:45:18.451  
  
2025-02-27 02:45:18.451  [TRN] epoch_32  
2025-02-27 02:45:18.451  =============================================  
2025-02-27 02:45:18.451  trn/loss = 2.8366  
2025-02-27 02:45:18.451  trn/acc@01 = 0.3404  
2025-02-27 02:45:18.451  trn/acc@05 = 0.6021  
2025-02-27 02:45:18.451  trn/acc@10 = 0.7447  
2025-02-27 02:45:18.451  trn/acc@20 = 0.8787  
2025-02-27 02:45:18.451  
  
2025-02-27 02:45:18.495  
  
2025-02-27 02:45:18.495  [VAL_FINETUNE_DTVU_STEPS_1] epoch_32  
2025-02-27 02:45:18.495  =============================================  
2025-02-27 02:45:18.495  val_finetune_dtvu_steps_1/loss = 2.8077  
2025-02-27 02:45:18.495  val_finetune_dtvu_steps_1/acc@01 = 0.4000  
2025-02-27 02:45:18.495  val_finetune_dtvu_steps_1/acc@05 = 0.7500  
2025-02-27 02:45:18.495  val_finetune_dtvu_steps_1/acc@10 = 0.8500  
2025-02-27 02:45:18.495  val_finetune_dtvu_steps_1/acc@20 = 0.8500  
2025-02-27 02:45:18.495  
  
2025-02-27 02:45:18.529  
  
2025-02-27 02:45:18.529  [VAL_FINETUNE_DTVU_STEPS_3] epoch_32  
2025-02-27 02:45:18.529  =============================================  
2025-02-27 02:45:18.529  val_finetune_dtvu_steps_3/loss = 2.9428  
2025-02-27 02:45:18.529  val_finetune_dtvu_steps_3/acc@01 = 0.3833  
2025-02-27 02:45:18.529  val_finetune_dtvu_steps_3/acc@05 = 0.7000  
2025-02-27 02:45:18.529  val_finetune_dtvu_steps_3/acc@10 = 0.7667  
2025-02-27 02:45:18.529  val_finetune_dtvu_steps_3/acc@20 = 0.7833  
2025-02-27 02:45:18.529  
  
2025-02-27 02:45:18.876  
  
2025-02-27 02:45:18.876  [TRN] epoch_33  
2025-02-27 02:45:18.876  =============================================  
2025-02-27 02:45:18.876  trn/loss = 2.8569  
2025-02-27 02:45:18.876  trn/acc@01 = 0.3417  
2025-02-27 02:45:18.876  trn/acc@05 = 0.6117  
2025-02-27 02:45:18.876  trn/acc@10 = 0.7456  
2025-02-27 02:45:18.876  trn/acc@20 = 0.8757  
2025-02-27 02:45:18.876  
  
2025-02-27 02:45:18.923  
  
2025-02-27 02:45:18.923  [VAL_FINETUNE_DTVU_STEPS_1] epoch_33  
2025-02-27 02:45:18.923  =============================================  
2025-02-27 02:45:18.923  val_finetune_dtvu_steps_1/loss = 2.7923  
2025-02-27 02:45:18.923  val_finetune_dtvu_steps_1/acc@01 = 0.3000  
2025-02-27 02:45:18.923  val_finetune_dtvu_steps_1/acc@05 = 0.8000  
2025-02-27 02:45:18.923  val_finetune_dtvu_steps_1/acc@10 = 0.8500  
2025-02-27 02:45:18.923  val_finetune_dtvu_steps_1/acc@20 = 0.8500  
2025-02-27 02:45:18.923  
  
2025-02-27 02:45:18.970  
  
2025-02-27 02:45:18.970  [VAL_FINETUNE_DTVU_STEPS_3] epoch_33  
2025-02-27 02:45:18.970  =============================================  
2025-02-27 02:45:18.970  val_finetune_dtvu_steps_3/loss = 2.9858  
2025-02-27 02:45:18.970  val_finetune_dtvu_steps_3/acc@01 = 0.3167  
2025-02-27 02:45:18.970  val_finetune_dtvu_steps_3/acc@05 = 0.7000  
2025-02-27 02:45:18.970  val_finetune_dtvu_steps_3/acc@10 = 0.7667  
2025-02-27 02:45:18.970  val_finetune_dtvu_steps_3/acc@20 = 0.8167  
2025-02-27 02:45:18.970  
  
2025-02-27 02:45:19.333  
  
2025-02-27 02:45:19.333  [TRN] epoch_34  
2025-02-27 02:45:19.333  =============================================  
2025-02-27 02:45:19.333  trn/loss = 2.8684  
2025-02-27 02:45:19.333  trn/acc@01 = 0.3374  
2025-02-27 02:45:19.333  trn/acc@05 = 0.6000  
2025-02-27 02:45:19.333  trn/acc@10 = 0.7333  
2025-02-27 02:45:19.333  trn/acc@20 = 0.8606  
2025-02-27 02:45:19.333  
  
2025-02-27 02:45:19.375  
  
2025-02-27 02:45:19.375  [VAL_FINETUNE_DTVU_STEPS_1] epoch_34  
2025-02-27 02:45:19.375  =============================================  
2025-02-27 02:45:19.375  val_finetune_dtvu_steps_1/loss = 2.6984  
2025-02-27 02:45:19.375  val_finetune_dtvu_steps_1/acc@01 = 0.3000  
2025-02-27 02:45:19.375  val_finetune_dtvu_steps_1/acc@05 = 0.8000  
2025-02-27 02:45:19.375  val_finetune_dtvu_steps_1/acc@10 = 0.8500  
2025-02-27 02:45:19.375  val_finetune_dtvu_steps_1/acc@20 = 0.8500  
2025-02-27 02:45:19.375  
  
2025-02-27 02:45:19.413  
  
2025-02-27 02:45:19.413  [VAL_FINETUNE_DTVU_STEPS_3] epoch_34  
2025-02-27 02:45:19.413  =============================================  
2025-02-27 02:45:19.413  val_finetune_dtvu_steps_3/loss = 2.9386  
2025-02-27 02:45:19.413  val_finetune_dtvu_steps_3/acc@01 = 0.3167  
2025-02-27 02:45:19.413  val_finetune_dtvu_steps_3/acc@05 = 0.7167  
2025-02-27 02:45:19.413  val_finetune_dtvu_steps_3/acc@10 = 0.7833  
2025-02-27 02:45:19.413  val_finetune_dtvu_steps_3/acc@20 = 0.8333  
2025-02-27 02:45:19.413  
  
2025-02-27 02:45:19.775  
  
2025-02-27 02:45:19.775  [TRN] epoch_35  
2025-02-27 02:45:19.775  =============================================  
2025-02-27 02:45:19.775  trn/loss = 2.9812  
2025-02-27 02:45:19.775  trn/acc@01 = 0.2926  
2025-02-27 02:45:19.775  trn/acc@05 = 0.5600  
2025-02-27 02:45:19.775  trn/acc@10 = 0.7074  
2025-02-27 02:45:19.775  trn/acc@20 = 0.8653  
2025-02-27 02:45:19.775  
  
2025-02-27 02:45:19.809  
  
2025-02-27 02:45:19.809  [VAL_FINETUNE_DTVU_STEPS_1] epoch_35  
2025-02-27 02:45:19.809  =============================================  
2025-02-27 02:45:19.809  val_finetune_dtvu_steps_1/loss = 2.7076  
2025-02-27 02:45:19.809  val_finetune_dtvu_steps_1/acc@01 = 0.3000  
2025-02-27 02:45:19.809  val_finetune_dtvu_steps_1/acc@05 = 0.8500  
2025-02-27 02:45:19.809  val_finetune_dtvu_steps_1/acc@10 = 0.8500  
2025-02-27 02:45:19.809  val_finetune_dtvu_steps_1/acc@20 = 0.9000  
2025-02-27 02:45:19.809  
  
2025-02-27 02:45:19.838  
  
2025-02-27 02:45:19.838  [VAL_FINETUNE_DTVU_STEPS_3] epoch_35  
2025-02-27 02:45:19.838  =============================================  
2025-02-27 02:45:19.838  val_finetune_dtvu_steps_3/loss = 2.9395  
2025-02-27 02:45:19.838  val_finetune_dtvu_steps_3/acc@01 = 0.3333  
2025-02-27 02:45:19.838  val_finetune_dtvu_steps_3/acc@05 = 0.7333  
2025-02-27 02:45:19.838  val_finetune_dtvu_steps_3/acc@10 = 0.7833  
2025-02-27 02:45:19.838  val_finetune_dtvu_steps_3/acc@20 = 0.8667  
2025-02-27 02:45:19.838  
  
2025-02-27 02:45:20.232  
  
2025-02-27 02:45:20.232  [TRN] epoch_36  
2025-02-27 02:45:20.232  =============================================  
2025-02-27 02:45:20.232  trn/loss = 2.8870  
2025-02-27 02:45:20.232  trn/acc@01 = 0.3168  
2025-02-27 02:45:20.232  trn/acc@05 = 0.5842  
2025-02-27 02:45:20.232  trn/acc@10 = 0.7208  
2025-02-27 02:45:20.232  trn/acc@20 = 0.8594  
2025-02-27 02:45:20.232  
  
2025-02-27 02:45:20.278  
  
2025-02-27 02:45:20.278  [VAL_FINETUNE_DTVU_STEPS_1] epoch_36  
2025-02-27 02:45:20.278  =============================================  
2025-02-27 02:45:20.278  val_finetune_dtvu_steps_1/loss = 2.7279  
2025-02-27 02:45:20.279  val_finetune_dtvu_steps_1/acc@01 = 0.3000  
2025-02-27 02:45:20.279  val_finetune_dtvu_steps_1/acc@05 = 0.8000  
2025-02-27 02:45:20.279  val_finetune_dtvu_steps_1/acc@10 = 0.8500  
2025-02-27 02:45:20.279  val_finetune_dtvu_steps_1/acc@20 = 0.9000  
2025-02-27 02:45:20.279  
  
2025-02-27 02:45:20.310  
  
2025-02-27 02:45:20.310  [VAL_FINETUNE_DTVU_STEPS_3] epoch_36  
2025-02-27 02:45:20.310  =============================================  
2025-02-27 02:45:20.310  val_finetune_dtvu_steps_3/loss = 2.9190  
2025-02-27 02:45:20.310  val_finetune_dtvu_steps_3/acc@01 = 0.3500  
2025-02-27 02:45:20.310  val_finetune_dtvu_steps_3/acc@05 = 0.7167  
2025-02-27 02:45:20.310  val_finetune_dtvu_steps_3/acc@10 = 0.7833  
2025-02-27 02:45:20.310  val_finetune_dtvu_steps_3/acc@20 = 0.8333  
2025-02-27 02:45:20.310  
  
2025-02-27 02:45:20.650  
  
2025-02-27 02:45:20.650  [TRN] epoch_37  
2025-02-27 02:45:20.650  =============================================  
2025-02-27 02:45:20.650  trn/loss = 2.7074  
2025-02-27 02:45:20.650  trn/acc@01 = 0.3412  
2025-02-27 02:45:20.650  trn/acc@05 = 0.6196  
2025-02-27 02:45:20.650  trn/acc@10 = 0.7235  
2025-02-27 02:45:20.650  trn/acc@20 = 0.8824  
2025-02-27 02:45:20.650  
  
2025-02-27 02:45:20.689  
  
2025-02-27 02:45:20.689  [VAL_FINETUNE_DTVU_STEPS_1] epoch_37  
2025-02-27 02:45:20.689  =============================================  
2025-02-27 02:45:20.689  val_finetune_dtvu_steps_1/loss = 2.7716  
2025-02-27 02:45:20.689  val_finetune_dtvu_steps_1/acc@01 = 0.3000  
2025-02-27 02:45:20.689  val_finetune_dtvu_steps_1/acc@05 = 0.8000  
2025-02-27 02:45:20.689  val_finetune_dtvu_steps_1/acc@10 = 0.8500  
2025-02-27 02:45:20.689  val_finetune_dtvu_steps_1/acc@20 = 0.9000  
2025-02-27 02:45:20.689  
  
2025-02-27 02:45:20.735  
  
2025-02-27 02:45:20.735  [VAL_FINETUNE_DTVU_STEPS_3] epoch_37  
2025-02-27 02:45:20.735  =============================================  
2025-02-27 02:45:20.735  val_finetune_dtvu_steps_3/loss = 2.9563  
2025-02-27 02:45:20.735  val_finetune_dtvu_steps_3/acc@01 = 0.3167  
2025-02-27 02:45:20.735  val_finetune_dtvu_steps_3/acc@05 = 0.7167  
2025-02-27 02:45:20.735  val_finetune_dtvu_steps_3/acc@10 = 0.7833  
2025-02-27 02:45:20.735  val_finetune_dtvu_steps_3/acc@20 = 0.8167  
2025-02-27 02:45:20.735  
  
2025-02-27 02:45:21.119  
  
2025-02-27 02:45:21.119  [TRN] epoch_38  
2025-02-27 02:45:21.119  =============================================  
2025-02-27 02:45:21.119  trn/loss = 2.7451  
2025-02-27 02:45:21.119  trn/acc@01 = 0.3293  
2025-02-27 02:45:21.119  trn/acc@05 = 0.6384  
2025-02-27 02:45:21.119  trn/acc@10 = 0.7737  
2025-02-27 02:45:21.119  trn/acc@20 = 0.8828  
2025-02-27 02:45:21.119  
  
2025-02-27 02:45:21.168  
  
2025-02-27 02:45:21.168  [VAL_FINETUNE_DTVU_STEPS_1] epoch_38  
2025-02-27 02:45:21.168  =============================================  
2025-02-27 02:45:21.168  val_finetune_dtvu_steps_1/loss = 2.8048  
2025-02-27 02:45:21.169  val_finetune_dtvu_steps_1/acc@01 = 0.3000  
2025-02-27 02:45:21.169  val_finetune_dtvu_steps_1/acc@05 = 0.8000  
2025-02-27 02:45:21.169  val_finetune_dtvu_steps_1/acc@10 = 0.8500  
2025-02-27 02:45:21.170  val_finetune_dtvu_steps_1/acc@20 = 0.9000  
2025-02-27 02:45:21.170  
  
2025-02-27 02:45:21.222  
  
2025-02-27 02:45:21.222  [VAL_FINETUNE_DTVU_STEPS_3] epoch_38  
2025-02-27 02:45:21.222  =============================================  
2025-02-27 02:45:21.222  val_finetune_dtvu_steps_3/loss = 2.9813  
2025-02-27 02:45:21.222  val_finetune_dtvu_steps_3/acc@01 = 0.3167  
2025-02-27 02:45:21.222  val_finetune_dtvu_steps_3/acc@05 = 0.7000  
2025-02-27 02:45:21.222  val_finetune_dtvu_steps_3/acc@10 = 0.7833  
2025-02-27 02:45:21.222  val_finetune_dtvu_steps_3/acc@20 = 0.8167  
2025-02-27 02:45:21.222  
  
2025-02-27 02:45:21.618  
  
2025-02-27 02:45:21.619  [TRN] epoch_39  
2025-02-27 02:45:21.619  =============================================  
2025-02-27 02:45:21.619  trn/loss = 2.7557  
2025-02-27 02:45:21.619  trn/acc@01 = 0.3327  
2025-02-27 02:45:21.619  trn/acc@05 = 0.6195  
2025-02-27 02:45:21.619  trn/acc@10 = 0.7257  
2025-02-27 02:45:21.619  trn/acc@20 = 0.8690  
2025-02-27 02:45:21.619  
  
2025-02-27 02:45:21.660  
  
2025-02-27 02:45:21.661  [VAL_FINETUNE_DTVU_STEPS_1] epoch_39  
2025-02-27 02:45:21.661  =============================================  
2025-02-27 02:45:21.661  val_finetune_dtvu_steps_1/loss = 2.7916  
2025-02-27 02:45:21.661  val_finetune_dtvu_steps_1/acc@01 = 0.3000  
2025-02-27 02:45:21.661  val_finetune_dtvu_steps_1/acc@05 = 0.8000  
2025-02-27 02:45:21.661  val_finetune_dtvu_steps_1/acc@10 = 0.8500  
2025-02-27 02:45:21.661  val_finetune_dtvu_steps_1/acc@20 = 0.9000  
2025-02-27 02:45:21.661  
  
2025-02-27 02:45:21.705  
  
2025-02-27 02:45:21.705  [VAL_FINETUNE_DTVU_STEPS_3] epoch_39  
2025-02-27 02:45:21.705  =============================================  
2025-02-27 02:45:21.705  val_finetune_dtvu_steps_3/loss = 2.9737  
2025-02-27 02:45:21.705  val_finetune_dtvu_steps_3/acc@01 = 0.3167  
2025-02-27 02:45:21.705  val_finetune_dtvu_steps_3/acc@05 = 0.7167  
2025-02-27 02:45:21.705  val_finetune_dtvu_steps_3/acc@10 = 0.7833  
2025-02-27 02:45:21.705  val_finetune_dtvu_steps_3/acc@20 = 0.8167  
2025-02-27 02:45:21.705  
  
2025-02-27 02:45:22.035  
  
2025-02-27 02:45:22.035  [TRN] epoch_40  
2025-02-27 02:45:22.035  =============================================  
2025-02-27 02:45:22.035  trn/loss = 2.9355  
2025-02-27 02:45:22.035  trn/acc@01 = 0.3136  
2025-02-27 02:45:22.035  trn/acc@05 = 0.5847  
2025-02-27 02:45:22.035  trn/acc@10 = 0.6966  
2025-02-27 02:45:22.035  trn/acc@20 = 0.8559  
2025-02-27 02:45:22.035  
  
2025-02-27 02:45:22.082  
  
2025-02-27 02:45:22.082  [VAL_FINETUNE_DTVU_STEPS_1] epoch_40  
2025-02-27 02:45:22.082  =============================================  
2025-02-27 02:45:22.082  val_finetune_dtvu_steps_1/loss = 2.8257  
2025-02-27 02:45:22.082  val_finetune_dtvu_steps_1/acc@01 = 0.3000  
2025-02-27 02:45:22.082  val_finetune_dtvu_steps_1/acc@05 = 0.8000  
2025-02-27 02:45:22.082  val_finetune_dtvu_steps_1/acc@10 = 0.8500  
2025-02-27 02:45:22.082  val_finetune_dtvu_steps_1/acc@20 = 0.9000  
2025-02-27 02:45:22.082  
  
2025-02-27 02:45:22.113  
  
2025-02-27 02:45:22.113  [VAL_FINETUNE_DTVU_STEPS_3] epoch_40  
2025-02-27 02:45:22.113  =============================================  
2025-02-27 02:45:22.113  val_finetune_dtvu_steps_3/loss = 2.9902  
2025-02-27 02:45:22.113  val_finetune_dtvu_steps_3/acc@01 = 0.3167  
2025-02-27 02:45:22.113  val_finetune_dtvu_steps_3/acc@05 = 0.7167  
2025-02-27 02:45:22.113  val_finetune_dtvu_steps_3/acc@10 = 0.7833  
2025-02-27 02:45:22.113  val_finetune_dtvu_steps_3/acc@20 = 0.8167  
2025-02-27 02:45:22.113  
  
2025-02-27 02:45:22.500  
  
2025-02-27 02:45:22.500  [TRN] epoch_41  
2025-02-27 02:45:22.500  =============================================  
2025-02-27 02:45:22.500  trn/loss = 2.8453  
2025-02-27 02:45:22.500  trn/acc@01 = 0.3266  
2025-02-27 02:45:22.500  trn/acc@05 = 0.5633  
2025-02-27 02:45:22.500  trn/acc@10 = 0.7009  
2025-02-27 02:45:22.500  trn/acc@20 = 0.8771  
2025-02-27 02:45:22.500  
  
2025-02-27 02:45:22.538  
  
2025-02-27 02:45:22.538  [VAL_FINETUNE_DTVU_STEPS_1] epoch_41  
2025-02-27 02:45:22.538  =============================================  
2025-02-27 02:45:22.538  val_finetune_dtvu_steps_1/loss = 2.8445  
2025-02-27 02:45:22.538  val_finetune_dtvu_steps_1/acc@01 = 0.3000  
2025-02-27 02:45:22.538  val_finetune_dtvu_steps_1/acc@05 = 0.8000  
2025-02-27 02:45:22.538  val_finetune_dtvu_steps_1/acc@10 = 0.8500  
2025-02-27 02:45:22.538  val_finetune_dtvu_steps_1/acc@20 = 0.9000  
2025-02-27 02:45:22.538  
  
2025-02-27 02:45:22.581  
  
2025-02-27 02:45:22.581  [VAL_FINETUNE_DTVU_STEPS_3] epoch_41  
2025-02-27 02:45:22.581  =============================================  
2025-02-27 02:45:22.581  val_finetune_dtvu_steps_3/loss = 2.9532  
2025-02-27 02:45:22.581  val_finetune_dtvu_steps_3/acc@01 = 0.3167  
2025-02-27 02:45:22.581  val_finetune_dtvu_steps_3/acc@05 = 0.7167  
2025-02-27 02:45:22.581  val_finetune_dtvu_steps_3/acc@10 = 0.7833  
2025-02-27 02:45:22.581  val_finetune_dtvu_steps_3/acc@20 = 0.8167  
2025-02-27 02:45:22.581  
  
2025-02-27 02:45:22.951  
  
2025-02-27 02:45:22.951  [TRN] epoch_42  
2025-02-27 02:45:22.951  =============================================  
2025-02-27 02:45:22.951  trn/loss = 2.8835  
2025-02-27 02:45:22.951  trn/acc@01 = 0.3022  
2025-02-27 02:45:22.951  trn/acc@05 = 0.6043  
2025-02-27 02:45:22.951  trn/acc@10 = 0.7326  
2025-02-27 02:45:22.951  trn/acc@20 = 0.8674  
2025-02-27 02:45:22.951  
  
2025-02-27 02:45:22.978  
  
2025-02-27 02:45:22.978  [VAL_FINETUNE_DTVU_STEPS_1] epoch_42  
2025-02-27 02:45:22.978  =============================================  
2025-02-27 02:45:22.978  val_finetune_dtvu_steps_1/loss = 2.8078  
2025-02-27 02:45:22.978  val_finetune_dtvu_steps_1/acc@01 = 0.3000  
2025-02-27 02:45:22.978  val_finetune_dtvu_steps_1/acc@05 = 0.8000  
2025-02-27 02:45:22.978  val_finetune_dtvu_steps_1/acc@10 = 0.8500  
2025-02-27 02:45:22.978  val_finetune_dtvu_steps_1/acc@20 = 0.9000  
2025-02-27 02:45:22.978  
  
2025-02-27 02:45:23.030  
  
2025-02-27 02:45:23.030  [VAL_FINETUNE_DTVU_STEPS_3] epoch_42  
2025-02-27 02:45:23.030  =============================================  
2025-02-27 02:45:23.030  val_finetune_dtvu_steps_3/loss = 2.9462  
2025-02-27 02:45:23.030  val_finetune_dtvu_steps_3/acc@01 = 0.3167  
2025-02-27 02:45:23.030  val_finetune_dtvu_steps_3/acc@05 = 0.7167  
2025-02-27 02:45:23.030  val_finetune_dtvu_steps_3/acc@10 = 0.7833  
2025-02-27 02:45:23.030  val_finetune_dtvu_steps_3/acc@20 = 0.8167  
2025-02-27 02:45:23.030  
  
2025-02-27 02:45:23.386  
  
2025-02-27 02:45:23.386  [TRN] epoch_43  
2025-02-27 02:45:23.386  =============================================  
2025-02-27 02:45:23.386  trn/loss = 2.6464  
2025-02-27 02:45:23.386  trn/acc@01 = 0.3664  
2025-02-27 02:45:23.386  trn/acc@05 = 0.6411  
2025-02-27 02:45:23.386  trn/acc@10 = 0.7813  
2025-02-27 02:45:23.386  trn/acc@20 = 0.8897  
2025-02-27 02:45:23.386  
  
2025-02-27 02:45:23.430  
  
2025-02-27 02:45:23.430  [VAL_FINETUNE_DTVU_STEPS_1] epoch_43  
2025-02-27 02:45:23.430  =============================================  
2025-02-27 02:45:23.430  val_finetune_dtvu_steps_1/loss = 2.8606  
2025-02-27 02:45:23.430  val_finetune_dtvu_steps_1/acc@01 = 0.3000  
2025-02-27 02:45:23.430  val_finetune_dtvu_steps_1/acc@05 = 0.7500  
2025-02-27 02:45:23.430  val_finetune_dtvu_steps_1/acc@10 = 0.8000  
2025-02-27 02:45:23.430  val_finetune_dtvu_steps_1/acc@20 = 0.8500  
2025-02-27 02:45:23.430  
  
2025-02-27 02:45:23.464  
  
2025-02-27 02:45:23.464  [VAL_FINETUNE_DTVU_STEPS_3] epoch_43  
2025-02-27 02:45:23.464  =============================================  
2025-02-27 02:45:23.464  val_finetune_dtvu_steps_3/loss = 2.9678  
2025-02-27 02:45:23.464  val_finetune_dtvu_steps_3/acc@01 = 0.3000  
2025-02-27 02:45:23.464  val_finetune_dtvu_steps_3/acc@05 = 0.6833  
2025-02-27 02:45:23.464  val_finetune_dtvu_steps_3/acc@10 = 0.7667  
2025-02-27 02:45:23.464  val_finetune_dtvu_steps_3/acc@20 = 0.7833  
2025-02-27 02:45:23.470  
  
2025-02-27 02:45:23.809  
  
2025-02-27 02:45:23.809  [TRN] epoch_44  
2025-02-27 02:45:23.809  =============================================  
2025-02-27 02:45:23.809  trn/loss = 2.8170  
2025-02-27 02:45:23.809  trn/acc@01 = 0.3107  
2025-02-27 02:45:23.809  trn/acc@05 = 0.5981  
2025-02-27 02:45:23.809  trn/acc@10 = 0.7282  
2025-02-27 02:45:23.809  trn/acc@20 = 0.8699  
2025-02-27 02:45:23.809  
  
2025-02-27 02:45:23.841  
  
2025-02-27 02:45:23.841  [VAL_FINETUNE_DTVU_STEPS_1] epoch_44  
2025-02-27 02:45:23.841  =============================================  
2025-02-27 02:45:23.841  val_finetune_dtvu_steps_1/loss = 2.8989  
2025-02-27 02:45:23.841  val_finetune_dtvu_steps_1/acc@01 = 0.3000  
2025-02-27 02:45:23.841  val_finetune_dtvu_steps_1/acc@05 = 0.7000  
2025-02-27 02:45:23.841  val_finetune_dtvu_steps_1/acc@10 = 0.8500  
2025-02-27 02:45:23.841  val_finetune_dtvu_steps_1/acc@20 = 0.8500  
2025-02-27 02:45:23.841  
  
2025-02-27 02:45:23.897  
  
2025-02-27 02:45:23.897  [VAL_FINETUNE_DTVU_STEPS_3] epoch_44  
2025-02-27 02:45:23.897  =============================================  
2025-02-27 02:45:23.897  val_finetune_dtvu_steps_3/loss = 2.9673  
2025-02-27 02:45:23.897  val_finetune_dtvu_steps_3/acc@01 = 0.3000  
2025-02-27 02:45:23.897  val_finetune_dtvu_steps_3/acc@05 = 0.6667  
2025-02-27 02:45:23.897  val_finetune_dtvu_steps_3/acc@10 = 0.7833  
2025-02-27 02:45:23.897  val_finetune_dtvu_steps_3/acc@20 = 0.7833  
2025-02-27 02:45:23.897  
  
2025-02-27 02:45:24.256  
  
2025-02-27 02:45:24.256  [TRN] epoch_45  
2025-02-27 02:45:24.256  =============================================  
2025-02-27 02:45:24.256  trn/loss = 2.7855  
2025-02-27 02:45:24.256  trn/acc@01 = 0.3135  
2025-02-27 02:45:24.256  trn/acc@05 = 0.6154  
2025-02-27 02:45:24.256  trn/acc@10 = 0.7538  
2025-02-27 02:45:24.256  trn/acc@20 = 0.8808  
2025-02-27 02:45:24.256  
  
2025-02-27 02:45:24.299  
  
2025-02-27 02:45:24.299  [VAL_FINETUNE_DTVU_STEPS_1] epoch_45  
2025-02-27 02:45:24.299  =============================================  
2025-02-27 02:45:24.299  val_finetune_dtvu_steps_1/loss = 2.8852  
2025-02-27 02:45:24.299  val_finetune_dtvu_steps_1/acc@01 = 0.3000  
2025-02-27 02:45:24.299  val_finetune_dtvu_steps_1/acc@05 = 0.7000  
2025-02-27 02:45:24.299  val_finetune_dtvu_steps_1/acc@10 = 0.8000  
2025-02-27 02:45:24.299  val_finetune_dtvu_steps_1/acc@20 = 0.8500  
2025-02-27 02:45:24.299  
  
2025-02-27 02:45:24.331  
  
2025-02-27 02:45:24.331  [VAL_FINETUNE_DTVU_STEPS_3] epoch_45  
2025-02-27 02:45:24.331  =============================================  
2025-02-27 02:45:24.331  val_finetune_dtvu_steps_3/loss = 3.0115  
2025-02-27 02:45:24.331  val_finetune_dtvu_steps_3/acc@01 = 0.3000  
2025-02-27 02:45:24.331  val_finetune_dtvu_steps_3/acc@05 = 0.6667  
2025-02-27 02:45:24.331  val_finetune_dtvu_steps_3/acc@10 = 0.7500  
2025-02-27 02:45:24.331  val_finetune_dtvu_steps_3/acc@20 = 0.7833  
2025-02-27 02:45:24.331  
  
2025-02-27 02:45:24.716  
  
2025-02-27 02:45:24.716  [TRN] epoch_46  
2025-02-27 02:45:24.716  =============================================  
2025-02-27 02:45:24.716  trn/loss = 2.6485  
2025-02-27 02:45:24.716  trn/acc@01 = 0.3696  
2025-02-27 02:45:24.716  trn/acc@05 = 0.6411  
2025-02-27 02:45:24.716  trn/acc@10 = 0.7679  
2025-02-27 02:45:24.716  trn/acc@20 = 0.8696  
2025-02-27 02:45:24.716  
  
2025-02-27 02:45:24.750  
  
2025-02-27 02:45:24.750  [VAL_FINETUNE_DTVU_STEPS_1] epoch_46  
2025-02-27 02:45:24.750  =============================================  
2025-02-27 02:45:24.750  val_finetune_dtvu_steps_1/loss = 2.8559  
2025-02-27 02:45:24.750  val_finetune_dtvu_steps_1/acc@01 = 0.3000  
2025-02-27 02:45:24.750  val_finetune_dtvu_steps_1/acc@05 = 0.7500  
2025-02-27 02:45:24.750  val_finetune_dtvu_steps_1/acc@10 = 0.8500  
2025-02-27 02:45:24.750  val_finetune_dtvu_steps_1/acc@20 = 0.8500  
2025-02-27 02:45:24.750  
  
2025-02-27 02:45:24.788  
  
2025-02-27 02:45:24.788  [VAL_FINETUNE_DTVU_STEPS_3] epoch_46  
2025-02-27 02:45:24.788  =============================================  
2025-02-27 02:45:24.788  val_finetune_dtvu_steps_3/loss = 2.9577  
2025-02-27 02:45:24.788  val_finetune_dtvu_steps_3/acc@01 = 0.3333  
2025-02-27 02:45:24.788  val_finetune_dtvu_steps_3/acc@05 = 0.6833  
2025-02-27 02:45:24.788  val_finetune_dtvu_steps_3/acc@10 = 0.7833  
2025-02-27 02:45:24.788  val_finetune_dtvu_steps_3/acc@20 = 0.7833  
2025-02-27 02:45:24.788  
  
2025-02-27 02:45:25.137  
  
2025-02-27 02:45:25.137  [TRN] epoch_47  
2025-02-27 02:45:25.137  =============================================  
2025-02-27 02:45:25.137  trn/loss = 2.6705  
2025-02-27 02:45:25.137  trn/acc@01 = 0.3426  
2025-02-27 02:45:25.137  trn/acc@05 = 0.6319  
2025-02-27 02:45:25.137  trn/acc@10 = 0.7532  
2025-02-27 02:45:25.137  trn/acc@20 = 0.8681  
2025-02-27 02:45:25.137  
  
2025-02-27 02:45:25.185  
  
2025-02-27 02:45:25.185  [VAL_FINETUNE_DTVU_STEPS_1] epoch_47  
2025-02-27 02:45:25.185  =============================================  
2025-02-27 02:45:25.185  val_finetune_dtvu_steps_1/loss = 2.8577  
2025-02-27 02:45:25.185  val_finetune_dtvu_steps_1/acc@01 = 0.3000  
2025-02-27 02:45:25.185  val_finetune_dtvu_steps_1/acc@05 = 0.7000  
2025-02-27 02:45:25.185  val_finetune_dtvu_steps_1/acc@10 = 0.8500  
2025-02-27 02:45:25.185  val_finetune_dtvu_steps_1/acc@20 = 0.8500  
2025-02-27 02:45:25.185  
  
2025-02-27 02:45:25.216  
  
2025-02-27 02:45:25.216  [VAL_FINETUNE_DTVU_STEPS_3] epoch_47  
2025-02-27 02:45:25.216  =============================================  
2025-02-27 02:45:25.216  val_finetune_dtvu_steps_3/loss = 2.9619  
2025-02-27 02:45:25.216  val_finetune_dtvu_steps_3/acc@01 = 0.3333  
2025-02-27 02:45:25.216  val_finetune_dtvu_steps_3/acc@05 = 0.6667  
2025-02-27 02:45:25.216  val_finetune_dtvu_steps_3/acc@10 = 0.7833  
2025-02-27 02:45:25.216  val_finetune_dtvu_steps_3/acc@20 = 0.7833  
2025-02-27 02:45:25.216  
  
2025-02-27 02:45:25.552  
  
2025-02-27 02:45:25.552  [TRN] epoch_48  
2025-02-27 02:45:25.552  =============================================  
2025-02-27 02:45:25.552  trn/loss = 2.9311  
2025-02-27 02:45:25.552  trn/acc@01 = 0.3156  
2025-02-27 02:45:25.552  trn/acc@05 = 0.5908  
2025-02-27 02:45:25.552  trn/acc@10 = 0.7266  
2025-02-27 02:45:25.552  trn/acc@20 = 0.8514  
2025-02-27 02:45:25.552  
  
2025-02-27 02:45:25.592  
  
2025-02-27 02:45:25.592  [VAL_FINETUNE_DTVU_STEPS_1] epoch_48  
2025-02-27 02:45:25.592  =============================================  
2025-02-27 02:45:25.592  val_finetune_dtvu_steps_1/loss = 2.7565  
2025-02-27 02:45:25.592  val_finetune_dtvu_steps_1/acc@01 = 0.3000  
2025-02-27 02:45:25.592  val_finetune_dtvu_steps_1/acc@05 = 0.7500  
2025-02-27 02:45:25.592  val_finetune_dtvu_steps_1/acc@10 = 0.8500  
2025-02-27 02:45:25.592  val_finetune_dtvu_steps_1/acc@20 = 0.9000  
2025-02-27 02:45:25.592  
  
2025-02-27 02:45:25.629  
  
2025-02-27 02:45:25.629  [VAL_FINETUNE_DTVU_STEPS_3] epoch_48  
2025-02-27 02:45:25.629  =============================================  
2025-02-27 02:45:25.629  val_finetune_dtvu_steps_3/loss = 2.9814  
2025-02-27 02:45:25.629  val_finetune_dtvu_steps_3/acc@01 = 0.3000  
2025-02-27 02:45:25.629  val_finetune_dtvu_steps_3/acc@05 = 0.7167  
2025-02-27 02:45:25.629  val_finetune_dtvu_steps_3/acc@10 = 0.8000  
2025-02-27 02:45:25.629  val_finetune_dtvu_steps_3/acc@20 = 0.8167  
2025-02-27 02:45:25.629  
  
2025-02-27 02:45:25.943  
  
2025-02-27 02:45:25.958  [TRN] epoch_49  
2025-02-27 02:45:25.958  =============================================  
2025-02-27 02:45:25.958  trn/loss = 2.5527  
2025-02-27 02:45:25.958  trn/acc@01 = 0.3609  
2025-02-27 02:45:25.958  trn/acc@05 = 0.6326  
2025-02-27 02:45:25.958  trn/acc@10 = 0.7696  
2025-02-27 02:45:25.958  trn/acc@20 = 0.8935  
2025-02-27 02:45:25.958  
  
2025-02-27 02:45:25.991  
  
2025-02-27 02:45:25.991  [VAL_FINETUNE_DTVU_STEPS_1] epoch_49  
2025-02-27 02:45:25.991  =============================================  
2025-02-27 02:45:25.991  val_finetune_dtvu_steps_1/loss = 2.6778  
2025-02-27 02:45:25.991  val_finetune_dtvu_steps_1/acc@01 = 0.3500  
2025-02-27 02:45:25.991  val_finetune_dtvu_steps_1/acc@05 = 0.7500  
2025-02-27 02:45:25.991  val_finetune_dtvu_steps_1/acc@10 = 0.8000  
2025-02-27 02:45:25.991  val_finetune_dtvu_steps_1/acc@20 = 0.9000  
2025-02-27 02:45:25.991  
  
2025-02-27 02:45:26.037  
  
2025-02-27 02:45:26.037  [VAL_FINETUNE_DTVU_STEPS_3] epoch_49  
2025-02-27 02:45:26.037  =============================================  
2025-02-27 02:45:26.037  val_finetune_dtvu_steps_3/loss = 2.9178  
2025-02-27 02:45:26.037  val_finetune_dtvu_steps_3/acc@01 = 0.3000  
2025-02-27 02:45:26.037  val_finetune_dtvu_steps_3/acc@05 = 0.6833  
2025-02-27 02:45:26.037  val_finetune_dtvu_steps_3/acc@10 = 0.7667  
2025-02-27 02:45:26.037  val_finetune_dtvu_steps_3/acc@20 = 0.8167  
2025-02-27 02:45:26.037  
  
2025-02-27 02:45:26.335  
  
2025-02-27 02:45:26.335  [TRN] epoch_50  
2025-02-27 02:45:26.335  =============================================  
2025-02-27 02:45:26.335  trn/loss = 2.8206  
2025-02-27 02:45:26.335  trn/acc@01 = 0.2961  
2025-02-27 02:45:26.335  trn/acc@05 = 0.5882  
2025-02-27 02:45:26.335  trn/acc@10 = 0.7235  
2025-02-27 02:45:26.335  trn/acc@20 = 0.8824  
2025-02-27 02:45:26.335  
  
2025-02-27 02:45:26.373  
  
2025-02-27 02:45:26.373  [VAL_FINETUNE_DTVU_STEPS_1] epoch_50  
2025-02-27 02:45:26.373  =============================================  
2025-02-27 02:45:26.373  val_finetune_dtvu_steps_1/loss = 2.9041  
2025-02-27 02:45:26.373  val_finetune_dtvu_steps_1/acc@01 = 0.3500  
2025-02-27 02:45:26.373  val_finetune_dtvu_steps_1/acc@05 = 0.6500  
2025-02-27 02:45:26.373  val_finetune_dtvu_steps_1/acc@10 = 0.8500  
2025-02-27 02:45:26.373  val_finetune_dtvu_steps_1/acc@20 = 0.9000  
2025-02-27 02:45:26.373  
  
2025-02-27 02:45:26.416  
  
2025-02-27 02:45:26.416  [VAL_FINETUNE_DTVU_STEPS_3] epoch_50  
2025-02-27 02:45:26.416  =============================================  
2025-02-27 02:45:26.416  val_finetune_dtvu_steps_3/loss = 2.9822  
2025-02-27 02:45:26.416  val_finetune_dtvu_steps_3/acc@01 = 0.3333  
2025-02-27 02:45:26.416  val_finetune_dtvu_steps_3/acc@05 = 0.7000  
2025-02-27 02:45:26.416  val_finetune_dtvu_steps_3/acc@10 = 0.7833  
2025-02-27 02:45:26.416  val_finetune_dtvu_steps_3/acc@20 = 0.8167  
2025-02-27 02:45:26.416  
  
2025-02-27 02:45:26.716  
  
2025-02-27 02:45:26.716  [TRN] epoch_51  
2025-02-27 02:45:26.716  =============================================  
2025-02-27 02:45:26.716  trn/loss = 2.8249  
2025-02-27 02:45:26.716  trn/acc@01 = 0.3074  
2025-02-27 02:45:26.716  trn/acc@05 = 0.5926  
2025-02-27 02:45:26.716  trn/acc@10 = 0.7315  
2025-02-27 02:45:26.716  trn/acc@20 = 0.8704  
2025-02-27 02:45:26.716  
  
2025-02-27 02:45:26.759  
  
2025-02-27 02:45:26.759  [VAL_FINETUNE_DTVU_STEPS_1] epoch_51  
2025-02-27 02:45:26.759  =============================================  
2025-02-27 02:45:26.759  val_finetune_dtvu_steps_1/loss = 2.7900  
2025-02-27 02:45:26.759  val_finetune_dtvu_steps_1/acc@01 = 0.3500  
2025-02-27 02:45:26.759  val_finetune_dtvu_steps_1/acc@05 = 0.7000  
2025-02-27 02:45:26.759  val_finetune_dtvu_steps_1/acc@10 = 0.9000  
2025-02-27 02:45:26.759  val_finetune_dtvu_steps_1/acc@20 = 0.9000  
2025-02-27 02:45:26.759  
  
2025-02-27 02:45:26.791  
  
2025-02-27 02:45:26.791  [VAL_FINETUNE_DTVU_STEPS_3] epoch_51  
2025-02-27 02:45:26.791  =============================================  
2025-02-27 02:45:26.791  val_finetune_dtvu_steps_3/loss = 2.9405  
2025-02-27 02:45:26.791  val_finetune_dtvu_steps_3/acc@01 = 0.3333  
2025-02-27 02:45:26.791  val_finetune_dtvu_steps_3/acc@05 = 0.7167  
2025-02-27 02:45:26.791  val_finetune_dtvu_steps_3/acc@10 = 0.8167  
2025-02-27 02:45:26.791  val_finetune_dtvu_steps_3/acc@20 = 0.8167  
2025-02-27 02:45:26.791  
  
2025-02-27 02:45:27.105  
  
2025-02-27 02:45:27.105  [TRN] epoch_52  
2025-02-27 02:45:27.105  =============================================  
2025-02-27 02:45:27.105  trn/loss = 2.6760  
2025-02-27 02:45:27.105  trn/acc@01 = 0.3252  
2025-02-27 02:45:27.105  trn/acc@05 = 0.6355  
2025-02-27 02:45:27.105  trn/acc@10 = 0.7626  
2025-02-27 02:45:27.105  trn/acc@20 = 0.8972  
2025-02-27 02:45:27.105  
  
2025-02-27 02:45:27.137  
  
2025-02-27 02:45:27.137  [VAL_FINETUNE_DTVU_STEPS_1] epoch_52  
2025-02-27 02:45:27.152  =============================================  
2025-02-27 02:45:27.152  val_finetune_dtvu_steps_1/loss = 2.8174  
2025-02-27 02:45:27.152  val_finetune_dtvu_steps_1/acc@01 = 0.3000  
2025-02-27 02:45:27.152  val_finetune_dtvu_steps_1/acc@05 = 0.6500  
2025-02-27 02:45:27.152  val_finetune_dtvu_steps_1/acc@10 = 0.8500  
2025-02-27 02:45:27.152  val_finetune_dtvu_steps_1/acc@20 = 0.9000  
2025-02-27 02:45:27.152  
  
2025-02-27 02:45:27.184  
  
2025-02-27 02:45:27.184  [VAL_FINETUNE_DTVU_STEPS_3] epoch_52  
2025-02-27 02:45:27.184  =============================================  
2025-02-27 02:45:27.184  val_finetune_dtvu_steps_3/loss = 2.9465  
2025-02-27 02:45:27.184  val_finetune_dtvu_steps_3/acc@01 = 0.3167  
2025-02-27 02:45:27.184  val_finetune_dtvu_steps_3/acc@05 = 0.6833  
2025-02-27 02:45:27.184  val_finetune_dtvu_steps_3/acc@10 = 0.8000  
2025-02-27 02:45:27.184  val_finetune_dtvu_steps_3/acc@20 = 0.8167  
2025-02-27 02:45:27.184  
  
2025-02-27 02:45:27.482  
  
2025-02-27 02:45:27.482  [TRN] epoch_53  
2025-02-27 02:45:27.482  =============================================  
2025-02-27 02:45:27.482  trn/loss = 2.8441  
2025-02-27 02:45:27.482  trn/acc@01 = 0.2851  
2025-02-27 02:45:27.482  trn/acc@05 = 0.5766  
2025-02-27 02:45:27.482  trn/acc@10 = 0.7723  
2025-02-27 02:45:27.482  trn/acc@20 = 0.8553  
2025-02-27 02:45:27.482  
  
2025-02-27 02:45:27.513  
  
2025-02-27 02:45:27.513  [VAL_FINETUNE_DTVU_STEPS_1] epoch_53  
2025-02-27 02:45:27.513  =============================================  
2025-02-27 02:45:27.513  val_finetune_dtvu_steps_1/loss = 2.8179  
2025-02-27 02:45:27.513  val_finetune_dtvu_steps_1/acc@01 = 0.3000  
2025-02-27 02:45:27.513  val_finetune_dtvu_steps_1/acc@05 = 0.7000  
2025-02-27 02:45:27.513  val_finetune_dtvu_steps_1/acc@10 = 0.8500  
2025-02-27 02:45:27.513  val_finetune_dtvu_steps_1/acc@20 = 0.9000  
2025-02-27 02:45:27.513  
  
2025-02-27 02:45:27.566  
  
2025-02-27 02:45:27.566  [VAL_FINETUNE_DTVU_STEPS_3] epoch_53  
2025-02-27 02:45:27.566  =============================================  
2025-02-27 02:45:27.566  val_finetune_dtvu_steps_3/loss = 2.9370  
2025-02-27 02:45:27.566  val_finetune_dtvu_steps_3/acc@01 = 0.3333  
2025-02-27 02:45:27.566  val_finetune_dtvu_steps_3/acc@05 = 0.7167  
2025-02-27 02:45:27.566  val_finetune_dtvu_steps_3/acc@10 = 0.7833  
2025-02-27 02:45:27.566  val_finetune_dtvu_steps_3/acc@20 = 0.8167  
2025-02-27 02:45:27.566  
  
2025-02-27 02:45:27.860  
  
2025-02-27 02:45:27.860  [TRN] epoch_54  
2025-02-27 02:45:27.860  =============================================  
2025-02-27 02:45:27.860  trn/loss = 2.7417  
2025-02-27 02:45:27.860  trn/acc@01 = 0.3347  
2025-02-27 02:45:27.860  trn/acc@05 = 0.6416  
2025-02-27 02:45:27.860  trn/acc@10 = 0.7624  
2025-02-27 02:45:27.860  trn/acc@20 = 0.8574  
2025-02-27 02:45:27.860  
  
2025-02-27 02:45:27.891  
  
2025-02-27 02:45:27.891  [VAL_FINETUNE_DTVU_STEPS_1] epoch_54  
2025-02-27 02:45:27.891  =============================================  
2025-02-27 02:45:27.891  val_finetune_dtvu_steps_1/loss = 2.8425  
2025-02-27 02:45:27.891  val_finetune_dtvu_steps_1/acc@01 = 0.3500  
2025-02-27 02:45:27.891  val_finetune_dtvu_steps_1/acc@05 = 0.7000  
2025-02-27 02:45:27.891  val_finetune_dtvu_steps_1/acc@10 = 0.8500  
2025-02-27 02:45:27.891  val_finetune_dtvu_steps_1/acc@20 = 0.9000  
2025-02-27 02:45:27.891  
  
2025-02-27 02:45:27.922  
  
2025-02-27 02:45:27.922  [VAL_FINETUNE_DTVU_STEPS_3] epoch_54  
2025-02-27 02:45:27.922  =============================================  
2025-02-27 02:45:27.922  val_finetune_dtvu_steps_3/loss = 2.9961  
2025-02-27 02:45:27.922  val_finetune_dtvu_steps_3/acc@01 = 0.3167  
2025-02-27 02:45:27.922  val_finetune_dtvu_steps_3/acc@05 = 0.7000  
2025-02-27 02:45:27.922  val_finetune_dtvu_steps_3/acc@10 = 0.7833  
2025-02-27 02:45:27.922  val_finetune_dtvu_steps_3/acc@20 = 0.8167  
2025-02-27 02:45:27.922  
  
2025-02-27 02:45:28.220  
  
2025-02-27 02:45:28.220  [TRN] epoch_55  
2025-02-27 02:45:28.220  =============================================  
2025-02-27 02:45:28.220  trn/loss = 2.6692  
2025-02-27 02:45:28.220  trn/acc@01 = 0.3455  
2025-02-27 02:45:28.220  trn/acc@05 = 0.6227  
2025-02-27 02:45:28.220  trn/acc@10 = 0.7273  
2025-02-27 02:45:28.220  trn/acc@20 = 0.8682  
2025-02-27 02:45:28.220  
  
2025-02-27 02:45:28.252  
  
2025-02-27 02:45:28.252  [VAL_FINETUNE_DTVU_STEPS_1] epoch_55  
2025-02-27 02:45:28.252  =============================================  
2025-02-27 02:45:28.252  val_finetune_dtvu_steps_1/loss = 2.8310  
2025-02-27 02:45:28.252  val_finetune_dtvu_steps_1/acc@01 = 0.3500  
2025-02-27 02:45:28.252  val_finetune_dtvu_steps_1/acc@05 = 0.7000  
2025-02-27 02:45:28.252  val_finetune_dtvu_steps_1/acc@10 = 0.8500  
2025-02-27 02:45:28.252  val_finetune_dtvu_steps_1/acc@20 = 0.9000  
2025-02-27 02:45:28.252  
  
2025-02-27 02:45:28.299  
  
2025-02-27 02:45:28.299  [VAL_FINETUNE_DTVU_STEPS_3] epoch_55  
2025-02-27 02:45:28.299  =============================================  
2025-02-27 02:45:28.299  val_finetune_dtvu_steps_3/loss = 2.9909  
2025-02-27 02:45:28.299  val_finetune_dtvu_steps_3/acc@01 = 0.3167  
2025-02-27 02:45:28.299  val_finetune_dtvu_steps_3/acc@05 = 0.7000  
2025-02-27 02:45:28.299  val_finetune_dtvu_steps_3/acc@10 = 0.7833  
2025-02-27 02:45:28.299  val_finetune_dtvu_steps_3/acc@20 = 0.8167  
2025-02-27 02:45:28.299  
  
2025-02-27 02:45:28.582  
  
2025-02-27 02:45:28.582  [TRN] epoch_56  
2025-02-27 02:45:28.582  =============================================  
2025-02-27 02:45:28.582  trn/loss = 2.5059  
2025-02-27 02:45:28.582  trn/acc@01 = 0.3696  
2025-02-27 02:45:28.582  trn/acc@05 = 0.6891  
2025-02-27 02:45:28.582  trn/acc@10 = 0.7978  
2025-02-27 02:45:28.582  trn/acc@20 = 0.9043  
2025-02-27 02:45:28.582  
  
2025-02-27 02:45:28.613  
  
2025-02-27 02:45:28.613  [VAL_FINETUNE_DTVU_STEPS_1] epoch_56  
2025-02-27 02:45:28.613  =============================================  
2025-02-27 02:45:28.613  val_finetune_dtvu_steps_1/loss = 2.8458  
2025-02-27 02:45:28.613  val_finetune_dtvu_steps_1/acc@01 = 0.3000  
2025-02-27 02:45:28.613  val_finetune_dtvu_steps_1/acc@05 = 0.6500  
2025-02-27 02:45:28.613  val_finetune_dtvu_steps_1/acc@10 = 0.8500  
2025-02-27 02:45:28.613  val_finetune_dtvu_steps_1/acc@20 = 0.9000  
2025-02-27 02:45:28.613  
  
2025-02-27 02:45:28.659  
  
2025-02-27 02:45:28.660  [VAL_FINETUNE_DTVU_STEPS_3] epoch_56  
2025-02-27 02:45:28.660  =============================================  
2025-02-27 02:45:28.660  val_finetune_dtvu_steps_3/loss = 2.9707  
2025-02-27 02:45:28.660  val_finetune_dtvu_steps_3/acc@01 = 0.3000  
2025-02-27 02:45:28.660  val_finetune_dtvu_steps_3/acc@05 = 0.6667  
2025-02-27 02:45:28.660  val_finetune_dtvu_steps_3/acc@10 = 0.8000  
2025-02-27 02:45:28.660  val_finetune_dtvu_steps_3/acc@20 = 0.8333  
2025-02-27 02:45:28.660  
  
2025-02-27 02:45:28.956  
  
2025-02-27 02:45:28.956  [TRN] epoch_57  
2025-02-27 02:45:28.956  =============================================  
2025-02-27 02:45:28.956  trn/loss = 2.6420  
2025-02-27 02:45:28.956  trn/acc@01 = 0.3688  
2025-02-27 02:45:28.956  trn/acc@05 = 0.6312  
2025-02-27 02:45:28.956  trn/acc@10 = 0.7479  
2025-02-27 02:45:28.956  trn/acc@20 = 0.8812  
2025-02-27 02:45:28.956  
  
2025-02-27 02:45:28.991  
  
2025-02-27 02:45:28.991  [VAL_FINETUNE_DTVU_STEPS_1] epoch_57  
2025-02-27 02:45:28.991  =============================================  
2025-02-27 02:45:28.991  val_finetune_dtvu_steps_1/loss = 2.6439  
2025-02-27 02:45:28.991  val_finetune_dtvu_steps_1/acc@01 = 0.3500  
2025-02-27 02:45:28.991  val_finetune_dtvu_steps_1/acc@05 = 0.7500  
2025-02-27 02:45:28.991  val_finetune_dtvu_steps_1/acc@10 = 0.8000  
2025-02-27 02:45:28.991  val_finetune_dtvu_steps_1/acc@20 = 0.9000  
2025-02-27 02:45:28.991  
  
2025-02-27 02:45:29.022  
  
2025-02-27 02:45:29.022  [VAL_FINETUNE_DTVU_STEPS_3] epoch_57  
2025-02-27 02:45:29.022  =============================================  
2025-02-27 02:45:29.022  val_finetune_dtvu_steps_3/loss = 3.1082  
2025-02-27 02:45:29.022  val_finetune_dtvu_steps_3/acc@01 = 0.3000  
2025-02-27 02:45:29.022  val_finetune_dtvu_steps_3/acc@05 = 0.6833  
2025-02-27 02:45:29.022  val_finetune_dtvu_steps_3/acc@10 = 0.7667  
2025-02-27 02:45:29.022  val_finetune_dtvu_steps_3/acc@20 = 0.8167  
2025-02-27 02:45:29.022  
  
2025-02-27 02:45:29.320  
  
2025-02-27 02:45:29.320  [TRN] epoch_58  
2025-02-27 02:45:29.320  =============================================  
2025-02-27 02:45:29.320  trn/loss = 2.7385  
2025-02-27 02:45:29.320  trn/acc@01 = 0.2970  
2025-02-27 02:45:29.320  trn/acc@05 = 0.6040  
2025-02-27 02:45:29.320  trn/acc@10 = 0.7394  
2025-02-27 02:45:29.320  trn/acc@20 = 0.8747  
2025-02-27 02:45:29.320  
  
2025-02-27 02:45:29.359  
  
2025-02-27 02:45:29.359  [VAL_FINETUNE_DTVU_STEPS_1] epoch_58  
2025-02-27 02:45:29.359  =============================================  
2025-02-27 02:45:29.359  val_finetune_dtvu_steps_1/loss = 2.9960  
2025-02-27 02:45:29.359  val_finetune_dtvu_steps_1/acc@01 = 0.2500  
2025-02-27 02:45:29.359  val_finetune_dtvu_steps_1/acc@05 = 0.6500  
2025-02-27 02:45:29.359  val_finetune_dtvu_steps_1/acc@10 = 0.8000  
2025-02-27 02:45:29.359  val_finetune_dtvu_steps_1/acc@20 = 0.8500  
2025-02-27 02:45:29.359  
  
2025-02-27 02:45:29.382  
  
2025-02-27 02:45:29.382  [VAL_FINETUNE_DTVU_STEPS_3] epoch_58  
2025-02-27 02:45:29.382  =============================================  
2025-02-27 02:45:29.382  val_finetune_dtvu_steps_3/loss = 3.0429  
2025-02-27 02:45:29.382  val_finetune_dtvu_steps_3/acc@01 = 0.3500  
2025-02-27 02:45:29.398  val_finetune_dtvu_steps_3/acc@05 = 0.6667  
2025-02-27 02:45:29.398  val_finetune_dtvu_steps_3/acc@10 = 0.7333  
2025-02-27 02:45:29.398  val_finetune_dtvu_steps_3/acc@20 = 0.8167  
2025-02-27 02:45:29.398  
  
2025-02-27 02:45:29.697  
  
2025-02-27 02:45:29.697  [TRN] epoch_59  
2025-02-27 02:45:29.697  =============================================  
2025-02-27 02:45:29.697  trn/loss = 2.6477  
2025-02-27 02:45:29.697  trn/acc@01 = 0.3460  
2025-02-27 02:45:29.697  trn/acc@05 = 0.6460  
2025-02-27 02:45:29.697  trn/acc@10 = 0.7660  
2025-02-27 02:45:29.697  trn/acc@20 = 0.8740  
2025-02-27 02:45:29.697  
  
2025-02-27 02:45:29.732  
  
2025-02-27 02:45:29.732  [VAL_FINETUNE_DTVU_STEPS_1] epoch_59  
2025-02-27 02:45:29.732  =============================================  
2025-02-27 02:45:29.732  val_finetune_dtvu_steps_1/loss = 2.8595  
2025-02-27 02:45:29.732  val_finetune_dtvu_steps_1/acc@01 = 0.3000  
2025-02-27 02:45:29.732  val_finetune_dtvu_steps_1/acc@05 = 0.7000  
2025-02-27 02:45:29.732  val_finetune_dtvu_steps_1/acc@10 = 0.8500  
2025-02-27 02:45:29.732  val_finetune_dtvu_steps_1/acc@20 = 0.8500  
2025-02-27 02:45:29.732  
  
2025-02-27 02:45:29.775  
  
2025-02-27 02:45:29.775  [VAL_FINETUNE_DTVU_STEPS_3] epoch_59  
2025-02-27 02:45:29.775  =============================================  
2025-02-27 02:45:29.775  val_finetune_dtvu_steps_3/loss = 2.9943  
2025-02-27 02:45:29.775  val_finetune_dtvu_steps_3/acc@01 = 0.3167  
2025-02-27 02:45:29.775  val_finetune_dtvu_steps_3/acc@05 = 0.7000  
2025-02-27 02:45:29.775  val_finetune_dtvu_steps_3/acc@10 = 0.7667  
2025-02-27 02:45:29.775  val_finetune_dtvu_steps_3/acc@20 = 0.7833  
2025-02-27 02:45:29.775  
  
2025-02-27 02:45:30.057  
  
2025-02-27 02:45:30.057  [TRN] epoch_60  
2025-02-27 02:45:30.057  =============================================  
2025-02-27 02:45:30.057  trn/loss = 2.5419  
2025-02-27 02:45:30.057  trn/acc@01 = 0.3392  
2025-02-27 02:45:30.057  trn/acc@05 = 0.6569  
2025-02-27 02:45:30.057  trn/acc@10 = 0.7784  
2025-02-27 02:45:30.057  trn/acc@20 = 0.8824  
2025-02-27 02:45:30.057  
  
2025-02-27 02:45:30.109  
  
2025-02-27 02:45:30.109  [VAL_FINETUNE_DTVU_STEPS_1] epoch_60  
2025-02-27 02:45:30.109  =============================================  
2025-02-27 02:45:30.109  val_finetune_dtvu_steps_1/loss = 2.8215  
2025-02-27 02:45:30.109  val_finetune_dtvu_steps_1/acc@01 = 0.3000  
2025-02-27 02:45:30.109  val_finetune_dtvu_steps_1/acc@05 = 0.7500  
2025-02-27 02:45:30.109  val_finetune_dtvu_steps_1/acc@10 = 0.8000  
2025-02-27 02:45:30.109  val_finetune_dtvu_steps_1/acc@20 = 0.8500  
2025-02-27 02:45:30.109  
  
2025-02-27 02:45:30.135  
  
2025-02-27 02:45:30.135  [VAL_FINETUNE_DTVU_STEPS_3] epoch_60  
2025-02-27 02:45:30.135  =============================================  
2025-02-27 02:45:30.135  val_finetune_dtvu_steps_3/loss = 2.9467  
2025-02-27 02:45:30.135  val_finetune_dtvu_steps_3/acc@01 = 0.3333  
2025-02-27 02:45:30.135  val_finetune_dtvu_steps_3/acc@05 = 0.7167  
2025-02-27 02:45:30.135  val_finetune_dtvu_steps_3/acc@10 = 0.7667  
2025-02-27 02:45:30.135  val_finetune_dtvu_steps_3/acc@20 = 0.7833  
2025-02-27 02:45:30.135  
  
2025-02-27 02:45:30.433  
  
2025-02-27 02:45:30.433  [TRN] epoch_61  
2025-02-27 02:45:30.433  =============================================  
2025-02-27 02:45:30.433  trn/loss = 2.5290  
2025-02-27 02:45:30.433  trn/acc@01 = 0.3284  
2025-02-27 02:45:30.433  trn/acc@05 = 0.6821  
2025-02-27 02:45:30.433  trn/acc@10 = 0.7789  
2025-02-27 02:45:30.433  trn/acc@20 = 0.8821  
2025-02-27 02:45:30.433  
  
2025-02-27 02:45:30.480  
  
2025-02-27 02:45:30.480  [VAL_FINETUNE_DTVU_STEPS_1] epoch_61  
2025-02-27 02:45:30.480  =============================================  
2025-02-27 02:45:30.480  val_finetune_dtvu_steps_1/loss = 2.8742  
2025-02-27 02:45:30.480  val_finetune_dtvu_steps_1/acc@01 = 0.3000  
2025-02-27 02:45:30.480  val_finetune_dtvu_steps_1/acc@05 = 0.7500  
2025-02-27 02:45:30.480  val_finetune_dtvu_steps_1/acc@10 = 0.8500  
2025-02-27 02:45:30.480  val_finetune_dtvu_steps_1/acc@20 = 0.8500  
2025-02-27 02:45:30.480  
  
2025-02-27 02:45:30.511  
  
2025-02-27 02:45:30.511  [VAL_FINETUNE_DTVU_STEPS_3] epoch_61  
2025-02-27 02:45:30.511  =============================================  
2025-02-27 02:45:30.511  val_finetune_dtvu_steps_3/loss = 3.0165  
2025-02-27 02:45:30.511  val_finetune_dtvu_steps_3/acc@01 = 0.3333  
2025-02-27 02:45:30.511  val_finetune_dtvu_steps_3/acc@05 = 0.7167  
2025-02-27 02:45:30.511  val_finetune_dtvu_steps_3/acc@10 = 0.7833  
2025-02-27 02:45:30.511  val_finetune_dtvu_steps_3/acc@20 = 0.7833  
2025-02-27 02:45:30.511  
  
2025-02-27 02:45:30.812  
  
2025-02-27 02:45:30.812  [TRN] epoch_62  
2025-02-27 02:45:30.812  =============================================  
2025-02-27 02:45:30.812  trn/loss = 2.4966  
2025-02-27 02:45:30.812  trn/acc@01 = 0.3600  
2025-02-27 02:45:30.812  trn/acc@05 = 0.6914  
2025-02-27 02:45:30.812  trn/acc@10 = 0.7924  
2025-02-27 02:45:30.812  trn/acc@20 = 0.8971  
2025-02-27 02:45:30.812  
  
2025-02-27 02:45:30.841  
  
2025-02-27 02:45:30.850  [VAL_FINETUNE_DTVU_STEPS_1] epoch_62  
2025-02-27 02:45:30.850  =============================================  
2025-02-27 02:45:30.850  val_finetune_dtvu_steps_1/loss = 2.9058  
2025-02-27 02:45:30.851  val_finetune_dtvu_steps_1/acc@01 = 0.3000  
2025-02-27 02:45:30.851  val_finetune_dtvu_steps_1/acc@05 = 0.6500  
2025-02-27 02:45:30.851  val_finetune_dtvu_steps_1/acc@10 = 0.8500  
2025-02-27 02:45:30.851  val_finetune_dtvu_steps_1/acc@20 = 0.8500  
2025-02-27 02:45:30.851  
  
2025-02-27 02:45:30.897  
  
2025-02-27 02:45:30.897  [VAL_FINETUNE_DTVU_STEPS_3] epoch_62  
2025-02-27 02:45:30.897  =============================================  
2025-02-27 02:45:30.897  val_finetune_dtvu_steps_3/loss = 3.0238  
2025-02-27 02:45:30.897  val_finetune_dtvu_steps_3/acc@01 = 0.3167  
2025-02-27 02:45:30.897  val_finetune_dtvu_steps_3/acc@05 = 0.6833  
2025-02-27 02:45:30.897  val_finetune_dtvu_steps_3/acc@10 = 0.7667  
2025-02-27 02:45:30.897  val_finetune_dtvu_steps_3/acc@20 = 0.7833  
2025-02-27 02:45:30.897  
  
2025-02-27 02:45:31.211  
  
2025-02-27 02:45:31.211  [TRN] epoch_63  
2025-02-27 02:45:31.211  =============================================  
2025-02-27 02:45:31.211  trn/loss = 2.5984  
2025-02-27 02:45:31.211  trn/acc@01 = 0.3600  
2025-02-27 02:45:31.211  trn/acc@05 = 0.6440  
2025-02-27 02:45:31.211  trn/acc@10 = 0.7800  
2025-02-27 02:45:31.211  trn/acc@20 = 0.9000  
2025-02-27 02:45:31.211  
  
2025-02-27 02:45:31.251  
  
2025-02-27 02:45:31.251  [VAL_FINETUNE_DTVU_STEPS_1] epoch_63  
2025-02-27 02:45:31.251  =============================================  
2025-02-27 02:45:31.251  val_finetune_dtvu_steps_1/loss = 2.9066  
2025-02-27 02:45:31.251  val_finetune_dtvu_steps_1/acc@01 = 0.3000  
2025-02-27 02:45:31.251  val_finetune_dtvu_steps_1/acc@05 = 0.6500  
2025-02-27 02:45:31.251  val_finetune_dtvu_steps_1/acc@10 = 0.8500  
2025-02-27 02:45:31.251  val_finetune_dtvu_steps_1/acc@20 = 0.8500  
2025-02-27 02:45:31.251  
  
2025-02-27 02:45:31.283  
  
2025-02-27 02:45:31.283  [VAL_FINETUNE_DTVU_STEPS_3] epoch_63  
2025-02-27 02:45:31.283  =============================================  
2025-02-27 02:45:31.283  val_finetune_dtvu_steps_3/loss = 3.0310  
2025-02-27 02:45:31.283  val_finetune_dtvu_steps_3/acc@01 = 0.3167  
2025-02-27 02:45:31.283  val_finetune_dtvu_steps_3/acc@05 = 0.6667  
2025-02-27 02:45:31.283  val_finetune_dtvu_steps_3/acc@10 = 0.7667  
2025-02-27 02:45:31.283  val_finetune_dtvu_steps_3/acc@20 = 0.7833  
2025-02-27 02:45:31.283  
  
