2025-02-26 23:14:49.842  
  
2025-02-26 23:14:49.843  [TRN] epoch_00  
2025-02-26 23:14:49.843  =============================================  
2025-02-26 23:14:49.843  trn/loss = 5.2978  
2025-02-26 23:14:49.843  trn/acc@01 = 0.1061  
2025-02-26 23:14:49.843  trn/acc@05 = 0.2653  
2025-02-26 23:14:49.843  trn/acc@10 = 0.3490  
2025-02-26 23:14:49.843  trn/acc@20 = 0.4204  
2025-02-26 23:14:49.843  
  
2025-02-26 23:14:49.942  
  
2025-02-26 23:14:49.942  [VAL_FINETUNE_DTVU_STEPS_1] epoch_00  
2025-02-26 23:14:49.942  =============================================  
2025-02-26 23:14:49.942  val_finetune_dtvu_steps_1/loss = 4.6548  
2025-02-26 23:14:49.943  val_finetune_dtvu_steps_1/acc@01 = 0.1000  
2025-02-26 23:14:49.943  val_finetune_dtvu_steps_1/acc@05 = 0.3000  
2025-02-26 23:14:49.951  val_finetune_dtvu_steps_1/acc@10 = 0.4000  
2025-02-26 23:14:49.951  val_finetune_dtvu_steps_1/acc@20 = 0.5000  
2025-02-26 23:14:49.951  
  
2025-02-26 23:14:50.059  
  
2025-02-26 23:14:50.059  [VAL_FINETUNE_DTVU_STEPS_3] epoch_00  
2025-02-26 23:14:50.060  =============================================  
2025-02-26 23:14:50.060  val_finetune_dtvu_steps_3/loss = 4.8465  
2025-02-26 23:14:50.060  val_finetune_dtvu_steps_3/acc@01 = 0.0667  
2025-02-26 23:14:50.060  val_finetune_dtvu_steps_3/acc@05 = 0.2500  
2025-02-26 23:14:50.060  val_finetune_dtvu_steps_3/acc@10 = 0.4167  
2025-02-26 23:14:50.060  val_finetune_dtvu_steps_3/acc@20 = 0.5333  
2025-02-26 23:14:50.060  
  
2025-02-26 23:14:51.034  
  
2025-02-26 23:14:51.034  [TRN] epoch_01  
2025-02-26 23:14:51.035  =============================================  
2025-02-26 23:14:51.035  trn/loss = 4.3834  
2025-02-26 23:14:51.035  trn/acc@01 = 0.1447  
2025-02-26 23:14:51.035  trn/acc@05 = 0.3745  
2025-02-26 23:14:51.035  trn/acc@10 = 0.4979  
2025-02-26 23:14:51.035  trn/acc@20 = 0.6298  
2025-02-26 23:14:51.035  
  
2025-02-26 23:14:51.142  
  
2025-02-26 23:14:51.142  [VAL_FINETUNE_DTVU_STEPS_1] epoch_01  
2025-02-26 23:14:51.142  =============================================  
2025-02-26 23:14:51.143  val_finetune_dtvu_steps_1/loss = 4.3166  
2025-02-26 23:14:51.143  val_finetune_dtvu_steps_1/acc@01 = 0.2000  
2025-02-26 23:14:51.143  val_finetune_dtvu_steps_1/acc@05 = 0.4500  
2025-02-26 23:14:51.143  val_finetune_dtvu_steps_1/acc@10 = 0.6000  
2025-02-26 23:14:51.143  val_finetune_dtvu_steps_1/acc@20 = 0.7000  
2025-02-26 23:14:51.143  
  
2025-02-26 23:14:51.247  
  
2025-02-26 23:14:51.247  [VAL_FINETUNE_DTVU_STEPS_3] epoch_01  
2025-02-26 23:14:51.247  =============================================  
2025-02-26 23:14:51.247  val_finetune_dtvu_steps_3/loss = 4.2804  
2025-02-26 23:14:51.247  val_finetune_dtvu_steps_3/acc@01 = 0.1833  
2025-02-26 23:14:51.247  val_finetune_dtvu_steps_3/acc@05 = 0.4667  
2025-02-26 23:14:51.247  val_finetune_dtvu_steps_3/acc@10 = 0.5667  
2025-02-26 23:14:51.247  val_finetune_dtvu_steps_3/acc@20 = 0.6500  
2025-02-26 23:14:51.247  
  
2025-02-26 23:14:52.190  
  
2025-02-26 23:14:52.190  [TRN] epoch_02  
2025-02-26 23:14:52.190  =============================================  
2025-02-26 23:14:52.190  trn/loss = 4.1629  
2025-02-26 23:14:52.190  trn/acc@01 = 0.1472  
2025-02-26 23:14:52.190  trn/acc@05 = 0.4340  
2025-02-26 23:14:52.190  trn/acc@10 = 0.5679  
2025-02-26 23:14:52.190  trn/acc@20 = 0.6679  
2025-02-26 23:14:52.190  
  
2025-02-26 23:14:52.296  
  
2025-02-26 23:14:52.296  [VAL_FINETUNE_DTVU_STEPS_1] epoch_02  
2025-02-26 23:14:52.296  =============================================  
2025-02-26 23:14:52.296  val_finetune_dtvu_steps_1/loss = 4.1629  
2025-02-26 23:14:52.296  val_finetune_dtvu_steps_1/acc@01 = 0.0500  
2025-02-26 23:14:52.296  val_finetune_dtvu_steps_1/acc@05 = 0.5500  
2025-02-26 23:14:52.296  val_finetune_dtvu_steps_1/acc@10 = 0.7000  
2025-02-26 23:14:52.296  val_finetune_dtvu_steps_1/acc@20 = 0.7000  
2025-02-26 23:14:52.296  
  
2025-02-26 23:14:52.403  
  
2025-02-26 23:14:52.403  [VAL_FINETUNE_DTVU_STEPS_3] epoch_02  
2025-02-26 23:14:52.403  =============================================  
2025-02-26 23:14:52.403  val_finetune_dtvu_steps_3/loss = 4.1487  
2025-02-26 23:14:52.403  val_finetune_dtvu_steps_3/acc@01 = 0.0167  
2025-02-26 23:14:52.403  val_finetune_dtvu_steps_3/acc@05 = 0.5333  
2025-02-26 23:14:52.403  val_finetune_dtvu_steps_3/acc@10 = 0.6167  
2025-02-26 23:14:52.403  val_finetune_dtvu_steps_3/acc@20 = 0.6667  
2025-02-26 23:14:52.403  
  
2025-02-26 23:14:53.374  
  
2025-02-26 23:14:53.374  [TRN] epoch_03  
2025-02-26 23:14:53.379  =============================================  
2025-02-26 23:14:53.379  trn/loss = 3.8972  
2025-02-26 23:14:53.379  trn/acc@01 = 0.1629  
2025-02-26 23:14:53.379  trn/acc@05 = 0.4742  
2025-02-26 23:14:53.379  trn/acc@10 = 0.5918  
2025-02-26 23:14:53.379  trn/acc@20 = 0.7010  
2025-02-26 23:14:53.379  
  
2025-02-26 23:14:53.490  
  
2025-02-26 23:14:53.490  [VAL_FINETUNE_DTVU_STEPS_1] epoch_03  
2025-02-26 23:14:53.490  =============================================  
2025-02-26 23:14:53.490  val_finetune_dtvu_steps_1/loss = 3.8810  
2025-02-26 23:14:53.490  val_finetune_dtvu_steps_1/acc@01 = 0.2500  
2025-02-26 23:14:53.490  val_finetune_dtvu_steps_1/acc@05 = 0.5000  
2025-02-26 23:14:53.490  val_finetune_dtvu_steps_1/acc@10 = 0.6500  
2025-02-26 23:14:53.490  val_finetune_dtvu_steps_1/acc@20 = 0.7000  
2025-02-26 23:14:53.490  
  
2025-02-26 23:14:53.595  
  
2025-02-26 23:14:53.595  [VAL_FINETUNE_DTVU_STEPS_3] epoch_03  
2025-02-26 23:14:53.595  =============================================  
2025-02-26 23:14:53.595  val_finetune_dtvu_steps_3/loss = 3.8390  
2025-02-26 23:14:53.595  val_finetune_dtvu_steps_3/acc@01 = 0.1833  
2025-02-26 23:14:53.595  val_finetune_dtvu_steps_3/acc@05 = 0.5500  
2025-02-26 23:14:53.595  val_finetune_dtvu_steps_3/acc@10 = 0.6333  
2025-02-26 23:14:53.595  val_finetune_dtvu_steps_3/acc@20 = 0.7500  
2025-02-26 23:14:53.595  
  
2025-02-26 23:14:54.589  
  
2025-02-26 23:14:54.590  [TRN] epoch_04  
2025-02-26 23:14:54.590  =============================================  
2025-02-26 23:14:54.590  trn/loss = 3.4995  
2025-02-26 23:14:54.590  trn/acc@01 = 0.2598  
2025-02-26 23:14:54.590  trn/acc@05 = 0.5364  
2025-02-26 23:14:54.590  trn/acc@10 = 0.6561  
2025-02-26 23:14:54.590  trn/acc@20 = 0.7701  
2025-02-26 23:14:54.590  
  
2025-02-26 23:14:54.690  
  
2025-02-26 23:14:54.690  [VAL_FINETUNE_DTVU_STEPS_1] epoch_04  
2025-02-26 23:14:54.690  =============================================  
2025-02-26 23:14:54.690  val_finetune_dtvu_steps_1/loss = 4.3347  
2025-02-26 23:14:54.690  val_finetune_dtvu_steps_1/acc@01 = 0.1000  
2025-02-26 23:14:54.690  val_finetune_dtvu_steps_1/acc@05 = 0.4500  
2025-02-26 23:14:54.690  val_finetune_dtvu_steps_1/acc@10 = 0.5500  
2025-02-26 23:14:54.690  val_finetune_dtvu_steps_1/acc@20 = 0.7000  
2025-02-26 23:14:54.690  
  
2025-02-26 23:14:54.790  
  
2025-02-26 23:14:54.790  [VAL_FINETUNE_DTVU_STEPS_3] epoch_04  
2025-02-26 23:14:54.790  =============================================  
2025-02-26 23:14:54.790  val_finetune_dtvu_steps_3/loss = 3.9963  
2025-02-26 23:14:54.790  val_finetune_dtvu_steps_3/acc@01 = 0.1500  
2025-02-26 23:14:54.790  val_finetune_dtvu_steps_3/acc@05 = 0.5500  
2025-02-26 23:14:54.790  val_finetune_dtvu_steps_3/acc@10 = 0.6167  
2025-02-26 23:14:54.790  val_finetune_dtvu_steps_3/acc@20 = 0.7500  
2025-02-26 23:14:54.790  
  
2025-02-26 23:14:55.824  
  
2025-02-26 23:14:55.824  [TRN] epoch_05  
2025-02-26 23:14:55.824  =============================================  
2025-02-26 23:14:55.824  trn/loss = 3.4126  
2025-02-26 23:14:55.828  trn/acc@01 = 0.2543  
2025-02-26 23:14:55.828  trn/acc@05 = 0.5826  
2025-02-26 23:14:55.828  trn/acc@10 = 0.6739  
2025-02-26 23:14:55.828  trn/acc@20 = 0.7804  
2025-02-26 23:14:55.828  
  
2025-02-26 23:14:55.931  
  
2025-02-26 23:14:55.931  [VAL_FINETUNE_DTVU_STEPS_1] epoch_05  
2025-02-26 23:14:55.931  =============================================  
2025-02-26 23:14:55.931  val_finetune_dtvu_steps_1/loss = 3.9623  
2025-02-26 23:14:55.931  val_finetune_dtvu_steps_1/acc@01 = 0.3000  
2025-02-26 23:14:55.931  val_finetune_dtvu_steps_1/acc@05 = 0.4500  
2025-02-26 23:14:55.931  val_finetune_dtvu_steps_1/acc@10 = 0.6000  
2025-02-26 23:14:55.931  val_finetune_dtvu_steps_1/acc@20 = 0.7000  
2025-02-26 23:14:55.931  
  
2025-02-26 23:14:56.034  
  
2025-02-26 23:14:56.034  [VAL_FINETUNE_DTVU_STEPS_3] epoch_05  
2025-02-26 23:14:56.034  =============================================  
2025-02-26 23:14:56.034  val_finetune_dtvu_steps_3/loss = 3.6761  
2025-02-26 23:14:56.034  val_finetune_dtvu_steps_3/acc@01 = 0.2333  
2025-02-26 23:14:56.034  val_finetune_dtvu_steps_3/acc@05 = 0.5333  
2025-02-26 23:14:56.035  val_finetune_dtvu_steps_3/acc@10 = 0.6833  
2025-02-26 23:14:56.035  val_finetune_dtvu_steps_3/acc@20 = 0.7500  
2025-02-26 23:14:56.035  
  
2025-02-26 23:14:56.974  
  
2025-02-26 23:14:56.974  [TRN] epoch_06  
2025-02-26 23:14:56.974  =============================================  
2025-02-26 23:14:56.974  trn/loss = 3.3021  
2025-02-26 23:14:56.974  trn/acc@01 = 0.2474  
2025-02-26 23:14:56.974  trn/acc@05 = 0.5526  
2025-02-26 23:14:56.974  trn/acc@10 = 0.6804  
2025-02-26 23:14:56.974  trn/acc@20 = 0.8021  
2025-02-26 23:14:56.974  
  
2025-02-26 23:14:57.080  
  
2025-02-26 23:14:57.080  [VAL_FINETUNE_DTVU_STEPS_1] epoch_06  
2025-02-26 23:14:57.080  =============================================  
2025-02-26 23:14:57.080  val_finetune_dtvu_steps_1/loss = 3.8652  
2025-02-26 23:14:57.080  val_finetune_dtvu_steps_1/acc@01 = 0.3000  
2025-02-26 23:14:57.080  val_finetune_dtvu_steps_1/acc@05 = 0.4500  
2025-02-26 23:14:57.080  val_finetune_dtvu_steps_1/acc@10 = 0.6500  
2025-02-26 23:14:57.080  val_finetune_dtvu_steps_1/acc@20 = 0.7500  
2025-02-26 23:14:57.080  
  
2025-02-26 23:14:57.180  
  
2025-02-26 23:14:57.180  [VAL_FINETUNE_DTVU_STEPS_3] epoch_06  
2025-02-26 23:14:57.180  =============================================  
2025-02-26 23:14:57.180  val_finetune_dtvu_steps_3/loss = 3.5652  
2025-02-26 23:14:57.180  val_finetune_dtvu_steps_3/acc@01 = 0.2333  
2025-02-26 23:14:57.184  val_finetune_dtvu_steps_3/acc@05 = 0.5500  
2025-02-26 23:14:57.184  val_finetune_dtvu_steps_3/acc@10 = 0.6667  
2025-02-26 23:14:57.184  val_finetune_dtvu_steps_3/acc@20 = 0.7167  
2025-02-26 23:14:57.184  
  
2025-02-26 23:14:58.221  
  
2025-02-26 23:14:58.221  [TRN] epoch_07  
2025-02-26 23:14:58.221  =============================================  
2025-02-26 23:14:58.221  trn/loss = 3.2989  
2025-02-26 23:14:58.221  trn/acc@01 = 0.2679  
2025-02-26 23:14:58.221  trn/acc@05 = 0.5732  
2025-02-26 23:14:58.221  trn/acc@10 = 0.7000  
2025-02-26 23:14:58.221  trn/acc@20 = 0.7964  
2025-02-26 23:14:58.221  
  
2025-02-26 23:14:58.341  
  
2025-02-26 23:14:58.341  [VAL_FINETUNE_DTVU_STEPS_1] epoch_07  
2025-02-26 23:14:58.341  =============================================  
2025-02-26 23:14:58.341  val_finetune_dtvu_steps_1/loss = 3.8297  
2025-02-26 23:14:58.341  val_finetune_dtvu_steps_1/acc@01 = 0.3000  
2025-02-26 23:14:58.341  val_finetune_dtvu_steps_1/acc@05 = 0.5000  
2025-02-26 23:14:58.341  val_finetune_dtvu_steps_1/acc@10 = 0.6000  
2025-02-26 23:14:58.341  val_finetune_dtvu_steps_1/acc@20 = 0.7000  
2025-02-26 23:14:58.341  
  
2025-02-26 23:14:58.471  
  
2025-02-26 23:14:58.471  [VAL_FINETUNE_DTVU_STEPS_3] epoch_07  
2025-02-26 23:14:58.477  =============================================  
2025-02-26 23:14:58.477  val_finetune_dtvu_steps_3/loss = 3.5337  
2025-02-26 23:14:58.477  val_finetune_dtvu_steps_3/acc@01 = 0.2333  
2025-02-26 23:14:58.477  val_finetune_dtvu_steps_3/acc@05 = 0.5833  
2025-02-26 23:14:58.477  val_finetune_dtvu_steps_3/acc@10 = 0.6500  
2025-02-26 23:14:58.477  val_finetune_dtvu_steps_3/acc@20 = 0.7167  
2025-02-26 23:14:58.477  
  
2025-02-26 23:14:59.430  
  
2025-02-26 23:14:59.430  [TRN] epoch_08  
2025-02-26 23:14:59.431  =============================================  
2025-02-26 23:14:59.431  trn/loss = 3.1503  
2025-02-26 23:14:59.431  trn/acc@01 = 0.2524  
2025-02-26 23:14:59.431  trn/acc@05 = 0.5845  
2025-02-26 23:14:59.431  trn/acc@10 = 0.7262  
2025-02-26 23:14:59.431  trn/acc@20 = 0.8330  
2025-02-26 23:14:59.431  
  
2025-02-26 23:14:59.534  
  
2025-02-26 23:14:59.534  [VAL_FINETUNE_DTVU_STEPS_1] epoch_08  
2025-02-26 23:14:59.534  =============================================  
2025-02-26 23:14:59.534  val_finetune_dtvu_steps_1/loss = 3.8873  
2025-02-26 23:14:59.534  val_finetune_dtvu_steps_1/acc@01 = 0.1500  
2025-02-26 23:14:59.534  val_finetune_dtvu_steps_1/acc@05 = 0.5000  
2025-02-26 23:14:59.534  val_finetune_dtvu_steps_1/acc@10 = 0.6500  
2025-02-26 23:14:59.534  val_finetune_dtvu_steps_1/acc@20 = 0.7000  
2025-02-26 23:14:59.534  
  
2025-02-26 23:14:59.640  
  
2025-02-26 23:14:59.640  [VAL_FINETUNE_DTVU_STEPS_3] epoch_08  
2025-02-26 23:14:59.640  =============================================  
2025-02-26 23:14:59.640  val_finetune_dtvu_steps_3/loss = 3.5367  
2025-02-26 23:14:59.640  val_finetune_dtvu_steps_3/acc@01 = 0.1500  
2025-02-26 23:14:59.640  val_finetune_dtvu_steps_3/acc@05 = 0.5833  
2025-02-26 23:14:59.640  val_finetune_dtvu_steps_3/acc@10 = 0.6667  
2025-02-26 23:14:59.640  val_finetune_dtvu_steps_3/acc@20 = 0.7333  
2025-02-26 23:14:59.640  
  
2025-02-26 23:15:00.622  
  
2025-02-26 23:15:00.622  [TRN] epoch_09  
2025-02-26 23:15:00.622  =============================================  
2025-02-26 23:15:00.622  trn/loss = 3.1963  
2025-02-26 23:15:00.622  trn/acc@01 = 0.2452  
2025-02-26 23:15:00.622  trn/acc@05 = 0.5763  
2025-02-26 23:15:00.622  trn/acc@10 = 0.7269  
2025-02-26 23:15:00.622  trn/acc@20 = 0.8301  
2025-02-26 23:15:00.622  
  
2025-02-26 23:15:00.750  
  
2025-02-26 23:15:00.750  [VAL_FINETUNE_DTVU_STEPS_1] epoch_09  
2025-02-26 23:15:00.750  =============================================  
2025-02-26 23:15:00.750  val_finetune_dtvu_steps_1/loss = 3.9417  
2025-02-26 23:15:00.754  val_finetune_dtvu_steps_1/acc@01 = 0.3000  
2025-02-26 23:15:00.754  val_finetune_dtvu_steps_1/acc@05 = 0.5000  
2025-02-26 23:15:00.754  val_finetune_dtvu_steps_1/acc@10 = 0.6500  
2025-02-26 23:15:00.754  val_finetune_dtvu_steps_1/acc@20 = 0.7000  
2025-02-26 23:15:00.754  
  
2025-02-26 23:15:00.860  
  
2025-02-26 23:15:00.861  [VAL_FINETUNE_DTVU_STEPS_3] epoch_09  
2025-02-26 23:15:00.861  =============================================  
2025-02-26 23:15:00.861  val_finetune_dtvu_steps_3/loss = 3.6043  
2025-02-26 23:15:00.861  val_finetune_dtvu_steps_3/acc@01 = 0.2333  
2025-02-26 23:15:00.861  val_finetune_dtvu_steps_3/acc@05 = 0.5500  
2025-02-26 23:15:00.861  val_finetune_dtvu_steps_3/acc@10 = 0.6500  
2025-02-26 23:15:00.861  val_finetune_dtvu_steps_3/acc@20 = 0.7833  
2025-02-26 23:15:00.861  
  
2025-02-26 23:15:01.781  
  
2025-02-26 23:15:01.781  [TRN] epoch_10  
2025-02-26 23:15:01.781  =============================================  
2025-02-26 23:15:01.781  trn/loss = 2.9673  
2025-02-26 23:15:01.781  trn/acc@01 = 0.2811  
2025-02-26 23:15:01.781  trn/acc@05 = 0.6170  
2025-02-26 23:15:01.781  trn/acc@10 = 0.7491  
2025-02-26 23:15:01.781  trn/acc@20 = 0.8566  
2025-02-26 23:15:01.781  
  
2025-02-26 23:15:01.885  
  
2025-02-26 23:15:01.885  [VAL_FINETUNE_DTVU_STEPS_1] epoch_10  
2025-02-26 23:15:01.885  =============================================  
2025-02-26 23:15:01.889  val_finetune_dtvu_steps_1/loss = 3.8577  
2025-02-26 23:15:01.889  val_finetune_dtvu_steps_1/acc@01 = 0.3000  
2025-02-26 23:15:01.889  val_finetune_dtvu_steps_1/acc@05 = 0.5000  
2025-02-26 23:15:01.889  val_finetune_dtvu_steps_1/acc@10 = 0.6500  
2025-02-26 23:15:01.889  val_finetune_dtvu_steps_1/acc@20 = 0.7500  
2025-02-26 23:15:01.889  
  
2025-02-26 23:15:01.980  
  
2025-02-26 23:15:01.980  [VAL_FINETUNE_DTVU_STEPS_3] epoch_10  
2025-02-26 23:15:01.980  =============================================  
2025-02-26 23:15:01.980  val_finetune_dtvu_steps_3/loss = 3.5894  
2025-02-26 23:15:01.980  val_finetune_dtvu_steps_3/acc@01 = 0.2333  
2025-02-26 23:15:01.980  val_finetune_dtvu_steps_3/acc@05 = 0.5667  
2025-02-26 23:15:01.980  val_finetune_dtvu_steps_3/acc@10 = 0.6500  
2025-02-26 23:15:01.980  val_finetune_dtvu_steps_3/acc@20 = 0.7667  
2025-02-26 23:15:01.980  
  
2025-02-26 23:15:02.900  
  
2025-02-26 23:15:02.900  [TRN] epoch_11  
2025-02-26 23:15:02.900  =============================================  
2025-02-26 23:15:02.900  trn/loss = 3.0271  
2025-02-26 23:15:02.901  trn/acc@01 = 0.2538  
2025-02-26 23:15:02.901  trn/acc@05 = 0.6231  
2025-02-26 23:15:02.901  trn/acc@10 = 0.7538  
2025-02-26 23:15:02.901  trn/acc@20 = 0.8500  
2025-02-26 23:15:02.901  
  
2025-02-26 23:15:03.001  
  
2025-02-26 23:15:03.001  [VAL_FINETUNE_DTVU_STEPS_1] epoch_11  
2025-02-26 23:15:03.001  =============================================  
2025-02-26 23:15:03.001  val_finetune_dtvu_steps_1/loss = 3.7761  
2025-02-26 23:15:03.001  val_finetune_dtvu_steps_1/acc@01 = 0.2500  
2025-02-26 23:15:03.001  val_finetune_dtvu_steps_1/acc@05 = 0.5500  
2025-02-26 23:15:03.001  val_finetune_dtvu_steps_1/acc@10 = 0.6500  
2025-02-26 23:15:03.001  val_finetune_dtvu_steps_1/acc@20 = 0.7000  
2025-02-26 23:15:03.001  
  
2025-02-26 23:15:03.105  
  
2025-02-26 23:15:03.105  [VAL_FINETUNE_DTVU_STEPS_3] epoch_11  
2025-02-26 23:15:03.105  =============================================  
2025-02-26 23:15:03.105  val_finetune_dtvu_steps_3/loss = 3.5901  
2025-02-26 23:15:03.105  val_finetune_dtvu_steps_3/acc@01 = 0.2333  
2025-02-26 23:15:03.105  val_finetune_dtvu_steps_3/acc@05 = 0.6000  
2025-02-26 23:15:03.105  val_finetune_dtvu_steps_3/acc@10 = 0.6500  
2025-02-26 23:15:03.105  val_finetune_dtvu_steps_3/acc@20 = 0.7333  
2025-02-26 23:15:03.105  
  
2025-02-26 23:15:04.061  
  
2025-02-26 23:15:04.061  [TRN] epoch_12  
2025-02-26 23:15:04.061  =============================================  
2025-02-26 23:15:04.061  trn/loss = 3.0188  
2025-02-26 23:15:04.061  trn/acc@01 = 0.2716  
2025-02-26 23:15:04.061  trn/acc@05 = 0.6147  
2025-02-26 23:15:04.061  trn/acc@10 = 0.7179  
2025-02-26 23:15:04.061  trn/acc@20 = 0.8400  
2025-02-26 23:15:04.061  
  
2025-02-26 23:15:04.163  
  
2025-02-26 23:15:04.163  [VAL_FINETUNE_DTVU_STEPS_1] epoch_12  
2025-02-26 23:15:04.163  =============================================  
2025-02-26 23:15:04.163  val_finetune_dtvu_steps_1/loss = 4.1244  
2025-02-26 23:15:04.163  val_finetune_dtvu_steps_1/acc@01 = 0.3000  
2025-02-26 23:15:04.163  val_finetune_dtvu_steps_1/acc@05 = 0.5000  
2025-02-26 23:15:04.163  val_finetune_dtvu_steps_1/acc@10 = 0.5500  
2025-02-26 23:15:04.163  val_finetune_dtvu_steps_1/acc@20 = 0.5500  
2025-02-26 23:15:04.163  
  
2025-02-26 23:15:04.281  
  
2025-02-26 23:15:04.281  [VAL_FINETUNE_DTVU_STEPS_3] epoch_12  
2025-02-26 23:15:04.281  =============================================  
2025-02-26 23:15:04.281  val_finetune_dtvu_steps_3/loss = 3.7081  
2025-02-26 23:15:04.281  val_finetune_dtvu_steps_3/acc@01 = 0.2333  
2025-02-26 23:15:04.281  val_finetune_dtvu_steps_3/acc@05 = 0.5667  
2025-02-26 23:15:04.281  val_finetune_dtvu_steps_3/acc@10 = 0.6000  
2025-02-26 23:15:04.281  val_finetune_dtvu_steps_3/acc@20 = 0.6667  
2025-02-26 23:15:04.281  
  
2025-02-26 23:15:05.235  
  
2025-02-26 23:15:05.235  [TRN] epoch_13  
2025-02-26 23:15:05.235  =============================================  
2025-02-26 23:15:05.235  trn/loss = 2.9548  
2025-02-26 23:15:05.235  trn/acc@01 = 0.2415  
2025-02-26 23:15:05.235  trn/acc@05 = 0.6038  
2025-02-26 23:15:05.235  trn/acc@10 = 0.7377  
2025-02-26 23:15:05.235  trn/acc@20 = 0.8491  
2025-02-26 23:15:05.235  
  
2025-02-26 23:15:05.330  
  
2025-02-26 23:15:05.330  [VAL_FINETUNE_DTVU_STEPS_1] epoch_13  
2025-02-26 23:15:05.330  =============================================  
2025-02-26 23:15:05.330  val_finetune_dtvu_steps_1/loss = 3.8337  
2025-02-26 23:15:05.339  val_finetune_dtvu_steps_1/acc@01 = 0.3000  
2025-02-26 23:15:05.339  val_finetune_dtvu_steps_1/acc@05 = 0.5000  
2025-02-26 23:15:05.339  val_finetune_dtvu_steps_1/acc@10 = 0.5500  
2025-02-26 23:15:05.339  val_finetune_dtvu_steps_1/acc@20 = 0.6500  
2025-02-26 23:15:05.339  
  
2025-02-26 23:15:05.444  
  
2025-02-26 23:15:05.444  [VAL_FINETUNE_DTVU_STEPS_3] epoch_13  
2025-02-26 23:15:05.444  =============================================  
2025-02-26 23:15:05.444  val_finetune_dtvu_steps_3/loss = 3.5399  
2025-02-26 23:15:05.444  val_finetune_dtvu_steps_3/acc@01 = 0.2333  
2025-02-26 23:15:05.444  val_finetune_dtvu_steps_3/acc@05 = 0.5833  
2025-02-26 23:15:05.444  val_finetune_dtvu_steps_3/acc@10 = 0.6000  
2025-02-26 23:15:05.444  val_finetune_dtvu_steps_3/acc@20 = 0.7000  
2025-02-26 23:15:05.444  
  
2025-02-26 23:15:06.693  
  
2025-02-26 23:15:06.693  [TRN] epoch_14  
2025-02-26 23:15:06.693  =============================================  
2025-02-26 23:15:06.693  trn/loss = 2.9448  
2025-02-26 23:15:06.693  trn/acc@01 = 0.2804  
2025-02-26 23:15:06.693  trn/acc@05 = 0.6392  
2025-02-26 23:15:06.693  trn/acc@10 = 0.7567  
2025-02-26 23:15:06.693  trn/acc@20 = 0.8784  
2025-02-26 23:15:06.693  
  
2025-02-26 23:15:06.821  
  
2025-02-26 23:15:06.821  [VAL_FINETUNE_DTVU_STEPS_1] epoch_14  
2025-02-26 23:15:06.821  =============================================  
2025-02-26 23:15:06.821  val_finetune_dtvu_steps_1/loss = 3.9080  
2025-02-26 23:15:06.821  val_finetune_dtvu_steps_1/acc@01 = 0.3000  
2025-02-26 23:15:06.821  val_finetune_dtvu_steps_1/acc@05 = 0.5500  
2025-02-26 23:15:06.821  val_finetune_dtvu_steps_1/acc@10 = 0.7000  
2025-02-26 23:15:06.821  val_finetune_dtvu_steps_1/acc@20 = 0.7000  
2025-02-26 23:15:06.821  
  
2025-02-26 23:15:06.937  
  
2025-02-26 23:15:06.937  [VAL_FINETUNE_DTVU_STEPS_3] epoch_14  
2025-02-26 23:15:06.937  =============================================  
2025-02-26 23:15:06.938  val_finetune_dtvu_steps_3/loss = 3.5208  
2025-02-26 23:15:06.938  val_finetune_dtvu_steps_3/acc@01 = 0.2500  
2025-02-26 23:15:06.938  val_finetune_dtvu_steps_3/acc@05 = 0.6000  
2025-02-26 23:15:06.938  val_finetune_dtvu_steps_3/acc@10 = 0.7000  
2025-02-26 23:15:06.938  val_finetune_dtvu_steps_3/acc@20 = 0.7333  
2025-02-26 23:15:06.938  
  
2025-02-26 23:15:08.071  
  
2025-02-26 23:15:08.071  [TRN] epoch_15  
2025-02-26 23:15:08.071  =============================================  
2025-02-26 23:15:08.071  trn/loss = 3.1642  
2025-02-26 23:15:08.071  trn/acc@01 = 0.2343  
2025-02-26 23:15:08.071  trn/acc@05 = 0.5636  
2025-02-26 23:15:08.071  trn/acc@10 = 0.6889  
2025-02-26 23:15:08.071  trn/acc@20 = 0.8323  
2025-02-26 23:15:08.071  
  
2025-02-26 23:15:08.193  
  
2025-02-26 23:15:08.193  [VAL_FINETUNE_DTVU_STEPS_1] epoch_15  
2025-02-26 23:15:08.193  =============================================  
2025-02-26 23:15:08.193  val_finetune_dtvu_steps_1/loss = 3.7772  
2025-02-26 23:15:08.193  val_finetune_dtvu_steps_1/acc@01 = 0.3500  
2025-02-26 23:15:08.193  val_finetune_dtvu_steps_1/acc@05 = 0.5500  
2025-02-26 23:15:08.193  val_finetune_dtvu_steps_1/acc@10 = 0.6500  
2025-02-26 23:15:08.193  val_finetune_dtvu_steps_1/acc@20 = 0.7500  
2025-02-26 23:15:08.193  
  
2025-02-26 23:15:08.311  
  
2025-02-26 23:15:08.311  [VAL_FINETUNE_DTVU_STEPS_3] epoch_15  
2025-02-26 23:15:08.311  =============================================  
2025-02-26 23:15:08.311  val_finetune_dtvu_steps_3/loss = 3.6103  
2025-02-26 23:15:08.311  val_finetune_dtvu_steps_3/acc@01 = 0.2500  
2025-02-26 23:15:08.311  val_finetune_dtvu_steps_3/acc@05 = 0.5667  
2025-02-26 23:15:08.311  val_finetune_dtvu_steps_3/acc@10 = 0.6333  
2025-02-26 23:15:08.311  val_finetune_dtvu_steps_3/acc@20 = 0.7667  
2025-02-26 23:15:08.311  
  
2025-02-26 23:15:09.434  
  
2025-02-26 23:15:09.434  [TRN] epoch_16  
2025-02-26 23:15:09.434  =============================================  
2025-02-26 23:15:09.434  trn/loss = 2.8550  
2025-02-26 23:15:09.434  trn/acc@01 = 0.2788  
2025-02-26 23:15:09.434  trn/acc@05 = 0.6465  
2025-02-26 23:15:09.434  trn/acc@10 = 0.7657  
2025-02-26 23:15:09.434  trn/acc@20 = 0.8889  
2025-02-26 23:15:09.434  
  
2025-02-26 23:15:09.585  
  
2025-02-26 23:15:09.585  [VAL_FINETUNE_DTVU_STEPS_1] epoch_16  
2025-02-26 23:15:09.585  =============================================  
2025-02-26 23:15:09.585  val_finetune_dtvu_steps_1/loss = 3.9569  
2025-02-26 23:15:09.585  val_finetune_dtvu_steps_1/acc@01 = 0.3000  
2025-02-26 23:15:09.585  val_finetune_dtvu_steps_1/acc@05 = 0.5500  
2025-02-26 23:15:09.585  val_finetune_dtvu_steps_1/acc@10 = 0.6500  
2025-02-26 23:15:09.585  val_finetune_dtvu_steps_1/acc@20 = 0.7500  
2025-02-26 23:15:09.585  
  
2025-02-26 23:15:09.741  
  
2025-02-26 23:15:09.741  [VAL_FINETUNE_DTVU_STEPS_3] epoch_16  
2025-02-26 23:15:09.741  =============================================  
2025-02-26 23:15:09.741  val_finetune_dtvu_steps_3/loss = 3.6382  
2025-02-26 23:15:09.741  val_finetune_dtvu_steps_3/acc@01 = 0.2167  
2025-02-26 23:15:09.741  val_finetune_dtvu_steps_3/acc@05 = 0.5667  
2025-02-26 23:15:09.741  val_finetune_dtvu_steps_3/acc@10 = 0.6500  
2025-02-26 23:15:09.749  val_finetune_dtvu_steps_3/acc@20 = 0.7500  
2025-02-26 23:15:09.749  
  
2025-02-26 23:15:10.951  
  
2025-02-26 23:15:10.951  [TRN] epoch_17  
2025-02-26 23:15:10.951  =============================================  
2025-02-26 23:15:10.951  trn/loss = 2.8433  
2025-02-26 23:15:10.951  trn/acc@01 = 0.2926  
2025-02-26 23:15:10.951  trn/acc@05 = 0.6315  
2025-02-26 23:15:10.951  trn/acc@10 = 0.7648  
2025-02-26 23:15:10.951  trn/acc@20 = 0.8796  
2025-02-26 23:15:10.951  
  
2025-02-26 23:15:11.081  
  
2025-02-26 23:15:11.081  [VAL_FINETUNE_DTVU_STEPS_1] epoch_17  
2025-02-26 23:15:11.081  =============================================  
2025-02-26 23:15:11.081  val_finetune_dtvu_steps_1/loss = 3.8610  
2025-02-26 23:15:11.081  val_finetune_dtvu_steps_1/acc@01 = 0.3000  
2025-02-26 23:15:11.081  val_finetune_dtvu_steps_1/acc@05 = 0.5500  
2025-02-26 23:15:11.081  val_finetune_dtvu_steps_1/acc@10 = 0.6500  
2025-02-26 23:15:11.081  val_finetune_dtvu_steps_1/acc@20 = 0.7000  
2025-02-26 23:15:11.081  
  
2025-02-26 23:15:11.196  
  
2025-02-26 23:15:11.196  [VAL_FINETUNE_DTVU_STEPS_3] epoch_17  
2025-02-26 23:15:11.196  =============================================  
2025-02-26 23:15:11.196  val_finetune_dtvu_steps_3/loss = 3.5285  
2025-02-26 23:15:11.196  val_finetune_dtvu_steps_3/acc@01 = 0.2333  
2025-02-26 23:15:11.196  val_finetune_dtvu_steps_3/acc@05 = 0.6000  
2025-02-26 23:15:11.196  val_finetune_dtvu_steps_3/acc@10 = 0.6667  
2025-02-26 23:15:11.196  val_finetune_dtvu_steps_3/acc@20 = 0.7500  
2025-02-26 23:15:11.196  
  
2025-02-26 23:15:12.332  
  
2025-02-26 23:15:12.332  [TRN] epoch_18  
2025-02-26 23:15:12.332  =============================================  
2025-02-26 23:15:12.332  trn/loss = 2.7800  
2025-02-26 23:15:12.332  trn/acc@01 = 0.2768  
2025-02-26 23:15:12.332  trn/acc@05 = 0.6518  
2025-02-26 23:15:12.332  trn/acc@10 = 0.7696  
2025-02-26 23:15:12.332  trn/acc@20 = 0.8839  
2025-02-26 23:15:12.332  
  
2025-02-26 23:15:12.451  
  
2025-02-26 23:15:12.451  [VAL_FINETUNE_DTVU_STEPS_1] epoch_18  
2025-02-26 23:15:12.451  =============================================  
2025-02-26 23:15:12.451  val_finetune_dtvu_steps_1/loss = 3.8282  
2025-02-26 23:15:12.451  val_finetune_dtvu_steps_1/acc@01 = 0.3000  
2025-02-26 23:15:12.451  val_finetune_dtvu_steps_1/acc@05 = 0.5000  
2025-02-26 23:15:12.451  val_finetune_dtvu_steps_1/acc@10 = 0.6500  
2025-02-26 23:15:12.451  val_finetune_dtvu_steps_1/acc@20 = 0.7000  
2025-02-26 23:15:12.451  
  
2025-02-26 23:15:12.575  
  
2025-02-26 23:15:12.575  [VAL_FINETUNE_DTVU_STEPS_3] epoch_18  
2025-02-26 23:15:12.575  =============================================  
2025-02-26 23:15:12.575  val_finetune_dtvu_steps_3/loss = 3.4791  
2025-02-26 23:15:12.575  val_finetune_dtvu_steps_3/acc@01 = 0.2333  
2025-02-26 23:15:12.575  val_finetune_dtvu_steps_3/acc@05 = 0.5833  
2025-02-26 23:15:12.575  val_finetune_dtvu_steps_3/acc@10 = 0.6500  
2025-02-26 23:15:12.575  val_finetune_dtvu_steps_3/acc@20 = 0.7500  
2025-02-26 23:15:12.575  
  
2025-02-26 23:15:13.693  
  
2025-02-26 23:15:13.693  [TRN] epoch_19  
2025-02-26 23:15:13.693  =============================================  
2025-02-26 23:15:13.694  trn/loss = 2.9487  
2025-02-26 23:15:13.694  trn/acc@01 = 0.2569  
2025-02-26 23:15:13.694  trn/acc@05 = 0.6039  
2025-02-26 23:15:13.694  trn/acc@10 = 0.7392  
2025-02-26 23:15:13.694  trn/acc@20 = 0.8529  
2025-02-26 23:15:13.695  
  
2025-02-26 23:15:13.819  
  
2025-02-26 23:15:13.819  [VAL_FINETUNE_DTVU_STEPS_1] epoch_19  
2025-02-26 23:15:13.819  =============================================  
2025-02-26 23:15:13.819  val_finetune_dtvu_steps_1/loss = 3.9808  
2025-02-26 23:15:13.819  val_finetune_dtvu_steps_1/acc@01 = 0.2000  
2025-02-26 23:15:13.819  val_finetune_dtvu_steps_1/acc@05 = 0.5000  
2025-02-26 23:15:13.819  val_finetune_dtvu_steps_1/acc@10 = 0.6500  
2025-02-26 23:15:13.819  val_finetune_dtvu_steps_1/acc@20 = 0.7000  
2025-02-26 23:15:13.819  
  
2025-02-26 23:15:13.923  
  
2025-02-26 23:15:13.923  [VAL_FINETUNE_DTVU_STEPS_3] epoch_19  
2025-02-26 23:15:13.923  =============================================  
2025-02-26 23:15:13.923  val_finetune_dtvu_steps_3/loss = 3.5553  
2025-02-26 23:15:13.923  val_finetune_dtvu_steps_3/acc@01 = 0.2167  
2025-02-26 23:15:13.923  val_finetune_dtvu_steps_3/acc@05 = 0.5500  
2025-02-26 23:15:13.923  val_finetune_dtvu_steps_3/acc@10 = 0.6667  
2025-02-26 23:15:13.923  val_finetune_dtvu_steps_3/acc@20 = 0.7833  
2025-02-26 23:15:13.923  
  
2025-02-26 23:15:15.105  
  
2025-02-26 23:15:15.105  [TRN] epoch_20  
2025-02-26 23:15:15.105  =============================================  
2025-02-26 23:15:15.105  trn/loss = 2.7614  
2025-02-26 23:15:15.105  trn/acc@01 = 0.2718  
2025-02-26 23:15:15.105  trn/acc@05 = 0.6563  
2025-02-26 23:15:15.105  trn/acc@10 = 0.7942  
2025-02-26 23:15:15.105  trn/acc@20 = 0.9010  
2025-02-26 23:15:15.105  
  
2025-02-26 23:15:15.230  
  
2025-02-26 23:15:15.230  [VAL_FINETUNE_DTVU_STEPS_1] epoch_20  
2025-02-26 23:15:15.230  =============================================  
2025-02-26 23:15:15.230  val_finetune_dtvu_steps_1/loss = 3.8964  
2025-02-26 23:15:15.230  val_finetune_dtvu_steps_1/acc@01 = 0.3000  
2025-02-26 23:15:15.230  val_finetune_dtvu_steps_1/acc@05 = 0.5000  
2025-02-26 23:15:15.230  val_finetune_dtvu_steps_1/acc@10 = 0.6500  
2025-02-26 23:15:15.230  val_finetune_dtvu_steps_1/acc@20 = 0.7500  
2025-02-26 23:15:15.230  
  
2025-02-26 23:15:15.340  
  
2025-02-26 23:15:15.340  [VAL_FINETUNE_DTVU_STEPS_3] epoch_20  
2025-02-26 23:15:15.340  =============================================  
2025-02-26 23:15:15.340  val_finetune_dtvu_steps_3/loss = 3.5382  
2025-02-26 23:15:15.340  val_finetune_dtvu_steps_3/acc@01 = 0.2333  
2025-02-26 23:15:15.340  val_finetune_dtvu_steps_3/acc@05 = 0.5500  
2025-02-26 23:15:15.340  val_finetune_dtvu_steps_3/acc@10 = 0.6667  
2025-02-26 23:15:15.340  val_finetune_dtvu_steps_3/acc@20 = 0.7667  
2025-02-26 23:15:15.340  
  
2025-02-26 23:15:16.646  
  
2025-02-26 23:15:16.649  [TRN] epoch_21  
2025-02-26 23:15:16.649  =============================================  
2025-02-26 23:15:16.650  trn/loss = 2.7239  
2025-02-26 23:15:16.650  trn/acc@01 = 0.2679  
2025-02-26 23:15:16.650  trn/acc@05 = 0.6661  
2025-02-26 23:15:16.650  trn/acc@10 = 0.7963  
2025-02-26 23:15:16.650  trn/acc@20 = 0.9028  
2025-02-26 23:15:16.650  
  
2025-02-26 23:15:16.761  
  
2025-02-26 23:15:16.761  [VAL_FINETUNE_DTVU_STEPS_1] epoch_21  
2025-02-26 23:15:16.761  =============================================  
2025-02-26 23:15:16.761  val_finetune_dtvu_steps_1/loss = 3.7951  
2025-02-26 23:15:16.761  val_finetune_dtvu_steps_1/acc@01 = 0.3500  
2025-02-26 23:15:16.761  val_finetune_dtvu_steps_1/acc@05 = 0.6000  
2025-02-26 23:15:16.761  val_finetune_dtvu_steps_1/acc@10 = 0.6500  
2025-02-26 23:15:16.761  val_finetune_dtvu_steps_1/acc@20 = 0.7500  
2025-02-26 23:15:16.761  
  
2025-02-26 23:15:16.920  
  
2025-02-26 23:15:16.920  [VAL_FINETUNE_DTVU_STEPS_3] epoch_21  
2025-02-26 23:15:16.920  =============================================  
2025-02-26 23:15:16.920  val_finetune_dtvu_steps_3/loss = 3.3857  
2025-02-26 23:15:16.920  val_finetune_dtvu_steps_3/acc@01 = 0.3000  
2025-02-26 23:15:16.920  val_finetune_dtvu_steps_3/acc@05 = 0.6000  
2025-02-26 23:15:16.920  val_finetune_dtvu_steps_3/acc@10 = 0.6167  
2025-02-26 23:15:16.920  val_finetune_dtvu_steps_3/acc@20 = 0.8333  
2025-02-26 23:15:16.920  
  
2025-02-26 23:15:18.081  
  
2025-02-26 23:15:18.081  [TRN] epoch_22  
2025-02-26 23:15:18.081  =============================================  
2025-02-26 23:15:18.081  trn/loss = 2.9638  
2025-02-26 23:15:18.081  trn/acc@01 = 0.2469  
2025-02-26 23:15:18.081  trn/acc@05 = 0.6122  
2025-02-26 23:15:18.081  trn/acc@10 = 0.7286  
2025-02-26 23:15:18.081  trn/acc@20 = 0.8592  
2025-02-26 23:15:18.081  
  
2025-02-26 23:15:18.220  
  
2025-02-26 23:15:18.220  [VAL_FINETUNE_DTVU_STEPS_1] epoch_22  
2025-02-26 23:15:18.220  =============================================  
2025-02-26 23:15:18.220  val_finetune_dtvu_steps_1/loss = 3.8687  
2025-02-26 23:15:18.220  val_finetune_dtvu_steps_1/acc@01 = 0.3000  
2025-02-26 23:15:18.220  val_finetune_dtvu_steps_1/acc@05 = 0.5500  
2025-02-26 23:15:18.220  val_finetune_dtvu_steps_1/acc@10 = 0.6500  
2025-02-26 23:15:18.222  val_finetune_dtvu_steps_1/acc@20 = 0.7500  
2025-02-26 23:15:18.222  
  
2025-02-26 23:15:18.336  
  
2025-02-26 23:15:18.336  [VAL_FINETUNE_DTVU_STEPS_3] epoch_22  
2025-02-26 23:15:18.336  =============================================  
2025-02-26 23:15:18.336  val_finetune_dtvu_steps_3/loss = 3.5378  
2025-02-26 23:15:18.336  val_finetune_dtvu_steps_3/acc@01 = 0.2333  
2025-02-26 23:15:18.336  val_finetune_dtvu_steps_3/acc@05 = 0.5500  
2025-02-26 23:15:18.336  val_finetune_dtvu_steps_3/acc@10 = 0.6500  
2025-02-26 23:15:18.336  val_finetune_dtvu_steps_3/acc@20 = 0.7833  
2025-02-26 23:15:18.336  
  
2025-02-26 23:15:19.508  
  
2025-02-26 23:15:19.509  [TRN] epoch_23  
2025-02-26 23:15:19.509  =============================================  
2025-02-26 23:15:19.509  trn/loss = 2.8276  
2025-02-26 23:15:19.509  trn/acc@01 = 0.2756  
2025-02-26 23:15:19.509  trn/acc@05 = 0.6578  
2025-02-26 23:15:19.510  trn/acc@10 = 0.7822  
2025-02-26 23:15:19.510  trn/acc@20 = 0.8711  
2025-02-26 23:15:19.510  
  
2025-02-26 23:15:19.620  
  
2025-02-26 23:15:19.620  [VAL_FINETUNE_DTVU_STEPS_1] epoch_23  
2025-02-26 23:15:19.620  =============================================  
2025-02-26 23:15:19.620  val_finetune_dtvu_steps_1/loss = 3.7907  
2025-02-26 23:15:19.620  val_finetune_dtvu_steps_1/acc@01 = 0.3000  
2025-02-26 23:15:19.620  val_finetune_dtvu_steps_1/acc@05 = 0.6000  
2025-02-26 23:15:19.620  val_finetune_dtvu_steps_1/acc@10 = 0.6000  
2025-02-26 23:15:19.620  val_finetune_dtvu_steps_1/acc@20 = 0.6500  
2025-02-26 23:15:19.620  
  
2025-02-26 23:15:19.736  
  
2025-02-26 23:15:19.736  [VAL_FINETUNE_DTVU_STEPS_3] epoch_23  
2025-02-26 23:15:19.736  =============================================  
2025-02-26 23:15:19.738  val_finetune_dtvu_steps_3/loss = 3.5511  
2025-02-26 23:15:19.738  val_finetune_dtvu_steps_3/acc@01 = 0.2333  
2025-02-26 23:15:19.738  val_finetune_dtvu_steps_3/acc@05 = 0.5667  
2025-02-26 23:15:19.738  val_finetune_dtvu_steps_3/acc@10 = 0.6333  
2025-02-26 23:15:19.738  val_finetune_dtvu_steps_3/acc@20 = 0.7667  
2025-02-26 23:15:19.738  
  
2025-02-26 23:15:20.873  
  
2025-02-26 23:15:20.874  [TRN] epoch_24  
2025-02-26 23:15:20.874  =============================================  
2025-02-26 23:15:20.874  trn/loss = 3.0195  
2025-02-26 23:15:20.874  trn/acc@01 = 0.2351  
2025-02-26 23:15:20.874  trn/acc@05 = 0.5773  
2025-02-26 23:15:20.874  trn/acc@10 = 0.7175  
2025-02-26 23:15:20.874  trn/acc@20 = 0.8598  
2025-02-26 23:15:20.874  
  
2025-02-26 23:15:21.015  
  
2025-02-26 23:15:21.015  [VAL_FINETUNE_DTVU_STEPS_1] epoch_24  
2025-02-26 23:15:21.015  =============================================  
2025-02-26 23:15:21.015  val_finetune_dtvu_steps_1/loss = 3.8968  
2025-02-26 23:15:21.015  val_finetune_dtvu_steps_1/acc@01 = 0.1500  
2025-02-26 23:15:21.015  val_finetune_dtvu_steps_1/acc@05 = 0.6000  
2025-02-26 23:15:21.015  val_finetune_dtvu_steps_1/acc@10 = 0.6500  
2025-02-26 23:15:21.015  val_finetune_dtvu_steps_1/acc@20 = 0.7500  
2025-02-26 23:15:21.015  
  
2025-02-26 23:15:21.160  
  
2025-02-26 23:15:21.160  [VAL_FINETUNE_DTVU_STEPS_3] epoch_24  
2025-02-26 23:15:21.160  =============================================  
2025-02-26 23:15:21.160  val_finetune_dtvu_steps_3/loss = 3.5469  
2025-02-26 23:15:21.160  val_finetune_dtvu_steps_3/acc@01 = 0.1500  
2025-02-26 23:15:21.160  val_finetune_dtvu_steps_3/acc@05 = 0.5833  
2025-02-26 23:15:21.160  val_finetune_dtvu_steps_3/acc@10 = 0.6333  
2025-02-26 23:15:21.160  val_finetune_dtvu_steps_3/acc@20 = 0.7833  
2025-02-26 23:15:21.160  
  
2025-02-26 23:15:22.289  
  
2025-02-26 23:15:22.290  [TRN] epoch_25  
2025-02-26 23:15:22.290  =============================================  
2025-02-26 23:15:22.290  trn/loss = 2.7990  
2025-02-26 23:15:22.290  trn/acc@01 = 0.2654  
2025-02-26 23:15:22.290  trn/acc@05 = 0.6486  
2025-02-26 23:15:22.290  trn/acc@10 = 0.7477  
2025-02-26 23:15:22.290  trn/acc@20 = 0.8916  
2025-02-26 23:15:22.290  
  
2025-02-26 23:15:22.411  
  
2025-02-26 23:15:22.411  [VAL_FINETUNE_DTVU_STEPS_1] epoch_25  
2025-02-26 23:15:22.411  =============================================  
2025-02-26 23:15:22.411  val_finetune_dtvu_steps_1/loss = 3.9520  
2025-02-26 23:15:22.411  val_finetune_dtvu_steps_1/acc@01 = 0.3000  
2025-02-26 23:15:22.411  val_finetune_dtvu_steps_1/acc@05 = 0.5500  
2025-02-26 23:15:22.411  val_finetune_dtvu_steps_1/acc@10 = 0.7000  
2025-02-26 23:15:22.411  val_finetune_dtvu_steps_1/acc@20 = 0.7500  
2025-02-26 23:15:22.411  
  
2025-02-26 23:15:22.564  
  
2025-02-26 23:15:22.564  [VAL_FINETUNE_DTVU_STEPS_3] epoch_25  
2025-02-26 23:15:22.564  =============================================  
2025-02-26 23:15:22.564  val_finetune_dtvu_steps_3/loss = 3.5925  
2025-02-26 23:15:22.564  val_finetune_dtvu_steps_3/acc@01 = 0.2333  
2025-02-26 23:15:22.564  val_finetune_dtvu_steps_3/acc@05 = 0.5167  
2025-02-26 23:15:22.564  val_finetune_dtvu_steps_3/acc@10 = 0.7000  
2025-02-26 23:15:22.564  val_finetune_dtvu_steps_3/acc@20 = 0.7667  
2025-02-26 23:15:22.564  
  
2025-02-26 23:15:23.700  
  
2025-02-26 23:15:23.700  [TRN] epoch_26  
2025-02-26 23:15:23.700  =============================================  
2025-02-26 23:15:23.700  trn/loss = 2.7589  
2025-02-26 23:15:23.700  trn/acc@01 = 0.3033  
2025-02-26 23:15:23.700  trn/acc@05 = 0.6637  
2025-02-26 23:15:23.700  trn/acc@10 = 0.7934  
2025-02-26 23:15:23.700  trn/acc@20 = 0.8857  
2025-02-26 23:15:23.700  
  
2025-02-26 23:15:23.821  
  
2025-02-26 23:15:23.821  [VAL_FINETUNE_DTVU_STEPS_1] epoch_26  
2025-02-26 23:15:23.821  =============================================  
2025-02-26 23:15:23.821  val_finetune_dtvu_steps_1/loss = 4.0318  
2025-02-26 23:15:23.821  val_finetune_dtvu_steps_1/acc@01 = 0.1000  
2025-02-26 23:15:23.821  val_finetune_dtvu_steps_1/acc@05 = 0.5000  
2025-02-26 23:15:23.821  val_finetune_dtvu_steps_1/acc@10 = 0.6500  
2025-02-26 23:15:23.821  val_finetune_dtvu_steps_1/acc@20 = 0.8500  
2025-02-26 23:15:23.821  
  
2025-02-26 23:15:23.959  
  
2025-02-26 23:15:23.959  [VAL_FINETUNE_DTVU_STEPS_3] epoch_26  
2025-02-26 23:15:23.960  =============================================  
2025-02-26 23:15:23.960  val_finetune_dtvu_steps_3/loss = 3.7419  
2025-02-26 23:15:23.960  val_finetune_dtvu_steps_3/acc@01 = 0.1000  
2025-02-26 23:15:23.960  val_finetune_dtvu_steps_3/acc@05 = 0.5333  
2025-02-26 23:15:23.960  val_finetune_dtvu_steps_3/acc@10 = 0.6167  
2025-02-26 23:15:23.960  val_finetune_dtvu_steps_3/acc@20 = 0.8167  
2025-02-26 23:15:23.960  
  
2025-02-26 23:15:25.271  
  
2025-02-26 23:15:25.271  [TRN] epoch_27  
2025-02-26 23:15:25.271  =============================================  
2025-02-26 23:15:25.271  trn/loss = 2.9245  
2025-02-26 23:15:25.271  trn/acc@01 = 0.2455  
2025-02-26 23:15:25.271  trn/acc@05 = 0.6297  
2025-02-26 23:15:25.271  trn/acc@10 = 0.7465  
2025-02-26 23:15:25.271  trn/acc@20 = 0.8673  
2025-02-26 23:15:25.271  
  
2025-02-26 23:15:25.390  
  
2025-02-26 23:15:25.390  [VAL_FINETUNE_DTVU_STEPS_1] epoch_27  
2025-02-26 23:15:25.390  =============================================  
2025-02-26 23:15:25.390  val_finetune_dtvu_steps_1/loss = 3.9190  
2025-02-26 23:15:25.390  val_finetune_dtvu_steps_1/acc@01 = 0.3000  
2025-02-26 23:15:25.390  val_finetune_dtvu_steps_1/acc@05 = 0.5500  
2025-02-26 23:15:25.390  val_finetune_dtvu_steps_1/acc@10 = 0.6500  
2025-02-26 23:15:25.390  val_finetune_dtvu_steps_1/acc@20 = 0.7500  
2025-02-26 23:15:25.390  
  
2025-02-26 23:15:25.521  
  
2025-02-26 23:15:25.521  [VAL_FINETUNE_DTVU_STEPS_3] epoch_27  
2025-02-26 23:15:25.521  =============================================  
2025-02-26 23:15:25.521  val_finetune_dtvu_steps_3/loss = 3.5834  
2025-02-26 23:15:25.521  val_finetune_dtvu_steps_3/acc@01 = 0.2333  
2025-02-26 23:15:25.521  val_finetune_dtvu_steps_3/acc@05 = 0.5833  
2025-02-26 23:15:25.521  val_finetune_dtvu_steps_3/acc@10 = 0.6500  
2025-02-26 23:15:25.521  val_finetune_dtvu_steps_3/acc@20 = 0.7500  
2025-02-26 23:15:25.521  
  
2025-02-26 23:15:26.681  
  
2025-02-26 23:15:26.681  [TRN] epoch_28  
2025-02-26 23:15:26.681  =============================================  
2025-02-26 23:15:26.681  trn/loss = 2.7636  
2025-02-26 23:15:26.681  trn/acc@01 = 0.2851  
2025-02-26 23:15:26.681  trn/acc@05 = 0.6277  
2025-02-26 23:15:26.681  trn/acc@10 = 0.7762  
2025-02-26 23:15:26.681  trn/acc@20 = 0.8832  
2025-02-26 23:15:26.681  
  
2025-02-26 23:15:26.790  
  
2025-02-26 23:15:26.790  [VAL_FINETUNE_DTVU_STEPS_1] epoch_28  
2025-02-26 23:15:26.790  =============================================  
2025-02-26 23:15:26.790  val_finetune_dtvu_steps_1/loss = 3.8068  
2025-02-26 23:15:26.790  val_finetune_dtvu_steps_1/acc@01 = 0.3000  
2025-02-26 23:15:26.790  val_finetune_dtvu_steps_1/acc@05 = 0.6000  
2025-02-26 23:15:26.790  val_finetune_dtvu_steps_1/acc@10 = 0.7000  
2025-02-26 23:15:26.790  val_finetune_dtvu_steps_1/acc@20 = 0.7500  
2025-02-26 23:15:26.790  
  
2025-02-26 23:15:26.891  
  
2025-02-26 23:15:26.891  [VAL_FINETUNE_DTVU_STEPS_3] epoch_28  
2025-02-26 23:15:26.891  =============================================  
2025-02-26 23:15:26.891  val_finetune_dtvu_steps_3/loss = 3.5458  
2025-02-26 23:15:26.891  val_finetune_dtvu_steps_3/acc@01 = 0.2500  
2025-02-26 23:15:26.891  val_finetune_dtvu_steps_3/acc@05 = 0.6167  
2025-02-26 23:15:26.891  val_finetune_dtvu_steps_3/acc@10 = 0.6667  
2025-02-26 23:15:26.891  val_finetune_dtvu_steps_3/acc@20 = 0.7333  
2025-02-26 23:15:26.891  
  
2025-02-26 23:15:28.101  
  
2025-02-26 23:15:28.101  [TRN] epoch_29  
2025-02-26 23:15:28.101  =============================================  
2025-02-26 23:15:28.101  trn/loss = 2.8568  
2025-02-26 23:15:28.101  trn/acc@01 = 0.2519  
2025-02-26 23:15:28.101  trn/acc@05 = 0.6327  
2025-02-26 23:15:28.101  trn/acc@10 = 0.7519  
2025-02-26 23:15:28.101  trn/acc@20 = 0.8673  
2025-02-26 23:15:28.101  
  
2025-02-26 23:15:28.235  
  
2025-02-26 23:15:28.235  [VAL_FINETUNE_DTVU_STEPS_1] epoch_29  
2025-02-26 23:15:28.235  =============================================  
2025-02-26 23:15:28.235  val_finetune_dtvu_steps_1/loss = 4.1949  
2025-02-26 23:15:28.235  val_finetune_dtvu_steps_1/acc@01 = 0.2500  
2025-02-26 23:15:28.235  val_finetune_dtvu_steps_1/acc@05 = 0.5500  
2025-02-26 23:15:28.235  val_finetune_dtvu_steps_1/acc@10 = 0.6000  
2025-02-26 23:15:28.235  val_finetune_dtvu_steps_1/acc@20 = 0.6500  
2025-02-26 23:15:28.235  
  
2025-02-26 23:15:28.349  
  
2025-02-26 23:15:28.349  [VAL_FINETUNE_DTVU_STEPS_3] epoch_29  
2025-02-26 23:15:28.349  =============================================  
2025-02-26 23:15:28.350  val_finetune_dtvu_steps_3/loss = 3.9193  
2025-02-26 23:15:28.350  val_finetune_dtvu_steps_3/acc@01 = 0.1500  
2025-02-26 23:15:28.351  val_finetune_dtvu_steps_3/acc@05 = 0.5167  
2025-02-26 23:15:28.351  val_finetune_dtvu_steps_3/acc@10 = 0.5333  
2025-02-26 23:15:28.351  val_finetune_dtvu_steps_3/acc@20 = 0.6333  
2025-02-26 23:15:28.351  
  
2025-02-26 23:15:29.584  
  
2025-02-26 23:15:29.585  [TRN] epoch_30  
2025-02-26 23:15:29.585  =============================================  
2025-02-26 23:15:29.585  trn/loss = 2.7966  
2025-02-26 23:15:29.585  trn/acc@01 = 0.2706  
2025-02-26 23:15:29.585  trn/acc@05 = 0.6333  
2025-02-26 23:15:29.585  trn/acc@10 = 0.7569  
2025-02-26 23:15:29.585  trn/acc@20 = 0.8824  
2025-02-26 23:15:29.585  
  
2025-02-26 23:15:29.690  
  
2025-02-26 23:15:29.690  [VAL_FINETUNE_DTVU_STEPS_1] epoch_30  
2025-02-26 23:15:29.690  =============================================  
2025-02-26 23:15:29.690  val_finetune_dtvu_steps_1/loss = 3.9962  
2025-02-26 23:15:29.690  val_finetune_dtvu_steps_1/acc@01 = 0.1500  
2025-02-26 23:15:29.690  val_finetune_dtvu_steps_1/acc@05 = 0.6500  
2025-02-26 23:15:29.690  val_finetune_dtvu_steps_1/acc@10 = 0.6500  
2025-02-26 23:15:29.690  val_finetune_dtvu_steps_1/acc@20 = 0.7500  
2025-02-26 23:15:29.690  
  
2025-02-26 23:15:29.824  
  
2025-02-26 23:15:29.824  [VAL_FINETUNE_DTVU_STEPS_3] epoch_30  
2025-02-26 23:15:29.824  =============================================  
2025-02-26 23:15:29.824  val_finetune_dtvu_steps_3/loss = 3.6399  
2025-02-26 23:15:29.824  val_finetune_dtvu_steps_3/acc@01 = 0.1500  
2025-02-26 23:15:29.824  val_finetune_dtvu_steps_3/acc@05 = 0.6333  
2025-02-26 23:15:29.824  val_finetune_dtvu_steps_3/acc@10 = 0.6333  
2025-02-26 23:15:29.824  val_finetune_dtvu_steps_3/acc@20 = 0.7500  
2025-02-26 23:15:29.824  
  
2025-02-26 23:15:31.181  
  
2025-02-26 23:15:31.181  [TRN] epoch_31  
2025-02-26 23:15:31.181  =============================================  
2025-02-26 23:15:31.181  trn/loss = 2.8641  
2025-02-26 23:15:31.181  trn/acc@01 = 0.2460  
2025-02-26 23:15:31.181  trn/acc@05 = 0.6280  
2025-02-26 23:15:31.181  trn/acc@10 = 0.7480  
2025-02-26 23:15:31.181  trn/acc@20 = 0.8540  
2025-02-26 23:15:31.181  
  
2025-02-26 23:15:31.290  
  
2025-02-26 23:15:31.290  [VAL_FINETUNE_DTVU_STEPS_1] epoch_31  
2025-02-26 23:15:31.290  =============================================  
2025-02-26 23:15:31.290  val_finetune_dtvu_steps_1/loss = 3.9735  
2025-02-26 23:15:31.290  val_finetune_dtvu_steps_1/acc@01 = 0.3000  
2025-02-26 23:15:31.290  val_finetune_dtvu_steps_1/acc@05 = 0.6000  
2025-02-26 23:15:31.290  val_finetune_dtvu_steps_1/acc@10 = 0.7000  
2025-02-26 23:15:31.290  val_finetune_dtvu_steps_1/acc@20 = 0.7000  
2025-02-26 23:15:31.290  
  
2025-02-26 23:15:31.392  
  
2025-02-26 23:15:31.392  [VAL_FINETUNE_DTVU_STEPS_3] epoch_31  
2025-02-26 23:15:31.392  =============================================  
2025-02-26 23:15:31.392  val_finetune_dtvu_steps_3/loss = 3.6519  
2025-02-26 23:15:31.392  val_finetune_dtvu_steps_3/acc@01 = 0.2500  
2025-02-26 23:15:31.392  val_finetune_dtvu_steps_3/acc@05 = 0.5500  
2025-02-26 23:15:31.392  val_finetune_dtvu_steps_3/acc@10 = 0.6667  
2025-02-26 23:15:31.392  val_finetune_dtvu_steps_3/acc@20 = 0.7333  
2025-02-26 23:15:31.399  
  
2025-02-26 23:15:32.527  
  
2025-02-26 23:15:32.528  [TRN] epoch_32  
2025-02-26 23:15:32.529  =============================================  
2025-02-26 23:15:32.529  trn/loss = 2.6868  
2025-02-26 23:15:32.529  trn/acc@01 = 0.3049  
2025-02-26 23:15:32.529  trn/acc@05 = 0.6388  
2025-02-26 23:15:32.529  trn/acc@10 = 0.7922  
2025-02-26 23:15:32.529  trn/acc@20 = 0.8990  
2025-02-26 23:15:32.529  
  
2025-02-26 23:15:32.640  
  
2025-02-26 23:15:32.640  [VAL_FINETUNE_DTVU_STEPS_1] epoch_32  
2025-02-26 23:15:32.640  =============================================  
2025-02-26 23:15:32.640  val_finetune_dtvu_steps_1/loss = 3.8593  
2025-02-26 23:15:32.640  val_finetune_dtvu_steps_1/acc@01 = 0.3000  
2025-02-26 23:15:32.640  val_finetune_dtvu_steps_1/acc@05 = 0.5500  
2025-02-26 23:15:32.640  val_finetune_dtvu_steps_1/acc@10 = 0.7000  
2025-02-26 23:15:32.640  val_finetune_dtvu_steps_1/acc@20 = 0.7500  
2025-02-26 23:15:32.640  
  
2025-02-26 23:15:32.755  
  
2025-02-26 23:15:32.755  [VAL_FINETUNE_DTVU_STEPS_3] epoch_32  
2025-02-26 23:15:32.755  =============================================  
2025-02-26 23:15:32.755  val_finetune_dtvu_steps_3/loss = 3.5225  
2025-02-26 23:15:32.755  val_finetune_dtvu_steps_3/acc@01 = 0.2333  
2025-02-26 23:15:32.755  val_finetune_dtvu_steps_3/acc@05 = 0.5833  
2025-02-26 23:15:32.755  val_finetune_dtvu_steps_3/acc@10 = 0.6667  
2025-02-26 23:15:32.755  val_finetune_dtvu_steps_3/acc@20 = 0.7000  
2025-02-26 23:15:32.756  
  
2025-02-26 23:15:33.801  
  
2025-02-26 23:15:33.801  [TRN] epoch_33  
2025-02-26 23:15:33.801  =============================================  
2025-02-26 23:15:33.801  trn/loss = 2.8130  
2025-02-26 23:15:33.801  trn/acc@01 = 0.2471  
2025-02-26 23:15:33.801  trn/acc@05 = 0.6294  
2025-02-26 23:15:33.801  trn/acc@10 = 0.7765  
2025-02-26 23:15:33.801  trn/acc@20 = 0.8804  
2025-02-26 23:15:33.801  
  
2025-02-26 23:15:33.984  
  
2025-02-26 23:15:33.984  [VAL_FINETUNE_DTVU_STEPS_1] epoch_33  
2025-02-26 23:15:33.984  =============================================  
2025-02-26 23:15:33.984  val_finetune_dtvu_steps_1/loss = 4.1903  
2025-02-26 23:15:33.985  val_finetune_dtvu_steps_1/acc@01 = 0.2000  
2025-02-26 23:15:33.985  val_finetune_dtvu_steps_1/acc@05 = 0.5500  
2025-02-26 23:15:33.985  val_finetune_dtvu_steps_1/acc@10 = 0.6000  
2025-02-26 23:15:33.985  val_finetune_dtvu_steps_1/acc@20 = 0.7000  
2025-02-26 23:15:33.985  
  
2025-02-26 23:15:34.101  
  
2025-02-26 23:15:34.101  [VAL_FINETUNE_DTVU_STEPS_3] epoch_33  
2025-02-26 23:15:34.101  =============================================  
2025-02-26 23:15:34.101  val_finetune_dtvu_steps_3/loss = 3.7246  
2025-02-26 23:15:34.101  val_finetune_dtvu_steps_3/acc@01 = 0.1500  
2025-02-26 23:15:34.101  val_finetune_dtvu_steps_3/acc@05 = 0.5833  
2025-02-26 23:15:34.101  val_finetune_dtvu_steps_3/acc@10 = 0.6167  
2025-02-26 23:15:34.101  val_finetune_dtvu_steps_3/acc@20 = 0.6833  
2025-02-26 23:15:34.101  
  
2025-02-26 23:15:35.177  
  
2025-02-26 23:15:35.177  [TRN] epoch_34  
2025-02-26 23:15:35.177  =============================================  
2025-02-26 23:15:35.177  trn/loss = 2.6020  
2025-02-26 23:15:35.177  trn/acc@01 = 0.2772  
2025-02-26 23:15:35.177  trn/acc@05 = 0.6752  
2025-02-26 23:15:35.177  trn/acc@10 = 0.8079  
2025-02-26 23:15:35.179  trn/acc@20 = 0.8990  
2025-02-26 23:15:35.179  
  
2025-02-26 23:15:35.281  
  
2025-02-26 23:15:35.281  [VAL_FINETUNE_DTVU_STEPS_1] epoch_34  
2025-02-26 23:15:35.281  =============================================  
2025-02-26 23:15:35.281  val_finetune_dtvu_steps_1/loss = 3.8634  
2025-02-26 23:15:35.281  val_finetune_dtvu_steps_1/acc@01 = 0.3000  
2025-02-26 23:15:35.281  val_finetune_dtvu_steps_1/acc@05 = 0.6000  
2025-02-26 23:15:35.281  val_finetune_dtvu_steps_1/acc@10 = 0.7000  
2025-02-26 23:15:35.281  val_finetune_dtvu_steps_1/acc@20 = 0.7500  
2025-02-26 23:15:35.281  
  
2025-02-26 23:15:35.398  
  
2025-02-26 23:15:35.398  [VAL_FINETUNE_DTVU_STEPS_3] epoch_34  
2025-02-26 23:15:35.398  =============================================  
2025-02-26 23:15:35.398  val_finetune_dtvu_steps_3/loss = 3.5419  
2025-02-26 23:15:35.398  val_finetune_dtvu_steps_3/acc@01 = 0.2667  
2025-02-26 23:15:35.398  val_finetune_dtvu_steps_3/acc@05 = 0.6000  
2025-02-26 23:15:35.398  val_finetune_dtvu_steps_3/acc@10 = 0.7000  
2025-02-26 23:15:35.398  val_finetune_dtvu_steps_3/acc@20 = 0.7667  
2025-02-26 23:15:35.398  
  
2025-02-26 23:15:36.610  
  
2025-02-26 23:15:36.610  [TRN] epoch_35  
2025-02-26 23:15:36.610  =============================================  
2025-02-26 23:15:36.610  trn/loss = 2.7682  
2025-02-26 23:15:36.610  trn/acc@01 = 0.2606  
2025-02-26 23:15:36.610  trn/acc@05 = 0.6283  
2025-02-26 23:15:36.610  trn/acc@10 = 0.7798  
2025-02-26 23:15:36.610  trn/acc@20 = 0.8889  
2025-02-26 23:15:36.610  
  
2025-02-26 23:15:36.799  
  
2025-02-26 23:15:36.799  [VAL_FINETUNE_DTVU_STEPS_1] epoch_35  
2025-02-26 23:15:36.799  =============================================  
2025-02-26 23:15:36.799  val_finetune_dtvu_steps_1/loss = 3.8745  
2025-02-26 23:15:36.799  val_finetune_dtvu_steps_1/acc@01 = 0.2000  
2025-02-26 23:15:36.799  val_finetune_dtvu_steps_1/acc@05 = 0.6000  
2025-02-26 23:15:36.799  val_finetune_dtvu_steps_1/acc@10 = 0.7500  
2025-02-26 23:15:36.799  val_finetune_dtvu_steps_1/acc@20 = 0.7500  
2025-02-26 23:15:36.799  
  
2025-02-26 23:15:36.991  
  
2025-02-26 23:15:36.991  [VAL_FINETUNE_DTVU_STEPS_3] epoch_35  
2025-02-26 23:15:36.991  =============================================  
2025-02-26 23:15:36.991  val_finetune_dtvu_steps_3/loss = 3.5277  
2025-02-26 23:15:36.991  val_finetune_dtvu_steps_3/acc@01 = 0.2000  
2025-02-26 23:15:36.991  val_finetune_dtvu_steps_3/acc@05 = 0.5833  
2025-02-26 23:15:36.993  val_finetune_dtvu_steps_3/acc@10 = 0.7000  
2025-02-26 23:15:36.993  val_finetune_dtvu_steps_3/acc@20 = 0.7667  
2025-02-26 23:15:36.993  
  
2025-02-26 23:15:38.198  
  
2025-02-26 23:15:38.199  [TRN] epoch_36  
2025-02-26 23:15:38.199  =============================================  
2025-02-26 23:15:38.199  trn/loss = 2.7027  
2025-02-26 23:15:38.199  trn/acc@01 = 0.2804  
2025-02-26 23:15:38.199  trn/acc@05 = 0.6275  
2025-02-26 23:15:38.199  trn/acc@10 = 0.7824  
2025-02-26 23:15:38.199  trn/acc@20 = 0.9039  
2025-02-26 23:15:38.199  
  
2025-02-26 23:15:38.319  
  
2025-02-26 23:15:38.320  [VAL_FINETUNE_DTVU_STEPS_1] epoch_36  
2025-02-26 23:15:38.320  =============================================  
2025-02-26 23:15:38.320  val_finetune_dtvu_steps_1/loss = 4.0796  
2025-02-26 23:15:38.320  val_finetune_dtvu_steps_1/acc@01 = 0.2000  
2025-02-26 23:15:38.320  val_finetune_dtvu_steps_1/acc@05 = 0.6000  
2025-02-26 23:15:38.320  val_finetune_dtvu_steps_1/acc@10 = 0.6500  
2025-02-26 23:15:38.320  val_finetune_dtvu_steps_1/acc@20 = 0.7500  
2025-02-26 23:15:38.320  
  
2025-02-26 23:15:38.433  
  
2025-02-26 23:15:38.433  [VAL_FINETUNE_DTVU_STEPS_3] epoch_36  
2025-02-26 23:15:38.434  =============================================  
2025-02-26 23:15:38.434  val_finetune_dtvu_steps_3/loss = 3.7282  
2025-02-26 23:15:38.434  val_finetune_dtvu_steps_3/acc@01 = 0.1333  
2025-02-26 23:15:38.434  val_finetune_dtvu_steps_3/acc@05 = 0.5667  
2025-02-26 23:15:38.434  val_finetune_dtvu_steps_3/acc@10 = 0.6333  
2025-02-26 23:15:38.434  val_finetune_dtvu_steps_3/acc@20 = 0.7667  
2025-02-26 23:15:38.434  
  
2025-02-26 23:15:39.551  
  
2025-02-26 23:15:39.551  [TRN] epoch_37  
2025-02-26 23:15:39.551  =============================================  
2025-02-26 23:15:39.551  trn/loss = 2.6497  
2025-02-26 23:15:39.551  trn/acc@01 = 0.2835  
2025-02-26 23:15:39.551  trn/acc@05 = 0.6602  
2025-02-26 23:15:39.551  trn/acc@10 = 0.7864  
2025-02-26 23:15:39.551  trn/acc@20 = 0.8913  
2025-02-26 23:15:39.551  
  
2025-02-26 23:15:39.661  
  
2025-02-26 23:15:39.661  [VAL_FINETUNE_DTVU_STEPS_1] epoch_37  
2025-02-26 23:15:39.661  =============================================  
2025-02-26 23:15:39.661  val_finetune_dtvu_steps_1/loss = 3.8528  
2025-02-26 23:15:39.661  val_finetune_dtvu_steps_1/acc@01 = 0.3500  
2025-02-26 23:15:39.661  val_finetune_dtvu_steps_1/acc@05 = 0.5500  
2025-02-26 23:15:39.661  val_finetune_dtvu_steps_1/acc@10 = 0.7000  
2025-02-26 23:15:39.661  val_finetune_dtvu_steps_1/acc@20 = 0.7500  
2025-02-26 23:15:39.661  
  
2025-02-26 23:15:39.803  
  
2025-02-26 23:15:39.803  [VAL_FINETUNE_DTVU_STEPS_3] epoch_37  
2025-02-26 23:15:39.803  =============================================  
2025-02-26 23:15:39.803  val_finetune_dtvu_steps_3/loss = 3.4314  
2025-02-26 23:15:39.803  val_finetune_dtvu_steps_3/acc@01 = 0.2333  
2025-02-26 23:15:39.803  val_finetune_dtvu_steps_3/acc@05 = 0.6000  
2025-02-26 23:15:39.803  val_finetune_dtvu_steps_3/acc@10 = 0.7167  
2025-02-26 23:15:39.803  val_finetune_dtvu_steps_3/acc@20 = 0.7833  
2025-02-26 23:15:39.803  
  
2025-02-26 23:15:40.913  
  
2025-02-26 23:15:40.913  [TRN] epoch_38  
2025-02-26 23:15:40.913  =============================================  
2025-02-26 23:15:40.913  trn/loss = 2.7285  
2025-02-26 23:15:40.913  trn/acc@01 = 0.2991  
2025-02-26 23:15:40.913  trn/acc@05 = 0.6313  
2025-02-26 23:15:40.913  trn/acc@10 = 0.7791  
2025-02-26 23:15:40.913  trn/acc@20 = 0.8783  
2025-02-26 23:15:40.919  
  
2025-02-26 23:15:41.023  
  
2025-02-26 23:15:41.023  [VAL_FINETUNE_DTVU_STEPS_1] epoch_38  
2025-02-26 23:15:41.023  =============================================  
2025-02-26 23:15:41.023  val_finetune_dtvu_steps_1/loss = 3.8302  
2025-02-26 23:15:41.023  val_finetune_dtvu_steps_1/acc@01 = 0.3500  
2025-02-26 23:15:41.023  val_finetune_dtvu_steps_1/acc@05 = 0.6500  
2025-02-26 23:15:41.023  val_finetune_dtvu_steps_1/acc@10 = 0.7000  
2025-02-26 23:15:41.023  val_finetune_dtvu_steps_1/acc@20 = 0.7500  
2025-02-26 23:15:41.023  
  
2025-02-26 23:15:41.154  
  
2025-02-26 23:15:41.154  [VAL_FINETUNE_DTVU_STEPS_3] epoch_38  
2025-02-26 23:15:41.154  =============================================  
2025-02-26 23:15:41.154  val_finetune_dtvu_steps_3/loss = 3.4789  
2025-02-26 23:15:41.154  val_finetune_dtvu_steps_3/acc@01 = 0.2500  
2025-02-26 23:15:41.154  val_finetune_dtvu_steps_3/acc@05 = 0.6167  
2025-02-26 23:15:41.154  val_finetune_dtvu_steps_3/acc@10 = 0.7000  
2025-02-26 23:15:41.154  val_finetune_dtvu_steps_3/acc@20 = 0.8000  
2025-02-26 23:15:41.154  
  
2025-02-26 23:15:42.293  
  
2025-02-26 23:15:42.293  [TRN] epoch_39  
2025-02-26 23:15:42.293  =============================================  
2025-02-26 23:15:42.293  trn/loss = 2.7987  
2025-02-26 23:15:42.293  trn/acc@01 = 0.2781  
2025-02-26 23:15:42.296  trn/acc@05 = 0.6514  
2025-02-26 23:15:42.296  trn/acc@10 = 0.7752  
2025-02-26 23:15:42.296  trn/acc@20 = 0.8914  
2025-02-26 23:15:42.296  
  
2025-02-26 23:15:42.401  
  
2025-02-26 23:15:42.401  [VAL_FINETUNE_DTVU_STEPS_1] epoch_39  
2025-02-26 23:15:42.401  =============================================  
2025-02-26 23:15:42.401  val_finetune_dtvu_steps_1/loss = 4.0035  
2025-02-26 23:15:42.401  val_finetune_dtvu_steps_1/acc@01 = 0.2500  
2025-02-26 23:15:42.401  val_finetune_dtvu_steps_1/acc@05 = 0.5000  
2025-02-26 23:15:42.401  val_finetune_dtvu_steps_1/acc@10 = 0.6500  
2025-02-26 23:15:42.401  val_finetune_dtvu_steps_1/acc@20 = 0.8000  
2025-02-26 23:15:42.401  
  
2025-02-26 23:15:42.501  
  
2025-02-26 23:15:42.501  [VAL_FINETUNE_DTVU_STEPS_3] epoch_39  
2025-02-26 23:15:42.501  =============================================  
2025-02-26 23:15:42.501  val_finetune_dtvu_steps_3/loss = 3.5492  
2025-02-26 23:15:42.501  val_finetune_dtvu_steps_3/acc@01 = 0.2667  
2025-02-26 23:15:42.501  val_finetune_dtvu_steps_3/acc@05 = 0.5667  
2025-02-26 23:15:42.501  val_finetune_dtvu_steps_3/acc@10 = 0.7000  
2025-02-26 23:15:42.501  val_finetune_dtvu_steps_3/acc@20 = 0.8000  
2025-02-26 23:15:42.501  
  
2025-02-26 23:15:43.597  
  
2025-02-26 23:15:43.597  [TRN] epoch_40  
2025-02-26 23:15:43.597  =============================================  
2025-02-26 23:15:43.597  trn/loss = 2.6383  
2025-02-26 23:15:43.597  trn/acc@01 = 0.2704  
2025-02-26 23:15:43.597  trn/acc@05 = 0.6630  
2025-02-26 23:15:43.597  trn/acc@10 = 0.7981  
2025-02-26 23:15:43.597  trn/acc@20 = 0.9111  
2025-02-26 23:15:43.597  
  
2025-02-26 23:15:43.712  
  
2025-02-26 23:15:43.712  [VAL_FINETUNE_DTVU_STEPS_1] epoch_40  
2025-02-26 23:15:43.712  =============================================  
2025-02-26 23:15:43.712  val_finetune_dtvu_steps_1/loss = 4.1160  
2025-02-26 23:15:43.712  val_finetune_dtvu_steps_1/acc@01 = 0.2500  
2025-02-26 23:15:43.712  val_finetune_dtvu_steps_1/acc@05 = 0.5500  
2025-02-26 23:15:43.712  val_finetune_dtvu_steps_1/acc@10 = 0.6500  
2025-02-26 23:15:43.712  val_finetune_dtvu_steps_1/acc@20 = 0.7000  
2025-02-26 23:15:43.712  
  
2025-02-26 23:15:43.840  
  
2025-02-26 23:15:43.840  [VAL_FINETUNE_DTVU_STEPS_3] epoch_40  
2025-02-26 23:15:43.840  =============================================  
2025-02-26 23:15:43.840  val_finetune_dtvu_steps_3/loss = 3.6204  
2025-02-26 23:15:43.840  val_finetune_dtvu_steps_3/acc@01 = 0.2333  
2025-02-26 23:15:43.840  val_finetune_dtvu_steps_3/acc@05 = 0.5833  
2025-02-26 23:15:43.840  val_finetune_dtvu_steps_3/acc@10 = 0.6833  
2025-02-26 23:15:43.840  val_finetune_dtvu_steps_3/acc@20 = 0.7333  
2025-02-26 23:15:43.840  
  
2025-02-26 23:15:45.010  
  
2025-02-26 23:15:45.010  [TRN] epoch_41  
2025-02-26 23:15:45.010  =============================================  
2025-02-26 23:15:45.018  trn/loss = 2.6645  
2025-02-26 23:15:45.018  trn/acc@01 = 0.2911  
2025-02-26 23:15:45.018  trn/acc@05 = 0.6464  
2025-02-26 23:15:45.018  trn/acc@10 = 0.7964  
2025-02-26 23:15:45.019  trn/acc@20 = 0.8982  
2025-02-26 23:15:45.019  
  
2025-02-26 23:15:45.127  
  
2025-02-26 23:15:45.127  [VAL_FINETUNE_DTVU_STEPS_1] epoch_41  
2025-02-26 23:15:45.127  =============================================  
2025-02-26 23:15:45.127  val_finetune_dtvu_steps_1/loss = 3.8482  
2025-02-26 23:15:45.127  val_finetune_dtvu_steps_1/acc@01 = 0.3000  
2025-02-26 23:15:45.127  val_finetune_dtvu_steps_1/acc@05 = 0.6000  
2025-02-26 23:15:45.127  val_finetune_dtvu_steps_1/acc@10 = 0.7000  
2025-02-26 23:15:45.127  val_finetune_dtvu_steps_1/acc@20 = 0.7000  
2025-02-26 23:15:45.127  
  
2025-02-26 23:15:45.270  
  
2025-02-26 23:15:45.270  [VAL_FINETUNE_DTVU_STEPS_3] epoch_41  
2025-02-26 23:15:45.270  =============================================  
2025-02-26 23:15:45.270  val_finetune_dtvu_steps_3/loss = 3.5274  
2025-02-26 23:15:45.270  val_finetune_dtvu_steps_3/acc@01 = 0.2667  
2025-02-26 23:15:45.270  val_finetune_dtvu_steps_3/acc@05 = 0.5833  
2025-02-26 23:15:45.270  val_finetune_dtvu_steps_3/acc@10 = 0.6833  
2025-02-26 23:15:45.270  val_finetune_dtvu_steps_3/acc@20 = 0.7500  
2025-02-26 23:15:45.270  
  
2025-02-26 23:15:46.510  
  
2025-02-26 23:15:46.510  [TRN] epoch_42  
2025-02-26 23:15:46.510  =============================================  
2025-02-26 23:15:46.510  trn/loss = 2.5636  
2025-02-26 23:15:46.510  trn/acc@01 = 0.2932  
2025-02-26 23:15:46.510  trn/acc@05 = 0.6835  
2025-02-26 23:15:46.510  trn/acc@10 = 0.8117  
2025-02-26 23:15:46.510  trn/acc@20 = 0.9184  
2025-02-26 23:15:46.510  
  
2025-02-26 23:15:46.610  
  
2025-02-26 23:15:46.610  [VAL_FINETUNE_DTVU_STEPS_1] epoch_42  
2025-02-26 23:15:46.610  =============================================  
2025-02-26 23:15:46.610  val_finetune_dtvu_steps_1/loss = 4.0184  
2025-02-26 23:15:46.610  val_finetune_dtvu_steps_1/acc@01 = 0.3000  
2025-02-26 23:15:46.610  val_finetune_dtvu_steps_1/acc@05 = 0.5500  
2025-02-26 23:15:46.610  val_finetune_dtvu_steps_1/acc@10 = 0.7000  
2025-02-26 23:15:46.610  val_finetune_dtvu_steps_1/acc@20 = 0.7500  
2025-02-26 23:15:46.610  
  
2025-02-26 23:15:46.751  
  
2025-02-26 23:15:46.751  [VAL_FINETUNE_DTVU_STEPS_3] epoch_42  
2025-02-26 23:15:46.751  =============================================  
2025-02-26 23:15:46.751  val_finetune_dtvu_steps_3/loss = 3.5618  
2025-02-26 23:15:46.751  val_finetune_dtvu_steps_3/acc@01 = 0.2333  
2025-02-26 23:15:46.751  val_finetune_dtvu_steps_3/acc@05 = 0.5833  
2025-02-26 23:15:46.751  val_finetune_dtvu_steps_3/acc@10 = 0.7000  
2025-02-26 23:15:46.751  val_finetune_dtvu_steps_3/acc@20 = 0.7833  
2025-02-26 23:15:46.751  
  
2025-02-26 23:15:47.930  
  
2025-02-26 23:15:47.930  [TRN] epoch_43  
2025-02-26 23:15:47.930  =============================================  
2025-02-26 23:15:47.930  trn/loss = 2.8058  
2025-02-26 23:15:47.930  trn/acc@01 = 0.2681  
2025-02-26 23:15:47.930  trn/acc@05 = 0.6468  
2025-02-26 23:15:47.930  trn/acc@10 = 0.7830  
2025-02-26 23:15:47.930  trn/acc@20 = 0.8915  
2025-02-26 23:15:47.930  
  
2025-02-26 23:15:48.040  
  
2025-02-26 23:15:48.040  [VAL_FINETUNE_DTVU_STEPS_1] epoch_43  
2025-02-26 23:15:48.040  =============================================  
2025-02-26 23:15:48.040  val_finetune_dtvu_steps_1/loss = 3.9216  
2025-02-26 23:15:48.040  val_finetune_dtvu_steps_1/acc@01 = 0.3000  
2025-02-26 23:15:48.040  val_finetune_dtvu_steps_1/acc@05 = 0.6000  
2025-02-26 23:15:48.040  val_finetune_dtvu_steps_1/acc@10 = 0.7000  
2025-02-26 23:15:48.040  val_finetune_dtvu_steps_1/acc@20 = 0.7500  
2025-02-26 23:15:48.040  
  
2025-02-26 23:15:48.169  
  
2025-02-26 23:15:48.169  [VAL_FINETUNE_DTVU_STEPS_3] epoch_43  
2025-02-26 23:15:48.169  =============================================  
2025-02-26 23:15:48.170  val_finetune_dtvu_steps_3/loss = 3.4693  
2025-02-26 23:15:48.170  val_finetune_dtvu_steps_3/acc@01 = 0.2333  
2025-02-26 23:15:48.170  val_finetune_dtvu_steps_3/acc@05 = 0.5667  
2025-02-26 23:15:48.170  val_finetune_dtvu_steps_3/acc@10 = 0.7167  
2025-02-26 23:15:48.170  val_finetune_dtvu_steps_3/acc@20 = 0.7833  
2025-02-26 23:15:48.170  
  
2025-02-26 23:15:49.387  
  
2025-02-26 23:15:49.388  [TRN] epoch_44  
2025-02-26 23:15:49.388  =============================================  
2025-02-26 23:15:49.388  trn/loss = 2.6483  
2025-02-26 23:15:49.389  trn/acc@01 = 0.3264  
2025-02-26 23:15:49.389  trn/acc@05 = 0.6792  
2025-02-26 23:15:49.389  trn/acc@10 = 0.8000  
2025-02-26 23:15:49.389  trn/acc@20 = 0.8868  
2025-02-26 23:15:49.389  
  
2025-02-26 23:15:49.518  
  
2025-02-26 23:15:49.518  [VAL_FINETUNE_DTVU_STEPS_1] epoch_44  
2025-02-26 23:15:49.518  =============================================  
2025-02-26 23:15:49.519  val_finetune_dtvu_steps_1/loss = 4.0024  
2025-02-26 23:15:49.519  val_finetune_dtvu_steps_1/acc@01 = 0.3500  
2025-02-26 23:15:49.519  val_finetune_dtvu_steps_1/acc@05 = 0.5500  
2025-02-26 23:15:49.519  val_finetune_dtvu_steps_1/acc@10 = 0.6500  
2025-02-26 23:15:49.519  val_finetune_dtvu_steps_1/acc@20 = 0.7500  
2025-02-26 23:15:49.519  
  
2025-02-26 23:15:49.622  
  
2025-02-26 23:15:49.622  [VAL_FINETUNE_DTVU_STEPS_3] epoch_44  
2025-02-26 23:15:49.622  =============================================  
2025-02-26 23:15:49.622  val_finetune_dtvu_steps_3/loss = 3.5440  
2025-02-26 23:15:49.622  val_finetune_dtvu_steps_3/acc@01 = 0.2667  
2025-02-26 23:15:49.622  val_finetune_dtvu_steps_3/acc@05 = 0.6000  
2025-02-26 23:15:49.622  val_finetune_dtvu_steps_3/acc@10 = 0.6667  
2025-02-26 23:15:49.622  val_finetune_dtvu_steps_3/acc@20 = 0.7833  
2025-02-26 23:15:49.622  
  
2025-02-26 23:15:50.723  
  
2025-02-26 23:15:50.724  [TRN] epoch_45  
2025-02-26 23:15:50.724  =============================================  
2025-02-26 23:15:50.724  trn/loss = 2.5954  
2025-02-26 23:15:50.724  trn/acc@01 = 0.3260  
2025-02-26 23:15:50.724  trn/acc@05 = 0.6720  
2025-02-26 23:15:50.724  trn/acc@10 = 0.7920  
2025-02-26 23:15:50.724  trn/acc@20 = 0.9060  
2025-02-26 23:15:50.724  
  
2025-02-26 23:15:50.830  
  
2025-02-26 23:15:50.830  [VAL_FINETUNE_DTVU_STEPS_1] epoch_45  
2025-02-26 23:15:50.830  =============================================  
2025-02-26 23:15:50.832  val_finetune_dtvu_steps_1/loss = 4.0254  
2025-02-26 23:15:50.832  val_finetune_dtvu_steps_1/acc@01 = 0.2000  
2025-02-26 23:15:50.832  val_finetune_dtvu_steps_1/acc@05 = 0.6000  
2025-02-26 23:15:50.832  val_finetune_dtvu_steps_1/acc@10 = 0.7000  
2025-02-26 23:15:50.832  val_finetune_dtvu_steps_1/acc@20 = 0.7500  
2025-02-26 23:15:50.832  
  
2025-02-26 23:15:50.973  
  
2025-02-26 23:15:50.973  [VAL_FINETUNE_DTVU_STEPS_3] epoch_45  
2025-02-26 23:15:50.974  =============================================  
2025-02-26 23:15:50.974  val_finetune_dtvu_steps_3/loss = 3.4876  
2025-02-26 23:15:50.974  val_finetune_dtvu_steps_3/acc@01 = 0.1667  
2025-02-26 23:15:50.974  val_finetune_dtvu_steps_3/acc@05 = 0.6000  
2025-02-26 23:15:50.974  val_finetune_dtvu_steps_3/acc@10 = 0.7000  
2025-02-26 23:15:50.974  val_finetune_dtvu_steps_3/acc@20 = 0.7833  
2025-02-26 23:15:50.974  
  
2025-02-26 23:15:52.179  
  
2025-02-26 23:15:52.183  [TRN] epoch_46  
2025-02-26 23:15:52.183  =============================================  
2025-02-26 23:15:52.183  trn/loss = 2.6449  
2025-02-26 23:15:52.184  trn/acc@01 = 0.2811  
2025-02-26 23:15:52.184  trn/acc@05 = 0.6649  
2025-02-26 23:15:52.184  trn/acc@10 = 0.7694  
2025-02-26 23:15:52.184  trn/acc@20 = 0.8937  
2025-02-26 23:15:52.184  
  
2025-02-26 23:15:52.305  
  
2025-02-26 23:15:52.305  [VAL_FINETUNE_DTVU_STEPS_1] epoch_46  
2025-02-26 23:15:52.305  =============================================  
2025-02-26 23:15:52.305  val_finetune_dtvu_steps_1/loss = 4.0930  
2025-02-26 23:15:52.305  val_finetune_dtvu_steps_1/acc@01 = 0.3000  
2025-02-26 23:15:52.305  val_finetune_dtvu_steps_1/acc@05 = 0.5500  
2025-02-26 23:15:52.305  val_finetune_dtvu_steps_1/acc@10 = 0.6000  
2025-02-26 23:15:52.305  val_finetune_dtvu_steps_1/acc@20 = 0.7500  
2025-02-26 23:15:52.305  
  
2025-02-26 23:15:52.424  
  
2025-02-26 23:15:52.428  [VAL_FINETUNE_DTVU_STEPS_3] epoch_46  
2025-02-26 23:15:52.428  =============================================  
2025-02-26 23:15:52.428  val_finetune_dtvu_steps_3/loss = 3.4957  
2025-02-26 23:15:52.428  val_finetune_dtvu_steps_3/acc@01 = 0.2500  
2025-02-26 23:15:52.428  val_finetune_dtvu_steps_3/acc@05 = 0.5833  
2025-02-26 23:15:52.428  val_finetune_dtvu_steps_3/acc@10 = 0.6500  
2025-02-26 23:15:52.428  val_finetune_dtvu_steps_3/acc@20 = 0.8000  
2025-02-26 23:15:52.428  
  
2025-02-26 23:15:53.510  
  
2025-02-26 23:15:53.510  [TRN] epoch_47  
2025-02-26 23:15:53.510  =============================================  
2025-02-26 23:15:53.510  trn/loss = 2.5499  
2025-02-26 23:15:53.510  trn/acc@01 = 0.2925  
2025-02-26 23:15:53.510  trn/acc@05 = 0.6660  
2025-02-26 23:15:53.510  trn/acc@10 = 0.7830  
2025-02-26 23:15:53.510  trn/acc@20 = 0.8906  
2025-02-26 23:15:53.510  
  
2025-02-26 23:15:53.638  
  
2025-02-26 23:15:53.638  [VAL_FINETUNE_DTVU_STEPS_1] epoch_47  
2025-02-26 23:15:53.638  =============================================  
2025-02-26 23:15:53.638  val_finetune_dtvu_steps_1/loss = 4.0108  
2025-02-26 23:15:53.638  val_finetune_dtvu_steps_1/acc@01 = 0.3000  
2025-02-26 23:15:53.638  val_finetune_dtvu_steps_1/acc@05 = 0.6000  
2025-02-26 23:15:53.638  val_finetune_dtvu_steps_1/acc@10 = 0.6500  
2025-02-26 23:15:53.638  val_finetune_dtvu_steps_1/acc@20 = 0.7500  
2025-02-26 23:15:53.638  
  
2025-02-26 23:15:53.755  
  
2025-02-26 23:15:53.755  [VAL_FINETUNE_DTVU_STEPS_3] epoch_47  
2025-02-26 23:15:53.755  =============================================  
2025-02-26 23:15:53.755  val_finetune_dtvu_steps_3/loss = 3.3905  
2025-02-26 23:15:53.755  val_finetune_dtvu_steps_3/acc@01 = 0.2667  
2025-02-26 23:15:53.755  val_finetune_dtvu_steps_3/acc@05 = 0.6167  
2025-02-26 23:15:53.755  val_finetune_dtvu_steps_3/acc@10 = 0.6333  
2025-02-26 23:15:53.755  val_finetune_dtvu_steps_3/acc@20 = 0.8167  
2025-02-26 23:15:53.755  
  
2025-02-26 23:15:55.110  
  
2025-02-26 23:15:55.111  [TRN] epoch_48  
2025-02-26 23:15:55.111  =============================================  
2025-02-26 23:15:55.111  trn/loss = 2.5709  
2025-02-26 23:15:55.111  trn/acc@01 = 0.3200  
2025-02-26 23:15:55.112  trn/acc@05 = 0.6720  
2025-02-26 23:15:55.112  trn/acc@10 = 0.8220  
2025-02-26 23:15:55.113  trn/acc@20 = 0.9260  
2025-02-26 23:15:55.113  
  
2025-02-26 23:15:55.253  
  
2025-02-26 23:15:55.253  [VAL_FINETUNE_DTVU_STEPS_1] epoch_48  
2025-02-26 23:15:55.253  =============================================  
2025-02-26 23:15:55.253  val_finetune_dtvu_steps_1/loss = 4.2362  
2025-02-26 23:15:55.254  val_finetune_dtvu_steps_1/acc@01 = 0.2000  
2025-02-26 23:15:55.254  val_finetune_dtvu_steps_1/acc@05 = 0.5000  
2025-02-26 23:15:55.254  val_finetune_dtvu_steps_1/acc@10 = 0.6000  
2025-02-26 23:15:55.254  val_finetune_dtvu_steps_1/acc@20 = 0.7500  
2025-02-26 23:15:55.254  
  
2025-02-26 23:15:55.376  
  
2025-02-26 23:15:55.376  [VAL_FINETUNE_DTVU_STEPS_3] epoch_48  
2025-02-26 23:15:55.376  =============================================  
2025-02-26 23:15:55.376  val_finetune_dtvu_steps_3/loss = 3.6001  
2025-02-26 23:15:55.376  val_finetune_dtvu_steps_3/acc@01 = 0.2333  
2025-02-26 23:15:55.376  val_finetune_dtvu_steps_3/acc@05 = 0.5833  
2025-02-26 23:15:55.376  val_finetune_dtvu_steps_3/acc@10 = 0.6500  
2025-02-26 23:15:55.376  val_finetune_dtvu_steps_3/acc@20 = 0.8000  
2025-02-26 23:15:55.376  
  
2025-02-26 23:15:56.454  
  
2025-02-26 23:15:56.454  [TRN] epoch_49  
2025-02-26 23:15:56.454  =============================================  
2025-02-26 23:15:56.454  trn/loss = 2.5456  
2025-02-26 23:15:56.454  trn/acc@01 = 0.3473  
2025-02-26 23:15:56.454  trn/acc@05 = 0.6703  
2025-02-26 23:15:56.454  trn/acc@10 = 0.7890  
2025-02-26 23:15:56.454  trn/acc@20 = 0.8945  
2025-02-26 23:15:56.454  
  
2025-02-26 23:15:56.591  
  
2025-02-26 23:15:56.591  [VAL_FINETUNE_DTVU_STEPS_1] epoch_49  
2025-02-26 23:15:56.591  =============================================  
2025-02-26 23:15:56.591  val_finetune_dtvu_steps_1/loss = 4.1239  
2025-02-26 23:15:56.591  val_finetune_dtvu_steps_1/acc@01 = 0.2500  
2025-02-26 23:15:56.591  val_finetune_dtvu_steps_1/acc@05 = 0.5000  
2025-02-26 23:15:56.591  val_finetune_dtvu_steps_1/acc@10 = 0.6500  
2025-02-26 23:15:56.593  val_finetune_dtvu_steps_1/acc@20 = 0.7500  
2025-02-26 23:15:56.593  
  
2025-02-26 23:15:56.728  
  
2025-02-26 23:15:56.728  [VAL_FINETUNE_DTVU_STEPS_3] epoch_49  
2025-02-26 23:15:56.728  =============================================  
2025-02-26 23:15:56.728  val_finetune_dtvu_steps_3/loss = 3.5471  
2025-02-26 23:15:56.728  val_finetune_dtvu_steps_3/acc@01 = 0.2167  
2025-02-26 23:15:56.728  val_finetune_dtvu_steps_3/acc@05 = 0.5833  
2025-02-26 23:15:56.728  val_finetune_dtvu_steps_3/acc@10 = 0.7000  
2025-02-26 23:15:56.728  val_finetune_dtvu_steps_3/acc@20 = 0.8167  
2025-02-26 23:15:56.728  
  
