2025-02-27 02:51:06.750  
  
2025-02-27 02:51:06.750  [TRN] epoch_00  
2025-02-27 02:51:06.750  =============================================  
2025-02-27 02:51:06.750  trn/loss = 5.7711  
2025-02-27 02:51:06.750  trn/acc@01 = 0.0451  
2025-02-27 02:51:06.750  trn/acc@05 = 0.1941  
2025-02-27 02:51:06.750  trn/acc@10 = 0.2353  
2025-02-27 02:51:06.750  trn/acc@20 = 0.2824  
2025-02-27 02:51:06.750  
  
2025-02-27 02:51:06.782  
  
2025-02-27 02:51:06.782  [VAL_FINETUNE_DTVU_STEPS_1] epoch_00  
2025-02-27 02:51:06.782  =============================================  
2025-02-27 02:51:06.782  val_finetune_dtvu_steps_1/loss = 4.6792  
2025-02-27 02:51:06.782  val_finetune_dtvu_steps_1/acc@01 = 0.1000  
2025-02-27 02:51:06.782  val_finetune_dtvu_steps_1/acc@05 = 0.4000  
2025-02-27 02:51:06.799  val_finetune_dtvu_steps_1/acc@10 = 0.6000  
2025-02-27 02:51:06.799  val_finetune_dtvu_steps_1/acc@20 = 0.7000  
2025-02-27 02:51:06.799  
  
2025-02-27 02:51:06.838  
  
2025-02-27 02:51:06.838  [VAL_FINETUNE_DTVU_STEPS_3] epoch_00  
2025-02-27 02:51:06.838  =============================================  
2025-02-27 02:51:06.838  val_finetune_dtvu_steps_3/loss = 4.8543  
2025-02-27 02:51:06.838  val_finetune_dtvu_steps_3/acc@01 = 0.0500  
2025-02-27 02:51:06.838  val_finetune_dtvu_steps_3/acc@05 = 0.3333  
2025-02-27 02:51:06.838  val_finetune_dtvu_steps_3/acc@10 = 0.5167  
2025-02-27 02:51:06.838  val_finetune_dtvu_steps_3/acc@20 = 0.6167  
2025-02-27 02:51:06.838  
  
2025-02-27 02:51:07.149  
  
2025-02-27 02:51:07.164  [TRN] epoch_01  
2025-02-27 02:51:07.164  =============================================  
2025-02-27 02:51:07.164  trn/loss = 4.9717  
2025-02-27 02:51:07.164  trn/acc@01 = 0.1043  
2025-02-27 02:51:07.164  trn/acc@05 = 0.2939  
2025-02-27 02:51:07.164  trn/acc@10 = 0.4087  
2025-02-27 02:51:07.166  trn/acc@20 = 0.5113  
2025-02-27 02:51:07.166  
  
2025-02-27 02:51:07.196  
  
2025-02-27 02:51:07.196  [VAL_FINETUNE_DTVU_STEPS_1] epoch_01  
2025-02-27 02:51:07.196  =============================================  
2025-02-27 02:51:07.196  val_finetune_dtvu_steps_1/loss = 3.9345  
2025-02-27 02:51:07.196  val_finetune_dtvu_steps_1/acc@01 = 0.3000  
2025-02-27 02:51:07.196  val_finetune_dtvu_steps_1/acc@05 = 0.4000  
2025-02-27 02:51:07.196  val_finetune_dtvu_steps_1/acc@10 = 0.7000  
2025-02-27 02:51:07.196  val_finetune_dtvu_steps_1/acc@20 = 0.7500  
2025-02-27 02:51:07.196  
  
2025-02-27 02:51:07.227  
  
2025-02-27 02:51:07.227  [VAL_FINETUNE_DTVU_STEPS_3] epoch_01  
2025-02-27 02:51:07.227  =============================================  
2025-02-27 02:51:07.227  val_finetune_dtvu_steps_3/loss = 4.1757  
2025-02-27 02:51:07.227  val_finetune_dtvu_steps_3/acc@01 = 0.2333  
2025-02-27 02:51:07.227  val_finetune_dtvu_steps_3/acc@05 = 0.3333  
2025-02-27 02:51:07.227  val_finetune_dtvu_steps_3/acc@10 = 0.6667  
2025-02-27 02:51:07.227  val_finetune_dtvu_steps_3/acc@20 = 0.7167  
2025-02-27 02:51:07.227  
  
2025-02-27 02:51:07.545  
  
2025-02-27 02:51:07.545  [TRN] epoch_02  
2025-02-27 02:51:07.545  =============================================  
2025-02-27 02:51:07.545  trn/loss = 4.3300  
2025-02-27 02:51:07.545  trn/acc@01 = 0.2263  
2025-02-27 02:51:07.545  trn/acc@05 = 0.3919  
2025-02-27 02:51:07.545  trn/acc@10 = 0.4909  
2025-02-27 02:51:07.545  trn/acc@20 = 0.5758  
2025-02-27 02:51:07.545  
  
2025-02-27 02:51:07.592  
  
2025-02-27 02:51:07.592  [VAL_FINETUNE_DTVU_STEPS_1] epoch_02  
2025-02-27 02:51:07.592  =============================================  
2025-02-27 02:51:07.592  val_finetune_dtvu_steps_1/loss = 3.6683  
2025-02-27 02:51:07.592  val_finetune_dtvu_steps_1/acc@01 = 0.3000  
2025-02-27 02:51:07.592  val_finetune_dtvu_steps_1/acc@05 = 0.5500  
2025-02-27 02:51:07.592  val_finetune_dtvu_steps_1/acc@10 = 0.7000  
2025-02-27 02:51:07.592  val_finetune_dtvu_steps_1/acc@20 = 0.7500  
2025-02-27 02:51:07.592  
  
2025-02-27 02:51:07.623  
  
2025-02-27 02:51:07.623  [VAL_FINETUNE_DTVU_STEPS_3] epoch_02  
2025-02-27 02:51:07.623  =============================================  
2025-02-27 02:51:07.623  val_finetune_dtvu_steps_3/loss = 3.8477  
2025-02-27 02:51:07.623  val_finetune_dtvu_steps_3/acc@01 = 0.2667  
2025-02-27 02:51:07.623  val_finetune_dtvu_steps_3/acc@05 = 0.5667  
2025-02-27 02:51:07.623  val_finetune_dtvu_steps_3/acc@10 = 0.6667  
2025-02-27 02:51:07.623  val_finetune_dtvu_steps_3/acc@20 = 0.7667  
2025-02-27 02:51:07.623  
  
2025-02-27 02:51:07.973  
  
2025-02-27 02:51:07.973  [TRN] epoch_03  
2025-02-27 02:51:07.973  =============================================  
2025-02-27 02:51:07.973  trn/loss = 3.9875  
2025-02-27 02:51:07.973  trn/acc@01 = 0.2519  
2025-02-27 02:51:07.973  trn/acc@05 = 0.4904  
2025-02-27 02:51:07.973  trn/acc@10 = 0.5519  
2025-02-27 02:51:07.973  trn/acc@20 = 0.6288  
2025-02-27 02:51:07.973  
  
2025-02-27 02:51:08.016  
  
2025-02-27 02:51:08.017  [VAL_FINETUNE_DTVU_STEPS_1] epoch_03  
2025-02-27 02:51:08.017  =============================================  
2025-02-27 02:51:08.017  val_finetune_dtvu_steps_1/loss = 3.4050  
2025-02-27 02:51:08.017  val_finetune_dtvu_steps_1/acc@01 = 0.4000  
2025-02-27 02:51:08.017  val_finetune_dtvu_steps_1/acc@05 = 0.7000  
2025-02-27 02:51:08.017  val_finetune_dtvu_steps_1/acc@10 = 0.7500  
2025-02-27 02:51:08.017  val_finetune_dtvu_steps_1/acc@20 = 0.7500  
2025-02-27 02:51:08.017  
  
2025-02-27 02:51:08.063  
  
2025-02-27 02:51:08.063  [VAL_FINETUNE_DTVU_STEPS_3] epoch_03  
2025-02-27 02:51:08.063  =============================================  
2025-02-27 02:51:08.063  val_finetune_dtvu_steps_3/loss = 3.6204  
2025-02-27 02:51:08.063  val_finetune_dtvu_steps_3/acc@01 = 0.3833  
2025-02-27 02:51:08.063  val_finetune_dtvu_steps_3/acc@05 = 0.6500  
2025-02-27 02:51:08.063  val_finetune_dtvu_steps_3/acc@10 = 0.7333  
2025-02-27 02:51:08.064  val_finetune_dtvu_steps_3/acc@20 = 0.7667  
2025-02-27 02:51:08.064  
  
2025-02-27 02:51:08.383  
  
2025-02-27 02:51:08.383  [TRN] epoch_04  
2025-02-27 02:51:08.383  =============================================  
2025-02-27 02:51:08.384  trn/loss = 3.8635  
2025-02-27 02:51:08.384  trn/acc@01 = 0.2837  
2025-02-27 02:51:08.384  trn/acc@05 = 0.4980  
2025-02-27 02:51:08.384  trn/acc@10 = 0.5857  
2025-02-27 02:51:08.384  trn/acc@20 = 0.6633  
2025-02-27 02:51:08.384  
  
2025-02-27 02:51:08.415  
  
2025-02-27 02:51:08.415  [VAL_FINETUNE_DTVU_STEPS_1] epoch_04  
2025-02-27 02:51:08.415  =============================================  
2025-02-27 02:51:08.415  val_finetune_dtvu_steps_1/loss = 3.2192  
2025-02-27 02:51:08.415  val_finetune_dtvu_steps_1/acc@01 = 0.4000  
2025-02-27 02:51:08.415  val_finetune_dtvu_steps_1/acc@05 = 0.7000  
2025-02-27 02:51:08.415  val_finetune_dtvu_steps_1/acc@10 = 0.7500  
2025-02-27 02:51:08.415  val_finetune_dtvu_steps_1/acc@20 = 0.8500  
2025-02-27 02:51:08.415  
  
2025-02-27 02:51:08.449  
  
2025-02-27 02:51:08.449  [VAL_FINETUNE_DTVU_STEPS_3] epoch_04  
2025-02-27 02:51:08.449  =============================================  
2025-02-27 02:51:08.449  val_finetune_dtvu_steps_3/loss = 3.4937  
2025-02-27 02:51:08.449  val_finetune_dtvu_steps_3/acc@01 = 0.3833  
2025-02-27 02:51:08.449  val_finetune_dtvu_steps_3/acc@05 = 0.6167  
2025-02-27 02:51:08.449  val_finetune_dtvu_steps_3/acc@10 = 0.7333  
2025-02-27 02:51:08.449  val_finetune_dtvu_steps_3/acc@20 = 0.7667  
2025-02-27 02:51:08.449  
  
2025-02-27 02:51:08.785  
  
2025-02-27 02:51:08.785  [TRN] epoch_05  
2025-02-27 02:51:08.785  =============================================  
2025-02-27 02:51:08.785  trn/loss = 3.7928  
2025-02-27 02:51:08.785  trn/acc@01 = 0.2887  
2025-02-27 02:51:08.785  trn/acc@05 = 0.5189  
2025-02-27 02:51:08.785  trn/acc@10 = 0.5962  
2025-02-27 02:51:08.785  trn/acc@20 = 0.7189  
2025-02-27 02:51:08.785  
  
2025-02-27 02:51:08.824  
  
2025-02-27 02:51:08.824  [VAL_FINETUNE_DTVU_STEPS_1] epoch_05  
2025-02-27 02:51:08.824  =============================================  
2025-02-27 02:51:08.824  val_finetune_dtvu_steps_1/loss = 3.1452  
2025-02-27 02:51:08.824  val_finetune_dtvu_steps_1/acc@01 = 0.4000  
2025-02-27 02:51:08.824  val_finetune_dtvu_steps_1/acc@05 = 0.7000  
2025-02-27 02:51:08.824  val_finetune_dtvu_steps_1/acc@10 = 0.7500  
2025-02-27 02:51:08.824  val_finetune_dtvu_steps_1/acc@20 = 0.8500  
2025-02-27 02:51:08.825  
  
2025-02-27 02:51:08.865  
  
2025-02-27 02:51:08.865  [VAL_FINETUNE_DTVU_STEPS_3] epoch_05  
2025-02-27 02:51:08.865  =============================================  
2025-02-27 02:51:08.865  val_finetune_dtvu_steps_3/loss = 3.4011  
2025-02-27 02:51:08.865  val_finetune_dtvu_steps_3/acc@01 = 0.3833  
2025-02-27 02:51:08.865  val_finetune_dtvu_steps_3/acc@05 = 0.7167  
2025-02-27 02:51:08.865  val_finetune_dtvu_steps_3/acc@10 = 0.7333  
2025-02-27 02:51:08.865  val_finetune_dtvu_steps_3/acc@20 = 0.7667  
2025-02-27 02:51:08.865  
  
2025-02-27 02:51:09.187  
  
2025-02-27 02:51:09.187  [TRN] epoch_06  
2025-02-27 02:51:09.187  =============================================  
2025-02-27 02:51:09.187  trn/loss = 3.8733  
2025-02-27 02:51:09.187  trn/acc@01 = 0.2660  
2025-02-27 02:51:09.187  trn/acc@05 = 0.5040  
2025-02-27 02:51:09.187  trn/acc@10 = 0.5740  
2025-02-27 02:51:09.187  trn/acc@20 = 0.6600  
2025-02-27 02:51:09.187  
  
2025-02-27 02:51:09.235  
  
2025-02-27 02:51:09.235  [VAL_FINETUNE_DTVU_STEPS_1] epoch_06  
2025-02-27 02:51:09.235  =============================================  
2025-02-27 02:51:09.235  val_finetune_dtvu_steps_1/loss = 3.1359  
2025-02-27 02:51:09.235  val_finetune_dtvu_steps_1/acc@01 = 0.4000  
2025-02-27 02:51:09.235  val_finetune_dtvu_steps_1/acc@05 = 0.7500  
2025-02-27 02:51:09.235  val_finetune_dtvu_steps_1/acc@10 = 0.8000  
2025-02-27 02:51:09.235  val_finetune_dtvu_steps_1/acc@20 = 0.8500  
2025-02-27 02:51:09.235  
  
2025-02-27 02:51:09.277  
  
2025-02-27 02:51:09.277  [VAL_FINETUNE_DTVU_STEPS_3] epoch_06  
2025-02-27 02:51:09.277  =============================================  
2025-02-27 02:51:09.277  val_finetune_dtvu_steps_3/loss = 3.3694  
2025-02-27 02:51:09.277  val_finetune_dtvu_steps_3/acc@01 = 0.3833  
2025-02-27 02:51:09.277  val_finetune_dtvu_steps_3/acc@05 = 0.7167  
2025-02-27 02:51:09.277  val_finetune_dtvu_steps_3/acc@10 = 0.7500  
2025-02-27 02:51:09.277  val_finetune_dtvu_steps_3/acc@20 = 0.7667  
2025-02-27 02:51:09.277  
  
2025-02-27 02:51:09.624  
  
2025-02-27 02:51:09.625  [TRN] epoch_07  
2025-02-27 02:51:09.625  =============================================  
2025-02-27 02:51:09.625  trn/loss = 3.7783  
2025-02-27 02:51:09.625  trn/acc@01 = 0.2773  
2025-02-27 02:51:09.625  trn/acc@05 = 0.5042  
2025-02-27 02:51:09.625  trn/acc@10 = 0.5832  
2025-02-27 02:51:09.625  trn/acc@20 = 0.6773  
2025-02-27 02:51:09.625  
  
2025-02-27 02:51:09.669  
  
2025-02-27 02:51:09.669  [VAL_FINETUNE_DTVU_STEPS_1] epoch_07  
2025-02-27 02:51:09.669  =============================================  
2025-02-27 02:51:09.669  val_finetune_dtvu_steps_1/loss = 3.1307  
2025-02-27 02:51:09.669  val_finetune_dtvu_steps_1/acc@01 = 0.4000  
2025-02-27 02:51:09.669  val_finetune_dtvu_steps_1/acc@05 = 0.7500  
2025-02-27 02:51:09.669  val_finetune_dtvu_steps_1/acc@10 = 0.8000  
2025-02-27 02:51:09.669  val_finetune_dtvu_steps_1/acc@20 = 0.8500  
2025-02-27 02:51:09.669  
  
2025-02-27 02:51:09.707  
  
2025-02-27 02:51:09.708  [VAL_FINETUNE_DTVU_STEPS_3] epoch_07  
2025-02-27 02:51:09.708  =============================================  
2025-02-27 02:51:09.708  val_finetune_dtvu_steps_3/loss = 3.3616  
2025-02-27 02:51:09.708  val_finetune_dtvu_steps_3/acc@01 = 0.3833  
2025-02-27 02:51:09.708  val_finetune_dtvu_steps_3/acc@05 = 0.7167  
2025-02-27 02:51:09.708  val_finetune_dtvu_steps_3/acc@10 = 0.7500  
2025-02-27 02:51:09.708  val_finetune_dtvu_steps_3/acc@20 = 0.7667  
2025-02-27 02:51:09.708  
  
2025-02-27 02:51:10.030  
  
2025-02-27 02:51:10.030  [TRN] epoch_08  
2025-02-27 02:51:10.031  =============================================  
2025-02-27 02:51:10.031  trn/loss = 3.7060  
2025-02-27 02:51:10.031  trn/acc@01 = 0.2777  
2025-02-27 02:51:10.031  trn/acc@05 = 0.5146  
2025-02-27 02:51:10.031  trn/acc@10 = 0.6155  
2025-02-27 02:51:10.031  trn/acc@20 = 0.7010  
2025-02-27 02:51:10.031  
  
2025-02-27 02:51:10.057  
  
2025-02-27 02:51:10.057  [VAL_FINETUNE_DTVU_STEPS_1] epoch_08  
2025-02-27 02:51:10.057  =============================================  
2025-02-27 02:51:10.057  val_finetune_dtvu_steps_1/loss = 3.0468  
2025-02-27 02:51:10.057  val_finetune_dtvu_steps_1/acc@01 = 0.4000  
2025-02-27 02:51:10.057  val_finetune_dtvu_steps_1/acc@05 = 0.8500  
2025-02-27 02:51:10.057  val_finetune_dtvu_steps_1/acc@10 = 0.8500  
2025-02-27 02:51:10.057  val_finetune_dtvu_steps_1/acc@20 = 0.8500  
2025-02-27 02:51:10.057  
  
2025-02-27 02:51:10.114  
  
2025-02-27 02:51:10.114  [VAL_FINETUNE_DTVU_STEPS_3] epoch_08  
2025-02-27 02:51:10.114  =============================================  
2025-02-27 02:51:10.114  val_finetune_dtvu_steps_3/loss = 3.2178  
2025-02-27 02:51:10.114  val_finetune_dtvu_steps_3/acc@01 = 0.3833  
2025-02-27 02:51:10.114  val_finetune_dtvu_steps_3/acc@05 = 0.7167  
2025-02-27 02:51:10.114  val_finetune_dtvu_steps_3/acc@10 = 0.8000  
2025-02-27 02:51:10.114  val_finetune_dtvu_steps_3/acc@20 = 0.8000  
2025-02-27 02:51:10.114  
  
2025-02-27 02:51:10.451  
  
2025-02-27 02:51:10.452  [TRN] epoch_09  
2025-02-27 02:51:10.452  =============================================  
2025-02-27 02:51:10.452  trn/loss = 3.5742  
2025-02-27 02:51:10.452  trn/acc@01 = 0.2718  
2025-02-27 02:51:10.452  trn/acc@05 = 0.5748  
2025-02-27 02:51:10.452  trn/acc@10 = 0.6680  
2025-02-27 02:51:10.452  trn/acc@20 = 0.7398  
2025-02-27 02:51:10.452  
  
2025-02-27 02:51:10.495  
  
2025-02-27 02:51:10.496  [VAL_FINETUNE_DTVU_STEPS_1] epoch_09  
2025-02-27 02:51:10.496  =============================================  
2025-02-27 02:51:10.496  val_finetune_dtvu_steps_1/loss = 2.8407  
2025-02-27 02:51:10.496  val_finetune_dtvu_steps_1/acc@01 = 0.4000  
2025-02-27 02:51:10.496  val_finetune_dtvu_steps_1/acc@05 = 0.7500  
2025-02-27 02:51:10.496  val_finetune_dtvu_steps_1/acc@10 = 0.8500  
2025-02-27 02:51:10.496  val_finetune_dtvu_steps_1/acc@20 = 0.9000  
2025-02-27 02:51:10.496  
  
2025-02-27 02:51:10.535  
  
2025-02-27 02:51:10.535  [VAL_FINETUNE_DTVU_STEPS_3] epoch_09  
2025-02-27 02:51:10.535  =============================================  
2025-02-27 02:51:10.535  val_finetune_dtvu_steps_3/loss = 3.0214  
2025-02-27 02:51:10.535  val_finetune_dtvu_steps_3/acc@01 = 0.3833  
2025-02-27 02:51:10.535  val_finetune_dtvu_steps_3/acc@05 = 0.7167  
2025-02-27 02:51:10.535  val_finetune_dtvu_steps_3/acc@10 = 0.8000  
2025-02-27 02:51:10.535  val_finetune_dtvu_steps_3/acc@20 = 0.8333  
2025-02-27 02:51:10.535  
  
2025-02-27 02:51:10.886  
  
2025-02-27 02:51:10.886  [TRN] epoch_10  
2025-02-27 02:51:10.886  =============================================  
2025-02-27 02:51:10.886  trn/loss = 3.5016  
2025-02-27 02:51:10.886  trn/acc@01 = 0.2701  
2025-02-27 02:51:10.886  trn/acc@05 = 0.5453  
2025-02-27 02:51:10.886  trn/acc@10 = 0.6650  
2025-02-27 02:51:10.886  trn/acc@20 = 0.7675  
2025-02-27 02:51:10.886  
  
2025-02-27 02:51:10.931  
  
2025-02-27 02:51:10.931  [VAL_FINETUNE_DTVU_STEPS_1] epoch_10  
2025-02-27 02:51:10.931  =============================================  
2025-02-27 02:51:10.931  val_finetune_dtvu_steps_1/loss = 2.7931  
2025-02-27 02:51:10.934  val_finetune_dtvu_steps_1/acc@01 = 0.4000  
2025-02-27 02:51:10.934  val_finetune_dtvu_steps_1/acc@05 = 0.7500  
2025-02-27 02:51:10.934  val_finetune_dtvu_steps_1/acc@10 = 0.8000  
2025-02-27 02:51:10.934  val_finetune_dtvu_steps_1/acc@20 = 0.9000  
2025-02-27 02:51:10.934  
  
2025-02-27 02:51:10.974  
  
2025-02-27 02:51:10.974  [VAL_FINETUNE_DTVU_STEPS_3] epoch_10  
2025-02-27 02:51:10.974  =============================================  
2025-02-27 02:51:10.974  val_finetune_dtvu_steps_3/loss = 3.0583  
2025-02-27 02:51:10.974  val_finetune_dtvu_steps_3/acc@01 = 0.3833  
2025-02-27 02:51:10.974  val_finetune_dtvu_steps_3/acc@05 = 0.7167  
2025-02-27 02:51:10.974  val_finetune_dtvu_steps_3/acc@10 = 0.7833  
2025-02-27 02:51:10.974  val_finetune_dtvu_steps_3/acc@20 = 0.8333  
2025-02-27 02:51:10.974  
  
2025-02-27 02:51:11.311  
  
2025-02-27 02:51:11.312  [TRN] epoch_11  
2025-02-27 02:51:11.312  =============================================  
2025-02-27 02:51:11.312  trn/loss = 3.2854  
2025-02-27 02:51:11.312  trn/acc@01 = 0.2840  
2025-02-27 02:51:11.312  trn/acc@05 = 0.5760  
2025-02-27 02:51:11.312  trn/acc@10 = 0.6960  
2025-02-27 02:51:11.312  trn/acc@20 = 0.8020  
2025-02-27 02:51:11.312  
  
2025-02-27 02:51:11.340  
  
2025-02-27 02:51:11.340  [VAL_FINETUNE_DTVU_STEPS_1] epoch_11  
2025-02-27 02:51:11.340  =============================================  
2025-02-27 02:51:11.340  val_finetune_dtvu_steps_1/loss = 2.7509  
2025-02-27 02:51:11.340  val_finetune_dtvu_steps_1/acc@01 = 0.4000  
2025-02-27 02:51:11.340  val_finetune_dtvu_steps_1/acc@05 = 0.8000  
2025-02-27 02:51:11.340  val_finetune_dtvu_steps_1/acc@10 = 0.8000  
2025-02-27 02:51:11.340  val_finetune_dtvu_steps_1/acc@20 = 0.9000  
2025-02-27 02:51:11.340  
  
2025-02-27 02:51:11.389  
  
2025-02-27 02:51:11.389  [VAL_FINETUNE_DTVU_STEPS_3] epoch_11  
2025-02-27 02:51:11.389  =============================================  
2025-02-27 02:51:11.389  val_finetune_dtvu_steps_3/loss = 2.9625  
2025-02-27 02:51:11.389  val_finetune_dtvu_steps_3/acc@01 = 0.3833  
2025-02-27 02:51:11.389  val_finetune_dtvu_steps_3/acc@05 = 0.7333  
2025-02-27 02:51:11.389  val_finetune_dtvu_steps_3/acc@10 = 0.7833  
2025-02-27 02:51:11.389  val_finetune_dtvu_steps_3/acc@20 = 0.8333  
2025-02-27 02:51:11.389  
  
2025-02-27 02:51:11.745  
  
2025-02-27 02:51:11.745  [TRN] epoch_12  
2025-02-27 02:51:11.745  =============================================  
2025-02-27 02:51:11.745  trn/loss = 3.5526  
2025-02-27 02:51:11.745  trn/acc@01 = 0.2556  
2025-02-27 02:51:11.745  trn/acc@05 = 0.5089  
2025-02-27 02:51:11.745  trn/acc@10 = 0.6333  
2025-02-27 02:51:11.745  trn/acc@20 = 0.7511  
2025-02-27 02:51:11.745  
  
2025-02-27 02:51:11.783  
  
2025-02-27 02:51:11.783  [VAL_FINETUNE_DTVU_STEPS_1] epoch_12  
2025-02-27 02:51:11.783  =============================================  
2025-02-27 02:51:11.783  val_finetune_dtvu_steps_1/loss = 2.8463  
2025-02-27 02:51:11.783  val_finetune_dtvu_steps_1/acc@01 = 0.4000  
2025-02-27 02:51:11.783  val_finetune_dtvu_steps_1/acc@05 = 0.8000  
2025-02-27 02:51:11.784  val_finetune_dtvu_steps_1/acc@10 = 0.8000  
2025-02-27 02:51:11.784  val_finetune_dtvu_steps_1/acc@20 = 0.9000  
2025-02-27 02:51:11.784  
  
2025-02-27 02:51:11.826  
  
2025-02-27 02:51:11.826  [VAL_FINETUNE_DTVU_STEPS_3] epoch_12  
2025-02-27 02:51:11.826  =============================================  
2025-02-27 02:51:11.826  val_finetune_dtvu_steps_3/loss = 3.0415  
2025-02-27 02:51:11.826  val_finetune_dtvu_steps_3/acc@01 = 0.3833  
2025-02-27 02:51:11.826  val_finetune_dtvu_steps_3/acc@05 = 0.7667  
2025-02-27 02:51:11.826  val_finetune_dtvu_steps_3/acc@10 = 0.7833  
2025-02-27 02:51:11.826  val_finetune_dtvu_steps_3/acc@20 = 0.8667  
2025-02-27 02:51:11.826  
  
2025-02-27 02:51:12.162  
  
2025-02-27 02:51:12.162  [TRN] epoch_13  
2025-02-27 02:51:12.162  =============================================  
2025-02-27 02:51:12.162  trn/loss = 3.2231  
2025-02-27 02:51:12.162  trn/acc@01 = 0.2920  
2025-02-27 02:51:12.162  trn/acc@05 = 0.5920  
2025-02-27 02:51:12.162  trn/acc@10 = 0.7080  
2025-02-27 02:51:12.163  trn/acc@20 = 0.8420  
2025-02-27 02:51:12.163  
  
2025-02-27 02:51:12.200  
  
2025-02-27 02:51:12.200  [VAL_FINETUNE_DTVU_STEPS_1] epoch_13  
2025-02-27 02:51:12.200  =============================================  
2025-02-27 02:51:12.200  val_finetune_dtvu_steps_1/loss = 2.7755  
2025-02-27 02:51:12.200  val_finetune_dtvu_steps_1/acc@01 = 0.4000  
2025-02-27 02:51:12.200  val_finetune_dtvu_steps_1/acc@05 = 0.8000  
2025-02-27 02:51:12.200  val_finetune_dtvu_steps_1/acc@10 = 0.8000  
2025-02-27 02:51:12.200  val_finetune_dtvu_steps_1/acc@20 = 0.9000  
2025-02-27 02:51:12.200  
  
2025-02-27 02:51:12.249  
  
2025-02-27 02:51:12.249  [VAL_FINETUNE_DTVU_STEPS_3] epoch_13  
2025-02-27 02:51:12.249  =============================================  
2025-02-27 02:51:12.250  val_finetune_dtvu_steps_3/loss = 2.9668  
2025-02-27 02:51:12.250  val_finetune_dtvu_steps_3/acc@01 = 0.3833  
2025-02-27 02:51:12.250  val_finetune_dtvu_steps_3/acc@05 = 0.7667  
2025-02-27 02:51:12.250  val_finetune_dtvu_steps_3/acc@10 = 0.7833  
2025-02-27 02:51:12.250  val_finetune_dtvu_steps_3/acc@20 = 0.8667  
2025-02-27 02:51:12.250  
  
2025-02-27 02:51:12.588  
  
2025-02-27 02:51:12.589  [TRN] epoch_14  
2025-02-27 02:51:12.589  =============================================  
2025-02-27 02:51:12.589  trn/loss = 3.3914  
2025-02-27 02:51:12.589  trn/acc@01 = 0.2784  
2025-02-27 02:51:12.590  trn/acc@05 = 0.5235  
2025-02-27 02:51:12.590  trn/acc@10 = 0.6863  
2025-02-27 02:51:12.590  trn/acc@20 = 0.8078  
2025-02-27 02:51:12.590  
  
2025-02-27 02:51:12.629  
  
2025-02-27 02:51:12.629  [VAL_FINETUNE_DTVU_STEPS_1] epoch_14  
2025-02-27 02:51:12.629  =============================================  
2025-02-27 02:51:12.629  val_finetune_dtvu_steps_1/loss = 2.7548  
2025-02-27 02:51:12.629  val_finetune_dtvu_steps_1/acc@01 = 0.4000  
2025-02-27 02:51:12.629  val_finetune_dtvu_steps_1/acc@05 = 0.8000  
2025-02-27 02:51:12.629  val_finetune_dtvu_steps_1/acc@10 = 0.8500  
2025-02-27 02:51:12.630  val_finetune_dtvu_steps_1/acc@20 = 0.9000  
2025-02-27 02:51:12.630  
  
2025-02-27 02:51:12.660  
  
2025-02-27 02:51:12.660  [VAL_FINETUNE_DTVU_STEPS_3] epoch_14  
2025-02-27 02:51:12.660  =============================================  
2025-02-27 02:51:12.660  val_finetune_dtvu_steps_3/loss = 2.9459  
2025-02-27 02:51:12.660  val_finetune_dtvu_steps_3/acc@01 = 0.3833  
2025-02-27 02:51:12.660  val_finetune_dtvu_steps_3/acc@05 = 0.7667  
2025-02-27 02:51:12.660  val_finetune_dtvu_steps_3/acc@10 = 0.8000  
2025-02-27 02:51:12.660  val_finetune_dtvu_steps_3/acc@20 = 0.8333  
2025-02-27 02:51:12.660  
  
2025-02-27 02:51:13.023  
  
2025-02-27 02:51:13.023  [TRN] epoch_15  
2025-02-27 02:51:13.023  =============================================  
2025-02-27 02:51:13.023  trn/loss = 3.1501  
2025-02-27 02:51:13.023  trn/acc@01 = 0.2884  
2025-02-27 02:51:13.023  trn/acc@05 = 0.6105  
2025-02-27 02:51:13.023  trn/acc@10 = 0.7326  
2025-02-27 02:51:13.023  trn/acc@20 = 0.8105  
2025-02-27 02:51:13.023  
  
2025-02-27 02:51:13.069  
  
2025-02-27 02:51:13.069  [VAL_FINETUNE_DTVU_STEPS_1] epoch_15  
2025-02-27 02:51:13.069  =============================================  
2025-02-27 02:51:13.069  val_finetune_dtvu_steps_1/loss = 2.7466  
2025-02-27 02:51:13.069  val_finetune_dtvu_steps_1/acc@01 = 0.4000  
2025-02-27 02:51:13.069  val_finetune_dtvu_steps_1/acc@05 = 0.8000  
2025-02-27 02:51:13.070  val_finetune_dtvu_steps_1/acc@10 = 0.8500  
2025-02-27 02:51:13.070  val_finetune_dtvu_steps_1/acc@20 = 0.9000  
2025-02-27 02:51:13.070  
  
2025-02-27 02:51:13.102  
  
2025-02-27 02:51:13.102  [VAL_FINETUNE_DTVU_STEPS_3] epoch_15  
2025-02-27 02:51:13.102  =============================================  
2025-02-27 02:51:13.102  val_finetune_dtvu_steps_3/loss = 2.9381  
2025-02-27 02:51:13.102  val_finetune_dtvu_steps_3/acc@01 = 0.3833  
2025-02-27 02:51:13.102  val_finetune_dtvu_steps_3/acc@05 = 0.7667  
2025-02-27 02:51:13.102  val_finetune_dtvu_steps_3/acc@10 = 0.8000  
2025-02-27 02:51:13.102  val_finetune_dtvu_steps_3/acc@20 = 0.8333  
2025-02-27 02:51:13.102  
  
2025-02-27 02:51:13.418  
  
2025-02-27 02:51:13.434  [TRN] epoch_16  
2025-02-27 02:51:13.434  =============================================  
2025-02-27 02:51:13.434  trn/loss = 3.2680  
2025-02-27 02:51:13.434  trn/acc@01 = 0.2725  
2025-02-27 02:51:13.434  trn/acc@05 = 0.5736  
2025-02-27 02:51:13.434  trn/acc@10 = 0.7231  
2025-02-27 02:51:13.434  trn/acc@20 = 0.8198  
2025-02-27 02:51:13.434  
  
2025-02-27 02:51:13.465  
  
2025-02-27 02:51:13.465  [VAL_FINETUNE_DTVU_STEPS_1] epoch_16  
2025-02-27 02:51:13.465  =============================================  
2025-02-27 02:51:13.465  val_finetune_dtvu_steps_1/loss = 2.8472  
2025-02-27 02:51:13.465  val_finetune_dtvu_steps_1/acc@01 = 0.4000  
2025-02-27 02:51:13.465  val_finetune_dtvu_steps_1/acc@05 = 0.8000  
2025-02-27 02:51:13.465  val_finetune_dtvu_steps_1/acc@10 = 0.8500  
2025-02-27 02:51:13.465  val_finetune_dtvu_steps_1/acc@20 = 0.8500  
2025-02-27 02:51:13.465  
  
2025-02-27 02:51:13.512  
  
2025-02-27 02:51:13.512  [VAL_FINETUNE_DTVU_STEPS_3] epoch_16  
2025-02-27 02:51:13.512  =============================================  
2025-02-27 02:51:13.512  val_finetune_dtvu_steps_3/loss = 2.9602  
2025-02-27 02:51:13.512  val_finetune_dtvu_steps_3/acc@01 = 0.3833  
2025-02-27 02:51:13.512  val_finetune_dtvu_steps_3/acc@05 = 0.7500  
2025-02-27 02:51:13.512  val_finetune_dtvu_steps_3/acc@10 = 0.8000  
2025-02-27 02:51:13.512  val_finetune_dtvu_steps_3/acc@20 = 0.8000  
2025-02-27 02:51:13.512  
  
2025-02-27 02:51:13.856  
  
2025-02-27 02:51:13.856  [TRN] epoch_17  
2025-02-27 02:51:13.856  =============================================  
2025-02-27 02:51:13.856  trn/loss = 3.1807  
2025-02-27 02:51:13.856  trn/acc@01 = 0.2739  
2025-02-27 02:51:13.856  trn/acc@05 = 0.5748  
2025-02-27 02:51:13.856  trn/acc@10 = 0.6991  
2025-02-27 02:51:13.857  trn/acc@20 = 0.8324  
2025-02-27 02:51:13.857  
  
2025-02-27 02:51:13.890  
  
2025-02-27 02:51:13.890  [VAL_FINETUNE_DTVU_STEPS_1] epoch_17  
2025-02-27 02:51:13.890  =============================================  
2025-02-27 02:51:13.890  val_finetune_dtvu_steps_1/loss = 2.7874  
2025-02-27 02:51:13.890  val_finetune_dtvu_steps_1/acc@01 = 0.4000  
2025-02-27 02:51:13.890  val_finetune_dtvu_steps_1/acc@05 = 0.8000  
2025-02-27 02:51:13.890  val_finetune_dtvu_steps_1/acc@10 = 0.8500  
2025-02-27 02:51:13.890  val_finetune_dtvu_steps_1/acc@20 = 0.8500  
2025-02-27 02:51:13.890  
  
2025-02-27 02:51:13.922  
  
2025-02-27 02:51:13.922  [VAL_FINETUNE_DTVU_STEPS_3] epoch_17  
2025-02-27 02:51:13.922  =============================================  
2025-02-27 02:51:13.922  val_finetune_dtvu_steps_3/loss = 2.9643  
2025-02-27 02:51:13.922  val_finetune_dtvu_steps_3/acc@01 = 0.3500  
2025-02-27 02:51:13.922  val_finetune_dtvu_steps_3/acc@05 = 0.7333  
2025-02-27 02:51:13.922  val_finetune_dtvu_steps_3/acc@10 = 0.8000  
2025-02-27 02:51:13.922  val_finetune_dtvu_steps_3/acc@20 = 0.8333  
2025-02-27 02:51:13.922  
  
2025-02-27 02:51:14.259  
  
2025-02-27 02:51:14.259  [TRN] epoch_18  
2025-02-27 02:51:14.259  =============================================  
2025-02-27 02:51:14.259  trn/loss = 3.0959  
2025-02-27 02:51:14.259  trn/acc@01 = 0.3096  
2025-02-27 02:51:14.259  trn/acc@05 = 0.6019  
2025-02-27 02:51:14.259  trn/acc@10 = 0.7500  
2025-02-27 02:51:14.259  trn/acc@20 = 0.8635  
2025-02-27 02:51:14.259  
  
2025-02-27 02:51:14.306  
  
2025-02-27 02:51:14.306  [VAL_FINETUNE_DTVU_STEPS_1] epoch_18  
2025-02-27 02:51:14.306  =============================================  
2025-02-27 02:51:14.306  val_finetune_dtvu_steps_1/loss = 2.7384  
2025-02-27 02:51:14.306  val_finetune_dtvu_steps_1/acc@01 = 0.4000  
2025-02-27 02:51:14.306  val_finetune_dtvu_steps_1/acc@05 = 0.8000  
2025-02-27 02:51:14.306  val_finetune_dtvu_steps_1/acc@10 = 0.8500  
2025-02-27 02:51:14.306  val_finetune_dtvu_steps_1/acc@20 = 0.8500  
2025-02-27 02:51:14.306  
  
2025-02-27 02:51:14.348  
  
2025-02-27 02:51:14.348  [VAL_FINETUNE_DTVU_STEPS_3] epoch_18  
2025-02-27 02:51:14.348  =============================================  
2025-02-27 02:51:14.348  val_finetune_dtvu_steps_3/loss = 2.9212  
2025-02-27 02:51:14.348  val_finetune_dtvu_steps_3/acc@01 = 0.3833  
2025-02-27 02:51:14.348  val_finetune_dtvu_steps_3/acc@05 = 0.7333  
2025-02-27 02:51:14.348  val_finetune_dtvu_steps_3/acc@10 = 0.8000  
2025-02-27 02:51:14.348  val_finetune_dtvu_steps_3/acc@20 = 0.8333  
2025-02-27 02:51:14.348  
  
2025-02-27 02:51:14.661  
  
2025-02-27 02:51:14.661  [TRN] epoch_19  
2025-02-27 02:51:14.661  =============================================  
2025-02-27 02:51:14.661  trn/loss = 3.0150  
2025-02-27 02:51:14.661  trn/acc@01 = 0.3315  
2025-02-27 02:51:14.661  trn/acc@05 = 0.6144  
2025-02-27 02:51:14.661  trn/acc@10 = 0.7297  
2025-02-27 02:51:14.661  trn/acc@20 = 0.8703  
2025-02-27 02:51:14.661  
  
2025-02-27 02:51:14.706  
  
2025-02-27 02:51:14.706  [VAL_FINETUNE_DTVU_STEPS_1] epoch_19  
2025-02-27 02:51:14.706  =============================================  
2025-02-27 02:51:14.706  val_finetune_dtvu_steps_1/loss = 2.7504  
2025-02-27 02:51:14.706  val_finetune_dtvu_steps_1/acc@01 = 0.4000  
2025-02-27 02:51:14.706  val_finetune_dtvu_steps_1/acc@05 = 0.8000  
2025-02-27 02:51:14.707  val_finetune_dtvu_steps_1/acc@10 = 0.8000  
2025-02-27 02:51:14.707  val_finetune_dtvu_steps_1/acc@20 = 0.8500  
2025-02-27 02:51:14.707  
  
2025-02-27 02:51:14.739  
  
2025-02-27 02:51:14.739  [VAL_FINETUNE_DTVU_STEPS_3] epoch_19  
2025-02-27 02:51:14.739  =============================================  
2025-02-27 02:51:14.746  val_finetune_dtvu_steps_3/loss = 2.8684  
2025-02-27 02:51:14.746  val_finetune_dtvu_steps_3/acc@01 = 0.3833  
2025-02-27 02:51:14.746  val_finetune_dtvu_steps_3/acc@05 = 0.7500  
2025-02-27 02:51:14.746  val_finetune_dtvu_steps_3/acc@10 = 0.7833  
2025-02-27 02:51:14.746  val_finetune_dtvu_steps_3/acc@20 = 0.8333  
2025-02-27 02:51:14.746  
  
2025-02-27 02:51:15.056  
  
2025-02-27 02:51:15.060  [TRN] epoch_20  
2025-02-27 02:51:15.060  =============================================  
2025-02-27 02:51:15.060  trn/loss = 3.1663  
2025-02-27 02:51:15.060  trn/acc@01 = 0.2800  
2025-02-27 02:51:15.060  trn/acc@05 = 0.5771  
2025-02-27 02:51:15.060  trn/acc@10 = 0.6971  
2025-02-27 02:51:15.060  trn/acc@20 = 0.8476  
2025-02-27 02:51:15.060  
  
2025-02-27 02:51:15.093  
  
2025-02-27 02:51:15.093  [VAL_FINETUNE_DTVU_STEPS_1] epoch_20  
2025-02-27 02:51:15.093  =============================================  
2025-02-27 02:51:15.093  val_finetune_dtvu_steps_1/loss = 2.7574  
2025-02-27 02:51:15.093  val_finetune_dtvu_steps_1/acc@01 = 0.4500  
2025-02-27 02:51:15.093  val_finetune_dtvu_steps_1/acc@05 = 0.7500  
2025-02-27 02:51:15.093  val_finetune_dtvu_steps_1/acc@10 = 0.8000  
2025-02-27 02:51:15.093  val_finetune_dtvu_steps_1/acc@20 = 0.8500  
2025-02-27 02:51:15.093  
  
2025-02-27 02:51:15.139  
  
2025-02-27 02:51:15.139  [VAL_FINETUNE_DTVU_STEPS_3] epoch_20  
2025-02-27 02:51:15.139  =============================================  
2025-02-27 02:51:15.139  val_finetune_dtvu_steps_3/loss = 2.9036  
2025-02-27 02:51:15.139  val_finetune_dtvu_steps_3/acc@01 = 0.4000  
2025-02-27 02:51:15.139  val_finetune_dtvu_steps_3/acc@05 = 0.7333  
2025-02-27 02:51:15.139  val_finetune_dtvu_steps_3/acc@10 = 0.7833  
2025-02-27 02:51:15.139  val_finetune_dtvu_steps_3/acc@20 = 0.8333  
2025-02-27 02:51:15.139  
  
2025-02-27 02:51:15.452  
  
2025-02-27 02:51:15.452  [TRN] epoch_21  
2025-02-27 02:51:15.452  =============================================  
2025-02-27 02:51:15.452  trn/loss = 3.1175  
2025-02-27 02:51:15.452  trn/acc@01 = 0.2857  
2025-02-27 02:51:15.454  trn/acc@05 = 0.5898  
2025-02-27 02:51:15.454  trn/acc@10 = 0.6980  
2025-02-27 02:51:15.454  trn/acc@20 = 0.8367  
2025-02-27 02:51:15.454  
  
2025-02-27 02:51:15.488  
  
2025-02-27 02:51:15.488  [VAL_FINETUNE_DTVU_STEPS_1] epoch_21  
2025-02-27 02:51:15.488  =============================================  
2025-02-27 02:51:15.488  val_finetune_dtvu_steps_1/loss = 2.7873  
2025-02-27 02:51:15.488  val_finetune_dtvu_steps_1/acc@01 = 0.4000  
2025-02-27 02:51:15.488  val_finetune_dtvu_steps_1/acc@05 = 0.7500  
2025-02-27 02:51:15.488  val_finetune_dtvu_steps_1/acc@10 = 0.8500  
2025-02-27 02:51:15.488  val_finetune_dtvu_steps_1/acc@20 = 0.8500  
2025-02-27 02:51:15.488  
  
2025-02-27 02:51:15.526  
  
2025-02-27 02:51:15.526  [VAL_FINETUNE_DTVU_STEPS_3] epoch_21  
2025-02-27 02:51:15.526  =============================================  
2025-02-27 02:51:15.526  val_finetune_dtvu_steps_3/loss = 2.9430  
2025-02-27 02:51:15.526  val_finetune_dtvu_steps_3/acc@01 = 0.3833  
2025-02-27 02:51:15.526  val_finetune_dtvu_steps_3/acc@05 = 0.7000  
2025-02-27 02:51:15.526  val_finetune_dtvu_steps_3/acc@10 = 0.7833  
2025-02-27 02:51:15.526  val_finetune_dtvu_steps_3/acc@20 = 0.8333  
2025-02-27 02:51:15.526  
  
2025-02-27 02:51:15.834  
  
2025-02-27 02:51:15.834  [TRN] epoch_22  
2025-02-27 02:51:15.834  =============================================  
2025-02-27 02:51:15.834  trn/loss = 2.9610  
2025-02-27 02:51:15.834  trn/acc@01 = 0.2925  
2025-02-27 02:51:15.834  trn/acc@05 = 0.5868  
2025-02-27 02:51:15.834  trn/acc@10 = 0.7566  
2025-02-27 02:51:15.834  trn/acc@20 = 0.8698  
2025-02-27 02:51:15.834  
  
2025-02-27 02:51:15.866  
  
2025-02-27 02:51:15.866  [VAL_FINETUNE_DTVU_STEPS_1] epoch_22  
2025-02-27 02:51:15.866  =============================================  
2025-02-27 02:51:15.866  val_finetune_dtvu_steps_1/loss = 2.7405  
2025-02-27 02:51:15.866  val_finetune_dtvu_steps_1/acc@01 = 0.4000  
2025-02-27 02:51:15.866  val_finetune_dtvu_steps_1/acc@05 = 0.7500  
2025-02-27 02:51:15.866  val_finetune_dtvu_steps_1/acc@10 = 0.8500  
2025-02-27 02:51:15.866  val_finetune_dtvu_steps_1/acc@20 = 0.8500  
2025-02-27 02:51:15.866  
  
2025-02-27 02:51:15.903  
  
2025-02-27 02:51:15.903  [VAL_FINETUNE_DTVU_STEPS_3] epoch_22  
2025-02-27 02:51:15.903  =============================================  
2025-02-27 02:51:15.919  val_finetune_dtvu_steps_3/loss = 2.9011  
2025-02-27 02:51:15.919  val_finetune_dtvu_steps_3/acc@01 = 0.3833  
2025-02-27 02:51:15.919  val_finetune_dtvu_steps_3/acc@05 = 0.7000  
2025-02-27 02:51:15.919  val_finetune_dtvu_steps_3/acc@10 = 0.7833  
2025-02-27 02:51:15.919  val_finetune_dtvu_steps_3/acc@20 = 0.8333  
2025-02-27 02:51:15.919  
  
2025-02-27 02:51:16.394  
  
2025-02-27 02:51:16.394  [TRN] epoch_23  
2025-02-27 02:51:16.394  =============================================  
2025-02-27 02:51:16.394  trn/loss = 2.9415  
2025-02-27 02:51:16.394  trn/acc@01 = 0.3010  
2025-02-27 02:51:16.394  trn/acc@05 = 0.6020  
2025-02-27 02:51:16.394  trn/acc@10 = 0.7495  
2025-02-27 02:51:16.394  trn/acc@20 = 0.8465  
2025-02-27 02:51:16.394  
  
2025-02-27 02:51:16.443  
  
2025-02-27 02:51:16.443  [VAL_FINETUNE_DTVU_STEPS_1] epoch_23  
2025-02-27 02:51:16.443  =============================================  
2025-02-27 02:51:16.443  val_finetune_dtvu_steps_1/loss = 2.7403  
2025-02-27 02:51:16.443  val_finetune_dtvu_steps_1/acc@01 = 0.4000  
2025-02-27 02:51:16.443  val_finetune_dtvu_steps_1/acc@05 = 0.7500  
2025-02-27 02:51:16.443  val_finetune_dtvu_steps_1/acc@10 = 0.8500  
2025-02-27 02:51:16.443  val_finetune_dtvu_steps_1/acc@20 = 0.8500  
2025-02-27 02:51:16.443  
  
2025-02-27 02:51:16.473  
  
2025-02-27 02:51:16.473  [VAL_FINETUNE_DTVU_STEPS_3] epoch_23  
2025-02-27 02:51:16.473  =============================================  
2025-02-27 02:51:16.473  val_finetune_dtvu_steps_3/loss = 2.8959  
2025-02-27 02:51:16.473  val_finetune_dtvu_steps_3/acc@01 = 0.3833  
2025-02-27 02:51:16.473  val_finetune_dtvu_steps_3/acc@05 = 0.7167  
2025-02-27 02:51:16.473  val_finetune_dtvu_steps_3/acc@10 = 0.7833  
2025-02-27 02:51:16.473  val_finetune_dtvu_steps_3/acc@20 = 0.8333  
2025-02-27 02:51:16.473  
  
2025-02-27 02:51:16.799  
  
2025-02-27 02:51:16.799  [TRN] epoch_24  
2025-02-27 02:51:16.799  =============================================  
2025-02-27 02:51:16.799  trn/loss = 3.0291  
2025-02-27 02:51:16.799  trn/acc@01 = 0.2771  
2025-02-27 02:51:16.799  trn/acc@05 = 0.5771  
2025-02-27 02:51:16.799  trn/acc@10 = 0.7125  
2025-02-27 02:51:16.799  trn/acc@20 = 0.8583  
2025-02-27 02:51:16.799  
  
2025-02-27 02:51:16.847  
  
2025-02-27 02:51:16.847  [VAL_FINETUNE_DTVU_STEPS_1] epoch_24  
2025-02-27 02:51:16.847  =============================================  
2025-02-27 02:51:16.847  val_finetune_dtvu_steps_1/loss = 2.7522  
2025-02-27 02:51:16.847  val_finetune_dtvu_steps_1/acc@01 = 0.4000  
2025-02-27 02:51:16.847  val_finetune_dtvu_steps_1/acc@05 = 0.7500  
2025-02-27 02:51:16.847  val_finetune_dtvu_steps_1/acc@10 = 0.8000  
2025-02-27 02:51:16.847  val_finetune_dtvu_steps_1/acc@20 = 0.8500  
2025-02-27 02:51:16.847  
  
2025-02-27 02:51:16.891  
  
2025-02-27 02:51:16.891  [VAL_FINETUNE_DTVU_STEPS_3] epoch_24  
2025-02-27 02:51:16.891  =============================================  
2025-02-27 02:51:16.891  val_finetune_dtvu_steps_3/loss = 2.8848  
2025-02-27 02:51:16.891  val_finetune_dtvu_steps_3/acc@01 = 0.3667  
2025-02-27 02:51:16.891  val_finetune_dtvu_steps_3/acc@05 = 0.7167  
2025-02-27 02:51:16.891  val_finetune_dtvu_steps_3/acc@10 = 0.7833  
2025-02-27 02:51:16.891  val_finetune_dtvu_steps_3/acc@20 = 0.8500  
2025-02-27 02:51:16.891  
  
2025-02-27 02:51:17.207  
  
2025-02-27 02:51:17.207  [TRN] epoch_25  
2025-02-27 02:51:17.207  =============================================  
2025-02-27 02:51:17.207  trn/loss = 2.9803  
2025-02-27 02:51:17.207  trn/acc@01 = 0.3511  
2025-02-27 02:51:17.207  trn/acc@05 = 0.6133  
2025-02-27 02:51:17.207  trn/acc@10 = 0.7156  
2025-02-27 02:51:17.207  trn/acc@20 = 0.8533  
2025-02-27 02:51:17.207  
  
2025-02-27 02:51:17.241  
  
2025-02-27 02:51:17.241  [VAL_FINETUNE_DTVU_STEPS_1] epoch_25  
2025-02-27 02:51:17.241  =============================================  
2025-02-27 02:51:17.241  val_finetune_dtvu_steps_1/loss = 2.7050  
2025-02-27 02:51:17.241  val_finetune_dtvu_steps_1/acc@01 = 0.4000  
2025-02-27 02:51:17.241  val_finetune_dtvu_steps_1/acc@05 = 0.8500  
2025-02-27 02:51:17.241  val_finetune_dtvu_steps_1/acc@10 = 0.8500  
2025-02-27 02:51:17.241  val_finetune_dtvu_steps_1/acc@20 = 0.8500  
2025-02-27 02:51:17.241  
  
2025-02-27 02:51:17.279  
  
2025-02-27 02:51:17.279  [VAL_FINETUNE_DTVU_STEPS_3] epoch_25  
2025-02-27 02:51:17.279  =============================================  
2025-02-27 02:51:17.279  val_finetune_dtvu_steps_3/loss = 2.8837  
2025-02-27 02:51:17.279  val_finetune_dtvu_steps_3/acc@01 = 0.3833  
2025-02-27 02:51:17.279  val_finetune_dtvu_steps_3/acc@05 = 0.7500  
2025-02-27 02:51:17.279  val_finetune_dtvu_steps_3/acc@10 = 0.7833  
2025-02-27 02:51:17.279  val_finetune_dtvu_steps_3/acc@20 = 0.8000  
2025-02-27 02:51:17.279  
  
2025-02-27 02:51:17.591  
  
2025-02-27 02:51:17.591  [TRN] epoch_26  
2025-02-27 02:51:17.591  =============================================  
2025-02-27 02:51:17.591  trn/loss = 2.9739  
2025-02-27 02:51:17.591  trn/acc@01 = 0.2857  
2025-02-27 02:51:17.591  trn/acc@05 = 0.5867  
2025-02-27 02:51:17.591  trn/acc@10 = 0.7524  
2025-02-27 02:51:17.591  trn/acc@20 = 0.8724  
2025-02-27 02:51:17.591  
  
2025-02-27 02:51:17.634  
  
2025-02-27 02:51:17.634  [VAL_FINETUNE_DTVU_STEPS_1] epoch_26  
2025-02-27 02:51:17.634  =============================================  
2025-02-27 02:51:17.634  val_finetune_dtvu_steps_1/loss = 2.7934  
2025-02-27 02:51:17.634  val_finetune_dtvu_steps_1/acc@01 = 0.4000  
2025-02-27 02:51:17.634  val_finetune_dtvu_steps_1/acc@05 = 0.8000  
2025-02-27 02:51:17.634  val_finetune_dtvu_steps_1/acc@10 = 0.8500  
2025-02-27 02:51:17.634  val_finetune_dtvu_steps_1/acc@20 = 0.8500  
2025-02-27 02:51:17.634  
  
2025-02-27 02:51:17.675  
  
2025-02-27 02:51:17.675  [VAL_FINETUNE_DTVU_STEPS_3] epoch_26  
2025-02-27 02:51:17.675  =============================================  
2025-02-27 02:51:17.675  val_finetune_dtvu_steps_3/loss = 2.8963  
2025-02-27 02:51:17.675  val_finetune_dtvu_steps_3/acc@01 = 0.3833  
2025-02-27 02:51:17.675  val_finetune_dtvu_steps_3/acc@05 = 0.7333  
2025-02-27 02:51:17.675  val_finetune_dtvu_steps_3/acc@10 = 0.7833  
2025-02-27 02:51:17.675  val_finetune_dtvu_steps_3/acc@20 = 0.8000  
2025-02-27 02:51:17.675  
  
2025-02-27 02:51:17.971  
  
2025-02-27 02:51:17.971  [TRN] epoch_27  
2025-02-27 02:51:17.971  =============================================  
2025-02-27 02:51:17.971  trn/loss = 2.8922  
2025-02-27 02:51:17.987  trn/acc@01 = 0.3077  
2025-02-27 02:51:17.987  trn/acc@05 = 0.6154  
2025-02-27 02:51:17.987  trn/acc@10 = 0.7519  
2025-02-27 02:51:17.987  trn/acc@20 = 0.8692  
2025-02-27 02:51:17.987  
  
2025-02-27 02:51:18.018  
  
2025-02-27 02:51:18.018  [VAL_FINETUNE_DTVU_STEPS_1] epoch_27  
2025-02-27 02:51:18.018  =============================================  
2025-02-27 02:51:18.018  val_finetune_dtvu_steps_1/loss = 2.7512  
2025-02-27 02:51:18.018  val_finetune_dtvu_steps_1/acc@01 = 0.4000  
2025-02-27 02:51:18.018  val_finetune_dtvu_steps_1/acc@05 = 0.8000  
2025-02-27 02:51:18.018  val_finetune_dtvu_steps_1/acc@10 = 0.8500  
2025-02-27 02:51:18.018  val_finetune_dtvu_steps_1/acc@20 = 0.8500  
2025-02-27 02:51:18.018  
  
2025-02-27 02:51:18.065  
  
2025-02-27 02:51:18.065  [VAL_FINETUNE_DTVU_STEPS_3] epoch_27  
2025-02-27 02:51:18.065  =============================================  
2025-02-27 02:51:18.065  val_finetune_dtvu_steps_3/loss = 2.9119  
2025-02-27 02:51:18.065  val_finetune_dtvu_steps_3/acc@01 = 0.3833  
2025-02-27 02:51:18.065  val_finetune_dtvu_steps_3/acc@05 = 0.7333  
2025-02-27 02:51:18.065  val_finetune_dtvu_steps_3/acc@10 = 0.7833  
2025-02-27 02:51:18.065  val_finetune_dtvu_steps_3/acc@20 = 0.8167  
2025-02-27 02:51:18.065  
  
2025-02-27 02:51:18.353  
  
2025-02-27 02:51:18.353  [TRN] epoch_28  
2025-02-27 02:51:18.353  =============================================  
2025-02-27 02:51:18.353  trn/loss = 2.9774  
2025-02-27 02:51:18.353  trn/acc@01 = 0.2959  
2025-02-27 02:51:18.353  trn/acc@05 = 0.5653  
2025-02-27 02:51:18.353  trn/acc@10 = 0.7306  
2025-02-27 02:51:18.353  trn/acc@20 = 0.8592  
2025-02-27 02:51:18.353  
  
2025-02-27 02:51:18.391  
  
2025-02-27 02:51:18.391  [VAL_FINETUNE_DTVU_STEPS_1] epoch_28  
2025-02-27 02:51:18.391  =============================================  
2025-02-27 02:51:18.391  val_finetune_dtvu_steps_1/loss = 2.7187  
2025-02-27 02:51:18.391  val_finetune_dtvu_steps_1/acc@01 = 0.4000  
2025-02-27 02:51:18.391  val_finetune_dtvu_steps_1/acc@05 = 0.7500  
2025-02-27 02:51:18.391  val_finetune_dtvu_steps_1/acc@10 = 0.8500  
2025-02-27 02:51:18.391  val_finetune_dtvu_steps_1/acc@20 = 0.8500  
2025-02-27 02:51:18.391  
  
2025-02-27 02:51:18.431  
  
2025-02-27 02:51:18.431  [VAL_FINETUNE_DTVU_STEPS_3] epoch_28  
2025-02-27 02:51:18.431  =============================================  
2025-02-27 02:51:18.431  val_finetune_dtvu_steps_3/loss = 2.9254  
2025-02-27 02:51:18.431  val_finetune_dtvu_steps_3/acc@01 = 0.3833  
2025-02-27 02:51:18.431  val_finetune_dtvu_steps_3/acc@05 = 0.7000  
2025-02-27 02:51:18.431  val_finetune_dtvu_steps_3/acc@10 = 0.7833  
2025-02-27 02:51:18.431  val_finetune_dtvu_steps_3/acc@20 = 0.8167  
2025-02-27 02:51:18.431  
  
2025-02-27 02:51:18.740  
  
2025-02-27 02:51:18.740  [TRN] epoch_29  
2025-02-27 02:51:18.740  =============================================  
2025-02-27 02:51:18.740  trn/loss = 2.9975  
2025-02-27 02:51:18.740  trn/acc@01 = 0.3000  
2025-02-27 02:51:18.740  trn/acc@05 = 0.6023  
2025-02-27 02:51:18.740  trn/acc@10 = 0.7318  
2025-02-27 02:51:18.740  trn/acc@20 = 0.8795  
2025-02-27 02:51:18.740  
  
2025-02-27 02:51:18.777  
  
2025-02-27 02:51:18.777  [VAL_FINETUNE_DTVU_STEPS_1] epoch_29  
2025-02-27 02:51:18.777  =============================================  
2025-02-27 02:51:18.777  val_finetune_dtvu_steps_1/loss = 2.7070  
2025-02-27 02:51:18.777  val_finetune_dtvu_steps_1/acc@01 = 0.4000  
2025-02-27 02:51:18.777  val_finetune_dtvu_steps_1/acc@05 = 0.8000  
2025-02-27 02:51:18.777  val_finetune_dtvu_steps_1/acc@10 = 0.8500  
2025-02-27 02:51:18.777  val_finetune_dtvu_steps_1/acc@20 = 0.8500  
2025-02-27 02:51:18.777  
  
2025-02-27 02:51:18.808  
  
2025-02-27 02:51:18.808  [VAL_FINETUNE_DTVU_STEPS_3] epoch_29  
2025-02-27 02:51:18.808  =============================================  
2025-02-27 02:51:18.808  val_finetune_dtvu_steps_3/loss = 2.8981  
2025-02-27 02:51:18.808  val_finetune_dtvu_steps_3/acc@01 = 0.3833  
2025-02-27 02:51:18.808  val_finetune_dtvu_steps_3/acc@05 = 0.7167  
2025-02-27 02:51:18.808  val_finetune_dtvu_steps_3/acc@10 = 0.7833  
2025-02-27 02:51:18.808  val_finetune_dtvu_steps_3/acc@20 = 0.8167  
2025-02-27 02:51:18.808  
  
2025-02-27 02:51:19.120  
  
2025-02-27 02:51:19.120  [TRN] epoch_30  
2025-02-27 02:51:19.120  =============================================  
2025-02-27 02:51:19.120  trn/loss = 2.9590  
2025-02-27 02:51:19.120  trn/acc@01 = 0.2969  
2025-02-27 02:51:19.120  trn/acc@05 = 0.6082  
2025-02-27 02:51:19.120  trn/acc@10 = 0.7526  
2025-02-27 02:51:19.120  trn/acc@20 = 0.8536  
2025-02-27 02:51:19.120  
  
2025-02-27 02:51:19.161  
  
2025-02-27 02:51:19.161  [VAL_FINETUNE_DTVU_STEPS_1] epoch_30  
2025-02-27 02:51:19.161  =============================================  
2025-02-27 02:51:19.161  val_finetune_dtvu_steps_1/loss = 2.7102  
2025-02-27 02:51:19.161  val_finetune_dtvu_steps_1/acc@01 = 0.4500  
2025-02-27 02:51:19.161  val_finetune_dtvu_steps_1/acc@05 = 0.7500  
2025-02-27 02:51:19.161  val_finetune_dtvu_steps_1/acc@10 = 0.8500  
2025-02-27 02:51:19.161  val_finetune_dtvu_steps_1/acc@20 = 0.8500  
2025-02-27 02:51:19.161  
  
2025-02-27 02:51:19.199  
  
2025-02-27 02:51:19.199  [VAL_FINETUNE_DTVU_STEPS_3] epoch_30  
2025-02-27 02:51:19.199  =============================================  
2025-02-27 02:51:19.199  val_finetune_dtvu_steps_3/loss = 2.9037  
2025-02-27 02:51:19.199  val_finetune_dtvu_steps_3/acc@01 = 0.3667  
2025-02-27 02:51:19.199  val_finetune_dtvu_steps_3/acc@05 = 0.7000  
2025-02-27 02:51:19.199  val_finetune_dtvu_steps_3/acc@10 = 0.7833  
2025-02-27 02:51:19.199  val_finetune_dtvu_steps_3/acc@20 = 0.8167  
2025-02-27 02:51:19.199  
  
2025-02-27 02:51:19.506  
  
2025-02-27 02:51:19.506  [TRN] epoch_31  
2025-02-27 02:51:19.506  =============================================  
2025-02-27 02:51:19.506  trn/loss = 2.8591  
2025-02-27 02:51:19.506  trn/acc@01 = 0.3018  
2025-02-27 02:51:19.506  trn/acc@05 = 0.6161  
2025-02-27 02:51:19.506  trn/acc@10 = 0.7518  
2025-02-27 02:51:19.506  trn/acc@20 = 0.8821  
2025-02-27 02:51:19.506  
  
2025-02-27 02:51:19.540  
  
2025-02-27 02:51:19.540  [VAL_FINETUNE_DTVU_STEPS_1] epoch_31  
2025-02-27 02:51:19.540  =============================================  
2025-02-27 02:51:19.540  val_finetune_dtvu_steps_1/loss = 2.7102  
2025-02-27 02:51:19.540  val_finetune_dtvu_steps_1/acc@01 = 0.4500  
2025-02-27 02:51:19.540  val_finetune_dtvu_steps_1/acc@05 = 0.7500  
2025-02-27 02:51:19.540  val_finetune_dtvu_steps_1/acc@10 = 0.8500  
2025-02-27 02:51:19.540  val_finetune_dtvu_steps_1/acc@20 = 0.8500  
2025-02-27 02:51:19.540  
  
2025-02-27 02:51:19.573  
  
2025-02-27 02:51:19.573  [VAL_FINETUNE_DTVU_STEPS_3] epoch_31  
2025-02-27 02:51:19.573  =============================================  
2025-02-27 02:51:19.573  val_finetune_dtvu_steps_3/loss = 2.9039  
2025-02-27 02:51:19.573  val_finetune_dtvu_steps_3/acc@01 = 0.3667  
2025-02-27 02:51:19.573  val_finetune_dtvu_steps_3/acc@05 = 0.7000  
2025-02-27 02:51:19.573  val_finetune_dtvu_steps_3/acc@10 = 0.7833  
2025-02-27 02:51:19.573  val_finetune_dtvu_steps_3/acc@20 = 0.8167  
2025-02-27 02:51:19.573  
  
2025-02-27 02:51:19.888  
  
2025-02-27 02:51:19.888  [TRN] epoch_32  
2025-02-27 02:51:19.888  =============================================  
2025-02-27 02:51:19.889  trn/loss = 2.9530  
2025-02-27 02:51:19.889  trn/acc@01 = 0.3125  
2025-02-27 02:51:19.889  trn/acc@05 = 0.5917  
2025-02-27 02:51:19.889  trn/acc@10 = 0.7396  
2025-02-27 02:51:19.889  trn/acc@20 = 0.8562  
2025-02-27 02:51:19.889  
  
2025-02-27 02:51:19.933  
  
2025-02-27 02:51:19.933  [VAL_FINETUNE_DTVU_STEPS_1] epoch_32  
2025-02-27 02:51:19.933  =============================================  
2025-02-27 02:51:19.933  val_finetune_dtvu_steps_1/loss = 2.6993  
2025-02-27 02:51:19.933  val_finetune_dtvu_steps_1/acc@01 = 0.4000  
2025-02-27 02:51:19.933  val_finetune_dtvu_steps_1/acc@05 = 0.7500  
2025-02-27 02:51:19.933  val_finetune_dtvu_steps_1/acc@10 = 0.8500  
2025-02-27 02:51:19.933  val_finetune_dtvu_steps_1/acc@20 = 0.8500  
2025-02-27 02:51:19.933  
  
2025-02-27 02:51:19.969  
  
2025-02-27 02:51:19.969  [VAL_FINETUNE_DTVU_STEPS_3] epoch_32  
2025-02-27 02:51:19.969  =============================================  
2025-02-27 02:51:19.969  val_finetune_dtvu_steps_3/loss = 2.8534  
2025-02-27 02:51:19.969  val_finetune_dtvu_steps_3/acc@01 = 0.3833  
2025-02-27 02:51:19.969  val_finetune_dtvu_steps_3/acc@05 = 0.7000  
2025-02-27 02:51:19.969  val_finetune_dtvu_steps_3/acc@10 = 0.7833  
2025-02-27 02:51:19.969  val_finetune_dtvu_steps_3/acc@20 = 0.8167  
2025-02-27 02:51:19.969  
  
2025-02-27 02:51:20.279  
  
2025-02-27 02:51:20.279  [TRN] epoch_33  
2025-02-27 02:51:20.279  =============================================  
2025-02-27 02:51:20.279  trn/loss = 2.7932  
2025-02-27 02:51:20.279  trn/acc@01 = 0.3109  
2025-02-27 02:51:20.279  trn/acc@05 = 0.6304  
2025-02-27 02:51:20.279  trn/acc@10 = 0.7435  
2025-02-27 02:51:20.279  trn/acc@20 = 0.8826  
2025-02-27 02:51:20.279  
  
2025-02-27 02:51:20.314  
  
2025-02-27 02:51:20.314  [VAL_FINETUNE_DTVU_STEPS_1] epoch_33  
2025-02-27 02:51:20.314  =============================================  
2025-02-27 02:51:20.314  val_finetune_dtvu_steps_1/loss = 2.7352  
2025-02-27 02:51:20.314  val_finetune_dtvu_steps_1/acc@01 = 0.3500  
2025-02-27 02:51:20.314  val_finetune_dtvu_steps_1/acc@05 = 0.8000  
2025-02-27 02:51:20.314  val_finetune_dtvu_steps_1/acc@10 = 0.8500  
2025-02-27 02:51:20.314  val_finetune_dtvu_steps_1/acc@20 = 0.8500  
2025-02-27 02:51:20.314  
  
2025-02-27 02:51:20.341  
  
2025-02-27 02:51:20.341  [VAL_FINETUNE_DTVU_STEPS_3] epoch_33  
2025-02-27 02:51:20.341  =============================================  
2025-02-27 02:51:20.341  val_finetune_dtvu_steps_3/loss = 2.8422  
2025-02-27 02:51:20.341  val_finetune_dtvu_steps_3/acc@01 = 0.3333  
2025-02-27 02:51:20.341  val_finetune_dtvu_steps_3/acc@05 = 0.7500  
2025-02-27 02:51:20.341  val_finetune_dtvu_steps_3/acc@10 = 0.7833  
2025-02-27 02:51:20.341  val_finetune_dtvu_steps_3/acc@20 = 0.8000  
2025-02-27 02:51:20.341  
  
2025-02-27 02:51:20.641  
  
2025-02-27 02:51:20.641  [TRN] epoch_34  
2025-02-27 02:51:20.641  =============================================  
2025-02-27 02:51:20.641  trn/loss = 2.8278  
2025-02-27 02:51:20.641  trn/acc@01 = 0.3185  
2025-02-27 02:51:20.641  trn/acc@05 = 0.6278  
2025-02-27 02:51:20.641  trn/acc@10 = 0.7426  
2025-02-27 02:51:20.641  trn/acc@20 = 0.8685  
2025-02-27 02:51:20.641  
  
2025-02-27 02:51:20.675  
  
2025-02-27 02:51:20.675  [VAL_FINETUNE_DTVU_STEPS_1] epoch_34  
2025-02-27 02:51:20.675  =============================================  
2025-02-27 02:51:20.675  val_finetune_dtvu_steps_1/loss = 2.8325  
2025-02-27 02:51:20.675  val_finetune_dtvu_steps_1/acc@01 = 0.4000  
2025-02-27 02:51:20.675  val_finetune_dtvu_steps_1/acc@05 = 0.7000  
2025-02-27 02:51:20.675  val_finetune_dtvu_steps_1/acc@10 = 0.8000  
2025-02-27 02:51:20.675  val_finetune_dtvu_steps_1/acc@20 = 0.8500  
2025-02-27 02:51:20.675  
  
2025-02-27 02:51:20.722  
  
2025-02-27 02:51:20.722  [VAL_FINETUNE_DTVU_STEPS_3] epoch_34  
2025-02-27 02:51:20.722  =============================================  
2025-02-27 02:51:20.722  val_finetune_dtvu_steps_3/loss = 2.9861  
2025-02-27 02:51:20.722  val_finetune_dtvu_steps_3/acc@01 = 0.3500  
2025-02-27 02:51:20.722  val_finetune_dtvu_steps_3/acc@05 = 0.7167  
2025-02-27 02:51:20.722  val_finetune_dtvu_steps_3/acc@10 = 0.7667  
2025-02-27 02:51:20.722  val_finetune_dtvu_steps_3/acc@20 = 0.7833  
2025-02-27 02:51:20.722  
  
2025-02-27 02:51:21.045  
  
2025-02-27 02:51:21.045  [TRN] epoch_35  
2025-02-27 02:51:21.045  =============================================  
2025-02-27 02:51:21.045  trn/loss = 2.8268  
2025-02-27 02:51:21.045  trn/acc@01 = 0.3185  
2025-02-27 02:51:21.045  trn/acc@05 = 0.6056  
2025-02-27 02:51:21.045  trn/acc@10 = 0.7444  
2025-02-27 02:51:21.045  trn/acc@20 = 0.8611  
2025-02-27 02:51:21.045  
  
2025-02-27 02:51:21.067  
  
2025-02-27 02:51:21.067  [VAL_FINETUNE_DTVU_STEPS_1] epoch_35  
2025-02-27 02:51:21.067  =============================================  
2025-02-27 02:51:21.067  val_finetune_dtvu_steps_1/loss = 2.6732  
2025-02-27 02:51:21.067  val_finetune_dtvu_steps_1/acc@01 = 0.4000  
2025-02-27 02:51:21.067  val_finetune_dtvu_steps_1/acc@05 = 0.7500  
2025-02-27 02:51:21.067  val_finetune_dtvu_steps_1/acc@10 = 0.8000  
2025-02-27 02:51:21.067  val_finetune_dtvu_steps_1/acc@20 = 0.8500  
2025-02-27 02:51:21.067  
  
2025-02-27 02:51:21.115  
  
2025-02-27 02:51:21.115  [VAL_FINETUNE_DTVU_STEPS_3] epoch_35  
2025-02-27 02:51:21.115  =============================================  
2025-02-27 02:51:21.115  val_finetune_dtvu_steps_3/loss = 2.8569  
2025-02-27 02:51:21.115  val_finetune_dtvu_steps_3/acc@01 = 0.3833  
2025-02-27 02:51:21.115  val_finetune_dtvu_steps_3/acc@05 = 0.7500  
2025-02-27 02:51:21.115  val_finetune_dtvu_steps_3/acc@10 = 0.7667  
2025-02-27 02:51:21.115  val_finetune_dtvu_steps_3/acc@20 = 0.8000  
2025-02-27 02:51:21.115  
  
2025-02-27 02:51:21.429  
  
2025-02-27 02:51:21.429  [TRN] epoch_36  
2025-02-27 02:51:21.429  =============================================  
2025-02-27 02:51:21.429  trn/loss = 2.6715  
2025-02-27 02:51:21.429  trn/acc@01 = 0.3657  
2025-02-27 02:51:21.429  trn/acc@05 = 0.6626  
2025-02-27 02:51:21.429  trn/acc@10 = 0.7697  
2025-02-27 02:51:21.429  trn/acc@20 = 0.8768  
2025-02-27 02:51:21.429  
  
2025-02-27 02:51:21.474  
  
2025-02-27 02:51:21.474  [VAL_FINETUNE_DTVU_STEPS_1] epoch_36  
2025-02-27 02:51:21.474  =============================================  
2025-02-27 02:51:21.474  val_finetune_dtvu_steps_1/loss = 2.6410  
2025-02-27 02:51:21.474  val_finetune_dtvu_steps_1/acc@01 = 0.4500  
2025-02-27 02:51:21.474  val_finetune_dtvu_steps_1/acc@05 = 0.7500  
2025-02-27 02:51:21.474  val_finetune_dtvu_steps_1/acc@10 = 0.8000  
2025-02-27 02:51:21.474  val_finetune_dtvu_steps_1/acc@20 = 0.9000  
2025-02-27 02:51:21.474  
  
2025-02-27 02:51:21.512  
  
2025-02-27 02:51:21.512  [VAL_FINETUNE_DTVU_STEPS_3] epoch_36  
2025-02-27 02:51:21.512  =============================================  
2025-02-27 02:51:21.512  val_finetune_dtvu_steps_3/loss = 2.8492  
2025-02-27 02:51:21.512  val_finetune_dtvu_steps_3/acc@01 = 0.3667  
2025-02-27 02:51:21.512  val_finetune_dtvu_steps_3/acc@05 = 0.7500  
2025-02-27 02:51:21.512  val_finetune_dtvu_steps_3/acc@10 = 0.7667  
2025-02-27 02:51:21.512  val_finetune_dtvu_steps_3/acc@20 = 0.8333  
2025-02-27 02:51:21.512  
  
2025-02-27 02:51:21.840  
  
2025-02-27 02:51:21.840  [TRN] epoch_37  
2025-02-27 02:51:21.840  =============================================  
2025-02-27 02:51:21.840  trn/loss = 2.7293  
2025-02-27 02:51:21.840  trn/acc@01 = 0.3406  
2025-02-27 02:51:21.840  trn/acc@05 = 0.6317  
2025-02-27 02:51:21.840  trn/acc@10 = 0.7644  
2025-02-27 02:51:21.840  trn/acc@20 = 0.8693  
2025-02-27 02:51:21.840  
  
2025-02-27 02:51:21.872  
  
2025-02-27 02:51:21.872  [VAL_FINETUNE_DTVU_STEPS_1] epoch_37  
2025-02-27 02:51:21.872  =============================================  
2025-02-27 02:51:21.872  val_finetune_dtvu_steps_1/loss = 2.6729  
2025-02-27 02:51:21.872  val_finetune_dtvu_steps_1/acc@01 = 0.4000  
2025-02-27 02:51:21.872  val_finetune_dtvu_steps_1/acc@05 = 0.7500  
2025-02-27 02:51:21.872  val_finetune_dtvu_steps_1/acc@10 = 0.8500  
2025-02-27 02:51:21.872  val_finetune_dtvu_steps_1/acc@20 = 0.9000  
2025-02-27 02:51:21.872  
  
2025-02-27 02:51:21.937  
  
2025-02-27 02:51:21.937  [VAL_FINETUNE_DTVU_STEPS_3] epoch_37  
2025-02-27 02:51:21.937  =============================================  
2025-02-27 02:51:21.937  val_finetune_dtvu_steps_3/loss = 2.8728  
2025-02-27 02:51:21.937  val_finetune_dtvu_steps_3/acc@01 = 0.3833  
2025-02-27 02:51:21.937  val_finetune_dtvu_steps_3/acc@05 = 0.7167  
2025-02-27 02:51:21.937  val_finetune_dtvu_steps_3/acc@10 = 0.7833  
2025-02-27 02:51:21.937  val_finetune_dtvu_steps_3/acc@20 = 0.8333  
2025-02-27 02:51:21.937  
  
2025-02-27 02:51:22.276  
  
2025-02-27 02:51:22.276  [TRN] epoch_38  
2025-02-27 02:51:22.276  =============================================  
2025-02-27 02:51:22.276  trn/loss = 2.6412  
2025-02-27 02:51:22.276  trn/acc@01 = 0.3407  
2025-02-27 02:51:22.276  trn/acc@05 = 0.6333  
2025-02-27 02:51:22.276  trn/acc@10 = 0.7556  
2025-02-27 02:51:22.276  trn/acc@20 = 0.8926  
2025-02-27 02:51:22.276  
  
2025-02-27 02:51:22.298  
  
2025-02-27 02:51:22.298  [VAL_FINETUNE_DTVU_STEPS_1] epoch_38  
2025-02-27 02:51:22.298  =============================================  
2025-02-27 02:51:22.298  val_finetune_dtvu_steps_1/loss = 2.6802  
2025-02-27 02:51:22.298  val_finetune_dtvu_steps_1/acc@01 = 0.4000  
2025-02-27 02:51:22.298  val_finetune_dtvu_steps_1/acc@05 = 0.7500  
2025-02-27 02:51:22.298  val_finetune_dtvu_steps_1/acc@10 = 0.8500  
2025-02-27 02:51:22.298  val_finetune_dtvu_steps_1/acc@20 = 0.9000  
2025-02-27 02:51:22.298  
  
2025-02-27 02:51:22.346  
  
2025-02-27 02:51:22.346  [VAL_FINETUNE_DTVU_STEPS_3] epoch_38  
2025-02-27 02:51:22.346  =============================================  
2025-02-27 02:51:22.346  val_finetune_dtvu_steps_3/loss = 2.8564  
2025-02-27 02:51:22.346  val_finetune_dtvu_steps_3/acc@01 = 0.3833  
2025-02-27 02:51:22.346  val_finetune_dtvu_steps_3/acc@05 = 0.7167  
2025-02-27 02:51:22.362  val_finetune_dtvu_steps_3/acc@10 = 0.7833  
2025-02-27 02:51:22.362  val_finetune_dtvu_steps_3/acc@20 = 0.8333  
2025-02-27 02:51:22.362  
  
2025-02-27 02:51:22.678  
  
2025-02-27 02:51:22.678  [TRN] epoch_39  
2025-02-27 02:51:22.678  =============================================  
2025-02-27 02:51:22.678  trn/loss = 2.7865  
2025-02-27 02:51:22.694  trn/acc@01 = 0.3155  
2025-02-27 02:51:22.694  trn/acc@05 = 0.6000  
2025-02-27 02:51:22.694  trn/acc@10 = 0.7443  
2025-02-27 02:51:22.694  trn/acc@20 = 0.8701  
2025-02-27 02:51:22.694  
  
2025-02-27 02:51:22.733  
  
2025-02-27 02:51:22.741  [VAL_FINETUNE_DTVU_STEPS_1] epoch_39  
2025-02-27 02:51:22.741  =============================================  
2025-02-27 02:51:22.741  val_finetune_dtvu_steps_1/loss = 2.6835  
2025-02-27 02:51:22.741  val_finetune_dtvu_steps_1/acc@01 = 0.4000  
2025-02-27 02:51:22.741  val_finetune_dtvu_steps_1/acc@05 = 0.7500  
2025-02-27 02:51:22.741  val_finetune_dtvu_steps_1/acc@10 = 0.8500  
2025-02-27 02:51:22.741  val_finetune_dtvu_steps_1/acc@20 = 0.9000  
2025-02-27 02:51:22.741  
  
2025-02-27 02:51:22.786  
  
2025-02-27 02:51:22.787  [VAL_FINETUNE_DTVU_STEPS_3] epoch_39  
2025-02-27 02:51:22.787  =============================================  
2025-02-27 02:51:22.787  val_finetune_dtvu_steps_3/loss = 2.8590  
2025-02-27 02:51:22.787  val_finetune_dtvu_steps_3/acc@01 = 0.3833  
2025-02-27 02:51:22.787  val_finetune_dtvu_steps_3/acc@05 = 0.7167  
2025-02-27 02:51:22.787  val_finetune_dtvu_steps_3/acc@10 = 0.7833  
2025-02-27 02:51:22.787  val_finetune_dtvu_steps_3/acc@20 = 0.8333  
2025-02-27 02:51:22.787  
  
2025-02-27 02:51:23.108  
  
2025-02-27 02:51:23.108  [TRN] epoch_40  
2025-02-27 02:51:23.108  =============================================  
2025-02-27 02:51:23.108  trn/loss = 2.7045  
2025-02-27 02:51:23.109  trn/acc@01 = 0.3200  
2025-02-27 02:51:23.109  trn/acc@05 = 0.6210  
2025-02-27 02:51:23.109  trn/acc@10 = 0.7448  
2025-02-27 02:51:23.109  trn/acc@20 = 0.8857  
2025-02-27 02:51:23.109  
  
2025-02-27 02:51:23.144  
  
2025-02-27 02:51:23.144  [VAL_FINETUNE_DTVU_STEPS_1] epoch_40  
2025-02-27 02:51:23.144  =============================================  
2025-02-27 02:51:23.144  val_finetune_dtvu_steps_1/loss = 2.7148  
2025-02-27 02:51:23.145  val_finetune_dtvu_steps_1/acc@01 = 0.4500  
2025-02-27 02:51:23.145  val_finetune_dtvu_steps_1/acc@05 = 0.7500  
2025-02-27 02:51:23.145  val_finetune_dtvu_steps_1/acc@10 = 0.8000  
2025-02-27 02:51:23.145  val_finetune_dtvu_steps_1/acc@20 = 0.9000  
2025-02-27 02:51:23.145  
  
2025-02-27 02:51:23.185  
  
2025-02-27 02:51:23.185  [VAL_FINETUNE_DTVU_STEPS_3] epoch_40  
2025-02-27 02:51:23.185  =============================================  
2025-02-27 02:51:23.185  val_finetune_dtvu_steps_3/loss = 2.7842  
2025-02-27 02:51:23.185  val_finetune_dtvu_steps_3/acc@01 = 0.3833  
2025-02-27 02:51:23.186  val_finetune_dtvu_steps_3/acc@05 = 0.7500  
2025-02-27 02:51:23.186  val_finetune_dtvu_steps_3/acc@10 = 0.7833  
2025-02-27 02:51:23.186  val_finetune_dtvu_steps_3/acc@20 = 0.8667  
2025-02-27 02:51:23.186  
  
2025-02-27 02:51:23.488  
  
2025-02-27 02:51:23.488  [TRN] epoch_41  
2025-02-27 02:51:23.488  =============================================  
2025-02-27 02:51:23.488  trn/loss = 2.6428  
2025-02-27 02:51:23.494  trn/acc@01 = 0.3604  
2025-02-27 02:51:23.494  trn/acc@05 = 0.6791  
2025-02-27 02:51:23.494  trn/acc@10 = 0.7868  
2025-02-27 02:51:23.494  trn/acc@20 = 0.8923  
2025-02-27 02:51:23.494  
  
2025-02-27 02:51:23.541  
  
2025-02-27 02:51:23.541  [VAL_FINETUNE_DTVU_STEPS_1] epoch_41  
2025-02-27 02:51:23.541  =============================================  
2025-02-27 02:51:23.541  val_finetune_dtvu_steps_1/loss = 2.6017  
2025-02-27 02:51:23.541  val_finetune_dtvu_steps_1/acc@01 = 0.4500  
2025-02-27 02:51:23.541  val_finetune_dtvu_steps_1/acc@05 = 0.8000  
2025-02-27 02:51:23.541  val_finetune_dtvu_steps_1/acc@10 = 0.8000  
2025-02-27 02:51:23.541  val_finetune_dtvu_steps_1/acc@20 = 0.9000  
2025-02-27 02:51:23.541  
  
2025-02-27 02:51:23.587  
  
2025-02-27 02:51:23.587  [VAL_FINETUNE_DTVU_STEPS_3] epoch_41  
2025-02-27 02:51:23.587  =============================================  
2025-02-27 02:51:23.587  val_finetune_dtvu_steps_3/loss = 2.7779  
2025-02-27 02:51:23.587  val_finetune_dtvu_steps_3/acc@01 = 0.3667  
2025-02-27 02:51:23.587  val_finetune_dtvu_steps_3/acc@05 = 0.7333  
2025-02-27 02:51:23.587  val_finetune_dtvu_steps_3/acc@10 = 0.7667  
2025-02-27 02:51:23.587  val_finetune_dtvu_steps_3/acc@20 = 0.8667  
2025-02-27 02:51:23.587  
  
2025-02-27 02:51:23.941  
  
2025-02-27 02:51:23.941  [TRN] epoch_42  
2025-02-27 02:51:23.942  =============================================  
2025-02-27 02:51:23.942  trn/loss = 2.6211  
2025-02-27 02:51:23.942  trn/acc@01 = 0.3464  
2025-02-27 02:51:23.942  trn/acc@05 = 0.6495  
2025-02-27 02:51:23.942  trn/acc@10 = 0.7876  
2025-02-27 02:51:23.942  trn/acc@20 = 0.8866  
2025-02-27 02:51:23.942  
  
2025-02-27 02:51:23.991  
  
2025-02-27 02:51:23.991  [VAL_FINETUNE_DTVU_STEPS_1] epoch_42  
2025-02-27 02:51:23.991  =============================================  
2025-02-27 02:51:23.991  val_finetune_dtvu_steps_1/loss = 2.6284  
2025-02-27 02:51:23.991  val_finetune_dtvu_steps_1/acc@01 = 0.4000  
2025-02-27 02:51:23.991  val_finetune_dtvu_steps_1/acc@05 = 0.7500  
2025-02-27 02:51:23.991  val_finetune_dtvu_steps_1/acc@10 = 0.8500  
2025-02-27 02:51:23.991  val_finetune_dtvu_steps_1/acc@20 = 0.9000  
2025-02-27 02:51:23.991  
  
2025-02-27 02:51:24.032  
  
2025-02-27 02:51:24.032  [VAL_FINETUNE_DTVU_STEPS_3] epoch_42  
2025-02-27 02:51:24.032  =============================================  
2025-02-27 02:51:24.032  val_finetune_dtvu_steps_3/loss = 2.8257  
2025-02-27 02:51:24.032  val_finetune_dtvu_steps_3/acc@01 = 0.4167  
2025-02-27 02:51:24.032  val_finetune_dtvu_steps_3/acc@05 = 0.7167  
2025-02-27 02:51:24.032  val_finetune_dtvu_steps_3/acc@10 = 0.7833  
2025-02-27 02:51:24.032  val_finetune_dtvu_steps_3/acc@20 = 0.8333  
2025-02-27 02:51:24.032  
  
2025-02-27 02:51:24.384  
  
2025-02-27 02:51:24.384  [TRN] epoch_43  
2025-02-27 02:51:24.384  =============================================  
2025-02-27 02:51:24.384  trn/loss = 2.6183  
2025-02-27 02:51:24.384  trn/acc@01 = 0.3365  
2025-02-27 02:51:24.384  trn/acc@05 = 0.6404  
2025-02-27 02:51:24.386  trn/acc@10 = 0.7712  
2025-02-27 02:51:24.386  trn/acc@20 = 0.8769  
2025-02-27 02:51:24.386  
  
2025-02-27 02:51:24.416  
  
2025-02-27 02:51:24.416  [VAL_FINETUNE_DTVU_STEPS_1] epoch_43  
2025-02-27 02:51:24.416  =============================================  
2025-02-27 02:51:24.416  val_finetune_dtvu_steps_1/loss = 2.6874  
2025-02-27 02:51:24.416  val_finetune_dtvu_steps_1/acc@01 = 0.4000  
2025-02-27 02:51:24.416  val_finetune_dtvu_steps_1/acc@05 = 0.8000  
2025-02-27 02:51:24.416  val_finetune_dtvu_steps_1/acc@10 = 0.8500  
2025-02-27 02:51:24.416  val_finetune_dtvu_steps_1/acc@20 = 0.9000  
2025-02-27 02:51:24.416  
  
2025-02-27 02:51:24.464  
  
2025-02-27 02:51:24.464  [VAL_FINETUNE_DTVU_STEPS_3] epoch_43  
2025-02-27 02:51:24.464  =============================================  
2025-02-27 02:51:24.464  val_finetune_dtvu_steps_3/loss = 2.8910  
2025-02-27 02:51:24.464  val_finetune_dtvu_steps_3/acc@01 = 0.3667  
2025-02-27 02:51:24.464  val_finetune_dtvu_steps_3/acc@05 = 0.7333  
2025-02-27 02:51:24.464  val_finetune_dtvu_steps_3/acc@10 = 0.8000  
2025-02-27 02:51:24.464  val_finetune_dtvu_steps_3/acc@20 = 0.8667  
2025-02-27 02:51:24.464  
  
2025-02-27 02:51:24.796  
  
2025-02-27 02:51:24.796  [TRN] epoch_44  
2025-02-27 02:51:24.796  =============================================  
2025-02-27 02:51:24.796  trn/loss = 2.5353  
2025-02-27 02:51:24.796  trn/acc@01 = 0.3431  
2025-02-27 02:51:24.796  trn/acc@05 = 0.6588  
2025-02-27 02:51:24.796  trn/acc@10 = 0.7941  
2025-02-27 02:51:24.796  trn/acc@20 = 0.8941  
2025-02-27 02:51:24.796  
  
2025-02-27 02:51:24.846  
  
2025-02-27 02:51:24.847  [VAL_FINETUNE_DTVU_STEPS_1] epoch_44  
2025-02-27 02:51:24.847  =============================================  
2025-02-27 02:51:24.847  val_finetune_dtvu_steps_1/loss = 2.6002  
2025-02-27 02:51:24.847  val_finetune_dtvu_steps_1/acc@01 = 0.4500  
2025-02-27 02:51:24.847  val_finetune_dtvu_steps_1/acc@05 = 0.8000  
2025-02-27 02:51:24.847  val_finetune_dtvu_steps_1/acc@10 = 0.8500  
2025-02-27 02:51:24.847  val_finetune_dtvu_steps_1/acc@20 = 0.9000  
2025-02-27 02:51:24.847  
  
2025-02-27 02:51:24.878  
  
2025-02-27 02:51:24.878  [VAL_FINETUNE_DTVU_STEPS_3] epoch_44  
2025-02-27 02:51:24.878  =============================================  
2025-02-27 02:51:24.878  val_finetune_dtvu_steps_3/loss = 2.7734  
2025-02-27 02:51:24.878  val_finetune_dtvu_steps_3/acc@01 = 0.4167  
2025-02-27 02:51:24.878  val_finetune_dtvu_steps_3/acc@05 = 0.7333  
2025-02-27 02:51:24.878  val_finetune_dtvu_steps_3/acc@10 = 0.8000  
2025-02-27 02:51:24.878  val_finetune_dtvu_steps_3/acc@20 = 0.8333  
2025-02-27 02:51:24.878  
  
2025-02-27 02:51:25.196  
  
2025-02-27 02:51:25.196  [TRN] epoch_45  
2025-02-27 02:51:25.196  =============================================  
2025-02-27 02:51:25.196  trn/loss = 2.5606  
2025-02-27 02:51:25.196  trn/acc@01 = 0.3237  
2025-02-27 02:51:25.196  trn/acc@05 = 0.6701  
2025-02-27 02:51:25.196  trn/acc@10 = 0.7835  
2025-02-27 02:51:25.196  trn/acc@20 = 0.8907  
2025-02-27 02:51:25.196  
  
2025-02-27 02:51:25.226  
  
2025-02-27 02:51:25.226  [VAL_FINETUNE_DTVU_STEPS_1] epoch_45  
2025-02-27 02:51:25.226  =============================================  
2025-02-27 02:51:25.226  val_finetune_dtvu_steps_1/loss = 2.5975  
2025-02-27 02:51:25.226  val_finetune_dtvu_steps_1/acc@01 = 0.4500  
2025-02-27 02:51:25.226  val_finetune_dtvu_steps_1/acc@05 = 0.8000  
2025-02-27 02:51:25.226  val_finetune_dtvu_steps_1/acc@10 = 0.8500  
2025-02-27 02:51:25.226  val_finetune_dtvu_steps_1/acc@20 = 0.9000  
2025-02-27 02:51:25.226  
  
2025-02-27 02:51:25.274  
  
2025-02-27 02:51:25.274  [VAL_FINETUNE_DTVU_STEPS_3] epoch_45  
2025-02-27 02:51:25.274  =============================================  
2025-02-27 02:51:25.274  val_finetune_dtvu_steps_3/loss = 2.7609  
2025-02-27 02:51:25.274  val_finetune_dtvu_steps_3/acc@01 = 0.4333  
2025-02-27 02:51:25.274  val_finetune_dtvu_steps_3/acc@05 = 0.7333  
2025-02-27 02:51:25.274  val_finetune_dtvu_steps_3/acc@10 = 0.8000  
2025-02-27 02:51:25.274  val_finetune_dtvu_steps_3/acc@20 = 0.8333  
2025-02-27 02:51:25.274  
  
2025-02-27 02:51:25.638  
  
2025-02-27 02:51:25.638  [TRN] epoch_46  
2025-02-27 02:51:25.638  =============================================  
2025-02-27 02:51:25.638  trn/loss = 2.6212  
2025-02-27 02:51:25.638  trn/acc@01 = 0.3193  
2025-02-27 02:51:25.638  trn/acc@05 = 0.6367  
2025-02-27 02:51:25.638  trn/acc@10 = 0.7523  
2025-02-27 02:51:25.638  trn/acc@20 = 0.8917  
2025-02-27 02:51:25.639  
  
2025-02-27 02:51:25.676  
  
2025-02-27 02:51:25.676  [VAL_FINETUNE_DTVU_STEPS_1] epoch_46  
2025-02-27 02:51:25.676  =============================================  
2025-02-27 02:51:25.676  val_finetune_dtvu_steps_1/loss = 2.6062  
2025-02-27 02:51:25.676  val_finetune_dtvu_steps_1/acc@01 = 0.4500  
2025-02-27 02:51:25.676  val_finetune_dtvu_steps_1/acc@05 = 0.8000  
2025-02-27 02:51:25.676  val_finetune_dtvu_steps_1/acc@10 = 0.8500  
2025-02-27 02:51:25.676  val_finetune_dtvu_steps_1/acc@20 = 0.9000  
2025-02-27 02:51:25.676  
  
2025-02-27 02:51:25.716  
  
2025-02-27 02:51:25.716  [VAL_FINETUNE_DTVU_STEPS_3] epoch_46  
2025-02-27 02:51:25.716  =============================================  
2025-02-27 02:51:25.716  val_finetune_dtvu_steps_3/loss = 2.7677  
2025-02-27 02:51:25.716  val_finetune_dtvu_steps_3/acc@01 = 0.4167  
2025-02-27 02:51:25.716  val_finetune_dtvu_steps_3/acc@05 = 0.7333  
2025-02-27 02:51:25.717  val_finetune_dtvu_steps_3/acc@10 = 0.8000  
2025-02-27 02:51:25.717  val_finetune_dtvu_steps_3/acc@20 = 0.8333  
2025-02-27 02:51:25.717  
  
2025-02-27 02:51:26.017  
  
2025-02-27 02:51:26.017  [TRN] epoch_47  
2025-02-27 02:51:26.017  =============================================  
2025-02-27 02:51:26.017  trn/loss = 2.5225  
2025-02-27 02:51:26.017  trn/acc@01 = 0.3694  
2025-02-27 02:51:26.017  trn/acc@05 = 0.6429  
2025-02-27 02:51:26.017  trn/acc@10 = 0.7694  
2025-02-27 02:51:26.017  trn/acc@20 = 0.8612  
2025-02-27 02:51:26.017  
  
2025-02-27 02:51:26.065  
  
2025-02-27 02:51:26.065  [VAL_FINETUNE_DTVU_STEPS_1] epoch_47  
2025-02-27 02:51:26.065  =============================================  
2025-02-27 02:51:26.065  val_finetune_dtvu_steps_1/loss = 2.6017  
2025-02-27 02:51:26.065  val_finetune_dtvu_steps_1/acc@01 = 0.4500  
2025-02-27 02:51:26.065  val_finetune_dtvu_steps_1/acc@05 = 0.8000  
2025-02-27 02:51:26.065  val_finetune_dtvu_steps_1/acc@10 = 0.8500  
2025-02-27 02:51:26.065  val_finetune_dtvu_steps_1/acc@20 = 0.9000  
2025-02-27 02:51:26.065  
  
2025-02-27 02:51:26.096  
  
2025-02-27 02:51:26.096  [VAL_FINETUNE_DTVU_STEPS_3] epoch_47  
2025-02-27 02:51:26.096  =============================================  
2025-02-27 02:51:26.096  val_finetune_dtvu_steps_3/loss = 2.7712  
2025-02-27 02:51:26.096  val_finetune_dtvu_steps_3/acc@01 = 0.4000  
2025-02-27 02:51:26.096  val_finetune_dtvu_steps_3/acc@05 = 0.7333  
2025-02-27 02:51:26.096  val_finetune_dtvu_steps_3/acc@10 = 0.8000  
2025-02-27 02:51:26.096  val_finetune_dtvu_steps_3/acc@20 = 0.8333  
2025-02-27 02:51:26.096  
  
2025-02-27 02:51:26.427  
  
2025-02-27 02:51:26.427  [TRN] epoch_48  
2025-02-27 02:51:26.427  =============================================  
2025-02-27 02:51:26.427  trn/loss = 2.6046  
2025-02-27 02:51:26.427  trn/acc@01 = 0.3314  
2025-02-27 02:51:26.427  trn/acc@05 = 0.6248  
2025-02-27 02:51:26.427  trn/acc@10 = 0.7657  
2025-02-27 02:51:26.427  trn/acc@20 = 0.8895  
2025-02-27 02:51:26.427  
  
2025-02-27 02:51:26.459  
  
2025-02-27 02:51:26.459  [VAL_FINETUNE_DTVU_STEPS_1] epoch_48  
2025-02-27 02:51:26.459  =============================================  
2025-02-27 02:51:26.459  val_finetune_dtvu_steps_1/loss = 2.7184  
2025-02-27 02:51:26.459  val_finetune_dtvu_steps_1/acc@01 = 0.4000  
2025-02-27 02:51:26.459  val_finetune_dtvu_steps_1/acc@05 = 0.7500  
2025-02-27 02:51:26.459  val_finetune_dtvu_steps_1/acc@10 = 0.8000  
2025-02-27 02:51:26.459  val_finetune_dtvu_steps_1/acc@20 = 0.9000  
2025-02-27 02:51:26.459  
  
2025-02-27 02:51:26.506  
  
2025-02-27 02:51:26.506  [VAL_FINETUNE_DTVU_STEPS_3] epoch_48  
2025-02-27 02:51:26.506  =============================================  
2025-02-27 02:51:26.506  val_finetune_dtvu_steps_3/loss = 2.8954  
2025-02-27 02:51:26.506  val_finetune_dtvu_steps_3/acc@01 = 0.3167  
2025-02-27 02:51:26.506  val_finetune_dtvu_steps_3/acc@05 = 0.7167  
2025-02-27 02:51:26.506  val_finetune_dtvu_steps_3/acc@10 = 0.7833  
2025-02-27 02:51:26.506  val_finetune_dtvu_steps_3/acc@20 = 0.8333  
2025-02-27 02:51:26.506  
  
2025-02-27 02:51:26.841  
  
2025-02-27 02:51:26.841  [TRN] epoch_49  
2025-02-27 02:51:26.841  =============================================  
2025-02-27 02:51:26.841  trn/loss = 2.5477  
2025-02-27 02:51:26.841  trn/acc@01 = 0.3596  
2025-02-27 02:51:26.841  trn/acc@05 = 0.6687  
2025-02-27 02:51:26.841  trn/acc@10 = 0.7879  
2025-02-27 02:51:26.841  trn/acc@20 = 0.8970  
2025-02-27 02:51:26.841  
  
2025-02-27 02:51:26.883  
  
2025-02-27 02:51:26.883  [VAL_FINETUNE_DTVU_STEPS_1] epoch_49  
2025-02-27 02:51:26.883  =============================================  
2025-02-27 02:51:26.883  val_finetune_dtvu_steps_1/loss = 2.6899  
2025-02-27 02:51:26.883  val_finetune_dtvu_steps_1/acc@01 = 0.4500  
2025-02-27 02:51:26.883  val_finetune_dtvu_steps_1/acc@05 = 0.7500  
2025-02-27 02:51:26.883  val_finetune_dtvu_steps_1/acc@10 = 0.8000  
2025-02-27 02:51:26.883  val_finetune_dtvu_steps_1/acc@20 = 0.8500  
2025-02-27 02:51:26.883  
  
2025-02-27 02:51:26.920  
  
2025-02-27 02:51:26.920  [VAL_FINETUNE_DTVU_STEPS_3] epoch_49  
2025-02-27 02:51:26.920  =============================================  
2025-02-27 02:51:26.920  val_finetune_dtvu_steps_3/loss = 2.8259  
2025-02-27 02:51:26.920  val_finetune_dtvu_steps_3/acc@01 = 0.3667  
2025-02-27 02:51:26.920  val_finetune_dtvu_steps_3/acc@05 = 0.7167  
2025-02-27 02:51:26.920  val_finetune_dtvu_steps_3/acc@10 = 0.7833  
2025-02-27 02:51:26.920  val_finetune_dtvu_steps_3/acc@20 = 0.8167  
2025-02-27 02:51:26.920  
  
2025-02-27 02:51:27.213  
  
2025-02-27 02:51:27.213  [TRN] epoch_50  
2025-02-27 02:51:27.213  =============================================  
2025-02-27 02:51:27.213  trn/loss = 2.6583  
2025-02-27 02:51:27.213  trn/acc@01 = 0.3178  
2025-02-27 02:51:27.213  trn/acc@05 = 0.6356  
2025-02-27 02:51:27.213  trn/acc@10 = 0.7444  
2025-02-27 02:51:27.213  trn/acc@20 = 0.8556  
2025-02-27 02:51:27.213  
  
2025-02-27 02:51:27.261  
  
2025-02-27 02:51:27.261  [VAL_FINETUNE_DTVU_STEPS_1] epoch_50  
2025-02-27 02:51:27.261  =============================================  
2025-02-27 02:51:27.261  val_finetune_dtvu_steps_1/loss = 2.7555  
2025-02-27 02:51:27.261  val_finetune_dtvu_steps_1/acc@01 = 0.4000  
2025-02-27 02:51:27.261  val_finetune_dtvu_steps_1/acc@05 = 0.8500  
2025-02-27 02:51:27.261  val_finetune_dtvu_steps_1/acc@10 = 0.8500  
2025-02-27 02:51:27.261  val_finetune_dtvu_steps_1/acc@20 = 0.8500  
2025-02-27 02:51:27.261  
  
2025-02-27 02:51:27.308  
  
2025-02-27 02:51:27.308  [VAL_FINETUNE_DTVU_STEPS_3] epoch_50  
2025-02-27 02:51:27.308  =============================================  
2025-02-27 02:51:27.308  val_finetune_dtvu_steps_3/loss = 2.8878  
2025-02-27 02:51:27.308  val_finetune_dtvu_steps_3/acc@01 = 0.3333  
2025-02-27 02:51:27.308  val_finetune_dtvu_steps_3/acc@05 = 0.7500  
2025-02-27 02:51:27.308  val_finetune_dtvu_steps_3/acc@10 = 0.8000  
2025-02-27 02:51:27.308  val_finetune_dtvu_steps_3/acc@20 = 0.8167  
2025-02-27 02:51:27.308  
  
2025-02-27 02:51:27.606  
  
2025-02-27 02:51:27.606  [TRN] epoch_51  
2025-02-27 02:51:27.606  =============================================  
2025-02-27 02:51:27.606  trn/loss = 2.4417  
2025-02-27 02:51:27.606  trn/acc@01 = 0.4019  
2025-02-27 02:51:27.606  trn/acc@05 = 0.6990  
2025-02-27 02:51:27.606  trn/acc@10 = 0.8038  
2025-02-27 02:51:27.606  trn/acc@20 = 0.9010  
2025-02-27 02:51:27.606  
  
2025-02-27 02:51:27.658  
  
2025-02-27 02:51:27.658  [VAL_FINETUNE_DTVU_STEPS_1] epoch_51  
2025-02-27 02:51:27.658  =============================================  
2025-02-27 02:51:27.658  val_finetune_dtvu_steps_1/loss = 2.5131  
2025-02-27 02:51:27.658  val_finetune_dtvu_steps_1/acc@01 = 0.4000  
2025-02-27 02:51:27.658  val_finetune_dtvu_steps_1/acc@05 = 0.8000  
2025-02-27 02:51:27.658  val_finetune_dtvu_steps_1/acc@10 = 0.8500  
2025-02-27 02:51:27.658  val_finetune_dtvu_steps_1/acc@20 = 0.9000  
2025-02-27 02:51:27.658  
  
2025-02-27 02:51:27.684  
  
2025-02-27 02:51:27.684  [VAL_FINETUNE_DTVU_STEPS_3] epoch_51  
2025-02-27 02:51:27.684  =============================================  
2025-02-27 02:51:27.684  val_finetune_dtvu_steps_3/loss = 2.7518  
2025-02-27 02:51:27.684  val_finetune_dtvu_steps_3/acc@01 = 0.3500  
2025-02-27 02:51:27.684  val_finetune_dtvu_steps_3/acc@05 = 0.7333  
2025-02-27 02:51:27.684  val_finetune_dtvu_steps_3/acc@10 = 0.8167  
2025-02-27 02:51:27.684  val_finetune_dtvu_steps_3/acc@20 = 0.8667  
2025-02-27 02:51:27.684  
  
2025-02-27 02:51:28.013  
  
2025-02-27 02:51:28.013  [TRN] epoch_52  
2025-02-27 02:51:28.013  =============================================  
2025-02-27 02:51:28.013  trn/loss = 2.3857  
2025-02-27 02:51:28.013  trn/acc@01 = 0.4056  
2025-02-27 02:51:28.013  trn/acc@05 = 0.6916  
2025-02-27 02:51:28.013  trn/acc@10 = 0.7944  
2025-02-27 02:51:28.013  trn/acc@20 = 0.8991  
2025-02-27 02:51:28.013  
  
2025-02-27 02:51:28.045  
  
2025-02-27 02:51:28.045  [VAL_FINETUNE_DTVU_STEPS_1] epoch_52  
2025-02-27 02:51:28.045  =============================================  
2025-02-27 02:51:28.045  val_finetune_dtvu_steps_1/loss = 2.5326  
2025-02-27 02:51:28.045  val_finetune_dtvu_steps_1/acc@01 = 0.4500  
2025-02-27 02:51:28.045  val_finetune_dtvu_steps_1/acc@05 = 0.8000  
2025-02-27 02:51:28.045  val_finetune_dtvu_steps_1/acc@10 = 0.9000  
2025-02-27 02:51:28.045  val_finetune_dtvu_steps_1/acc@20 = 0.9000  
2025-02-27 02:51:28.045  
  
2025-02-27 02:51:28.082  
  
2025-02-27 02:51:28.082  [VAL_FINETUNE_DTVU_STEPS_3] epoch_52  
2025-02-27 02:51:28.094  =============================================  
2025-02-27 02:51:28.094  val_finetune_dtvu_steps_3/loss = 2.7691  
2025-02-27 02:51:28.094  val_finetune_dtvu_steps_3/acc@01 = 0.3833  
2025-02-27 02:51:28.094  val_finetune_dtvu_steps_3/acc@05 = 0.7500  
2025-02-27 02:51:28.094  val_finetune_dtvu_steps_3/acc@10 = 0.8333  
2025-02-27 02:51:28.094  val_finetune_dtvu_steps_3/acc@20 = 0.8667  
2025-02-27 02:51:28.094  
  
2025-02-27 02:51:28.418  
  
2025-02-27 02:51:28.418  [TRN] epoch_53  
2025-02-27 02:51:28.418  =============================================  
2025-02-27 02:51:28.418  trn/loss = 2.4342  
2025-02-27 02:51:28.418  trn/acc@01 = 0.3849  
2025-02-27 02:51:28.418  trn/acc@05 = 0.7075  
2025-02-27 02:51:28.418  trn/acc@10 = 0.8000  
2025-02-27 02:51:28.418  trn/acc@20 = 0.8906  
2025-02-27 02:51:28.418  
  
2025-02-27 02:51:28.457  
  
2025-02-27 02:51:28.457  [VAL_FINETUNE_DTVU_STEPS_1] epoch_53  
2025-02-27 02:51:28.457  =============================================  
2025-02-27 02:51:28.457  val_finetune_dtvu_steps_1/loss = 2.5543  
2025-02-27 02:51:28.457  val_finetune_dtvu_steps_1/acc@01 = 0.4000  
2025-02-27 02:51:28.457  val_finetune_dtvu_steps_1/acc@05 = 0.7500  
2025-02-27 02:51:28.457  val_finetune_dtvu_steps_1/acc@10 = 0.9000  
2025-02-27 02:51:28.457  val_finetune_dtvu_steps_1/acc@20 = 0.9000  
2025-02-27 02:51:28.457  
  
2025-02-27 02:51:28.495  
  
2025-02-27 02:51:28.495  [VAL_FINETUNE_DTVU_STEPS_3] epoch_53  
2025-02-27 02:51:28.495  =============================================  
2025-02-27 02:51:28.495  val_finetune_dtvu_steps_3/loss = 2.7545  
2025-02-27 02:51:28.495  val_finetune_dtvu_steps_3/acc@01 = 0.4167  
2025-02-27 02:51:28.495  val_finetune_dtvu_steps_3/acc@05 = 0.7333  
2025-02-27 02:51:28.495  val_finetune_dtvu_steps_3/acc@10 = 0.8333  
2025-02-27 02:51:28.495  val_finetune_dtvu_steps_3/acc@20 = 0.8667  
2025-02-27 02:51:28.495  
  
2025-02-27 02:51:28.795  
  
2025-02-27 02:51:28.795  [TRN] epoch_54  
2025-02-27 02:51:28.795  =============================================  
2025-02-27 02:51:28.795  trn/loss = 2.3637  
2025-02-27 02:51:28.795  trn/acc@01 = 0.3982  
2025-02-27 02:51:28.795  trn/acc@05 = 0.7164  
2025-02-27 02:51:28.796  trn/acc@10 = 0.8000  
2025-02-27 02:51:28.796  trn/acc@20 = 0.8818  
2025-02-27 02:51:28.796  
  
2025-02-27 02:51:28.832  
  
2025-02-27 02:51:28.832  [VAL_FINETUNE_DTVU_STEPS_1] epoch_54  
2025-02-27 02:51:28.833  =============================================  
2025-02-27 02:51:28.833  val_finetune_dtvu_steps_1/loss = 2.5255  
2025-02-27 02:51:28.833  val_finetune_dtvu_steps_1/acc@01 = 0.4000  
2025-02-27 02:51:28.833  val_finetune_dtvu_steps_1/acc@05 = 0.8000  
2025-02-27 02:51:28.833  val_finetune_dtvu_steps_1/acc@10 = 0.8500  
2025-02-27 02:51:28.833  val_finetune_dtvu_steps_1/acc@20 = 0.9000  
2025-02-27 02:51:28.833  
  
2025-02-27 02:51:28.871  
  
2025-02-27 02:51:28.871  [VAL_FINETUNE_DTVU_STEPS_3] epoch_54  
2025-02-27 02:51:28.871  =============================================  
2025-02-27 02:51:28.871  val_finetune_dtvu_steps_3/loss = 2.7360  
2025-02-27 02:51:28.871  val_finetune_dtvu_steps_3/acc@01 = 0.4000  
2025-02-27 02:51:28.871  val_finetune_dtvu_steps_3/acc@05 = 0.7333  
2025-02-27 02:51:28.871  val_finetune_dtvu_steps_3/acc@10 = 0.8167  
2025-02-27 02:51:28.871  val_finetune_dtvu_steps_3/acc@20 = 0.8667  
2025-02-27 02:51:28.871  
  
2025-02-27 02:51:29.198  
  
2025-02-27 02:51:29.198  [TRN] epoch_55  
2025-02-27 02:51:29.198  =============================================  
2025-02-27 02:51:29.198  trn/loss = 2.2749  
2025-02-27 02:51:29.198  trn/acc@01 = 0.4171  
2025-02-27 02:51:29.198  trn/acc@05 = 0.7352  
2025-02-27 02:51:29.198  trn/acc@10 = 0.8229  
2025-02-27 02:51:29.198  trn/acc@20 = 0.9086  
2025-02-27 02:51:29.198  
  
2025-02-27 02:51:29.234  
  
2025-02-27 02:51:29.234  [VAL_FINETUNE_DTVU_STEPS_1] epoch_55  
2025-02-27 02:51:29.234  =============================================  
2025-02-27 02:51:29.234  val_finetune_dtvu_steps_1/loss = 2.5442  
2025-02-27 02:51:29.234  val_finetune_dtvu_steps_1/acc@01 = 0.4000  
2025-02-27 02:51:29.234  val_finetune_dtvu_steps_1/acc@05 = 0.7500  
2025-02-27 02:51:29.234  val_finetune_dtvu_steps_1/acc@10 = 0.9000  
2025-02-27 02:51:29.234  val_finetune_dtvu_steps_1/acc@20 = 0.9000  
2025-02-27 02:51:29.234  
  
2025-02-27 02:51:29.268  
  
2025-02-27 02:51:29.268  [VAL_FINETUNE_DTVU_STEPS_3] epoch_55  
2025-02-27 02:51:29.268  =============================================  
2025-02-27 02:51:29.268  val_finetune_dtvu_steps_3/loss = 2.7416  
2025-02-27 02:51:29.268  val_finetune_dtvu_steps_3/acc@01 = 0.4167  
2025-02-27 02:51:29.268  val_finetune_dtvu_steps_3/acc@05 = 0.7167  
2025-02-27 02:51:29.268  val_finetune_dtvu_steps_3/acc@10 = 0.8333  
2025-02-27 02:51:29.268  val_finetune_dtvu_steps_3/acc@20 = 0.8667  
2025-02-27 02:51:29.268  
  
2025-02-27 02:51:29.633  
  
2025-02-27 02:51:29.633  [TRN] epoch_56  
2025-02-27 02:51:29.633  =============================================  
2025-02-27 02:51:29.633  trn/loss = 2.3995  
2025-02-27 02:51:29.633  trn/acc@01 = 0.3679  
2025-02-27 02:51:29.633  trn/acc@05 = 0.6786  
2025-02-27 02:51:29.633  trn/acc@10 = 0.8018  
2025-02-27 02:51:29.633  trn/acc@20 = 0.9054  
2025-02-27 02:51:29.633  
  
2025-02-27 02:51:29.687  
  
2025-02-27 02:51:29.687  [VAL_FINETUNE_DTVU_STEPS_1] epoch_56  
2025-02-27 02:51:29.687  =============================================  
2025-02-27 02:51:29.687  val_finetune_dtvu_steps_1/loss = 2.6699  
2025-02-27 02:51:29.687  val_finetune_dtvu_steps_1/acc@01 = 0.4000  
2025-02-27 02:51:29.687  val_finetune_dtvu_steps_1/acc@05 = 0.7500  
2025-02-27 02:51:29.687  val_finetune_dtvu_steps_1/acc@10 = 0.9000  
2025-02-27 02:51:29.687  val_finetune_dtvu_steps_1/acc@20 = 0.9000  
2025-02-27 02:51:29.691  
  
2025-02-27 02:51:29.733  
  
2025-02-27 02:51:29.733  [VAL_FINETUNE_DTVU_STEPS_3] epoch_56  
2025-02-27 02:51:29.733  =============================================  
2025-02-27 02:51:29.733  val_finetune_dtvu_steps_3/loss = 2.7903  
2025-02-27 02:51:29.733  val_finetune_dtvu_steps_3/acc@01 = 0.4000  
2025-02-27 02:51:29.733  val_finetune_dtvu_steps_3/acc@05 = 0.7167  
2025-02-27 02:51:29.733  val_finetune_dtvu_steps_3/acc@10 = 0.8000  
2025-02-27 02:51:29.733  val_finetune_dtvu_steps_3/acc@20 = 0.8500  
2025-02-27 02:51:29.733  
  
2025-02-27 02:51:30.093  
  
2025-02-27 02:51:30.093  [TRN] epoch_57  
2025-02-27 02:51:30.093  =============================================  
2025-02-27 02:51:30.093  trn/loss = 2.2930  
2025-02-27 02:51:30.093  trn/acc@01 = 0.4340  
2025-02-27 02:51:30.093  trn/acc@05 = 0.7170  
2025-02-27 02:51:30.093  trn/acc@10 = 0.8106  
2025-02-27 02:51:30.093  trn/acc@20 = 0.8979  
2025-02-27 02:51:30.093  
  
2025-02-27 02:51:30.124  
  
2025-02-27 02:51:30.124  [VAL_FINETUNE_DTVU_STEPS_1] epoch_57  
2025-02-27 02:51:30.124  =============================================  
2025-02-27 02:51:30.124  val_finetune_dtvu_steps_1/loss = 2.4394  
2025-02-27 02:51:30.124  val_finetune_dtvu_steps_1/acc@01 = 0.5000  
2025-02-27 02:51:30.124  val_finetune_dtvu_steps_1/acc@05 = 0.7500  
2025-02-27 02:51:30.124  val_finetune_dtvu_steps_1/acc@10 = 0.8500  
2025-02-27 02:51:30.124  val_finetune_dtvu_steps_1/acc@20 = 0.9000  
2025-02-27 02:51:30.124  
  
2025-02-27 02:51:30.171  
  
2025-02-27 02:51:30.171  [VAL_FINETUNE_DTVU_STEPS_3] epoch_57  
2025-02-27 02:51:30.171  =============================================  
2025-02-27 02:51:30.171  val_finetune_dtvu_steps_3/loss = 2.7456  
2025-02-27 02:51:30.171  val_finetune_dtvu_steps_3/acc@01 = 0.4167  
2025-02-27 02:51:30.171  val_finetune_dtvu_steps_3/acc@05 = 0.7167  
2025-02-27 02:51:30.171  val_finetune_dtvu_steps_3/acc@10 = 0.8000  
2025-02-27 02:51:30.171  val_finetune_dtvu_steps_3/acc@20 = 0.8833  
2025-02-27 02:51:30.171  
  
2025-02-27 02:51:30.479  
  
2025-02-27 02:51:30.479  [TRN] epoch_58  
2025-02-27 02:51:30.479  =============================================  
2025-02-27 02:51:30.479  trn/loss = 2.4742  
2025-02-27 02:51:30.479  trn/acc@01 = 0.3515  
2025-02-27 02:51:30.479  trn/acc@05 = 0.6602  
2025-02-27 02:51:30.479  trn/acc@10 = 0.7864  
2025-02-27 02:51:30.479  trn/acc@20 = 0.8971  
2025-02-27 02:51:30.479  
  
2025-02-27 02:51:30.510  
  
2025-02-27 02:51:30.510  [VAL_FINETUNE_DTVU_STEPS_1] epoch_58  
2025-02-27 02:51:30.510  =============================================  
2025-02-27 02:51:30.510  val_finetune_dtvu_steps_1/loss = 2.5921  
2025-02-27 02:51:30.510  val_finetune_dtvu_steps_1/acc@01 = 0.5000  
2025-02-27 02:51:30.510  val_finetune_dtvu_steps_1/acc@05 = 0.7000  
2025-02-27 02:51:30.510  val_finetune_dtvu_steps_1/acc@10 = 0.8000  
2025-02-27 02:51:30.510  val_finetune_dtvu_steps_1/acc@20 = 0.9000  
2025-02-27 02:51:30.510  
  
2025-02-27 02:51:30.558  
  
2025-02-27 02:51:30.558  [VAL_FINETUNE_DTVU_STEPS_3] epoch_58  
2025-02-27 02:51:30.558  =============================================  
2025-02-27 02:51:30.558  val_finetune_dtvu_steps_3/loss = 2.7256  
2025-02-27 02:51:30.558  val_finetune_dtvu_steps_3/acc@01 = 0.4500  
2025-02-27 02:51:30.558  val_finetune_dtvu_steps_3/acc@05 = 0.7333  
2025-02-27 02:51:30.558  val_finetune_dtvu_steps_3/acc@10 = 0.8167  
2025-02-27 02:51:30.558  val_finetune_dtvu_steps_3/acc@20 = 0.8667  
2025-02-27 02:51:30.558  
  
2025-02-27 02:51:30.865  
  
2025-02-27 02:51:30.865  [TRN] epoch_59  
2025-02-27 02:51:30.865  =============================================  
2025-02-27 02:51:30.865  trn/loss = 2.3677  
2025-02-27 02:51:30.865  trn/acc@01 = 0.3981  
2025-02-27 02:51:30.865  trn/acc@05 = 0.6785  
2025-02-27 02:51:30.865  trn/acc@10 = 0.7720  
2025-02-27 02:51:30.865  trn/acc@20 = 0.8785  
2025-02-27 02:51:30.865  
  
2025-02-27 02:51:30.899  
  
2025-02-27 02:51:30.899  [VAL_FINETUNE_DTVU_STEPS_1] epoch_59  
2025-02-27 02:51:30.899  =============================================  
2025-02-27 02:51:30.899  val_finetune_dtvu_steps_1/loss = 2.6296  
2025-02-27 02:51:30.899  val_finetune_dtvu_steps_1/acc@01 = 0.3500  
2025-02-27 02:51:30.899  val_finetune_dtvu_steps_1/acc@05 = 0.7000  
2025-02-27 02:51:30.899  val_finetune_dtvu_steps_1/acc@10 = 0.9000  
2025-02-27 02:51:30.899  val_finetune_dtvu_steps_1/acc@20 = 0.9000  
2025-02-27 02:51:30.899  
  
2025-02-27 02:51:30.945  
  
2025-02-27 02:51:30.945  [VAL_FINETUNE_DTVU_STEPS_3] epoch_59  
2025-02-27 02:51:30.945  =============================================  
2025-02-27 02:51:30.945  val_finetune_dtvu_steps_3/loss = 2.7929  
2025-02-27 02:51:30.945  val_finetune_dtvu_steps_3/acc@01 = 0.4167  
2025-02-27 02:51:30.945  val_finetune_dtvu_steps_3/acc@05 = 0.6833  
2025-02-27 02:51:30.945  val_finetune_dtvu_steps_3/acc@10 = 0.8333  
2025-02-27 02:51:30.945  val_finetune_dtvu_steps_3/acc@20 = 0.8667  
2025-02-27 02:51:30.945  
  
2025-02-27 02:51:31.425  
  
2025-02-27 02:51:31.425  [TRN] epoch_60  
2025-02-27 02:51:31.425  =============================================  
2025-02-27 02:51:31.425  trn/loss = 2.3651  
2025-02-27 02:51:31.425  trn/acc@01 = 0.4022  
2025-02-27 02:51:31.425  trn/acc@05 = 0.6925  
2025-02-27 02:51:31.425  trn/acc@10 = 0.8043  
2025-02-27 02:51:31.425  trn/acc@20 = 0.9032  
2025-02-27 02:51:31.425  
  
2025-02-27 02:51:31.477  
  
2025-02-27 02:51:31.477  [VAL_FINETUNE_DTVU_STEPS_1] epoch_60  
2025-02-27 02:51:31.477  =============================================  
2025-02-27 02:51:31.477  val_finetune_dtvu_steps_1/loss = 2.5799  
2025-02-27 02:51:31.477  val_finetune_dtvu_steps_1/acc@01 = 0.5000  
2025-02-27 02:51:31.477  val_finetune_dtvu_steps_1/acc@05 = 0.7000  
2025-02-27 02:51:31.477  val_finetune_dtvu_steps_1/acc@10 = 0.7500  
2025-02-27 02:51:31.477  val_finetune_dtvu_steps_1/acc@20 = 0.9000  
2025-02-27 02:51:31.477  
  
2025-02-27 02:51:31.524  
  
2025-02-27 02:51:31.524  [VAL_FINETUNE_DTVU_STEPS_3] epoch_60  
2025-02-27 02:51:31.524  =============================================  
2025-02-27 02:51:31.524  val_finetune_dtvu_steps_3/loss = 2.7265  
2025-02-27 02:51:31.524  val_finetune_dtvu_steps_3/acc@01 = 0.4833  
2025-02-27 02:51:31.524  val_finetune_dtvu_steps_3/acc@05 = 0.7000  
2025-02-27 02:51:31.524  val_finetune_dtvu_steps_3/acc@10 = 0.7667  
2025-02-27 02:51:31.524  val_finetune_dtvu_steps_3/acc@20 = 0.8667  
2025-02-27 02:51:31.524  
  
2025-02-27 02:51:31.835  
  
2025-02-27 02:51:31.835  [TRN] epoch_61  
2025-02-27 02:51:31.835  =============================================  
2025-02-27 02:51:31.835  trn/loss = 2.2716  
2025-02-27 02:51:31.835  trn/acc@01 = 0.4000  
2025-02-27 02:51:31.835  trn/acc@05 = 0.7078  
2025-02-27 02:51:31.835  trn/acc@10 = 0.8333  
2025-02-27 02:51:31.835  trn/acc@20 = 0.9314  
2025-02-27 02:51:31.835  
  
2025-02-27 02:51:31.876  
  
2025-02-27 02:51:31.876  [VAL_FINETUNE_DTVU_STEPS_1] epoch_61  
2025-02-27 02:51:31.876  =============================================  
2025-02-27 02:51:31.876  val_finetune_dtvu_steps_1/loss = 2.6306  
2025-02-27 02:51:31.876  val_finetune_dtvu_steps_1/acc@01 = 0.3500  
2025-02-27 02:51:31.876  val_finetune_dtvu_steps_1/acc@05 = 0.7000  
2025-02-27 02:51:31.876  val_finetune_dtvu_steps_1/acc@10 = 0.9000  
2025-02-27 02:51:31.876  val_finetune_dtvu_steps_1/acc@20 = 0.9000  
2025-02-27 02:51:31.876  
  
2025-02-27 02:51:31.913  
  
2025-02-27 02:51:31.914  [VAL_FINETUNE_DTVU_STEPS_3] epoch_61  
2025-02-27 02:51:31.914  =============================================  
2025-02-27 02:51:31.914  val_finetune_dtvu_steps_3/loss = 2.7608  
2025-02-27 02:51:31.914  val_finetune_dtvu_steps_3/acc@01 = 0.4500  
2025-02-27 02:51:31.914  val_finetune_dtvu_steps_3/acc@05 = 0.7167  
2025-02-27 02:51:31.914  val_finetune_dtvu_steps_3/acc@10 = 0.8167  
2025-02-27 02:51:31.914  val_finetune_dtvu_steps_3/acc@20 = 0.8667  
2025-02-27 02:51:31.914  
  
2025-02-27 02:51:32.200  
  
2025-02-27 02:51:32.200  [TRN] epoch_62  
2025-02-27 02:51:32.200  =============================================  
2025-02-27 02:51:32.200  trn/loss = 2.2277  
2025-02-27 02:51:32.200  trn/acc@01 = 0.4022  
2025-02-27 02:51:32.200  trn/acc@05 = 0.7065  
2025-02-27 02:51:32.200  trn/acc@10 = 0.8217  
2025-02-27 02:51:32.200  trn/acc@20 = 0.9065  
2025-02-27 02:51:32.200  
  
2025-02-27 02:51:32.231  
  
2025-02-27 02:51:32.231  [VAL_FINETUNE_DTVU_STEPS_1] epoch_62  
2025-02-27 02:51:32.231  =============================================  
2025-02-27 02:51:32.231  val_finetune_dtvu_steps_1/loss = 2.6717  
2025-02-27 02:51:32.231  val_finetune_dtvu_steps_1/acc@01 = 0.4000  
2025-02-27 02:51:32.231  val_finetune_dtvu_steps_1/acc@05 = 0.7000  
2025-02-27 02:51:32.231  val_finetune_dtvu_steps_1/acc@10 = 0.8500  
2025-02-27 02:51:32.231  val_finetune_dtvu_steps_1/acc@20 = 0.9000  
2025-02-27 02:51:32.231  
  
2025-02-27 02:51:32.278  
  
2025-02-27 02:51:32.278  [VAL_FINETUNE_DTVU_STEPS_3] epoch_62  
2025-02-27 02:51:32.278  =============================================  
2025-02-27 02:51:32.278  val_finetune_dtvu_steps_3/loss = 2.7740  
2025-02-27 02:51:32.278  val_finetune_dtvu_steps_3/acc@01 = 0.4167  
2025-02-27 02:51:32.278  val_finetune_dtvu_steps_3/acc@05 = 0.7167  
2025-02-27 02:51:32.278  val_finetune_dtvu_steps_3/acc@10 = 0.8333  
2025-02-27 02:51:32.278  val_finetune_dtvu_steps_3/acc@20 = 0.8667  
2025-02-27 02:51:32.278  
  
2025-02-27 02:51:32.605  
  
2025-02-27 02:51:32.605  [TRN] epoch_63  
2025-02-27 02:51:32.605  =============================================  
2025-02-27 02:51:32.605  trn/loss = 2.1253  
2025-02-27 02:51:32.605  trn/acc@01 = 0.4280  
2025-02-27 02:51:32.605  trn/acc@05 = 0.7514  
2025-02-27 02:51:32.605  trn/acc@10 = 0.8467  
2025-02-27 02:51:32.605  trn/acc@20 = 0.9252  
2025-02-27 02:51:32.605  
  
2025-02-27 02:51:32.648  
  
2025-02-27 02:51:32.648  [VAL_FINETUNE_DTVU_STEPS_1] epoch_63  
2025-02-27 02:51:32.648  =============================================  
2025-02-27 02:51:32.648  val_finetune_dtvu_steps_1/loss = 2.6574  
2025-02-27 02:51:32.648  val_finetune_dtvu_steps_1/acc@01 = 0.5000  
2025-02-27 02:51:32.648  val_finetune_dtvu_steps_1/acc@05 = 0.7000  
2025-02-27 02:51:32.648  val_finetune_dtvu_steps_1/acc@10 = 0.8500  
2025-02-27 02:51:32.648  val_finetune_dtvu_steps_1/acc@20 = 0.9000  
2025-02-27 02:51:32.648  
  
2025-02-27 02:51:32.685  
  
2025-02-27 02:51:32.685  [VAL_FINETUNE_DTVU_STEPS_3] epoch_63  
2025-02-27 02:51:32.685  =============================================  
2025-02-27 02:51:32.685  val_finetune_dtvu_steps_3/loss = 2.7656  
2025-02-27 02:51:32.685  val_finetune_dtvu_steps_3/acc@01 = 0.4500  
2025-02-27 02:51:32.685  val_finetune_dtvu_steps_3/acc@05 = 0.7167  
2025-02-27 02:51:32.685  val_finetune_dtvu_steps_3/acc@10 = 0.8333  
2025-02-27 02:51:32.685  val_finetune_dtvu_steps_3/acc@20 = 0.8667  
2025-02-27 02:51:32.685  
  
