2025-02-27 02:25:44.902  
  
2025-02-27 02:25:44.902  [TRN] epoch_00  
2025-02-27 02:25:44.902  =============================================  
2025-02-27 02:25:44.902  trn/loss = 5.7829  
2025-02-27 02:25:44.902  trn/acc@01 = 0.0579  
2025-02-27 02:25:44.902  trn/acc@05 = 0.1719  
2025-02-27 02:25:44.902  trn/acc@10 = 0.2298  
2025-02-27 02:25:44.902  trn/acc@20 = 0.2965  
2025-02-27 02:25:44.902  
  
2025-02-27 02:25:44.965  
  
2025-02-27 02:25:44.965  [VAL_FINETUNE_DTVU_STEPS_1] epoch_00  
2025-02-27 02:25:44.965  =============================================  
2025-02-27 02:25:44.965  val_finetune_dtvu_steps_1/loss = 4.7662  
2025-02-27 02:25:44.965  val_finetune_dtvu_steps_1/acc@01 = 0.3000  
2025-02-27 02:25:44.965  val_finetune_dtvu_steps_1/acc@05 = 0.3000  
2025-02-27 02:25:44.965  val_finetune_dtvu_steps_1/acc@10 = 0.3000  
2025-02-27 02:25:44.965  val_finetune_dtvu_steps_1/acc@20 = 0.3500  
2025-02-27 02:25:44.965  
  
2025-02-27 02:25:45.025  
  
2025-02-27 02:25:45.027  [VAL_FINETUNE_DTVU_STEPS_3] epoch_00  
2025-02-27 02:25:45.027  =============================================  
2025-02-27 02:25:45.027  val_finetune_dtvu_steps_3/loss = 5.0271  
2025-02-27 02:25:45.027  val_finetune_dtvu_steps_3/acc@01 = 0.2833  
2025-02-27 02:25:45.027  val_finetune_dtvu_steps_3/acc@05 = 0.3333  
2025-02-27 02:25:45.027  val_finetune_dtvu_steps_3/acc@10 = 0.3333  
2025-02-27 02:25:45.027  val_finetune_dtvu_steps_3/acc@20 = 0.4000  
2025-02-27 02:25:45.027  
  
2025-02-27 02:25:45.468  
  
2025-02-27 02:25:45.468  [TRN] epoch_01  
2025-02-27 02:25:45.468  =============================================  
2025-02-27 02:25:45.468  trn/loss = 4.9310  
2025-02-27 02:25:45.468  trn/acc@01 = 0.1906  
2025-02-27 02:25:45.468  trn/acc@05 = 0.3528  
2025-02-27 02:25:45.468  trn/acc@10 = 0.4132  
2025-02-27 02:25:45.468  trn/acc@20 = 0.4679  
2025-02-27 02:25:45.468  
  
2025-02-27 02:25:45.530  
  
2025-02-27 02:25:45.530  [VAL_FINETUNE_DTVU_STEPS_1] epoch_01  
2025-02-27 02:25:45.530  =============================================  
2025-02-27 02:25:45.530  val_finetune_dtvu_steps_1/loss = 4.1334  
2025-02-27 02:25:45.530  val_finetune_dtvu_steps_1/acc@01 = 0.2500  
2025-02-27 02:25:45.530  val_finetune_dtvu_steps_1/acc@05 = 0.5000  
2025-02-27 02:25:45.530  val_finetune_dtvu_steps_1/acc@10 = 0.6000  
2025-02-27 02:25:45.530  val_finetune_dtvu_steps_1/acc@20 = 0.6500  
2025-02-27 02:25:45.530  
  
2025-02-27 02:25:45.585  
  
2025-02-27 02:25:45.585  [VAL_FINETUNE_DTVU_STEPS_3] epoch_01  
2025-02-27 02:25:45.585  =============================================  
2025-02-27 02:25:45.585  val_finetune_dtvu_steps_3/loss = 4.4731  
2025-02-27 02:25:45.585  val_finetune_dtvu_steps_3/acc@01 = 0.2500  
2025-02-27 02:25:45.585  val_finetune_dtvu_steps_3/acc@05 = 0.4500  
2025-02-27 02:25:45.585  val_finetune_dtvu_steps_3/acc@10 = 0.5500  
2025-02-27 02:25:45.585  val_finetune_dtvu_steps_3/acc@20 = 0.5667  
2025-02-27 02:25:45.585  
  
2025-02-27 02:25:46.019  
  
2025-02-27 02:25:46.019  [TRN] epoch_02  
2025-02-27 02:25:46.019  =============================================  
2025-02-27 02:25:46.019  trn/loss = 4.2593  
2025-02-27 02:25:46.019  trn/acc@01 = 0.2101  
2025-02-27 02:25:46.019  trn/acc@05 = 0.5091  
2025-02-27 02:25:46.019  trn/acc@10 = 0.5758  
2025-02-27 02:25:46.019  trn/acc@20 = 0.6545  
2025-02-27 02:25:46.019  
  
2025-02-27 02:25:46.066  
  
2025-02-27 02:25:46.066  [VAL_FINETUNE_DTVU_STEPS_1] epoch_02  
2025-02-27 02:25:46.066  =============================================  
2025-02-27 02:25:46.066  val_finetune_dtvu_steps_1/loss = 3.6265  
2025-02-27 02:25:46.082  val_finetune_dtvu_steps_1/acc@01 = 0.4500  
2025-02-27 02:25:46.082  val_finetune_dtvu_steps_1/acc@05 = 0.6000  
2025-02-27 02:25:46.082  val_finetune_dtvu_steps_1/acc@10 = 0.6500  
2025-02-27 02:25:46.082  val_finetune_dtvu_steps_1/acc@20 = 0.7000  
2025-02-27 02:25:46.082  
  
2025-02-27 02:25:46.129  
  
2025-02-27 02:25:46.129  [VAL_FINETUNE_DTVU_STEPS_3] epoch_02  
2025-02-27 02:25:46.129  =============================================  
2025-02-27 02:25:46.129  val_finetune_dtvu_steps_3/loss = 4.1198  
2025-02-27 02:25:46.129  val_finetune_dtvu_steps_3/acc@01 = 0.3500  
2025-02-27 02:25:46.129  val_finetune_dtvu_steps_3/acc@05 = 0.5333  
2025-02-27 02:25:46.129  val_finetune_dtvu_steps_3/acc@10 = 0.6000  
2025-02-27 02:25:46.129  val_finetune_dtvu_steps_3/acc@20 = 0.6500  
2025-02-27 02:25:46.129  
  
2025-02-27 02:25:46.596  
  
2025-02-27 02:25:46.596  [TRN] epoch_03  
2025-02-27 02:25:46.596  =============================================  
2025-02-27 02:25:46.596  trn/loss = 4.1257  
2025-02-27 02:25:46.596  trn/acc@01 = 0.2238  
2025-02-27 02:25:46.596  trn/acc@05 = 0.5228  
2025-02-27 02:25:46.596  trn/acc@10 = 0.5822  
2025-02-27 02:25:46.596  trn/acc@20 = 0.6198  
2025-02-27 02:25:46.596  
  
2025-02-27 02:25:46.659  
  
2025-02-27 02:25:46.659  [VAL_FINETUNE_DTVU_STEPS_1] epoch_03  
2025-02-27 02:25:46.659  =============================================  
2025-02-27 02:25:46.659  val_finetune_dtvu_steps_1/loss = 3.7551  
2025-02-27 02:25:46.659  val_finetune_dtvu_steps_1/acc@01 = 0.3500  
2025-02-27 02:25:46.659  val_finetune_dtvu_steps_1/acc@05 = 0.5500  
2025-02-27 02:25:46.659  val_finetune_dtvu_steps_1/acc@10 = 0.6000  
2025-02-27 02:25:46.659  val_finetune_dtvu_steps_1/acc@20 = 0.7000  
2025-02-27 02:25:46.659  
  
2025-02-27 02:25:46.722  
  
2025-02-27 02:25:46.722  [VAL_FINETUNE_DTVU_STEPS_3] epoch_03  
2025-02-27 02:25:46.722  =============================================  
2025-02-27 02:25:46.722  val_finetune_dtvu_steps_3/loss = 4.1492  
2025-02-27 02:25:46.722  val_finetune_dtvu_steps_3/acc@01 = 0.3333  
2025-02-27 02:25:46.722  val_finetune_dtvu_steps_3/acc@05 = 0.5167  
2025-02-27 02:25:46.722  val_finetune_dtvu_steps_3/acc@10 = 0.5333  
2025-02-27 02:25:46.722  val_finetune_dtvu_steps_3/acc@20 = 0.6167  
2025-02-27 02:25:46.722  
  
2025-02-27 02:25:47.185  
  
2025-02-27 02:25:47.185  [TRN] epoch_04  
2025-02-27 02:25:47.185  =============================================  
2025-02-27 02:25:47.185  trn/loss = 3.8631  
2025-02-27 02:25:47.185  trn/acc@01 = 0.2687  
2025-02-27 02:25:47.185  trn/acc@05 = 0.5515  
2025-02-27 02:25:47.185  trn/acc@10 = 0.6303  
2025-02-27 02:25:47.185  trn/acc@20 = 0.7071  
2025-02-27 02:25:47.185  
  
2025-02-27 02:25:47.239  
  
2025-02-27 02:25:47.239  [VAL_FINETUNE_DTVU_STEPS_1] epoch_04  
2025-02-27 02:25:47.240  =============================================  
2025-02-27 02:25:47.240  val_finetune_dtvu_steps_1/loss = 3.4676  
2025-02-27 02:25:47.240  val_finetune_dtvu_steps_1/acc@01 = 0.3500  
2025-02-27 02:25:47.240  val_finetune_dtvu_steps_1/acc@05 = 0.6000  
2025-02-27 02:25:47.240  val_finetune_dtvu_steps_1/acc@10 = 0.6500  
2025-02-27 02:25:47.240  val_finetune_dtvu_steps_1/acc@20 = 0.6500  
2025-02-27 02:25:47.240  
  
2025-02-27 02:25:47.308  
  
2025-02-27 02:25:47.308  [VAL_FINETUNE_DTVU_STEPS_3] epoch_04  
2025-02-27 02:25:47.308  =============================================  
2025-02-27 02:25:47.308  val_finetune_dtvu_steps_3/loss = 4.0559  
2025-02-27 02:25:47.308  val_finetune_dtvu_steps_3/acc@01 = 0.3333  
2025-02-27 02:25:47.308  val_finetune_dtvu_steps_3/acc@05 = 0.5167  
2025-02-27 02:25:47.308  val_finetune_dtvu_steps_3/acc@10 = 0.6000  
2025-02-27 02:25:47.308  val_finetune_dtvu_steps_3/acc@20 = 0.6167  
2025-02-27 02:25:47.308  
  
2025-02-27 02:25:47.798  
  
2025-02-27 02:25:47.798  [TRN] epoch_05  
2025-02-27 02:25:47.798  =============================================  
2025-02-27 02:25:47.798  trn/loss = 3.8243  
2025-02-27 02:25:47.798  trn/acc@01 = 0.2218  
2025-02-27 02:25:47.798  trn/acc@05 = 0.5200  
2025-02-27 02:25:47.798  trn/acc@10 = 0.6564  
2025-02-27 02:25:47.798  trn/acc@20 = 0.7218  
2025-02-27 02:25:47.798  
  
2025-02-27 02:25:47.844  
  
2025-02-27 02:25:47.844  [VAL_FINETUNE_DTVU_STEPS_1] epoch_05  
2025-02-27 02:25:47.844  =============================================  
2025-02-27 02:25:47.844  val_finetune_dtvu_steps_1/loss = 3.3687  
2025-02-27 02:25:47.844  val_finetune_dtvu_steps_1/acc@01 = 0.3000  
2025-02-27 02:25:47.844  val_finetune_dtvu_steps_1/acc@05 = 0.6500  
2025-02-27 02:25:47.844  val_finetune_dtvu_steps_1/acc@10 = 0.6500  
2025-02-27 02:25:47.844  val_finetune_dtvu_steps_1/acc@20 = 0.7500  
2025-02-27 02:25:47.844  
  
2025-02-27 02:25:47.917  
  
2025-02-27 02:25:47.917  [VAL_FINETUNE_DTVU_STEPS_3] epoch_05  
2025-02-27 02:25:47.917  =============================================  
2025-02-27 02:25:47.917  val_finetune_dtvu_steps_3/loss = 3.8672  
2025-02-27 02:25:47.917  val_finetune_dtvu_steps_3/acc@01 = 0.2667  
2025-02-27 02:25:47.917  val_finetune_dtvu_steps_3/acc@05 = 0.5667  
2025-02-27 02:25:47.917  val_finetune_dtvu_steps_3/acc@10 = 0.6000  
2025-02-27 02:25:47.917  val_finetune_dtvu_steps_3/acc@20 = 0.6500  
2025-02-27 02:25:47.917  
  
2025-02-27 02:25:48.518  
  
2025-02-27 02:25:48.518  [TRN] epoch_06  
2025-02-27 02:25:48.518  =============================================  
2025-02-27 02:25:48.518  trn/loss = 3.4956  
2025-02-27 02:25:48.518  trn/acc@01 = 0.2788  
2025-02-27 02:25:48.518  trn/acc@05 = 0.5838  
2025-02-27 02:25:48.518  trn/acc@10 = 0.6869  
2025-02-27 02:25:48.518  trn/acc@20 = 0.7697  
2025-02-27 02:25:48.518  
  
2025-02-27 02:25:48.575  
  
2025-02-27 02:25:48.575  [VAL_FINETUNE_DTVU_STEPS_1] epoch_06  
2025-02-27 02:25:48.575  =============================================  
2025-02-27 02:25:48.575  val_finetune_dtvu_steps_1/loss = 3.2391  
2025-02-27 02:25:48.575  val_finetune_dtvu_steps_1/acc@01 = 0.4500  
2025-02-27 02:25:48.576  val_finetune_dtvu_steps_1/acc@05 = 0.6000  
2025-02-27 02:25:48.576  val_finetune_dtvu_steps_1/acc@10 = 0.7500  
2025-02-27 02:25:48.576  val_finetune_dtvu_steps_1/acc@20 = 0.7500  
2025-02-27 02:25:48.576  
  
2025-02-27 02:25:48.630  
  
2025-02-27 02:25:48.630  [VAL_FINETUNE_DTVU_STEPS_3] epoch_06  
2025-02-27 02:25:48.630  =============================================  
2025-02-27 02:25:48.630  val_finetune_dtvu_steps_3/loss = 3.7426  
2025-02-27 02:25:48.630  val_finetune_dtvu_steps_3/acc@01 = 0.3833  
2025-02-27 02:25:48.630  val_finetune_dtvu_steps_3/acc@05 = 0.5667  
2025-02-27 02:25:48.630  val_finetune_dtvu_steps_3/acc@10 = 0.6500  
2025-02-27 02:25:48.630  val_finetune_dtvu_steps_3/acc@20 = 0.6667  
2025-02-27 02:25:48.630  
  
2025-02-27 02:25:49.094  
  
2025-02-27 02:25:49.094  [TRN] epoch_07  
2025-02-27 02:25:49.094  =============================================  
2025-02-27 02:25:49.094  trn/loss = 3.5826  
2025-02-27 02:25:49.094  trn/acc@01 = 0.2495  
2025-02-27 02:25:49.094  trn/acc@05 = 0.5485  
2025-02-27 02:25:49.094  trn/acc@10 = 0.6693  
2025-02-27 02:25:49.094  trn/acc@20 = 0.7545  
2025-02-27 02:25:49.094  
  
2025-02-27 02:25:49.141  
  
2025-02-27 02:25:49.141  [VAL_FINETUNE_DTVU_STEPS_1] epoch_07  
2025-02-27 02:25:49.141  =============================================  
2025-02-27 02:25:49.141  val_finetune_dtvu_steps_1/loss = 3.2469  
2025-02-27 02:25:49.141  val_finetune_dtvu_steps_1/acc@01 = 0.4500  
2025-02-27 02:25:49.149  val_finetune_dtvu_steps_1/acc@05 = 0.6000  
2025-02-27 02:25:49.149  val_finetune_dtvu_steps_1/acc@10 = 0.7500  
2025-02-27 02:25:49.149  val_finetune_dtvu_steps_1/acc@20 = 0.7500  
2025-02-27 02:25:49.149  
  
2025-02-27 02:25:49.204  
  
2025-02-27 02:25:49.204  [VAL_FINETUNE_DTVU_STEPS_3] epoch_07  
2025-02-27 02:25:49.204  =============================================  
2025-02-27 02:25:49.204  val_finetune_dtvu_steps_3/loss = 3.7254  
2025-02-27 02:25:49.204  val_finetune_dtvu_steps_3/acc@01 = 0.3833  
2025-02-27 02:25:49.204  val_finetune_dtvu_steps_3/acc@05 = 0.5667  
2025-02-27 02:25:49.204  val_finetune_dtvu_steps_3/acc@10 = 0.6500  
2025-02-27 02:25:49.204  val_finetune_dtvu_steps_3/acc@20 = 0.6667  
2025-02-27 02:25:49.205  
  
2025-02-27 02:25:49.671  
  
2025-02-27 02:25:49.671  [TRN] epoch_08  
2025-02-27 02:25:49.671  =============================================  
2025-02-27 02:25:49.671  trn/loss = 3.6652  
2025-02-27 02:25:49.671  trn/acc@01 = 0.2080  
2025-02-27 02:25:49.671  trn/acc@05 = 0.5240  
2025-02-27 02:25:49.671  trn/acc@10 = 0.6640  
2025-02-27 02:25:49.671  trn/acc@20 = 0.7460  
2025-02-27 02:25:49.671  
  
2025-02-27 02:25:49.730  
  
2025-02-27 02:25:49.730  [VAL_FINETUNE_DTVU_STEPS_1] epoch_08  
2025-02-27 02:25:49.730  =============================================  
2025-02-27 02:25:49.730  val_finetune_dtvu_steps_1/loss = 2.9912  
2025-02-27 02:25:49.730  val_finetune_dtvu_steps_1/acc@01 = 0.3500  
2025-02-27 02:25:49.730  val_finetune_dtvu_steps_1/acc@05 = 0.7000  
2025-02-27 02:25:49.730  val_finetune_dtvu_steps_1/acc@10 = 0.7500  
2025-02-27 02:25:49.730  val_finetune_dtvu_steps_1/acc@20 = 0.8500  
2025-02-27 02:25:49.730  
  
2025-02-27 02:25:49.791  
  
2025-02-27 02:25:49.791  [VAL_FINETUNE_DTVU_STEPS_3] epoch_08  
2025-02-27 02:25:49.791  =============================================  
2025-02-27 02:25:49.791  val_finetune_dtvu_steps_3/loss = 3.6119  
2025-02-27 02:25:49.791  val_finetune_dtvu_steps_3/acc@01 = 0.3333  
2025-02-27 02:25:49.791  val_finetune_dtvu_steps_3/acc@05 = 0.6000  
2025-02-27 02:25:49.791  val_finetune_dtvu_steps_3/acc@10 = 0.6500  
2025-02-27 02:25:49.791  val_finetune_dtvu_steps_3/acc@20 = 0.7667  
2025-02-27 02:25:49.791  
  
2025-02-27 02:25:50.255  
  
2025-02-27 02:25:50.255  [TRN] epoch_09  
2025-02-27 02:25:50.255  =============================================  
2025-02-27 02:25:50.255  trn/loss = 3.6861  
2025-02-27 02:25:50.255  trn/acc@01 = 0.2084  
2025-02-27 02:25:50.255  trn/acc@05 = 0.5474  
2025-02-27 02:25:50.255  trn/acc@10 = 0.6674  
2025-02-27 02:25:50.255  trn/acc@20 = 0.7600  
2025-02-27 02:25:50.255  
  
2025-02-27 02:25:50.304  
  
2025-02-27 02:25:50.304  [VAL_FINETUNE_DTVU_STEPS_1] epoch_09  
2025-02-27 02:25:50.304  =============================================  
2025-02-27 02:25:50.304  val_finetune_dtvu_steps_1/loss = 3.3833  
2025-02-27 02:25:50.304  val_finetune_dtvu_steps_1/acc@01 = 0.4500  
2025-02-27 02:25:50.304  val_finetune_dtvu_steps_1/acc@05 = 0.6000  
2025-02-27 02:25:50.304  val_finetune_dtvu_steps_1/acc@10 = 0.7500  
2025-02-27 02:25:50.304  val_finetune_dtvu_steps_1/acc@20 = 0.8000  
2025-02-27 02:25:50.304  
  
2025-02-27 02:25:50.371  
  
2025-02-27 02:25:50.372  [VAL_FINETUNE_DTVU_STEPS_3] epoch_09  
2025-02-27 02:25:50.372  =============================================  
2025-02-27 02:25:50.372  val_finetune_dtvu_steps_3/loss = 3.8249  
2025-02-27 02:25:50.372  val_finetune_dtvu_steps_3/acc@01 = 0.3833  
2025-02-27 02:25:50.372  val_finetune_dtvu_steps_3/acc@05 = 0.5667  
2025-02-27 02:25:50.372  val_finetune_dtvu_steps_3/acc@10 = 0.6500  
2025-02-27 02:25:50.372  val_finetune_dtvu_steps_3/acc@20 = 0.7000  
2025-02-27 02:25:50.372  
  
2025-02-27 02:25:50.813  
  
2025-02-27 02:25:50.814  [TRN] epoch_10  
2025-02-27 02:25:50.814  =============================================  
2025-02-27 02:25:50.814  trn/loss = 3.6804  
2025-02-27 02:25:50.814  trn/acc@01 = 0.2340  
2025-02-27 02:25:50.814  trn/acc@05 = 0.5264  
2025-02-27 02:25:50.814  trn/acc@10 = 0.6321  
2025-02-27 02:25:50.814  trn/acc@20 = 0.7321  
2025-02-27 02:25:50.814  
  
2025-02-27 02:25:50.866  
  
2025-02-27 02:25:50.866  [VAL_FINETUNE_DTVU_STEPS_1] epoch_10  
2025-02-27 02:25:50.866  =============================================  
2025-02-27 02:25:50.866  val_finetune_dtvu_steps_1/loss = 3.2719  
2025-02-27 02:25:50.867  val_finetune_dtvu_steps_1/acc@01 = 0.3500  
2025-02-27 02:25:50.867  val_finetune_dtvu_steps_1/acc@05 = 0.6000  
2025-02-27 02:25:50.867  val_finetune_dtvu_steps_1/acc@10 = 0.7500  
2025-02-27 02:25:50.867  val_finetune_dtvu_steps_1/acc@20 = 0.8500  
2025-02-27 02:25:50.867  
  
2025-02-27 02:25:50.919  
  
2025-02-27 02:25:50.919  [VAL_FINETUNE_DTVU_STEPS_3] epoch_10  
2025-02-27 02:25:50.920  =============================================  
2025-02-27 02:25:50.920  val_finetune_dtvu_steps_3/loss = 3.6747  
2025-02-27 02:25:50.920  val_finetune_dtvu_steps_3/acc@01 = 0.3333  
2025-02-27 02:25:50.920  val_finetune_dtvu_steps_3/acc@05 = 0.5333  
2025-02-27 02:25:50.920  val_finetune_dtvu_steps_3/acc@10 = 0.6833  
2025-02-27 02:25:50.920  val_finetune_dtvu_steps_3/acc@20 = 0.7333  
2025-02-27 02:25:50.920  
  
2025-02-27 02:25:51.352  
  
2025-02-27 02:25:51.353  [TRN] epoch_11  
2025-02-27 02:25:51.353  =============================================  
2025-02-27 02:25:51.353  trn/loss = 3.5907  
2025-02-27 02:25:51.353  trn/acc@01 = 0.2382  
2025-02-27 02:25:51.353  trn/acc@05 = 0.5640  
2025-02-27 02:25:51.353  trn/acc@10 = 0.6562  
2025-02-27 02:25:51.353  trn/acc@20 = 0.7730  
2025-02-27 02:25:51.353  
  
2025-02-27 02:25:51.402  
  
2025-02-27 02:25:51.402  [VAL_FINETUNE_DTVU_STEPS_1] epoch_11  
2025-02-27 02:25:51.402  =============================================  
2025-02-27 02:25:51.402  val_finetune_dtvu_steps_1/loss = 3.1534  
2025-02-27 02:25:51.403  val_finetune_dtvu_steps_1/acc@01 = 0.4500  
2025-02-27 02:25:51.403  val_finetune_dtvu_steps_1/acc@05 = 0.5000  
2025-02-27 02:25:51.403  val_finetune_dtvu_steps_1/acc@10 = 0.7500  
2025-02-27 02:25:51.403  val_finetune_dtvu_steps_1/acc@20 = 0.8500  
2025-02-27 02:25:51.403  
  
2025-02-27 02:25:51.453  
  
2025-02-27 02:25:51.453  [VAL_FINETUNE_DTVU_STEPS_3] epoch_11  
2025-02-27 02:25:51.453  =============================================  
2025-02-27 02:25:51.453  val_finetune_dtvu_steps_3/loss = 3.6100  
2025-02-27 02:25:51.453  val_finetune_dtvu_steps_3/acc@01 = 0.3833  
2025-02-27 02:25:51.453  val_finetune_dtvu_steps_3/acc@05 = 0.4833  
2025-02-27 02:25:51.453  val_finetune_dtvu_steps_3/acc@10 = 0.6500  
2025-02-27 02:25:51.454  val_finetune_dtvu_steps_3/acc@20 = 0.7667  
2025-02-27 02:25:51.454  
  
2025-02-27 02:25:51.884  
  
2025-02-27 02:25:51.885  [TRN] epoch_12  
2025-02-27 02:25:51.885  =============================================  
2025-02-27 02:25:51.885  trn/loss = 3.2338  
2025-02-27 02:25:51.885  trn/acc@01 = 0.2783  
2025-02-27 02:25:51.885  trn/acc@05 = 0.6478  
2025-02-27 02:25:51.885  trn/acc@10 = 0.7543  
2025-02-27 02:25:51.885  trn/acc@20 = 0.8391  
2025-02-27 02:25:51.885  
  
2025-02-27 02:25:51.933  
  
2025-02-27 02:25:51.934  [VAL_FINETUNE_DTVU_STEPS_1] epoch_12  
2025-02-27 02:25:51.934  =============================================  
2025-02-27 02:25:51.934  val_finetune_dtvu_steps_1/loss = 3.0794  
2025-02-27 02:25:51.934  val_finetune_dtvu_steps_1/acc@01 = 0.4000  
2025-02-27 02:25:51.934  val_finetune_dtvu_steps_1/acc@05 = 0.6000  
2025-02-27 02:25:51.934  val_finetune_dtvu_steps_1/acc@10 = 0.8000  
2025-02-27 02:25:51.934  val_finetune_dtvu_steps_1/acc@20 = 0.9000  
2025-02-27 02:25:51.934  
  
2025-02-27 02:25:51.983  
  
2025-02-27 02:25:51.983  [VAL_FINETUNE_DTVU_STEPS_3] epoch_12  
2025-02-27 02:25:51.983  =============================================  
2025-02-27 02:25:51.983  val_finetune_dtvu_steps_3/loss = 3.5028  
2025-02-27 02:25:51.983  val_finetune_dtvu_steps_3/acc@01 = 0.3667  
2025-02-27 02:25:51.983  val_finetune_dtvu_steps_3/acc@05 = 0.5333  
2025-02-27 02:25:51.983  val_finetune_dtvu_steps_3/acc@10 = 0.6833  
2025-02-27 02:25:51.983  val_finetune_dtvu_steps_3/acc@20 = 0.8333  
2025-02-27 02:25:51.983  
  
2025-02-27 02:25:52.438  
  
2025-02-27 02:25:52.439  [TRN] epoch_13  
2025-02-27 02:25:52.439  =============================================  
2025-02-27 02:25:52.439  trn/loss = 2.9948  
2025-02-27 02:25:52.439  trn/acc@01 = 0.2880  
2025-02-27 02:25:52.439  trn/acc@05 = 0.6620  
2025-02-27 02:25:52.440  trn/acc@10 = 0.7960  
2025-02-27 02:25:52.440  trn/acc@20 = 0.8500  
2025-02-27 02:25:52.440  
  
2025-02-27 02:25:52.492  
  
2025-02-27 02:25:52.492  [VAL_FINETUNE_DTVU_STEPS_1] epoch_13  
2025-02-27 02:25:52.492  =============================================  
2025-02-27 02:25:52.492  val_finetune_dtvu_steps_1/loss = 3.1320  
2025-02-27 02:25:52.492  val_finetune_dtvu_steps_1/acc@01 = 0.4000  
2025-02-27 02:25:52.492  val_finetune_dtvu_steps_1/acc@05 = 0.6000  
2025-02-27 02:25:52.492  val_finetune_dtvu_steps_1/acc@10 = 0.8000  
2025-02-27 02:25:52.492  val_finetune_dtvu_steps_1/acc@20 = 0.9000  
2025-02-27 02:25:52.492  
  
2025-02-27 02:25:52.546  
  
2025-02-27 02:25:52.546  [VAL_FINETUNE_DTVU_STEPS_3] epoch_13  
2025-02-27 02:25:52.547  =============================================  
2025-02-27 02:25:52.547  val_finetune_dtvu_steps_3/loss = 3.6047  
2025-02-27 02:25:52.547  val_finetune_dtvu_steps_3/acc@01 = 0.3167  
2025-02-27 02:25:52.547  val_finetune_dtvu_steps_3/acc@05 = 0.5500  
2025-02-27 02:25:52.547  val_finetune_dtvu_steps_3/acc@10 = 0.6500  
2025-02-27 02:25:52.547  val_finetune_dtvu_steps_3/acc@20 = 0.7667  
2025-02-27 02:25:52.547  
  
2025-02-27 02:25:53.096  
  
2025-02-27 02:25:53.097  [TRN] epoch_14  
2025-02-27 02:25:53.097  =============================================  
2025-02-27 02:25:53.097  trn/loss = 3.3600  
2025-02-27 02:25:53.098  trn/acc@01 = 0.2520  
2025-02-27 02:25:53.098  trn/acc@05 = 0.5960  
2025-02-27 02:25:53.098  trn/acc@10 = 0.6920  
2025-02-27 02:25:53.098  trn/acc@20 = 0.8240  
2025-02-27 02:25:53.099  
  
2025-02-27 02:25:53.146  
  
2025-02-27 02:25:53.146  [VAL_FINETUNE_DTVU_STEPS_1] epoch_14  
2025-02-27 02:25:53.147  =============================================  
2025-02-27 02:25:53.147  val_finetune_dtvu_steps_1/loss = 3.0522  
2025-02-27 02:25:53.147  val_finetune_dtvu_steps_1/acc@01 = 0.4500  
2025-02-27 02:25:53.147  val_finetune_dtvu_steps_1/acc@05 = 0.6000  
2025-02-27 02:25:53.147  val_finetune_dtvu_steps_1/acc@10 = 0.7500  
2025-02-27 02:25:53.147  val_finetune_dtvu_steps_1/acc@20 = 0.9000  
2025-02-27 02:25:53.147  
  
2025-02-27 02:25:53.198  
  
2025-02-27 02:25:53.199  [VAL_FINETUNE_DTVU_STEPS_3] epoch_14  
2025-02-27 02:25:53.199  =============================================  
2025-02-27 02:25:53.199  val_finetune_dtvu_steps_3/loss = 3.5160  
2025-02-27 02:25:53.199  val_finetune_dtvu_steps_3/acc@01 = 0.3833  
2025-02-27 02:25:53.199  val_finetune_dtvu_steps_3/acc@05 = 0.5500  
2025-02-27 02:25:53.199  val_finetune_dtvu_steps_3/acc@10 = 0.6333  
2025-02-27 02:25:53.199  val_finetune_dtvu_steps_3/acc@20 = 0.8167  
2025-02-27 02:25:53.199  
  
2025-02-27 02:25:53.616  
  
2025-02-27 02:25:53.616  [TRN] epoch_15  
2025-02-27 02:25:53.616  =============================================  
2025-02-27 02:25:53.616  trn/loss = 3.2483  
2025-02-27 02:25:53.616  trn/acc@01 = 0.2821  
2025-02-27 02:25:53.616  trn/acc@05 = 0.6000  
2025-02-27 02:25:53.616  trn/acc@10 = 0.7137  
2025-02-27 02:25:53.616  trn/acc@20 = 0.8211  
2025-02-27 02:25:53.616  
  
2025-02-27 02:25:53.662  
  
2025-02-27 02:25:53.662  [VAL_FINETUNE_DTVU_STEPS_1] epoch_15  
2025-02-27 02:25:53.662  =============================================  
2025-02-27 02:25:53.662  val_finetune_dtvu_steps_1/loss = 3.0435  
2025-02-27 02:25:53.662  val_finetune_dtvu_steps_1/acc@01 = 0.4500  
2025-02-27 02:25:53.662  val_finetune_dtvu_steps_1/acc@05 = 0.6000  
2025-02-27 02:25:53.662  val_finetune_dtvu_steps_1/acc@10 = 0.7000  
2025-02-27 02:25:53.662  val_finetune_dtvu_steps_1/acc@20 = 0.8500  
2025-02-27 02:25:53.662  
  
2025-02-27 02:25:53.726  
  
2025-02-27 02:25:53.726  [VAL_FINETUNE_DTVU_STEPS_3] epoch_15  
2025-02-27 02:25:53.726  =============================================  
2025-02-27 02:25:53.726  val_finetune_dtvu_steps_3/loss = 3.4911  
2025-02-27 02:25:53.726  val_finetune_dtvu_steps_3/acc@01 = 0.3833  
2025-02-27 02:25:53.726  val_finetune_dtvu_steps_3/acc@05 = 0.5500  
2025-02-27 02:25:53.726  val_finetune_dtvu_steps_3/acc@10 = 0.6167  
2025-02-27 02:25:53.726  val_finetune_dtvu_steps_3/acc@20 = 0.7500  
2025-02-27 02:25:53.726  
  
2025-02-27 02:25:54.142  
  
2025-02-27 02:25:54.142  [TRN] epoch_16  
2025-02-27 02:25:54.142  =============================================  
2025-02-27 02:25:54.142  trn/loss = 3.2424  
2025-02-27 02:25:54.142  trn/acc@01 = 0.2820  
2025-02-27 02:25:54.142  trn/acc@05 = 0.5940  
2025-02-27 02:25:54.142  trn/acc@10 = 0.7240  
2025-02-27 02:25:54.142  trn/acc@20 = 0.8320  
2025-02-27 02:25:54.142  
  
2025-02-27 02:25:54.181  
  
2025-02-27 02:25:54.181  [VAL_FINETUNE_DTVU_STEPS_1] epoch_16  
2025-02-27 02:25:54.181  =============================================  
2025-02-27 02:25:54.181  val_finetune_dtvu_steps_1/loss = 3.2507  
2025-02-27 02:25:54.181  val_finetune_dtvu_steps_1/acc@01 = 0.1500  
2025-02-27 02:25:54.181  val_finetune_dtvu_steps_1/acc@05 = 0.6000  
2025-02-27 02:25:54.181  val_finetune_dtvu_steps_1/acc@10 = 0.7000  
2025-02-27 02:25:54.181  val_finetune_dtvu_steps_1/acc@20 = 0.8500  
2025-02-27 02:25:54.181  
  
2025-02-27 02:25:54.238  
  
2025-02-27 02:25:54.238  [VAL_FINETUNE_DTVU_STEPS_3] epoch_16  
2025-02-27 02:25:54.238  =============================================  
2025-02-27 02:25:54.238  val_finetune_dtvu_steps_3/loss = 3.5590  
2025-02-27 02:25:54.238  val_finetune_dtvu_steps_3/acc@01 = 0.2000  
2025-02-27 02:25:54.238  val_finetune_dtvu_steps_3/acc@05 = 0.5500  
2025-02-27 02:25:54.238  val_finetune_dtvu_steps_3/acc@10 = 0.6667  
2025-02-27 02:25:54.238  val_finetune_dtvu_steps_3/acc@20 = 0.7833  
2025-02-27 02:25:54.238  
  
2025-02-27 02:25:54.654  
  
2025-02-27 02:25:54.654  [TRN] epoch_17  
2025-02-27 02:25:54.654  =============================================  
2025-02-27 02:25:54.654  trn/loss = 3.3736  
2025-02-27 02:25:54.654  trn/acc@01 = 0.2146  
2025-02-27 02:25:54.654  trn/acc@05 = 0.5917  
2025-02-27 02:25:54.670  trn/acc@10 = 0.7229  
2025-02-27 02:25:54.670  trn/acc@20 = 0.8167  
2025-02-27 02:25:54.670  
  
2025-02-27 02:25:54.717  
  
2025-02-27 02:25:54.717  [VAL_FINETUNE_DTVU_STEPS_1] epoch_17  
2025-02-27 02:25:54.717  =============================================  
2025-02-27 02:25:54.717  val_finetune_dtvu_steps_1/loss = 3.3051  
2025-02-27 02:25:54.717  val_finetune_dtvu_steps_1/acc@01 = 0.3500  
2025-02-27 02:25:54.717  val_finetune_dtvu_steps_1/acc@05 = 0.5000  
2025-02-27 02:25:54.717  val_finetune_dtvu_steps_1/acc@10 = 0.7500  
2025-02-27 02:25:54.717  val_finetune_dtvu_steps_1/acc@20 = 0.9000  
2025-02-27 02:25:54.717  
  
2025-02-27 02:25:54.764  
  
2025-02-27 02:25:54.764  [VAL_FINETUNE_DTVU_STEPS_3] epoch_17  
2025-02-27 02:25:54.764  =============================================  
2025-02-27 02:25:54.764  val_finetune_dtvu_steps_3/loss = 3.7353  
2025-02-27 02:25:54.764  val_finetune_dtvu_steps_3/acc@01 = 0.3000  
2025-02-27 02:25:54.764  val_finetune_dtvu_steps_3/acc@05 = 0.4833  
2025-02-27 02:25:54.764  val_finetune_dtvu_steps_3/acc@10 = 0.6500  
2025-02-27 02:25:54.764  val_finetune_dtvu_steps_3/acc@20 = 0.7500  
2025-02-27 02:25:54.764  
  
2025-02-27 02:25:55.189  
  
2025-02-27 02:25:55.189  [TRN] epoch_18  
2025-02-27 02:25:55.189  =============================================  
2025-02-27 02:25:55.189  trn/loss = 3.3002  
2025-02-27 02:25:55.189  trn/acc@01 = 0.2154  
2025-02-27 02:25:55.189  trn/acc@05 = 0.5692  
2025-02-27 02:25:55.189  trn/acc@10 = 0.7058  
2025-02-27 02:25:55.189  trn/acc@20 = 0.8250  
2025-02-27 02:25:55.189  
  
2025-02-27 02:25:55.242  
  
2025-02-27 02:25:55.242  [VAL_FINETUNE_DTVU_STEPS_1] epoch_18  
2025-02-27 02:25:55.242  =============================================  
2025-02-27 02:25:55.242  val_finetune_dtvu_steps_1/loss = 3.2460  
2025-02-27 02:25:55.242  val_finetune_dtvu_steps_1/acc@01 = 0.4500  
2025-02-27 02:25:55.242  val_finetune_dtvu_steps_1/acc@05 = 0.5500  
2025-02-27 02:25:55.242  val_finetune_dtvu_steps_1/acc@10 = 0.7000  
2025-02-27 02:25:55.242  val_finetune_dtvu_steps_1/acc@20 = 0.9000  
2025-02-27 02:25:55.242  
  
2025-02-27 02:25:55.283  
  
2025-02-27 02:25:55.283  [VAL_FINETUNE_DTVU_STEPS_3] epoch_18  
2025-02-27 02:25:55.283  =============================================  
2025-02-27 02:25:55.283  val_finetune_dtvu_steps_3/loss = 3.5076  
2025-02-27 02:25:55.283  val_finetune_dtvu_steps_3/acc@01 = 0.3833  
2025-02-27 02:25:55.283  val_finetune_dtvu_steps_3/acc@05 = 0.5333  
2025-02-27 02:25:55.283  val_finetune_dtvu_steps_3/acc@10 = 0.6333  
2025-02-27 02:25:55.283  val_finetune_dtvu_steps_3/acc@20 = 0.8333  
2025-02-27 02:25:55.283  
  
2025-02-27 02:25:55.715  
  
2025-02-27 02:25:55.715  [TRN] epoch_19  
2025-02-27 02:25:55.715  =============================================  
2025-02-27 02:25:55.715  trn/loss = 3.2166  
2025-02-27 02:25:55.715  trn/acc@01 = 0.3364  
2025-02-27 02:25:55.715  trn/acc@05 = 0.6093  
2025-02-27 02:25:55.715  trn/acc@10 = 0.7103  
2025-02-27 02:25:55.715  trn/acc@20 = 0.8411  
2025-02-27 02:25:55.715  
  
2025-02-27 02:25:55.765  
  
2025-02-27 02:25:55.765  [VAL_FINETUNE_DTVU_STEPS_1] epoch_19  
2025-02-27 02:25:55.765  =============================================  
2025-02-27 02:25:55.765  val_finetune_dtvu_steps_1/loss = 2.9780  
2025-02-27 02:25:55.765  val_finetune_dtvu_steps_1/acc@01 = 0.4500  
2025-02-27 02:25:55.765  val_finetune_dtvu_steps_1/acc@05 = 0.6000  
2025-02-27 02:25:55.765  val_finetune_dtvu_steps_1/acc@10 = 0.7000  
2025-02-27 02:25:55.765  val_finetune_dtvu_steps_1/acc@20 = 0.8500  
2025-02-27 02:25:55.765  
  
2025-02-27 02:25:55.804  
  
2025-02-27 02:25:55.804  [VAL_FINETUNE_DTVU_STEPS_3] epoch_19  
2025-02-27 02:25:55.804  =============================================  
2025-02-27 02:25:55.804  val_finetune_dtvu_steps_3/loss = 3.2896  
2025-02-27 02:25:55.804  val_finetune_dtvu_steps_3/acc@01 = 0.3833  
2025-02-27 02:25:55.804  val_finetune_dtvu_steps_3/acc@05 = 0.5333  
2025-02-27 02:25:55.804  val_finetune_dtvu_steps_3/acc@10 = 0.7000  
2025-02-27 02:25:55.804  val_finetune_dtvu_steps_3/acc@20 = 0.8167  
2025-02-27 02:25:55.804  
  
2025-02-27 02:25:56.231  
  
2025-02-27 02:25:56.231  [TRN] epoch_20  
2025-02-27 02:25:56.231  =============================================  
2025-02-27 02:25:56.231  trn/loss = 3.2169  
2025-02-27 02:25:56.231  trn/acc@01 = 0.2327  
2025-02-27 02:25:56.231  trn/acc@05 = 0.5388  
2025-02-27 02:25:56.231  trn/acc@10 = 0.6898  
2025-02-27 02:25:56.231  trn/acc@20 = 0.8408  
2025-02-27 02:25:56.231  
  
2025-02-27 02:25:56.279  
  
2025-02-27 02:25:56.279  [VAL_FINETUNE_DTVU_STEPS_1] epoch_20  
2025-02-27 02:25:56.279  =============================================  
2025-02-27 02:25:56.279  val_finetune_dtvu_steps_1/loss = 3.1003  
2025-02-27 02:25:56.279  val_finetune_dtvu_steps_1/acc@01 = 0.3000  
2025-02-27 02:25:56.279  val_finetune_dtvu_steps_1/acc@05 = 0.6000  
2025-02-27 02:25:56.279  val_finetune_dtvu_steps_1/acc@10 = 0.7000  
2025-02-27 02:25:56.279  val_finetune_dtvu_steps_1/acc@20 = 0.8500  
2025-02-27 02:25:56.279  
  
2025-02-27 02:25:56.333  
  
2025-02-27 02:25:56.333  [VAL_FINETUNE_DTVU_STEPS_3] epoch_20  
2025-02-27 02:25:56.333  =============================================  
2025-02-27 02:25:56.333  val_finetune_dtvu_steps_3/loss = 3.3939  
2025-02-27 02:25:56.333  val_finetune_dtvu_steps_3/acc@01 = 0.3167  
2025-02-27 02:25:56.333  val_finetune_dtvu_steps_3/acc@05 = 0.5500  
2025-02-27 02:25:56.333  val_finetune_dtvu_steps_3/acc@10 = 0.6833  
2025-02-27 02:25:56.333  val_finetune_dtvu_steps_3/acc@20 = 0.8333  
2025-02-27 02:25:56.333  
  
2025-02-27 02:25:56.749  
  
2025-02-27 02:25:56.749  [TRN] epoch_21  
2025-02-27 02:25:56.749  =============================================  
2025-02-27 02:25:56.749  trn/loss = 2.9636  
2025-02-27 02:25:56.749  trn/acc@01 = 0.2667  
2025-02-27 02:25:56.749  trn/acc@05 = 0.6255  
2025-02-27 02:25:56.749  trn/acc@10 = 0.7529  
2025-02-27 02:25:56.749  trn/acc@20 = 0.8686  
2025-02-27 02:25:56.749  
  
2025-02-27 02:25:56.796  
  
2025-02-27 02:25:56.796  [VAL_FINETUNE_DTVU_STEPS_1] epoch_21  
2025-02-27 02:25:56.796  =============================================  
2025-02-27 02:25:56.796  val_finetune_dtvu_steps_1/loss = 3.0003  
2025-02-27 02:25:56.796  val_finetune_dtvu_steps_1/acc@01 = 0.4500  
2025-02-27 02:25:56.796  val_finetune_dtvu_steps_1/acc@05 = 0.6000  
2025-02-27 02:25:56.796  val_finetune_dtvu_steps_1/acc@10 = 0.6500  
2025-02-27 02:25:56.796  val_finetune_dtvu_steps_1/acc@20 = 0.8500  
2025-02-27 02:25:56.796  
  
2025-02-27 02:25:56.846  
  
2025-02-27 02:25:56.846  [VAL_FINETUNE_DTVU_STEPS_3] epoch_21  
2025-02-27 02:25:56.846  =============================================  
2025-02-27 02:25:56.846  val_finetune_dtvu_steps_3/loss = 3.3293  
2025-02-27 02:25:56.846  val_finetune_dtvu_steps_3/acc@01 = 0.3833  
2025-02-27 02:25:56.846  val_finetune_dtvu_steps_3/acc@05 = 0.5667  
2025-02-27 02:25:56.846  val_finetune_dtvu_steps_3/acc@10 = 0.6500  
2025-02-27 02:25:56.846  val_finetune_dtvu_steps_3/acc@20 = 0.8000  
2025-02-27 02:25:56.846  
  
2025-02-27 02:25:57.274  
  
2025-02-27 02:25:57.274  [TRN] epoch_22  
2025-02-27 02:25:57.274  =============================================  
2025-02-27 02:25:57.274  trn/loss = 3.1097  
2025-02-27 02:25:57.274  trn/acc@01 = 0.2800  
2025-02-27 02:25:57.274  trn/acc@05 = 0.5848  
2025-02-27 02:25:57.274  trn/acc@10 = 0.6971  
2025-02-27 02:25:57.274  trn/acc@20 = 0.8400  
2025-02-27 02:25:57.274  
  
2025-02-27 02:25:57.324  
  
2025-02-27 02:25:57.324  [VAL_FINETUNE_DTVU_STEPS_1] epoch_22  
2025-02-27 02:25:57.324  =============================================  
2025-02-27 02:25:57.324  val_finetune_dtvu_steps_1/loss = 2.9003  
2025-02-27 02:25:57.324  val_finetune_dtvu_steps_1/acc@01 = 0.4500  
2025-02-27 02:25:57.324  val_finetune_dtvu_steps_1/acc@05 = 0.6000  
2025-02-27 02:25:57.324  val_finetune_dtvu_steps_1/acc@10 = 0.6500  
2025-02-27 02:25:57.324  val_finetune_dtvu_steps_1/acc@20 = 0.9000  
2025-02-27 02:25:57.324  
  
2025-02-27 02:25:57.377  
  
2025-02-27 02:25:57.377  [VAL_FINETUNE_DTVU_STEPS_3] epoch_22  
2025-02-27 02:25:57.377  =============================================  
2025-02-27 02:25:57.377  val_finetune_dtvu_steps_3/loss = 3.2835  
2025-02-27 02:25:57.377  val_finetune_dtvu_steps_3/acc@01 = 0.3833  
2025-02-27 02:25:57.377  val_finetune_dtvu_steps_3/acc@05 = 0.5667  
2025-02-27 02:25:57.377  val_finetune_dtvu_steps_3/acc@10 = 0.6333  
2025-02-27 02:25:57.377  val_finetune_dtvu_steps_3/acc@20 = 0.8167  
2025-02-27 02:25:57.377  
  
2025-02-27 02:25:57.795  
  
2025-02-27 02:25:57.795  [TRN] epoch_23  
2025-02-27 02:25:57.795  =============================================  
2025-02-27 02:25:57.795  trn/loss = 3.0962  
2025-02-27 02:25:57.795  trn/acc@01 = 0.2699  
2025-02-27 02:25:57.795  trn/acc@05 = 0.5825  
2025-02-27 02:25:57.795  trn/acc@10 = 0.7049  
2025-02-27 02:25:57.795  trn/acc@20 = 0.8447  
2025-02-27 02:25:57.795  
  
2025-02-27 02:25:57.853  
  
2025-02-27 02:25:57.853  [VAL_FINETUNE_DTVU_STEPS_1] epoch_23  
2025-02-27 02:25:57.853  =============================================  
2025-02-27 02:25:57.853  val_finetune_dtvu_steps_1/loss = 2.8783  
2025-02-27 02:25:57.853  val_finetune_dtvu_steps_1/acc@01 = 0.4500  
2025-02-27 02:25:57.853  val_finetune_dtvu_steps_1/acc@05 = 0.6000  
2025-02-27 02:25:57.853  val_finetune_dtvu_steps_1/acc@10 = 0.8000  
2025-02-27 02:25:57.853  val_finetune_dtvu_steps_1/acc@20 = 0.8500  
2025-02-27 02:25:57.853  
  
2025-02-27 02:25:57.909  
  
2025-02-27 02:25:57.909  [VAL_FINETUNE_DTVU_STEPS_3] epoch_23  
2025-02-27 02:25:57.909  =============================================  
2025-02-27 02:25:57.909  val_finetune_dtvu_steps_3/loss = 3.2959  
2025-02-27 02:25:57.909  val_finetune_dtvu_steps_3/acc@01 = 0.3667  
2025-02-27 02:25:57.909  val_finetune_dtvu_steps_3/acc@05 = 0.5667  
2025-02-27 02:25:57.909  val_finetune_dtvu_steps_3/acc@10 = 0.6667  
2025-02-27 02:25:57.909  val_finetune_dtvu_steps_3/acc@20 = 0.8000  
2025-02-27 02:25:57.909  
  
2025-02-27 02:25:58.355  
  
2025-02-27 02:25:58.355  [TRN] epoch_24  
2025-02-27 02:25:58.355  =============================================  
2025-02-27 02:25:58.355  trn/loss = 3.0511  
2025-02-27 02:25:58.355  trn/acc@01 = 0.3146  
2025-02-27 02:25:58.355  trn/acc@05 = 0.6485  
2025-02-27 02:25:58.355  trn/acc@10 = 0.7359  
2025-02-27 02:25:58.355  trn/acc@20 = 0.8350  
2025-02-27 02:25:58.355  
  
2025-02-27 02:25:58.403  
  
2025-02-27 02:25:58.403  [VAL_FINETUNE_DTVU_STEPS_1] epoch_24  
2025-02-27 02:25:58.403  =============================================  
2025-02-27 02:25:58.403  val_finetune_dtvu_steps_1/loss = 2.9790  
2025-02-27 02:25:58.403  val_finetune_dtvu_steps_1/acc@01 = 0.3500  
2025-02-27 02:25:58.403  val_finetune_dtvu_steps_1/acc@05 = 0.6000  
2025-02-27 02:25:58.403  val_finetune_dtvu_steps_1/acc@10 = 0.9000  
2025-02-27 02:25:58.403  val_finetune_dtvu_steps_1/acc@20 = 0.9000  
2025-02-27 02:25:58.403  
  
2025-02-27 02:25:58.467  
  
2025-02-27 02:25:58.467  [VAL_FINETUNE_DTVU_STEPS_3] epoch_24  
2025-02-27 02:25:58.467  =============================================  
2025-02-27 02:25:58.467  val_finetune_dtvu_steps_3/loss = 3.3185  
2025-02-27 02:25:58.467  val_finetune_dtvu_steps_3/acc@01 = 0.3333  
2025-02-27 02:25:58.467  val_finetune_dtvu_steps_3/acc@05 = 0.5500  
2025-02-27 02:25:58.467  val_finetune_dtvu_steps_3/acc@10 = 0.7333  
2025-02-27 02:25:58.467  val_finetune_dtvu_steps_3/acc@20 = 0.8000  
2025-02-27 02:25:58.467  
  
2025-02-27 02:25:58.910  
  
2025-02-27 02:25:58.910  [TRN] epoch_25  
2025-02-27 02:25:58.910  =============================================  
2025-02-27 02:25:58.910  trn/loss = 2.8927  
2025-02-27 02:25:58.910  trn/acc@01 = 0.3226  
2025-02-27 02:25:58.910  trn/acc@05 = 0.6151  
2025-02-27 02:25:58.910  trn/acc@10 = 0.7462  
2025-02-27 02:25:58.910  trn/acc@20 = 0.8538  
2025-02-27 02:25:58.910  
  
2025-02-27 02:25:58.978  
  
2025-02-27 02:25:58.978  [VAL_FINETUNE_DTVU_STEPS_1] epoch_25  
2025-02-27 02:25:58.978  =============================================  
2025-02-27 02:25:58.978  val_finetune_dtvu_steps_1/loss = 2.8171  
2025-02-27 02:25:58.978  val_finetune_dtvu_steps_1/acc@01 = 0.4000  
2025-02-27 02:25:58.978  val_finetune_dtvu_steps_1/acc@05 = 0.6500  
2025-02-27 02:25:58.978  val_finetune_dtvu_steps_1/acc@10 = 0.7000  
2025-02-27 02:25:58.978  val_finetune_dtvu_steps_1/acc@20 = 0.8500  
2025-02-27 02:25:58.978  
  
2025-02-27 02:25:59.041  
  
2025-02-27 02:25:59.041  [VAL_FINETUNE_DTVU_STEPS_3] epoch_25  
2025-02-27 02:25:59.041  =============================================  
2025-02-27 02:25:59.041  val_finetune_dtvu_steps_3/loss = 3.2053  
2025-02-27 02:25:59.041  val_finetune_dtvu_steps_3/acc@01 = 0.3667  
2025-02-27 02:25:59.041  val_finetune_dtvu_steps_3/acc@05 = 0.5833  
2025-02-27 02:25:59.041  val_finetune_dtvu_steps_3/acc@10 = 0.6667  
2025-02-27 02:25:59.041  val_finetune_dtvu_steps_3/acc@20 = 0.7667  
2025-02-27 02:25:59.041  
  
2025-02-27 02:25:59.494  
  
2025-02-27 02:25:59.495  [TRN] epoch_26  
2025-02-27 02:25:59.495  =============================================  
2025-02-27 02:25:59.495  trn/loss = 3.1381  
2025-02-27 02:25:59.495  trn/acc@01 = 0.2545  
2025-02-27 02:25:59.495  trn/acc@05 = 0.5778  
2025-02-27 02:25:59.495  trn/acc@10 = 0.7111  
2025-02-27 02:25:59.495  trn/acc@20 = 0.8182  
2025-02-27 02:25:59.495  
  
2025-02-27 02:25:59.552  
  
2025-02-27 02:25:59.558  [VAL_FINETUNE_DTVU_STEPS_1] epoch_26  
2025-02-27 02:25:59.558  =============================================  
2025-02-27 02:25:59.558  val_finetune_dtvu_steps_1/loss = 3.0068  
2025-02-27 02:25:59.558  val_finetune_dtvu_steps_1/acc@01 = 0.3500  
2025-02-27 02:25:59.558  val_finetune_dtvu_steps_1/acc@05 = 0.6500  
2025-02-27 02:25:59.558  val_finetune_dtvu_steps_1/acc@10 = 0.7500  
2025-02-27 02:25:59.558  val_finetune_dtvu_steps_1/acc@20 = 0.8500  
2025-02-27 02:25:59.558  
  
2025-02-27 02:25:59.609  
  
2025-02-27 02:25:59.609  [VAL_FINETUNE_DTVU_STEPS_3] epoch_26  
2025-02-27 02:25:59.609  =============================================  
2025-02-27 02:25:59.609  val_finetune_dtvu_steps_3/loss = 3.2856  
2025-02-27 02:25:59.609  val_finetune_dtvu_steps_3/acc@01 = 0.3333  
2025-02-27 02:25:59.609  val_finetune_dtvu_steps_3/acc@05 = 0.5833  
2025-02-27 02:25:59.609  val_finetune_dtvu_steps_3/acc@10 = 0.6500  
2025-02-27 02:25:59.609  val_finetune_dtvu_steps_3/acc@20 = 0.8000  
2025-02-27 02:25:59.609  
  
2025-02-27 02:26:00.046  
  
2025-02-27 02:26:00.046  [TRN] epoch_27  
2025-02-27 02:26:00.046  =============================================  
2025-02-27 02:26:00.046  trn/loss = 3.1639  
2025-02-27 02:26:00.046  trn/acc@01 = 0.2780  
2025-02-27 02:26:00.046  trn/acc@05 = 0.5920  
2025-02-27 02:26:00.046  trn/acc@10 = 0.7000  
2025-02-27 02:26:00.046  trn/acc@20 = 0.8340  
2025-02-27 02:26:00.046  
  
2025-02-27 02:26:00.108  
  
2025-02-27 02:26:00.108  [VAL_FINETUNE_DTVU_STEPS_1] epoch_27  
2025-02-27 02:26:00.108  =============================================  
2025-02-27 02:26:00.108  val_finetune_dtvu_steps_1/loss = 3.1001  
2025-02-27 02:26:00.108  val_finetune_dtvu_steps_1/acc@01 = 0.3500  
2025-02-27 02:26:00.108  val_finetune_dtvu_steps_1/acc@05 = 0.5500  
2025-02-27 02:26:00.108  val_finetune_dtvu_steps_1/acc@10 = 0.7500  
2025-02-27 02:26:00.108  val_finetune_dtvu_steps_1/acc@20 = 0.8500  
2025-02-27 02:26:00.108  
  
2025-02-27 02:26:00.156  
  
2025-02-27 02:26:00.156  [VAL_FINETUNE_DTVU_STEPS_3] epoch_27  
2025-02-27 02:26:00.156  =============================================  
2025-02-27 02:26:00.156  val_finetune_dtvu_steps_3/loss = 3.4205  
2025-02-27 02:26:00.156  val_finetune_dtvu_steps_3/acc@01 = 0.3167  
2025-02-27 02:26:00.156  val_finetune_dtvu_steps_3/acc@05 = 0.5167  
2025-02-27 02:26:00.156  val_finetune_dtvu_steps_3/acc@10 = 0.6500  
2025-02-27 02:26:00.156  val_finetune_dtvu_steps_3/acc@20 = 0.7833  
2025-02-27 02:26:00.156  
  
2025-02-27 02:26:00.613  
  
2025-02-27 02:26:00.613  [TRN] epoch_28  
2025-02-27 02:26:00.613  =============================================  
2025-02-27 02:26:00.613  trn/loss = 2.7036  
2025-02-27 02:26:00.613  trn/acc@01 = 0.3705  
2025-02-27 02:26:00.613  trn/acc@05 = 0.6758  
2025-02-27 02:26:00.613  trn/acc@10 = 0.7684  
2025-02-27 02:26:00.613  trn/acc@20 = 0.8884  
2025-02-27 02:26:00.613  
  
2025-02-27 02:26:00.675  
  
2025-02-27 02:26:00.675  [VAL_FINETUNE_DTVU_STEPS_1] epoch_28  
2025-02-27 02:26:00.675  =============================================  
2025-02-27 02:26:00.675  val_finetune_dtvu_steps_1/loss = 2.9699  
2025-02-27 02:26:00.675  val_finetune_dtvu_steps_1/acc@01 = 0.3500  
2025-02-27 02:26:00.675  val_finetune_dtvu_steps_1/acc@05 = 0.6500  
2025-02-27 02:26:00.675  val_finetune_dtvu_steps_1/acc@10 = 0.7500  
2025-02-27 02:26:00.675  val_finetune_dtvu_steps_1/acc@20 = 0.8000  
2025-02-27 02:26:00.675  
  
2025-02-27 02:26:00.732  
  
2025-02-27 02:26:00.732  [VAL_FINETUNE_DTVU_STEPS_3] epoch_28  
2025-02-27 02:26:00.732  =============================================  
2025-02-27 02:26:00.732  val_finetune_dtvu_steps_3/loss = 3.4588  
2025-02-27 02:26:00.732  val_finetune_dtvu_steps_3/acc@01 = 0.3000  
2025-02-27 02:26:00.732  val_finetune_dtvu_steps_3/acc@05 = 0.5667  
2025-02-27 02:26:00.732  val_finetune_dtvu_steps_3/acc@10 = 0.6167  
2025-02-27 02:26:00.732  val_finetune_dtvu_steps_3/acc@20 = 0.7167  
2025-02-27 02:26:00.732  
  
2025-02-27 02:26:01.179  
  
2025-02-27 02:26:01.179  [TRN] epoch_29  
2025-02-27 02:26:01.179  =============================================  
2025-02-27 02:26:01.179  trn/loss = 2.9172  
2025-02-27 02:26:01.179  trn/acc@01 = 0.3000  
2025-02-27 02:26:01.179  trn/acc@05 = 0.6250  
2025-02-27 02:26:01.195  trn/acc@10 = 0.7477  
2025-02-27 02:26:01.195  trn/acc@20 = 0.8659  
2025-02-27 02:26:01.195  
  
2025-02-27 02:26:01.247  
  
2025-02-27 02:26:01.247  [VAL_FINETUNE_DTVU_STEPS_1] epoch_29  
2025-02-27 02:26:01.247  =============================================  
2025-02-27 02:26:01.247  val_finetune_dtvu_steps_1/loss = 2.8435  
2025-02-27 02:26:01.247  val_finetune_dtvu_steps_1/acc@01 = 0.4500  
2025-02-27 02:26:01.247  val_finetune_dtvu_steps_1/acc@05 = 0.6500  
2025-02-27 02:26:01.247  val_finetune_dtvu_steps_1/acc@10 = 0.7500  
2025-02-27 02:26:01.247  val_finetune_dtvu_steps_1/acc@20 = 0.8500  
2025-02-27 02:26:01.247  
  
2025-02-27 02:26:01.306  
  
2025-02-27 02:26:01.306  [VAL_FINETUNE_DTVU_STEPS_3] epoch_29  
2025-02-27 02:26:01.306  =============================================  
2025-02-27 02:26:01.306  val_finetune_dtvu_steps_3/loss = 3.2602  
2025-02-27 02:26:01.306  val_finetune_dtvu_steps_3/acc@01 = 0.3667  
2025-02-27 02:26:01.306  val_finetune_dtvu_steps_3/acc@05 = 0.5833  
2025-02-27 02:26:01.306  val_finetune_dtvu_steps_3/acc@10 = 0.6500  
2025-02-27 02:26:01.306  val_finetune_dtvu_steps_3/acc@20 = 0.7833  
2025-02-27 02:26:01.306  
  
2025-02-27 02:26:01.764  
  
2025-02-27 02:26:01.764  [TRN] epoch_30  
2025-02-27 02:26:01.764  =============================================  
2025-02-27 02:26:01.764  trn/loss = 2.7684  
2025-02-27 02:26:01.764  trn/acc@01 = 0.3045  
2025-02-27 02:26:01.764  trn/acc@05 = 0.6667  
2025-02-27 02:26:01.764  trn/acc@10 = 0.7676  
2025-02-27 02:26:01.764  trn/acc@20 = 0.8811  
2025-02-27 02:26:01.764  
  
2025-02-27 02:26:01.826  
  
2025-02-27 02:26:01.828  [VAL_FINETUNE_DTVU_STEPS_1] epoch_30  
2025-02-27 02:26:01.828  =============================================  
2025-02-27 02:26:01.828  val_finetune_dtvu_steps_1/loss = 2.8299  
2025-02-27 02:26:01.828  val_finetune_dtvu_steps_1/acc@01 = 0.4500  
2025-02-27 02:26:01.828  val_finetune_dtvu_steps_1/acc@05 = 0.6500  
2025-02-27 02:26:01.828  val_finetune_dtvu_steps_1/acc@10 = 0.7500  
2025-02-27 02:26:01.828  val_finetune_dtvu_steps_1/acc@20 = 0.9000  
2025-02-27 02:26:01.828  
  
2025-02-27 02:26:01.880  
  
2025-02-27 02:26:01.880  [VAL_FINETUNE_DTVU_STEPS_3] epoch_30  
2025-02-27 02:26:01.880  =============================================  
2025-02-27 02:26:01.880  val_finetune_dtvu_steps_3/loss = 3.2877  
2025-02-27 02:26:01.880  val_finetune_dtvu_steps_3/acc@01 = 0.3667  
2025-02-27 02:26:01.880  val_finetune_dtvu_steps_3/acc@05 = 0.5667  
2025-02-27 02:26:01.880  val_finetune_dtvu_steps_3/acc@10 = 0.6333  
2025-02-27 02:26:01.880  val_finetune_dtvu_steps_3/acc@20 = 0.7667  
2025-02-27 02:26:01.880  
  
2025-02-27 02:26:02.330  
  
2025-02-27 02:26:02.330  [TRN] epoch_31  
2025-02-27 02:26:02.330  =============================================  
2025-02-27 02:26:02.330  trn/loss = 2.7704  
2025-02-27 02:26:02.330  trn/acc@01 = 0.3273  
2025-02-27 02:26:02.330  trn/acc@05 = 0.6527  
2025-02-27 02:26:02.330  trn/acc@10 = 0.7600  
2025-02-27 02:26:02.330  trn/acc@20 = 0.8764  
2025-02-27 02:26:02.330  
  
2025-02-27 02:26:02.404  
  
2025-02-27 02:26:02.410  [VAL_FINETUNE_DTVU_STEPS_1] epoch_31  
2025-02-27 02:26:02.410  =============================================  
2025-02-27 02:26:02.410  val_finetune_dtvu_steps_1/loss = 2.8113  
2025-02-27 02:26:02.410  val_finetune_dtvu_steps_1/acc@01 = 0.4500  
2025-02-27 02:26:02.410  val_finetune_dtvu_steps_1/acc@05 = 0.6500  
2025-02-27 02:26:02.410  val_finetune_dtvu_steps_1/acc@10 = 0.7500  
2025-02-27 02:26:02.410  val_finetune_dtvu_steps_1/acc@20 = 0.9000  
2025-02-27 02:26:02.410  
  
2025-02-27 02:26:02.457  
  
2025-02-27 02:26:02.457  [VAL_FINETUNE_DTVU_STEPS_3] epoch_31  
2025-02-27 02:26:02.457  =============================================  
2025-02-27 02:26:02.457  val_finetune_dtvu_steps_3/loss = 3.2619  
2025-02-27 02:26:02.457  val_finetune_dtvu_steps_3/acc@01 = 0.3667  
2025-02-27 02:26:02.457  val_finetune_dtvu_steps_3/acc@05 = 0.5833  
2025-02-27 02:26:02.457  val_finetune_dtvu_steps_3/acc@10 = 0.6500  
2025-02-27 02:26:02.457  val_finetune_dtvu_steps_3/acc@20 = 0.7500  
2025-02-27 02:26:02.457  
  
2025-02-27 02:26:02.913  
  
2025-02-27 02:26:02.913  [TRN] epoch_32  
2025-02-27 02:26:02.913  =============================================  
2025-02-27 02:26:02.913  trn/loss = 3.0409  
2025-02-27 02:26:02.913  trn/acc@01 = 0.2574  
2025-02-27 02:26:02.913  trn/acc@05 = 0.6064  
2025-02-27 02:26:02.913  trn/acc@10 = 0.7255  
2025-02-27 02:26:02.913  trn/acc@20 = 0.8404  
2025-02-27 02:26:02.913  
  
2025-02-27 02:26:02.976  
  
2025-02-27 02:26:02.976  [VAL_FINETUNE_DTVU_STEPS_1] epoch_32  
2025-02-27 02:26:02.976  =============================================  
2025-02-27 02:26:02.976  val_finetune_dtvu_steps_1/loss = 2.8132  
2025-02-27 02:26:02.976  val_finetune_dtvu_steps_1/acc@01 = 0.4000  
2025-02-27 02:26:02.976  val_finetune_dtvu_steps_1/acc@05 = 0.6500  
2025-02-27 02:26:02.976  val_finetune_dtvu_steps_1/acc@10 = 0.7500  
2025-02-27 02:26:02.976  val_finetune_dtvu_steps_1/acc@20 = 0.8500  
2025-02-27 02:26:02.976  
  
2025-02-27 02:26:03.025  
  
2025-02-27 02:26:03.025  [VAL_FINETUNE_DTVU_STEPS_3] epoch_32  
2025-02-27 02:26:03.025  =============================================  
2025-02-27 02:26:03.025  val_finetune_dtvu_steps_3/loss = 3.2650  
2025-02-27 02:26:03.025  val_finetune_dtvu_steps_3/acc@01 = 0.3333  
2025-02-27 02:26:03.025  val_finetune_dtvu_steps_3/acc@05 = 0.5500  
2025-02-27 02:26:03.025  val_finetune_dtvu_steps_3/acc@10 = 0.6500  
2025-02-27 02:26:03.025  val_finetune_dtvu_steps_3/acc@20 = 0.7667  
2025-02-27 02:26:03.025  
  
2025-02-27 02:26:03.482  
  
2025-02-27 02:26:03.482  [TRN] epoch_33  
2025-02-27 02:26:03.482  =============================================  
2025-02-27 02:26:03.482  trn/loss = 2.9425  
2025-02-27 02:26:03.482  trn/acc@01 = 0.3340  
2025-02-27 02:26:03.482  trn/acc@05 = 0.6214  
2025-02-27 02:26:03.482  trn/acc@10 = 0.7262  
2025-02-27 02:26:03.482  trn/acc@20 = 0.8563  
2025-02-27 02:26:03.482  
  
2025-02-27 02:26:03.549  
  
2025-02-27 02:26:03.549  [VAL_FINETUNE_DTVU_STEPS_1] epoch_33  
2025-02-27 02:26:03.549  =============================================  
2025-02-27 02:26:03.549  val_finetune_dtvu_steps_1/loss = 3.2093  
2025-02-27 02:26:03.549  val_finetune_dtvu_steps_1/acc@01 = 0.3500  
2025-02-27 02:26:03.549  val_finetune_dtvu_steps_1/acc@05 = 0.6000  
2025-02-27 02:26:03.549  val_finetune_dtvu_steps_1/acc@10 = 0.6500  
2025-02-27 02:26:03.549  val_finetune_dtvu_steps_1/acc@20 = 0.8500  
2025-02-27 02:26:03.549  
  
2025-02-27 02:26:03.607  
  
2025-02-27 02:26:03.607  [VAL_FINETUNE_DTVU_STEPS_3] epoch_33  
2025-02-27 02:26:03.607  =============================================  
2025-02-27 02:26:03.607  val_finetune_dtvu_steps_3/loss = 3.4972  
2025-02-27 02:26:03.607  val_finetune_dtvu_steps_3/acc@01 = 0.2833  
2025-02-27 02:26:03.607  val_finetune_dtvu_steps_3/acc@05 = 0.5500  
2025-02-27 02:26:03.607  val_finetune_dtvu_steps_3/acc@10 = 0.6167  
2025-02-27 02:26:03.607  val_finetune_dtvu_steps_3/acc@20 = 0.8167  
2025-02-27 02:26:03.607  
  
2025-02-27 02:26:04.065  
  
2025-02-27 02:26:04.065  [TRN] epoch_34  
2025-02-27 02:26:04.065  =============================================  
2025-02-27 02:26:04.065  trn/loss = 2.8792  
2025-02-27 02:26:04.065  trn/acc@01 = 0.2949  
2025-02-27 02:26:04.065  trn/acc@05 = 0.6182  
2025-02-27 02:26:04.065  trn/acc@10 = 0.7434  
2025-02-27 02:26:04.065  trn/acc@20 = 0.8687  
2025-02-27 02:26:04.065  
  
2025-02-27 02:26:04.112  
  
2025-02-27 02:26:04.112  [VAL_FINETUNE_DTVU_STEPS_1] epoch_34  
2025-02-27 02:26:04.112  =============================================  
2025-02-27 02:26:04.112  val_finetune_dtvu_steps_1/loss = 2.9671  
2025-02-27 02:26:04.112  val_finetune_dtvu_steps_1/acc@01 = 0.3000  
2025-02-27 02:26:04.112  val_finetune_dtvu_steps_1/acc@05 = 0.6500  
2025-02-27 02:26:04.112  val_finetune_dtvu_steps_1/acc@10 = 0.7500  
2025-02-27 02:26:04.112  val_finetune_dtvu_steps_1/acc@20 = 0.8500  
2025-02-27 02:26:04.112  
  
2025-02-27 02:26:04.174  
  
2025-02-27 02:26:04.174  [VAL_FINETUNE_DTVU_STEPS_3] epoch_34  
2025-02-27 02:26:04.174  =============================================  
2025-02-27 02:26:04.174  val_finetune_dtvu_steps_3/loss = 3.2677  
2025-02-27 02:26:04.174  val_finetune_dtvu_steps_3/acc@01 = 0.3000  
2025-02-27 02:26:04.174  val_finetune_dtvu_steps_3/acc@05 = 0.5500  
2025-02-27 02:26:04.174  val_finetune_dtvu_steps_3/acc@10 = 0.7000  
2025-02-27 02:26:04.174  val_finetune_dtvu_steps_3/acc@20 = 0.8000  
2025-02-27 02:26:04.174  
  
2025-02-27 02:26:04.636  
  
2025-02-27 02:26:04.636  [TRN] epoch_35  
2025-02-27 02:26:04.636  =============================================  
2025-02-27 02:26:04.636  trn/loss = 2.9379  
2025-02-27 02:26:04.636  trn/acc@01 = 0.2484  
2025-02-27 02:26:04.636  trn/acc@05 = 0.5916  
2025-02-27 02:26:04.636  trn/acc@10 = 0.7495  
2025-02-27 02:26:04.636  trn/acc@20 = 0.8653  
2025-02-27 02:26:04.636  
  
2025-02-27 02:26:04.679  
  
2025-02-27 02:26:04.679  [VAL_FINETUNE_DTVU_STEPS_1] epoch_35  
2025-02-27 02:26:04.679  =============================================  
2025-02-27 02:26:04.679  val_finetune_dtvu_steps_1/loss = 3.0881  
2025-02-27 02:26:04.679  val_finetune_dtvu_steps_1/acc@01 = 0.3500  
2025-02-27 02:26:04.679  val_finetune_dtvu_steps_1/acc@05 = 0.5500  
2025-02-27 02:26:04.679  val_finetune_dtvu_steps_1/acc@10 = 0.7000  
2025-02-27 02:26:04.679  val_finetune_dtvu_steps_1/acc@20 = 0.8000  
2025-02-27 02:26:04.679  
  
2025-02-27 02:26:04.742  
  
2025-02-27 02:26:04.742  [VAL_FINETUNE_DTVU_STEPS_3] epoch_35  
2025-02-27 02:26:04.742  =============================================  
2025-02-27 02:26:04.742  val_finetune_dtvu_steps_3/loss = 3.3295  
2025-02-27 02:26:04.742  val_finetune_dtvu_steps_3/acc@01 = 0.3333  
2025-02-27 02:26:04.742  val_finetune_dtvu_steps_3/acc@05 = 0.5667  
2025-02-27 02:26:04.742  val_finetune_dtvu_steps_3/acc@10 = 0.6833  
2025-02-27 02:26:04.742  val_finetune_dtvu_steps_3/acc@20 = 0.7500  
2025-02-27 02:26:04.742  
  
2025-02-27 02:26:05.171  
  
2025-02-27 02:26:05.171  [TRN] epoch_36  
2025-02-27 02:26:05.171  =============================================  
2025-02-27 02:26:05.171  trn/loss = 2.8876  
2025-02-27 02:26:05.171  trn/acc@01 = 0.3010  
2025-02-27 02:26:05.171  trn/acc@05 = 0.6158  
2025-02-27 02:26:05.171  trn/acc@10 = 0.7446  
2025-02-27 02:26:05.171  trn/acc@20 = 0.8594  
2025-02-27 02:26:05.171  
  
2025-02-27 02:26:05.229  
  
2025-02-27 02:26:05.229  [VAL_FINETUNE_DTVU_STEPS_1] epoch_36  
2025-02-27 02:26:05.229  =============================================  
2025-02-27 02:26:05.229  val_finetune_dtvu_steps_1/loss = 2.7884  
2025-02-27 02:26:05.229  val_finetune_dtvu_steps_1/acc@01 = 0.4500  
2025-02-27 02:26:05.229  val_finetune_dtvu_steps_1/acc@05 = 0.6500  
2025-02-27 02:26:05.229  val_finetune_dtvu_steps_1/acc@10 = 0.7000  
2025-02-27 02:26:05.229  val_finetune_dtvu_steps_1/acc@20 = 0.8500  
2025-02-27 02:26:05.229  
  
2025-02-27 02:26:05.266  
  
2025-02-27 02:26:05.266  [VAL_FINETUNE_DTVU_STEPS_3] epoch_36  
2025-02-27 02:26:05.266  =============================================  
2025-02-27 02:26:05.266  val_finetune_dtvu_steps_3/loss = 3.1641  
2025-02-27 02:26:05.266  val_finetune_dtvu_steps_3/acc@01 = 0.3667  
2025-02-27 02:26:05.266  val_finetune_dtvu_steps_3/acc@05 = 0.6167  
2025-02-27 02:26:05.266  val_finetune_dtvu_steps_3/acc@10 = 0.6833  
2025-02-27 02:26:05.266  val_finetune_dtvu_steps_3/acc@20 = 0.7833  
2025-02-27 02:26:05.266  
  
2025-02-27 02:26:05.716  
  
2025-02-27 02:26:05.716  [TRN] epoch_37  
2025-02-27 02:26:05.716  =============================================  
2025-02-27 02:26:05.716  trn/loss = 2.6729  
2025-02-27 02:26:05.716  trn/acc@01 = 0.3275  
2025-02-27 02:26:05.716  trn/acc@05 = 0.6804  
2025-02-27 02:26:05.716  trn/acc@10 = 0.8000  
2025-02-27 02:26:05.716  trn/acc@20 = 0.9059  
2025-02-27 02:26:05.716  
  
2025-02-27 02:26:05.770  
  
2025-02-27 02:26:05.770  [VAL_FINETUNE_DTVU_STEPS_1] epoch_37  
2025-02-27 02:26:05.770  =============================================  
2025-02-27 02:26:05.770  val_finetune_dtvu_steps_1/loss = 2.7843  
2025-02-27 02:26:05.770  val_finetune_dtvu_steps_1/acc@01 = 0.4500  
2025-02-27 02:26:05.770  val_finetune_dtvu_steps_1/acc@05 = 0.6500  
2025-02-27 02:26:05.770  val_finetune_dtvu_steps_1/acc@10 = 0.7500  
2025-02-27 02:26:05.770  val_finetune_dtvu_steps_1/acc@20 = 0.8500  
2025-02-27 02:26:05.770  
  
2025-02-27 02:26:05.824  
  
2025-02-27 02:26:05.824  [VAL_FINETUNE_DTVU_STEPS_3] epoch_37  
2025-02-27 02:26:05.824  =============================================  
2025-02-27 02:26:05.824  val_finetune_dtvu_steps_3/loss = 3.1095  
2025-02-27 02:26:05.824  val_finetune_dtvu_steps_3/acc@01 = 0.3833  
2025-02-27 02:26:05.824  val_finetune_dtvu_steps_3/acc@05 = 0.6000  
2025-02-27 02:26:05.824  val_finetune_dtvu_steps_3/acc@10 = 0.7000  
2025-02-27 02:26:05.824  val_finetune_dtvu_steps_3/acc@20 = 0.7667  
2025-02-27 02:26:05.824  
  
2025-02-27 02:26:06.277  
  
2025-02-27 02:26:06.277  [TRN] epoch_38  
2025-02-27 02:26:06.277  =============================================  
2025-02-27 02:26:06.277  trn/loss = 2.7722  
2025-02-27 02:26:06.277  trn/acc@01 = 0.3152  
2025-02-27 02:26:06.277  trn/acc@05 = 0.6586  
2025-02-27 02:26:06.277  trn/acc@10 = 0.7778  
2025-02-27 02:26:06.277  trn/acc@20 = 0.8667  
2025-02-27 02:26:06.277  
  
2025-02-27 02:26:06.324  
  
2025-02-27 02:26:06.324  [VAL_FINETUNE_DTVU_STEPS_1] epoch_38  
2025-02-27 02:26:06.324  =============================================  
2025-02-27 02:26:06.324  val_finetune_dtvu_steps_1/loss = 2.7998  
2025-02-27 02:26:06.324  val_finetune_dtvu_steps_1/acc@01 = 0.4000  
2025-02-27 02:26:06.324  val_finetune_dtvu_steps_1/acc@05 = 0.6500  
2025-02-27 02:26:06.324  val_finetune_dtvu_steps_1/acc@10 = 0.8000  
2025-02-27 02:26:06.324  val_finetune_dtvu_steps_1/acc@20 = 0.8500  
2025-02-27 02:26:06.324  
  
2025-02-27 02:26:06.372  
  
2025-02-27 02:26:06.372  [VAL_FINETUNE_DTVU_STEPS_3] epoch_38  
2025-02-27 02:26:06.372  =============================================  
2025-02-27 02:26:06.372  val_finetune_dtvu_steps_3/loss = 3.1262  
2025-02-27 02:26:06.372  val_finetune_dtvu_steps_3/acc@01 = 0.3500  
2025-02-27 02:26:06.372  val_finetune_dtvu_steps_3/acc@05 = 0.6167  
2025-02-27 02:26:06.372  val_finetune_dtvu_steps_3/acc@10 = 0.7167  
2025-02-27 02:26:06.372  val_finetune_dtvu_steps_3/acc@20 = 0.7667  
2025-02-27 02:26:06.372  
  
2025-02-27 02:26:06.815  
  
2025-02-27 02:26:06.823  [TRN] epoch_39  
2025-02-27 02:26:06.823  =============================================  
2025-02-27 02:26:06.823  trn/loss = 2.6150  
2025-02-27 02:26:06.823  trn/acc@01 = 0.3381  
2025-02-27 02:26:06.824  trn/acc@05 = 0.6814  
2025-02-27 02:26:06.824  trn/acc@10 = 0.7982  
2025-02-27 02:26:06.824  trn/acc@20 = 0.9027  
2025-02-27 02:26:06.824  
  
2025-02-27 02:26:06.939  
  
2025-02-27 02:26:06.943  [VAL_FINETUNE_DTVU_STEPS_1] epoch_39  
2025-02-27 02:26:06.943  =============================================  
2025-02-27 02:26:06.943  val_finetune_dtvu_steps_1/loss = 2.8227  
2025-02-27 02:26:06.943  val_finetune_dtvu_steps_1/acc@01 = 0.4000  
2025-02-27 02:26:06.943  val_finetune_dtvu_steps_1/acc@05 = 0.6500  
2025-02-27 02:26:06.943  val_finetune_dtvu_steps_1/acc@10 = 0.7500  
2025-02-27 02:26:06.943  val_finetune_dtvu_steps_1/acc@20 = 0.8500  
2025-02-27 02:26:06.943  
  
2025-02-27 02:26:06.986  
  
2025-02-27 02:26:06.986  [VAL_FINETUNE_DTVU_STEPS_3] epoch_39  
2025-02-27 02:26:06.986  =============================================  
2025-02-27 02:26:06.986  val_finetune_dtvu_steps_3/loss = 3.1251  
2025-02-27 02:26:06.986  val_finetune_dtvu_steps_3/acc@01 = 0.3667  
2025-02-27 02:26:06.986  val_finetune_dtvu_steps_3/acc@05 = 0.6167  
2025-02-27 02:26:06.986  val_finetune_dtvu_steps_3/acc@10 = 0.7000  
2025-02-27 02:26:06.986  val_finetune_dtvu_steps_3/acc@20 = 0.7833  
2025-02-27 02:26:06.986  
  
2025-02-27 02:26:07.519  
  
2025-02-27 02:26:07.519  [TRN] epoch_40  
2025-02-27 02:26:07.519  =============================================  
2025-02-27 02:26:07.519  trn/loss = 2.7828  
2025-02-27 02:26:07.523  trn/acc@01 = 0.3220  
2025-02-27 02:26:07.523  trn/acc@05 = 0.6356  
2025-02-27 02:26:07.523  trn/acc@10 = 0.7780  
2025-02-27 02:26:07.523  trn/acc@20 = 0.8898  
2025-02-27 02:26:07.523  
  
2025-02-27 02:26:07.570  
  
2025-02-27 02:26:07.570  [VAL_FINETUNE_DTVU_STEPS_1] epoch_40  
2025-02-27 02:26:07.570  =============================================  
2025-02-27 02:26:07.570  val_finetune_dtvu_steps_1/loss = 2.8801  
2025-02-27 02:26:07.570  val_finetune_dtvu_steps_1/acc@01 = 0.4500  
2025-02-27 02:26:07.570  val_finetune_dtvu_steps_1/acc@05 = 0.6500  
2025-02-27 02:26:07.570  val_finetune_dtvu_steps_1/acc@10 = 0.7500  
2025-02-27 02:26:07.570  val_finetune_dtvu_steps_1/acc@20 = 0.8000  
2025-02-27 02:26:07.570  
  
2025-02-27 02:26:07.631  
  
2025-02-27 02:26:07.631  [VAL_FINETUNE_DTVU_STEPS_3] epoch_40  
2025-02-27 02:26:07.631  =============================================  
2025-02-27 02:26:07.631  val_finetune_dtvu_steps_3/loss = 3.1980  
2025-02-27 02:26:07.631  val_finetune_dtvu_steps_3/acc@01 = 0.3333  
2025-02-27 02:26:07.631  val_finetune_dtvu_steps_3/acc@05 = 0.6000  
2025-02-27 02:26:07.631  val_finetune_dtvu_steps_3/acc@10 = 0.7000  
2025-02-27 02:26:07.631  val_finetune_dtvu_steps_3/acc@20 = 0.7833  
2025-02-27 02:26:07.632  
  
2025-02-27 02:26:08.080  
  
2025-02-27 02:26:08.080  [TRN] epoch_41  
2025-02-27 02:26:08.080  =============================================  
2025-02-27 02:26:08.080  trn/loss = 2.7558  
2025-02-27 02:26:08.080  trn/acc@01 = 0.3211  
2025-02-27 02:26:08.080  trn/acc@05 = 0.6679  
2025-02-27 02:26:08.080  trn/acc@10 = 0.7817  
2025-02-27 02:26:08.080  trn/acc@20 = 0.9009  
2025-02-27 02:26:08.080  
  
2025-02-27 02:26:08.136  
  
2025-02-27 02:26:08.136  [VAL_FINETUNE_DTVU_STEPS_1] epoch_41  
2025-02-27 02:26:08.136  =============================================  
2025-02-27 02:26:08.136  val_finetune_dtvu_steps_1/loss = 2.8366  
2025-02-27 02:26:08.136  val_finetune_dtvu_steps_1/acc@01 = 0.4000  
2025-02-27 02:26:08.136  val_finetune_dtvu_steps_1/acc@05 = 0.6500  
2025-02-27 02:26:08.136  val_finetune_dtvu_steps_1/acc@10 = 0.7500  
2025-02-27 02:26:08.136  val_finetune_dtvu_steps_1/acc@20 = 0.8500  
2025-02-27 02:26:08.136  
  
2025-02-27 02:26:08.184  
  
2025-02-27 02:26:08.184  [VAL_FINETUNE_DTVU_STEPS_3] epoch_41  
2025-02-27 02:26:08.184  =============================================  
2025-02-27 02:26:08.184  val_finetune_dtvu_steps_3/loss = 3.2391  
2025-02-27 02:26:08.184  val_finetune_dtvu_steps_3/acc@01 = 0.3333  
2025-02-27 02:26:08.184  val_finetune_dtvu_steps_3/acc@05 = 0.5667  
2025-02-27 02:26:08.184  val_finetune_dtvu_steps_3/acc@10 = 0.6167  
2025-02-27 02:26:08.184  val_finetune_dtvu_steps_3/acc@20 = 0.7833  
2025-02-27 02:26:08.184  
  
2025-02-27 02:26:08.623  
  
2025-02-27 02:26:08.623  [TRN] epoch_42  
2025-02-27 02:26:08.623  =============================================  
2025-02-27 02:26:08.623  trn/loss = 2.7057  
2025-02-27 02:26:08.623  trn/acc@01 = 0.3478  
2025-02-27 02:26:08.623  trn/acc@05 = 0.6696  
2025-02-27 02:26:08.623  trn/acc@10 = 0.7870  
2025-02-27 02:26:08.623  trn/acc@20 = 0.8674  
2025-02-27 02:26:08.623  
  
2025-02-27 02:26:08.670  
  
2025-02-27 02:26:08.670  [VAL_FINETUNE_DTVU_STEPS_1] epoch_42  
2025-02-27 02:26:08.670  =============================================  
2025-02-27 02:26:08.670  val_finetune_dtvu_steps_1/loss = 2.9790  
2025-02-27 02:26:08.670  val_finetune_dtvu_steps_1/acc@01 = 0.3500  
2025-02-27 02:26:08.670  val_finetune_dtvu_steps_1/acc@05 = 0.6500  
2025-02-27 02:26:08.670  val_finetune_dtvu_steps_1/acc@10 = 0.7500  
2025-02-27 02:26:08.670  val_finetune_dtvu_steps_1/acc@20 = 0.8500  
2025-02-27 02:26:08.670  
  
2025-02-27 02:26:08.728  
  
2025-02-27 02:26:08.728  [VAL_FINETUNE_DTVU_STEPS_3] epoch_42  
2025-02-27 02:26:08.728  =============================================  
2025-02-27 02:26:08.728  val_finetune_dtvu_steps_3/loss = 3.2534  
2025-02-27 02:26:08.728  val_finetune_dtvu_steps_3/acc@01 = 0.3500  
2025-02-27 02:26:08.728  val_finetune_dtvu_steps_3/acc@05 = 0.5833  
2025-02-27 02:26:08.728  val_finetune_dtvu_steps_3/acc@10 = 0.6333  
2025-02-27 02:26:08.728  val_finetune_dtvu_steps_3/acc@20 = 0.7500  
2025-02-27 02:26:08.728  
  
2025-02-27 02:26:09.176  
  
2025-02-27 02:26:09.176  [TRN] epoch_43  
2025-02-27 02:26:09.176  =============================================  
2025-02-27 02:26:09.176  trn/loss = 2.6466  
2025-02-27 02:26:09.176  trn/acc@01 = 0.3813  
2025-02-27 02:26:09.176  trn/acc@05 = 0.6897  
2025-02-27 02:26:09.176  trn/acc@10 = 0.7869  
2025-02-27 02:26:09.176  trn/acc@20 = 0.8935  
2025-02-27 02:26:09.176  
  
2025-02-27 02:26:09.222  
  
2025-02-27 02:26:09.222  [VAL_FINETUNE_DTVU_STEPS_1] epoch_43  
2025-02-27 02:26:09.222  =============================================  
2025-02-27 02:26:09.222  val_finetune_dtvu_steps_1/loss = 3.0290  
2025-02-27 02:26:09.222  val_finetune_dtvu_steps_1/acc@01 = 0.3500  
2025-02-27 02:26:09.222  val_finetune_dtvu_steps_1/acc@05 = 0.6000  
2025-02-27 02:26:09.222  val_finetune_dtvu_steps_1/acc@10 = 0.7000  
2025-02-27 02:26:09.222  val_finetune_dtvu_steps_1/acc@20 = 0.8500  
2025-02-27 02:26:09.222  
  
2025-02-27 02:26:09.269  
  
2025-02-27 02:26:09.269  [VAL_FINETUNE_DTVU_STEPS_3] epoch_43  
2025-02-27 02:26:09.269  =============================================  
2025-02-27 02:26:09.269  val_finetune_dtvu_steps_3/loss = 3.3612  
2025-02-27 02:26:09.269  val_finetune_dtvu_steps_3/acc@01 = 0.3333  
2025-02-27 02:26:09.269  val_finetune_dtvu_steps_3/acc@05 = 0.5667  
2025-02-27 02:26:09.269  val_finetune_dtvu_steps_3/acc@10 = 0.5833  
2025-02-27 02:26:09.269  val_finetune_dtvu_steps_3/acc@20 = 0.7167  
2025-02-27 02:26:09.269  
  
2025-02-27 02:26:09.710  
  
2025-02-27 02:26:09.710  [TRN] epoch_44  
2025-02-27 02:26:09.710  =============================================  
2025-02-27 02:26:09.710  trn/loss = 2.5722  
2025-02-27 02:26:09.710  trn/acc@01 = 0.3495  
2025-02-27 02:26:09.710  trn/acc@05 = 0.7204  
2025-02-27 02:26:09.710  trn/acc@10 = 0.8330  
2025-02-27 02:26:09.710  trn/acc@20 = 0.9087  
2025-02-27 02:26:09.710  
  
2025-02-27 02:26:09.757  
  
2025-02-27 02:26:09.757  [VAL_FINETUNE_DTVU_STEPS_1] epoch_44  
2025-02-27 02:26:09.757  =============================================  
2025-02-27 02:26:09.757  val_finetune_dtvu_steps_1/loss = 2.8603  
2025-02-27 02:26:09.757  val_finetune_dtvu_steps_1/acc@01 = 0.3500  
2025-02-27 02:26:09.757  val_finetune_dtvu_steps_1/acc@05 = 0.6000  
2025-02-27 02:26:09.757  val_finetune_dtvu_steps_1/acc@10 = 0.8000  
2025-02-27 02:26:09.757  val_finetune_dtvu_steps_1/acc@20 = 0.8000  
2025-02-27 02:26:09.757  
  
2025-02-27 02:26:09.804  
  
2025-02-27 02:26:09.804  [VAL_FINETUNE_DTVU_STEPS_3] epoch_44  
2025-02-27 02:26:09.804  =============================================  
2025-02-27 02:26:09.804  val_finetune_dtvu_steps_3/loss = 3.2105  
2025-02-27 02:26:09.804  val_finetune_dtvu_steps_3/acc@01 = 0.3667  
2025-02-27 02:26:09.804  val_finetune_dtvu_steps_3/acc@05 = 0.5667  
2025-02-27 02:26:09.804  val_finetune_dtvu_steps_3/acc@10 = 0.6500  
2025-02-27 02:26:09.804  val_finetune_dtvu_steps_3/acc@20 = 0.7333  
2025-02-27 02:26:09.804  
  
2025-02-27 02:26:10.240  
  
2025-02-27 02:26:10.240  [TRN] epoch_45  
2025-02-27 02:26:10.240  =============================================  
2025-02-27 02:26:10.240  trn/loss = 2.4212  
2025-02-27 02:26:10.240  trn/acc@01 = 0.3596  
2025-02-27 02:26:10.240  trn/acc@05 = 0.7058  
2025-02-27 02:26:10.240  trn/acc@10 = 0.8269  
2025-02-27 02:26:10.240  trn/acc@20 = 0.9135  
2025-02-27 02:26:10.240  
  
2025-02-27 02:26:10.277  
  
2025-02-27 02:26:10.277  [VAL_FINETUNE_DTVU_STEPS_1] epoch_45  
2025-02-27 02:26:10.277  =============================================  
2025-02-27 02:26:10.277  val_finetune_dtvu_steps_1/loss = 2.9241  
2025-02-27 02:26:10.277  val_finetune_dtvu_steps_1/acc@01 = 0.4500  
2025-02-27 02:26:10.277  val_finetune_dtvu_steps_1/acc@05 = 0.7000  
2025-02-27 02:26:10.277  val_finetune_dtvu_steps_1/acc@10 = 0.7500  
2025-02-27 02:26:10.277  val_finetune_dtvu_steps_1/acc@20 = 0.8000  
2025-02-27 02:26:10.277  
  
2025-02-27 02:26:10.338  
  
2025-02-27 02:26:10.338  [VAL_FINETUNE_DTVU_STEPS_3] epoch_45  
2025-02-27 02:26:10.338  =============================================  
2025-02-27 02:26:10.338  val_finetune_dtvu_steps_3/loss = 3.2264  
2025-02-27 02:26:10.338  val_finetune_dtvu_steps_3/acc@01 = 0.3667  
2025-02-27 02:26:10.338  val_finetune_dtvu_steps_3/acc@05 = 0.5667  
2025-02-27 02:26:10.338  val_finetune_dtvu_steps_3/acc@10 = 0.6667  
2025-02-27 02:26:10.338  val_finetune_dtvu_steps_3/acc@20 = 0.7333  
2025-02-27 02:26:10.338  
  
2025-02-27 02:26:10.754  
  
2025-02-27 02:26:10.754  [TRN] epoch_46  
2025-02-27 02:26:10.754  =============================================  
2025-02-27 02:26:10.754  trn/loss = 2.4042  
2025-02-27 02:26:10.754  trn/acc@01 = 0.4143  
2025-02-27 02:26:10.754  trn/acc@05 = 0.7232  
2025-02-27 02:26:10.754  trn/acc@10 = 0.8268  
2025-02-27 02:26:10.754  trn/acc@20 = 0.9107  
2025-02-27 02:26:10.754  
  
2025-02-27 02:26:10.808  
  
2025-02-27 02:26:10.808  [VAL_FINETUNE_DTVU_STEPS_1] epoch_46  
2025-02-27 02:26:10.808  =============================================  
2025-02-27 02:26:10.808  val_finetune_dtvu_steps_1/loss = 2.9475  
2025-02-27 02:26:10.808  val_finetune_dtvu_steps_1/acc@01 = 0.3500  
2025-02-27 02:26:10.808  val_finetune_dtvu_steps_1/acc@05 = 0.6500  
2025-02-27 02:26:10.808  val_finetune_dtvu_steps_1/acc@10 = 0.7500  
2025-02-27 02:26:10.808  val_finetune_dtvu_steps_1/acc@20 = 0.8000  
2025-02-27 02:26:10.808  
  
2025-02-27 02:26:10.854  
  
2025-02-27 02:26:10.854  [VAL_FINETUNE_DTVU_STEPS_3] epoch_46  
2025-02-27 02:26:10.854  =============================================  
2025-02-27 02:26:10.854  val_finetune_dtvu_steps_3/loss = 3.2283  
2025-02-27 02:26:10.854  val_finetune_dtvu_steps_3/acc@01 = 0.3500  
2025-02-27 02:26:10.854  val_finetune_dtvu_steps_3/acc@05 = 0.5667  
2025-02-27 02:26:10.854  val_finetune_dtvu_steps_3/acc@10 = 0.6333  
2025-02-27 02:26:10.854  val_finetune_dtvu_steps_3/acc@20 = 0.7500  
2025-02-27 02:26:10.854  
  
2025-02-27 02:26:11.272  
  
2025-02-27 02:26:11.272  [TRN] epoch_47  
2025-02-27 02:26:11.272  =============================================  
2025-02-27 02:26:11.272  trn/loss = 2.4460  
2025-02-27 02:26:11.272  trn/acc@01 = 0.3915  
2025-02-27 02:26:11.272  trn/acc@05 = 0.7319  
2025-02-27 02:26:11.272  trn/acc@10 = 0.8383  
2025-02-27 02:26:11.272  trn/acc@20 = 0.9106  
2025-02-27 02:26:11.272  
  
2025-02-27 02:26:11.319  
  
2025-02-27 02:26:11.319  [VAL_FINETUNE_DTVU_STEPS_1] epoch_47  
2025-02-27 02:26:11.319  =============================================  
2025-02-27 02:26:11.319  val_finetune_dtvu_steps_1/loss = 2.9289  
2025-02-27 02:26:11.319  val_finetune_dtvu_steps_1/acc@01 = 0.3500  
2025-02-27 02:26:11.319  val_finetune_dtvu_steps_1/acc@05 = 0.6000  
2025-02-27 02:26:11.319  val_finetune_dtvu_steps_1/acc@10 = 0.7500  
2025-02-27 02:26:11.319  val_finetune_dtvu_steps_1/acc@20 = 0.8000  
2025-02-27 02:26:11.319  
  
2025-02-27 02:26:11.382  
  
2025-02-27 02:26:11.382  [VAL_FINETUNE_DTVU_STEPS_3] epoch_47  
2025-02-27 02:26:11.382  =============================================  
2025-02-27 02:26:11.382  val_finetune_dtvu_steps_3/loss = 3.2220  
2025-02-27 02:26:11.382  val_finetune_dtvu_steps_3/acc@01 = 0.3500  
2025-02-27 02:26:11.382  val_finetune_dtvu_steps_3/acc@05 = 0.5667  
2025-02-27 02:26:11.382  val_finetune_dtvu_steps_3/acc@10 = 0.6500  
2025-02-27 02:26:11.382  val_finetune_dtvu_steps_3/acc@20 = 0.7333  
2025-02-27 02:26:11.382  
  
2025-02-27 02:26:11.820  
  
2025-02-27 02:26:11.820  [TRN] epoch_48  
2025-02-27 02:26:11.820  =============================================  
2025-02-27 02:26:11.820  trn/loss = 2.4101  
2025-02-27 02:26:11.820  trn/acc@01 = 0.3872  
2025-02-27 02:26:11.820  trn/acc@05 = 0.7321  
2025-02-27 02:26:11.820  trn/acc@10 = 0.8459  
2025-02-27 02:26:11.820  trn/acc@20 = 0.9193  
2025-02-27 02:26:11.820  
  
2025-02-27 02:26:11.867  
  
2025-02-27 02:26:11.867  [VAL_FINETUNE_DTVU_STEPS_1] epoch_48  
2025-02-27 02:26:11.867  =============================================  
2025-02-27 02:26:11.867  val_finetune_dtvu_steps_1/loss = 2.8327  
2025-02-27 02:26:11.867  val_finetune_dtvu_steps_1/acc@01 = 0.4000  
2025-02-27 02:26:11.867  val_finetune_dtvu_steps_1/acc@05 = 0.6500  
2025-02-27 02:26:11.867  val_finetune_dtvu_steps_1/acc@10 = 0.7500  
2025-02-27 02:26:11.867  val_finetune_dtvu_steps_1/acc@20 = 0.9000  
2025-02-27 02:26:11.867  
  
2025-02-27 02:26:11.936  
  
2025-02-27 02:26:11.936  [VAL_FINETUNE_DTVU_STEPS_3] epoch_48  
2025-02-27 02:26:11.936  =============================================  
2025-02-27 02:26:11.936  val_finetune_dtvu_steps_3/loss = 3.2064  
2025-02-27 02:26:11.936  val_finetune_dtvu_steps_3/acc@01 = 0.3667  
2025-02-27 02:26:11.936  val_finetune_dtvu_steps_3/acc@05 = 0.5833  
2025-02-27 02:26:11.936  val_finetune_dtvu_steps_3/acc@10 = 0.6500  
2025-02-27 02:26:11.936  val_finetune_dtvu_steps_3/acc@20 = 0.7667  
2025-02-27 02:26:11.936  
  
2025-02-27 02:26:12.378  
  
2025-02-27 02:26:12.378  [TRN] epoch_49  
2025-02-27 02:26:12.378  =============================================  
2025-02-27 02:26:12.378  trn/loss = 2.5715  
2025-02-27 02:26:12.378  trn/acc@01 = 0.3478  
2025-02-27 02:26:12.378  trn/acc@05 = 0.6935  
2025-02-27 02:26:12.378  trn/acc@10 = 0.8043  
2025-02-27 02:26:12.378  trn/acc@20 = 0.8935  
2025-02-27 02:26:12.378  
  
2025-02-27 02:26:12.434  
  
2025-02-27 02:26:12.434  [VAL_FINETUNE_DTVU_STEPS_1] epoch_49  
2025-02-27 02:26:12.434  =============================================  
2025-02-27 02:26:12.434  val_finetune_dtvu_steps_1/loss = 2.8584  
2025-02-27 02:26:12.434  val_finetune_dtvu_steps_1/acc@01 = 0.3500  
2025-02-27 02:26:12.434  val_finetune_dtvu_steps_1/acc@05 = 0.5500  
2025-02-27 02:26:12.434  val_finetune_dtvu_steps_1/acc@10 = 0.7000  
2025-02-27 02:26:12.434  val_finetune_dtvu_steps_1/acc@20 = 0.8000  
2025-02-27 02:26:12.434  
  
2025-02-27 02:26:12.481  
  
2025-02-27 02:26:12.481  [VAL_FINETUNE_DTVU_STEPS_3] epoch_49  
2025-02-27 02:26:12.481  =============================================  
2025-02-27 02:26:12.481  val_finetune_dtvu_steps_3/loss = 3.2227  
2025-02-27 02:26:12.481  val_finetune_dtvu_steps_3/acc@01 = 0.3333  
2025-02-27 02:26:12.481  val_finetune_dtvu_steps_3/acc@05 = 0.5667  
2025-02-27 02:26:12.481  val_finetune_dtvu_steps_3/acc@10 = 0.6333  
2025-02-27 02:26:12.481  val_finetune_dtvu_steps_3/acc@20 = 0.7667  
2025-02-27 02:26:12.481  
  
2025-02-27 02:26:12.937  
  
2025-02-27 02:26:12.937  [TRN] epoch_50  
2025-02-27 02:26:12.937  =============================================  
2025-02-27 02:26:12.937  trn/loss = 2.5815  
2025-02-27 02:26:12.937  trn/acc@01 = 0.3549  
2025-02-27 02:26:12.937  trn/acc@05 = 0.6941  
2025-02-27 02:26:12.937  trn/acc@10 = 0.8216  
2025-02-27 02:26:12.937  trn/acc@20 = 0.9020  
2025-02-27 02:26:12.937  
  
2025-02-27 02:26:12.988  
  
2025-02-27 02:26:12.988  [VAL_FINETUNE_DTVU_STEPS_1] epoch_50  
2025-02-27 02:26:12.988  =============================================  
2025-02-27 02:26:12.988  val_finetune_dtvu_steps_1/loss = 2.7090  
2025-02-27 02:26:12.988  val_finetune_dtvu_steps_1/acc@01 = 0.3500  
2025-02-27 02:26:12.988  val_finetune_dtvu_steps_1/acc@05 = 0.7000  
2025-02-27 02:26:12.988  val_finetune_dtvu_steps_1/acc@10 = 0.8500  
2025-02-27 02:26:12.988  val_finetune_dtvu_steps_1/acc@20 = 0.9000  
2025-02-27 02:26:12.988  
  
2025-02-27 02:26:13.049  
  
2025-02-27 02:26:13.049  [VAL_FINETUNE_DTVU_STEPS_3] epoch_50  
2025-02-27 02:26:13.049  =============================================  
2025-02-27 02:26:13.049  val_finetune_dtvu_steps_3/loss = 3.0960  
2025-02-27 02:26:13.049  val_finetune_dtvu_steps_3/acc@01 = 0.3500  
2025-02-27 02:26:13.049  val_finetune_dtvu_steps_3/acc@05 = 0.6167  
2025-02-27 02:26:13.049  val_finetune_dtvu_steps_3/acc@10 = 0.7333  
2025-02-27 02:26:13.049  val_finetune_dtvu_steps_3/acc@20 = 0.7833  
2025-02-27 02:26:13.049  
  
2025-02-27 02:26:13.472  
  
2025-02-27 02:26:13.472  [TRN] epoch_51  
2025-02-27 02:26:13.472  =============================================  
2025-02-27 02:26:13.472  trn/loss = 2.5263  
2025-02-27 02:26:13.472  trn/acc@01 = 0.3519  
2025-02-27 02:26:13.472  trn/acc@05 = 0.7093  
2025-02-27 02:26:13.472  trn/acc@10 = 0.8074  
2025-02-27 02:26:13.472  trn/acc@20 = 0.9111  
2025-02-27 02:26:13.472  
  
2025-02-27 02:26:13.535  
  
2025-02-27 02:26:13.535  [VAL_FINETUNE_DTVU_STEPS_1] epoch_51  
2025-02-27 02:26:13.535  =============================================  
2025-02-27 02:26:13.535  val_finetune_dtvu_steps_1/loss = 2.8595  
2025-02-27 02:26:13.535  val_finetune_dtvu_steps_1/acc@01 = 0.3500  
2025-02-27 02:26:13.535  val_finetune_dtvu_steps_1/acc@05 = 0.6500  
2025-02-27 02:26:13.535  val_finetune_dtvu_steps_1/acc@10 = 0.7500  
2025-02-27 02:26:13.535  val_finetune_dtvu_steps_1/acc@20 = 0.9000  
2025-02-27 02:26:13.535  
  
2025-02-27 02:26:13.583  
  
2025-02-27 02:26:13.583  [VAL_FINETUNE_DTVU_STEPS_3] epoch_51  
2025-02-27 02:26:13.583  =============================================  
2025-02-27 02:26:13.583  val_finetune_dtvu_steps_3/loss = 3.1496  
2025-02-27 02:26:13.583  val_finetune_dtvu_steps_3/acc@01 = 0.3333  
2025-02-27 02:26:13.583  val_finetune_dtvu_steps_3/acc@05 = 0.6167  
2025-02-27 02:26:13.583  val_finetune_dtvu_steps_3/acc@10 = 0.6833  
2025-02-27 02:26:13.583  val_finetune_dtvu_steps_3/acc@20 = 0.7833  
2025-02-27 02:26:13.583  
  
2025-02-27 02:26:14.045  
  
2025-02-27 02:26:14.045  [TRN] epoch_52  
2025-02-27 02:26:14.045  =============================================  
2025-02-27 02:26:14.045  trn/loss = 2.3759  
2025-02-27 02:26:14.045  trn/acc@01 = 0.3626  
2025-02-27 02:26:14.045  trn/acc@05 = 0.7327  
2025-02-27 02:26:14.045  trn/acc@10 = 0.8449  
2025-02-27 02:26:14.045  trn/acc@20 = 0.9308  
2025-02-27 02:26:14.045  
  
2025-02-27 02:26:14.102  
  
2025-02-27 02:26:14.102  [VAL_FINETUNE_DTVU_STEPS_1] epoch_52  
2025-02-27 02:26:14.102  =============================================  
2025-02-27 02:26:14.102  val_finetune_dtvu_steps_1/loss = 2.8717  
2025-02-27 02:26:14.102  val_finetune_dtvu_steps_1/acc@01 = 0.2500  
2025-02-27 02:26:14.102  val_finetune_dtvu_steps_1/acc@05 = 0.7000  
2025-02-27 02:26:14.102  val_finetune_dtvu_steps_1/acc@10 = 0.7500  
2025-02-27 02:26:14.102  val_finetune_dtvu_steps_1/acc@20 = 0.8500  
2025-02-27 02:26:14.102  
  
2025-02-27 02:26:14.149  
  
2025-02-27 02:26:14.149  [VAL_FINETUNE_DTVU_STEPS_3] epoch_52  
2025-02-27 02:26:14.149  =============================================  
2025-02-27 02:26:14.149  val_finetune_dtvu_steps_3/loss = 3.1911  
2025-02-27 02:26:14.149  val_finetune_dtvu_steps_3/acc@01 = 0.3500  
2025-02-27 02:26:14.149  val_finetune_dtvu_steps_3/acc@05 = 0.6000  
2025-02-27 02:26:14.149  val_finetune_dtvu_steps_3/acc@10 = 0.6500  
2025-02-27 02:26:14.149  val_finetune_dtvu_steps_3/acc@20 = 0.7500  
2025-02-27 02:26:14.149  
  
2025-02-27 02:26:14.590  
  
2025-02-27 02:26:14.590  [TRN] epoch_53  
2025-02-27 02:26:14.590  =============================================  
2025-02-27 02:26:14.590  trn/loss = 2.3268  
2025-02-27 02:26:14.590  trn/acc@01 = 0.4021  
2025-02-27 02:26:14.590  trn/acc@05 = 0.7553  
2025-02-27 02:26:14.590  trn/acc@10 = 0.8723  
2025-02-27 02:26:14.590  trn/acc@20 = 0.9340  
2025-02-27 02:26:14.590  
  
2025-02-27 02:26:14.638  
  
2025-02-27 02:26:14.638  [VAL_FINETUNE_DTVU_STEPS_1] epoch_53  
2025-02-27 02:26:14.638  =============================================  
2025-02-27 02:26:14.638  val_finetune_dtvu_steps_1/loss = 2.8225  
2025-02-27 02:26:14.638  val_finetune_dtvu_steps_1/acc@01 = 0.4000  
2025-02-27 02:26:14.638  val_finetune_dtvu_steps_1/acc@05 = 0.7000  
2025-02-27 02:26:14.638  val_finetune_dtvu_steps_1/acc@10 = 0.7000  
2025-02-27 02:26:14.638  val_finetune_dtvu_steps_1/acc@20 = 0.8500  
2025-02-27 02:26:14.638  
  
2025-02-27 02:26:14.685  
  
2025-02-27 02:26:14.685  [VAL_FINETUNE_DTVU_STEPS_3] epoch_53  
2025-02-27 02:26:14.685  =============================================  
2025-02-27 02:26:14.685  val_finetune_dtvu_steps_3/loss = 3.2199  
2025-02-27 02:26:14.685  val_finetune_dtvu_steps_3/acc@01 = 0.3500  
2025-02-27 02:26:14.685  val_finetune_dtvu_steps_3/acc@05 = 0.5833  
2025-02-27 02:26:14.685  val_finetune_dtvu_steps_3/acc@10 = 0.6333  
2025-02-27 02:26:14.685  val_finetune_dtvu_steps_3/acc@20 = 0.7833  
2025-02-27 02:26:14.685  
  
2025-02-27 02:26:15.124  
  
2025-02-27 02:26:15.124  [TRN] epoch_54  
2025-02-27 02:26:15.124  =============================================  
2025-02-27 02:26:15.124  trn/loss = 2.3732  
2025-02-27 02:26:15.124  trn/acc@01 = 0.3782  
2025-02-27 02:26:15.124  trn/acc@05 = 0.7406  
2025-02-27 02:26:15.124  trn/acc@10 = 0.8455  
2025-02-27 02:26:15.124  trn/acc@20 = 0.9208  
2025-02-27 02:26:15.124  
  
2025-02-27 02:26:15.171  
  
2025-02-27 02:26:15.171  [VAL_FINETUNE_DTVU_STEPS_1] epoch_54  
2025-02-27 02:26:15.171  =============================================  
2025-02-27 02:26:15.171  val_finetune_dtvu_steps_1/loss = 2.8776  
2025-02-27 02:26:15.171  val_finetune_dtvu_steps_1/acc@01 = 0.4500  
2025-02-27 02:26:15.171  val_finetune_dtvu_steps_1/acc@05 = 0.7000  
2025-02-27 02:26:15.171  val_finetune_dtvu_steps_1/acc@10 = 0.7000  
2025-02-27 02:26:15.171  val_finetune_dtvu_steps_1/acc@20 = 0.9000  
2025-02-27 02:26:15.171  
  
2025-02-27 02:26:15.218  
  
2025-02-27 02:26:15.218  [VAL_FINETUNE_DTVU_STEPS_3] epoch_54  
2025-02-27 02:26:15.218  =============================================  
2025-02-27 02:26:15.218  val_finetune_dtvu_steps_3/loss = 3.2247  
2025-02-27 02:26:15.218  val_finetune_dtvu_steps_3/acc@01 = 0.3833  
2025-02-27 02:26:15.218  val_finetune_dtvu_steps_3/acc@05 = 0.6000  
2025-02-27 02:26:15.218  val_finetune_dtvu_steps_3/acc@10 = 0.6333  
2025-02-27 02:26:15.218  val_finetune_dtvu_steps_3/acc@20 = 0.7833  
2025-02-27 02:26:15.218  
  
2025-02-27 02:26:15.658  
  
2025-02-27 02:26:15.658  [TRN] epoch_55  
2025-02-27 02:26:15.658  =============================================  
2025-02-27 02:26:15.658  trn/loss = 2.2677  
2025-02-27 02:26:15.658  trn/acc@01 = 0.4341  
2025-02-27 02:26:15.658  trn/acc@05 = 0.7614  
2025-02-27 02:26:15.658  trn/acc@10 = 0.8614  
2025-02-27 02:26:15.658  trn/acc@20 = 0.9182  
2025-02-27 02:26:15.658  
  
2025-02-27 02:26:15.721  
  
2025-02-27 02:26:15.721  [VAL_FINETUNE_DTVU_STEPS_1] epoch_55  
2025-02-27 02:26:15.721  =============================================  
2025-02-27 02:26:15.721  val_finetune_dtvu_steps_1/loss = 2.8683  
2025-02-27 02:26:15.721  val_finetune_dtvu_steps_1/acc@01 = 0.4500  
2025-02-27 02:26:15.721  val_finetune_dtvu_steps_1/acc@05 = 0.7000  
2025-02-27 02:26:15.721  val_finetune_dtvu_steps_1/acc@10 = 0.7500  
2025-02-27 02:26:15.721  val_finetune_dtvu_steps_1/acc@20 = 0.9000  
2025-02-27 02:26:15.721  
  
2025-02-27 02:26:15.768  
  
2025-02-27 02:26:15.768  [VAL_FINETUNE_DTVU_STEPS_3] epoch_55  
2025-02-27 02:26:15.768  =============================================  
2025-02-27 02:26:15.768  val_finetune_dtvu_steps_3/loss = 3.2048  
2025-02-27 02:26:15.768  val_finetune_dtvu_steps_3/acc@01 = 0.3833  
2025-02-27 02:26:15.768  val_finetune_dtvu_steps_3/acc@05 = 0.6167  
2025-02-27 02:26:15.768  val_finetune_dtvu_steps_3/acc@10 = 0.6333  
2025-02-27 02:26:15.768  val_finetune_dtvu_steps_3/acc@20 = 0.7833  
2025-02-27 02:26:15.768  
  
2025-02-27 02:26:16.210  
  
2025-02-27 02:26:16.210  [TRN] epoch_56  
2025-02-27 02:26:16.210  =============================================  
2025-02-27 02:26:16.210  trn/loss = 2.0950  
2025-02-27 02:26:16.210  trn/acc@01 = 0.4565  
2025-02-27 02:26:16.210  trn/acc@05 = 0.7783  
2025-02-27 02:26:16.210  trn/acc@10 = 0.8717  
2025-02-27 02:26:16.210  trn/acc@20 = 0.9304  
2025-02-27 02:26:16.210  
  
2025-02-27 02:26:16.258  
  
2025-02-27 02:26:16.258  [VAL_FINETUNE_DTVU_STEPS_1] epoch_56  
2025-02-27 02:26:16.258  =============================================  
2025-02-27 02:26:16.258  val_finetune_dtvu_steps_1/loss = 2.8800  
2025-02-27 02:26:16.258  val_finetune_dtvu_steps_1/acc@01 = 0.3500  
2025-02-27 02:26:16.258  val_finetune_dtvu_steps_1/acc@05 = 0.7000  
2025-02-27 02:26:16.258  val_finetune_dtvu_steps_1/acc@10 = 0.7500  
2025-02-27 02:26:16.258  val_finetune_dtvu_steps_1/acc@20 = 0.9000  
2025-02-27 02:26:16.258  
  
2025-02-27 02:26:16.320  
  
2025-02-27 02:26:16.320  [VAL_FINETUNE_DTVU_STEPS_3] epoch_56  
2025-02-27 02:26:16.320  =============================================  
2025-02-27 02:26:16.320  val_finetune_dtvu_steps_3/loss = 3.2534  
2025-02-27 02:26:16.320  val_finetune_dtvu_steps_3/acc@01 = 0.3667  
2025-02-27 02:26:16.320  val_finetune_dtvu_steps_3/acc@05 = 0.6000  
2025-02-27 02:26:16.320  val_finetune_dtvu_steps_3/acc@10 = 0.6500  
2025-02-27 02:26:16.320  val_finetune_dtvu_steps_3/acc@20 = 0.7833  
2025-02-27 02:26:16.320  
  
2025-02-27 02:26:16.743  
  
2025-02-27 02:26:16.743  [TRN] epoch_57  
2025-02-27 02:26:16.743  =============================================  
2025-02-27 02:26:16.743  trn/loss = 2.4249  
2025-02-27 02:26:16.743  trn/acc@01 = 0.4083  
2025-02-27 02:26:16.743  trn/acc@05 = 0.7333  
2025-02-27 02:26:16.743  trn/acc@10 = 0.8438  
2025-02-27 02:26:16.743  trn/acc@20 = 0.9062  
2025-02-27 02:26:16.743  
  
2025-02-27 02:26:16.806  
  
2025-02-27 02:26:16.806  [VAL_FINETUNE_DTVU_STEPS_1] epoch_57  
2025-02-27 02:26:16.806  =============================================  
2025-02-27 02:26:16.806  val_finetune_dtvu_steps_1/loss = 3.0367  
2025-02-27 02:26:16.806  val_finetune_dtvu_steps_1/acc@01 = 0.3500  
2025-02-27 02:26:16.806  val_finetune_dtvu_steps_1/acc@05 = 0.6000  
2025-02-27 02:26:16.806  val_finetune_dtvu_steps_1/acc@10 = 0.7500  
2025-02-27 02:26:16.806  val_finetune_dtvu_steps_1/acc@20 = 0.8000  
2025-02-27 02:26:16.806  
  
2025-02-27 02:26:16.861  
  
2025-02-27 02:26:16.861  [VAL_FINETUNE_DTVU_STEPS_3] epoch_57  
2025-02-27 02:26:16.861  =============================================  
2025-02-27 02:26:16.861  val_finetune_dtvu_steps_3/loss = 3.2817  
2025-02-27 02:26:16.861  val_finetune_dtvu_steps_3/acc@01 = 0.3500  
2025-02-27 02:26:16.861  val_finetune_dtvu_steps_3/acc@05 = 0.5500  
2025-02-27 02:26:16.861  val_finetune_dtvu_steps_3/acc@10 = 0.6833  
2025-02-27 02:26:16.861  val_finetune_dtvu_steps_3/acc@20 = 0.7333  
2025-02-27 02:26:16.861  
  
2025-02-27 02:26:17.311  
  
2025-02-27 02:26:17.311  [TRN] epoch_58  
2025-02-27 02:26:17.311  =============================================  
2025-02-27 02:26:17.311  trn/loss = 2.4537  
2025-02-27 02:26:17.311  trn/acc@01 = 0.3616  
2025-02-27 02:26:17.311  trn/acc@05 = 0.7354  
2025-02-27 02:26:17.311  trn/acc@10 = 0.8465  
2025-02-27 02:26:17.311  trn/acc@20 = 0.9333  
2025-02-27 02:26:17.311  
  
2025-02-27 02:26:17.359  
  
2025-02-27 02:26:17.359  [VAL_FINETUNE_DTVU_STEPS_1] epoch_58  
2025-02-27 02:26:17.359  =============================================  
2025-02-27 02:26:17.359  val_finetune_dtvu_steps_1/loss = 2.8722  
2025-02-27 02:26:17.359  val_finetune_dtvu_steps_1/acc@01 = 0.2500  
2025-02-27 02:26:17.359  val_finetune_dtvu_steps_1/acc@05 = 0.7000  
2025-02-27 02:26:17.359  val_finetune_dtvu_steps_1/acc@10 = 0.8000  
2025-02-27 02:26:17.359  val_finetune_dtvu_steps_1/acc@20 = 0.9000  
2025-02-27 02:26:17.359  
  
2025-02-27 02:26:17.421  
  
2025-02-27 02:26:17.421  [VAL_FINETUNE_DTVU_STEPS_3] epoch_58  
2025-02-27 02:26:17.421  =============================================  
2025-02-27 02:26:17.421  val_finetune_dtvu_steps_3/loss = 3.2956  
2025-02-27 02:26:17.421  val_finetune_dtvu_steps_3/acc@01 = 0.3167  
2025-02-27 02:26:17.421  val_finetune_dtvu_steps_3/acc@05 = 0.5500  
2025-02-27 02:26:17.421  val_finetune_dtvu_steps_3/acc@10 = 0.6667  
2025-02-27 02:26:17.421  val_finetune_dtvu_steps_3/acc@20 = 0.7833  
2025-02-27 02:26:17.421  
  
2025-02-27 02:26:17.862  
  
2025-02-27 02:26:17.862  [TRN] epoch_59  
2025-02-27 02:26:17.862  =============================================  
2025-02-27 02:26:17.862  trn/loss = 2.2575  
2025-02-27 02:26:17.862  trn/acc@01 = 0.3960  
2025-02-27 02:26:17.862  trn/acc@05 = 0.7660  
2025-02-27 02:26:17.862  trn/acc@10 = 0.8620  
2025-02-27 02:26:17.862  trn/acc@20 = 0.9260  
2025-02-27 02:26:17.862  
  
2025-02-27 02:26:17.909  
  
2025-02-27 02:26:17.909  [VAL_FINETUNE_DTVU_STEPS_1] epoch_59  
2025-02-27 02:26:17.909  =============================================  
2025-02-27 02:26:17.909  val_finetune_dtvu_steps_1/loss = 3.2970  
2025-02-27 02:26:17.909  val_finetune_dtvu_steps_1/acc@01 = 0.3000  
2025-02-27 02:26:17.909  val_finetune_dtvu_steps_1/acc@05 = 0.5500  
2025-02-27 02:26:17.909  val_finetune_dtvu_steps_1/acc@10 = 0.7500  
2025-02-27 02:26:17.909  val_finetune_dtvu_steps_1/acc@20 = 0.8000  
2025-02-27 02:26:17.909  
  
2025-02-27 02:26:17.966  
  
2025-02-27 02:26:17.966  [VAL_FINETUNE_DTVU_STEPS_3] epoch_59  
2025-02-27 02:26:17.966  =============================================  
2025-02-27 02:26:17.966  val_finetune_dtvu_steps_3/loss = 3.3791  
2025-02-27 02:26:17.966  val_finetune_dtvu_steps_3/acc@01 = 0.3333  
2025-02-27 02:26:17.966  val_finetune_dtvu_steps_3/acc@05 = 0.5333  
2025-02-27 02:26:17.966  val_finetune_dtvu_steps_3/acc@10 = 0.6833  
2025-02-27 02:26:17.966  val_finetune_dtvu_steps_3/acc@20 = 0.7667  
2025-02-27 02:26:17.966  
  
2025-02-27 02:26:18.429  
  
2025-02-27 02:26:18.429  [TRN] epoch_60  
2025-02-27 02:26:18.429  =============================================  
2025-02-27 02:26:18.429  trn/loss = 2.0955  
2025-02-27 02:26:18.429  trn/acc@01 = 0.4353  
2025-02-27 02:26:18.429  trn/acc@05 = 0.7941  
2025-02-27 02:26:18.429  trn/acc@10 = 0.8784  
2025-02-27 02:26:18.429  trn/acc@20 = 0.9294  
2025-02-27 02:26:18.429  
  
2025-02-27 02:26:18.492  
  
2025-02-27 02:26:18.492  [VAL_FINETUNE_DTVU_STEPS_1] epoch_60  
2025-02-27 02:26:18.492  =============================================  
2025-02-27 02:26:18.492  val_finetune_dtvu_steps_1/loss = 3.0961  
2025-02-27 02:26:18.492  val_finetune_dtvu_steps_1/acc@01 = 0.3500  
2025-02-27 02:26:18.492  val_finetune_dtvu_steps_1/acc@05 = 0.6000  
2025-02-27 02:26:18.492  val_finetune_dtvu_steps_1/acc@10 = 0.7000  
2025-02-27 02:26:18.492  val_finetune_dtvu_steps_1/acc@20 = 0.8500  
2025-02-27 02:26:18.492  
  
2025-02-27 02:26:18.539  
  
2025-02-27 02:26:18.539  [VAL_FINETUNE_DTVU_STEPS_3] epoch_60  
2025-02-27 02:26:18.539  =============================================  
2025-02-27 02:26:18.539  val_finetune_dtvu_steps_3/loss = 3.2283  
2025-02-27 02:26:18.539  val_finetune_dtvu_steps_3/acc@01 = 0.3667  
2025-02-27 02:26:18.539  val_finetune_dtvu_steps_3/acc@05 = 0.5500  
2025-02-27 02:26:18.539  val_finetune_dtvu_steps_3/acc@10 = 0.6500  
2025-02-27 02:26:18.539  val_finetune_dtvu_steps_3/acc@20 = 0.7833  
2025-02-27 02:26:18.539  
  
2025-02-27 02:26:18.976  
  
2025-02-27 02:26:18.976  [TRN] epoch_61  
2025-02-27 02:26:18.976  =============================================  
2025-02-27 02:26:18.976  trn/loss = 1.8664  
2025-02-27 02:26:18.976  trn/acc@01 = 0.4863  
2025-02-27 02:26:18.976  trn/acc@05 = 0.8295  
2025-02-27 02:26:18.976  trn/acc@10 = 0.9074  
2025-02-27 02:26:18.976  trn/acc@20 = 0.9663  
2025-02-27 02:26:18.976  
  
2025-02-27 02:26:19.028  
  
2025-02-27 02:26:19.028  [VAL_FINETUNE_DTVU_STEPS_1] epoch_61  
2025-02-27 02:26:19.028  =============================================  
2025-02-27 02:26:19.028  val_finetune_dtvu_steps_1/loss = 2.9037  
2025-02-27 02:26:19.028  val_finetune_dtvu_steps_1/acc@01 = 0.3500  
2025-02-27 02:26:19.028  val_finetune_dtvu_steps_1/acc@05 = 0.6000  
2025-02-27 02:26:19.028  val_finetune_dtvu_steps_1/acc@10 = 0.7500  
2025-02-27 02:26:19.028  val_finetune_dtvu_steps_1/acc@20 = 0.8000  
2025-02-27 02:26:19.028  
  
2025-02-27 02:26:19.079  
  
2025-02-27 02:26:19.079  [VAL_FINETUNE_DTVU_STEPS_3] epoch_61  
2025-02-27 02:26:19.079  =============================================  
2025-02-27 02:26:19.079  val_finetune_dtvu_steps_3/loss = 3.1813  
2025-02-27 02:26:19.079  val_finetune_dtvu_steps_3/acc@01 = 0.3667  
2025-02-27 02:26:19.079  val_finetune_dtvu_steps_3/acc@05 = 0.5500  
2025-02-27 02:26:19.079  val_finetune_dtvu_steps_3/acc@10 = 0.6500  
2025-02-27 02:26:19.079  val_finetune_dtvu_steps_3/acc@20 = 0.8000  
2025-02-27 02:26:19.079  
  
2025-02-27 02:26:19.514  
  
2025-02-27 02:26:19.514  [TRN] epoch_62  
2025-02-27 02:26:19.514  =============================================  
2025-02-27 02:26:19.514  trn/loss = 1.9226  
2025-02-27 02:26:19.514  trn/acc@01 = 0.4952  
2025-02-27 02:26:19.514  trn/acc@05 = 0.8267  
2025-02-27 02:26:19.514  trn/acc@10 = 0.8990  
2025-02-27 02:26:19.514  trn/acc@20 = 0.9467  
2025-02-27 02:26:19.514  
  
2025-02-27 02:26:19.560  
  
2025-02-27 02:26:19.560  [VAL_FINETUNE_DTVU_STEPS_1] epoch_62  
2025-02-27 02:26:19.560  =============================================  
2025-02-27 02:26:19.560  val_finetune_dtvu_steps_1/loss = 2.9908  
2025-02-27 02:26:19.560  val_finetune_dtvu_steps_1/acc@01 = 0.3500  
2025-02-27 02:26:19.560  val_finetune_dtvu_steps_1/acc@05 = 0.6000  
2025-02-27 02:26:19.560  val_finetune_dtvu_steps_1/acc@10 = 0.8000  
2025-02-27 02:26:19.560  val_finetune_dtvu_steps_1/acc@20 = 0.8500  
2025-02-27 02:26:19.560  
  
2025-02-27 02:26:19.616  
  
2025-02-27 02:26:19.616  [VAL_FINETUNE_DTVU_STEPS_3] epoch_62  
2025-02-27 02:26:19.616  =============================================  
2025-02-27 02:26:19.616  val_finetune_dtvu_steps_3/loss = 3.2426  
2025-02-27 02:26:19.616  val_finetune_dtvu_steps_3/acc@01 = 0.3500  
2025-02-27 02:26:19.616  val_finetune_dtvu_steps_3/acc@05 = 0.5500  
2025-02-27 02:26:19.616  val_finetune_dtvu_steps_3/acc@10 = 0.6500  
2025-02-27 02:26:19.616  val_finetune_dtvu_steps_3/acc@20 = 0.7667  
2025-02-27 02:26:19.616  
  
2025-02-27 02:26:20.042  
  
2025-02-27 02:26:20.042  [TRN] epoch_63  
2025-02-27 02:26:20.042  =============================================  
2025-02-27 02:26:20.042  trn/loss = 1.9736  
2025-02-27 02:26:20.042  trn/acc@01 = 0.4760  
2025-02-27 02:26:20.042  trn/acc@05 = 0.7960  
2025-02-27 02:26:20.042  trn/acc@10 = 0.8960  
2025-02-27 02:26:20.042  trn/acc@20 = 0.9560  
2025-02-27 02:26:20.042  
  
2025-02-27 02:26:20.089  
  
2025-02-27 02:26:20.089  [VAL_FINETUNE_DTVU_STEPS_1] epoch_63  
2025-02-27 02:26:20.089  =============================================  
2025-02-27 02:26:20.089  val_finetune_dtvu_steps_1/loss = 3.0041  
2025-02-27 02:26:20.089  val_finetune_dtvu_steps_1/acc@01 = 0.3500  
2025-02-27 02:26:20.089  val_finetune_dtvu_steps_1/acc@05 = 0.6000  
2025-02-27 02:26:20.089  val_finetune_dtvu_steps_1/acc@10 = 0.8000  
2025-02-27 02:26:20.089  val_finetune_dtvu_steps_1/acc@20 = 0.8500  
2025-02-27 02:26:20.089  
  
2025-02-27 02:26:20.152  
  
2025-02-27 02:26:20.152  [VAL_FINETUNE_DTVU_STEPS_3] epoch_63  
2025-02-27 02:26:20.152  =============================================  
2025-02-27 02:26:20.152  val_finetune_dtvu_steps_3/loss = 3.2557  
2025-02-27 02:26:20.152  val_finetune_dtvu_steps_3/acc@01 = 0.3500  
2025-02-27 02:26:20.152  val_finetune_dtvu_steps_3/acc@05 = 0.5500  
2025-02-27 02:26:20.152  val_finetune_dtvu_steps_3/acc@10 = 0.6333  
2025-02-27 02:26:20.152  val_finetune_dtvu_steps_3/acc@20 = 0.7833  
2025-02-27 02:26:20.152  
  
