2025-02-26 22:26:11.452  
  
2025-02-26 22:26:11.452  [TRN] epoch_00  
2025-02-26 22:26:11.452  =============================================  
2025-02-26 22:26:11.452  trn/loss = 5.8211  
2025-02-26 22:26:11.452  trn/acc@01 = 0.0612  
2025-02-26 22:26:11.452  trn/acc@05 = 0.1418  
2025-02-26 22:26:11.452  trn/acc@10 = 0.1867  
2025-02-26 22:26:11.452  trn/acc@20 = 0.2337  
2025-02-26 22:26:11.452  
  
2025-02-26 22:26:11.503  
  
2025-02-26 22:26:11.503  [VAL_FINETUNE_DTVU_STEPS_1] epoch_00  
2025-02-26 22:26:11.503  =============================================  
2025-02-26 22:26:11.503  val_finetune_dtvu_steps_1/loss = 5.0254  
2025-02-26 22:26:11.503  val_finetune_dtvu_steps_1/acc@01 = 0.2000  
2025-02-26 22:26:11.503  val_finetune_dtvu_steps_1/acc@05 = 0.3500  
2025-02-26 22:26:11.512  val_finetune_dtvu_steps_1/acc@10 = 0.4250  
2025-02-26 22:26:11.514  val_finetune_dtvu_steps_1/acc@20 = 0.4500  
2025-02-26 22:26:11.514  
  
2025-02-26 22:26:11.562  
  
2025-02-26 22:26:11.562  [VAL_FINETUNE_DTVU_STEPS_3] epoch_00  
2025-02-26 22:26:11.562  =============================================  
2025-02-26 22:26:11.562  val_finetune_dtvu_steps_3/loss = 5.3060  
2025-02-26 22:26:11.562  val_finetune_dtvu_steps_3/acc@01 = 0.1500  
2025-02-26 22:26:11.562  val_finetune_dtvu_steps_3/acc@05 = 0.2833  
2025-02-26 22:26:11.562  val_finetune_dtvu_steps_3/acc@10 = 0.3500  
2025-02-26 22:26:11.562  val_finetune_dtvu_steps_3/acc@20 = 0.4083  
2025-02-26 22:26:11.562  
  
2025-02-26 22:26:12.023  
  
2025-02-26 22:26:12.023  [TRN] epoch_01  
2025-02-26 22:26:12.023  =============================================  
2025-02-26 22:26:12.023  trn/loss = 4.6485  
2025-02-26 22:26:12.023  trn/acc@01 = 0.1543  
2025-02-26 22:26:12.023  trn/acc@05 = 0.3840  
2025-02-26 22:26:12.023  trn/acc@10 = 0.4734  
2025-02-26 22:26:12.023  trn/acc@20 = 0.5383  
2025-02-26 22:26:12.023  
  
2025-02-26 22:26:12.072  
  
2025-02-26 22:26:12.072  [VAL_FINETUNE_DTVU_STEPS_1] epoch_01  
2025-02-26 22:26:12.072  =============================================  
2025-02-26 22:26:12.072  val_finetune_dtvu_steps_1/loss = 4.2519  
2025-02-26 22:26:12.072  val_finetune_dtvu_steps_1/acc@01 = 0.3000  
2025-02-26 22:26:12.072  val_finetune_dtvu_steps_1/acc@05 = 0.4750  
2025-02-26 22:26:12.072  val_finetune_dtvu_steps_1/acc@10 = 0.4750  
2025-02-26 22:26:12.072  val_finetune_dtvu_steps_1/acc@20 = 0.5750  
2025-02-26 22:26:12.072  
  
2025-02-26 22:26:12.132  
  
2025-02-26 22:26:12.132  [VAL_FINETUNE_DTVU_STEPS_3] epoch_01  
2025-02-26 22:26:12.132  =============================================  
2025-02-26 22:26:12.132  val_finetune_dtvu_steps_3/loss = 4.4513  
2025-02-26 22:26:12.132  val_finetune_dtvu_steps_3/acc@01 = 0.2500  
2025-02-26 22:26:12.132  val_finetune_dtvu_steps_3/acc@05 = 0.4417  
2025-02-26 22:26:12.132  val_finetune_dtvu_steps_3/acc@10 = 0.4667  
2025-02-26 22:26:12.132  val_finetune_dtvu_steps_3/acc@20 = 0.5500  
2025-02-26 22:26:12.132  
  
2025-02-26 22:26:12.601  
  
2025-02-26 22:26:12.601  [TRN] epoch_02  
2025-02-26 22:26:12.601  =============================================  
2025-02-26 22:26:12.601  trn/loss = 4.0772  
2025-02-26 22:26:12.601  trn/acc@01 = 0.2302  
2025-02-26 22:26:12.601  trn/acc@05 = 0.5000  
2025-02-26 22:26:12.601  trn/acc@10 = 0.5698  
2025-02-26 22:26:12.602  trn/acc@20 = 0.6406  
2025-02-26 22:26:12.602  
  
2025-02-26 22:26:12.652  
  
2025-02-26 22:26:12.652  [VAL_FINETUNE_DTVU_STEPS_1] epoch_02  
2025-02-26 22:26:12.652  =============================================  
2025-02-26 22:26:12.652  val_finetune_dtvu_steps_1/loss = 4.0519  
2025-02-26 22:26:12.652  val_finetune_dtvu_steps_1/acc@01 = 0.3000  
2025-02-26 22:26:12.652  val_finetune_dtvu_steps_1/acc@05 = 0.6000  
2025-02-26 22:26:12.652  val_finetune_dtvu_steps_1/acc@10 = 0.6000  
2025-02-26 22:26:12.652  val_finetune_dtvu_steps_1/acc@20 = 0.6250  
2025-02-26 22:26:12.652  
  
2025-02-26 22:26:12.705  
  
2025-02-26 22:26:12.705  [VAL_FINETUNE_DTVU_STEPS_3] epoch_02  
2025-02-26 22:26:12.705  =============================================  
2025-02-26 22:26:12.705  val_finetune_dtvu_steps_3/loss = 4.2064  
2025-02-26 22:26:12.705  val_finetune_dtvu_steps_3/acc@01 = 0.2667  
2025-02-26 22:26:12.705  val_finetune_dtvu_steps_3/acc@05 = 0.5417  
2025-02-26 22:26:12.705  val_finetune_dtvu_steps_3/acc@10 = 0.5750  
2025-02-26 22:26:12.705  val_finetune_dtvu_steps_3/acc@20 = 0.6333  
2025-02-26 22:26:12.705  
  
2025-02-26 22:26:13.164  
  
2025-02-26 22:26:13.164  [TRN] epoch_03  
2025-02-26 22:26:13.164  =============================================  
2025-02-26 22:26:13.164  trn/loss = 3.7624  
2025-02-26 22:26:13.171  trn/acc@01 = 0.2505  
2025-02-26 22:26:13.171  trn/acc@05 = 0.5588  
2025-02-26 22:26:13.172  trn/acc@10 = 0.6196  
2025-02-26 22:26:13.172  trn/acc@20 = 0.6825  
2025-02-26 22:26:13.172  
  
2025-02-26 22:26:13.221  
  
2025-02-26 22:26:13.222  [VAL_FINETUNE_DTVU_STEPS_1] epoch_03  
2025-02-26 22:26:13.222  =============================================  
2025-02-26 22:26:13.222  val_finetune_dtvu_steps_1/loss = 3.7061  
2025-02-26 22:26:13.222  val_finetune_dtvu_steps_1/acc@01 = 0.3000  
2025-02-26 22:26:13.222  val_finetune_dtvu_steps_1/acc@05 = 0.5750  
2025-02-26 22:26:13.222  val_finetune_dtvu_steps_1/acc@10 = 0.6750  
2025-02-26 22:26:13.222  val_finetune_dtvu_steps_1/acc@20 = 0.7250  
2025-02-26 22:26:13.222  
  
2025-02-26 22:26:13.277  
  
2025-02-26 22:26:13.277  [VAL_FINETUNE_DTVU_STEPS_3] epoch_03  
2025-02-26 22:26:13.277  =============================================  
2025-02-26 22:26:13.277  val_finetune_dtvu_steps_3/loss = 3.9573  
2025-02-26 22:26:13.277  val_finetune_dtvu_steps_3/acc@01 = 0.2167  
2025-02-26 22:26:13.277  val_finetune_dtvu_steps_3/acc@05 = 0.5417  
2025-02-26 22:26:13.277  val_finetune_dtvu_steps_3/acc@10 = 0.5917  
2025-02-26 22:26:13.277  val_finetune_dtvu_steps_3/acc@20 = 0.6917  
2025-02-26 22:26:13.277  
  
2025-02-26 22:26:13.746  
  
2025-02-26 22:26:13.746  [TRN] epoch_04  
2025-02-26 22:26:13.746  =============================================  
2025-02-26 22:26:13.746  trn/loss = 3.4178  
2025-02-26 22:26:13.746  trn/acc@01 = 0.2935  
2025-02-26 22:26:13.746  trn/acc@05 = 0.6318  
2025-02-26 22:26:13.746  trn/acc@10 = 0.6972  
2025-02-26 22:26:13.746  trn/acc@20 = 0.7598  
2025-02-26 22:26:13.746  
  
2025-02-26 22:26:13.799  
  
2025-02-26 22:26:13.799  [VAL_FINETUNE_DTVU_STEPS_1] epoch_04  
2025-02-26 22:26:13.799  =============================================  
2025-02-26 22:26:13.799  val_finetune_dtvu_steps_1/loss = 3.6862  
2025-02-26 22:26:13.799  val_finetune_dtvu_steps_1/acc@01 = 0.2750  
2025-02-26 22:26:13.799  val_finetune_dtvu_steps_1/acc@05 = 0.5500  
2025-02-26 22:26:13.799  val_finetune_dtvu_steps_1/acc@10 = 0.7000  
2025-02-26 22:26:13.799  val_finetune_dtvu_steps_1/acc@20 = 0.7250  
2025-02-26 22:26:13.799  
  
2025-02-26 22:26:13.853  
  
2025-02-26 22:26:13.853  [VAL_FINETUNE_DTVU_STEPS_3] epoch_04  
2025-02-26 22:26:13.853  =============================================  
2025-02-26 22:26:13.853  val_finetune_dtvu_steps_3/loss = 3.7833  
2025-02-26 22:26:13.853  val_finetune_dtvu_steps_3/acc@01 = 0.2667  
2025-02-26 22:26:13.853  val_finetune_dtvu_steps_3/acc@05 = 0.5500  
2025-02-26 22:26:13.853  val_finetune_dtvu_steps_3/acc@10 = 0.6667  
2025-02-26 22:26:13.853  val_finetune_dtvu_steps_3/acc@20 = 0.7000  
2025-02-26 22:26:13.853  
  
2025-02-26 22:26:14.306  
  
2025-02-26 22:26:14.311  [TRN] epoch_05  
2025-02-26 22:26:14.311  =============================================  
2025-02-26 22:26:14.311  trn/loss = 3.3127  
2025-02-26 22:26:14.311  trn/acc@01 = 0.2967  
2025-02-26 22:26:14.312  trn/acc@05 = 0.6239  
2025-02-26 22:26:14.312  trn/acc@10 = 0.7217  
2025-02-26 22:26:14.312  trn/acc@20 = 0.7793  
2025-02-26 22:26:14.312  
  
2025-02-26 22:26:14.362  
  
2025-02-26 22:26:14.362  [VAL_FINETUNE_DTVU_STEPS_1] epoch_05  
2025-02-26 22:26:14.362  =============================================  
2025-02-26 22:26:14.362  val_finetune_dtvu_steps_1/loss = 3.5644  
2025-02-26 22:26:14.363  val_finetune_dtvu_steps_1/acc@01 = 0.2750  
2025-02-26 22:26:14.363  val_finetune_dtvu_steps_1/acc@05 = 0.5500  
2025-02-26 22:26:14.363  val_finetune_dtvu_steps_1/acc@10 = 0.6500  
2025-02-26 22:26:14.363  val_finetune_dtvu_steps_1/acc@20 = 0.7500  
2025-02-26 22:26:14.363  
  
2025-02-26 22:26:14.422  
  
2025-02-26 22:26:14.422  [VAL_FINETUNE_DTVU_STEPS_3] epoch_05  
2025-02-26 22:26:14.422  =============================================  
2025-02-26 22:26:14.422  val_finetune_dtvu_steps_3/loss = 3.6780  
2025-02-26 22:26:14.422  val_finetune_dtvu_steps_3/acc@01 = 0.2750  
2025-02-26 22:26:14.422  val_finetune_dtvu_steps_3/acc@05 = 0.5583  
2025-02-26 22:26:14.422  val_finetune_dtvu_steps_3/acc@10 = 0.6333  
2025-02-26 22:26:14.422  val_finetune_dtvu_steps_3/acc@20 = 0.7000  
2025-02-26 22:26:14.422  
  
2025-02-26 22:26:14.902  
  
2025-02-26 22:26:14.902  [TRN] epoch_06  
2025-02-26 22:26:14.902  =============================================  
2025-02-26 22:26:14.902  trn/loss = 3.2842  
2025-02-26 22:26:14.902  trn/acc@01 = 0.2660  
2025-02-26 22:26:14.902  trn/acc@05 = 0.6206  
2025-02-26 22:26:14.902  trn/acc@10 = 0.7134  
2025-02-26 22:26:14.906  trn/acc@20 = 0.7732  
2025-02-26 22:26:14.906  
  
2025-02-26 22:26:14.952  
  
2025-02-26 22:26:14.952  [VAL_FINETUNE_DTVU_STEPS_1] epoch_06  
2025-02-26 22:26:14.952  =============================================  
2025-02-26 22:26:14.952  val_finetune_dtvu_steps_1/loss = 3.2368  
2025-02-26 22:26:14.952  val_finetune_dtvu_steps_1/acc@01 = 0.3000  
2025-02-26 22:26:14.952  val_finetune_dtvu_steps_1/acc@05 = 0.6750  
2025-02-26 22:26:14.952  val_finetune_dtvu_steps_1/acc@10 = 0.7500  
2025-02-26 22:26:14.952  val_finetune_dtvu_steps_1/acc@20 = 0.7750  
2025-02-26 22:26:14.952  
  
2025-02-26 22:26:15.008  
  
2025-02-26 22:26:15.008  [VAL_FINETUNE_DTVU_STEPS_3] epoch_06  
2025-02-26 22:26:15.008  =============================================  
2025-02-26 22:26:15.008  val_finetune_dtvu_steps_3/loss = 3.6043  
2025-02-26 22:26:15.008  val_finetune_dtvu_steps_3/acc@01 = 0.2500  
2025-02-26 22:26:15.008  val_finetune_dtvu_steps_3/acc@05 = 0.6167  
2025-02-26 22:26:15.008  val_finetune_dtvu_steps_3/acc@10 = 0.6917  
2025-02-26 22:26:15.008  val_finetune_dtvu_steps_3/acc@20 = 0.7250  
2025-02-26 22:26:15.008  
  
2025-02-26 22:26:15.479  
  
2025-02-26 22:26:15.481  [TRN] epoch_07  
2025-02-26 22:26:15.481  =============================================  
2025-02-26 22:26:15.481  trn/loss = 3.2678  
2025-02-26 22:26:15.481  trn/acc@01 = 0.2786  
2025-02-26 22:26:15.481  trn/acc@05 = 0.6089  
2025-02-26 22:26:15.481  trn/acc@10 = 0.7009  
2025-02-26 22:26:15.482  trn/acc@20 = 0.8036  
2025-02-26 22:26:15.482  
  
2025-02-26 22:26:15.532  
  
2025-02-26 22:26:15.532  [VAL_FINETUNE_DTVU_STEPS_1] epoch_07  
2025-02-26 22:26:15.532  =============================================  
2025-02-26 22:26:15.532  val_finetune_dtvu_steps_1/loss = 3.4472  
2025-02-26 22:26:15.532  val_finetune_dtvu_steps_1/acc@01 = 0.3250  
2025-02-26 22:26:15.532  val_finetune_dtvu_steps_1/acc@05 = 0.5500  
2025-02-26 22:26:15.532  val_finetune_dtvu_steps_1/acc@10 = 0.7250  
2025-02-26 22:26:15.532  val_finetune_dtvu_steps_1/acc@20 = 0.7750  
2025-02-26 22:26:15.532  
  
2025-02-26 22:26:15.582  
  
2025-02-26 22:26:15.582  [VAL_FINETUNE_DTVU_STEPS_3] epoch_07  
2025-02-26 22:26:15.582  =============================================  
2025-02-26 22:26:15.582  val_finetune_dtvu_steps_3/loss = 3.6123  
2025-02-26 22:26:15.582  val_finetune_dtvu_steps_3/acc@01 = 0.2833  
2025-02-26 22:26:15.582  val_finetune_dtvu_steps_3/acc@05 = 0.5000  
2025-02-26 22:26:15.582  val_finetune_dtvu_steps_3/acc@10 = 0.6667  
2025-02-26 22:26:15.582  val_finetune_dtvu_steps_3/acc@20 = 0.7333  
2025-02-26 22:26:15.582  
  
2025-02-26 22:26:16.073  
  
2025-02-26 22:26:16.073  [TRN] epoch_08  
2025-02-26 22:26:16.073  =============================================  
2025-02-26 22:26:16.073  trn/loss = 3.1265  
2025-02-26 22:26:16.073  trn/acc@01 = 0.3097  
2025-02-26 22:26:16.073  trn/acc@05 = 0.6175  
2025-02-26 22:26:16.073  trn/acc@10 = 0.7252  
2025-02-26 22:26:16.073  trn/acc@20 = 0.8087  
2025-02-26 22:26:16.073  
  
2025-02-26 22:26:16.126  
  
2025-02-26 22:26:16.126  [VAL_FINETUNE_DTVU_STEPS_1] epoch_08  
2025-02-26 22:26:16.126  =============================================  
2025-02-26 22:26:16.126  val_finetune_dtvu_steps_1/loss = 3.4119  
2025-02-26 22:26:16.126  val_finetune_dtvu_steps_1/acc@01 = 0.2500  
2025-02-26 22:26:16.126  val_finetune_dtvu_steps_1/acc@05 = 0.6250  
2025-02-26 22:26:16.126  val_finetune_dtvu_steps_1/acc@10 = 0.7250  
2025-02-26 22:26:16.126  val_finetune_dtvu_steps_1/acc@20 = 0.7750  
2025-02-26 22:26:16.126  
  
2025-02-26 22:26:16.186  
  
2025-02-26 22:26:16.186  [VAL_FINETUNE_DTVU_STEPS_3] epoch_08  
2025-02-26 22:26:16.186  =============================================  
2025-02-26 22:26:16.186  val_finetune_dtvu_steps_3/loss = 3.5488  
2025-02-26 22:26:16.186  val_finetune_dtvu_steps_3/acc@01 = 0.2500  
2025-02-26 22:26:16.186  val_finetune_dtvu_steps_3/acc@05 = 0.5667  
2025-02-26 22:26:16.186  val_finetune_dtvu_steps_3/acc@10 = 0.6750  
2025-02-26 22:26:16.186  val_finetune_dtvu_steps_3/acc@20 = 0.7583  
2025-02-26 22:26:16.186  
  
2025-02-26 22:26:16.659  
  
2025-02-26 22:26:16.659  [TRN] epoch_09  
2025-02-26 22:26:16.659  =============================================  
2025-02-26 22:26:16.659  trn/loss = 2.9524  
2025-02-26 22:26:16.659  trn/acc@01 = 0.3280  
2025-02-26 22:26:16.659  trn/acc@05 = 0.6667  
2025-02-26 22:26:16.659  trn/acc@10 = 0.7634  
2025-02-26 22:26:16.659  trn/acc@20 = 0.8312  
2025-02-26 22:26:16.659  
  
2025-02-26 22:26:16.707  
  
2025-02-26 22:26:16.707  [VAL_FINETUNE_DTVU_STEPS_1] epoch_09  
2025-02-26 22:26:16.707  =============================================  
2025-02-26 22:26:16.707  val_finetune_dtvu_steps_1/loss = 3.4576  
2025-02-26 22:26:16.707  val_finetune_dtvu_steps_1/acc@01 = 0.3250  
2025-02-26 22:26:16.707  val_finetune_dtvu_steps_1/acc@05 = 0.5750  
2025-02-26 22:26:16.707  val_finetune_dtvu_steps_1/acc@10 = 0.6750  
2025-02-26 22:26:16.707  val_finetune_dtvu_steps_1/acc@20 = 0.7750  
2025-02-26 22:26:16.707  
  
2025-02-26 22:26:16.762  
  
2025-02-26 22:26:16.762  [VAL_FINETUNE_DTVU_STEPS_3] epoch_09  
2025-02-26 22:26:16.762  =============================================  
2025-02-26 22:26:16.762  val_finetune_dtvu_steps_3/loss = 3.6034  
2025-02-26 22:26:16.762  val_finetune_dtvu_steps_3/acc@01 = 0.2667  
2025-02-26 22:26:16.762  val_finetune_dtvu_steps_3/acc@05 = 0.5750  
2025-02-26 22:26:16.762  val_finetune_dtvu_steps_3/acc@10 = 0.6667  
2025-02-26 22:26:16.762  val_finetune_dtvu_steps_3/acc@20 = 0.7417  
2025-02-26 22:26:16.762  
  
2025-02-26 22:26:17.256  
  
2025-02-26 22:26:17.256  [TRN] epoch_10  
2025-02-26 22:26:17.256  =============================================  
2025-02-26 22:26:17.256  trn/loss = 3.1728  
2025-02-26 22:26:17.256  trn/acc@01 = 0.2925  
2025-02-26 22:26:17.256  trn/acc@05 = 0.6245  
2025-02-26 22:26:17.256  trn/acc@10 = 0.7226  
2025-02-26 22:26:17.256  trn/acc@20 = 0.8009  
2025-02-26 22:26:17.256  
  
2025-02-26 22:26:17.313  
  
2025-02-26 22:26:17.313  [VAL_FINETUNE_DTVU_STEPS_1] epoch_10  
2025-02-26 22:26:17.313  =============================================  
2025-02-26 22:26:17.313  val_finetune_dtvu_steps_1/loss = 3.2578  
2025-02-26 22:26:17.313  val_finetune_dtvu_steps_1/acc@01 = 0.3250  
2025-02-26 22:26:17.313  val_finetune_dtvu_steps_1/acc@05 = 0.6250  
2025-02-26 22:26:17.313  val_finetune_dtvu_steps_1/acc@10 = 0.7000  
2025-02-26 22:26:17.313  val_finetune_dtvu_steps_1/acc@20 = 0.7500  
2025-02-26 22:26:17.313  
  
2025-02-26 22:26:17.367  
  
2025-02-26 22:26:17.367  [VAL_FINETUNE_DTVU_STEPS_3] epoch_10  
2025-02-26 22:26:17.367  =============================================  
2025-02-26 22:26:17.367  val_finetune_dtvu_steps_3/loss = 3.4298  
2025-02-26 22:26:17.367  val_finetune_dtvu_steps_3/acc@01 = 0.2667  
2025-02-26 22:26:17.367  val_finetune_dtvu_steps_3/acc@05 = 0.6000  
2025-02-26 22:26:17.367  val_finetune_dtvu_steps_3/acc@10 = 0.6500  
2025-02-26 22:26:17.367  val_finetune_dtvu_steps_3/acc@20 = 0.7333  
2025-02-26 22:26:17.367  
  
2025-02-26 22:26:17.843  
  
2025-02-26 22:26:17.843  [TRN] epoch_11  
2025-02-26 22:26:17.843  =============================================  
2025-02-26 22:26:17.843  trn/loss = 3.0465  
2025-02-26 22:26:17.843  trn/acc@01 = 0.3048  
2025-02-26 22:26:17.843  trn/acc@05 = 0.6346  
2025-02-26 22:26:17.843  trn/acc@10 = 0.7404  
2025-02-26 22:26:17.843  trn/acc@20 = 0.8385  
2025-02-26 22:26:17.843  
  
2025-02-26 22:26:17.892  
  
2025-02-26 22:26:17.892  [VAL_FINETUNE_DTVU_STEPS_1] epoch_11  
2025-02-26 22:26:17.892  =============================================  
2025-02-26 22:26:17.892  val_finetune_dtvu_steps_1/loss = 3.2759  
2025-02-26 22:26:17.892  val_finetune_dtvu_steps_1/acc@01 = 0.3250  
2025-02-26 22:26:17.892  val_finetune_dtvu_steps_1/acc@05 = 0.6500  
2025-02-26 22:26:17.892  val_finetune_dtvu_steps_1/acc@10 = 0.7250  
2025-02-26 22:26:17.892  val_finetune_dtvu_steps_1/acc@20 = 0.7750  
2025-02-26 22:26:17.892  
  
2025-02-26 22:26:17.952  
  
2025-02-26 22:26:17.952  [VAL_FINETUNE_DTVU_STEPS_3] epoch_11  
2025-02-26 22:26:17.952  =============================================  
2025-02-26 22:26:17.952  val_finetune_dtvu_steps_3/loss = 3.5099  
2025-02-26 22:26:17.952  val_finetune_dtvu_steps_3/acc@01 = 0.2833  
2025-02-26 22:26:17.952  val_finetune_dtvu_steps_3/acc@05 = 0.6083  
2025-02-26 22:26:17.952  val_finetune_dtvu_steps_3/acc@10 = 0.6833  
2025-02-26 22:26:17.952  val_finetune_dtvu_steps_3/acc@20 = 0.7500  
2025-02-26 22:26:17.952  
  
2025-02-26 22:26:18.412  
  
2025-02-26 22:26:18.412  [TRN] epoch_12  
2025-02-26 22:26:18.412  =============================================  
2025-02-26 22:26:18.412  trn/loss = 3.0262  
2025-02-26 22:26:18.412  trn/acc@01 = 0.3105  
2025-02-26 22:26:18.412  trn/acc@05 = 0.6568  
2025-02-26 22:26:18.412  trn/acc@10 = 0.7526  
2025-02-26 22:26:18.412  trn/acc@20 = 0.8400  
2025-02-26 22:26:18.412  
  
2025-02-26 22:26:18.463  
  
2025-02-26 22:26:18.463  [VAL_FINETUNE_DTVU_STEPS_1] epoch_12  
2025-02-26 22:26:18.463  =============================================  
2025-02-26 22:26:18.463  val_finetune_dtvu_steps_1/loss = 3.2839  
2025-02-26 22:26:18.463  val_finetune_dtvu_steps_1/acc@01 = 0.3250  
2025-02-26 22:26:18.463  val_finetune_dtvu_steps_1/acc@05 = 0.6500  
2025-02-26 22:26:18.463  val_finetune_dtvu_steps_1/acc@10 = 0.7250  
2025-02-26 22:26:18.463  val_finetune_dtvu_steps_1/acc@20 = 0.7500  
2025-02-26 22:26:18.463  
  
2025-02-26 22:26:18.523  
  
2025-02-26 22:26:18.523  [VAL_FINETUNE_DTVU_STEPS_3] epoch_12  
2025-02-26 22:26:18.523  =============================================  
2025-02-26 22:26:18.523  val_finetune_dtvu_steps_3/loss = 3.3847  
2025-02-26 22:26:18.523  val_finetune_dtvu_steps_3/acc@01 = 0.2667  
2025-02-26 22:26:18.523  val_finetune_dtvu_steps_3/acc@05 = 0.6333  
2025-02-26 22:26:18.523  val_finetune_dtvu_steps_3/acc@10 = 0.7000  
2025-02-26 22:26:18.523  val_finetune_dtvu_steps_3/acc@20 = 0.7500  
2025-02-26 22:26:18.523  
  
2025-02-26 22:26:19.002  
  
2025-02-26 22:26:19.006  [TRN] epoch_13  
2025-02-26 22:26:19.006  =============================================  
2025-02-26 22:26:19.006  trn/loss = 3.0479  
2025-02-26 22:26:19.006  trn/acc@01 = 0.2660  
2025-02-26 22:26:19.006  trn/acc@05 = 0.6255  
2025-02-26 22:26:19.006  trn/acc@10 = 0.7208  
2025-02-26 22:26:19.006  trn/acc@20 = 0.8151  
2025-02-26 22:26:19.006  
  
2025-02-26 22:26:19.053  
  
2025-02-26 22:26:19.053  [VAL_FINETUNE_DTVU_STEPS_1] epoch_13  
2025-02-26 22:26:19.053  =============================================  
2025-02-26 22:26:19.053  val_finetune_dtvu_steps_1/loss = 3.2556  
2025-02-26 22:26:19.053  val_finetune_dtvu_steps_1/acc@01 = 0.3000  
2025-02-26 22:26:19.053  val_finetune_dtvu_steps_1/acc@05 = 0.6500  
2025-02-26 22:26:19.053  val_finetune_dtvu_steps_1/acc@10 = 0.6750  
2025-02-26 22:26:19.053  val_finetune_dtvu_steps_1/acc@20 = 0.7750  
2025-02-26 22:26:19.053  
  
2025-02-26 22:26:19.111  
  
2025-02-26 22:26:19.111  [VAL_FINETUNE_DTVU_STEPS_3] epoch_13  
2025-02-26 22:26:19.111  =============================================  
2025-02-26 22:26:19.111  val_finetune_dtvu_steps_3/loss = 3.4415  
2025-02-26 22:26:19.111  val_finetune_dtvu_steps_3/acc@01 = 0.2583  
2025-02-26 22:26:19.111  val_finetune_dtvu_steps_3/acc@05 = 0.6000  
2025-02-26 22:26:19.111  val_finetune_dtvu_steps_3/acc@10 = 0.6750  
2025-02-26 22:26:19.112  val_finetune_dtvu_steps_3/acc@20 = 0.7750  
2025-02-26 22:26:19.112  
  
2025-02-26 22:26:19.582  
  
2025-02-26 22:26:19.582  [TRN] epoch_14  
2025-02-26 22:26:19.582  =============================================  
2025-02-26 22:26:19.582  trn/loss = 2.9426  
2025-02-26 22:26:19.582  trn/acc@01 = 0.2969  
2025-02-26 22:26:19.582  trn/acc@05 = 0.6598  
2025-02-26 22:26:19.582  trn/acc@10 = 0.7660  
2025-02-26 22:26:19.582  trn/acc@20 = 0.8577  
2025-02-26 22:26:19.582  
  
2025-02-26 22:26:19.638  
  
2025-02-26 22:26:19.638  [VAL_FINETUNE_DTVU_STEPS_1] epoch_14  
2025-02-26 22:26:19.638  =============================================  
2025-02-26 22:26:19.638  val_finetune_dtvu_steps_1/loss = 3.3252  
2025-02-26 22:26:19.638  val_finetune_dtvu_steps_1/acc@01 = 0.3000  
2025-02-26 22:26:19.638  val_finetune_dtvu_steps_1/acc@05 = 0.6250  
2025-02-26 22:26:19.638  val_finetune_dtvu_steps_1/acc@10 = 0.7250  
2025-02-26 22:26:19.638  val_finetune_dtvu_steps_1/acc@20 = 0.7500  
2025-02-26 22:26:19.638  
  
2025-02-26 22:26:19.692  
  
2025-02-26 22:26:19.692  [VAL_FINETUNE_DTVU_STEPS_3] epoch_14  
2025-02-26 22:26:19.692  =============================================  
2025-02-26 22:26:19.692  val_finetune_dtvu_steps_3/loss = 3.4918  
2025-02-26 22:26:19.692  val_finetune_dtvu_steps_3/acc@01 = 0.2500  
2025-02-26 22:26:19.692  val_finetune_dtvu_steps_3/acc@05 = 0.6000  
2025-02-26 22:26:19.692  val_finetune_dtvu_steps_3/acc@10 = 0.6833  
2025-02-26 22:26:19.692  val_finetune_dtvu_steps_3/acc@20 = 0.7333  
2025-02-26 22:26:19.692  
  
2025-02-26 22:26:20.154  
  
2025-02-26 22:26:20.154  [TRN] epoch_15  
2025-02-26 22:26:20.154  =============================================  
2025-02-26 22:26:20.154  trn/loss = 2.9305  
2025-02-26 22:26:20.154  trn/acc@01 = 0.2939  
2025-02-26 22:26:20.154  trn/acc@05 = 0.6545  
2025-02-26 22:26:20.154  trn/acc@10 = 0.7657  
2025-02-26 22:26:20.154  trn/acc@20 = 0.8455  
2025-02-26 22:26:20.161  
  
2025-02-26 22:26:20.213  
  
2025-02-26 22:26:20.213  [VAL_FINETUNE_DTVU_STEPS_1] epoch_15  
2025-02-26 22:26:20.213  =============================================  
2025-02-26 22:26:20.213  val_finetune_dtvu_steps_1/loss = 3.2220  
2025-02-26 22:26:20.213  val_finetune_dtvu_steps_1/acc@01 = 0.2750  
2025-02-26 22:26:20.213  val_finetune_dtvu_steps_1/acc@05 = 0.6750  
2025-02-26 22:26:20.213  val_finetune_dtvu_steps_1/acc@10 = 0.7500  
2025-02-26 22:26:20.213  val_finetune_dtvu_steps_1/acc@20 = 0.7750  
2025-02-26 22:26:20.213  
  
2025-02-26 22:26:20.265  
  
2025-02-26 22:26:20.265  [VAL_FINETUNE_DTVU_STEPS_3] epoch_15  
2025-02-26 22:26:20.265  =============================================  
2025-02-26 22:26:20.265  val_finetune_dtvu_steps_3/loss = 3.4018  
2025-02-26 22:26:20.265  val_finetune_dtvu_steps_3/acc@01 = 0.2500  
2025-02-26 22:26:20.265  val_finetune_dtvu_steps_3/acc@05 = 0.6333  
2025-02-26 22:26:20.265  val_finetune_dtvu_steps_3/acc@10 = 0.6917  
2025-02-26 22:26:20.265  val_finetune_dtvu_steps_3/acc@20 = 0.7500  
2025-02-26 22:26:20.265  
  
2025-02-26 22:26:20.737  
  
2025-02-26 22:26:20.737  [TRN] epoch_16  
2025-02-26 22:26:20.737  =============================================  
2025-02-26 22:26:20.737  trn/loss = 2.9575  
2025-02-26 22:26:20.737  trn/acc@01 = 0.3182  
2025-02-26 22:26:20.737  trn/acc@05 = 0.6586  
2025-02-26 22:26:20.737  trn/acc@10 = 0.7616  
2025-02-26 22:26:20.737  trn/acc@20 = 0.8495  
2025-02-26 22:26:20.737  
  
2025-02-26 22:26:20.784  
  
2025-02-26 22:26:20.791  [VAL_FINETUNE_DTVU_STEPS_1] epoch_16  
2025-02-26 22:26:20.791  =============================================  
2025-02-26 22:26:20.791  val_finetune_dtvu_steps_1/loss = 3.2897  
2025-02-26 22:26:20.791  val_finetune_dtvu_steps_1/acc@01 = 0.3250  
2025-02-26 22:26:20.791  val_finetune_dtvu_steps_1/acc@05 = 0.6500  
2025-02-26 22:26:20.791  val_finetune_dtvu_steps_1/acc@10 = 0.7250  
2025-02-26 22:26:20.791  val_finetune_dtvu_steps_1/acc@20 = 0.8000  
2025-02-26 22:26:20.791  
  
2025-02-26 22:26:20.849  
  
2025-02-26 22:26:20.849  [VAL_FINETUNE_DTVU_STEPS_3] epoch_16  
2025-02-26 22:26:20.849  =============================================  
2025-02-26 22:26:20.849  val_finetune_dtvu_steps_3/loss = 3.4314  
2025-02-26 22:26:20.849  val_finetune_dtvu_steps_3/acc@01 = 0.3000  
2025-02-26 22:26:20.849  val_finetune_dtvu_steps_3/acc@05 = 0.6083  
2025-02-26 22:26:20.849  val_finetune_dtvu_steps_3/acc@10 = 0.6750  
2025-02-26 22:26:20.851  val_finetune_dtvu_steps_3/acc@20 = 0.7500  
2025-02-26 22:26:20.851  
  
2025-02-26 22:26:21.332  
  
2025-02-26 22:26:21.332  [TRN] epoch_17  
2025-02-26 22:26:21.332  =============================================  
2025-02-26 22:26:21.332  trn/loss = 2.8794  
2025-02-26 22:26:21.332  trn/acc@01 = 0.3000  
2025-02-26 22:26:21.332  trn/acc@05 = 0.6546  
2025-02-26 22:26:21.332  trn/acc@10 = 0.7685  
2025-02-26 22:26:21.332  trn/acc@20 = 0.8556  
2025-02-26 22:26:21.332  
  
2025-02-26 22:26:21.383  
  
2025-02-26 22:26:21.383  [VAL_FINETUNE_DTVU_STEPS_1] epoch_17  
2025-02-26 22:26:21.383  =============================================  
2025-02-26 22:26:21.383  val_finetune_dtvu_steps_1/loss = 3.2449  
2025-02-26 22:26:21.383  val_finetune_dtvu_steps_1/acc@01 = 0.3250  
2025-02-26 22:26:21.383  val_finetune_dtvu_steps_1/acc@05 = 0.6750  
2025-02-26 22:26:21.383  val_finetune_dtvu_steps_1/acc@10 = 0.7500  
2025-02-26 22:26:21.383  val_finetune_dtvu_steps_1/acc@20 = 0.8000  
2025-02-26 22:26:21.383  
  
2025-02-26 22:26:21.432  
  
2025-02-26 22:26:21.432  [VAL_FINETUNE_DTVU_STEPS_3] epoch_17  
2025-02-26 22:26:21.432  =============================================  
2025-02-26 22:26:21.432  val_finetune_dtvu_steps_3/loss = 3.4048  
2025-02-26 22:26:21.432  val_finetune_dtvu_steps_3/acc@01 = 0.2833  
2025-02-26 22:26:21.432  val_finetune_dtvu_steps_3/acc@05 = 0.6250  
2025-02-26 22:26:21.432  val_finetune_dtvu_steps_3/acc@10 = 0.6833  
2025-02-26 22:26:21.432  val_finetune_dtvu_steps_3/acc@20 = 0.7500  
2025-02-26 22:26:21.432  
  
2025-02-26 22:26:21.917  
  
2025-02-26 22:26:21.917  [TRN] epoch_18  
2025-02-26 22:26:21.917  =============================================  
2025-02-26 22:26:21.917  trn/loss = 2.9438  
2025-02-26 22:26:21.917  trn/acc@01 = 0.2777  
2025-02-26 22:26:21.917  trn/acc@05 = 0.6455  
2025-02-26 22:26:21.917  trn/acc@10 = 0.7482  
2025-02-26 22:26:21.917  trn/acc@20 = 0.8455  
2025-02-26 22:26:21.917  
  
2025-02-26 22:26:21.971  
  
2025-02-26 22:26:21.972  [VAL_FINETUNE_DTVU_STEPS_1] epoch_18  
2025-02-26 22:26:21.972  =============================================  
2025-02-26 22:26:21.972  val_finetune_dtvu_steps_1/loss = 3.1495  
2025-02-26 22:26:21.972  val_finetune_dtvu_steps_1/acc@01 = 0.2500  
2025-02-26 22:26:21.972  val_finetune_dtvu_steps_1/acc@05 = 0.6750  
2025-02-26 22:26:21.972  val_finetune_dtvu_steps_1/acc@10 = 0.7750  
2025-02-26 22:26:21.972  val_finetune_dtvu_steps_1/acc@20 = 0.7750  
2025-02-26 22:26:21.972  
  
2025-02-26 22:26:22.026  
  
2025-02-26 22:26:22.026  [VAL_FINETUNE_DTVU_STEPS_3] epoch_18  
2025-02-26 22:26:22.026  =============================================  
2025-02-26 22:26:22.026  val_finetune_dtvu_steps_3/loss = 3.3549  
2025-02-26 22:26:22.026  val_finetune_dtvu_steps_3/acc@01 = 0.2667  
2025-02-26 22:26:22.026  val_finetune_dtvu_steps_3/acc@05 = 0.6167  
2025-02-26 22:26:22.026  val_finetune_dtvu_steps_3/acc@10 = 0.7083  
2025-02-26 22:26:22.026  val_finetune_dtvu_steps_3/acc@20 = 0.7583  
2025-02-26 22:26:22.026  
  
2025-02-26 22:26:22.511  
  
2025-02-26 22:26:22.512  [TRN] epoch_19  
2025-02-26 22:26:22.512  =============================================  
2025-02-26 22:26:22.512  trn/loss = 2.9265  
2025-02-26 22:26:22.512  trn/acc@01 = 0.2824  
2025-02-26 22:26:22.512  trn/acc@05 = 0.6637  
2025-02-26 22:26:22.513  trn/acc@10 = 0.7608  
2025-02-26 22:26:22.513  trn/acc@20 = 0.8520  
2025-02-26 22:26:22.513  
  
2025-02-26 22:26:22.562  
  
2025-02-26 22:26:22.562  [VAL_FINETUNE_DTVU_STEPS_1] epoch_19  
2025-02-26 22:26:22.562  =============================================  
2025-02-26 22:26:22.562  val_finetune_dtvu_steps_1/loss = 3.1851  
2025-02-26 22:26:22.562  val_finetune_dtvu_steps_1/acc@01 = 0.3500  
2025-02-26 22:26:22.562  val_finetune_dtvu_steps_1/acc@05 = 0.6750  
2025-02-26 22:26:22.562  val_finetune_dtvu_steps_1/acc@10 = 0.7750  
2025-02-26 22:26:22.562  val_finetune_dtvu_steps_1/acc@20 = 0.8000  
2025-02-26 22:26:22.562  
  
2025-02-26 22:26:22.612  
  
2025-02-26 22:26:22.612  [VAL_FINETUNE_DTVU_STEPS_3] epoch_19  
2025-02-26 22:26:22.612  =============================================  
2025-02-26 22:26:22.612  val_finetune_dtvu_steps_3/loss = 3.3183  
2025-02-26 22:26:22.612  val_finetune_dtvu_steps_3/acc@01 = 0.3000  
2025-02-26 22:26:22.612  val_finetune_dtvu_steps_3/acc@05 = 0.6250  
2025-02-26 22:26:22.612  val_finetune_dtvu_steps_3/acc@10 = 0.7167  
2025-02-26 22:26:22.612  val_finetune_dtvu_steps_3/acc@20 = 0.7583  
2025-02-26 22:26:22.612  
  
2025-02-26 22:26:23.102  
  
2025-02-26 22:26:23.102  [TRN] epoch_20  
2025-02-26 22:26:23.102  =============================================  
2025-02-26 22:26:23.102  trn/loss = 2.8412  
2025-02-26 22:26:23.102  trn/acc@01 = 0.2951  
2025-02-26 22:26:23.102  trn/acc@05 = 0.6583  
2025-02-26 22:26:23.102  trn/acc@10 = 0.7612  
2025-02-26 22:26:23.102  trn/acc@20 = 0.8553  
2025-02-26 22:26:23.102  
  
2025-02-26 22:26:23.158  
  
2025-02-26 22:26:23.158  [VAL_FINETUNE_DTVU_STEPS_1] epoch_20  
2025-02-26 22:26:23.158  =============================================  
2025-02-26 22:26:23.158  val_finetune_dtvu_steps_1/loss = 3.1827  
2025-02-26 22:26:23.158  val_finetune_dtvu_steps_1/acc@01 = 0.2500  
2025-02-26 22:26:23.158  val_finetune_dtvu_steps_1/acc@05 = 0.6500  
2025-02-26 22:26:23.161  val_finetune_dtvu_steps_1/acc@10 = 0.8000  
2025-02-26 22:26:23.161  val_finetune_dtvu_steps_1/acc@20 = 0.8000  
2025-02-26 22:26:23.161  
  
2025-02-26 22:26:23.212  
  
2025-02-26 22:26:23.212  [VAL_FINETUNE_DTVU_STEPS_3] epoch_20  
2025-02-26 22:26:23.212  =============================================  
2025-02-26 22:26:23.212  val_finetune_dtvu_steps_3/loss = 3.3470  
2025-02-26 22:26:23.212  val_finetune_dtvu_steps_3/acc@01 = 0.3000  
2025-02-26 22:26:23.212  val_finetune_dtvu_steps_3/acc@05 = 0.6250  
2025-02-26 22:26:23.212  val_finetune_dtvu_steps_3/acc@10 = 0.7250  
2025-02-26 22:26:23.212  val_finetune_dtvu_steps_3/acc@20 = 0.7667  
2025-02-26 22:26:23.212  
  
2025-02-26 22:26:23.710  
  
2025-02-26 22:26:23.710  [TRN] epoch_21  
2025-02-26 22:26:23.710  =============================================  
2025-02-26 22:26:23.711  trn/loss = 2.8821  
2025-02-26 22:26:23.711  trn/acc@01 = 0.2927  
2025-02-26 22:26:23.711  trn/acc@05 = 0.6661  
2025-02-26 22:26:23.711  trn/acc@10 = 0.7651  
2025-02-26 22:26:23.711  trn/acc@20 = 0.8541  
2025-02-26 22:26:23.711  
  
2025-02-26 22:26:23.762  
  
2025-02-26 22:26:23.762  [VAL_FINETUNE_DTVU_STEPS_1] epoch_21  
2025-02-26 22:26:23.762  =============================================  
2025-02-26 22:26:23.762  val_finetune_dtvu_steps_1/loss = 3.0935  
2025-02-26 22:26:23.762  val_finetune_dtvu_steps_1/acc@01 = 0.3000  
2025-02-26 22:26:23.762  val_finetune_dtvu_steps_1/acc@05 = 0.7000  
2025-02-26 22:26:23.762  val_finetune_dtvu_steps_1/acc@10 = 0.8000  
2025-02-26 22:26:23.762  val_finetune_dtvu_steps_1/acc@20 = 0.8000  
2025-02-26 22:26:23.762  
  
2025-02-26 22:26:23.833  
  
2025-02-26 22:26:23.833  [VAL_FINETUNE_DTVU_STEPS_3] epoch_21  
2025-02-26 22:26:23.833  =============================================  
2025-02-26 22:26:23.833  val_finetune_dtvu_steps_3/loss = 3.3420  
2025-02-26 22:26:23.833  val_finetune_dtvu_steps_3/acc@01 = 0.2500  
2025-02-26 22:26:23.833  val_finetune_dtvu_steps_3/acc@05 = 0.6333  
2025-02-26 22:26:23.834  val_finetune_dtvu_steps_3/acc@10 = 0.7250  
2025-02-26 22:26:23.834  val_finetune_dtvu_steps_3/acc@20 = 0.7667  
2025-02-26 22:26:23.834  
  
2025-02-26 22:26:24.305  
  
2025-02-26 22:26:24.310  [TRN] epoch_22  
2025-02-26 22:26:24.310  =============================================  
2025-02-26 22:26:24.311  trn/loss = 3.0067  
2025-02-26 22:26:24.311  trn/acc@01 = 0.2959  
2025-02-26 22:26:24.311  trn/acc@05 = 0.6316  
2025-02-26 22:26:24.311  trn/acc@10 = 0.7357  
2025-02-26 22:26:24.311  trn/acc@20 = 0.8255  
2025-02-26 22:26:24.311  
  
2025-02-26 22:26:24.362  
  
2025-02-26 22:26:24.362  [VAL_FINETUNE_DTVU_STEPS_1] epoch_22  
2025-02-26 22:26:24.362  =============================================  
2025-02-26 22:26:24.362  val_finetune_dtvu_steps_1/loss = 3.1795  
2025-02-26 22:26:24.362  val_finetune_dtvu_steps_1/acc@01 = 0.3250  
2025-02-26 22:26:24.362  val_finetune_dtvu_steps_1/acc@05 = 0.6500  
2025-02-26 22:26:24.362  val_finetune_dtvu_steps_1/acc@10 = 0.7750  
2025-02-26 22:26:24.362  val_finetune_dtvu_steps_1/acc@20 = 0.8000  
2025-02-26 22:26:24.362  
  
2025-02-26 22:26:24.421  
  
2025-02-26 22:26:24.421  [VAL_FINETUNE_DTVU_STEPS_3] epoch_22  
2025-02-26 22:26:24.421  =============================================  
2025-02-26 22:26:24.421  val_finetune_dtvu_steps_3/loss = 3.3047  
2025-02-26 22:26:24.421  val_finetune_dtvu_steps_3/acc@01 = 0.2750  
2025-02-26 22:26:24.421  val_finetune_dtvu_steps_3/acc@05 = 0.6167  
2025-02-26 22:26:24.421  val_finetune_dtvu_steps_3/acc@10 = 0.7000  
2025-02-26 22:26:24.421  val_finetune_dtvu_steps_3/acc@20 = 0.7750  
2025-02-26 22:26:24.421  
  
2025-02-26 22:26:24.887  
  
2025-02-26 22:26:24.887  [TRN] epoch_23  
2025-02-26 22:26:24.888  =============================================  
2025-02-26 22:26:24.888  trn/loss = 2.9381  
2025-02-26 22:26:24.888  trn/acc@01 = 0.2911  
2025-02-26 22:26:24.888  trn/acc@05 = 0.6333  
2025-02-26 22:26:24.888  trn/acc@10 = 0.7289  
2025-02-26 22:26:24.888  trn/acc@20 = 0.8433  
2025-02-26 22:26:24.888  
  
2025-02-26 22:26:24.943  
  
2025-02-26 22:26:24.943  [VAL_FINETUNE_DTVU_STEPS_1] epoch_23  
2025-02-26 22:26:24.943  =============================================  
2025-02-26 22:26:24.943  val_finetune_dtvu_steps_1/loss = 3.2483  
2025-02-26 22:26:24.943  val_finetune_dtvu_steps_1/acc@01 = 0.3000  
2025-02-26 22:26:24.943  val_finetune_dtvu_steps_1/acc@05 = 0.6500  
2025-02-26 22:26:24.943  val_finetune_dtvu_steps_1/acc@10 = 0.7250  
2025-02-26 22:26:24.943  val_finetune_dtvu_steps_1/acc@20 = 0.8000  
2025-02-26 22:26:24.943  
  
2025-02-26 22:26:24.997  
  
2025-02-26 22:26:24.997  [VAL_FINETUNE_DTVU_STEPS_3] epoch_23  
2025-02-26 22:26:24.997  =============================================  
2025-02-26 22:26:24.997  val_finetune_dtvu_steps_3/loss = 3.4123  
2025-02-26 22:26:24.997  val_finetune_dtvu_steps_3/acc@01 = 0.3083  
2025-02-26 22:26:24.997  val_finetune_dtvu_steps_3/acc@05 = 0.6000  
2025-02-26 22:26:24.997  val_finetune_dtvu_steps_3/acc@10 = 0.6750  
2025-02-26 22:26:24.997  val_finetune_dtvu_steps_3/acc@20 = 0.7583  
2025-02-26 22:26:24.997  
  
2025-02-26 22:26:25.463  
  
2025-02-26 22:26:25.463  [TRN] epoch_24  
2025-02-26 22:26:25.463  =============================================  
2025-02-26 22:26:25.463  trn/loss = 2.9037  
2025-02-26 22:26:25.463  trn/acc@01 = 0.3258  
2025-02-26 22:26:25.463  trn/acc@05 = 0.6351  
2025-02-26 22:26:25.463  trn/acc@10 = 0.7464  
2025-02-26 22:26:25.463  trn/acc@20 = 0.8567  
2025-02-26 22:26:25.463  
  
2025-02-26 22:26:25.523  
  
2025-02-26 22:26:25.523  [VAL_FINETUNE_DTVU_STEPS_1] epoch_24  
2025-02-26 22:26:25.523  =============================================  
2025-02-26 22:26:25.523  val_finetune_dtvu_steps_1/loss = 3.1559  
2025-02-26 22:26:25.523  val_finetune_dtvu_steps_1/acc@01 = 0.3000  
2025-02-26 22:26:25.523  val_finetune_dtvu_steps_1/acc@05 = 0.6000  
2025-02-26 22:26:25.523  val_finetune_dtvu_steps_1/acc@10 = 0.7750  
2025-02-26 22:26:25.523  val_finetune_dtvu_steps_1/acc@20 = 0.8250  
2025-02-26 22:26:25.523  
  
2025-02-26 22:26:25.576  
  
2025-02-26 22:26:25.576  [VAL_FINETUNE_DTVU_STEPS_3] epoch_24  
2025-02-26 22:26:25.576  =============================================  
2025-02-26 22:26:25.576  val_finetune_dtvu_steps_3/loss = 3.3051  
2025-02-26 22:26:25.576  val_finetune_dtvu_steps_3/acc@01 = 0.2917  
2025-02-26 22:26:25.576  val_finetune_dtvu_steps_3/acc@05 = 0.6000  
2025-02-26 22:26:25.576  val_finetune_dtvu_steps_3/acc@10 = 0.7000  
2025-02-26 22:26:25.576  val_finetune_dtvu_steps_3/acc@20 = 0.7750  
2025-02-26 22:26:25.576  
  
2025-02-26 22:26:26.042  
  
2025-02-26 22:26:26.042  [TRN] epoch_25  
2025-02-26 22:26:26.042  =============================================  
2025-02-26 22:26:26.042  trn/loss = 2.8528  
2025-02-26 22:26:26.042  trn/acc@01 = 0.3075  
2025-02-26 22:26:26.042  trn/acc@05 = 0.6607  
2025-02-26 22:26:26.042  trn/acc@10 = 0.7701  
2025-02-26 22:26:26.042  trn/acc@20 = 0.8607  
2025-02-26 22:26:26.042  
  
2025-02-26 22:26:26.099  
  
2025-02-26 22:26:26.099  [VAL_FINETUNE_DTVU_STEPS_1] epoch_25  
2025-02-26 22:26:26.099  =============================================  
2025-02-26 22:26:26.099  val_finetune_dtvu_steps_1/loss = 3.1950  
2025-02-26 22:26:26.099  val_finetune_dtvu_steps_1/acc@01 = 0.3000  
2025-02-26 22:26:26.099  val_finetune_dtvu_steps_1/acc@05 = 0.6500  
2025-02-26 22:26:26.099  val_finetune_dtvu_steps_1/acc@10 = 0.7750  
2025-02-26 22:26:26.099  val_finetune_dtvu_steps_1/acc@20 = 0.7750  
2025-02-26 22:26:26.099  
  
2025-02-26 22:26:26.152  
  
2025-02-26 22:26:26.152  [VAL_FINETUNE_DTVU_STEPS_3] epoch_25  
2025-02-26 22:26:26.152  =============================================  
2025-02-26 22:26:26.152  val_finetune_dtvu_steps_3/loss = 3.3515  
2025-02-26 22:26:26.152  val_finetune_dtvu_steps_3/acc@01 = 0.3000  
2025-02-26 22:26:26.152  val_finetune_dtvu_steps_3/acc@05 = 0.6000  
2025-02-26 22:26:26.152  val_finetune_dtvu_steps_3/acc@10 = 0.7000  
2025-02-26 22:26:26.152  val_finetune_dtvu_steps_3/acc@20 = 0.7583  
2025-02-26 22:26:26.152  
  
2025-02-26 22:26:26.628  
  
2025-02-26 22:26:26.628  [TRN] epoch_26  
2025-02-26 22:26:26.628  =============================================  
2025-02-26 22:26:26.628  trn/loss = 2.7245  
2025-02-26 22:26:26.628  trn/acc@01 = 0.3681  
2025-02-26 22:26:26.628  trn/acc@05 = 0.6725  
2025-02-26 22:26:26.628  trn/acc@10 = 0.7890  
2025-02-26 22:26:26.628  trn/acc@20 = 0.8659  
2025-02-26 22:26:26.628  
  
2025-02-26 22:26:26.693  
  
2025-02-26 22:26:26.693  [VAL_FINETUNE_DTVU_STEPS_1] epoch_26  
2025-02-26 22:26:26.693  =============================================  
2025-02-26 22:26:26.693  val_finetune_dtvu_steps_1/loss = 3.2802  
2025-02-26 22:26:26.693  val_finetune_dtvu_steps_1/acc@01 = 0.2750  
2025-02-26 22:26:26.693  val_finetune_dtvu_steps_1/acc@05 = 0.6500  
2025-02-26 22:26:26.693  val_finetune_dtvu_steps_1/acc@10 = 0.7500  
2025-02-26 22:26:26.693  val_finetune_dtvu_steps_1/acc@20 = 0.8000  
2025-02-26 22:26:26.693  
  
2025-02-26 22:26:26.751  
  
2025-02-26 22:26:26.751  [VAL_FINETUNE_DTVU_STEPS_3] epoch_26  
2025-02-26 22:26:26.751  =============================================  
2025-02-26 22:26:26.751  val_finetune_dtvu_steps_3/loss = 3.3823  
2025-02-26 22:26:26.751  val_finetune_dtvu_steps_3/acc@01 = 0.2833  
2025-02-26 22:26:26.751  val_finetune_dtvu_steps_3/acc@05 = 0.6000  
2025-02-26 22:26:26.751  val_finetune_dtvu_steps_3/acc@10 = 0.7000  
2025-02-26 22:26:26.751  val_finetune_dtvu_steps_3/acc@20 = 0.7583  
2025-02-26 22:26:26.751  
  
2025-02-26 22:26:27.222  
  
2025-02-26 22:26:27.222  [TRN] epoch_27  
2025-02-26 22:26:27.222  =============================================  
2025-02-26 22:26:27.222  trn/loss = 2.8668  
2025-02-26 22:26:27.222  trn/acc@01 = 0.2950  
2025-02-26 22:26:27.222  trn/acc@05 = 0.6713  
2025-02-26 22:26:27.222  trn/acc@10 = 0.7733  
2025-02-26 22:26:27.222  trn/acc@20 = 0.8604  
2025-02-26 22:26:27.222  
  
2025-02-26 22:26:27.272  
  
2025-02-26 22:26:27.272  [VAL_FINETUNE_DTVU_STEPS_1] epoch_27  
2025-02-26 22:26:27.272  =============================================  
2025-02-26 22:26:27.273  val_finetune_dtvu_steps_1/loss = 3.2460  
2025-02-26 22:26:27.273  val_finetune_dtvu_steps_1/acc@01 = 0.3000  
2025-02-26 22:26:27.273  val_finetune_dtvu_steps_1/acc@05 = 0.7000  
2025-02-26 22:26:27.273  val_finetune_dtvu_steps_1/acc@10 = 0.7250  
2025-02-26 22:26:27.273  val_finetune_dtvu_steps_1/acc@20 = 0.7750  
2025-02-26 22:26:27.273  
  
2025-02-26 22:26:27.333  
  
2025-02-26 22:26:27.333  [VAL_FINETUNE_DTVU_STEPS_3] epoch_27  
2025-02-26 22:26:27.333  =============================================  
2025-02-26 22:26:27.333  val_finetune_dtvu_steps_3/loss = 3.3272  
2025-02-26 22:26:27.333  val_finetune_dtvu_steps_3/acc@01 = 0.3000  
2025-02-26 22:26:27.333  val_finetune_dtvu_steps_3/acc@05 = 0.6333  
2025-02-26 22:26:27.333  val_finetune_dtvu_steps_3/acc@10 = 0.7083  
2025-02-26 22:26:27.333  val_finetune_dtvu_steps_3/acc@20 = 0.7417  
2025-02-26 22:26:27.333  
  
2025-02-26 22:26:27.792  
  
2025-02-26 22:26:27.792  [TRN] epoch_28  
2025-02-26 22:26:27.792  =============================================  
2025-02-26 22:26:27.792  trn/loss = 2.8628  
2025-02-26 22:26:27.792  trn/acc@01 = 0.3248  
2025-02-26 22:26:27.792  trn/acc@05 = 0.6505  
2025-02-26 22:26:27.792  trn/acc@10 = 0.7584  
2025-02-26 22:26:27.792  trn/acc@20 = 0.8485  
2025-02-26 22:26:27.792  
  
2025-02-26 22:26:27.843  
  
2025-02-26 22:26:27.843  [VAL_FINETUNE_DTVU_STEPS_1] epoch_28  
2025-02-26 22:26:27.843  =============================================  
2025-02-26 22:26:27.843  val_finetune_dtvu_steps_1/loss = 3.2030  
2025-02-26 22:26:27.843  val_finetune_dtvu_steps_1/acc@01 = 0.3000  
2025-02-26 22:26:27.843  val_finetune_dtvu_steps_1/acc@05 = 0.6250  
2025-02-26 22:26:27.843  val_finetune_dtvu_steps_1/acc@10 = 0.7750  
2025-02-26 22:26:27.843  val_finetune_dtvu_steps_1/acc@20 = 0.8250  
2025-02-26 22:26:27.843  
  
2025-02-26 22:26:27.898  
  
2025-02-26 22:26:27.898  [VAL_FINETUNE_DTVU_STEPS_3] epoch_28  
2025-02-26 22:26:27.898  =============================================  
2025-02-26 22:26:27.898  val_finetune_dtvu_steps_3/loss = 3.3520  
2025-02-26 22:26:27.898  val_finetune_dtvu_steps_3/acc@01 = 0.2917  
2025-02-26 22:26:27.898  val_finetune_dtvu_steps_3/acc@05 = 0.5917  
2025-02-26 22:26:27.898  val_finetune_dtvu_steps_3/acc@10 = 0.7167  
2025-02-26 22:26:27.898  val_finetune_dtvu_steps_3/acc@20 = 0.7667  
2025-02-26 22:26:27.898  
  
2025-02-26 22:26:28.361  
  
2025-02-26 22:26:28.362  [TRN] epoch_29  
2025-02-26 22:26:28.362  =============================================  
2025-02-26 22:26:28.362  trn/loss = 2.7727  
2025-02-26 22:26:28.362  trn/acc@01 = 0.3058  
2025-02-26 22:26:28.362  trn/acc@05 = 0.6538  
2025-02-26 22:26:28.362  trn/acc@10 = 0.7635  
2025-02-26 22:26:28.362  trn/acc@20 = 0.8567  
2025-02-26 22:26:28.362  
  
2025-02-26 22:26:28.414  
  
2025-02-26 22:26:28.414  [VAL_FINETUNE_DTVU_STEPS_1] epoch_29  
2025-02-26 22:26:28.414  =============================================  
2025-02-26 22:26:28.414  val_finetune_dtvu_steps_1/loss = 3.2075  
2025-02-26 22:26:28.414  val_finetune_dtvu_steps_1/acc@01 = 0.3000  
2025-02-26 22:26:28.414  val_finetune_dtvu_steps_1/acc@05 = 0.6250  
2025-02-26 22:26:28.414  val_finetune_dtvu_steps_1/acc@10 = 0.7250  
2025-02-26 22:26:28.414  val_finetune_dtvu_steps_1/acc@20 = 0.8000  
2025-02-26 22:26:28.414  
  
2025-02-26 22:26:28.475  
  
2025-02-26 22:26:28.475  [VAL_FINETUNE_DTVU_STEPS_3] epoch_29  
2025-02-26 22:26:28.475  =============================================  
2025-02-26 22:26:28.475  val_finetune_dtvu_steps_3/loss = 3.3390  
2025-02-26 22:26:28.475  val_finetune_dtvu_steps_3/acc@01 = 0.2833  
2025-02-26 22:26:28.475  val_finetune_dtvu_steps_3/acc@05 = 0.6167  
2025-02-26 22:26:28.475  val_finetune_dtvu_steps_3/acc@10 = 0.6750  
2025-02-26 22:26:28.475  val_finetune_dtvu_steps_3/acc@20 = 0.7583  
2025-02-26 22:26:28.475  
  
2025-02-26 22:26:28.942  
  
2025-02-26 22:26:28.942  [TRN] epoch_30  
2025-02-26 22:26:28.942  =============================================  
2025-02-26 22:26:28.942  trn/loss = 2.8587  
2025-02-26 22:26:28.947  trn/acc@01 = 0.3127  
2025-02-26 22:26:28.947  trn/acc@05 = 0.6353  
2025-02-26 22:26:28.947  trn/acc@10 = 0.7578  
2025-02-26 22:26:28.947  trn/acc@20 = 0.8539  
2025-02-26 22:26:28.947  
  
2025-02-26 22:26:28.995  
  
2025-02-26 22:26:28.995  [VAL_FINETUNE_DTVU_STEPS_1] epoch_30  
2025-02-26 22:26:28.995  =============================================  
2025-02-26 22:26:28.995  val_finetune_dtvu_steps_1/loss = 3.1541  
2025-02-26 22:26:28.995  val_finetune_dtvu_steps_1/acc@01 = 0.3000  
2025-02-26 22:26:28.995  val_finetune_dtvu_steps_1/acc@05 = 0.6750  
2025-02-26 22:26:28.995  val_finetune_dtvu_steps_1/acc@10 = 0.7500  
2025-02-26 22:26:28.995  val_finetune_dtvu_steps_1/acc@20 = 0.8250  
2025-02-26 22:26:28.995  
  
2025-02-26 22:26:29.052  
  
2025-02-26 22:26:29.052  [VAL_FINETUNE_DTVU_STEPS_3] epoch_30  
2025-02-26 22:26:29.052  =============================================  
2025-02-26 22:26:29.052  val_finetune_dtvu_steps_3/loss = 3.1775  
2025-02-26 22:26:29.052  val_finetune_dtvu_steps_3/acc@01 = 0.3083  
2025-02-26 22:26:29.052  val_finetune_dtvu_steps_3/acc@05 = 0.6333  
2025-02-26 22:26:29.052  val_finetune_dtvu_steps_3/acc@10 = 0.7000  
2025-02-26 22:26:29.052  val_finetune_dtvu_steps_3/acc@20 = 0.8000  
2025-02-26 22:26:29.052  
  
2025-02-26 22:26:29.562  
  
2025-02-26 22:26:29.562  [TRN] epoch_31  
2025-02-26 22:26:29.562  =============================================  
2025-02-26 22:26:29.562  trn/loss = 2.7631  
2025-02-26 22:26:29.562  trn/acc@01 = 0.3390  
2025-02-26 22:26:29.562  trn/acc@05 = 0.6520  
2025-02-26 22:26:29.562  trn/acc@10 = 0.7650  
2025-02-26 22:26:29.562  trn/acc@20 = 0.8650  
2025-02-26 22:26:29.562  
  
2025-02-26 22:26:29.626  
  
2025-02-26 22:26:29.626  [VAL_FINETUNE_DTVU_STEPS_1] epoch_31  
2025-02-26 22:26:29.626  =============================================  
2025-02-26 22:26:29.626  val_finetune_dtvu_steps_1/loss = 3.0742  
2025-02-26 22:26:29.626  val_finetune_dtvu_steps_1/acc@01 = 0.3000  
2025-02-26 22:26:29.626  val_finetune_dtvu_steps_1/acc@05 = 0.6250  
2025-02-26 22:26:29.626  val_finetune_dtvu_steps_1/acc@10 = 0.7500  
2025-02-26 22:26:29.626  val_finetune_dtvu_steps_1/acc@20 = 0.8250  
2025-02-26 22:26:29.626  
  
2025-02-26 22:26:29.689  
  
2025-02-26 22:26:29.689  [VAL_FINETUNE_DTVU_STEPS_3] epoch_31  
2025-02-26 22:26:29.689  =============================================  
2025-02-26 22:26:29.689  val_finetune_dtvu_steps_3/loss = 3.2723  
2025-02-26 22:26:29.689  val_finetune_dtvu_steps_3/acc@01 = 0.2917  
2025-02-26 22:26:29.689  val_finetune_dtvu_steps_3/acc@05 = 0.6167  
2025-02-26 22:26:29.689  val_finetune_dtvu_steps_3/acc@10 = 0.7000  
2025-02-26 22:26:29.689  val_finetune_dtvu_steps_3/acc@20 = 0.7833  
2025-02-26 22:26:29.689  
  
2025-02-26 22:26:30.213  
  
2025-02-26 22:26:30.213  [TRN] epoch_32  
2025-02-26 22:26:30.213  =============================================  
2025-02-26 22:26:30.213  trn/loss = 2.9122  
2025-02-26 22:26:30.213  trn/acc@01 = 0.2660  
2025-02-26 22:26:30.213  trn/acc@05 = 0.6379  
2025-02-26 22:26:30.213  trn/acc@10 = 0.7417  
2025-02-26 22:26:30.213  trn/acc@20 = 0.8583  
2025-02-26 22:26:30.213  
  
2025-02-26 22:26:30.263  
  
2025-02-26 22:26:30.268  [VAL_FINETUNE_DTVU_STEPS_1] epoch_32  
2025-02-26 22:26:30.268  =============================================  
2025-02-26 22:26:30.268  val_finetune_dtvu_steps_1/loss = 3.1580  
2025-02-26 22:26:30.268  val_finetune_dtvu_steps_1/acc@01 = 0.3000  
2025-02-26 22:26:30.268  val_finetune_dtvu_steps_1/acc@05 = 0.6000  
2025-02-26 22:26:30.268  val_finetune_dtvu_steps_1/acc@10 = 0.7250  
2025-02-26 22:26:30.268  val_finetune_dtvu_steps_1/acc@20 = 0.8250  
2025-02-26 22:26:30.268  
  
2025-02-26 22:26:30.321  
  
2025-02-26 22:26:30.321  [VAL_FINETUNE_DTVU_STEPS_3] epoch_32  
2025-02-26 22:26:30.321  =============================================  
2025-02-26 22:26:30.321  val_finetune_dtvu_steps_3/loss = 3.2299  
2025-02-26 22:26:30.321  val_finetune_dtvu_steps_3/acc@01 = 0.2917  
2025-02-26 22:26:30.321  val_finetune_dtvu_steps_3/acc@05 = 0.5917  
2025-02-26 22:26:30.321  val_finetune_dtvu_steps_3/acc@10 = 0.6750  
2025-02-26 22:26:30.321  val_finetune_dtvu_steps_3/acc@20 = 0.7667  
2025-02-26 22:26:30.321  
  
2025-02-26 22:26:30.782  
  
2025-02-26 22:26:30.782  [TRN] epoch_33  
2025-02-26 22:26:30.782  =============================================  
2025-02-26 22:26:30.782  trn/loss = 2.7631  
2025-02-26 22:26:30.782  trn/acc@01 = 0.3255  
2025-02-26 22:26:30.782  trn/acc@05 = 0.6539  
2025-02-26 22:26:30.782  trn/acc@10 = 0.7775  
2025-02-26 22:26:30.782  trn/acc@20 = 0.8637  
2025-02-26 22:26:30.782  
  
2025-02-26 22:26:30.833  
  
2025-02-26 22:26:30.833  [VAL_FINETUNE_DTVU_STEPS_1] epoch_33  
2025-02-26 22:26:30.833  =============================================  
2025-02-26 22:26:30.833  val_finetune_dtvu_steps_1/loss = 3.1917  
2025-02-26 22:26:30.833  val_finetune_dtvu_steps_1/acc@01 = 0.3000  
2025-02-26 22:26:30.833  val_finetune_dtvu_steps_1/acc@05 = 0.5500  
2025-02-26 22:26:30.833  val_finetune_dtvu_steps_1/acc@10 = 0.7250  
2025-02-26 22:26:30.833  val_finetune_dtvu_steps_1/acc@20 = 0.8000  
2025-02-26 22:26:30.833  
  
2025-02-26 22:26:30.886  
  
2025-02-26 22:26:30.886  [VAL_FINETUNE_DTVU_STEPS_3] epoch_33  
2025-02-26 22:26:30.886  =============================================  
2025-02-26 22:26:30.886  val_finetune_dtvu_steps_3/loss = 3.2563  
2025-02-26 22:26:30.886  val_finetune_dtvu_steps_3/acc@01 = 0.2917  
2025-02-26 22:26:30.886  val_finetune_dtvu_steps_3/acc@05 = 0.5833  
2025-02-26 22:26:30.886  val_finetune_dtvu_steps_3/acc@10 = 0.6750  
2025-02-26 22:26:30.886  val_finetune_dtvu_steps_3/acc@20 = 0.7583  
2025-02-26 22:26:30.886  
  
2025-02-26 22:26:31.348  
  
2025-02-26 22:26:31.348  [TRN] epoch_34  
2025-02-26 22:26:31.348  =============================================  
2025-02-26 22:26:31.348  trn/loss = 2.7693  
2025-02-26 22:26:31.348  trn/acc@01 = 0.3139  
2025-02-26 22:26:31.351  trn/acc@05 = 0.6604  
2025-02-26 22:26:31.351  trn/acc@10 = 0.7683  
2025-02-26 22:26:31.351  trn/acc@20 = 0.8594  
2025-02-26 22:26:31.351  
  
2025-02-26 22:26:31.402  
  
2025-02-26 22:26:31.402  [VAL_FINETUNE_DTVU_STEPS_1] epoch_34  
2025-02-26 22:26:31.402  =============================================  
2025-02-26 22:26:31.402  val_finetune_dtvu_steps_1/loss = 3.0454  
2025-02-26 22:26:31.402  val_finetune_dtvu_steps_1/acc@01 = 0.3000  
2025-02-26 22:26:31.402  val_finetune_dtvu_steps_1/acc@05 = 0.6250  
2025-02-26 22:26:31.402  val_finetune_dtvu_steps_1/acc@10 = 0.7500  
2025-02-26 22:26:31.402  val_finetune_dtvu_steps_1/acc@20 = 0.7750  
2025-02-26 22:26:31.402  
  
2025-02-26 22:26:31.462  
  
2025-02-26 22:26:31.462  [VAL_FINETUNE_DTVU_STEPS_3] epoch_34  
2025-02-26 22:26:31.462  =============================================  
2025-02-26 22:26:31.462  val_finetune_dtvu_steps_3/loss = 3.2483  
2025-02-26 22:26:31.462  val_finetune_dtvu_steps_3/acc@01 = 0.3000  
2025-02-26 22:26:31.462  val_finetune_dtvu_steps_3/acc@05 = 0.6250  
2025-02-26 22:26:31.462  val_finetune_dtvu_steps_3/acc@10 = 0.6917  
2025-02-26 22:26:31.462  val_finetune_dtvu_steps_3/acc@20 = 0.7333  
2025-02-26 22:26:31.462  
  
2025-02-26 22:26:31.915  
  
2025-02-26 22:26:31.915  [TRN] epoch_35  
2025-02-26 22:26:31.915  =============================================  
2025-02-26 22:26:31.915  trn/loss = 2.6500  
2025-02-26 22:26:31.915  trn/acc@01 = 0.3162  
2025-02-26 22:26:31.915  trn/acc@05 = 0.6556  
2025-02-26 22:26:31.915  trn/acc@10 = 0.7808  
2025-02-26 22:26:31.915  trn/acc@20 = 0.8808  
2025-02-26 22:26:31.915  
  
2025-02-26 22:26:31.972  
  
2025-02-26 22:26:31.972  [VAL_FINETUNE_DTVU_STEPS_1] epoch_35  
2025-02-26 22:26:31.972  =============================================  
2025-02-26 22:26:31.972  val_finetune_dtvu_steps_1/loss = 3.0147  
2025-02-26 22:26:31.972  val_finetune_dtvu_steps_1/acc@01 = 0.3250  
2025-02-26 22:26:31.972  val_finetune_dtvu_steps_1/acc@05 = 0.6750  
2025-02-26 22:26:31.972  val_finetune_dtvu_steps_1/acc@10 = 0.7750  
2025-02-26 22:26:31.972  val_finetune_dtvu_steps_1/acc@20 = 0.8000  
2025-02-26 22:26:31.972  
  
2025-02-26 22:26:32.023  
  
2025-02-26 22:26:32.023  [VAL_FINETUNE_DTVU_STEPS_3] epoch_35  
2025-02-26 22:26:32.023  =============================================  
2025-02-26 22:26:32.023  val_finetune_dtvu_steps_3/loss = 3.1090  
2025-02-26 22:26:32.023  val_finetune_dtvu_steps_3/acc@01 = 0.3167  
2025-02-26 22:26:32.023  val_finetune_dtvu_steps_3/acc@05 = 0.6333  
2025-02-26 22:26:32.023  val_finetune_dtvu_steps_3/acc@10 = 0.7167  
2025-02-26 22:26:32.023  val_finetune_dtvu_steps_3/acc@20 = 0.7917  
2025-02-26 22:26:32.023  
  
2025-02-26 22:26:32.482  
  
2025-02-26 22:26:32.482  [TRN] epoch_36  
2025-02-26 22:26:32.482  =============================================  
2025-02-26 22:26:32.482  trn/loss = 2.7313  
2025-02-26 22:26:32.482  trn/acc@01 = 0.3078  
2025-02-26 22:26:32.482  trn/acc@05 = 0.6686  
2025-02-26 22:26:32.482  trn/acc@10 = 0.7745  
2025-02-26 22:26:32.482  trn/acc@20 = 0.8647  
2025-02-26 22:26:32.482  
  
2025-02-26 22:26:32.532  
  
2025-02-26 22:26:32.532  [VAL_FINETUNE_DTVU_STEPS_1] epoch_36  
2025-02-26 22:26:32.532  =============================================  
2025-02-26 22:26:32.532  val_finetune_dtvu_steps_1/loss = 3.1787  
2025-02-26 22:26:32.532  val_finetune_dtvu_steps_1/acc@01 = 0.2750  
2025-02-26 22:26:32.532  val_finetune_dtvu_steps_1/acc@05 = 0.6500  
2025-02-26 22:26:32.532  val_finetune_dtvu_steps_1/acc@10 = 0.8000  
2025-02-26 22:26:32.532  val_finetune_dtvu_steps_1/acc@20 = 0.8250  
2025-02-26 22:26:32.532  
  
2025-02-26 22:26:32.582  
  
2025-02-26 22:26:32.582  [VAL_FINETUNE_DTVU_STEPS_3] epoch_36  
2025-02-26 22:26:32.582  =============================================  
2025-02-26 22:26:32.582  val_finetune_dtvu_steps_3/loss = 3.2285  
2025-02-26 22:26:32.582  val_finetune_dtvu_steps_3/acc@01 = 0.2750  
2025-02-26 22:26:32.582  val_finetune_dtvu_steps_3/acc@05 = 0.6250  
2025-02-26 22:26:32.582  val_finetune_dtvu_steps_3/acc@10 = 0.7667  
2025-02-26 22:26:32.582  val_finetune_dtvu_steps_3/acc@20 = 0.8083  
2025-02-26 22:26:32.582  
  
2025-02-26 22:26:33.042  
  
2025-02-26 22:26:33.042  [TRN] epoch_37  
2025-02-26 22:26:33.042  =============================================  
2025-02-26 22:26:33.042  trn/loss = 2.7559  
2025-02-26 22:26:33.042  trn/acc@01 = 0.3029  
2025-02-26 22:26:33.042  trn/acc@05 = 0.6573  
2025-02-26 22:26:33.042  trn/acc@10 = 0.7738  
2025-02-26 22:26:33.042  trn/acc@20 = 0.8738  
2025-02-26 22:26:33.042  
  
2025-02-26 22:26:33.093  
  
2025-02-26 22:26:33.093  [VAL_FINETUNE_DTVU_STEPS_1] epoch_37  
2025-02-26 22:26:33.093  =============================================  
2025-02-26 22:26:33.093  val_finetune_dtvu_steps_1/loss = 2.9950  
2025-02-26 22:26:33.093  val_finetune_dtvu_steps_1/acc@01 = 0.3250  
2025-02-26 22:26:33.093  val_finetune_dtvu_steps_1/acc@05 = 0.6250  
2025-02-26 22:26:33.093  val_finetune_dtvu_steps_1/acc@10 = 0.7500  
2025-02-26 22:26:33.093  val_finetune_dtvu_steps_1/acc@20 = 0.8500  
2025-02-26 22:26:33.093  
  
2025-02-26 22:26:33.152  
  
2025-02-26 22:26:33.152  [VAL_FINETUNE_DTVU_STEPS_3] epoch_37  
2025-02-26 22:26:33.152  =============================================  
2025-02-26 22:26:33.152  val_finetune_dtvu_steps_3/loss = 3.2187  
2025-02-26 22:26:33.152  val_finetune_dtvu_steps_3/acc@01 = 0.2667  
2025-02-26 22:26:33.152  val_finetune_dtvu_steps_3/acc@05 = 0.6333  
2025-02-26 22:26:33.152  val_finetune_dtvu_steps_3/acc@10 = 0.7333  
2025-02-26 22:26:33.152  val_finetune_dtvu_steps_3/acc@20 = 0.8083  
2025-02-26 22:26:33.152  
  
2025-02-26 22:26:33.622  
  
2025-02-26 22:26:33.622  [TRN] epoch_38  
2025-02-26 22:26:33.622  =============================================  
2025-02-26 22:26:33.622  trn/loss = 2.8727  
2025-02-26 22:26:33.622  trn/acc@01 = 0.2904  
2025-02-26 22:26:33.622  trn/acc@05 = 0.6652  
2025-02-26 22:26:33.622  trn/acc@10 = 0.7652  
2025-02-26 22:26:33.622  trn/acc@20 = 0.8574  
2025-02-26 22:26:33.622  
  
2025-02-26 22:26:33.673  
  
2025-02-26 22:26:33.673  [VAL_FINETUNE_DTVU_STEPS_1] epoch_38  
2025-02-26 22:26:33.673  =============================================  
2025-02-26 22:26:33.673  val_finetune_dtvu_steps_1/loss = 3.1435  
2025-02-26 22:26:33.673  val_finetune_dtvu_steps_1/acc@01 = 0.2750  
2025-02-26 22:26:33.673  val_finetune_dtvu_steps_1/acc@05 = 0.6000  
2025-02-26 22:26:33.673  val_finetune_dtvu_steps_1/acc@10 = 0.7250  
2025-02-26 22:26:33.673  val_finetune_dtvu_steps_1/acc@20 = 0.8000  
2025-02-26 22:26:33.673  
  
2025-02-26 22:26:33.728  
  
2025-02-26 22:26:33.728  [VAL_FINETUNE_DTVU_STEPS_3] epoch_38  
2025-02-26 22:26:33.728  =============================================  
2025-02-26 22:26:33.728  val_finetune_dtvu_steps_3/loss = 3.1597  
2025-02-26 22:26:33.731  val_finetune_dtvu_steps_3/acc@01 = 0.2750  
2025-02-26 22:26:33.731  val_finetune_dtvu_steps_3/acc@05 = 0.6417  
2025-02-26 22:26:33.731  val_finetune_dtvu_steps_3/acc@10 = 0.7167  
2025-02-26 22:26:33.731  val_finetune_dtvu_steps_3/acc@20 = 0.8000  
2025-02-26 22:26:33.731  
  
2025-02-26 22:26:34.197  
  
2025-02-26 22:26:34.197  [TRN] epoch_39  
2025-02-26 22:26:34.197  =============================================  
2025-02-26 22:26:34.197  trn/loss = 2.6095  
2025-02-26 22:26:34.197  trn/acc@01 = 0.3381  
2025-02-26 22:26:34.197  trn/acc@05 = 0.6905  
2025-02-26 22:26:34.197  trn/acc@10 = 0.7857  
2025-02-26 22:26:34.197  trn/acc@20 = 0.8829  
2025-02-26 22:26:34.197  
  
2025-02-26 22:26:34.244  
  
2025-02-26 22:26:34.244  [VAL_FINETUNE_DTVU_STEPS_1] epoch_39  
2025-02-26 22:26:34.244  =============================================  
2025-02-26 22:26:34.244  val_finetune_dtvu_steps_1/loss = 3.0452  
2025-02-26 22:26:34.244  val_finetune_dtvu_steps_1/acc@01 = 0.3500  
2025-02-26 22:26:34.244  val_finetune_dtvu_steps_1/acc@05 = 0.6000  
2025-02-26 22:26:34.244  val_finetune_dtvu_steps_1/acc@10 = 0.7500  
2025-02-26 22:26:34.244  val_finetune_dtvu_steps_1/acc@20 = 0.7750  
2025-02-26 22:26:34.244  
  
2025-02-26 22:26:34.302  
  
2025-02-26 22:26:34.302  [VAL_FINETUNE_DTVU_STEPS_3] epoch_39  
2025-02-26 22:26:34.302  =============================================  
2025-02-26 22:26:34.302  val_finetune_dtvu_steps_3/loss = 3.1393  
2025-02-26 22:26:34.302  val_finetune_dtvu_steps_3/acc@01 = 0.3000  
2025-02-26 22:26:34.302  val_finetune_dtvu_steps_3/acc@05 = 0.6083  
2025-02-26 22:26:34.302  val_finetune_dtvu_steps_3/acc@10 = 0.7167  
2025-02-26 22:26:34.302  val_finetune_dtvu_steps_3/acc@20 = 0.8083  
2025-02-26 22:26:34.302  
  
