2025-02-27 17:30:48.603  
  
2025-02-27 17:30:48.603  [TRN] epoch_00  
2025-02-27 17:30:48.604  =============================================  
2025-02-27 17:30:48.604  trn/loss = 5.7872  
2025-02-27 17:30:48.604  trn/acc@01 = 0.0824  
2025-02-27 17:30:48.604  trn/acc@05 = 0.1941  
2025-02-27 17:30:48.604  trn/acc@10 = 0.2412  
2025-02-27 17:30:48.604  trn/acc@20 = 0.2902  
2025-02-27 17:30:48.604  
  
2025-02-27 17:30:48.640  
  
2025-02-27 17:30:48.640  [VAL_FINETUNE_DTVU_STEPS_1] epoch_00  
2025-02-27 17:30:48.640  =============================================  
2025-02-27 17:30:48.640  val_finetune_dtvu_steps_1/loss = 4.6500  
2025-02-27 17:30:48.640  val_finetune_dtvu_steps_1/acc@01 = 0.2500  
2025-02-27 17:30:48.640  val_finetune_dtvu_steps_1/acc@05 = 0.4500  
2025-02-27 17:30:48.648  val_finetune_dtvu_steps_1/acc@10 = 0.6000  
2025-02-27 17:30:48.648  val_finetune_dtvu_steps_1/acc@20 = 0.6500  
2025-02-27 17:30:48.648  
  
2025-02-27 17:30:48.684  
  
2025-02-27 17:30:48.685  [VAL_FINETUNE_DTVU_STEPS_3] epoch_00  
2025-02-27 17:30:48.685  =============================================  
2025-02-27 17:30:48.685  val_finetune_dtvu_steps_3/loss = 4.8104  
2025-02-27 17:30:48.685  val_finetune_dtvu_steps_3/acc@01 = 0.2167  
2025-02-27 17:30:48.685  val_finetune_dtvu_steps_3/acc@05 = 0.4167  
2025-02-27 17:30:48.685  val_finetune_dtvu_steps_3/acc@10 = 0.5167  
2025-02-27 17:30:48.685  val_finetune_dtvu_steps_3/acc@20 = 0.5833  
2025-02-27 17:30:48.685  
  
2025-02-27 17:30:49.016  
  
2025-02-27 17:30:49.016  [TRN] epoch_01  
2025-02-27 17:30:49.017  =============================================  
2025-02-27 17:30:49.017  trn/loss = 4.9106  
2025-02-27 17:30:49.017  trn/acc@01 = 0.1513  
2025-02-27 17:30:49.017  trn/acc@05 = 0.3426  
2025-02-27 17:30:49.017  trn/acc@10 = 0.4539  
2025-02-27 17:30:49.017  trn/acc@20 = 0.5461  
2025-02-27 17:30:49.017  
  
2025-02-27 17:30:49.053  
  
2025-02-27 17:30:49.053  [VAL_FINETUNE_DTVU_STEPS_1] epoch_01  
2025-02-27 17:30:49.053  =============================================  
2025-02-27 17:30:49.054  val_finetune_dtvu_steps_1/loss = 3.9447  
2025-02-27 17:30:49.054  val_finetune_dtvu_steps_1/acc@01 = 0.3000  
2025-02-27 17:30:49.054  val_finetune_dtvu_steps_1/acc@05 = 0.5500  
2025-02-27 17:30:49.054  val_finetune_dtvu_steps_1/acc@10 = 0.7000  
2025-02-27 17:30:49.054  val_finetune_dtvu_steps_1/acc@20 = 0.7500  
2025-02-27 17:30:49.054  
  
2025-02-27 17:30:49.093  
  
2025-02-27 17:30:49.093  [VAL_FINETUNE_DTVU_STEPS_3] epoch_01  
2025-02-27 17:30:49.093  =============================================  
2025-02-27 17:30:49.093  val_finetune_dtvu_steps_3/loss = 4.0048  
2025-02-27 17:30:49.094  val_finetune_dtvu_steps_3/acc@01 = 0.2667  
2025-02-27 17:30:49.094  val_finetune_dtvu_steps_3/acc@05 = 0.5000  
2025-02-27 17:30:49.094  val_finetune_dtvu_steps_3/acc@10 = 0.7333  
2025-02-27 17:30:49.094  val_finetune_dtvu_steps_3/acc@20 = 0.7667  
2025-02-27 17:30:49.094  
  
2025-02-27 17:30:49.436  
  
2025-02-27 17:30:49.437  [TRN] epoch_02  
2025-02-27 17:30:49.437  =============================================  
2025-02-27 17:30:49.437  trn/loss = 4.2744  
2025-02-27 17:30:49.437  trn/acc@01 = 0.2990  
2025-02-27 17:30:49.437  trn/acc@05 = 0.4687  
2025-02-27 17:30:49.437  trn/acc@10 = 0.5192  
2025-02-27 17:30:49.437  trn/acc@20 = 0.6020  
2025-02-27 17:30:49.437  
  
2025-02-27 17:30:49.472  
  
2025-02-27 17:30:49.472  [VAL_FINETUNE_DTVU_STEPS_1] epoch_02  
2025-02-27 17:30:49.472  =============================================  
2025-02-27 17:30:49.472  val_finetune_dtvu_steps_1/loss = 3.3256  
2025-02-27 17:30:49.472  val_finetune_dtvu_steps_1/acc@01 = 0.4000  
2025-02-27 17:30:49.472  val_finetune_dtvu_steps_1/acc@05 = 0.6500  
2025-02-27 17:30:49.472  val_finetune_dtvu_steps_1/acc@10 = 0.7000  
2025-02-27 17:30:49.472  val_finetune_dtvu_steps_1/acc@20 = 0.8000  
2025-02-27 17:30:49.472  
  
2025-02-27 17:30:49.507  
  
2025-02-27 17:30:49.507  [VAL_FINETUNE_DTVU_STEPS_3] epoch_02  
2025-02-27 17:30:49.507  =============================================  
2025-02-27 17:30:49.508  val_finetune_dtvu_steps_3/loss = 3.5690  
2025-02-27 17:30:49.508  val_finetune_dtvu_steps_3/acc@01 = 0.3833  
2025-02-27 17:30:49.508  val_finetune_dtvu_steps_3/acc@05 = 0.6333  
2025-02-27 17:30:49.508  val_finetune_dtvu_steps_3/acc@10 = 0.7333  
2025-02-27 17:30:49.508  val_finetune_dtvu_steps_3/acc@20 = 0.8167  
2025-02-27 17:30:49.508  
  
2025-02-27 17:30:49.833  
  
2025-02-27 17:30:49.833  [TRN] epoch_03  
2025-02-27 17:30:49.833  =============================================  
2025-02-27 17:30:49.833  trn/loss = 3.9948  
2025-02-27 17:30:49.833  trn/acc@01 = 0.2827  
2025-02-27 17:30:49.833  trn/acc@05 = 0.4750  
2025-02-27 17:30:49.833  trn/acc@10 = 0.5404  
2025-02-27 17:30:49.834  trn/acc@20 = 0.6327  
2025-02-27 17:30:49.834  
  
2025-02-27 17:30:49.873  
  
2025-02-27 17:30:49.873  [VAL_FINETUNE_DTVU_STEPS_1] epoch_03  
2025-02-27 17:30:49.873  =============================================  
2025-02-27 17:30:49.873  val_finetune_dtvu_steps_1/loss = 3.1608  
2025-02-27 17:30:49.873  val_finetune_dtvu_steps_1/acc@01 = 0.4000  
2025-02-27 17:30:49.873  val_finetune_dtvu_steps_1/acc@05 = 0.7500  
2025-02-27 17:30:49.873  val_finetune_dtvu_steps_1/acc@10 = 0.7500  
2025-02-27 17:30:49.873  val_finetune_dtvu_steps_1/acc@20 = 0.8500  
2025-02-27 17:30:49.873  
  
2025-02-27 17:30:49.913  
  
2025-02-27 17:30:49.913  [VAL_FINETUNE_DTVU_STEPS_3] epoch_03  
2025-02-27 17:30:49.913  =============================================  
2025-02-27 17:30:49.914  val_finetune_dtvu_steps_3/loss = 3.4028  
2025-02-27 17:30:49.914  val_finetune_dtvu_steps_3/acc@01 = 0.3833  
2025-02-27 17:30:49.914  val_finetune_dtvu_steps_3/acc@05 = 0.7167  
2025-02-27 17:30:49.914  val_finetune_dtvu_steps_3/acc@10 = 0.7667  
2025-02-27 17:30:49.914  val_finetune_dtvu_steps_3/acc@20 = 0.8500  
2025-02-27 17:30:49.914  
  
2025-02-27 17:30:50.245  
  
2025-02-27 17:30:50.246  [TRN] epoch_04  
2025-02-27 17:30:50.246  =============================================  
2025-02-27 17:30:50.246  trn/loss = 3.8234  
2025-02-27 17:30:50.246  trn/acc@01 = 0.2714  
2025-02-27 17:30:50.246  trn/acc@05 = 0.4959  
2025-02-27 17:30:50.246  trn/acc@10 = 0.5796  
2025-02-27 17:30:50.246  trn/acc@20 = 0.6857  
2025-02-27 17:30:50.247  
  
2025-02-27 17:30:50.285  
  
2025-02-27 17:30:50.285  [VAL_FINETUNE_DTVU_STEPS_1] epoch_04  
2025-02-27 17:30:50.285  =============================================  
2025-02-27 17:30:50.285  val_finetune_dtvu_steps_1/loss = 3.1090  
2025-02-27 17:30:50.286  val_finetune_dtvu_steps_1/acc@01 = 0.4000  
2025-02-27 17:30:50.286  val_finetune_dtvu_steps_1/acc@05 = 0.7500  
2025-02-27 17:30:50.286  val_finetune_dtvu_steps_1/acc@10 = 0.7500  
2025-02-27 17:30:50.286  val_finetune_dtvu_steps_1/acc@20 = 0.8000  
2025-02-27 17:30:50.286  
  
2025-02-27 17:30:50.323  
  
2025-02-27 17:30:50.323  [VAL_FINETUNE_DTVU_STEPS_3] epoch_04  
2025-02-27 17:30:50.323  =============================================  
2025-02-27 17:30:50.323  val_finetune_dtvu_steps_3/loss = 3.4093  
2025-02-27 17:30:50.323  val_finetune_dtvu_steps_3/acc@01 = 0.3833  
2025-02-27 17:30:50.323  val_finetune_dtvu_steps_3/acc@05 = 0.6833  
2025-02-27 17:30:50.323  val_finetune_dtvu_steps_3/acc@10 = 0.7333  
2025-02-27 17:30:50.323  val_finetune_dtvu_steps_3/acc@20 = 0.8167  
2025-02-27 17:30:50.323  
  
2025-02-27 17:30:50.629  
  
2025-02-27 17:30:50.629  [TRN] epoch_05  
2025-02-27 17:30:50.629  =============================================  
2025-02-27 17:30:50.629  trn/loss = 3.7687  
2025-02-27 17:30:50.629  trn/acc@01 = 0.2906  
2025-02-27 17:30:50.629  trn/acc@05 = 0.5415  
2025-02-27 17:30:50.629  trn/acc@10 = 0.6264  
2025-02-27 17:30:50.629  trn/acc@20 = 0.6981  
2025-02-27 17:30:50.630  
  
2025-02-27 17:30:50.671  
  
2025-02-27 17:30:50.672  [VAL_FINETUNE_DTVU_STEPS_1] epoch_05  
2025-02-27 17:30:50.672  =============================================  
2025-02-27 17:30:50.672  val_finetune_dtvu_steps_1/loss = 3.0483  
2025-02-27 17:30:50.672  val_finetune_dtvu_steps_1/acc@01 = 0.4000  
2025-02-27 17:30:50.672  val_finetune_dtvu_steps_1/acc@05 = 0.7500  
2025-02-27 17:30:50.672  val_finetune_dtvu_steps_1/acc@10 = 0.8000  
2025-02-27 17:30:50.672  val_finetune_dtvu_steps_1/acc@20 = 0.8000  
2025-02-27 17:30:50.672  
  
2025-02-27 17:30:50.718  
  
2025-02-27 17:30:50.719  [VAL_FINETUNE_DTVU_STEPS_3] epoch_05  
2025-02-27 17:30:50.719  =============================================  
2025-02-27 17:30:50.719  val_finetune_dtvu_steps_3/loss = 3.3164  
2025-02-27 17:30:50.719  val_finetune_dtvu_steps_3/acc@01 = 0.3833  
2025-02-27 17:30:50.719  val_finetune_dtvu_steps_3/acc@05 = 0.7167  
2025-02-27 17:30:50.719  val_finetune_dtvu_steps_3/acc@10 = 0.7833  
2025-02-27 17:30:50.719  val_finetune_dtvu_steps_3/acc@20 = 0.8167  
2025-02-27 17:30:50.719  
  
2025-02-27 17:30:51.070  
  
2025-02-27 17:30:51.071  [TRN] epoch_06  
2025-02-27 17:30:51.071  =============================================  
2025-02-27 17:30:51.071  trn/loss = 3.7584  
2025-02-27 17:30:51.071  trn/acc@01 = 0.2860  
2025-02-27 17:30:51.071  trn/acc@05 = 0.5340  
2025-02-27 17:30:51.071  trn/acc@10 = 0.6040  
2025-02-27 17:30:51.071  trn/acc@20 = 0.6820  
2025-02-27 17:30:51.071  
  
2025-02-27 17:30:51.113  
  
2025-02-27 17:30:51.113  [VAL_FINETUNE_DTVU_STEPS_1] epoch_06  
2025-02-27 17:30:51.113  =============================================  
2025-02-27 17:30:51.113  val_finetune_dtvu_steps_1/loss = 3.0290  
2025-02-27 17:30:51.114  val_finetune_dtvu_steps_1/acc@01 = 0.4000  
2025-02-27 17:30:51.114  val_finetune_dtvu_steps_1/acc@05 = 0.7500  
2025-02-27 17:30:51.114  val_finetune_dtvu_steps_1/acc@10 = 0.8000  
2025-02-27 17:30:51.114  val_finetune_dtvu_steps_1/acc@20 = 0.8000  
2025-02-27 17:30:51.114  
  
2025-02-27 17:30:51.156  
  
2025-02-27 17:30:51.156  [VAL_FINETUNE_DTVU_STEPS_3] epoch_06  
2025-02-27 17:30:51.156  =============================================  
2025-02-27 17:30:51.156  val_finetune_dtvu_steps_3/loss = 3.2946  
2025-02-27 17:30:51.156  val_finetune_dtvu_steps_3/acc@01 = 0.3833  
2025-02-27 17:30:51.156  val_finetune_dtvu_steps_3/acc@05 = 0.7167  
2025-02-27 17:30:51.156  val_finetune_dtvu_steps_3/acc@10 = 0.7833  
2025-02-27 17:30:51.156  val_finetune_dtvu_steps_3/acc@20 = 0.8167  
2025-02-27 17:30:51.156  
  
2025-02-27 17:30:51.471  
  
2025-02-27 17:30:51.471  [TRN] epoch_07  
2025-02-27 17:30:51.472  =============================================  
2025-02-27 17:30:51.472  trn/loss = 3.7527  
2025-02-27 17:30:51.472  trn/acc@01 = 0.2739  
2025-02-27 17:30:51.472  trn/acc@05 = 0.5328  
2025-02-27 17:30:51.472  trn/acc@10 = 0.6118  
2025-02-27 17:30:51.472  trn/acc@20 = 0.7025  
2025-02-27 17:30:51.472  
  
2025-02-27 17:30:51.506  
  
2025-02-27 17:30:51.506  [VAL_FINETUNE_DTVU_STEPS_1] epoch_07  
2025-02-27 17:30:51.506  =============================================  
2025-02-27 17:30:51.506  val_finetune_dtvu_steps_1/loss = 3.0173  
2025-02-27 17:30:51.506  val_finetune_dtvu_steps_1/acc@01 = 0.4000  
2025-02-27 17:30:51.506  val_finetune_dtvu_steps_1/acc@05 = 0.7500  
2025-02-27 17:30:51.506  val_finetune_dtvu_steps_1/acc@10 = 0.8000  
2025-02-27 17:30:51.506  val_finetune_dtvu_steps_1/acc@20 = 0.8000  
2025-02-27 17:30:51.507  
  
2025-02-27 17:30:51.542  
  
2025-02-27 17:30:51.543  [VAL_FINETUNE_DTVU_STEPS_3] epoch_07  
2025-02-27 17:30:51.543  =============================================  
2025-02-27 17:30:51.543  val_finetune_dtvu_steps_3/loss = 3.2824  
2025-02-27 17:30:51.543  val_finetune_dtvu_steps_3/acc@01 = 0.3833  
2025-02-27 17:30:51.543  val_finetune_dtvu_steps_3/acc@05 = 0.7167  
2025-02-27 17:30:51.543  val_finetune_dtvu_steps_3/acc@10 = 0.7833  
2025-02-27 17:30:51.543  val_finetune_dtvu_steps_3/acc@20 = 0.8167  
2025-02-27 17:30:51.543  
  
2025-02-27 17:30:51.846  
  
2025-02-27 17:30:51.846  [TRN] epoch_08  
2025-02-27 17:30:51.847  =============================================  
2025-02-27 17:30:51.847  trn/loss = 3.6323  
2025-02-27 17:30:51.848  trn/acc@01 = 0.2641  
2025-02-27 17:30:51.848  trn/acc@05 = 0.5495  
2025-02-27 17:30:51.848  trn/acc@10 = 0.6602  
2025-02-27 17:30:51.848  trn/acc@20 = 0.7320  
2025-02-27 17:30:51.848  
  
2025-02-27 17:30:51.882  
  
2025-02-27 17:30:51.882  [VAL_FINETUNE_DTVU_STEPS_1] epoch_08  
2025-02-27 17:30:51.883  =============================================  
2025-02-27 17:30:51.883  val_finetune_dtvu_steps_1/loss = 2.9030  
2025-02-27 17:30:51.883  val_finetune_dtvu_steps_1/acc@01 = 0.4000  
2025-02-27 17:30:51.883  val_finetune_dtvu_steps_1/acc@05 = 0.8000  
2025-02-27 17:30:51.883  val_finetune_dtvu_steps_1/acc@10 = 0.8000  
2025-02-27 17:30:51.883  val_finetune_dtvu_steps_1/acc@20 = 0.8500  
2025-02-27 17:30:51.883  
  
2025-02-27 17:30:51.917  
  
2025-02-27 17:30:51.917  [VAL_FINETUNE_DTVU_STEPS_3] epoch_08  
2025-02-27 17:30:51.918  =============================================  
2025-02-27 17:30:51.918  val_finetune_dtvu_steps_3/loss = 3.1035  
2025-02-27 17:30:51.918  val_finetune_dtvu_steps_3/acc@01 = 0.3833  
2025-02-27 17:30:51.918  val_finetune_dtvu_steps_3/acc@05 = 0.7333  
2025-02-27 17:30:51.918  val_finetune_dtvu_steps_3/acc@10 = 0.7833  
2025-02-27 17:30:51.918  val_finetune_dtvu_steps_3/acc@20 = 0.8500  
2025-02-27 17:30:51.918  
  
2025-02-27 17:30:52.246  
  
2025-02-27 17:30:52.246  [TRN] epoch_09  
2025-02-27 17:30:52.246  =============================================  
2025-02-27 17:30:52.246  trn/loss = 3.5020  
2025-02-27 17:30:52.246  trn/acc@01 = 0.2641  
2025-02-27 17:30:52.247  trn/acc@05 = 0.5806  
2025-02-27 17:30:52.247  trn/acc@10 = 0.6777  
2025-02-27 17:30:52.247  trn/acc@20 = 0.7728  
2025-02-27 17:30:52.247  
  
2025-02-27 17:30:52.283  
  
2025-02-27 17:30:52.283  [VAL_FINETUNE_DTVU_STEPS_1] epoch_09  
2025-02-27 17:30:52.283  =============================================  
2025-02-27 17:30:52.283  val_finetune_dtvu_steps_1/loss = 2.7721  
2025-02-27 17:30:52.283  val_finetune_dtvu_steps_1/acc@01 = 0.4000  
2025-02-27 17:30:52.283  val_finetune_dtvu_steps_1/acc@05 = 0.8000  
2025-02-27 17:30:52.283  val_finetune_dtvu_steps_1/acc@10 = 0.8500  
2025-02-27 17:30:52.283  val_finetune_dtvu_steps_1/acc@20 = 0.8500  
2025-02-27 17:30:52.284  
  
2025-02-27 17:30:52.325  
  
2025-02-27 17:30:52.325  [VAL_FINETUNE_DTVU_STEPS_3] epoch_09  
2025-02-27 17:30:52.325  =============================================  
2025-02-27 17:30:52.325  val_finetune_dtvu_steps_3/loss = 3.0463  
2025-02-27 17:30:52.325  val_finetune_dtvu_steps_3/acc@01 = 0.3833  
2025-02-27 17:30:52.325  val_finetune_dtvu_steps_3/acc@05 = 0.7333  
2025-02-27 17:30:52.325  val_finetune_dtvu_steps_3/acc@10 = 0.8333  
2025-02-27 17:30:52.325  val_finetune_dtvu_steps_3/acc@20 = 0.8333  
2025-02-27 17:30:52.325  
  
2025-02-27 17:30:52.648  
  
2025-02-27 17:30:52.648  [TRN] epoch_10  
2025-02-27 17:30:52.648  =============================================  
2025-02-27 17:30:52.648  trn/loss = 3.4147  
2025-02-27 17:30:52.648  trn/acc@01 = 0.2803  
2025-02-27 17:30:52.648  trn/acc@05 = 0.5573  
2025-02-27 17:30:52.648  trn/acc@10 = 0.6786  
2025-02-27 17:30:52.649  trn/acc@20 = 0.7692  
2025-02-27 17:30:52.649  
  
2025-02-27 17:30:52.683  
  
2025-02-27 17:30:52.683  [VAL_FINETUNE_DTVU_STEPS_1] epoch_10  
2025-02-27 17:30:52.683  =============================================  
2025-02-27 17:30:52.684  val_finetune_dtvu_steps_1/loss = 2.7542  
2025-02-27 17:30:52.684  val_finetune_dtvu_steps_1/acc@01 = 0.4000  
2025-02-27 17:30:52.684  val_finetune_dtvu_steps_1/acc@05 = 0.8000  
2025-02-27 17:30:52.684  val_finetune_dtvu_steps_1/acc@10 = 0.8000  
2025-02-27 17:30:52.684  val_finetune_dtvu_steps_1/acc@20 = 0.8500  
2025-02-27 17:30:52.684  
  
2025-02-27 17:30:52.728  
  
2025-02-27 17:30:52.728  [VAL_FINETUNE_DTVU_STEPS_3] epoch_10  
2025-02-27 17:30:52.728  =============================================  
2025-02-27 17:30:52.728  val_finetune_dtvu_steps_3/loss = 3.0223  
2025-02-27 17:30:52.728  val_finetune_dtvu_steps_3/acc@01 = 0.3833  
2025-02-27 17:30:52.728  val_finetune_dtvu_steps_3/acc@05 = 0.7333  
2025-02-27 17:30:52.728  val_finetune_dtvu_steps_3/acc@10 = 0.7833  
2025-02-27 17:30:52.729  val_finetune_dtvu_steps_3/acc@20 = 0.8333  
2025-02-27 17:30:52.729  
  
2025-02-27 17:30:53.050  
  
2025-02-27 17:30:53.051  [TRN] epoch_11  
2025-02-27 17:30:53.051  =============================================  
2025-02-27 17:30:53.051  trn/loss = 3.3210  
2025-02-27 17:30:53.051  trn/acc@01 = 0.2560  
2025-02-27 17:30:53.051  trn/acc@05 = 0.5860  
2025-02-27 17:30:53.051  trn/acc@10 = 0.7040  
2025-02-27 17:30:53.051  trn/acc@20 = 0.8060  
2025-02-27 17:30:53.051  
  
2025-02-27 17:30:53.088  
  
2025-02-27 17:30:53.088  [VAL_FINETUNE_DTVU_STEPS_1] epoch_11  
2025-02-27 17:30:53.088  =============================================  
2025-02-27 17:30:53.088  val_finetune_dtvu_steps_1/loss = 2.6937  
2025-02-27 17:30:53.088  val_finetune_dtvu_steps_1/acc@01 = 0.4000  
2025-02-27 17:30:53.088  val_finetune_dtvu_steps_1/acc@05 = 0.8000  
2025-02-27 17:30:53.089  val_finetune_dtvu_steps_1/acc@10 = 0.8000  
2025-02-27 17:30:53.089  val_finetune_dtvu_steps_1/acc@20 = 0.8500  
2025-02-27 17:30:53.089  
  
2025-02-27 17:30:53.126  
  
2025-02-27 17:30:53.126  [VAL_FINETUNE_DTVU_STEPS_3] epoch_11  
2025-02-27 17:30:53.126  =============================================  
2025-02-27 17:30:53.126  val_finetune_dtvu_steps_3/loss = 2.9916  
2025-02-27 17:30:53.126  val_finetune_dtvu_steps_3/acc@01 = 0.3833  
2025-02-27 17:30:53.126  val_finetune_dtvu_steps_3/acc@05 = 0.7167  
2025-02-27 17:30:53.126  val_finetune_dtvu_steps_3/acc@10 = 0.7833  
2025-02-27 17:30:53.126  val_finetune_dtvu_steps_3/acc@20 = 0.8333  
2025-02-27 17:30:53.127  
  
2025-02-27 17:30:53.437  
  
2025-02-27 17:30:53.437  [TRN] epoch_12  
2025-02-27 17:30:53.437  =============================================  
2025-02-27 17:30:53.437  trn/loss = 3.2159  
2025-02-27 17:30:53.438  trn/acc@01 = 0.3000  
2025-02-27 17:30:53.438  trn/acc@05 = 0.5889  
2025-02-27 17:30:53.438  trn/acc@10 = 0.7044  
2025-02-27 17:30:53.438  trn/acc@20 = 0.8244  
2025-02-27 17:30:53.438  
  
2025-02-27 17:30:53.488  
  
2025-02-27 17:30:53.488  [VAL_FINETUNE_DTVU_STEPS_1] epoch_12  
2025-02-27 17:30:53.488  =============================================  
2025-02-27 17:30:53.488  val_finetune_dtvu_steps_1/loss = 2.6555  
2025-02-27 17:30:53.489  val_finetune_dtvu_steps_1/acc@01 = 0.4000  
2025-02-27 17:30:53.489  val_finetune_dtvu_steps_1/acc@05 = 0.8000  
2025-02-27 17:30:53.489  val_finetune_dtvu_steps_1/acc@10 = 0.8500  
2025-02-27 17:30:53.489  val_finetune_dtvu_steps_1/acc@20 = 0.8500  
2025-02-27 17:30:53.489  
  
2025-02-27 17:30:53.527  
  
2025-02-27 17:30:53.527  [VAL_FINETUNE_DTVU_STEPS_3] epoch_12  
2025-02-27 17:30:53.527  =============================================  
2025-02-27 17:30:53.527  val_finetune_dtvu_steps_3/loss = 2.9534  
2025-02-27 17:30:53.527  val_finetune_dtvu_steps_3/acc@01 = 0.3833  
2025-02-27 17:30:53.527  val_finetune_dtvu_steps_3/acc@05 = 0.7667  
2025-02-27 17:30:53.528  val_finetune_dtvu_steps_3/acc@10 = 0.8000  
2025-02-27 17:30:53.528  val_finetune_dtvu_steps_3/acc@20 = 0.8333  
2025-02-27 17:30:53.528  
  
2025-02-27 17:30:53.886  
  
2025-02-27 17:30:53.886  [TRN] epoch_13  
2025-02-27 17:30:53.886  =============================================  
2025-02-27 17:30:53.886  trn/loss = 3.1601  
2025-02-27 17:30:53.886  trn/acc@01 = 0.3040  
2025-02-27 17:30:53.886  trn/acc@05 = 0.6100  
2025-02-27 17:30:53.886  trn/acc@10 = 0.7120  
2025-02-27 17:30:53.886  trn/acc@20 = 0.8240  
2025-02-27 17:30:53.886  
  
2025-02-27 17:30:53.923  
  
2025-02-27 17:30:53.929  [VAL_FINETUNE_DTVU_STEPS_1] epoch_13  
2025-02-27 17:30:53.929  =============================================  
2025-02-27 17:30:53.929  val_finetune_dtvu_steps_1/loss = 2.6179  
2025-02-27 17:30:53.930  val_finetune_dtvu_steps_1/acc@01 = 0.4000  
2025-02-27 17:30:53.930  val_finetune_dtvu_steps_1/acc@05 = 0.8500  
2025-02-27 17:30:53.930  val_finetune_dtvu_steps_1/acc@10 = 0.8500  
2025-02-27 17:30:53.930  val_finetune_dtvu_steps_1/acc@20 = 0.8500  
2025-02-27 17:30:53.930  
  
2025-02-27 17:30:53.979  
  
2025-02-27 17:30:53.980  [VAL_FINETUNE_DTVU_STEPS_3] epoch_13  
2025-02-27 17:30:53.980  =============================================  
2025-02-27 17:30:53.980  val_finetune_dtvu_steps_3/loss = 2.9147  
2025-02-27 17:30:53.980  val_finetune_dtvu_steps_3/acc@01 = 0.3833  
2025-02-27 17:30:53.980  val_finetune_dtvu_steps_3/acc@05 = 0.7500  
2025-02-27 17:30:53.980  val_finetune_dtvu_steps_3/acc@10 = 0.8000  
2025-02-27 17:30:53.980  val_finetune_dtvu_steps_3/acc@20 = 0.8333  
2025-02-27 17:30:53.980  
  
2025-02-27 17:30:54.285  
  
2025-02-27 17:30:54.285  [TRN] epoch_14  
2025-02-27 17:30:54.285  =============================================  
2025-02-27 17:30:54.285  trn/loss = 3.2183  
2025-02-27 17:30:54.285  trn/acc@01 = 0.2843  
2025-02-27 17:30:54.285  trn/acc@05 = 0.5804  
2025-02-27 17:30:54.285  trn/acc@10 = 0.7118  
2025-02-27 17:30:54.286  trn/acc@20 = 0.8255  
2025-02-27 17:30:54.286  
  
2025-02-27 17:30:54.320  
  
2025-02-27 17:30:54.320  [VAL_FINETUNE_DTVU_STEPS_1] epoch_14  
2025-02-27 17:30:54.320  =============================================  
2025-02-27 17:30:54.320  val_finetune_dtvu_steps_1/loss = 2.6320  
2025-02-27 17:30:54.320  val_finetune_dtvu_steps_1/acc@01 = 0.4000  
2025-02-27 17:30:54.320  val_finetune_dtvu_steps_1/acc@05 = 0.8500  
2025-02-27 17:30:54.320  val_finetune_dtvu_steps_1/acc@10 = 0.8500  
2025-02-27 17:30:54.320  val_finetune_dtvu_steps_1/acc@20 = 0.8500  
2025-02-27 17:30:54.320  
  
2025-02-27 17:30:54.359  
  
2025-02-27 17:30:54.359  [VAL_FINETUNE_DTVU_STEPS_3] epoch_14  
2025-02-27 17:30:54.360  =============================================  
2025-02-27 17:30:54.360  val_finetune_dtvu_steps_3/loss = 2.9123  
2025-02-27 17:30:54.360  val_finetune_dtvu_steps_3/acc@01 = 0.3833  
2025-02-27 17:30:54.360  val_finetune_dtvu_steps_3/acc@05 = 0.7500  
2025-02-27 17:30:54.360  val_finetune_dtvu_steps_3/acc@10 = 0.8000  
2025-02-27 17:30:54.360  val_finetune_dtvu_steps_3/acc@20 = 0.8333  
2025-02-27 17:30:54.360  
  
2025-02-27 17:30:54.681  
  
2025-02-27 17:30:54.681  [TRN] epoch_15  
2025-02-27 17:30:54.682  =============================================  
2025-02-27 17:30:54.682  trn/loss = 3.0603  
2025-02-27 17:30:54.682  trn/acc@01 = 0.3095  
2025-02-27 17:30:54.682  trn/acc@05 = 0.5979  
2025-02-27 17:30:54.682  trn/acc@10 = 0.7179  
2025-02-27 17:30:54.682  trn/acc@20 = 0.8463  
2025-02-27 17:30:54.682  
  
2025-02-27 17:30:54.717  
  
2025-02-27 17:30:54.717  [VAL_FINETUNE_DTVU_STEPS_1] epoch_15  
2025-02-27 17:30:54.717  =============================================  
2025-02-27 17:30:54.717  val_finetune_dtvu_steps_1/loss = 2.6276  
2025-02-27 17:30:54.717  val_finetune_dtvu_steps_1/acc@01 = 0.4000  
2025-02-27 17:30:54.717  val_finetune_dtvu_steps_1/acc@05 = 0.8500  
2025-02-27 17:30:54.717  val_finetune_dtvu_steps_1/acc@10 = 0.8500  
2025-02-27 17:30:54.717  val_finetune_dtvu_steps_1/acc@20 = 0.8500  
2025-02-27 17:30:54.718  
  
2025-02-27 17:30:54.755  
  
2025-02-27 17:30:54.755  [VAL_FINETUNE_DTVU_STEPS_3] epoch_15  
2025-02-27 17:30:54.755  =============================================  
2025-02-27 17:30:54.755  val_finetune_dtvu_steps_3/loss = 2.9105  
2025-02-27 17:30:54.755  val_finetune_dtvu_steps_3/acc@01 = 0.3833  
2025-02-27 17:30:54.756  val_finetune_dtvu_steps_3/acc@05 = 0.7500  
2025-02-27 17:30:54.756  val_finetune_dtvu_steps_3/acc@10 = 0.8000  
2025-02-27 17:30:54.756  val_finetune_dtvu_steps_3/acc@20 = 0.8333  
2025-02-27 17:30:54.756  
  
2025-02-27 17:30:55.086  
  
2025-02-27 17:30:55.086  [TRN] epoch_16  
2025-02-27 17:30:55.086  =============================================  
2025-02-27 17:30:55.086  trn/loss = 3.1082  
2025-02-27 17:30:55.087  trn/acc@01 = 0.3011  
2025-02-27 17:30:55.087  trn/acc@05 = 0.5780  
2025-02-27 17:30:55.087  trn/acc@10 = 0.7407  
2025-02-27 17:30:55.087  trn/acc@20 = 0.8549  
2025-02-27 17:30:55.087  
  
2025-02-27 17:30:55.143  
  
2025-02-27 17:30:55.144  [VAL_FINETUNE_DTVU_STEPS_1] epoch_16  
2025-02-27 17:30:55.144  =============================================  
2025-02-27 17:30:55.144  val_finetune_dtvu_steps_1/loss = 2.6563  
2025-02-27 17:30:55.144  val_finetune_dtvu_steps_1/acc@01 = 0.4000  
2025-02-27 17:30:55.145  val_finetune_dtvu_steps_1/acc@05 = 0.7500  
2025-02-27 17:30:55.145  val_finetune_dtvu_steps_1/acc@10 = 0.8500  
2025-02-27 17:30:55.145  val_finetune_dtvu_steps_1/acc@20 = 0.8500  
2025-02-27 17:30:55.145  
  
2025-02-27 17:30:55.187  
  
2025-02-27 17:30:55.187  [VAL_FINETUNE_DTVU_STEPS_3] epoch_16  
2025-02-27 17:30:55.187  =============================================  
2025-02-27 17:30:55.188  val_finetune_dtvu_steps_3/loss = 2.9245  
2025-02-27 17:30:55.188  val_finetune_dtvu_steps_3/acc@01 = 0.3833  
2025-02-27 17:30:55.188  val_finetune_dtvu_steps_3/acc@05 = 0.7000  
2025-02-27 17:30:55.188  val_finetune_dtvu_steps_3/acc@10 = 0.8000  
2025-02-27 17:30:55.188  val_finetune_dtvu_steps_3/acc@20 = 0.8333  
2025-02-27 17:30:55.189  
  
2025-02-27 17:30:55.527  
  
2025-02-27 17:30:55.527  [TRN] epoch_17  
2025-02-27 17:30:55.527  =============================================  
2025-02-27 17:30:55.527  trn/loss = 2.9958  
2025-02-27 17:30:55.527  trn/acc@01 = 0.3081  
2025-02-27 17:30:55.527  trn/acc@05 = 0.5910  
2025-02-27 17:30:55.528  trn/acc@10 = 0.7387  
2025-02-27 17:30:55.528  trn/acc@20 = 0.8649  
2025-02-27 17:30:55.528  
  
2025-02-27 17:30:55.570  
  
2025-02-27 17:30:55.570  [VAL_FINETUNE_DTVU_STEPS_1] epoch_17  
2025-02-27 17:30:55.570  =============================================  
2025-02-27 17:30:55.571  val_finetune_dtvu_steps_1/loss = 2.6606  
2025-02-27 17:30:55.571  val_finetune_dtvu_steps_1/acc@01 = 0.4000  
2025-02-27 17:30:55.571  val_finetune_dtvu_steps_1/acc@05 = 0.7500  
2025-02-27 17:30:55.571  val_finetune_dtvu_steps_1/acc@10 = 0.8500  
2025-02-27 17:30:55.571  val_finetune_dtvu_steps_1/acc@20 = 0.8500  
2025-02-27 17:30:55.571  
  
2025-02-27 17:30:55.614  
  
2025-02-27 17:30:55.614  [VAL_FINETUNE_DTVU_STEPS_3] epoch_17  
2025-02-27 17:30:55.614  =============================================  
2025-02-27 17:30:55.615  val_finetune_dtvu_steps_3/loss = 2.9201  
2025-02-27 17:30:55.615  val_finetune_dtvu_steps_3/acc@01 = 0.3833  
2025-02-27 17:30:55.615  val_finetune_dtvu_steps_3/acc@05 = 0.7000  
2025-02-27 17:30:55.615  val_finetune_dtvu_steps_3/acc@10 = 0.8000  
2025-02-27 17:30:55.615  val_finetune_dtvu_steps_3/acc@20 = 0.8333  
2025-02-27 17:30:55.615  
  
2025-02-27 17:30:55.932  
  
2025-02-27 17:30:55.932  [TRN] epoch_18  
2025-02-27 17:30:55.932  =============================================  
2025-02-27 17:30:55.932  trn/loss = 3.0956  
2025-02-27 17:30:55.932  trn/acc@01 = 0.3019  
2025-02-27 17:30:55.932  trn/acc@05 = 0.5673  
2025-02-27 17:30:55.933  trn/acc@10 = 0.7096  
2025-02-27 17:30:55.933  trn/acc@20 = 0.8462  
2025-02-27 17:30:55.933  
  
2025-02-27 17:30:55.967  
  
2025-02-27 17:30:55.967  [VAL_FINETUNE_DTVU_STEPS_1] epoch_18  
2025-02-27 17:30:55.967  =============================================  
2025-02-27 17:30:55.968  val_finetune_dtvu_steps_1/loss = 2.6558  
2025-02-27 17:30:55.968  val_finetune_dtvu_steps_1/acc@01 = 0.4000  
2025-02-27 17:30:55.968  val_finetune_dtvu_steps_1/acc@05 = 0.8000  
2025-02-27 17:30:55.968  val_finetune_dtvu_steps_1/acc@10 = 0.8500  
2025-02-27 17:30:55.968  val_finetune_dtvu_steps_1/acc@20 = 0.8500  
2025-02-27 17:30:55.968  
  
2025-02-27 17:30:56.002  
  
2025-02-27 17:30:56.003  [VAL_FINETUNE_DTVU_STEPS_3] epoch_18  
2025-02-27 17:30:56.003  =============================================  
2025-02-27 17:30:56.003  val_finetune_dtvu_steps_3/loss = 2.8954  
2025-02-27 17:30:56.003  val_finetune_dtvu_steps_3/acc@01 = 0.3833  
2025-02-27 17:30:56.004  val_finetune_dtvu_steps_3/acc@05 = 0.7167  
2025-02-27 17:30:56.004  val_finetune_dtvu_steps_3/acc@10 = 0.7833  
2025-02-27 17:30:56.004  val_finetune_dtvu_steps_3/acc@20 = 0.8333  
2025-02-27 17:30:56.004  
  
2025-02-27 17:30:56.310  
  
2025-02-27 17:30:56.310  [TRN] epoch_19  
2025-02-27 17:30:56.310  =============================================  
2025-02-27 17:30:56.310  trn/loss = 3.0307  
2025-02-27 17:30:56.310  trn/acc@01 = 0.2973  
2025-02-27 17:30:56.310  trn/acc@05 = 0.5640  
2025-02-27 17:30:56.310  trn/acc@10 = 0.7135  
2025-02-27 17:30:56.310  trn/acc@20 = 0.8577  
2025-02-27 17:30:56.310  
  
2025-02-27 17:30:56.350  
  
2025-02-27 17:30:56.350  [VAL_FINETUNE_DTVU_STEPS_1] epoch_19  
2025-02-27 17:30:56.350  =============================================  
2025-02-27 17:30:56.350  val_finetune_dtvu_steps_1/loss = 2.6675  
2025-02-27 17:30:56.350  val_finetune_dtvu_steps_1/acc@01 = 0.4000  
2025-02-27 17:30:56.351  val_finetune_dtvu_steps_1/acc@05 = 0.7500  
2025-02-27 17:30:56.351  val_finetune_dtvu_steps_1/acc@10 = 0.8000  
2025-02-27 17:30:56.351  val_finetune_dtvu_steps_1/acc@20 = 0.8500  
2025-02-27 17:30:56.351  
  
2025-02-27 17:30:56.387  
  
2025-02-27 17:30:56.387  [VAL_FINETUNE_DTVU_STEPS_3] epoch_19  
2025-02-27 17:30:56.387  =============================================  
2025-02-27 17:30:56.389  val_finetune_dtvu_steps_3/loss = 2.8839  
2025-02-27 17:30:56.389  val_finetune_dtvu_steps_3/acc@01 = 0.3833  
2025-02-27 17:30:56.389  val_finetune_dtvu_steps_3/acc@05 = 0.7333  
2025-02-27 17:30:56.389  val_finetune_dtvu_steps_3/acc@10 = 0.7667  
2025-02-27 17:30:56.389  val_finetune_dtvu_steps_3/acc@20 = 0.8333  
2025-02-27 17:30:56.389  
  
2025-02-27 17:30:56.726  
  
2025-02-27 17:30:56.726  [TRN] epoch_20  
2025-02-27 17:30:56.726  =============================================  
2025-02-27 17:30:56.726  trn/loss = 2.9469  
2025-02-27 17:30:56.726  trn/acc@01 = 0.3124  
2025-02-27 17:30:56.726  trn/acc@05 = 0.6095  
2025-02-27 17:30:56.726  trn/acc@10 = 0.7448  
2025-02-27 17:30:56.727  trn/acc@20 = 0.8724  
2025-02-27 17:30:56.727  
  
2025-02-27 17:30:56.769  
  
2025-02-27 17:30:56.770  [VAL_FINETUNE_DTVU_STEPS_1] epoch_20  
2025-02-27 17:30:56.770  =============================================  
2025-02-27 17:30:56.770  val_finetune_dtvu_steps_1/loss = 2.5759  
2025-02-27 17:30:56.770  val_finetune_dtvu_steps_1/acc@01 = 0.4000  
2025-02-27 17:30:56.770  val_finetune_dtvu_steps_1/acc@05 = 0.8000  
2025-02-27 17:30:56.770  val_finetune_dtvu_steps_1/acc@10 = 0.8500  
2025-02-27 17:30:56.770  val_finetune_dtvu_steps_1/acc@20 = 0.9000  
2025-02-27 17:30:56.770  
  
2025-02-27 17:30:56.814  
  
2025-02-27 17:30:56.814  [VAL_FINETUNE_DTVU_STEPS_3] epoch_20  
2025-02-27 17:30:56.814  =============================================  
2025-02-27 17:30:56.814  val_finetune_dtvu_steps_3/loss = 2.8181  
2025-02-27 17:30:56.814  val_finetune_dtvu_steps_3/acc@01 = 0.3833  
2025-02-27 17:30:56.815  val_finetune_dtvu_steps_3/acc@05 = 0.7500  
2025-02-27 17:30:56.815  val_finetune_dtvu_steps_3/acc@10 = 0.8000  
2025-02-27 17:30:56.815  val_finetune_dtvu_steps_3/acc@20 = 0.8667  
2025-02-27 17:30:56.815  
  
2025-02-27 17:30:57.190  
  
2025-02-27 17:30:57.190  [TRN] epoch_21  
2025-02-27 17:30:57.190  =============================================  
2025-02-27 17:30:57.190  trn/loss = 2.9250  
2025-02-27 17:30:57.190  trn/acc@01 = 0.3245  
2025-02-27 17:30:57.190  trn/acc@05 = 0.6265  
2025-02-27 17:30:57.191  trn/acc@10 = 0.7449  
2025-02-27 17:30:57.191  trn/acc@20 = 0.8551  
2025-02-27 17:30:57.191  
  
2025-02-27 17:30:57.229  
  
2025-02-27 17:30:57.229  [VAL_FINETUNE_DTVU_STEPS_1] epoch_21  
2025-02-27 17:30:57.229  =============================================  
2025-02-27 17:30:57.230  val_finetune_dtvu_steps_1/loss = 2.5925  
2025-02-27 17:30:57.230  val_finetune_dtvu_steps_1/acc@01 = 0.4000  
2025-02-27 17:30:57.230  val_finetune_dtvu_steps_1/acc@05 = 0.7500  
2025-02-27 17:30:57.230  val_finetune_dtvu_steps_1/acc@10 = 0.8500  
2025-02-27 17:30:57.230  val_finetune_dtvu_steps_1/acc@20 = 0.9000  
2025-02-27 17:30:57.231  
  
2025-02-27 17:30:57.270  
  
2025-02-27 17:30:57.270  [VAL_FINETUNE_DTVU_STEPS_3] epoch_21  
2025-02-27 17:30:57.271  =============================================  
2025-02-27 17:30:57.271  val_finetune_dtvu_steps_3/loss = 2.8499  
2025-02-27 17:30:57.271  val_finetune_dtvu_steps_3/acc@01 = 0.3833  
2025-02-27 17:30:57.271  val_finetune_dtvu_steps_3/acc@05 = 0.7500  
2025-02-27 17:30:57.271  val_finetune_dtvu_steps_3/acc@10 = 0.7833  
2025-02-27 17:30:57.271  val_finetune_dtvu_steps_3/acc@20 = 0.8833  
2025-02-27 17:30:57.271  
  
2025-02-27 17:30:57.653  
  
2025-02-27 17:30:57.653  [TRN] epoch_22  
2025-02-27 17:30:57.653  =============================================  
2025-02-27 17:30:57.654  trn/loss = 2.7999  
2025-02-27 17:30:57.654  trn/acc@01 = 0.3226  
2025-02-27 17:30:57.654  trn/acc@05 = 0.6264  
2025-02-27 17:30:57.654  trn/acc@10 = 0.7509  
2025-02-27 17:30:57.654  trn/acc@20 = 0.8698  
2025-02-27 17:30:57.654  
  
2025-02-27 17:30:57.691  
  
2025-02-27 17:30:57.691  [VAL_FINETUNE_DTVU_STEPS_1] epoch_22  
2025-02-27 17:30:57.691  =============================================  
2025-02-27 17:30:57.691  val_finetune_dtvu_steps_1/loss = 2.5844  
2025-02-27 17:30:57.691  val_finetune_dtvu_steps_1/acc@01 = 0.4000  
2025-02-27 17:30:57.691  val_finetune_dtvu_steps_1/acc@05 = 0.7500  
2025-02-27 17:30:57.692  val_finetune_dtvu_steps_1/acc@10 = 0.8500  
2025-02-27 17:30:57.692  val_finetune_dtvu_steps_1/acc@20 = 0.9000  
2025-02-27 17:30:57.692  
  
2025-02-27 17:30:57.728  
  
2025-02-27 17:30:57.728  [VAL_FINETUNE_DTVU_STEPS_3] epoch_22  
2025-02-27 17:30:57.728  =============================================  
2025-02-27 17:30:57.728  val_finetune_dtvu_steps_3/loss = 2.8496  
2025-02-27 17:30:57.728  val_finetune_dtvu_steps_3/acc@01 = 0.3833  
2025-02-27 17:30:57.728  val_finetune_dtvu_steps_3/acc@05 = 0.7333  
2025-02-27 17:30:57.728  val_finetune_dtvu_steps_3/acc@10 = 0.7833  
2025-02-27 17:30:57.729  val_finetune_dtvu_steps_3/acc@20 = 0.8667  
2025-02-27 17:30:57.729  
  
2025-02-27 17:30:58.038  
  
2025-02-27 17:30:58.038  [TRN] epoch_23  
2025-02-27 17:30:58.038  =============================================  
2025-02-27 17:30:58.038  trn/loss = 2.9775  
2025-02-27 17:30:58.038  trn/acc@01 = 0.2949  
2025-02-27 17:30:58.038  trn/acc@05 = 0.5818  
2025-02-27 17:30:58.038  trn/acc@10 = 0.7030  
2025-02-27 17:30:58.038  trn/acc@20 = 0.8465  
2025-02-27 17:30:58.040  
  
2025-02-27 17:30:58.081  
  
2025-02-27 17:30:58.081  [VAL_FINETUNE_DTVU_STEPS_1] epoch_23  
2025-02-27 17:30:58.081  =============================================  
2025-02-27 17:30:58.081  val_finetune_dtvu_steps_1/loss = 2.5880  
2025-02-27 17:30:58.081  val_finetune_dtvu_steps_1/acc@01 = 0.4000  
2025-02-27 17:30:58.081  val_finetune_dtvu_steps_1/acc@05 = 0.7500  
2025-02-27 17:30:58.082  val_finetune_dtvu_steps_1/acc@10 = 0.8500  
2025-02-27 17:30:58.082  val_finetune_dtvu_steps_1/acc@20 = 0.9000  
2025-02-27 17:30:58.082  
  
2025-02-27 17:30:58.118  
  
2025-02-27 17:30:58.118  [VAL_FINETUNE_DTVU_STEPS_3] epoch_23  
2025-02-27 17:30:58.118  =============================================  
2025-02-27 17:30:58.118  val_finetune_dtvu_steps_3/loss = 2.8505  
2025-02-27 17:30:58.118  val_finetune_dtvu_steps_3/acc@01 = 0.3833  
2025-02-27 17:30:58.118  val_finetune_dtvu_steps_3/acc@05 = 0.7500  
2025-02-27 17:30:58.119  val_finetune_dtvu_steps_3/acc@10 = 0.7833  
2025-02-27 17:30:58.119  val_finetune_dtvu_steps_3/acc@20 = 0.8833  
2025-02-27 17:30:58.119  
  
2025-02-27 17:30:58.413  
  
2025-02-27 17:30:58.413  [TRN] epoch_24  
2025-02-27 17:30:58.414  =============================================  
2025-02-27 17:30:58.414  trn/loss = 2.9625  
2025-02-27 17:30:58.414  trn/acc@01 = 0.2854  
2025-02-27 17:30:58.414  trn/acc@05 = 0.5708  
2025-02-27 17:30:58.414  trn/acc@10 = 0.7271  
2025-02-27 17:30:58.414  trn/acc@20 = 0.8771  
2025-02-27 17:30:58.414  
  
2025-02-27 17:30:58.447  
  
2025-02-27 17:30:58.447  [VAL_FINETUNE_DTVU_STEPS_1] epoch_24  
2025-02-27 17:30:58.448  =============================================  
2025-02-27 17:30:58.448  val_finetune_dtvu_steps_1/loss = 2.5566  
2025-02-27 17:30:58.448  val_finetune_dtvu_steps_1/acc@01 = 0.4000  
2025-02-27 17:30:58.448  val_finetune_dtvu_steps_1/acc@05 = 0.8500  
2025-02-27 17:30:58.448  val_finetune_dtvu_steps_1/acc@10 = 0.9000  
2025-02-27 17:30:58.448  val_finetune_dtvu_steps_1/acc@20 = 0.9000  
2025-02-27 17:30:58.448  
  
2025-02-27 17:30:58.482  
  
2025-02-27 17:30:58.482  [VAL_FINETUNE_DTVU_STEPS_3] epoch_24  
2025-02-27 17:30:58.482  =============================================  
2025-02-27 17:30:58.483  val_finetune_dtvu_steps_3/loss = 2.8549  
2025-02-27 17:30:58.483  val_finetune_dtvu_steps_3/acc@01 = 0.4000  
2025-02-27 17:30:58.483  val_finetune_dtvu_steps_3/acc@05 = 0.7500  
2025-02-27 17:30:58.483  val_finetune_dtvu_steps_3/acc@10 = 0.8333  
2025-02-27 17:30:58.483  val_finetune_dtvu_steps_3/acc@20 = 0.8667  
2025-02-27 17:30:58.483  
  
2025-02-27 17:30:58.790  
  
2025-02-27 17:30:58.791  [TRN] epoch_25  
2025-02-27 17:30:58.791  =============================================  
2025-02-27 17:30:58.791  trn/loss = 2.8076  
2025-02-27 17:30:58.791  trn/acc@01 = 0.3378  
2025-02-27 17:30:58.791  trn/acc@05 = 0.6467  
2025-02-27 17:30:58.791  trn/acc@10 = 0.7844  
2025-02-27 17:30:58.792  trn/acc@20 = 0.8867  
2025-02-27 17:30:58.792  
  
2025-02-27 17:30:58.824  
  
2025-02-27 17:30:58.824  [VAL_FINETUNE_DTVU_STEPS_1] epoch_25  
2025-02-27 17:30:58.824  =============================================  
2025-02-27 17:30:58.825  val_finetune_dtvu_steps_1/loss = 2.6425  
2025-02-27 17:30:58.825  val_finetune_dtvu_steps_1/acc@01 = 0.4500  
2025-02-27 17:30:58.825  val_finetune_dtvu_steps_1/acc@05 = 0.7500  
2025-02-27 17:30:58.825  val_finetune_dtvu_steps_1/acc@10 = 0.9000  
2025-02-27 17:30:58.825  val_finetune_dtvu_steps_1/acc@20 = 0.9000  
2025-02-27 17:30:58.825  
  
2025-02-27 17:30:58.860  
  
2025-02-27 17:30:58.861  [VAL_FINETUNE_DTVU_STEPS_3] epoch_25  
2025-02-27 17:30:58.861  =============================================  
2025-02-27 17:30:58.861  val_finetune_dtvu_steps_3/loss = 2.9113  
2025-02-27 17:30:58.861  val_finetune_dtvu_steps_3/acc@01 = 0.3667  
2025-02-27 17:30:58.861  val_finetune_dtvu_steps_3/acc@05 = 0.7167  
2025-02-27 17:30:58.861  val_finetune_dtvu_steps_3/acc@10 = 0.8167  
2025-02-27 17:30:58.861  val_finetune_dtvu_steps_3/acc@20 = 0.8333  
2025-02-27 17:30:58.861  
  
2025-02-27 17:30:59.161  
  
2025-02-27 17:30:59.162  [TRN] epoch_26  
2025-02-27 17:30:59.162  =============================================  
2025-02-27 17:30:59.162  trn/loss = 2.8857  
2025-02-27 17:30:59.162  trn/acc@01 = 0.3086  
2025-02-27 17:30:59.162  trn/acc@05 = 0.6076  
2025-02-27 17:30:59.162  trn/acc@10 = 0.7448  
2025-02-27 17:30:59.162  trn/acc@20 = 0.8705  
2025-02-27 17:30:59.162  
  
2025-02-27 17:30:59.197  
  
2025-02-27 17:30:59.198  [VAL_FINETUNE_DTVU_STEPS_1] epoch_26  
2025-02-27 17:30:59.198  =============================================  
2025-02-27 17:30:59.198  val_finetune_dtvu_steps_1/loss = 2.6181  
2025-02-27 17:30:59.198  val_finetune_dtvu_steps_1/acc@01 = 0.4000  
2025-02-27 17:30:59.198  val_finetune_dtvu_steps_1/acc@05 = 0.8000  
2025-02-27 17:30:59.198  val_finetune_dtvu_steps_1/acc@10 = 0.9000  
2025-02-27 17:30:59.198  val_finetune_dtvu_steps_1/acc@20 = 0.9000  
2025-02-27 17:30:59.198  
  
2025-02-27 17:30:59.234  
  
2025-02-27 17:30:59.235  [VAL_FINETUNE_DTVU_STEPS_3] epoch_26  
2025-02-27 17:30:59.235  =============================================  
2025-02-27 17:30:59.235  val_finetune_dtvu_steps_3/loss = 2.8615  
2025-02-27 17:30:59.235  val_finetune_dtvu_steps_3/acc@01 = 0.4000  
2025-02-27 17:30:59.235  val_finetune_dtvu_steps_3/acc@05 = 0.7333  
2025-02-27 17:30:59.235  val_finetune_dtvu_steps_3/acc@10 = 0.8167  
2025-02-27 17:30:59.235  val_finetune_dtvu_steps_3/acc@20 = 0.8667  
2025-02-27 17:30:59.235  
  
2025-02-27 17:30:59.550  
  
2025-02-27 17:30:59.551  [TRN] epoch_27  
2025-02-27 17:30:59.551  =============================================  
2025-02-27 17:30:59.551  trn/loss = 2.8672  
2025-02-27 17:30:59.551  trn/acc@01 = 0.3058  
2025-02-27 17:30:59.551  trn/acc@05 = 0.5865  
2025-02-27 17:30:59.551  trn/acc@10 = 0.7212  
2025-02-27 17:30:59.551  trn/acc@20 = 0.8423  
2025-02-27 17:30:59.551  
  
2025-02-27 17:30:59.588  
  
2025-02-27 17:30:59.588  [VAL_FINETUNE_DTVU_STEPS_1] epoch_27  
2025-02-27 17:30:59.589  =============================================  
2025-02-27 17:30:59.589  val_finetune_dtvu_steps_1/loss = 2.5516  
2025-02-27 17:30:59.589  val_finetune_dtvu_steps_1/acc@01 = 0.4000  
2025-02-27 17:30:59.589  val_finetune_dtvu_steps_1/acc@05 = 0.8000  
2025-02-27 17:30:59.589  val_finetune_dtvu_steps_1/acc@10 = 0.8500  
2025-02-27 17:30:59.589  val_finetune_dtvu_steps_1/acc@20 = 0.9000  
2025-02-27 17:30:59.589  
  
2025-02-27 17:30:59.623  
  
2025-02-27 17:30:59.624  [VAL_FINETUNE_DTVU_STEPS_3] epoch_27  
2025-02-27 17:30:59.624  =============================================  
2025-02-27 17:30:59.624  val_finetune_dtvu_steps_3/loss = 2.8335  
2025-02-27 17:30:59.624  val_finetune_dtvu_steps_3/acc@01 = 0.3833  
2025-02-27 17:30:59.624  val_finetune_dtvu_steps_3/acc@05 = 0.7333  
2025-02-27 17:30:59.624  val_finetune_dtvu_steps_3/acc@10 = 0.8000  
2025-02-27 17:30:59.624  val_finetune_dtvu_steps_3/acc@20 = 0.8333  
2025-02-27 17:30:59.624  
  
2025-02-27 17:30:59.936  
  
2025-02-27 17:30:59.937  [TRN] epoch_28  
2025-02-27 17:30:59.937  =============================================  
2025-02-27 17:30:59.937  trn/loss = 2.8093  
2025-02-27 17:30:59.937  trn/acc@01 = 0.3449  
2025-02-27 17:30:59.937  trn/acc@05 = 0.6306  
2025-02-27 17:30:59.937  trn/acc@10 = 0.7714  
2025-02-27 17:30:59.937  trn/acc@20 = 0.8857  
2025-02-27 17:30:59.937  
  
2025-02-27 17:30:59.975  
  
2025-02-27 17:30:59.975  [VAL_FINETUNE_DTVU_STEPS_1] epoch_28  
2025-02-27 17:30:59.975  =============================================  
2025-02-27 17:30:59.975  val_finetune_dtvu_steps_1/loss = 2.5829  
2025-02-27 17:30:59.975  val_finetune_dtvu_steps_1/acc@01 = 0.4000  
2025-02-27 17:30:59.976  val_finetune_dtvu_steps_1/acc@05 = 0.8000  
2025-02-27 17:30:59.976  val_finetune_dtvu_steps_1/acc@10 = 0.8500  
2025-02-27 17:30:59.976  val_finetune_dtvu_steps_1/acc@20 = 0.9000  
2025-02-27 17:30:59.976  
  
2025-02-27 17:31:00.015  
  
2025-02-27 17:31:00.015  [VAL_FINETUNE_DTVU_STEPS_3] epoch_28  
2025-02-27 17:31:00.015  =============================================  
2025-02-27 17:31:00.015  val_finetune_dtvu_steps_3/loss = 2.8466  
2025-02-27 17:31:00.015  val_finetune_dtvu_steps_3/acc@01 = 0.3833  
2025-02-27 17:31:00.015  val_finetune_dtvu_steps_3/acc@05 = 0.7333  
2025-02-27 17:31:00.015  val_finetune_dtvu_steps_3/acc@10 = 0.8000  
2025-02-27 17:31:00.015  val_finetune_dtvu_steps_3/acc@20 = 0.8333  
2025-02-27 17:31:00.016  
  
2025-02-27 17:31:00.328  
  
2025-02-27 17:31:00.328  [TRN] epoch_29  
2025-02-27 17:31:00.328  =============================================  
2025-02-27 17:31:00.328  trn/loss = 2.7565  
2025-02-27 17:31:00.329  trn/acc@01 = 0.3136  
2025-02-27 17:31:00.329  trn/acc@05 = 0.6136  
2025-02-27 17:31:00.329  trn/acc@10 = 0.7364  
2025-02-27 17:31:00.329  trn/acc@20 = 0.8659  
2025-02-27 17:31:00.329  
  
2025-02-27 17:31:00.361  
  
2025-02-27 17:31:00.362  [VAL_FINETUNE_DTVU_STEPS_1] epoch_29  
2025-02-27 17:31:00.362  =============================================  
2025-02-27 17:31:00.362  val_finetune_dtvu_steps_1/loss = 2.5585  
2025-02-27 17:31:00.362  val_finetune_dtvu_steps_1/acc@01 = 0.4000  
2025-02-27 17:31:00.362  val_finetune_dtvu_steps_1/acc@05 = 0.8000  
2025-02-27 17:31:00.362  val_finetune_dtvu_steps_1/acc@10 = 0.8500  
2025-02-27 17:31:00.362  val_finetune_dtvu_steps_1/acc@20 = 0.9000  
2025-02-27 17:31:00.362  
  
2025-02-27 17:31:00.396  
  
2025-02-27 17:31:00.396  [VAL_FINETUNE_DTVU_STEPS_3] epoch_29  
2025-02-27 17:31:00.396  =============================================  
2025-02-27 17:31:00.396  val_finetune_dtvu_steps_3/loss = 2.8561  
2025-02-27 17:31:00.397  val_finetune_dtvu_steps_3/acc@01 = 0.3833  
2025-02-27 17:31:00.397  val_finetune_dtvu_steps_3/acc@05 = 0.7333  
2025-02-27 17:31:00.397  val_finetune_dtvu_steps_3/acc@10 = 0.7833  
2025-02-27 17:31:00.397  val_finetune_dtvu_steps_3/acc@20 = 0.8333  
2025-02-27 17:31:00.397  
  
2025-02-27 17:31:00.715  
  
2025-02-27 17:31:00.716  [TRN] epoch_30  
2025-02-27 17:31:00.717  =============================================  
2025-02-27 17:31:00.717  trn/loss = 2.8024  
2025-02-27 17:31:00.717  trn/acc@01 = 0.3299  
2025-02-27 17:31:00.717  trn/acc@05 = 0.6309  
2025-02-27 17:31:00.717  trn/acc@10 = 0.7670  
2025-02-27 17:31:00.717  trn/acc@20 = 0.8784  
2025-02-27 17:31:00.717  
  
2025-02-27 17:31:00.751  
  
2025-02-27 17:31:00.751  [VAL_FINETUNE_DTVU_STEPS_1] epoch_30  
2025-02-27 17:31:00.751  =============================================  
2025-02-27 17:31:00.751  val_finetune_dtvu_steps_1/loss = 2.5513  
2025-02-27 17:31:00.751  val_finetune_dtvu_steps_1/acc@01 = 0.4000  
2025-02-27 17:31:00.752  val_finetune_dtvu_steps_1/acc@05 = 0.8000  
2025-02-27 17:31:00.752  val_finetune_dtvu_steps_1/acc@10 = 0.8500  
2025-02-27 17:31:00.752  val_finetune_dtvu_steps_1/acc@20 = 0.9000  
2025-02-27 17:31:00.752  
  
2025-02-27 17:31:00.791  
  
2025-02-27 17:31:00.791  [VAL_FINETUNE_DTVU_STEPS_3] epoch_30  
2025-02-27 17:31:00.791  =============================================  
2025-02-27 17:31:00.791  val_finetune_dtvu_steps_3/loss = 2.8597  
2025-02-27 17:31:00.791  val_finetune_dtvu_steps_3/acc@01 = 0.3833  
2025-02-27 17:31:00.791  val_finetune_dtvu_steps_3/acc@05 = 0.7333  
2025-02-27 17:31:00.791  val_finetune_dtvu_steps_3/acc@10 = 0.7833  
2025-02-27 17:31:00.791  val_finetune_dtvu_steps_3/acc@20 = 0.8333  
2025-02-27 17:31:00.791  
  
2025-02-27 17:31:01.112  
  
2025-02-27 17:31:01.112  [TRN] epoch_31  
2025-02-27 17:31:01.113  =============================================  
2025-02-27 17:31:01.113  trn/loss = 2.8053  
2025-02-27 17:31:01.113  trn/acc@01 = 0.3125  
2025-02-27 17:31:01.113  trn/acc@05 = 0.5893  
2025-02-27 17:31:01.113  trn/acc@10 = 0.7589  
2025-02-27 17:31:01.114  trn/acc@20 = 0.8714  
2025-02-27 17:31:01.114  
  
2025-02-27 17:31:01.155  
  
2025-02-27 17:31:01.156  [VAL_FINETUNE_DTVU_STEPS_1] epoch_31  
2025-02-27 17:31:01.156  =============================================  
2025-02-27 17:31:01.156  val_finetune_dtvu_steps_1/loss = 2.5517  
2025-02-27 17:31:01.156  val_finetune_dtvu_steps_1/acc@01 = 0.4000  
2025-02-27 17:31:01.156  val_finetune_dtvu_steps_1/acc@05 = 0.8000  
2025-02-27 17:31:01.157  val_finetune_dtvu_steps_1/acc@10 = 0.8500  
2025-02-27 17:31:01.157  val_finetune_dtvu_steps_1/acc@20 = 0.9000  
2025-02-27 17:31:01.157  
  
2025-02-27 17:31:01.201  
  
2025-02-27 17:31:01.201  [VAL_FINETUNE_DTVU_STEPS_3] epoch_31  
2025-02-27 17:31:01.201  =============================================  
2025-02-27 17:31:01.202  val_finetune_dtvu_steps_3/loss = 2.8587  
2025-02-27 17:31:01.202  val_finetune_dtvu_steps_3/acc@01 = 0.3833  
2025-02-27 17:31:01.202  val_finetune_dtvu_steps_3/acc@05 = 0.7333  
2025-02-27 17:31:01.202  val_finetune_dtvu_steps_3/acc@10 = 0.7833  
2025-02-27 17:31:01.202  val_finetune_dtvu_steps_3/acc@20 = 0.8333  
2025-02-27 17:31:01.202  
  
2025-02-27 17:31:01.626  
  
2025-02-27 17:31:01.630  [TRN] epoch_32  
2025-02-27 17:31:01.634  =============================================  
2025-02-27 17:31:01.643  trn/loss = 2.7866  
2025-02-27 17:31:01.649  trn/acc@01 = 0.3396  
2025-02-27 17:31:01.650  trn/acc@05 = 0.6125  
2025-02-27 17:31:01.653  trn/acc@10 = 0.7458  
2025-02-27 17:31:01.656  trn/acc@20 = 0.8708  
2025-02-27 17:31:01.667  
  
2025-02-27 17:31:01.770  
  
2025-02-27 17:31:01.772  [VAL_FINETUNE_DTVU_STEPS_1] epoch_32  
2025-02-27 17:31:01.774  =============================================  
2025-02-27 17:31:01.775  val_finetune_dtvu_steps_1/loss = 2.5263  
2025-02-27 17:31:01.775  val_finetune_dtvu_steps_1/acc@01 = 0.4500  
2025-02-27 17:31:01.776  val_finetune_dtvu_steps_1/acc@05 = 0.8000  
2025-02-27 17:31:01.776  val_finetune_dtvu_steps_1/acc@10 = 0.9000  
2025-02-27 17:31:01.776  val_finetune_dtvu_steps_1/acc@20 = 0.9000  
2025-02-27 17:31:01.776  
  
2025-02-27 17:31:01.851  
  
2025-02-27 17:31:01.851  [VAL_FINETUNE_DTVU_STEPS_3] epoch_32  
2025-02-27 17:31:01.851  =============================================  
2025-02-27 17:31:01.851  val_finetune_dtvu_steps_3/loss = 2.8523  
2025-02-27 17:31:01.851  val_finetune_dtvu_steps_3/acc@01 = 0.4000  
2025-02-27 17:31:01.851  val_finetune_dtvu_steps_3/acc@05 = 0.7000  
2025-02-27 17:31:01.852  val_finetune_dtvu_steps_3/acc@10 = 0.8000  
2025-02-27 17:31:01.852  val_finetune_dtvu_steps_3/acc@20 = 0.8667  
2025-02-27 17:31:01.852  
  
2025-02-27 17:31:02.167  
  
2025-02-27 17:31:02.168  [TRN] epoch_33  
2025-02-27 17:31:02.168  =============================================  
2025-02-27 17:31:02.168  trn/loss = 2.6629  
2025-02-27 17:31:02.168  trn/acc@01 = 0.3457  
2025-02-27 17:31:02.168  trn/acc@05 = 0.6130  
2025-02-27 17:31:02.168  trn/acc@10 = 0.7587  
2025-02-27 17:31:02.168  trn/acc@20 = 0.8870  
2025-02-27 17:31:02.168  
  
2025-02-27 17:31:02.203  
  
2025-02-27 17:31:02.203  [VAL_FINETUNE_DTVU_STEPS_1] epoch_33  
2025-02-27 17:31:02.203  =============================================  
2025-02-27 17:31:02.203  val_finetune_dtvu_steps_1/loss = 2.4767  
2025-02-27 17:31:02.204  val_finetune_dtvu_steps_1/acc@01 = 0.4500  
2025-02-27 17:31:02.204  val_finetune_dtvu_steps_1/acc@05 = 0.8000  
2025-02-27 17:31:02.204  val_finetune_dtvu_steps_1/acc@10 = 0.9000  
2025-02-27 17:31:02.204  val_finetune_dtvu_steps_1/acc@20 = 0.9000  
2025-02-27 17:31:02.204  
  
2025-02-27 17:31:02.240  
  
2025-02-27 17:31:02.240  [VAL_FINETUNE_DTVU_STEPS_3] epoch_33  
2025-02-27 17:31:02.240  =============================================  
2025-02-27 17:31:02.241  val_finetune_dtvu_steps_3/loss = 2.8028  
2025-02-27 17:31:02.241  val_finetune_dtvu_steps_3/acc@01 = 0.4333  
2025-02-27 17:31:02.241  val_finetune_dtvu_steps_3/acc@05 = 0.7167  
2025-02-27 17:31:02.241  val_finetune_dtvu_steps_3/acc@10 = 0.8167  
2025-02-27 17:31:02.241  val_finetune_dtvu_steps_3/acc@20 = 0.8667  
2025-02-27 17:31:02.241  
  
2025-02-27 17:31:02.559  
  
2025-02-27 17:31:02.560  [TRN] epoch_34  
2025-02-27 17:31:02.560  =============================================  
2025-02-27 17:31:02.560  trn/loss = 2.7471  
2025-02-27 17:31:02.561  trn/acc@01 = 0.3167  
2025-02-27 17:31:02.561  trn/acc@05 = 0.6278  
2025-02-27 17:31:02.561  trn/acc@10 = 0.7685  
2025-02-27 17:31:02.561  trn/acc@20 = 0.8796  
2025-02-27 17:31:02.561  
  
2025-02-27 17:31:02.614  
  
2025-02-27 17:31:02.614  [VAL_FINETUNE_DTVU_STEPS_1] epoch_34  
2025-02-27 17:31:02.614  =============================================  
2025-02-27 17:31:02.615  val_finetune_dtvu_steps_1/loss = 2.5014  
2025-02-27 17:31:02.615  val_finetune_dtvu_steps_1/acc@01 = 0.4000  
2025-02-27 17:31:02.615  val_finetune_dtvu_steps_1/acc@05 = 0.8000  
2025-02-27 17:31:02.615  val_finetune_dtvu_steps_1/acc@10 = 0.9000  
2025-02-27 17:31:02.615  val_finetune_dtvu_steps_1/acc@20 = 0.9000  
2025-02-27 17:31:02.615  
  
2025-02-27 17:31:02.660  
  
2025-02-27 17:31:02.660  [VAL_FINETUNE_DTVU_STEPS_3] epoch_34  
2025-02-27 17:31:02.661  =============================================  
2025-02-27 17:31:02.661  val_finetune_dtvu_steps_3/loss = 2.8818  
2025-02-27 17:31:02.661  val_finetune_dtvu_steps_3/acc@01 = 0.4167  
2025-02-27 17:31:02.661  val_finetune_dtvu_steps_3/acc@05 = 0.7167  
2025-02-27 17:31:02.661  val_finetune_dtvu_steps_3/acc@10 = 0.8167  
2025-02-27 17:31:02.661  val_finetune_dtvu_steps_3/acc@20 = 0.8667  
2025-02-27 17:31:02.661  
  
2025-02-27 17:31:03.021  
  
2025-02-27 17:31:03.021  [TRN] epoch_35  
2025-02-27 17:31:03.021  =============================================  
2025-02-27 17:31:03.021  trn/loss = 2.6810  
2025-02-27 17:31:03.021  trn/acc@01 = 0.3352  
2025-02-27 17:31:03.022  trn/acc@05 = 0.6463  
2025-02-27 17:31:03.022  trn/acc@10 = 0.7722  
2025-02-27 17:31:03.022  trn/acc@20 = 0.8667  
2025-02-27 17:31:03.022  
  
2025-02-27 17:31:03.058  
  
2025-02-27 17:31:03.058  [VAL_FINETUNE_DTVU_STEPS_1] epoch_35  
2025-02-27 17:31:03.058  =============================================  
2025-02-27 17:31:03.058  val_finetune_dtvu_steps_1/loss = 2.5501  
2025-02-27 17:31:03.059  val_finetune_dtvu_steps_1/acc@01 = 0.4000  
2025-02-27 17:31:03.059  val_finetune_dtvu_steps_1/acc@05 = 0.8500  
2025-02-27 17:31:03.059  val_finetune_dtvu_steps_1/acc@10 = 0.8500  
2025-02-27 17:31:03.059  val_finetune_dtvu_steps_1/acc@20 = 0.9000  
2025-02-27 17:31:03.059  
  
2025-02-27 17:31:03.097  
  
2025-02-27 17:31:03.097  [VAL_FINETUNE_DTVU_STEPS_3] epoch_35  
2025-02-27 17:31:03.097  =============================================  
2025-02-27 17:31:03.097  val_finetune_dtvu_steps_3/loss = 2.9072  
2025-02-27 17:31:03.097  val_finetune_dtvu_steps_3/acc@01 = 0.4000  
2025-02-27 17:31:03.098  val_finetune_dtvu_steps_3/acc@05 = 0.7333  
2025-02-27 17:31:03.098  val_finetune_dtvu_steps_3/acc@10 = 0.8000  
2025-02-27 17:31:03.098  val_finetune_dtvu_steps_3/acc@20 = 0.8500  
2025-02-27 17:31:03.098  
  
2025-02-27 17:31:03.427  
  
2025-02-27 17:31:03.427  [TRN] epoch_36  
2025-02-27 17:31:03.427  =============================================  
2025-02-27 17:31:03.427  trn/loss = 2.4867  
2025-02-27 17:31:03.427  trn/acc@01 = 0.4020  
2025-02-27 17:31:03.427  trn/acc@05 = 0.6788  
2025-02-27 17:31:03.428  trn/acc@10 = 0.7818  
2025-02-27 17:31:03.428  trn/acc@20 = 0.8909  
2025-02-27 17:31:03.428  
  
2025-02-27 17:31:03.466  
  
2025-02-27 17:31:03.467  [VAL_FINETUNE_DTVU_STEPS_1] epoch_36  
2025-02-27 17:31:03.467  =============================================  
2025-02-27 17:31:03.467  val_finetune_dtvu_steps_1/loss = 2.4548  
2025-02-27 17:31:03.467  val_finetune_dtvu_steps_1/acc@01 = 0.4500  
2025-02-27 17:31:03.467  val_finetune_dtvu_steps_1/acc@05 = 0.8000  
2025-02-27 17:31:03.467  val_finetune_dtvu_steps_1/acc@10 = 0.9000  
2025-02-27 17:31:03.467  val_finetune_dtvu_steps_1/acc@20 = 0.9000  
2025-02-27 17:31:03.467  
  
2025-02-27 17:31:03.506  
  
2025-02-27 17:31:03.506  [VAL_FINETUNE_DTVU_STEPS_3] epoch_36  
2025-02-27 17:31:03.507  =============================================  
2025-02-27 17:31:03.507  val_finetune_dtvu_steps_3/loss = 2.8626  
2025-02-27 17:31:03.507  val_finetune_dtvu_steps_3/acc@01 = 0.4000  
2025-02-27 17:31:03.507  val_finetune_dtvu_steps_3/acc@05 = 0.7167  
2025-02-27 17:31:03.507  val_finetune_dtvu_steps_3/acc@10 = 0.8000  
2025-02-27 17:31:03.507  val_finetune_dtvu_steps_3/acc@20 = 0.8500  
2025-02-27 17:31:03.507  
  
2025-02-27 17:31:03.861  
  
2025-02-27 17:31:03.861  [TRN] epoch_37  
2025-02-27 17:31:03.861  =============================================  
2025-02-27 17:31:03.861  trn/loss = 2.5608  
2025-02-27 17:31:03.861  trn/acc@01 = 0.3465  
2025-02-27 17:31:03.862  trn/acc@05 = 0.6851  
2025-02-27 17:31:03.862  trn/acc@10 = 0.7822  
2025-02-27 17:31:03.862  trn/acc@20 = 0.8733  
2025-02-27 17:31:03.862  
  
2025-02-27 17:31:03.898  
  
2025-02-27 17:31:03.899  [VAL_FINETUNE_DTVU_STEPS_1] epoch_37  
2025-02-27 17:31:03.899  =============================================  
2025-02-27 17:31:03.899  val_finetune_dtvu_steps_1/loss = 2.4187  
2025-02-27 17:31:03.899  val_finetune_dtvu_steps_1/acc@01 = 0.4000  
2025-02-27 17:31:03.899  val_finetune_dtvu_steps_1/acc@05 = 0.8500  
2025-02-27 17:31:03.899  val_finetune_dtvu_steps_1/acc@10 = 0.9000  
2025-02-27 17:31:03.899  val_finetune_dtvu_steps_1/acc@20 = 0.9000  
2025-02-27 17:31:03.899  
  
2025-02-27 17:31:03.934  
  
2025-02-27 17:31:03.935  [VAL_FINETUNE_DTVU_STEPS_3] epoch_37  
2025-02-27 17:31:03.935  =============================================  
2025-02-27 17:31:03.935  val_finetune_dtvu_steps_3/loss = 2.8243  
2025-02-27 17:31:03.935  val_finetune_dtvu_steps_3/acc@01 = 0.4167  
2025-02-27 17:31:03.935  val_finetune_dtvu_steps_3/acc@05 = 0.7333  
2025-02-27 17:31:03.935  val_finetune_dtvu_steps_3/acc@10 = 0.8167  
2025-02-27 17:31:03.935  val_finetune_dtvu_steps_3/acc@20 = 0.8667  
2025-02-27 17:31:03.935  
  
2025-02-27 17:31:04.263  
  
2025-02-27 17:31:04.263  [TRN] epoch_38  
2025-02-27 17:31:04.264  =============================================  
2025-02-27 17:31:04.264  trn/loss = 2.4835  
2025-02-27 17:31:04.264  trn/acc@01 = 0.3833  
2025-02-27 17:31:04.264  trn/acc@05 = 0.6889  
2025-02-27 17:31:04.264  trn/acc@10 = 0.8074  
2025-02-27 17:31:04.264  trn/acc@20 = 0.9111  
2025-02-27 17:31:04.264  
  
2025-02-27 17:31:04.303  
  
2025-02-27 17:31:04.303  [VAL_FINETUNE_DTVU_STEPS_1] epoch_38  
2025-02-27 17:31:04.303  =============================================  
2025-02-27 17:31:04.303  val_finetune_dtvu_steps_1/loss = 2.4152  
2025-02-27 17:31:04.303  val_finetune_dtvu_steps_1/acc@01 = 0.4000  
2025-02-27 17:31:04.304  val_finetune_dtvu_steps_1/acc@05 = 0.8500  
2025-02-27 17:31:04.304  val_finetune_dtvu_steps_1/acc@10 = 0.9000  
2025-02-27 17:31:04.304  val_finetune_dtvu_steps_1/acc@20 = 0.9000  
2025-02-27 17:31:04.304  
  
2025-02-27 17:31:04.351  
  
2025-02-27 17:31:04.351  [VAL_FINETUNE_DTVU_STEPS_3] epoch_38  
2025-02-27 17:31:04.351  =============================================  
2025-02-27 17:31:04.351  val_finetune_dtvu_steps_3/loss = 2.8143  
2025-02-27 17:31:04.351  val_finetune_dtvu_steps_3/acc@01 = 0.4000  
2025-02-27 17:31:04.351  val_finetune_dtvu_steps_3/acc@05 = 0.7333  
2025-02-27 17:31:04.352  val_finetune_dtvu_steps_3/acc@10 = 0.8167  
2025-02-27 17:31:04.352  val_finetune_dtvu_steps_3/acc@20 = 0.8667  
2025-02-27 17:31:04.352  
  
2025-02-27 17:31:04.740  
  
2025-02-27 17:31:04.741  [TRN] epoch_39  
2025-02-27 17:31:04.741  =============================================  
2025-02-27 17:31:04.741  trn/loss = 2.7038  
2025-02-27 17:31:04.741  trn/acc@01 = 0.3485  
2025-02-27 17:31:04.741  trn/acc@05 = 0.6433  
2025-02-27 17:31:04.741  trn/acc@10 = 0.7423  
2025-02-27 17:31:04.741  trn/acc@20 = 0.8598  
2025-02-27 17:31:04.742  
  
2025-02-27 17:31:04.782  
  
2025-02-27 17:31:04.782  [VAL_FINETUNE_DTVU_STEPS_1] epoch_39  
2025-02-27 17:31:04.783  =============================================  
2025-02-27 17:31:04.783  val_finetune_dtvu_steps_1/loss = 2.4204  
2025-02-27 17:31:04.783  val_finetune_dtvu_steps_1/acc@01 = 0.4000  
2025-02-27 17:31:04.783  val_finetune_dtvu_steps_1/acc@05 = 0.8500  
2025-02-27 17:31:04.783  val_finetune_dtvu_steps_1/acc@10 = 0.9000  
2025-02-27 17:31:04.784  val_finetune_dtvu_steps_1/acc@20 = 0.9000  
2025-02-27 17:31:04.784  
  
2025-02-27 17:31:04.837  
  
2025-02-27 17:31:04.837  [VAL_FINETUNE_DTVU_STEPS_3] epoch_39  
2025-02-27 17:31:04.838  =============================================  
2025-02-27 17:31:04.845  val_finetune_dtvu_steps_3/loss = 2.8175  
2025-02-27 17:31:04.845  val_finetune_dtvu_steps_3/acc@01 = 0.4000  
2025-02-27 17:31:04.845  val_finetune_dtvu_steps_3/acc@05 = 0.7333  
2025-02-27 17:31:04.846  val_finetune_dtvu_steps_3/acc@10 = 0.8167  
2025-02-27 17:31:04.846  val_finetune_dtvu_steps_3/acc@20 = 0.8667  
2025-02-27 17:31:04.846  
  
2025-02-27 17:31:05.196  
  
2025-02-27 17:31:05.196  [TRN] epoch_40  
2025-02-27 17:31:05.196  =============================================  
2025-02-27 17:31:05.196  trn/loss = 2.6100  
2025-02-27 17:31:05.197  trn/acc@01 = 0.3562  
2025-02-27 17:31:05.197  trn/acc@05 = 0.6590  
2025-02-27 17:31:05.197  trn/acc@10 = 0.7600  
2025-02-27 17:31:05.197  trn/acc@20 = 0.8800  
2025-02-27 17:31:05.197  
  
2025-02-27 17:31:05.233  
  
2025-02-27 17:31:05.233  [VAL_FINETUNE_DTVU_STEPS_1] epoch_40  
2025-02-27 17:31:05.233  =============================================  
2025-02-27 17:31:05.233  val_finetune_dtvu_steps_1/loss = 2.5730  
2025-02-27 17:31:05.233  val_finetune_dtvu_steps_1/acc@01 = 0.4000  
2025-02-27 17:31:05.234  val_finetune_dtvu_steps_1/acc@05 = 0.7500  
2025-02-27 17:31:05.234  val_finetune_dtvu_steps_1/acc@10 = 0.8500  
2025-02-27 17:31:05.234  val_finetune_dtvu_steps_1/acc@20 = 0.9000  
2025-02-27 17:31:05.234  
  
2025-02-27 17:31:05.274  
  
2025-02-27 17:31:05.275  [VAL_FINETUNE_DTVU_STEPS_3] epoch_40  
2025-02-27 17:31:05.275  =============================================  
2025-02-27 17:31:05.275  val_finetune_dtvu_steps_3/loss = 2.8851  
2025-02-27 17:31:05.275  val_finetune_dtvu_steps_3/acc@01 = 0.3667  
2025-02-27 17:31:05.275  val_finetune_dtvu_steps_3/acc@05 = 0.6833  
2025-02-27 17:31:05.275  val_finetune_dtvu_steps_3/acc@10 = 0.7500  
2025-02-27 17:31:05.275  val_finetune_dtvu_steps_3/acc@20 = 0.8500  
2025-02-27 17:31:05.275  
  
2025-02-27 17:31:05.571  
  
2025-02-27 17:31:05.572  [TRN] epoch_41  
2025-02-27 17:31:05.572  =============================================  
2025-02-27 17:31:05.572  trn/loss = 2.4467  
2025-02-27 17:31:05.572  trn/acc@01 = 0.4110  
2025-02-27 17:31:05.572  trn/acc@05 = 0.6901  
2025-02-27 17:31:05.572  trn/acc@10 = 0.7846  
2025-02-27 17:31:05.572  trn/acc@20 = 0.8791  
2025-02-27 17:31:05.572  
  
2025-02-27 17:31:05.607  
  
2025-02-27 17:31:05.607  [VAL_FINETUNE_DTVU_STEPS_1] epoch_41  
2025-02-27 17:31:05.607  =============================================  
2025-02-27 17:31:05.607  val_finetune_dtvu_steps_1/loss = 2.4033  
2025-02-27 17:31:05.607  val_finetune_dtvu_steps_1/acc@01 = 0.4500  
2025-02-27 17:31:05.607  val_finetune_dtvu_steps_1/acc@05 = 0.7000  
2025-02-27 17:31:05.607  val_finetune_dtvu_steps_1/acc@10 = 0.8000  
2025-02-27 17:31:05.607  val_finetune_dtvu_steps_1/acc@20 = 0.9000  
2025-02-27 17:31:05.607  
  
2025-02-27 17:31:05.643  
  
2025-02-27 17:31:05.643  [VAL_FINETUNE_DTVU_STEPS_3] epoch_41  
2025-02-27 17:31:05.643  =============================================  
2025-02-27 17:31:05.643  val_finetune_dtvu_steps_3/loss = 2.7818  
2025-02-27 17:31:05.643  val_finetune_dtvu_steps_3/acc@01 = 0.4000  
2025-02-27 17:31:05.643  val_finetune_dtvu_steps_3/acc@05 = 0.7167  
2025-02-27 17:31:05.643  val_finetune_dtvu_steps_3/acc@10 = 0.7667  
2025-02-27 17:31:05.643  val_finetune_dtvu_steps_3/acc@20 = 0.8500  
2025-02-27 17:31:05.643  
  
2025-02-27 17:31:05.950  
  
2025-02-27 17:31:05.950  [TRN] epoch_42  
2025-02-27 17:31:05.950  =============================================  
2025-02-27 17:31:05.951  trn/loss = 2.4389  
2025-02-27 17:31:05.951  trn/acc@01 = 0.3773  
2025-02-27 17:31:05.951  trn/acc@05 = 0.6969  
2025-02-27 17:31:05.951  trn/acc@10 = 0.8021  
2025-02-27 17:31:05.952  trn/acc@20 = 0.9052  
2025-02-27 17:31:05.952  
  
2025-02-27 17:31:05.989  
  
2025-02-27 17:31:05.989  [VAL_FINETUNE_DTVU_STEPS_1] epoch_42  
2025-02-27 17:31:05.989  =============================================  
2025-02-27 17:31:05.989  val_finetune_dtvu_steps_1/loss = 2.4654  
2025-02-27 17:31:05.989  val_finetune_dtvu_steps_1/acc@01 = 0.4000  
2025-02-27 17:31:05.989  val_finetune_dtvu_steps_1/acc@05 = 0.8000  
2025-02-27 17:31:05.989  val_finetune_dtvu_steps_1/acc@10 = 0.8500  
2025-02-27 17:31:05.989  val_finetune_dtvu_steps_1/acc@20 = 0.9000  
2025-02-27 17:31:05.990  
  
2025-02-27 17:31:06.031  
  
2025-02-27 17:31:06.031  [VAL_FINETUNE_DTVU_STEPS_3] epoch_42  
2025-02-27 17:31:06.031  =============================================  
2025-02-27 17:31:06.031  val_finetune_dtvu_steps_3/loss = 2.8142  
2025-02-27 17:31:06.032  val_finetune_dtvu_steps_3/acc@01 = 0.3667  
2025-02-27 17:31:06.032  val_finetune_dtvu_steps_3/acc@05 = 0.7167  
2025-02-27 17:31:06.032  val_finetune_dtvu_steps_3/acc@10 = 0.7833  
2025-02-27 17:31:06.032  val_finetune_dtvu_steps_3/acc@20 = 0.8500  
2025-02-27 17:31:06.032  
  
2025-02-27 17:31:06.352  
  
2025-02-27 17:31:06.353  [TRN] epoch_43  
2025-02-27 17:31:06.353  =============================================  
2025-02-27 17:31:06.353  trn/loss = 2.4763  
2025-02-27 17:31:06.353  trn/acc@01 = 0.3519  
2025-02-27 17:31:06.353  trn/acc@05 = 0.6692  
2025-02-27 17:31:06.353  trn/acc@10 = 0.7981  
2025-02-27 17:31:06.353  trn/acc@20 = 0.9000  
2025-02-27 17:31:06.353  
  
2025-02-27 17:31:06.387  
  
2025-02-27 17:31:06.387  [VAL_FINETUNE_DTVU_STEPS_1] epoch_43  
2025-02-27 17:31:06.387  =============================================  
2025-02-27 17:31:06.387  val_finetune_dtvu_steps_1/loss = 2.4537  
2025-02-27 17:31:06.387  val_finetune_dtvu_steps_1/acc@01 = 0.4000  
2025-02-27 17:31:06.387  val_finetune_dtvu_steps_1/acc@05 = 0.8500  
2025-02-27 17:31:06.388  val_finetune_dtvu_steps_1/acc@10 = 0.8500  
2025-02-27 17:31:06.388  val_finetune_dtvu_steps_1/acc@20 = 0.9000  
2025-02-27 17:31:06.388  
  
2025-02-27 17:31:06.422  
  
2025-02-27 17:31:06.422  [VAL_FINETUNE_DTVU_STEPS_3] epoch_43  
2025-02-27 17:31:06.422  =============================================  
2025-02-27 17:31:06.423  val_finetune_dtvu_steps_3/loss = 2.8104  
2025-02-27 17:31:06.423  val_finetune_dtvu_steps_3/acc@01 = 0.3833  
2025-02-27 17:31:06.423  val_finetune_dtvu_steps_3/acc@05 = 0.7333  
2025-02-27 17:31:06.423  val_finetune_dtvu_steps_3/acc@10 = 0.7833  
2025-02-27 17:31:06.423  val_finetune_dtvu_steps_3/acc@20 = 0.8500  
2025-02-27 17:31:06.423  
  
2025-02-27 17:31:06.731  
  
2025-02-27 17:31:06.732  [TRN] epoch_44  
2025-02-27 17:31:06.732  =============================================  
2025-02-27 17:31:06.732  trn/loss = 2.3018  
2025-02-27 17:31:06.732  trn/acc@01 = 0.3784  
2025-02-27 17:31:06.732  trn/acc@05 = 0.7294  
2025-02-27 17:31:06.733  trn/acc@10 = 0.8216  
2025-02-27 17:31:06.733  trn/acc@20 = 0.9059  
2025-02-27 17:31:06.733  
  
2025-02-27 17:31:06.767  
  
2025-02-27 17:31:06.767  [VAL_FINETUNE_DTVU_STEPS_1] epoch_44  
2025-02-27 17:31:06.768  =============================================  
2025-02-27 17:31:06.768  val_finetune_dtvu_steps_1/loss = 2.3999  
2025-02-27 17:31:06.768  val_finetune_dtvu_steps_1/acc@01 = 0.4000  
2025-02-27 17:31:06.768  val_finetune_dtvu_steps_1/acc@05 = 0.8000  
2025-02-27 17:31:06.768  val_finetune_dtvu_steps_1/acc@10 = 0.8500  
2025-02-27 17:31:06.768  val_finetune_dtvu_steps_1/acc@20 = 0.9000  
2025-02-27 17:31:06.768  
  
2025-02-27 17:31:06.802  
  
2025-02-27 17:31:06.802  [VAL_FINETUNE_DTVU_STEPS_3] epoch_44  
2025-02-27 17:31:06.803  =============================================  
2025-02-27 17:31:06.803  val_finetune_dtvu_steps_3/loss = 2.7753  
2025-02-27 17:31:06.803  val_finetune_dtvu_steps_3/acc@01 = 0.4000  
2025-02-27 17:31:06.803  val_finetune_dtvu_steps_3/acc@05 = 0.7167  
2025-02-27 17:31:06.803  val_finetune_dtvu_steps_3/acc@10 = 0.7833  
2025-02-27 17:31:06.803  val_finetune_dtvu_steps_3/acc@20 = 0.8500  
2025-02-27 17:31:06.803  
  
2025-02-27 17:31:07.114  
  
2025-02-27 17:31:07.114  [TRN] epoch_45  
2025-02-27 17:31:07.114  =============================================  
2025-02-27 17:31:07.114  trn/loss = 2.4438  
2025-02-27 17:31:07.114  trn/acc@01 = 0.3526  
2025-02-27 17:31:07.115  trn/acc@05 = 0.7175  
2025-02-27 17:31:07.115  trn/acc@10 = 0.8062  
2025-02-27 17:31:07.115  trn/acc@20 = 0.9278  
2025-02-27 17:31:07.115  
  
2025-02-27 17:31:07.150  
  
2025-02-27 17:31:07.150  [VAL_FINETUNE_DTVU_STEPS_1] epoch_45  
2025-02-27 17:31:07.150  =============================================  
2025-02-27 17:31:07.150  val_finetune_dtvu_steps_1/loss = 2.4778  
2025-02-27 17:31:07.150  val_finetune_dtvu_steps_1/acc@01 = 0.4500  
2025-02-27 17:31:07.150  val_finetune_dtvu_steps_1/acc@05 = 0.8000  
2025-02-27 17:31:07.151  val_finetune_dtvu_steps_1/acc@10 = 0.8500  
2025-02-27 17:31:07.151  val_finetune_dtvu_steps_1/acc@20 = 0.9000  
2025-02-27 17:31:07.151  
  
2025-02-27 17:31:07.189  
  
2025-02-27 17:31:07.189  [VAL_FINETUNE_DTVU_STEPS_3] epoch_45  
2025-02-27 17:31:07.189  =============================================  
2025-02-27 17:31:07.189  val_finetune_dtvu_steps_3/loss = 2.8031  
2025-02-27 17:31:07.189  val_finetune_dtvu_steps_3/acc@01 = 0.4000  
2025-02-27 17:31:07.189  val_finetune_dtvu_steps_3/acc@05 = 0.7167  
2025-02-27 17:31:07.189  val_finetune_dtvu_steps_3/acc@10 = 0.7833  
2025-02-27 17:31:07.190  val_finetune_dtvu_steps_3/acc@20 = 0.8500  
2025-02-27 17:31:07.190  
  
2025-02-27 17:31:07.498  
  
2025-02-27 17:31:07.498  [TRN] epoch_46  
2025-02-27 17:31:07.498  =============================================  
2025-02-27 17:31:07.498  trn/loss = 2.3364  
2025-02-27 17:31:07.498  trn/acc@01 = 0.3963  
2025-02-27 17:31:07.498  trn/acc@05 = 0.7266  
2025-02-27 17:31:07.498  trn/acc@10 = 0.8275  
2025-02-27 17:31:07.498  trn/acc@20 = 0.9303  
2025-02-27 17:31:07.499  
  
2025-02-27 17:31:07.532  
  
2025-02-27 17:31:07.532  [VAL_FINETUNE_DTVU_STEPS_1] epoch_46  
2025-02-27 17:31:07.532  =============================================  
2025-02-27 17:31:07.532  val_finetune_dtvu_steps_1/loss = 2.4807  
2025-02-27 17:31:07.532  val_finetune_dtvu_steps_1/acc@01 = 0.4000  
2025-02-27 17:31:07.532  val_finetune_dtvu_steps_1/acc@05 = 0.8000  
2025-02-27 17:31:07.533  val_finetune_dtvu_steps_1/acc@10 = 0.8500  
2025-02-27 17:31:07.533  val_finetune_dtvu_steps_1/acc@20 = 0.9000  
2025-02-27 17:31:07.533  
  
2025-02-27 17:31:07.572  
  
2025-02-27 17:31:07.572  [VAL_FINETUNE_DTVU_STEPS_3] epoch_46  
2025-02-27 17:31:07.573  =============================================  
2025-02-27 17:31:07.573  val_finetune_dtvu_steps_3/loss = 2.7882  
2025-02-27 17:31:07.573  val_finetune_dtvu_steps_3/acc@01 = 0.4167  
2025-02-27 17:31:07.573  val_finetune_dtvu_steps_3/acc@05 = 0.7167  
2025-02-27 17:31:07.573  val_finetune_dtvu_steps_3/acc@10 = 0.7833  
2025-02-27 17:31:07.573  val_finetune_dtvu_steps_3/acc@20 = 0.8500  
2025-02-27 17:31:07.573  
  
2025-02-27 17:31:07.894  
  
2025-02-27 17:31:07.894  [TRN] epoch_47  
2025-02-27 17:31:07.894  =============================================  
2025-02-27 17:31:07.894  trn/loss = 2.4142  
2025-02-27 17:31:07.894  trn/acc@01 = 0.3980  
2025-02-27 17:31:07.894  trn/acc@05 = 0.6959  
2025-02-27 17:31:07.894  trn/acc@10 = 0.8000  
2025-02-27 17:31:07.895  trn/acc@20 = 0.8878  
2025-02-27 17:31:07.895  
  
2025-02-27 17:31:07.929  
  
2025-02-27 17:31:07.929  [VAL_FINETUNE_DTVU_STEPS_1] epoch_47  
2025-02-27 17:31:07.929  =============================================  
2025-02-27 17:31:07.930  val_finetune_dtvu_steps_1/loss = 2.4697  
2025-02-27 17:31:07.930  val_finetune_dtvu_steps_1/acc@01 = 0.4000  
2025-02-27 17:31:07.930  val_finetune_dtvu_steps_1/acc@05 = 0.8000  
2025-02-27 17:31:07.930  val_finetune_dtvu_steps_1/acc@10 = 0.8500  
2025-02-27 17:31:07.930  val_finetune_dtvu_steps_1/acc@20 = 0.9000  
2025-02-27 17:31:07.930  
  
2025-02-27 17:31:07.968  
  
2025-02-27 17:31:07.968  [VAL_FINETUNE_DTVU_STEPS_3] epoch_47  
2025-02-27 17:31:07.968  =============================================  
2025-02-27 17:31:07.968  val_finetune_dtvu_steps_3/loss = 2.7763  
2025-02-27 17:31:07.968  val_finetune_dtvu_steps_3/acc@01 = 0.4167  
2025-02-27 17:31:07.969  val_finetune_dtvu_steps_3/acc@05 = 0.7167  
2025-02-27 17:31:07.969  val_finetune_dtvu_steps_3/acc@10 = 0.7833  
2025-02-27 17:31:07.969  val_finetune_dtvu_steps_3/acc@20 = 0.8500  
2025-02-27 17:31:07.969  
  
2025-02-27 17:31:08.283  
  
2025-02-27 17:31:08.283  [TRN] epoch_48  
2025-02-27 17:31:08.283  =============================================  
2025-02-27 17:31:08.284  trn/loss = 2.3833  
2025-02-27 17:31:08.284  trn/acc@01 = 0.3676  
2025-02-27 17:31:08.284  trn/acc@05 = 0.7029  
2025-02-27 17:31:08.284  trn/acc@10 = 0.8229  
2025-02-27 17:31:08.284  trn/acc@20 = 0.9200  
2025-02-27 17:31:08.284  
  
2025-02-27 17:31:08.318  
  
2025-02-27 17:31:08.318  [VAL_FINETUNE_DTVU_STEPS_1] epoch_48  
2025-02-27 17:31:08.318  =============================================  
2025-02-27 17:31:08.318  val_finetune_dtvu_steps_1/loss = 2.4115  
2025-02-27 17:31:08.318  val_finetune_dtvu_steps_1/acc@01 = 0.4500  
2025-02-27 17:31:08.318  val_finetune_dtvu_steps_1/acc@05 = 0.8000  
2025-02-27 17:31:08.318  val_finetune_dtvu_steps_1/acc@10 = 0.9000  
2025-02-27 17:31:08.318  val_finetune_dtvu_steps_1/acc@20 = 0.9000  
2025-02-27 17:31:08.318  
  
2025-02-27 17:31:08.353  
  
2025-02-27 17:31:08.353  [VAL_FINETUNE_DTVU_STEPS_3] epoch_48  
2025-02-27 17:31:08.353  =============================================  
2025-02-27 17:31:08.353  val_finetune_dtvu_steps_3/loss = 2.7336  
2025-02-27 17:31:08.353  val_finetune_dtvu_steps_3/acc@01 = 0.3833  
2025-02-27 17:31:08.353  val_finetune_dtvu_steps_3/acc@05 = 0.7333  
2025-02-27 17:31:08.353  val_finetune_dtvu_steps_3/acc@10 = 0.8167  
2025-02-27 17:31:08.353  val_finetune_dtvu_steps_3/acc@20 = 0.8333  
2025-02-27 17:31:08.353  
  
2025-02-27 17:31:08.660  
  
2025-02-27 17:31:08.660  [TRN] epoch_49  
2025-02-27 17:31:08.660  =============================================  
2025-02-27 17:31:08.660  trn/loss = 2.2948  
2025-02-27 17:31:08.661  trn/acc@01 = 0.4000  
2025-02-27 17:31:08.661  trn/acc@05 = 0.7374  
2025-02-27 17:31:08.661  trn/acc@10 = 0.8303  
2025-02-27 17:31:08.661  trn/acc@20 = 0.9273  
2025-02-27 17:31:08.661  
  
2025-02-27 17:31:08.697  
  
2025-02-27 17:31:08.697  [VAL_FINETUNE_DTVU_STEPS_1] epoch_49  
2025-02-27 17:31:08.697  =============================================  
2025-02-27 17:31:08.697  val_finetune_dtvu_steps_1/loss = 2.5762  
2025-02-27 17:31:08.697  val_finetune_dtvu_steps_1/acc@01 = 0.4000  
2025-02-27 17:31:08.697  val_finetune_dtvu_steps_1/acc@05 = 0.7500  
2025-02-27 17:31:08.698  val_finetune_dtvu_steps_1/acc@10 = 0.8500  
2025-02-27 17:31:08.698  val_finetune_dtvu_steps_1/acc@20 = 0.9000  
2025-02-27 17:31:08.698  
  
2025-02-27 17:31:08.733  
  
2025-02-27 17:31:08.734  [VAL_FINETUNE_DTVU_STEPS_3] epoch_49  
2025-02-27 17:31:08.734  =============================================  
2025-02-27 17:31:08.734  val_finetune_dtvu_steps_3/loss = 2.8337  
2025-02-27 17:31:08.734  val_finetune_dtvu_steps_3/acc@01 = 0.3667  
2025-02-27 17:31:08.734  val_finetune_dtvu_steps_3/acc@05 = 0.7333  
2025-02-27 17:31:08.734  val_finetune_dtvu_steps_3/acc@10 = 0.7667  
2025-02-27 17:31:08.734  val_finetune_dtvu_steps_3/acc@20 = 0.8167  
2025-02-27 17:31:08.734  
  
2025-02-27 17:31:09.037  
  
2025-02-27 17:31:09.038  [TRN] epoch_50  
2025-02-27 17:31:09.038  =============================================  
2025-02-27 17:31:09.038  trn/loss = 2.3613  
2025-02-27 17:31:09.038  trn/acc@01 = 0.4000  
2025-02-27 17:31:09.038  trn/acc@05 = 0.7178  
2025-02-27 17:31:09.038  trn/acc@10 = 0.8222  
2025-02-27 17:31:09.039  trn/acc@20 = 0.9089  
2025-02-27 17:31:09.039  
  
2025-02-27 17:31:09.070  
  
2025-02-27 17:31:09.070  [VAL_FINETUNE_DTVU_STEPS_1] epoch_50  
2025-02-27 17:31:09.070  =============================================  
2025-02-27 17:31:09.071  val_finetune_dtvu_steps_1/loss = 2.5010  
2025-02-27 17:31:09.071  val_finetune_dtvu_steps_1/acc@01 = 0.4500  
2025-02-27 17:31:09.071  val_finetune_dtvu_steps_1/acc@05 = 0.8500  
2025-02-27 17:31:09.071  val_finetune_dtvu_steps_1/acc@10 = 0.9000  
2025-02-27 17:31:09.071  val_finetune_dtvu_steps_1/acc@20 = 0.9000  
2025-02-27 17:31:09.071  
  
2025-02-27 17:31:09.111  
  
2025-02-27 17:31:09.111  [VAL_FINETUNE_DTVU_STEPS_3] epoch_50  
2025-02-27 17:31:09.111  =============================================  
2025-02-27 17:31:09.111  val_finetune_dtvu_steps_3/loss = 2.8546  
2025-02-27 17:31:09.111  val_finetune_dtvu_steps_3/acc@01 = 0.4000  
2025-02-27 17:31:09.112  val_finetune_dtvu_steps_3/acc@05 = 0.7500  
2025-02-27 17:31:09.112  val_finetune_dtvu_steps_3/acc@10 = 0.8167  
2025-02-27 17:31:09.112  val_finetune_dtvu_steps_3/acc@20 = 0.8333  
2025-02-27 17:31:09.112  
  
2025-02-27 17:31:09.440  
  
2025-02-27 17:31:09.440  [TRN] epoch_51  
2025-02-27 17:31:09.440  =============================================  
2025-02-27 17:31:09.440  trn/loss = 2.3365  
2025-02-27 17:31:09.440  trn/acc@01 = 0.4133  
2025-02-27 17:31:09.440  trn/acc@05 = 0.7410  
2025-02-27 17:31:09.441  trn/acc@10 = 0.8229  
2025-02-27 17:31:09.441  trn/acc@20 = 0.9143  
2025-02-27 17:31:09.441  
  
2025-02-27 17:31:09.478  
  
2025-02-27 17:31:09.478  [VAL_FINETUNE_DTVU_STEPS_1] epoch_51  
2025-02-27 17:31:09.478  =============================================  
2025-02-27 17:31:09.479  val_finetune_dtvu_steps_1/loss = 2.4201  
2025-02-27 17:31:09.479  val_finetune_dtvu_steps_1/acc@01 = 0.5000  
2025-02-27 17:31:09.479  val_finetune_dtvu_steps_1/acc@05 = 0.8500  
2025-02-27 17:31:09.479  val_finetune_dtvu_steps_1/acc@10 = 0.9000  
2025-02-27 17:31:09.479  val_finetune_dtvu_steps_1/acc@20 = 0.9000  
2025-02-27 17:31:09.479  
  
2025-02-27 17:31:09.522  
  
2025-02-27 17:31:09.522  [VAL_FINETUNE_DTVU_STEPS_3] epoch_51  
2025-02-27 17:31:09.522  =============================================  
2025-02-27 17:31:09.522  val_finetune_dtvu_steps_3/loss = 2.6752  
2025-02-27 17:31:09.523  val_finetune_dtvu_steps_3/acc@01 = 0.4333  
2025-02-27 17:31:09.523  val_finetune_dtvu_steps_3/acc@05 = 0.8000  
2025-02-27 17:31:09.523  val_finetune_dtvu_steps_3/acc@10 = 0.8333  
2025-02-27 17:31:09.523  val_finetune_dtvu_steps_3/acc@20 = 0.8667  
2025-02-27 17:31:09.523  
  
2025-02-27 17:31:09.846  
  
2025-02-27 17:31:09.847  [TRN] epoch_52  
2025-02-27 17:31:09.847  =============================================  
2025-02-27 17:31:09.847  trn/loss = 2.2729  
2025-02-27 17:31:09.847  trn/acc@01 = 0.4206  
2025-02-27 17:31:09.847  trn/acc@05 = 0.7439  
2025-02-27 17:31:09.847  trn/acc@10 = 0.8393  
2025-02-27 17:31:09.847  trn/acc@20 = 0.9234  
2025-02-27 17:31:09.847  
  
2025-02-27 17:31:09.885  
  
2025-02-27 17:31:09.885  [VAL_FINETUNE_DTVU_STEPS_1] epoch_52  
2025-02-27 17:31:09.885  =============================================  
2025-02-27 17:31:09.885  val_finetune_dtvu_steps_1/loss = 2.4162  
2025-02-27 17:31:09.885  val_finetune_dtvu_steps_1/acc@01 = 0.4000  
2025-02-27 17:31:09.886  val_finetune_dtvu_steps_1/acc@05 = 0.8500  
2025-02-27 17:31:09.886  val_finetune_dtvu_steps_1/acc@10 = 0.9000  
2025-02-27 17:31:09.886  val_finetune_dtvu_steps_1/acc@20 = 0.9000  
2025-02-27 17:31:09.886  
  
2025-02-27 17:31:09.922  
  
2025-02-27 17:31:09.923  [VAL_FINETUNE_DTVU_STEPS_3] epoch_52  
2025-02-27 17:31:09.923  =============================================  
2025-02-27 17:31:09.923  val_finetune_dtvu_steps_3/loss = 2.7008  
2025-02-27 17:31:09.923  val_finetune_dtvu_steps_3/acc@01 = 0.3833  
2025-02-27 17:31:09.923  val_finetune_dtvu_steps_3/acc@05 = 0.8000  
2025-02-27 17:31:09.923  val_finetune_dtvu_steps_3/acc@10 = 0.8167  
2025-02-27 17:31:09.923  val_finetune_dtvu_steps_3/acc@20 = 0.8667  
2025-02-27 17:31:09.923  
  
2025-02-27 17:31:10.231  
  
2025-02-27 17:31:10.232  [TRN] epoch_53  
2025-02-27 17:31:10.232  =============================================  
2025-02-27 17:31:10.232  trn/loss = 2.1712  
2025-02-27 17:31:10.232  trn/acc@01 = 0.4170  
2025-02-27 17:31:10.232  trn/acc@05 = 0.7755  
2025-02-27 17:31:10.232  trn/acc@10 = 0.8679  
2025-02-27 17:31:10.232  trn/acc@20 = 0.9491  
2025-02-27 17:31:10.233  
  
2025-02-27 17:31:10.265  
  
2025-02-27 17:31:10.265  [VAL_FINETUNE_DTVU_STEPS_1] epoch_53  
2025-02-27 17:31:10.266  =============================================  
2025-02-27 17:31:10.266  val_finetune_dtvu_steps_1/loss = 2.4165  
2025-02-27 17:31:10.266  val_finetune_dtvu_steps_1/acc@01 = 0.4000  
2025-02-27 17:31:10.266  val_finetune_dtvu_steps_1/acc@05 = 0.8500  
2025-02-27 17:31:10.266  val_finetune_dtvu_steps_1/acc@10 = 0.9000  
2025-02-27 17:31:10.266  val_finetune_dtvu_steps_1/acc@20 = 0.9000  
2025-02-27 17:31:10.266  
  
2025-02-27 17:31:10.305  
  
2025-02-27 17:31:10.305  [VAL_FINETUNE_DTVU_STEPS_3] epoch_53  
2025-02-27 17:31:10.305  =============================================  
2025-02-27 17:31:10.306  val_finetune_dtvu_steps_3/loss = 2.6996  
2025-02-27 17:31:10.306  val_finetune_dtvu_steps_3/acc@01 = 0.4000  
2025-02-27 17:31:10.306  val_finetune_dtvu_steps_3/acc@05 = 0.7833  
2025-02-27 17:31:10.306  val_finetune_dtvu_steps_3/acc@10 = 0.8167  
2025-02-27 17:31:10.306  val_finetune_dtvu_steps_3/acc@20 = 0.8833  
2025-02-27 17:31:10.307  
  
2025-02-27 17:31:10.628  
  
2025-02-27 17:31:10.628  [TRN] epoch_54  
2025-02-27 17:31:10.628  =============================================  
2025-02-27 17:31:10.628  trn/loss = 2.0028  
2025-02-27 17:31:10.629  trn/acc@01 = 0.4727  
2025-02-27 17:31:10.629  trn/acc@05 = 0.7727  
2025-02-27 17:31:10.629  trn/acc@10 = 0.8527  
2025-02-27 17:31:10.629  trn/acc@20 = 0.9527  
2025-02-27 17:31:10.629  
  
2025-02-27 17:31:10.668  
  
2025-02-27 17:31:10.668  [VAL_FINETUNE_DTVU_STEPS_1] epoch_54  
2025-02-27 17:31:10.668  =============================================  
2025-02-27 17:31:10.668  val_finetune_dtvu_steps_1/loss = 2.3976  
2025-02-27 17:31:10.668  val_finetune_dtvu_steps_1/acc@01 = 0.4500  
2025-02-27 17:31:10.668  val_finetune_dtvu_steps_1/acc@05 = 0.8500  
2025-02-27 17:31:10.668  val_finetune_dtvu_steps_1/acc@10 = 0.9000  
2025-02-27 17:31:10.668  val_finetune_dtvu_steps_1/acc@20 = 0.9000  
2025-02-27 17:31:10.669  
  
2025-02-27 17:31:10.703  
  
2025-02-27 17:31:10.704  [VAL_FINETUNE_DTVU_STEPS_3] epoch_54  
2025-02-27 17:31:10.704  =============================================  
2025-02-27 17:31:10.704  val_finetune_dtvu_steps_3/loss = 2.6789  
2025-02-27 17:31:10.704  val_finetune_dtvu_steps_3/acc@01 = 0.4167  
2025-02-27 17:31:10.704  val_finetune_dtvu_steps_3/acc@05 = 0.8000  
2025-02-27 17:31:10.704  val_finetune_dtvu_steps_3/acc@10 = 0.8167  
2025-02-27 17:31:10.704  val_finetune_dtvu_steps_3/acc@20 = 0.8667  
2025-02-27 17:31:10.704  
  
2025-02-27 17:31:11.049  
  
2025-02-27 17:31:11.050  [TRN] epoch_55  
2025-02-27 17:31:11.050  =============================================  
2025-02-27 17:31:11.050  trn/loss = 2.0886  
2025-02-27 17:31:11.050  trn/acc@01 = 0.4419  
2025-02-27 17:31:11.050  trn/acc@05 = 0.7810  
2025-02-27 17:31:11.050  trn/acc@10 = 0.8686  
2025-02-27 17:31:11.050  trn/acc@20 = 0.9543  
2025-02-27 17:31:11.050  
  
2025-02-27 17:31:11.093  
  
2025-02-27 17:31:11.093  [VAL_FINETUNE_DTVU_STEPS_1] epoch_55  
2025-02-27 17:31:11.093  =============================================  
2025-02-27 17:31:11.094  val_finetune_dtvu_steps_1/loss = 2.3959  
2025-02-27 17:31:11.094  val_finetune_dtvu_steps_1/acc@01 = 0.4500  
2025-02-27 17:31:11.094  val_finetune_dtvu_steps_1/acc@05 = 0.8500  
2025-02-27 17:31:11.094  val_finetune_dtvu_steps_1/acc@10 = 0.9000  
2025-02-27 17:31:11.094  val_finetune_dtvu_steps_1/acc@20 = 0.9000  
2025-02-27 17:31:11.094  
  
2025-02-27 17:31:11.139  
  
2025-02-27 17:31:11.139  [VAL_FINETUNE_DTVU_STEPS_3] epoch_55  
2025-02-27 17:31:11.139  =============================================  
2025-02-27 17:31:11.139  val_finetune_dtvu_steps_3/loss = 2.6780  
2025-02-27 17:31:11.140  val_finetune_dtvu_steps_3/acc@01 = 0.4167  
2025-02-27 17:31:11.140  val_finetune_dtvu_steps_3/acc@05 = 0.8000  
2025-02-27 17:31:11.140  val_finetune_dtvu_steps_3/acc@10 = 0.8167  
2025-02-27 17:31:11.140  val_finetune_dtvu_steps_3/acc@20 = 0.8667  
2025-02-27 17:31:11.140  
  
2025-02-27 17:31:11.517  
  
2025-02-27 17:31:11.517  [TRN] epoch_56  
2025-02-27 17:31:11.517  =============================================  
2025-02-27 17:31:11.517  trn/loss = 2.2303  
2025-02-27 17:31:11.517  trn/acc@01 = 0.4304  
2025-02-27 17:31:11.517  trn/acc@05 = 0.7464  
2025-02-27 17:31:11.517  trn/acc@10 = 0.8500  
2025-02-27 17:31:11.517  trn/acc@20 = 0.9286  
2025-02-27 17:31:11.517  
  
2025-02-27 17:31:11.554  
  
2025-02-27 17:31:11.554  [VAL_FINETUNE_DTVU_STEPS_1] epoch_56  
2025-02-27 17:31:11.554  =============================================  
2025-02-27 17:31:11.554  val_finetune_dtvu_steps_1/loss = 2.4348  
2025-02-27 17:31:11.554  val_finetune_dtvu_steps_1/acc@01 = 0.4500  
2025-02-27 17:31:11.555  val_finetune_dtvu_steps_1/acc@05 = 0.7500  
2025-02-27 17:31:11.555  val_finetune_dtvu_steps_1/acc@10 = 0.9000  
2025-02-27 17:31:11.555  val_finetune_dtvu_steps_1/acc@20 = 0.9000  
2025-02-27 17:31:11.555  
  
2025-02-27 17:31:11.596  
  
2025-02-27 17:31:11.596  [VAL_FINETUNE_DTVU_STEPS_3] epoch_56  
2025-02-27 17:31:11.597  =============================================  
2025-02-27 17:31:11.597  val_finetune_dtvu_steps_3/loss = 2.6539  
2025-02-27 17:31:11.597  val_finetune_dtvu_steps_3/acc@01 = 0.4333  
2025-02-27 17:31:11.597  val_finetune_dtvu_steps_3/acc@05 = 0.7667  
2025-02-27 17:31:11.597  val_finetune_dtvu_steps_3/acc@10 = 0.8167  
2025-02-27 17:31:11.597  val_finetune_dtvu_steps_3/acc@20 = 0.8833  
2025-02-27 17:31:11.597  
  
2025-02-27 17:31:11.915  
  
2025-02-27 17:31:11.915  [TRN] epoch_57  
2025-02-27 17:31:11.915  =============================================  
2025-02-27 17:31:11.915  trn/loss = 2.0742  
2025-02-27 17:31:11.915  trn/acc@01 = 0.4745  
2025-02-27 17:31:11.916  trn/acc@05 = 0.7681  
2025-02-27 17:31:11.916  trn/acc@10 = 0.8638  
2025-02-27 17:31:11.916  trn/acc@20 = 0.9340  
2025-02-27 17:31:11.916  
  
2025-02-27 17:31:11.955  
  
2025-02-27 17:31:11.955  [VAL_FINETUNE_DTVU_STEPS_1] epoch_57  
2025-02-27 17:31:11.955  =============================================  
2025-02-27 17:31:11.955  val_finetune_dtvu_steps_1/loss = 2.4368  
2025-02-27 17:31:11.955  val_finetune_dtvu_steps_1/acc@01 = 0.3000  
2025-02-27 17:31:11.955  val_finetune_dtvu_steps_1/acc@05 = 0.7500  
2025-02-27 17:31:11.955  val_finetune_dtvu_steps_1/acc@10 = 0.8500  
2025-02-27 17:31:11.956  val_finetune_dtvu_steps_1/acc@20 = 0.9000  
2025-02-27 17:31:11.956  
  
2025-02-27 17:31:12.002  
  
2025-02-27 17:31:12.002  [VAL_FINETUNE_DTVU_STEPS_3] epoch_57  
2025-02-27 17:31:12.002  =============================================  
2025-02-27 17:31:12.002  val_finetune_dtvu_steps_3/loss = 2.6404  
2025-02-27 17:31:12.003  val_finetune_dtvu_steps_3/acc@01 = 0.3500  
2025-02-27 17:31:12.003  val_finetune_dtvu_steps_3/acc@05 = 0.7833  
2025-02-27 17:31:12.003  val_finetune_dtvu_steps_3/acc@10 = 0.8167  
2025-02-27 17:31:12.003  val_finetune_dtvu_steps_3/acc@20 = 0.8833  
2025-02-27 17:31:12.003  
  
2025-02-27 17:31:12.364  
  
2025-02-27 17:31:12.365  [TRN] epoch_58  
2025-02-27 17:31:12.365  =============================================  
2025-02-27 17:31:12.366  trn/loss = 2.0687  
2025-02-27 17:31:12.366  trn/acc@01 = 0.4388  
2025-02-27 17:31:12.366  trn/acc@05 = 0.7592  
2025-02-27 17:31:12.367  trn/acc@10 = 0.8680  
2025-02-27 17:31:12.367  trn/acc@20 = 0.9515  
2025-02-27 17:31:12.367  
  
2025-02-27 17:31:12.406  
  
2025-02-27 17:31:12.407  [VAL_FINETUNE_DTVU_STEPS_1] epoch_58  
2025-02-27 17:31:12.407  =============================================  
2025-02-27 17:31:12.407  val_finetune_dtvu_steps_1/loss = 2.5650  
2025-02-27 17:31:12.407  val_finetune_dtvu_steps_1/acc@01 = 0.3500  
2025-02-27 17:31:12.407  val_finetune_dtvu_steps_1/acc@05 = 0.8000  
2025-02-27 17:31:12.408  val_finetune_dtvu_steps_1/acc@10 = 0.9000  
2025-02-27 17:31:12.408  val_finetune_dtvu_steps_1/acc@20 = 0.9000  
2025-02-27 17:31:12.408  
  
2025-02-27 17:31:12.444  
  
2025-02-27 17:31:12.444  [VAL_FINETUNE_DTVU_STEPS_3] epoch_58  
2025-02-27 17:31:12.444  =============================================  
2025-02-27 17:31:12.445  val_finetune_dtvu_steps_3/loss = 2.7329  
2025-02-27 17:31:12.445  val_finetune_dtvu_steps_3/acc@01 = 0.3833  
2025-02-27 17:31:12.445  val_finetune_dtvu_steps_3/acc@05 = 0.7333  
2025-02-27 17:31:12.445  val_finetune_dtvu_steps_3/acc@10 = 0.8167  
2025-02-27 17:31:12.445  val_finetune_dtvu_steps_3/acc@20 = 0.8500  
2025-02-27 17:31:12.445  
  
2025-02-27 17:31:12.771  
  
2025-02-27 17:31:12.772  [TRN] epoch_59  
2025-02-27 17:31:12.772  =============================================  
2025-02-27 17:31:12.772  trn/loss = 2.1251  
2025-02-27 17:31:12.773  trn/acc@01 = 0.4766  
2025-02-27 17:31:12.773  trn/acc@05 = 0.7720  
2025-02-27 17:31:12.773  trn/acc@10 = 0.8579  
2025-02-27 17:31:12.773  trn/acc@20 = 0.9290  
2025-02-27 17:31:12.773  
  
2025-02-27 17:31:12.822  
  
2025-02-27 17:31:12.823  [VAL_FINETUNE_DTVU_STEPS_1] epoch_59  
2025-02-27 17:31:12.823  =============================================  
2025-02-27 17:31:12.823  val_finetune_dtvu_steps_1/loss = 2.5008  
2025-02-27 17:31:12.823  val_finetune_dtvu_steps_1/acc@01 = 0.4000  
2025-02-27 17:31:12.823  val_finetune_dtvu_steps_1/acc@05 = 0.7500  
2025-02-27 17:31:12.824  val_finetune_dtvu_steps_1/acc@10 = 0.8500  
2025-02-27 17:31:12.824  val_finetune_dtvu_steps_1/acc@20 = 0.9000  
2025-02-27 17:31:12.824  
  
2025-02-27 17:31:12.873  
  
2025-02-27 17:31:12.873  [VAL_FINETUNE_DTVU_STEPS_3] epoch_59  
2025-02-27 17:31:12.874  =============================================  
2025-02-27 17:31:12.874  val_finetune_dtvu_steps_3/loss = 2.6627  
2025-02-27 17:31:12.874  val_finetune_dtvu_steps_3/acc@01 = 0.4667  
2025-02-27 17:31:12.874  val_finetune_dtvu_steps_3/acc@05 = 0.7167  
2025-02-27 17:31:12.874  val_finetune_dtvu_steps_3/acc@10 = 0.8000  
2025-02-27 17:31:12.875  val_finetune_dtvu_steps_3/acc@20 = 0.8500  
2025-02-27 17:31:12.875  
  
2025-02-27 17:31:13.233  
  
2025-02-27 17:31:13.233  [TRN] epoch_60  
2025-02-27 17:31:13.233  =============================================  
2025-02-27 17:31:13.233  trn/loss = 2.0916  
2025-02-27 17:31:13.233  trn/acc@01 = 0.4645  
2025-02-27 17:31:13.233  trn/acc@05 = 0.7914  
2025-02-27 17:31:13.233  trn/acc@10 = 0.8516  
2025-02-27 17:31:13.234  trn/acc@20 = 0.9312  
2025-02-27 17:31:13.234  
  
2025-02-27 17:31:13.267  
  
2025-02-27 17:31:13.267  [VAL_FINETUNE_DTVU_STEPS_1] epoch_60  
2025-02-27 17:31:13.267  =============================================  
2025-02-27 17:31:13.267  val_finetune_dtvu_steps_1/loss = 2.5378  
2025-02-27 17:31:13.267  val_finetune_dtvu_steps_1/acc@01 = 0.3000  
2025-02-27 17:31:13.267  val_finetune_dtvu_steps_1/acc@05 = 0.8000  
2025-02-27 17:31:13.267  val_finetune_dtvu_steps_1/acc@10 = 0.8500  
2025-02-27 17:31:13.267  val_finetune_dtvu_steps_1/acc@20 = 0.9000  
2025-02-27 17:31:13.267  
  
2025-02-27 17:31:13.302  
  
2025-02-27 17:31:13.302  [VAL_FINETUNE_DTVU_STEPS_3] epoch_60  
2025-02-27 17:31:13.302  =============================================  
2025-02-27 17:31:13.303  val_finetune_dtvu_steps_3/loss = 2.7398  
2025-02-27 17:31:13.303  val_finetune_dtvu_steps_3/acc@01 = 0.3333  
2025-02-27 17:31:13.303  val_finetune_dtvu_steps_3/acc@05 = 0.7667  
2025-02-27 17:31:13.303  val_finetune_dtvu_steps_3/acc@10 = 0.7833  
2025-02-27 17:31:13.303  val_finetune_dtvu_steps_3/acc@20 = 0.8667  
2025-02-27 17:31:13.303  
  
2025-02-27 17:31:13.605  
  
2025-02-27 17:31:13.605  [TRN] epoch_61  
2025-02-27 17:31:13.605  =============================================  
2025-02-27 17:31:13.605  trn/loss = 2.1213  
2025-02-27 17:31:13.606  trn/acc@01 = 0.4510  
2025-02-27 17:31:13.606  trn/acc@05 = 0.7902  
2025-02-27 17:31:13.606  trn/acc@10 = 0.8863  
2025-02-27 17:31:13.606  trn/acc@20 = 0.9686  
2025-02-27 17:31:13.606  
  
2025-02-27 17:31:13.645  
  
2025-02-27 17:31:13.645  [VAL_FINETUNE_DTVU_STEPS_1] epoch_61  
2025-02-27 17:31:13.645  =============================================  
2025-02-27 17:31:13.645  val_finetune_dtvu_steps_1/loss = 2.5553  
2025-02-27 17:31:13.645  val_finetune_dtvu_steps_1/acc@01 = 0.3500  
2025-02-27 17:31:13.645  val_finetune_dtvu_steps_1/acc@05 = 0.7500  
2025-02-27 17:31:13.645  val_finetune_dtvu_steps_1/acc@10 = 0.8500  
2025-02-27 17:31:13.645  val_finetune_dtvu_steps_1/acc@20 = 0.9000  
2025-02-27 17:31:13.645  
  
2025-02-27 17:31:13.684  
  
2025-02-27 17:31:13.684  [VAL_FINETUNE_DTVU_STEPS_3] epoch_61  
2025-02-27 17:31:13.684  =============================================  
2025-02-27 17:31:13.684  val_finetune_dtvu_steps_3/loss = 2.6683  
2025-02-27 17:31:13.684  val_finetune_dtvu_steps_3/acc@01 = 0.4000  
2025-02-27 17:31:13.684  val_finetune_dtvu_steps_3/acc@05 = 0.7500  
2025-02-27 17:31:13.684  val_finetune_dtvu_steps_3/acc@10 = 0.8167  
2025-02-27 17:31:13.684  val_finetune_dtvu_steps_3/acc@20 = 0.8667  
2025-02-27 17:31:13.684  
  
2025-02-27 17:31:14.003  
  
2025-02-27 17:31:14.003  [TRN] epoch_62  
2025-02-27 17:31:14.003  =============================================  
2025-02-27 17:31:14.003  trn/loss = 2.0464  
2025-02-27 17:31:14.003  trn/acc@01 = 0.4717  
2025-02-27 17:31:14.004  trn/acc@05 = 0.7696  
2025-02-27 17:31:14.004  trn/acc@10 = 0.8804  
2025-02-27 17:31:14.004  trn/acc@20 = 0.9457  
2025-02-27 17:31:14.004  
  
2025-02-27 17:31:14.038  
  
2025-02-27 17:31:14.038  [VAL_FINETUNE_DTVU_STEPS_1] epoch_62  
2025-02-27 17:31:14.038  =============================================  
2025-02-27 17:31:14.038  val_finetune_dtvu_steps_1/loss = 2.5611  
2025-02-27 17:31:14.038  val_finetune_dtvu_steps_1/acc@01 = 0.3500  
2025-02-27 17:31:14.038  val_finetune_dtvu_steps_1/acc@05 = 0.8000  
2025-02-27 17:31:14.038  val_finetune_dtvu_steps_1/acc@10 = 0.8500  
2025-02-27 17:31:14.038  val_finetune_dtvu_steps_1/acc@20 = 0.9000  
2025-02-27 17:31:14.039  
  
2025-02-27 17:31:14.077  
  
2025-02-27 17:31:14.077  [VAL_FINETUNE_DTVU_STEPS_3] epoch_62  
2025-02-27 17:31:14.077  =============================================  
2025-02-27 17:31:14.077  val_finetune_dtvu_steps_3/loss = 2.6785  
2025-02-27 17:31:14.077  val_finetune_dtvu_steps_3/acc@01 = 0.3833  
2025-02-27 17:31:14.077  val_finetune_dtvu_steps_3/acc@05 = 0.7500  
2025-02-27 17:31:14.077  val_finetune_dtvu_steps_3/acc@10 = 0.8000  
2025-02-27 17:31:14.077  val_finetune_dtvu_steps_3/acc@20 = 0.8667  
2025-02-27 17:31:14.077  
  
2025-02-27 17:31:14.411  
  
2025-02-27 17:31:14.412  [TRN] epoch_63  
2025-02-27 17:31:14.412  =============================================  
2025-02-27 17:31:14.412  trn/loss = 1.9724  
2025-02-27 17:31:14.412  trn/acc@01 = 0.4654  
2025-02-27 17:31:14.413  trn/acc@05 = 0.7832  
2025-02-27 17:31:14.413  trn/acc@10 = 0.8860  
2025-02-27 17:31:14.413  trn/acc@20 = 0.9664  
2025-02-27 17:31:14.413  
  
2025-02-27 17:31:14.447  
  
2025-02-27 17:31:14.447  [VAL_FINETUNE_DTVU_STEPS_1] epoch_63  
2025-02-27 17:31:14.447  =============================================  
2025-02-27 17:31:14.447  val_finetune_dtvu_steps_1/loss = 2.5477  
2025-02-27 17:31:14.447  val_finetune_dtvu_steps_1/acc@01 = 0.3500  
2025-02-27 17:31:14.448  val_finetune_dtvu_steps_1/acc@05 = 0.8000  
2025-02-27 17:31:14.448  val_finetune_dtvu_steps_1/acc@10 = 0.8500  
2025-02-27 17:31:14.448  val_finetune_dtvu_steps_1/acc@20 = 0.9000  
2025-02-27 17:31:14.448  
  
2025-02-27 17:31:14.484  
  
2025-02-27 17:31:14.484  [VAL_FINETUNE_DTVU_STEPS_3] epoch_63  
2025-02-27 17:31:14.485  =============================================  
2025-02-27 17:31:14.485  val_finetune_dtvu_steps_3/loss = 2.6791  
2025-02-27 17:31:14.485  val_finetune_dtvu_steps_3/acc@01 = 0.3833  
2025-02-27 17:31:14.485  val_finetune_dtvu_steps_3/acc@05 = 0.7500  
2025-02-27 17:31:14.485  val_finetune_dtvu_steps_3/acc@10 = 0.8000  
2025-02-27 17:31:14.485  val_finetune_dtvu_steps_3/acc@20 = 0.8667  
2025-02-27 17:31:14.485  
  
