2025-02-26 22:25:49.411  
  
2025-02-26 22:25:49.412  [TRN] epoch_00  
2025-02-26 22:25:49.413  =============================================  
2025-02-26 22:25:49.413  trn/loss = 5.5930  
2025-02-26 22:25:49.413  trn/acc@01 = 0.0347  
2025-02-26 22:25:49.413  trn/acc@05 = 0.1673  
2025-02-26 22:25:49.413  trn/acc@10 = 0.2551  
2025-02-26 22:25:49.413  trn/acc@20 = 0.3571  
2025-02-26 22:25:49.414  
  
2025-02-26 22:25:49.466  
  
2025-02-26 22:25:49.466  [VAL_FINETUNE_DTVU_STEPS_1] epoch_00  
2025-02-26 22:25:49.466  =============================================  
2025-02-26 22:25:49.466  val_finetune_dtvu_steps_1/loss = 4.3283  
2025-02-26 22:25:49.466  val_finetune_dtvu_steps_1/acc@01 = 0.2000  
2025-02-26 22:25:49.466  val_finetune_dtvu_steps_1/acc@05 = 0.5000  
2025-02-26 22:25:49.474  val_finetune_dtvu_steps_1/acc@10 = 0.5500  
2025-02-26 22:25:49.474  val_finetune_dtvu_steps_1/acc@20 = 0.5500  
2025-02-26 22:25:49.474  
  
2025-02-26 22:25:49.525  
  
2025-02-26 22:25:49.525  [VAL_FINETUNE_DTVU_STEPS_3] epoch_00  
2025-02-26 22:25:49.525  =============================================  
2025-02-26 22:25:49.525  val_finetune_dtvu_steps_3/loss = 4.6434  
2025-02-26 22:25:49.525  val_finetune_dtvu_steps_3/acc@01 = 0.2167  
2025-02-26 22:25:49.525  val_finetune_dtvu_steps_3/acc@05 = 0.4333  
2025-02-26 22:25:49.525  val_finetune_dtvu_steps_3/acc@10 = 0.4833  
2025-02-26 22:25:49.525  val_finetune_dtvu_steps_3/acc@20 = 0.5167  
2025-02-26 22:25:49.525  
  
2025-02-26 22:25:49.963  
  
2025-02-26 22:25:49.963  [TRN] epoch_01  
2025-02-26 22:25:49.963  =============================================  
2025-02-26 22:25:49.964  trn/loss = 4.2754  
2025-02-26 22:25:49.964  trn/acc@01 = 0.1660  
2025-02-26 22:25:49.964  trn/acc@05 = 0.4915  
2025-02-26 22:25:49.964  trn/acc@10 = 0.5894  
2025-02-26 22:25:49.964  trn/acc@20 = 0.6234  
2025-02-26 22:25:49.964  
  
2025-02-26 22:25:50.012  
  
2025-02-26 22:25:50.012  [VAL_FINETUNE_DTVU_STEPS_1] epoch_01  
2025-02-26 22:25:50.012  =============================================  
2025-02-26 22:25:50.012  val_finetune_dtvu_steps_1/loss = 3.8791  
2025-02-26 22:25:50.012  val_finetune_dtvu_steps_1/acc@01 = 0.2000  
2025-02-26 22:25:50.012  val_finetune_dtvu_steps_1/acc@05 = 0.6000  
2025-02-26 22:25:50.012  val_finetune_dtvu_steps_1/acc@10 = 0.6000  
2025-02-26 22:25:50.013  val_finetune_dtvu_steps_1/acc@20 = 0.6000  
2025-02-26 22:25:50.013  
  
2025-02-26 22:25:50.063  
  
2025-02-26 22:25:50.064  [VAL_FINETUNE_DTVU_STEPS_3] epoch_01  
2025-02-26 22:25:50.064  =============================================  
2025-02-26 22:25:50.064  val_finetune_dtvu_steps_3/loss = 4.1952  
2025-02-26 22:25:50.064  val_finetune_dtvu_steps_3/acc@01 = 0.1833  
2025-02-26 22:25:50.064  val_finetune_dtvu_steps_3/acc@05 = 0.4833  
2025-02-26 22:25:50.064  val_finetune_dtvu_steps_3/acc@10 = 0.5500  
2025-02-26 22:25:50.064  val_finetune_dtvu_steps_3/acc@20 = 0.5833  
2025-02-26 22:25:50.064  
  
2025-02-26 22:25:50.507  
  
2025-02-26 22:25:50.507  [TRN] epoch_02  
2025-02-26 22:25:50.507  =============================================  
2025-02-26 22:25:50.507  trn/loss = 3.9197  
2025-02-26 22:25:50.507  trn/acc@01 = 0.2264  
2025-02-26 22:25:50.507  trn/acc@05 = 0.5509  
2025-02-26 22:25:50.508  trn/acc@10 = 0.6434  
2025-02-26 22:25:50.508  trn/acc@20 = 0.7019  
2025-02-26 22:25:50.508  
  
2025-02-26 22:25:50.557  
  
2025-02-26 22:25:50.557  [VAL_FINETUNE_DTVU_STEPS_1] epoch_02  
2025-02-26 22:25:50.557  =============================================  
2025-02-26 22:25:50.557  val_finetune_dtvu_steps_1/loss = 4.0432  
2025-02-26 22:25:50.557  val_finetune_dtvu_steps_1/acc@01 = 0.1500  
2025-02-26 22:25:50.558  val_finetune_dtvu_steps_1/acc@05 = 0.5000  
2025-02-26 22:25:50.558  val_finetune_dtvu_steps_1/acc@10 = 0.6000  
2025-02-26 22:25:50.558  val_finetune_dtvu_steps_1/acc@20 = 0.7000  
2025-02-26 22:25:50.558  
  
2025-02-26 22:25:50.607  
  
2025-02-26 22:25:50.607  [VAL_FINETUNE_DTVU_STEPS_3] epoch_02  
2025-02-26 22:25:50.607  =============================================  
2025-02-26 22:25:50.607  val_finetune_dtvu_steps_3/loss = 4.1447  
2025-02-26 22:25:50.608  val_finetune_dtvu_steps_3/acc@01 = 0.2167  
2025-02-26 22:25:50.608  val_finetune_dtvu_steps_3/acc@05 = 0.5000  
2025-02-26 22:25:50.608  val_finetune_dtvu_steps_3/acc@10 = 0.5667  
2025-02-26 22:25:50.608  val_finetune_dtvu_steps_3/acc@20 = 0.6500  
2025-02-26 22:25:50.608  
  
2025-02-26 22:25:51.056  
  
2025-02-26 22:25:51.056  [TRN] epoch_03  
2025-02-26 22:25:51.056  =============================================  
2025-02-26 22:25:51.056  trn/loss = 3.7953  
2025-02-26 22:25:51.056  trn/acc@01 = 0.2536  
2025-02-26 22:25:51.056  trn/acc@05 = 0.5361  
2025-02-26 22:25:51.056  trn/acc@10 = 0.6515  
2025-02-26 22:25:51.056  trn/acc@20 = 0.7155  
2025-02-26 22:25:51.056  
  
2025-02-26 22:25:51.106  
  
2025-02-26 22:25:51.106  [VAL_FINETUNE_DTVU_STEPS_1] epoch_03  
2025-02-26 22:25:51.106  =============================================  
2025-02-26 22:25:51.106  val_finetune_dtvu_steps_1/loss = 4.0299  
2025-02-26 22:25:51.106  val_finetune_dtvu_steps_1/acc@01 = 0.3000  
2025-02-26 22:25:51.106  val_finetune_dtvu_steps_1/acc@05 = 0.4500  
2025-02-26 22:25:51.106  val_finetune_dtvu_steps_1/acc@10 = 0.6000  
2025-02-26 22:25:51.106  val_finetune_dtvu_steps_1/acc@20 = 0.7500  
2025-02-26 22:25:51.106  
  
2025-02-26 22:25:51.156  
  
2025-02-26 22:25:51.156  [VAL_FINETUNE_DTVU_STEPS_3] epoch_03  
2025-02-26 22:25:51.157  =============================================  
2025-02-26 22:25:51.157  val_finetune_dtvu_steps_3/loss = 4.1735  
2025-02-26 22:25:51.157  val_finetune_dtvu_steps_3/acc@01 = 0.2833  
2025-02-26 22:25:51.157  val_finetune_dtvu_steps_3/acc@05 = 0.4167  
2025-02-26 22:25:51.157  val_finetune_dtvu_steps_3/acc@10 = 0.5333  
2025-02-26 22:25:51.157  val_finetune_dtvu_steps_3/acc@20 = 0.6333  
2025-02-26 22:25:51.157  
  
2025-02-26 22:25:51.596  
  
2025-02-26 22:25:51.596  [TRN] epoch_04  
2025-02-26 22:25:51.603  =============================================  
2025-02-26 22:25:51.603  trn/loss = 3.7307  
2025-02-26 22:25:51.603  trn/acc@01 = 0.2897  
2025-02-26 22:25:51.603  trn/acc@05 = 0.5869  
2025-02-26 22:25:51.603  trn/acc@10 = 0.6822  
2025-02-26 22:25:51.603  trn/acc@20 = 0.7346  
2025-02-26 22:25:51.603  
  
2025-02-26 22:25:51.667  
  
2025-02-26 22:25:51.667  [VAL_FINETUNE_DTVU_STEPS_1] epoch_04  
2025-02-26 22:25:51.667  =============================================  
2025-02-26 22:25:51.667  val_finetune_dtvu_steps_1/loss = 3.7958  
2025-02-26 22:25:51.667  val_finetune_dtvu_steps_1/acc@01 = 0.3000  
2025-02-26 22:25:51.667  val_finetune_dtvu_steps_1/acc@05 = 0.6000  
2025-02-26 22:25:51.667  val_finetune_dtvu_steps_1/acc@10 = 0.6500  
2025-02-26 22:25:51.667  val_finetune_dtvu_steps_1/acc@20 = 0.6500  
2025-02-26 22:25:51.667  
  
2025-02-26 22:25:51.736  
  
2025-02-26 22:25:51.736  [VAL_FINETUNE_DTVU_STEPS_3] epoch_04  
2025-02-26 22:25:51.736  =============================================  
2025-02-26 22:25:51.736  val_finetune_dtvu_steps_3/loss = 3.9458  
2025-02-26 22:25:51.736  val_finetune_dtvu_steps_3/acc@01 = 0.2833  
2025-02-26 22:25:51.736  val_finetune_dtvu_steps_3/acc@05 = 0.5167  
2025-02-26 22:25:51.736  val_finetune_dtvu_steps_3/acc@10 = 0.5833  
2025-02-26 22:25:51.736  val_finetune_dtvu_steps_3/acc@20 = 0.6333  
2025-02-26 22:25:51.736  
  
2025-02-26 22:25:52.222  
  
2025-02-26 22:25:52.222  [TRN] epoch_05  
2025-02-26 22:25:52.222  =============================================  
2025-02-26 22:25:52.222  trn/loss = 3.5107  
2025-02-26 22:25:52.222  trn/acc@01 = 0.2891  
2025-02-26 22:25:52.222  trn/acc@05 = 0.5870  
2025-02-26 22:25:52.222  trn/acc@10 = 0.6913  
2025-02-26 22:25:52.222  trn/acc@20 = 0.7783  
2025-02-26 22:25:52.222  
  
2025-02-26 22:25:52.280  
  
2025-02-26 22:25:52.280  [VAL_FINETUNE_DTVU_STEPS_1] epoch_05  
2025-02-26 22:25:52.280  =============================================  
2025-02-26 22:25:52.280  val_finetune_dtvu_steps_1/loss = 3.5703  
2025-02-26 22:25:52.281  val_finetune_dtvu_steps_1/acc@01 = 0.3000  
2025-02-26 22:25:52.281  val_finetune_dtvu_steps_1/acc@05 = 0.5000  
2025-02-26 22:25:52.281  val_finetune_dtvu_steps_1/acc@10 = 0.7000  
2025-02-26 22:25:52.281  val_finetune_dtvu_steps_1/acc@20 = 0.8500  
2025-02-26 22:25:52.281  
  
2025-02-26 22:25:52.341  
  
2025-02-26 22:25:52.341  [VAL_FINETUNE_DTVU_STEPS_3] epoch_05  
2025-02-26 22:25:52.343  =============================================  
2025-02-26 22:25:52.343  val_finetune_dtvu_steps_3/loss = 3.7028  
2025-02-26 22:25:52.343  val_finetune_dtvu_steps_3/acc@01 = 0.2833  
2025-02-26 22:25:52.343  val_finetune_dtvu_steps_3/acc@05 = 0.5000  
2025-02-26 22:25:52.343  val_finetune_dtvu_steps_3/acc@10 = 0.6167  
2025-02-26 22:25:52.343  val_finetune_dtvu_steps_3/acc@20 = 0.7500  
2025-02-26 22:25:52.343  
  
2025-02-26 22:25:52.819  
  
2025-02-26 22:25:52.819  [TRN] epoch_06  
2025-02-26 22:25:52.819  =============================================  
2025-02-26 22:25:52.819  trn/loss = 3.4148  
2025-02-26 22:25:52.819  trn/acc@01 = 0.2515  
2025-02-26 22:25:52.819  trn/acc@05 = 0.5814  
2025-02-26 22:25:52.819  trn/acc@10 = 0.7010  
2025-02-26 22:25:52.819  trn/acc@20 = 0.7856  
2025-02-26 22:25:52.819  
  
2025-02-26 22:25:52.866  
  
2025-02-26 22:25:52.866  [VAL_FINETUNE_DTVU_STEPS_1] epoch_06  
2025-02-26 22:25:52.866  =============================================  
2025-02-26 22:25:52.866  val_finetune_dtvu_steps_1/loss = 3.5591  
2025-02-26 22:25:52.866  val_finetune_dtvu_steps_1/acc@01 = 0.2500  
2025-02-26 22:25:52.866  val_finetune_dtvu_steps_1/acc@05 = 0.6000  
2025-02-26 22:25:52.866  val_finetune_dtvu_steps_1/acc@10 = 0.6500  
2025-02-26 22:25:52.866  val_finetune_dtvu_steps_1/acc@20 = 0.8500  
2025-02-26 22:25:52.866  
  
2025-02-26 22:25:52.916  
  
2025-02-26 22:25:52.916  [VAL_FINETUNE_DTVU_STEPS_3] epoch_06  
2025-02-26 22:25:52.916  =============================================  
2025-02-26 22:25:52.916  val_finetune_dtvu_steps_3/loss = 3.6594  
2025-02-26 22:25:52.916  val_finetune_dtvu_steps_3/acc@01 = 0.2667  
2025-02-26 22:25:52.916  val_finetune_dtvu_steps_3/acc@05 = 0.5000  
2025-02-26 22:25:52.916  val_finetune_dtvu_steps_3/acc@10 = 0.6167  
2025-02-26 22:25:52.916  val_finetune_dtvu_steps_3/acc@20 = 0.7667  
2025-02-26 22:25:52.916  
  
2025-02-26 22:25:53.365  
  
2025-02-26 22:25:53.365  [TRN] epoch_07  
2025-02-26 22:25:53.366  =============================================  
2025-02-26 22:25:53.366  trn/loss = 3.2852  
2025-02-26 22:25:53.366  trn/acc@01 = 0.2446  
2025-02-26 22:25:53.366  trn/acc@05 = 0.5839  
2025-02-26 22:25:53.366  trn/acc@10 = 0.7107  
2025-02-26 22:25:53.366  trn/acc@20 = 0.8161  
2025-02-26 22:25:53.366  
  
2025-02-26 22:25:53.415  
  
2025-02-26 22:25:53.415  [VAL_FINETUNE_DTVU_STEPS_1] epoch_07  
2025-02-26 22:25:53.415  =============================================  
2025-02-26 22:25:53.415  val_finetune_dtvu_steps_1/loss = 3.5217  
2025-02-26 22:25:53.415  val_finetune_dtvu_steps_1/acc@01 = 0.3000  
2025-02-26 22:25:53.416  val_finetune_dtvu_steps_1/acc@05 = 0.5500  
2025-02-26 22:25:53.416  val_finetune_dtvu_steps_1/acc@10 = 0.7000  
2025-02-26 22:25:53.416  val_finetune_dtvu_steps_1/acc@20 = 0.8500  
2025-02-26 22:25:53.416  
  
2025-02-26 22:25:53.466  
  
2025-02-26 22:25:53.466  [VAL_FINETUNE_DTVU_STEPS_3] epoch_07  
2025-02-26 22:25:53.466  =============================================  
2025-02-26 22:25:53.466  val_finetune_dtvu_steps_3/loss = 3.5599  
2025-02-26 22:25:53.466  val_finetune_dtvu_steps_3/acc@01 = 0.2833  
2025-02-26 22:25:53.466  val_finetune_dtvu_steps_3/acc@05 = 0.5000  
2025-02-26 22:25:53.466  val_finetune_dtvu_steps_3/acc@10 = 0.6000  
2025-02-26 22:25:53.466  val_finetune_dtvu_steps_3/acc@20 = 0.8500  
2025-02-26 22:25:53.466  
  
2025-02-26 22:25:53.910  
  
2025-02-26 22:25:53.910  [TRN] epoch_08  
2025-02-26 22:25:53.911  =============================================  
2025-02-26 22:25:53.911  trn/loss = 3.3950  
2025-02-26 22:25:53.911  trn/acc@01 = 0.2136  
2025-02-26 22:25:53.911  trn/acc@05 = 0.5767  
2025-02-26 22:25:53.911  trn/acc@10 = 0.6854  
2025-02-26 22:25:53.911  trn/acc@20 = 0.8058  
2025-02-26 22:25:53.911  
  
2025-02-26 22:25:53.962  
  
2025-02-26 22:25:53.962  [VAL_FINETUNE_DTVU_STEPS_1] epoch_08  
2025-02-26 22:25:53.962  =============================================  
2025-02-26 22:25:53.962  val_finetune_dtvu_steps_1/loss = 3.4098  
2025-02-26 22:25:53.963  val_finetune_dtvu_steps_1/acc@01 = 0.3000  
2025-02-26 22:25:53.963  val_finetune_dtvu_steps_1/acc@05 = 0.6000  
2025-02-26 22:25:53.963  val_finetune_dtvu_steps_1/acc@10 = 0.6500  
2025-02-26 22:25:53.963  val_finetune_dtvu_steps_1/acc@20 = 0.8500  
2025-02-26 22:25:53.963  
  
2025-02-26 22:25:54.012  
  
2025-02-26 22:25:54.012  [VAL_FINETUNE_DTVU_STEPS_3] epoch_08  
2025-02-26 22:25:54.012  =============================================  
2025-02-26 22:25:54.013  val_finetune_dtvu_steps_3/loss = 3.5870  
2025-02-26 22:25:54.013  val_finetune_dtvu_steps_3/acc@01 = 0.2833  
2025-02-26 22:25:54.013  val_finetune_dtvu_steps_3/acc@05 = 0.5000  
2025-02-26 22:25:54.013  val_finetune_dtvu_steps_3/acc@10 = 0.6167  
2025-02-26 22:25:54.013  val_finetune_dtvu_steps_3/acc@20 = 0.8333  
2025-02-26 22:25:54.013  
  
2025-02-26 22:25:54.466  
  
2025-02-26 22:25:54.466  [TRN] epoch_09  
2025-02-26 22:25:54.466  =============================================  
2025-02-26 22:25:54.466  trn/loss = 3.1090  
2025-02-26 22:25:54.466  trn/acc@01 = 0.2946  
2025-02-26 22:25:54.466  trn/acc@05 = 0.6129  
2025-02-26 22:25:54.466  trn/acc@10 = 0.7699  
2025-02-26 22:25:54.466  trn/acc@20 = 0.8559  
2025-02-26 22:25:54.466  
  
2025-02-26 22:25:54.521  
  
2025-02-26 22:25:54.521  [VAL_FINETUNE_DTVU_STEPS_1] epoch_09  
2025-02-26 22:25:54.521  =============================================  
2025-02-26 22:25:54.521  val_finetune_dtvu_steps_1/loss = 3.4330  
2025-02-26 22:25:54.521  val_finetune_dtvu_steps_1/acc@01 = 0.3000  
2025-02-26 22:25:54.521  val_finetune_dtvu_steps_1/acc@05 = 0.5500  
2025-02-26 22:25:54.521  val_finetune_dtvu_steps_1/acc@10 = 0.7500  
2025-02-26 22:25:54.521  val_finetune_dtvu_steps_1/acc@20 = 0.8000  
2025-02-26 22:25:54.521  
  
2025-02-26 22:25:54.571  
  
2025-02-26 22:25:54.571  [VAL_FINETUNE_DTVU_STEPS_3] epoch_09  
2025-02-26 22:25:54.571  =============================================  
2025-02-26 22:25:54.571  val_finetune_dtvu_steps_3/loss = 3.5049  
2025-02-26 22:25:54.571  val_finetune_dtvu_steps_3/acc@01 = 0.2833  
2025-02-26 22:25:54.571  val_finetune_dtvu_steps_3/acc@05 = 0.5167  
2025-02-26 22:25:54.571  val_finetune_dtvu_steps_3/acc@10 = 0.6167  
2025-02-26 22:25:54.575  val_finetune_dtvu_steps_3/acc@20 = 0.7667  
2025-02-26 22:25:54.575  
  
2025-02-26 22:25:55.040  
  
2025-02-26 22:25:55.040  [TRN] epoch_10  
2025-02-26 22:25:55.041  =============================================  
2025-02-26 22:25:55.041  trn/loss = 3.2481  
2025-02-26 22:25:55.041  trn/acc@01 = 0.2566  
2025-02-26 22:25:55.041  trn/acc@05 = 0.5849  
2025-02-26 22:25:55.042  trn/acc@10 = 0.7019  
2025-02-26 22:25:55.042  trn/acc@20 = 0.8151  
2025-02-26 22:25:55.042  
  
2025-02-26 22:25:55.108  
  
2025-02-26 22:25:55.108  [VAL_FINETUNE_DTVU_STEPS_1] epoch_10  
2025-02-26 22:25:55.108  =============================================  
2025-02-26 22:25:55.108  val_finetune_dtvu_steps_1/loss = 3.4698  
2025-02-26 22:25:55.108  val_finetune_dtvu_steps_1/acc@01 = 0.2500  
2025-02-26 22:25:55.108  val_finetune_dtvu_steps_1/acc@05 = 0.6000  
2025-02-26 22:25:55.108  val_finetune_dtvu_steps_1/acc@10 = 0.7500  
2025-02-26 22:25:55.108  val_finetune_dtvu_steps_1/acc@20 = 0.8000  
2025-02-26 22:25:55.108  
  
2025-02-26 22:25:55.166  
  
2025-02-26 22:25:55.166  [VAL_FINETUNE_DTVU_STEPS_3] epoch_10  
2025-02-26 22:25:55.166  =============================================  
2025-02-26 22:25:55.166  val_finetune_dtvu_steps_3/loss = 3.4579  
2025-02-26 22:25:55.166  val_finetune_dtvu_steps_3/acc@01 = 0.2667  
2025-02-26 22:25:55.166  val_finetune_dtvu_steps_3/acc@05 = 0.5167  
2025-02-26 22:25:55.166  val_finetune_dtvu_steps_3/acc@10 = 0.6000  
2025-02-26 22:25:55.166  val_finetune_dtvu_steps_3/acc@20 = 0.8000  
2025-02-26 22:25:55.166  
  
2025-02-26 22:25:55.629  
  
2025-02-26 22:25:55.629  [TRN] epoch_11  
2025-02-26 22:25:55.629  =============================================  
2025-02-26 22:25:55.629  trn/loss = 3.0990  
2025-02-26 22:25:55.629  trn/acc@01 = 0.2942  
2025-02-26 22:25:55.629  trn/acc@05 = 0.6154  
2025-02-26 22:25:55.629  trn/acc@10 = 0.7481  
2025-02-26 22:25:55.629  trn/acc@20 = 0.8558  
2025-02-26 22:25:55.629  
  
2025-02-26 22:25:55.679  
  
2025-02-26 22:25:55.680  [VAL_FINETUNE_DTVU_STEPS_1] epoch_11  
2025-02-26 22:25:55.680  =============================================  
2025-02-26 22:25:55.680  val_finetune_dtvu_steps_1/loss = 3.3913  
2025-02-26 22:25:55.680  val_finetune_dtvu_steps_1/acc@01 = 0.3000  
2025-02-26 22:25:55.680  val_finetune_dtvu_steps_1/acc@05 = 0.6000  
2025-02-26 22:25:55.680  val_finetune_dtvu_steps_1/acc@10 = 0.7500  
2025-02-26 22:25:55.680  val_finetune_dtvu_steps_1/acc@20 = 0.8500  
2025-02-26 22:25:55.680  
  
2025-02-26 22:25:55.732  
  
2025-02-26 22:25:55.732  [VAL_FINETUNE_DTVU_STEPS_3] epoch_11  
2025-02-26 22:25:55.732  =============================================  
2025-02-26 22:25:55.732  val_finetune_dtvu_steps_3/loss = 3.5836  
2025-02-26 22:25:55.732  val_finetune_dtvu_steps_3/acc@01 = 0.2833  
2025-02-26 22:25:55.732  val_finetune_dtvu_steps_3/acc@05 = 0.5000  
2025-02-26 22:25:55.733  val_finetune_dtvu_steps_3/acc@10 = 0.6167  
2025-02-26 22:25:55.733  val_finetune_dtvu_steps_3/acc@20 = 0.8333  
2025-02-26 22:25:55.733  
  
2025-02-26 22:25:56.156  
  
2025-02-26 22:25:56.156  [TRN] epoch_12  
2025-02-26 22:25:56.156  =============================================  
2025-02-26 22:25:56.156  trn/loss = 3.1477  
2025-02-26 22:25:56.156  trn/acc@01 = 0.2737  
2025-02-26 22:25:56.156  trn/acc@05 = 0.5832  
2025-02-26 22:25:56.156  trn/acc@10 = 0.7116  
2025-02-26 22:25:56.156  trn/acc@20 = 0.8232  
2025-02-26 22:25:56.156  
  
2025-02-26 22:25:56.207  
  
2025-02-26 22:25:56.207  [VAL_FINETUNE_DTVU_STEPS_1] epoch_12  
2025-02-26 22:25:56.207  =============================================  
2025-02-26 22:25:56.207  val_finetune_dtvu_steps_1/loss = 3.3168  
2025-02-26 22:25:56.207  val_finetune_dtvu_steps_1/acc@01 = 0.3000  
2025-02-26 22:25:56.207  val_finetune_dtvu_steps_1/acc@05 = 0.6000  
2025-02-26 22:25:56.207  val_finetune_dtvu_steps_1/acc@10 = 0.7500  
2025-02-26 22:25:56.207  val_finetune_dtvu_steps_1/acc@20 = 0.8500  
2025-02-26 22:25:56.207  
  
2025-02-26 22:25:56.257  
  
2025-02-26 22:25:56.257  [VAL_FINETUNE_DTVU_STEPS_3] epoch_12  
2025-02-26 22:25:56.259  =============================================  
2025-02-26 22:25:56.259  val_finetune_dtvu_steps_3/loss = 3.4111  
2025-02-26 22:25:56.259  val_finetune_dtvu_steps_3/acc@01 = 0.2833  
2025-02-26 22:25:56.259  val_finetune_dtvu_steps_3/acc@05 = 0.5333  
2025-02-26 22:25:56.259  val_finetune_dtvu_steps_3/acc@10 = 0.6167  
2025-02-26 22:25:56.259  val_finetune_dtvu_steps_3/acc@20 = 0.8167  
2025-02-26 22:25:56.259  
  
2025-02-26 22:25:56.722  
  
2025-02-26 22:25:56.722  [TRN] epoch_13  
2025-02-26 22:25:56.725  =============================================  
2025-02-26 22:25:56.725  trn/loss = 3.0547  
2025-02-26 22:25:56.725  trn/acc@01 = 0.2491  
2025-02-26 22:25:56.725  trn/acc@05 = 0.5925  
2025-02-26 22:25:56.725  trn/acc@10 = 0.7132  
2025-02-26 22:25:56.726  trn/acc@20 = 0.8509  
2025-02-26 22:25:56.726  
  
2025-02-26 22:25:56.776  
  
2025-02-26 22:25:56.776  [VAL_FINETUNE_DTVU_STEPS_1] epoch_13  
2025-02-26 22:25:56.776  =============================================  
2025-02-26 22:25:56.776  val_finetune_dtvu_steps_1/loss = 3.2996  
2025-02-26 22:25:56.776  val_finetune_dtvu_steps_1/acc@01 = 0.3000  
2025-02-26 22:25:56.776  val_finetune_dtvu_steps_1/acc@05 = 0.6000  
2025-02-26 22:25:56.776  val_finetune_dtvu_steps_1/acc@10 = 0.7000  
2025-02-26 22:25:56.776  val_finetune_dtvu_steps_1/acc@20 = 0.8000  
2025-02-26 22:25:56.776  
  
2025-02-26 22:25:56.827  
  
2025-02-26 22:25:56.827  [VAL_FINETUNE_DTVU_STEPS_3] epoch_13  
2025-02-26 22:25:56.827  =============================================  
2025-02-26 22:25:56.827  val_finetune_dtvu_steps_3/loss = 3.4497  
2025-02-26 22:25:56.827  val_finetune_dtvu_steps_3/acc@01 = 0.2833  
2025-02-26 22:25:56.827  val_finetune_dtvu_steps_3/acc@05 = 0.5000  
2025-02-26 22:25:56.827  val_finetune_dtvu_steps_3/acc@10 = 0.6333  
2025-02-26 22:25:56.827  val_finetune_dtvu_steps_3/acc@20 = 0.7667  
2025-02-26 22:25:56.827  
  
2025-02-26 22:25:57.391  
  
2025-02-26 22:25:57.391  [TRN] epoch_14  
2025-02-26 22:25:57.391  =============================================  
2025-02-26 22:25:57.391  trn/loss = 3.0832  
2025-02-26 22:25:57.391  trn/acc@01 = 0.2351  
2025-02-26 22:25:57.391  trn/acc@05 = 0.6082  
2025-02-26 22:25:57.391  trn/acc@10 = 0.7155  
2025-02-26 22:25:57.391  trn/acc@20 = 0.8495  
2025-02-26 22:25:57.391  
  
2025-02-26 22:25:57.436  
  
2025-02-26 22:25:57.436  [VAL_FINETUNE_DTVU_STEPS_1] epoch_14  
2025-02-26 22:25:57.436  =============================================  
2025-02-26 22:25:57.436  val_finetune_dtvu_steps_1/loss = 3.4623  
2025-02-26 22:25:57.436  val_finetune_dtvu_steps_1/acc@01 = 0.3000  
2025-02-26 22:25:57.436  val_finetune_dtvu_steps_1/acc@05 = 0.6000  
2025-02-26 22:25:57.436  val_finetune_dtvu_steps_1/acc@10 = 0.6500  
2025-02-26 22:25:57.436  val_finetune_dtvu_steps_1/acc@20 = 0.7500  
2025-02-26 22:25:57.436  
  
2025-02-26 22:25:57.487  
  
2025-02-26 22:25:57.487  [VAL_FINETUNE_DTVU_STEPS_3] epoch_14  
2025-02-26 22:25:57.487  =============================================  
2025-02-26 22:25:57.487  val_finetune_dtvu_steps_3/loss = 3.4362  
2025-02-26 22:25:57.487  val_finetune_dtvu_steps_3/acc@01 = 0.2833  
2025-02-26 22:25:57.487  val_finetune_dtvu_steps_3/acc@05 = 0.5000  
2025-02-26 22:25:57.487  val_finetune_dtvu_steps_3/acc@10 = 0.6167  
2025-02-26 22:25:57.487  val_finetune_dtvu_steps_3/acc@20 = 0.7500  
2025-02-26 22:25:57.487  
  
2025-02-26 22:25:57.910  
  
2025-02-26 22:25:57.910  [TRN] epoch_15  
2025-02-26 22:25:57.910  =============================================  
2025-02-26 22:25:57.910  trn/loss = 3.0649  
2025-02-26 22:25:57.912  trn/acc@01 = 0.2667  
2025-02-26 22:25:57.912  trn/acc@05 = 0.6323  
2025-02-26 22:25:57.912  trn/acc@10 = 0.7414  
2025-02-26 22:25:57.912  trn/acc@20 = 0.8303  
2025-02-26 22:25:57.912  
  
2025-02-26 22:25:57.959  
  
2025-02-26 22:25:57.959  [VAL_FINETUNE_DTVU_STEPS_1] epoch_15  
2025-02-26 22:25:57.959  =============================================  
2025-02-26 22:25:57.959  val_finetune_dtvu_steps_1/loss = 3.5396  
2025-02-26 22:25:57.959  val_finetune_dtvu_steps_1/acc@01 = 0.2000  
2025-02-26 22:25:57.959  val_finetune_dtvu_steps_1/acc@05 = 0.6000  
2025-02-26 22:25:57.959  val_finetune_dtvu_steps_1/acc@10 = 0.7000  
2025-02-26 22:25:57.959  val_finetune_dtvu_steps_1/acc@20 = 0.8000  
2025-02-26 22:25:57.959  
  
2025-02-26 22:25:58.007  
  
2025-02-26 22:25:58.007  [VAL_FINETUNE_DTVU_STEPS_3] epoch_15  
2025-02-26 22:25:58.007  =============================================  
2025-02-26 22:25:58.007  val_finetune_dtvu_steps_3/loss = 3.4959  
2025-02-26 22:25:58.007  val_finetune_dtvu_steps_3/acc@01 = 0.2500  
2025-02-26 22:25:58.007  val_finetune_dtvu_steps_3/acc@05 = 0.5167  
2025-02-26 22:25:58.007  val_finetune_dtvu_steps_3/acc@10 = 0.6333  
2025-02-26 22:25:58.007  val_finetune_dtvu_steps_3/acc@20 = 0.8000  
2025-02-26 22:25:58.007  
  
2025-02-26 22:25:58.427  
  
2025-02-26 22:25:58.431  [TRN] epoch_16  
2025-02-26 22:25:58.431  =============================================  
2025-02-26 22:25:58.431  trn/loss = 3.1003  
2025-02-26 22:25:58.431  trn/acc@01 = 0.2949  
2025-02-26 22:25:58.431  trn/acc@05 = 0.6081  
2025-02-26 22:25:58.431  trn/acc@10 = 0.7232  
2025-02-26 22:25:58.431  trn/acc@20 = 0.8505  
2025-02-26 22:25:58.431  
  
2025-02-26 22:25:58.477  
  
2025-02-26 22:25:58.477  [VAL_FINETUNE_DTVU_STEPS_1] epoch_16  
2025-02-26 22:25:58.477  =============================================  
2025-02-26 22:25:58.477  val_finetune_dtvu_steps_1/loss = 3.3636  
2025-02-26 22:25:58.477  val_finetune_dtvu_steps_1/acc@01 = 0.2500  
2025-02-26 22:25:58.477  val_finetune_dtvu_steps_1/acc@05 = 0.6000  
2025-02-26 22:25:58.477  val_finetune_dtvu_steps_1/acc@10 = 0.7500  
2025-02-26 22:25:58.477  val_finetune_dtvu_steps_1/acc@20 = 0.7500  
2025-02-26 22:25:58.477  
  
2025-02-26 22:25:58.526  
  
2025-02-26 22:25:58.526  [VAL_FINETUNE_DTVU_STEPS_3] epoch_16  
2025-02-26 22:25:58.526  =============================================  
2025-02-26 22:25:58.526  val_finetune_dtvu_steps_3/loss = 3.4730  
2025-02-26 22:25:58.526  val_finetune_dtvu_steps_3/acc@01 = 0.2667  
2025-02-26 22:25:58.526  val_finetune_dtvu_steps_3/acc@05 = 0.5333  
2025-02-26 22:25:58.526  val_finetune_dtvu_steps_3/acc@10 = 0.6667  
2025-02-26 22:25:58.526  val_finetune_dtvu_steps_3/acc@20 = 0.7833  
2025-02-26 22:25:58.526  
  
2025-02-26 22:25:58.946  
  
2025-02-26 22:25:58.946  [TRN] epoch_17  
2025-02-26 22:25:58.946  =============================================  
2025-02-26 22:25:58.946  trn/loss = 2.9460  
2025-02-26 22:25:58.946  trn/acc@01 = 0.2981  
2025-02-26 22:25:58.946  trn/acc@05 = 0.6204  
2025-02-26 22:25:58.946  trn/acc@10 = 0.7556  
2025-02-26 22:25:58.946  trn/acc@20 = 0.8741  
2025-02-26 22:25:58.946  
  
2025-02-26 22:25:58.996  
  
2025-02-26 22:25:58.996  [VAL_FINETUNE_DTVU_STEPS_1] epoch_17  
2025-02-26 22:25:58.996  =============================================  
2025-02-26 22:25:58.996  val_finetune_dtvu_steps_1/loss = 3.5684  
2025-02-26 22:25:58.996  val_finetune_dtvu_steps_1/acc@01 = 0.3000  
2025-02-26 22:25:58.996  val_finetune_dtvu_steps_1/acc@05 = 0.5500  
2025-02-26 22:25:58.996  val_finetune_dtvu_steps_1/acc@10 = 0.6500  
2025-02-26 22:25:58.996  val_finetune_dtvu_steps_1/acc@20 = 0.7500  
2025-02-26 22:25:58.996  
  
2025-02-26 22:25:59.047  
  
2025-02-26 22:25:59.047  [VAL_FINETUNE_DTVU_STEPS_3] epoch_17  
2025-02-26 22:25:59.047  =============================================  
2025-02-26 22:25:59.047  val_finetune_dtvu_steps_3/loss = 3.5005  
2025-02-26 22:25:59.047  val_finetune_dtvu_steps_3/acc@01 = 0.2833  
2025-02-26 22:25:59.047  val_finetune_dtvu_steps_3/acc@05 = 0.5167  
2025-02-26 22:25:59.047  val_finetune_dtvu_steps_3/acc@10 = 0.6667  
2025-02-26 22:25:59.049  val_finetune_dtvu_steps_3/acc@20 = 0.7833  
2025-02-26 22:25:59.049  
  
2025-02-26 22:25:59.466  
  
2025-02-26 22:25:59.466  [TRN] epoch_18  
2025-02-26 22:25:59.466  =============================================  
2025-02-26 22:25:59.466  trn/loss = 2.9645  
2025-02-26 22:25:59.466  trn/acc@01 = 0.2893  
2025-02-26 22:25:59.466  trn/acc@05 = 0.6196  
2025-02-26 22:25:59.466  trn/acc@10 = 0.7268  
2025-02-26 22:25:59.466  trn/acc@20 = 0.8464  
2025-02-26 22:25:59.466  
  
2025-02-26 22:25:59.521  
  
2025-02-26 22:25:59.521  [VAL_FINETUNE_DTVU_STEPS_1] epoch_18  
2025-02-26 22:25:59.521  =============================================  
2025-02-26 22:25:59.521  val_finetune_dtvu_steps_1/loss = 3.3877  
2025-02-26 22:25:59.521  val_finetune_dtvu_steps_1/acc@01 = 0.3000  
2025-02-26 22:25:59.521  val_finetune_dtvu_steps_1/acc@05 = 0.6000  
2025-02-26 22:25:59.521  val_finetune_dtvu_steps_1/acc@10 = 0.6500  
2025-02-26 22:25:59.521  val_finetune_dtvu_steps_1/acc@20 = 0.8000  
2025-02-26 22:25:59.521  
  
2025-02-26 22:25:59.568  
  
2025-02-26 22:25:59.568  [VAL_FINETUNE_DTVU_STEPS_3] epoch_18  
2025-02-26 22:25:59.568  =============================================  
2025-02-26 22:25:59.568  val_finetune_dtvu_steps_3/loss = 3.3898  
2025-02-26 22:25:59.568  val_finetune_dtvu_steps_3/acc@01 = 0.3000  
2025-02-26 22:25:59.568  val_finetune_dtvu_steps_3/acc@05 = 0.5000  
2025-02-26 22:25:59.568  val_finetune_dtvu_steps_3/acc@10 = 0.6167  
2025-02-26 22:25:59.568  val_finetune_dtvu_steps_3/acc@20 = 0.8000  
2025-02-26 22:25:59.568  
  
2025-02-26 22:25:59.991  
  
2025-02-26 22:25:59.991  [TRN] epoch_19  
2025-02-26 22:25:59.991  =============================================  
2025-02-26 22:25:59.991  trn/loss = 3.0345  
2025-02-26 22:25:59.991  trn/acc@01 = 0.2549  
2025-02-26 22:25:59.991  trn/acc@05 = 0.5980  
2025-02-26 22:25:59.991  trn/acc@10 = 0.7176  
2025-02-26 22:25:59.991  trn/acc@20 = 0.8510  
2025-02-26 22:25:59.991  
  
2025-02-26 22:26:00.037  
  
2025-02-26 22:26:00.037  [VAL_FINETUNE_DTVU_STEPS_1] epoch_19  
2025-02-26 22:26:00.037  =============================================  
2025-02-26 22:26:00.037  val_finetune_dtvu_steps_1/loss = 3.4072  
2025-02-26 22:26:00.037  val_finetune_dtvu_steps_1/acc@01 = 0.3000  
2025-02-26 22:26:00.037  val_finetune_dtvu_steps_1/acc@05 = 0.5500  
2025-02-26 22:26:00.037  val_finetune_dtvu_steps_1/acc@10 = 0.7000  
2025-02-26 22:26:00.037  val_finetune_dtvu_steps_1/acc@20 = 0.7500  
2025-02-26 22:26:00.037  
  
2025-02-26 22:26:00.086  
  
2025-02-26 22:26:00.086  [VAL_FINETUNE_DTVU_STEPS_3] epoch_19  
2025-02-26 22:26:00.086  =============================================  
2025-02-26 22:26:00.086  val_finetune_dtvu_steps_3/loss = 3.5477  
2025-02-26 22:26:00.086  val_finetune_dtvu_steps_3/acc@01 = 0.2833  
2025-02-26 22:26:00.086  val_finetune_dtvu_steps_3/acc@05 = 0.4833  
2025-02-26 22:26:00.086  val_finetune_dtvu_steps_3/acc@10 = 0.6333  
2025-02-26 22:26:00.086  val_finetune_dtvu_steps_3/acc@20 = 0.7833  
2025-02-26 22:26:00.086  
  
2025-02-26 22:26:00.517  
  
2025-02-26 22:26:00.517  [TRN] epoch_20  
2025-02-26 22:26:00.517  =============================================  
2025-02-26 22:26:00.517  trn/loss = 2.9660  
2025-02-26 22:26:00.517  trn/acc@01 = 0.2524  
2025-02-26 22:26:00.517  trn/acc@05 = 0.6155  
2025-02-26 22:26:00.517  trn/acc@10 = 0.7340  
2025-02-26 22:26:00.517  trn/acc@20 = 0.8544  
2025-02-26 22:26:00.517  
  
2025-02-26 22:26:00.567  
  
2025-02-26 22:26:00.567  [VAL_FINETUNE_DTVU_STEPS_1] epoch_20  
2025-02-26 22:26:00.567  =============================================  
2025-02-26 22:26:00.567  val_finetune_dtvu_steps_1/loss = 3.3377  
2025-02-26 22:26:00.567  val_finetune_dtvu_steps_1/acc@01 = 0.3000  
2025-02-26 22:26:00.567  val_finetune_dtvu_steps_1/acc@05 = 0.5500  
2025-02-26 22:26:00.567  val_finetune_dtvu_steps_1/acc@10 = 0.7000  
2025-02-26 22:26:00.567  val_finetune_dtvu_steps_1/acc@20 = 0.8000  
2025-02-26 22:26:00.567  
  
2025-02-26 22:26:00.619  
  
2025-02-26 22:26:00.619  [VAL_FINETUNE_DTVU_STEPS_3] epoch_20  
2025-02-26 22:26:00.619  =============================================  
2025-02-26 22:26:00.619  val_finetune_dtvu_steps_3/loss = 3.3317  
2025-02-26 22:26:00.619  val_finetune_dtvu_steps_3/acc@01 = 0.2833  
2025-02-26 22:26:00.619  val_finetune_dtvu_steps_3/acc@05 = 0.5000  
2025-02-26 22:26:00.619  val_finetune_dtvu_steps_3/acc@10 = 0.6333  
2025-02-26 22:26:00.619  val_finetune_dtvu_steps_3/acc@20 = 0.8000  
2025-02-26 22:26:00.619  
  
2025-02-26 22:26:01.046  
  
2025-02-26 22:26:01.046  [TRN] epoch_21  
2025-02-26 22:26:01.046  =============================================  
2025-02-26 22:26:01.046  trn/loss = 2.9899  
2025-02-26 22:26:01.046  trn/acc@01 = 0.2514  
2025-02-26 22:26:01.046  trn/acc@05 = 0.5982  
2025-02-26 22:26:01.046  trn/acc@10 = 0.7321  
2025-02-26 22:26:01.046  trn/acc@20 = 0.8514  
2025-02-26 22:26:01.046  
  
2025-02-26 22:26:01.096  
  
2025-02-26 22:26:01.096  [VAL_FINETUNE_DTVU_STEPS_1] epoch_21  
2025-02-26 22:26:01.096  =============================================  
2025-02-26 22:26:01.096  val_finetune_dtvu_steps_1/loss = 3.5455  
2025-02-26 22:26:01.096  val_finetune_dtvu_steps_1/acc@01 = 0.2500  
2025-02-26 22:26:01.097  val_finetune_dtvu_steps_1/acc@05 = 0.5500  
2025-02-26 22:26:01.097  val_finetune_dtvu_steps_1/acc@10 = 0.6500  
2025-02-26 22:26:01.097  val_finetune_dtvu_steps_1/acc@20 = 0.8000  
2025-02-26 22:26:01.097  
  
2025-02-26 22:26:01.146  
  
2025-02-26 22:26:01.146  [VAL_FINETUNE_DTVU_STEPS_3] epoch_21  
2025-02-26 22:26:01.146  =============================================  
2025-02-26 22:26:01.146  val_finetune_dtvu_steps_3/loss = 3.4321  
2025-02-26 22:26:01.146  val_finetune_dtvu_steps_3/acc@01 = 0.2667  
2025-02-26 22:26:01.146  val_finetune_dtvu_steps_3/acc@05 = 0.4833  
2025-02-26 22:26:01.146  val_finetune_dtvu_steps_3/acc@10 = 0.6167  
2025-02-26 22:26:01.146  val_finetune_dtvu_steps_3/acc@20 = 0.8167  
2025-02-26 22:26:01.146  
  
2025-02-26 22:26:01.559  
  
2025-02-26 22:26:01.559  [TRN] epoch_22  
2025-02-26 22:26:01.565  =============================================  
2025-02-26 22:26:01.565  trn/loss = 2.9830  
2025-02-26 22:26:01.565  trn/acc@01 = 0.2653  
2025-02-26 22:26:01.565  trn/acc@05 = 0.5959  
2025-02-26 22:26:01.565  trn/acc@10 = 0.7143  
2025-02-26 22:26:01.565  trn/acc@20 = 0.8367  
2025-02-26 22:26:01.565  
  
2025-02-26 22:26:01.607  
  
2025-02-26 22:26:01.607  [VAL_FINETUNE_DTVU_STEPS_1] epoch_22  
2025-02-26 22:26:01.607  =============================================  
2025-02-26 22:26:01.607  val_finetune_dtvu_steps_1/loss = 3.5386  
2025-02-26 22:26:01.607  val_finetune_dtvu_steps_1/acc@01 = 0.2500  
2025-02-26 22:26:01.607  val_finetune_dtvu_steps_1/acc@05 = 0.5500  
2025-02-26 22:26:01.607  val_finetune_dtvu_steps_1/acc@10 = 0.6500  
2025-02-26 22:26:01.607  val_finetune_dtvu_steps_1/acc@20 = 0.7500  
2025-02-26 22:26:01.607  
  
2025-02-26 22:26:01.660  
  
2025-02-26 22:26:01.660  [VAL_FINETUNE_DTVU_STEPS_3] epoch_22  
2025-02-26 22:26:01.660  =============================================  
2025-02-26 22:26:01.660  val_finetune_dtvu_steps_3/loss = 3.3481  
2025-02-26 22:26:01.660  val_finetune_dtvu_steps_3/acc@01 = 0.2500  
2025-02-26 22:26:01.660  val_finetune_dtvu_steps_3/acc@05 = 0.5000  
2025-02-26 22:26:01.660  val_finetune_dtvu_steps_3/acc@10 = 0.6667  
2025-02-26 22:26:01.660  val_finetune_dtvu_steps_3/acc@20 = 0.7833  
2025-02-26 22:26:01.660  
  
2025-02-26 22:26:02.077  
  
2025-02-26 22:26:02.077  [TRN] epoch_23  
2025-02-26 22:26:02.077  =============================================  
2025-02-26 22:26:02.077  trn/loss = 2.9302  
2025-02-26 22:26:02.077  trn/acc@01 = 0.2844  
2025-02-26 22:26:02.077  trn/acc@05 = 0.6133  
2025-02-26 22:26:02.077  trn/acc@10 = 0.7400  
2025-02-26 22:26:02.077  trn/acc@20 = 0.8511  
2025-02-26 22:26:02.077  
  
2025-02-26 22:26:02.126  
  
2025-02-26 22:26:02.126  [VAL_FINETUNE_DTVU_STEPS_1] epoch_23  
2025-02-26 22:26:02.126  =============================================  
2025-02-26 22:26:02.126  val_finetune_dtvu_steps_1/loss = 3.4946  
2025-02-26 22:26:02.126  val_finetune_dtvu_steps_1/acc@01 = 0.3000  
2025-02-26 22:26:02.126  val_finetune_dtvu_steps_1/acc@05 = 0.5500  
2025-02-26 22:26:02.126  val_finetune_dtvu_steps_1/acc@10 = 0.6500  
2025-02-26 22:26:02.126  val_finetune_dtvu_steps_1/acc@20 = 0.8000  
2025-02-26 22:26:02.126  
  
2025-02-26 22:26:02.185  
  
2025-02-26 22:26:02.186  [VAL_FINETUNE_DTVU_STEPS_3] epoch_23  
2025-02-26 22:26:02.186  =============================================  
2025-02-26 22:26:02.186  val_finetune_dtvu_steps_3/loss = 3.5103  
2025-02-26 22:26:02.186  val_finetune_dtvu_steps_3/acc@01 = 0.2833  
2025-02-26 22:26:02.186  val_finetune_dtvu_steps_3/acc@05 = 0.4667  
2025-02-26 22:26:02.186  val_finetune_dtvu_steps_3/acc@10 = 0.6833  
2025-02-26 22:26:02.186  val_finetune_dtvu_steps_3/acc@20 = 0.7667  
2025-02-26 22:26:02.186  
  
2025-02-26 22:26:02.616  
  
2025-02-26 22:26:02.616  [TRN] epoch_24  
2025-02-26 22:26:02.616  =============================================  
2025-02-26 22:26:02.616  trn/loss = 3.0053  
2025-02-26 22:26:02.616  trn/acc@01 = 0.2784  
2025-02-26 22:26:02.616  trn/acc@05 = 0.6289  
2025-02-26 22:26:02.616  trn/acc@10 = 0.7608  
2025-02-26 22:26:02.616  trn/acc@20 = 0.8557  
2025-02-26 22:26:02.616  
  
2025-02-26 22:26:02.671  
  
2025-02-26 22:26:02.671  [VAL_FINETUNE_DTVU_STEPS_1] epoch_24  
2025-02-26 22:26:02.671  =============================================  
2025-02-26 22:26:02.671  val_finetune_dtvu_steps_1/loss = 3.7033  
2025-02-26 22:26:02.671  val_finetune_dtvu_steps_1/acc@01 = 0.2000  
2025-02-26 22:26:02.671  val_finetune_dtvu_steps_1/acc@05 = 0.5500  
2025-02-26 22:26:02.675  val_finetune_dtvu_steps_1/acc@10 = 0.6000  
2025-02-26 22:26:02.675  val_finetune_dtvu_steps_1/acc@20 = 0.8000  
2025-02-26 22:26:02.675  
  
2025-02-26 22:26:02.733  
  
2025-02-26 22:26:02.733  [VAL_FINETUNE_DTVU_STEPS_3] epoch_24  
2025-02-26 22:26:02.733  =============================================  
2025-02-26 22:26:02.733  val_finetune_dtvu_steps_3/loss = 3.5227  
2025-02-26 22:26:02.733  val_finetune_dtvu_steps_3/acc@01 = 0.2500  
2025-02-26 22:26:02.733  val_finetune_dtvu_steps_3/acc@05 = 0.4833  
2025-02-26 22:26:02.733  val_finetune_dtvu_steps_3/acc@10 = 0.6000  
2025-02-26 22:26:02.733  val_finetune_dtvu_steps_3/acc@20 = 0.7833  
2025-02-26 22:26:02.733  
  
2025-02-26 22:26:03.176  
  
2025-02-26 22:26:03.176  [TRN] epoch_25  
2025-02-26 22:26:03.176  =============================================  
2025-02-26 22:26:03.176  trn/loss = 2.8679  
2025-02-26 22:26:03.176  trn/acc@01 = 0.2860  
2025-02-26 22:26:03.176  trn/acc@05 = 0.6243  
2025-02-26 22:26:03.176  trn/acc@10 = 0.7477  
2025-02-26 22:26:03.176  trn/acc@20 = 0.8935  
2025-02-26 22:26:03.176  
  
2025-02-26 22:26:03.236  
  
2025-02-26 22:26:03.236  [VAL_FINETUNE_DTVU_STEPS_1] epoch_25  
2025-02-26 22:26:03.236  =============================================  
2025-02-26 22:26:03.236  val_finetune_dtvu_steps_1/loss = 3.5574  
2025-02-26 22:26:03.236  val_finetune_dtvu_steps_1/acc@01 = 0.2500  
2025-02-26 22:26:03.236  val_finetune_dtvu_steps_1/acc@05 = 0.5000  
2025-02-26 22:26:03.236  val_finetune_dtvu_steps_1/acc@10 = 0.5500  
2025-02-26 22:26:03.236  val_finetune_dtvu_steps_1/acc@20 = 0.7500  
2025-02-26 22:26:03.236  
  
2025-02-26 22:26:03.286  
  
2025-02-26 22:26:03.286  [VAL_FINETUNE_DTVU_STEPS_3] epoch_25  
2025-02-26 22:26:03.286  =============================================  
2025-02-26 22:26:03.286  val_finetune_dtvu_steps_3/loss = 3.4722  
2025-02-26 22:26:03.286  val_finetune_dtvu_steps_3/acc@01 = 0.2833  
2025-02-26 22:26:03.286  val_finetune_dtvu_steps_3/acc@05 = 0.4667  
2025-02-26 22:26:03.286  val_finetune_dtvu_steps_3/acc@10 = 0.5833  
2025-02-26 22:26:03.286  val_finetune_dtvu_steps_3/acc@20 = 0.7333  
2025-02-26 22:26:03.286  
  
2025-02-26 22:26:03.717  
  
2025-02-26 22:26:03.725  [TRN] epoch_26  
2025-02-26 22:26:03.725  =============================================  
2025-02-26 22:26:03.726  trn/loss = 2.7961  
2025-02-26 22:26:03.726  trn/acc@01 = 0.3385  
2025-02-26 22:26:03.726  trn/acc@05 = 0.6374  
2025-02-26 22:26:03.726  trn/acc@10 = 0.7626  
2025-02-26 22:26:03.726  trn/acc@20 = 0.8615  
2025-02-26 22:26:03.726  
  
2025-02-26 22:26:03.776  
  
2025-02-26 22:26:03.776  [VAL_FINETUNE_DTVU_STEPS_1] epoch_26  
2025-02-26 22:26:03.776  =============================================  
2025-02-26 22:26:03.776  val_finetune_dtvu_steps_1/loss = 3.6720  
2025-02-26 22:26:03.776  val_finetune_dtvu_steps_1/acc@01 = 0.2000  
2025-02-26 22:26:03.776  val_finetune_dtvu_steps_1/acc@05 = 0.6000  
2025-02-26 22:26:03.776  val_finetune_dtvu_steps_1/acc@10 = 0.6000  
2025-02-26 22:26:03.776  val_finetune_dtvu_steps_1/acc@20 = 0.8500  
2025-02-26 22:26:03.776  
  
2025-02-26 22:26:03.827  
  
2025-02-26 22:26:03.827  [VAL_FINETUNE_DTVU_STEPS_3] epoch_26  
2025-02-26 22:26:03.827  =============================================  
2025-02-26 22:26:03.827  val_finetune_dtvu_steps_3/loss = 3.5077  
2025-02-26 22:26:03.827  val_finetune_dtvu_steps_3/acc@01 = 0.1833  
2025-02-26 22:26:03.827  val_finetune_dtvu_steps_3/acc@05 = 0.5333  
2025-02-26 22:26:03.827  val_finetune_dtvu_steps_3/acc@10 = 0.6167  
2025-02-26 22:26:03.827  val_finetune_dtvu_steps_3/acc@20 = 0.7833  
2025-02-26 22:26:03.827  
  
2025-02-26 22:26:04.276  
  
2025-02-26 22:26:04.276  [TRN] epoch_27  
2025-02-26 22:26:04.276  =============================================  
2025-02-26 22:26:04.276  trn/loss = 3.0452  
2025-02-26 22:26:04.276  trn/acc@01 = 0.2436  
2025-02-26 22:26:04.276  trn/acc@05 = 0.5941  
2025-02-26 22:26:04.276  trn/acc@10 = 0.7188  
2025-02-26 22:26:04.276  trn/acc@20 = 0.8535  
2025-02-26 22:26:04.276  
  
2025-02-26 22:26:04.326  
  
2025-02-26 22:26:04.326  [VAL_FINETUNE_DTVU_STEPS_1] epoch_27  
2025-02-26 22:26:04.326  =============================================  
2025-02-26 22:26:04.326  val_finetune_dtvu_steps_1/loss = 3.6942  
2025-02-26 22:26:04.326  val_finetune_dtvu_steps_1/acc@01 = 0.2000  
2025-02-26 22:26:04.326  val_finetune_dtvu_steps_1/acc@05 = 0.5500  
2025-02-26 22:26:04.326  val_finetune_dtvu_steps_1/acc@10 = 0.6500  
2025-02-26 22:26:04.326  val_finetune_dtvu_steps_1/acc@20 = 0.7500  
2025-02-26 22:26:04.326  
  
2025-02-26 22:26:04.386  
  
2025-02-26 22:26:04.386  [VAL_FINETUNE_DTVU_STEPS_3] epoch_27  
2025-02-26 22:26:04.386  =============================================  
2025-02-26 22:26:04.386  val_finetune_dtvu_steps_3/loss = 3.5649  
2025-02-26 22:26:04.386  val_finetune_dtvu_steps_3/acc@01 = 0.2500  
2025-02-26 22:26:04.386  val_finetune_dtvu_steps_3/acc@05 = 0.4833  
2025-02-26 22:26:04.386  val_finetune_dtvu_steps_3/acc@10 = 0.5500  
2025-02-26 22:26:04.386  val_finetune_dtvu_steps_3/acc@20 = 0.7500  
2025-02-26 22:26:04.386  
  
2025-02-26 22:26:04.828  
  
2025-02-26 22:26:04.828  [TRN] epoch_28  
2025-02-26 22:26:04.828  =============================================  
2025-02-26 22:26:04.828  trn/loss = 2.8341  
2025-02-26 22:26:04.828  trn/acc@01 = 0.3208  
2025-02-26 22:26:04.828  trn/acc@05 = 0.6614  
2025-02-26 22:26:04.828  trn/acc@10 = 0.7782  
2025-02-26 22:26:04.828  trn/acc@20 = 0.8634  
2025-02-26 22:26:04.828  
  
2025-02-26 22:26:04.882  
  
2025-02-26 22:26:04.882  [VAL_FINETUNE_DTVU_STEPS_1] epoch_28  
2025-02-26 22:26:04.882  =============================================  
2025-02-26 22:26:04.882  val_finetune_dtvu_steps_1/loss = 3.4909  
2025-02-26 22:26:04.882  val_finetune_dtvu_steps_1/acc@01 = 0.3000  
2025-02-26 22:26:04.882  val_finetune_dtvu_steps_1/acc@05 = 0.6000  
2025-02-26 22:26:04.882  val_finetune_dtvu_steps_1/acc@10 = 0.6500  
2025-02-26 22:26:04.882  val_finetune_dtvu_steps_1/acc@20 = 0.7500  
2025-02-26 22:26:04.882  
  
2025-02-26 22:26:04.938  
  
2025-02-26 22:26:04.938  [VAL_FINETUNE_DTVU_STEPS_3] epoch_28  
2025-02-26 22:26:04.938  =============================================  
2025-02-26 22:26:04.938  val_finetune_dtvu_steps_3/loss = 3.3741  
2025-02-26 22:26:04.938  val_finetune_dtvu_steps_3/acc@01 = 0.3000  
2025-02-26 22:26:04.938  val_finetune_dtvu_steps_3/acc@05 = 0.4833  
2025-02-26 22:26:04.938  val_finetune_dtvu_steps_3/acc@10 = 0.6167  
2025-02-26 22:26:04.938  val_finetune_dtvu_steps_3/acc@20 = 0.7833  
2025-02-26 22:26:04.938  
  
2025-02-26 22:26:05.387  
  
2025-02-26 22:26:05.387  [TRN] epoch_29  
2025-02-26 22:26:05.387  =============================================  
2025-02-26 22:26:05.387  trn/loss = 2.8784  
2025-02-26 22:26:05.395  trn/acc@01 = 0.2635  
2025-02-26 22:26:05.395  trn/acc@05 = 0.6212  
2025-02-26 22:26:05.395  trn/acc@10 = 0.7615  
2025-02-26 22:26:05.395  trn/acc@20 = 0.8827  
2025-02-26 22:26:05.395  
  
2025-02-26 22:26:05.450  
  
2025-02-26 22:26:05.450  [VAL_FINETUNE_DTVU_STEPS_1] epoch_29  
2025-02-26 22:26:05.450  =============================================  
2025-02-26 22:26:05.450  val_finetune_dtvu_steps_1/loss = 3.4100  
2025-02-26 22:26:05.450  val_finetune_dtvu_steps_1/acc@01 = 0.3000  
2025-02-26 22:26:05.450  val_finetune_dtvu_steps_1/acc@05 = 0.6000  
2025-02-26 22:26:05.450  val_finetune_dtvu_steps_1/acc@10 = 0.6500  
2025-02-26 22:26:05.450  val_finetune_dtvu_steps_1/acc@20 = 0.8000  
2025-02-26 22:26:05.450  
  
2025-02-26 22:26:05.508  
  
2025-02-26 22:26:05.508  [VAL_FINETUNE_DTVU_STEPS_3] epoch_29  
2025-02-26 22:26:05.508  =============================================  
2025-02-26 22:26:05.508  val_finetune_dtvu_steps_3/loss = 3.4271  
2025-02-26 22:26:05.508  val_finetune_dtvu_steps_3/acc@01 = 0.2833  
2025-02-26 22:26:05.508  val_finetune_dtvu_steps_3/acc@05 = 0.5167  
2025-02-26 22:26:05.508  val_finetune_dtvu_steps_3/acc@10 = 0.6167  
2025-02-26 22:26:05.508  val_finetune_dtvu_steps_3/acc@20 = 0.7833  
2025-02-26 22:26:05.508  
  
2025-02-26 22:26:05.962  
  
2025-02-26 22:26:05.962  [TRN] epoch_30  
2025-02-26 22:26:05.962  =============================================  
2025-02-26 22:26:05.962  trn/loss = 2.9267  
2025-02-26 22:26:05.963  trn/acc@01 = 0.2471  
2025-02-26 22:26:05.963  trn/acc@05 = 0.6314  
2025-02-26 22:26:05.963  trn/acc@10 = 0.7588  
2025-02-26 22:26:05.963  trn/acc@20 = 0.8706  
2025-02-26 22:26:05.963  
  
2025-02-26 22:26:06.012  
  
2025-02-26 22:26:06.012  [VAL_FINETUNE_DTVU_STEPS_1] epoch_30  
2025-02-26 22:26:06.012  =============================================  
2025-02-26 22:26:06.012  val_finetune_dtvu_steps_1/loss = 3.4482  
2025-02-26 22:26:06.012  val_finetune_dtvu_steps_1/acc@01 = 0.2000  
2025-02-26 22:26:06.012  val_finetune_dtvu_steps_1/acc@05 = 0.6000  
2025-02-26 22:26:06.012  val_finetune_dtvu_steps_1/acc@10 = 0.6500  
2025-02-26 22:26:06.012  val_finetune_dtvu_steps_1/acc@20 = 0.8500  
2025-02-26 22:26:06.012  
  
2025-02-26 22:26:06.070  
  
2025-02-26 22:26:06.070  [VAL_FINETUNE_DTVU_STEPS_3] epoch_30  
2025-02-26 22:26:06.070  =============================================  
2025-02-26 22:26:06.070  val_finetune_dtvu_steps_3/loss = 3.4825  
2025-02-26 22:26:06.072  val_finetune_dtvu_steps_3/acc@01 = 0.2167  
2025-02-26 22:26:06.072  val_finetune_dtvu_steps_3/acc@05 = 0.5333  
2025-02-26 22:26:06.072  val_finetune_dtvu_steps_3/acc@10 = 0.5667  
2025-02-26 22:26:06.072  val_finetune_dtvu_steps_3/acc@20 = 0.7833  
2025-02-26 22:26:06.072  
  
2025-02-26 22:26:06.503  
  
2025-02-26 22:26:06.503  [TRN] epoch_31  
2025-02-26 22:26:06.503  =============================================  
2025-02-26 22:26:06.503  trn/loss = 2.8719  
2025-02-26 22:26:06.503  trn/acc@01 = 0.3000  
2025-02-26 22:26:06.511  trn/acc@05 = 0.6180  
2025-02-26 22:26:06.511  trn/acc@10 = 0.7520  
2025-02-26 22:26:06.511  trn/acc@20 = 0.8480  
2025-02-26 22:26:06.511  
  
2025-02-26 22:26:06.561  
  
2025-02-26 22:26:06.561  [VAL_FINETUNE_DTVU_STEPS_1] epoch_31  
2025-02-26 22:26:06.561  =============================================  
2025-02-26 22:26:06.561  val_finetune_dtvu_steps_1/loss = 3.5363  
2025-02-26 22:26:06.561  val_finetune_dtvu_steps_1/acc@01 = 0.2500  
2025-02-26 22:26:06.561  val_finetune_dtvu_steps_1/acc@05 = 0.5500  
2025-02-26 22:26:06.561  val_finetune_dtvu_steps_1/acc@10 = 0.6000  
2025-02-26 22:26:06.561  val_finetune_dtvu_steps_1/acc@20 = 0.7000  
2025-02-26 22:26:06.561  
  
2025-02-26 22:26:06.622  
  
2025-02-26 22:26:06.622  [VAL_FINETUNE_DTVU_STEPS_3] epoch_31  
2025-02-26 22:26:06.622  =============================================  
2025-02-26 22:26:06.622  val_finetune_dtvu_steps_3/loss = 3.3253  
2025-02-26 22:26:06.622  val_finetune_dtvu_steps_3/acc@01 = 0.2833  
2025-02-26 22:26:06.622  val_finetune_dtvu_steps_3/acc@05 = 0.5167  
2025-02-26 22:26:06.622  val_finetune_dtvu_steps_3/acc@10 = 0.6667  
2025-02-26 22:26:06.622  val_finetune_dtvu_steps_3/acc@20 = 0.7667  
2025-02-26 22:26:06.622  
  
2025-02-26 22:26:07.061  
  
2025-02-26 22:26:07.061  [TRN] epoch_32  
2025-02-26 22:26:07.061  =============================================  
2025-02-26 22:26:07.061  trn/loss = 2.8811  
2025-02-26 22:26:07.061  trn/acc@01 = 0.2932  
2025-02-26 22:26:07.061  trn/acc@05 = 0.6272  
2025-02-26 22:26:07.061  trn/acc@10 = 0.7728  
2025-02-26 22:26:07.061  trn/acc@20 = 0.8621  
2025-02-26 22:26:07.061  
  
2025-02-26 22:26:07.116  
  
2025-02-26 22:26:07.116  [VAL_FINETUNE_DTVU_STEPS_1] epoch_32  
2025-02-26 22:26:07.116  =============================================  
2025-02-26 22:26:07.116  val_finetune_dtvu_steps_1/loss = 3.8507  
2025-02-26 22:26:07.116  val_finetune_dtvu_steps_1/acc@01 = 0.3000  
2025-02-26 22:26:07.116  val_finetune_dtvu_steps_1/acc@05 = 0.5000  
2025-02-26 22:26:07.116  val_finetune_dtvu_steps_1/acc@10 = 0.5500  
2025-02-26 22:26:07.116  val_finetune_dtvu_steps_1/acc@20 = 0.7000  
2025-02-26 22:26:07.116  
  
2025-02-26 22:26:07.173  
  
2025-02-26 22:26:07.173  [VAL_FINETUNE_DTVU_STEPS_3] epoch_32  
2025-02-26 22:26:07.173  =============================================  
2025-02-26 22:26:07.173  val_finetune_dtvu_steps_3/loss = 3.6720  
2025-02-26 22:26:07.173  val_finetune_dtvu_steps_3/acc@01 = 0.2833  
2025-02-26 22:26:07.173  val_finetune_dtvu_steps_3/acc@05 = 0.4833  
2025-02-26 22:26:07.173  val_finetune_dtvu_steps_3/acc@10 = 0.6333  
2025-02-26 22:26:07.173  val_finetune_dtvu_steps_3/acc@20 = 0.7000  
2025-02-26 22:26:07.173  
  
2025-02-26 22:26:07.623  
  
2025-02-26 22:26:07.623  [TRN] epoch_33  
2025-02-26 22:26:07.623  =============================================  
2025-02-26 22:26:07.623  trn/loss = 3.0691  
2025-02-26 22:26:07.623  trn/acc@01 = 0.2784  
2025-02-26 22:26:07.623  trn/acc@05 = 0.5980  
2025-02-26 22:26:07.623  trn/acc@10 = 0.7314  
2025-02-26 22:26:07.623  trn/acc@20 = 0.8451  
2025-02-26 22:26:07.623  
  
2025-02-26 22:26:07.672  
  
2025-02-26 22:26:07.672  [VAL_FINETUNE_DTVU_STEPS_1] epoch_33  
2025-02-26 22:26:07.672  =============================================  
2025-02-26 22:26:07.672  val_finetune_dtvu_steps_1/loss = 4.0190  
2025-02-26 22:26:07.672  val_finetune_dtvu_steps_1/acc@01 = 0.1500  
2025-02-26 22:26:07.672  val_finetune_dtvu_steps_1/acc@05 = 0.5500  
2025-02-26 22:26:07.672  val_finetune_dtvu_steps_1/acc@10 = 0.6000  
2025-02-26 22:26:07.672  val_finetune_dtvu_steps_1/acc@20 = 0.7000  
2025-02-26 22:26:07.672  
  
2025-02-26 22:26:07.732  
  
2025-02-26 22:26:07.732  [VAL_FINETUNE_DTVU_STEPS_3] epoch_33  
2025-02-26 22:26:07.732  =============================================  
2025-02-26 22:26:07.732  val_finetune_dtvu_steps_3/loss = 3.5455  
2025-02-26 22:26:07.732  val_finetune_dtvu_steps_3/acc@01 = 0.1667  
2025-02-26 22:26:07.732  val_finetune_dtvu_steps_3/acc@05 = 0.5000  
2025-02-26 22:26:07.732  val_finetune_dtvu_steps_3/acc@10 = 0.6833  
2025-02-26 22:26:07.732  val_finetune_dtvu_steps_3/acc@20 = 0.7667  
2025-02-26 22:26:07.732  
  
2025-02-26 22:26:08.183  
  
2025-02-26 22:26:08.183  [TRN] epoch_34  
2025-02-26 22:26:08.183  =============================================  
2025-02-26 22:26:08.183  trn/loss = 2.8054  
2025-02-26 22:26:08.183  trn/acc@01 = 0.2812  
2025-02-26 22:26:08.183  trn/acc@05 = 0.6554  
2025-02-26 22:26:08.183  trn/acc@10 = 0.7485  
2025-02-26 22:26:08.183  trn/acc@20 = 0.8594  
2025-02-26 22:26:08.183  
  
2025-02-26 22:26:08.243  
  
2025-02-26 22:26:08.243  [VAL_FINETUNE_DTVU_STEPS_1] epoch_34  
2025-02-26 22:26:08.243  =============================================  
2025-02-26 22:26:08.243  val_finetune_dtvu_steps_1/loss = 3.6985  
2025-02-26 22:26:08.243  val_finetune_dtvu_steps_1/acc@01 = 0.3000  
2025-02-26 22:26:08.243  val_finetune_dtvu_steps_1/acc@05 = 0.5500  
2025-02-26 22:26:08.243  val_finetune_dtvu_steps_1/acc@10 = 0.6000  
2025-02-26 22:26:08.243  val_finetune_dtvu_steps_1/acc@20 = 0.7000  
2025-02-26 22:26:08.243  
  
2025-02-26 22:26:08.292  
  
2025-02-26 22:26:08.292  [VAL_FINETUNE_DTVU_STEPS_3] epoch_34  
2025-02-26 22:26:08.292  =============================================  
2025-02-26 22:26:08.292  val_finetune_dtvu_steps_3/loss = 3.5890  
2025-02-26 22:26:08.292  val_finetune_dtvu_steps_3/acc@01 = 0.3000  
2025-02-26 22:26:08.292  val_finetune_dtvu_steps_3/acc@05 = 0.4500  
2025-02-26 22:26:08.292  val_finetune_dtvu_steps_3/acc@10 = 0.6500  
2025-02-26 22:26:08.292  val_finetune_dtvu_steps_3/acc@20 = 0.7500  
2025-02-26 22:26:08.292  
  
2025-02-26 22:26:08.742  
  
2025-02-26 22:26:08.745  [TRN] epoch_35  
2025-02-26 22:26:08.745  =============================================  
2025-02-26 22:26:08.745  trn/loss = 2.7829  
2025-02-26 22:26:08.745  trn/acc@01 = 0.2747  
2025-02-26 22:26:08.745  trn/acc@05 = 0.6525  
2025-02-26 22:26:08.745  trn/acc@10 = 0.7475  
2025-02-26 22:26:08.745  trn/acc@20 = 0.8626  
2025-02-26 22:26:08.745  
  
2025-02-26 22:26:08.798  
  
2025-02-26 22:26:08.798  [VAL_FINETUNE_DTVU_STEPS_1] epoch_35  
2025-02-26 22:26:08.798  =============================================  
2025-02-26 22:26:08.798  val_finetune_dtvu_steps_1/loss = 3.4872  
2025-02-26 22:26:08.798  val_finetune_dtvu_steps_1/acc@01 = 0.2500  
2025-02-26 22:26:08.798  val_finetune_dtvu_steps_1/acc@05 = 0.5500  
2025-02-26 22:26:08.798  val_finetune_dtvu_steps_1/acc@10 = 0.6500  
2025-02-26 22:26:08.798  val_finetune_dtvu_steps_1/acc@20 = 0.7500  
2025-02-26 22:26:08.798  
  
2025-02-26 22:26:08.852  
  
2025-02-26 22:26:08.852  [VAL_FINETUNE_DTVU_STEPS_3] epoch_35  
2025-02-26 22:26:08.852  =============================================  
2025-02-26 22:26:08.852  val_finetune_dtvu_steps_3/loss = 3.3757  
2025-02-26 22:26:08.852  val_finetune_dtvu_steps_3/acc@01 = 0.2500  
2025-02-26 22:26:08.852  val_finetune_dtvu_steps_3/acc@05 = 0.5167  
2025-02-26 22:26:08.852  val_finetune_dtvu_steps_3/acc@10 = 0.6167  
2025-02-26 22:26:08.852  val_finetune_dtvu_steps_3/acc@20 = 0.7667  
2025-02-26 22:26:08.852  
  
2025-02-26 22:26:09.272  
  
2025-02-26 22:26:09.272  [TRN] epoch_36  
2025-02-26 22:26:09.272  =============================================  
2025-02-26 22:26:09.272  trn/loss = 2.8922  
2025-02-26 22:26:09.272  trn/acc@01 = 0.2667  
2025-02-26 22:26:09.272  trn/acc@05 = 0.6373  
2025-02-26 22:26:09.272  trn/acc@10 = 0.7451  
2025-02-26 22:26:09.272  trn/acc@20 = 0.8784  
2025-02-26 22:26:09.272  
  
2025-02-26 22:26:09.322  
  
2025-02-26 22:26:09.322  [VAL_FINETUNE_DTVU_STEPS_1] epoch_36  
2025-02-26 22:26:09.322  =============================================  
2025-02-26 22:26:09.322  val_finetune_dtvu_steps_1/loss = 3.5467  
2025-02-26 22:26:09.322  val_finetune_dtvu_steps_1/acc@01 = 0.2000  
2025-02-26 22:26:09.322  val_finetune_dtvu_steps_1/acc@05 = 0.5500  
2025-02-26 22:26:09.322  val_finetune_dtvu_steps_1/acc@10 = 0.6000  
2025-02-26 22:26:09.322  val_finetune_dtvu_steps_1/acc@20 = 0.8000  
2025-02-26 22:26:09.322  
  
2025-02-26 22:26:09.372  
  
2025-02-26 22:26:09.372  [VAL_FINETUNE_DTVU_STEPS_3] epoch_36  
2025-02-26 22:26:09.372  =============================================  
2025-02-26 22:26:09.372  val_finetune_dtvu_steps_3/loss = 3.3175  
2025-02-26 22:26:09.372  val_finetune_dtvu_steps_3/acc@01 = 0.2667  
2025-02-26 22:26:09.372  val_finetune_dtvu_steps_3/acc@05 = 0.5000  
2025-02-26 22:26:09.372  val_finetune_dtvu_steps_3/acc@10 = 0.6500  
2025-02-26 22:26:09.373  val_finetune_dtvu_steps_3/acc@20 = 0.8167  
2025-02-26 22:26:09.373  
  
2025-02-26 22:26:09.792  
  
2025-02-26 22:26:09.792  [TRN] epoch_37  
2025-02-26 22:26:09.792  =============================================  
2025-02-26 22:26:09.792  trn/loss = 2.8593  
2025-02-26 22:26:09.792  trn/acc@01 = 0.2544  
2025-02-26 22:26:09.792  trn/acc@05 = 0.6350  
2025-02-26 22:26:09.792  trn/acc@10 = 0.7359  
2025-02-26 22:26:09.792  trn/acc@20 = 0.8544  
2025-02-26 22:26:09.792  
  
2025-02-26 22:26:09.843  
  
2025-02-26 22:26:09.843  [VAL_FINETUNE_DTVU_STEPS_1] epoch_37  
2025-02-26 22:26:09.843  =============================================  
2025-02-26 22:26:09.843  val_finetune_dtvu_steps_1/loss = 3.6280  
2025-02-26 22:26:09.843  val_finetune_dtvu_steps_1/acc@01 = 0.3000  
2025-02-26 22:26:09.843  val_finetune_dtvu_steps_1/acc@05 = 0.5500  
2025-02-26 22:26:09.843  val_finetune_dtvu_steps_1/acc@10 = 0.6000  
2025-02-26 22:26:09.843  val_finetune_dtvu_steps_1/acc@20 = 0.7000  
2025-02-26 22:26:09.843  
  
2025-02-26 22:26:09.892  
  
2025-02-26 22:26:09.892  [VAL_FINETUNE_DTVU_STEPS_3] epoch_37  
2025-02-26 22:26:09.892  =============================================  
2025-02-26 22:26:09.892  val_finetune_dtvu_steps_3/loss = 3.4153  
2025-02-26 22:26:09.892  val_finetune_dtvu_steps_3/acc@01 = 0.2833  
2025-02-26 22:26:09.892  val_finetune_dtvu_steps_3/acc@05 = 0.5333  
2025-02-26 22:26:09.897  val_finetune_dtvu_steps_3/acc@10 = 0.6667  
2025-02-26 22:26:09.897  val_finetune_dtvu_steps_3/acc@20 = 0.7833  
2025-02-26 22:26:09.897  
  
2025-02-26 22:26:10.321  
  
2025-02-26 22:26:10.321  [TRN] epoch_38  
2025-02-26 22:26:10.321  =============================================  
2025-02-26 22:26:10.322  trn/loss = 2.8968  
2025-02-26 22:26:10.322  trn/acc@01 = 0.2835  
2025-02-26 22:26:10.322  trn/acc@05 = 0.6400  
2025-02-26 22:26:10.322  trn/acc@10 = 0.7565  
2025-02-26 22:26:10.322  trn/acc@20 = 0.8696  
2025-02-26 22:26:10.322  
  
2025-02-26 22:26:10.369  
  
2025-02-26 22:26:10.371  [VAL_FINETUNE_DTVU_STEPS_1] epoch_38  
2025-02-26 22:26:10.371  =============================================  
2025-02-26 22:26:10.371  val_finetune_dtvu_steps_1/loss = 3.3100  
2025-02-26 22:26:10.371  val_finetune_dtvu_steps_1/acc@01 = 0.3500  
2025-02-26 22:26:10.371  val_finetune_dtvu_steps_1/acc@05 = 0.5000  
2025-02-26 22:26:10.371  val_finetune_dtvu_steps_1/acc@10 = 0.6500  
2025-02-26 22:26:10.371  val_finetune_dtvu_steps_1/acc@20 = 0.6500  
2025-02-26 22:26:10.371  
  
2025-02-26 22:26:10.418  
  
2025-02-26 22:26:10.418  [VAL_FINETUNE_DTVU_STEPS_3] epoch_38  
2025-02-26 22:26:10.418  =============================================  
2025-02-26 22:26:10.418  val_finetune_dtvu_steps_3/loss = 3.2274  
2025-02-26 22:26:10.418  val_finetune_dtvu_steps_3/acc@01 = 0.2833  
2025-02-26 22:26:10.418  val_finetune_dtvu_steps_3/acc@05 = 0.5000  
2025-02-26 22:26:10.418  val_finetune_dtvu_steps_3/acc@10 = 0.6833  
2025-02-26 22:26:10.418  val_finetune_dtvu_steps_3/acc@20 = 0.7667  
2025-02-26 22:26:10.418  
  
2025-02-26 22:26:10.837  
  
2025-02-26 22:26:10.837  [TRN] epoch_39  
2025-02-26 22:26:10.837  =============================================  
2025-02-26 22:26:10.837  trn/loss = 2.7116  
2025-02-26 22:26:10.837  trn/acc@01 = 0.3162  
2025-02-26 22:26:10.837  trn/acc@05 = 0.6667  
2025-02-26 22:26:10.837  trn/acc@10 = 0.7867  
2025-02-26 22:26:10.841  trn/acc@20 = 0.8838  
2025-02-26 22:26:10.841  
  
2025-02-26 22:26:10.883  
  
2025-02-26 22:26:10.883  [VAL_FINETUNE_DTVU_STEPS_1] epoch_39  
2025-02-26 22:26:10.883  =============================================  
2025-02-26 22:26:10.883  val_finetune_dtvu_steps_1/loss = 3.4069  
2025-02-26 22:26:10.883  val_finetune_dtvu_steps_1/acc@01 = 0.3500  
2025-02-26 22:26:10.883  val_finetune_dtvu_steps_1/acc@05 = 0.5500  
2025-02-26 22:26:10.883  val_finetune_dtvu_steps_1/acc@10 = 0.6500  
2025-02-26 22:26:10.883  val_finetune_dtvu_steps_1/acc@20 = 0.7500  
2025-02-26 22:26:10.883  
  
2025-02-26 22:26:10.933  
  
2025-02-26 22:26:10.933  [VAL_FINETUNE_DTVU_STEPS_3] epoch_39  
2025-02-26 22:26:10.933  =============================================  
2025-02-26 22:26:10.933  val_finetune_dtvu_steps_3/loss = 3.2428  
2025-02-26 22:26:10.933  val_finetune_dtvu_steps_3/acc@01 = 0.2833  
2025-02-26 22:26:10.933  val_finetune_dtvu_steps_3/acc@05 = 0.5500  
2025-02-26 22:26:10.933  val_finetune_dtvu_steps_3/acc@10 = 0.6833  
2025-02-26 22:26:10.933  val_finetune_dtvu_steps_3/acc@20 = 0.7667  
2025-02-26 22:26:10.933  
  
